#
# There is insufficient memory for the Java Runtime Environment to continue.
# Native memory allocation (malloc) failed to allocate 32744 bytes for ChunkPool::allocate
# Possible reasons:
#   The system is out of physical RAM or swap space
#   The process is running with CompressedOops enabled, and the Java Heap may be blocking the growth of the native heap
# Possible solutions:
#   Reduce memory load on the system
#   Increase physical memory or swap space
#   Check if swap backing store is full
#   Decrease Java heap size (-Xmx/-Xms)
#   Decrease number of Java threads
#   Decrease Java thread stack sizes (-Xss)
#   Set larger code cache with -XX:ReservedCodeCacheSize=
#   JVM is running with Unscaled Compressed Oops mode in which the Java heap is
#     placed in the first 4GB address space. The Java Heap base address is the
#     maximum limit for the native heap growth. Please use -XX:HeapBaseMinAddress
#     to set the Java Heap base and to place the Java Heap above 4GB virtual address.
# This output file may be truncated or incomplete.
#
#  Out of Memory Error (./src/hotspot/share/memory/arena.cpp:81), pid=24668, tid=23260
#
# JRE version: OpenJDK Runtime Environment (11.0.10) (build 11.0.10+0-b96-7249189)
# Java VM: OpenJDK 64-Bit Server VM (11.0.10+0-b96-7249189, mixed mode, tiered, compressed oops, g1 gc, windows-amd64)
# No core dump will be written. Minidumps are not enabled by default on client versions of Windows
#

---------------  S U M M A R Y ------------

Command Line: --add-opens=java.base/java.util=ALL-UNNAMED --add-opens=java.base/java.lang=ALL-UNNAMED --add-opens=java.base/java.lang.invoke=ALL-UNNAMED --add-opens=java.base/java.util=ALL-UNNAMED --add-opens=java.prefs/java.util.prefs=ALL-UNNAMED --add-opens=java.prefs/java.util.prefs=ALL-UNNAMED --add-opens=java.base/java.nio.charset=ALL-UNNAMED --add-opens=java.base/java.net=ALL-UNNAMED --add-opens=java.base/java.util.concurrent.atomic=ALL-UNNAMED -Xmx2048m -Dfile.encoding=UTF-8 -Duser.country=IN -Duser.language=en -Duser.variant org.gradle.launcher.daemon.bootstrap.GradleDaemon 7.0.2

Host: AMD Ryzen 5 3500U with Radeon Vega Mobile Gfx  , 8 cores, 5G,  Windows 10 , 64 bit Build 19041 (10.0.19041.1348)
Time: Tue Dec 14 03:28:14 2021 India Standard Time elapsed time: 5.421953 seconds (0d 0h 0m 5s)

---------------  T H R E A D  ---------------

Current thread (0x0000021c3e48a000):  JavaThread "C2 CompilerThread0" daemon [_thread_in_native, id=23260, stack(0x0000009d51400000,0x0000009d51500000)]


Current CompileTask:
C2:   5422 2431       4       jdk.internal.ref.PhantomCleanable::clean (16 bytes)

Stack: [0x0000009d51400000,0x0000009d51500000]
Native frames: (J=compiled Java code, j=interpreted, Vv=VM code, C=native code)
V  [jvm.dll+0x5ecfaa]
V  [jvm.dll+0x722bd5]
V  [jvm.dll+0x72412d]
V  [jvm.dll+0x7247e3]
V  [jvm.dll+0x242928]
V  [jvm.dll+0xbc75b]
V  [jvm.dll+0xbca0c]
V  [jvm.dll+0xbc608]
V  [jvm.dll+0x5cd2ee]
V  [jvm.dll+0x846d8]
V  [jvm.dll+0x336bb9]
V  [jvm.dll+0x33c0ed]
V  [jvm.dll+0x332767]
V  [jvm.dll+0x338c38]
V  [jvm.dll+0x187540]
V  [jvm.dll+0x60d3b3]
V  [jvm.dll+0x6084f6]
V  [jvm.dll+0x601fea]
V  [jvm.dll+0x601653]
V  [jvm.dll+0x5ff6a2]
V  [jvm.dll+0x185d3c]
V  [jvm.dll+0x2b40b3]
V  [jvm.dll+0x60a0f9]
V  [jvm.dll+0x601fea]
V  [jvm.dll+0x601653]
V  [jvm.dll+0x5ff6a2]
V  [jvm.dll+0x185d3c]
V  [jvm.dll+0x1fa515]
V  [jvm.dll+0x18354c]
V  [jvm.dll+0x208ee7]
V  [jvm.dll+0x207731]
V  [jvm.dll+0x6eb1cf]
V  [jvm.dll+0x6e3d45]
V  [jvm.dll+0x5ebe96]
C  [ucrtbase.dll+0x21bb2]
C  [KERNEL32.DLL+0x17034]
C  [ntdll.dll+0x52651]


---------------  P R O C E S S  ---------------

Threads class SMR info:
_java_thread_list=0x0000021c4235f570, length=31, elements={
0x0000021c2378c800, 0x0000021c3dc20800, 0x0000021c3dc19000, 0x0000021c3e47f800,
0x0000021c3e481000, 0x0000021c3e483000, 0x0000021c3e48a000, 0x0000021c3e48e800,
0x0000021c3e498000, 0x0000021c3e5ec800, 0x0000021c3e6e7800, 0x0000021c407ee000,
0x0000021c407ef800, 0x0000021c407f2000, 0x0000021c407f0800, 0x0000021c407ef000,
0x0000021c407f1800, 0x0000021c407f3000, 0x0000021c407ed800, 0x0000021c407f4000,
0x0000021c41a13000, 0x0000021c41a18800, 0x0000021c41a19800, 0x0000021c41a14000,
0x0000021c41a1a800, 0x0000021c41a14800, 0x0000021c41a18000, 0x0000021c41a1b000,
0x0000021c41a15800, 0x0000021c41a1c000, 0x0000021c41a16800
}

Java Threads: ( => current thread )
  0x0000021c2378c800 JavaThread "main" [_thread_blocked, id=26196, stack(0x0000009d50800000,0x0000009d50900000)]
  0x0000021c3dc20800 JavaThread "Reference Handler" daemon [_thread_blocked, id=14700, stack(0x0000009d50f00000,0x0000009d51000000)]
  0x0000021c3dc19000 JavaThread "Finalizer" daemon [_thread_blocked, id=28316, stack(0x0000009d51000000,0x0000009d51100000)]
  0x0000021c3e47f800 JavaThread "Signal Dispatcher" daemon [_thread_blocked, id=9808, stack(0x0000009d51100000,0x0000009d51200000)]
  0x0000021c3e481000 JavaThread "Attach Listener" daemon [_thread_blocked, id=956, stack(0x0000009d51200000,0x0000009d51300000)]
  0x0000021c3e483000 JavaThread "Service Thread" daemon [_thread_blocked, id=26640, stack(0x0000009d51300000,0x0000009d51400000)]
=>0x0000021c3e48a000 JavaThread "C2 CompilerThread0" daemon [_thread_in_native, id=23260, stack(0x0000009d51400000,0x0000009d51500000)]
  0x0000021c3e48e800 JavaThread "C1 CompilerThread0" daemon [_thread_blocked, id=28020, stack(0x0000009d51500000,0x0000009d51600000)]
  0x0000021c3e498000 JavaThread "Sweeper thread" daemon [_thread_blocked, id=28216, stack(0x0000009d51600000,0x0000009d51700000)]
  0x0000021c3e5ec800 JavaThread "Common-Cleaner" daemon [_thread_blocked, id=26972, stack(0x0000009d51700000,0x0000009d51800000)]
  0x0000021c3e6e7800 JavaThread "C2 CompilerThread1" daemon [_thread_in_native, id=20516, stack(0x0000009d51900000,0x0000009d51a00000)]
  0x0000021c407ee000 JavaThread "Daemon health stats" [_thread_blocked, id=26524, stack(0x0000009d51a00000,0x0000009d51b00000)]
  0x0000021c407ef800 JavaThread "Incoming local TCP Connector on port 56993" [_thread_in_native, id=28312, stack(0x0000009d51e00000,0x0000009d51f00000)]
  0x0000021c407f2000 JavaThread "Daemon periodic checks" [_thread_blocked, id=27548, stack(0x0000009d51f00000,0x0000009d52000000)]
  0x0000021c407f0800 JavaThread "Daemon" [_thread_blocked, id=24832, stack(0x0000009d52000000,0x0000009d52100000)]
  0x0000021c407ef000 JavaThread "Handler for socket connection from /127.0.0.1:56993 to /127.0.0.1:56994" [_thread_in_native, id=11004, stack(0x0000009d52100000,0x0000009d52200000)]
  0x0000021c407f1800 JavaThread "Cancel handler" [_thread_blocked, id=11388, stack(0x0000009d52200000,0x0000009d52300000)]
  0x0000021c407f3000 JavaThread "Daemon worker" [_thread_in_native, id=28096, stack(0x0000009d52300000,0x0000009d52400000)]
  0x0000021c407ed800 JavaThread "Asynchronous log dispatcher for DefaultDaemonConnection: socket connection from /127.0.0.1:56993 to /127.0.0.1:56994" [_thread_blocked, id=26696, stack(0x0000009d52400000,0x0000009d52500000)]
  0x0000021c407f4000 JavaThread "Stdin handler" [_thread_blocked, id=21976, stack(0x0000009d52500000,0x0000009d52600000)]
  0x0000021c41a13000 JavaThread "Daemon client event forwarder" [_thread_blocked, id=17892, stack(0x0000009d52600000,0x0000009d52700000)]
  0x0000021c41a18800 JavaThread "Cache worker for file hash cache (C:\Users\souvik dey\.gradle\caches\7.0.2\fileHashes)" [_thread_blocked, id=7564, stack(0x0000009d52700000,0x0000009d52800000)]
  0x0000021c41a19800 JavaThread "File lock request listener" [_thread_in_native, id=13064, stack(0x0000009d52800000,0x0000009d52900000)]
  0x0000021c41a14000 JavaThread "Cache worker for journal cache (C:\Users\souvik dey\.gradle\caches\journal-1)" [_thread_blocked, id=2812, stack(0x0000009d52e00000,0x0000009d52f00000)]
  0x0000021c41a1a800 JavaThread "Cache worker for file hash cache (E:\my programming\android projects\EasyDRAW\.gradle\7.0.2\fileHashes)" [_thread_blocked, id=14668, stack(0x0000009d52f00000,0x0000009d53000000)]
  0x0000021c41a14800 JavaThread "File watcher server" daemon [_thread_in_native, id=13652, stack(0x0000009d53000000,0x0000009d53100000)]
  0x0000021c41a18000 JavaThread "File watcher consumer" daemon [_thread_blocked, id=3672, stack(0x0000009d53100000,0x0000009d53200000)]
  0x0000021c41a1b000 JavaThread "Cache worker for checksums cache (E:\my programming\android projects\EasyDRAW\.gradle\checksums)" [_thread_blocked, id=15284, stack(0x0000009d53200000,0x0000009d53300000)]
  0x0000021c41a15800 JavaThread "Cache worker for cache directory md-supplier (C:\Users\souvik dey\.gradle\caches\7.0.2\md-supplier)" [_thread_blocked, id=24032, stack(0x0000009d53300000,0x0000009d53400000)]
  0x0000021c41a1c000 JavaThread "Cache worker for cache directory md-rule (C:\Users\souvik dey\.gradle\caches\7.0.2\md-rule)" [_thread_blocked, id=4972, stack(0x0000009d53400000,0x0000009d53500000)]
  0x0000021c41a16800 JavaThread "Cache worker for execution history cache (C:\Users\souvik dey\.gradle\caches\7.0.2\executionHistory)" [_thread_blocked, id=19340, stack(0x0000009d53500000,0x0000009d53600000)]

Other Threads:
  0x0000021c3e432800 VMThread "VM Thread" [stack: 0x0000009d50e00000,0x0000009d50f00000] [id=21904]
  0x0000021c3e60d800 WatcherThread [stack: 0x0000009d51800000,0x0000009d51900000] [id=25616]
  0x0000021c237a4800 GCTaskThread "GC Thread#0" [stack: 0x0000009d50900000,0x0000009d50a00000] [id=20788]
  0x0000021c3f8ab000 GCTaskThread "GC Thread#1" [stack: 0x0000009d51b00000,0x0000009d51c00000] [id=7672]
  0x0000021c409fc800 GCTaskThread "GC Thread#2" [stack: 0x0000009d51c00000,0x0000009d51d00000] [id=28004]
  0x0000021c405a8800 GCTaskThread "GC Thread#3" [stack: 0x0000009d51d00000,0x0000009d51e00000] [id=28556]
  0x0000021c40ab0000 GCTaskThread "GC Thread#4" [stack: 0x0000009d52900000,0x0000009d52a00000] [id=27904]
  0x0000021c409fb800 GCTaskThread "GC Thread#5" [stack: 0x0000009d52a00000,0x0000009d52b00000] [id=8208]
  0x0000021c3f69c800 GCTaskThread "GC Thread#6" [stack: 0x0000009d52b00000,0x0000009d52c00000] [id=28536]
  0x0000021c414ea800 GCTaskThread "GC Thread#7" [stack: 0x0000009d52c00000,0x0000009d52d00000] [id=25416]
  0x0000021c237d5800 ConcurrentGCThread "G1 Main Marker" [stack: 0x0000009d50a00000,0x0000009d50b00000] [id=15496]
  0x0000021c237d7000 ConcurrentGCThread "G1 Conc#0" [stack: 0x0000009d50b00000,0x0000009d50c00000] [id=25356]
  0x0000021c40695000 ConcurrentGCThread "G1 Conc#1" [stack: 0x0000009d52d00000,0x0000009d52e00000] [id=23696]
  0x0000021c3da5b800 ConcurrentGCThread "G1 Refine#0" [stack: 0x0000009d50c00000,0x0000009d50d00000] [id=7556]
  0x0000021c3da5c000 ConcurrentGCThread "G1 Young RemSet Sampling" [stack: 0x0000009d50d00000,0x0000009d50e00000] [id=24128]

Threads with active compile tasks:
C2 CompilerThread0   5461 2431       4       jdk.internal.ref.PhantomCleanable::clean (16 bytes)
C2 CompilerThread1   5461 2247   !   4       java.net.URLClassLoader$1::run (63 bytes)

VM state:not at safepoint (normal execution)

VM Mutex/Monitor currently owned by a thread: None

Heap address: 0x0000000080000000, size: 2048 MB, Compressed Oops mode: 32-bit
Narrow klass base: 0x0000000000000000, Narrow klass shift: 3
Compressed class space size: 1073741824 Address: 0x0000000100000000

Heap:
 garbage-first heap   total 98304K, used 56231K [0x0000000080000000, 0x0000000100000000)
  region size 1024K, 42 young (43008K), 4 survivors (4096K)
 Metaspace       used 28932K, capacity 29556K, committed 29824K, reserved 1075200K
  class space    used 3876K, capacity 4107K, committed 4224K, reserved 1048576K
Heap Regions: E=young(eden), S=young(survivor), O=old, HS=humongous(starts), HC=humongous(continues), CS=collection set, F=free, A=archive, TAMS=top-at-mark-start (previous, next)
|   0|0x0000000080000000, 0x0000000080100000, 0x0000000080100000|100%| O|  |TAMS 0x0000000080100000, 0x0000000080000000| Untracked 
|   1|0x0000000080100000, 0x0000000080200000, 0x0000000080200000|100%| O|  |TAMS 0x0000000080200000, 0x0000000080100000| Untracked 
|   2|0x0000000080200000, 0x0000000080300000, 0x0000000080300000|100%| O|  |TAMS 0x0000000080300000, 0x0000000080200000| Untracked 
|   3|0x0000000080300000, 0x0000000080400000, 0x0000000080400000|100%|HS|  |TAMS 0x0000000080400000, 0x0000000080300000| Complete 
|   4|0x0000000080400000, 0x0000000080500000, 0x0000000080500000|100%|HC|  |TAMS 0x0000000080500000, 0x0000000080400000| Complete 
|   5|0x0000000080500000, 0x0000000080600000, 0x0000000080600000|100%|HC|  |TAMS 0x0000000080600000, 0x0000000080500000| Complete 
|   6|0x0000000080600000, 0x0000000080700000, 0x0000000080700000|100%| O|  |TAMS 0x0000000080700000, 0x0000000080600000| Untracked 
|   7|0x0000000080700000, 0x0000000080800000, 0x0000000080800000|100%| O|  |TAMS 0x0000000080800000, 0x0000000080700000| Untracked 
|   8|0x0000000080800000, 0x0000000080900000, 0x0000000080900000|100%| O|  |TAMS 0x0000000080900000, 0x0000000080800000| Untracked 
|   9|0x0000000080900000, 0x0000000080a00000, 0x0000000080a00000|100%| O|  |TAMS 0x0000000080a00000, 0x0000000080900000| Untracked 
|  10|0x0000000080a00000, 0x0000000080b00000, 0x0000000080b00000|100%| O|  |TAMS 0x0000000080b00000, 0x0000000080a00000| Untracked 
|  11|0x0000000080b00000, 0x0000000080c00000, 0x0000000080c00000|100%| O|  |TAMS 0x0000000080c00000, 0x0000000080b00000| Untracked 
|  12|0x0000000080c00000, 0x0000000080d00000, 0x0000000080d00000|100%| O|  |TAMS 0x0000000080d00000, 0x0000000080c00000| Untracked 
|  13|0x0000000080d00000, 0x0000000080e00000, 0x0000000080e00000|100%| O|  |TAMS 0x0000000080e00000, 0x0000000080d00000| Untracked 
|  14|0x0000000080e00000, 0x0000000080e4a200, 0x0000000080f00000| 28%| O|  |TAMS 0x0000000080e4a008, 0x0000000080e00000| Untracked 
|  15|0x0000000080f00000, 0x0000000080f00000, 0x0000000081000000|  0%| F|  |TAMS 0x0000000080f00000, 0x0000000080f00000| Untracked 
|  16|0x0000000081000000, 0x0000000081000000, 0x0000000081100000|  0%| F|  |TAMS 0x0000000081000000, 0x0000000081000000| Untracked 
|  17|0x0000000081100000, 0x0000000081100000, 0x0000000081200000|  0%| F|  |TAMS 0x0000000081100000, 0x0000000081100000| Untracked 
|  18|0x0000000081200000, 0x0000000081200000, 0x0000000081300000|  0%| F|  |TAMS 0x0000000081200000, 0x0000000081200000| Untracked 
|  19|0x0000000081300000, 0x0000000081300000, 0x0000000081400000|  0%| F|  |TAMS 0x0000000081300000, 0x0000000081300000| Untracked 
|  20|0x0000000081400000, 0x0000000081400000, 0x0000000081500000|  0%| F|  |TAMS 0x0000000081400000, 0x0000000081400000| Untracked 
|  21|0x0000000081500000, 0x0000000081500000, 0x0000000081600000|  0%| F|  |TAMS 0x0000000081500000, 0x0000000081500000| Untracked 
|  22|0x0000000081600000, 0x0000000081600000, 0x0000000081700000|  0%| F|  |TAMS 0x0000000081600000, 0x0000000081600000| Untracked 
|  23|0x0000000081700000, 0x0000000081700000, 0x0000000081800000|  0%| F|  |TAMS 0x0000000081700000, 0x0000000081700000| Untracked 
|  24|0x0000000081800000, 0x0000000081800000, 0x0000000081900000|  0%| F|  |TAMS 0x0000000081800000, 0x0000000081800000| Untracked 
|  25|0x0000000081900000, 0x0000000081900000, 0x0000000081a00000|  0%| F|  |TAMS 0x0000000081900000, 0x0000000081900000| Untracked 
|  26|0x0000000081a00000, 0x0000000081a00000, 0x0000000081b00000|  0%| F|  |TAMS 0x0000000081a00000, 0x0000000081a00000| Untracked 
|  27|0x0000000081b00000, 0x0000000081b00000, 0x0000000081c00000|  0%| F|  |TAMS 0x0000000081b00000, 0x0000000081b00000| Untracked 
|  28|0x0000000081c00000, 0x0000000081c00000, 0x0000000081d00000|  0%| F|  |TAMS 0x0000000081c00000, 0x0000000081c00000| Untracked 
|  29|0x0000000081d00000, 0x0000000081d00000, 0x0000000081e00000|  0%| F|  |TAMS 0x0000000081d00000, 0x0000000081d00000| Untracked 
|  30|0x0000000081e00000, 0x0000000081e00000, 0x0000000081f00000|  0%| F|  |TAMS 0x0000000081e00000, 0x0000000081e00000| Untracked 
|  31|0x0000000081f00000, 0x0000000081f00000, 0x0000000082000000|  0%| F|  |TAMS 0x0000000081f00000, 0x0000000081f00000| Untracked 
|  32|0x0000000082000000, 0x0000000082000000, 0x0000000082100000|  0%| F|  |TAMS 0x0000000082000000, 0x0000000082000000| Untracked 
|  33|0x0000000082100000, 0x0000000082100000, 0x0000000082200000|  0%| F|  |TAMS 0x0000000082100000, 0x0000000082100000| Untracked 
|  34|0x0000000082200000, 0x0000000082200000, 0x0000000082300000|  0%| F|  |TAMS 0x0000000082200000, 0x0000000082200000| Untracked 
|  35|0x0000000082300000, 0x0000000082300000, 0x0000000082400000|  0%| F|  |TAMS 0x0000000082300000, 0x0000000082300000| Untracked 
|  36|0x0000000082400000, 0x0000000082400000, 0x0000000082500000|  0%| F|  |TAMS 0x0000000082400000, 0x0000000082400000| Untracked 
|  37|0x0000000082500000, 0x0000000082500000, 0x0000000082600000|  0%| F|  |TAMS 0x0000000082500000, 0x0000000082500000| Untracked 
|  38|0x0000000082600000, 0x0000000082600000, 0x0000000082700000|  0%| F|  |TAMS 0x0000000082600000, 0x0000000082600000| Untracked 
|  39|0x0000000082700000, 0x0000000082700000, 0x0000000082800000|  0%| F|  |TAMS 0x0000000082700000, 0x0000000082700000| Untracked 
|  40|0x0000000082800000, 0x0000000082800000, 0x0000000082900000|  0%| F|  |TAMS 0x0000000082800000, 0x0000000082800000| Untracked 
|  41|0x0000000082900000, 0x0000000082900000, 0x0000000082a00000|  0%| F|  |TAMS 0x0000000082900000, 0x0000000082900000| Untracked 
|  42|0x0000000082a00000, 0x0000000082a00000, 0x0000000082b00000|  0%| F|  |TAMS 0x0000000082a00000, 0x0000000082a00000| Untracked 
|  43|0x0000000082b00000, 0x0000000082b9fa10, 0x0000000082c00000| 62%| S|CS|TAMS 0x0000000082b00000, 0x0000000082b00000| Complete 
|  44|0x0000000082c00000, 0x0000000082d00000, 0x0000000082d00000|100%| S|CS|TAMS 0x0000000082c00000, 0x0000000082c00000| Complete 
|  45|0x0000000082d00000, 0x0000000082e00000, 0x0000000082e00000|100%| S|CS|TAMS 0x0000000082d00000, 0x0000000082d00000| Complete 
|  46|0x0000000082e00000, 0x0000000082f00000, 0x0000000082f00000|100%| S|CS|TAMS 0x0000000082e00000, 0x0000000082e00000| Complete 
|  47|0x0000000082f00000, 0x0000000082f00000, 0x0000000083000000|  0%| F|  |TAMS 0x0000000082f00000, 0x0000000082f00000| Untracked 
|  48|0x0000000083000000, 0x0000000083000000, 0x0000000083100000|  0%| F|  |TAMS 0x0000000083000000, 0x0000000083000000| Untracked 
|  49|0x0000000083100000, 0x0000000083100000, 0x0000000083200000|  0%| F|  |TAMS 0x0000000083100000, 0x0000000083100000| Untracked 
|  50|0x0000000083200000, 0x0000000083200000, 0x0000000083300000|  0%| F|  |TAMS 0x0000000083200000, 0x0000000083200000| Untracked 
|  51|0x0000000083300000, 0x0000000083300000, 0x0000000083400000|  0%| F|  |TAMS 0x0000000083300000, 0x0000000083300000| Untracked 
|  52|0x0000000083400000, 0x0000000083400000, 0x0000000083500000|  0%| F|  |TAMS 0x0000000083400000, 0x0000000083400000| Untracked 
|  53|0x0000000083500000, 0x0000000083500000, 0x0000000083600000|  0%| F|  |TAMS 0x0000000083500000, 0x0000000083500000| Untracked 
|  54|0x0000000083600000, 0x0000000083600000, 0x0000000083700000|  0%| F|  |TAMS 0x0000000083600000, 0x0000000083600000| Untracked 
|  55|0x0000000083700000, 0x0000000083700000, 0x0000000083800000|  0%| F|  |TAMS 0x0000000083700000, 0x0000000083700000| Untracked 
|  56|0x0000000083800000, 0x0000000083800000, 0x0000000083900000|  0%| F|  |TAMS 0x0000000083800000, 0x0000000083800000| Untracked 
|  57|0x0000000083900000, 0x0000000083900000, 0x0000000083a00000|  0%| F|  |TAMS 0x0000000083900000, 0x0000000083900000| Untracked 
|  58|0x0000000083a00000, 0x0000000083b00000, 0x0000000083b00000|100%| E|  |TAMS 0x0000000083a00000, 0x0000000083a00000| Complete 
|  59|0x0000000083b00000, 0x0000000083c00000, 0x0000000083c00000|100%| E|CS|TAMS 0x0000000083b00000, 0x0000000083b00000| Complete 
|  60|0x0000000083c00000, 0x0000000083d00000, 0x0000000083d00000|100%| E|CS|TAMS 0x0000000083c00000, 0x0000000083c00000| Complete 
|  61|0x0000000083d00000, 0x0000000083e00000, 0x0000000083e00000|100%| E|CS|TAMS 0x0000000083d00000, 0x0000000083d00000| Complete 
|  62|0x0000000083e00000, 0x0000000083f00000, 0x0000000083f00000|100%| E|CS|TAMS 0x0000000083e00000, 0x0000000083e00000| Complete 
|  63|0x0000000083f00000, 0x0000000084000000, 0x0000000084000000|100%| E|CS|TAMS 0x0000000083f00000, 0x0000000083f00000| Complete 
|  64|0x0000000084000000, 0x0000000084100000, 0x0000000084100000|100%| E|CS|TAMS 0x0000000084000000, 0x0000000084000000| Complete 
|  65|0x0000000084100000, 0x0000000084200000, 0x0000000084200000|100%| E|CS|TAMS 0x0000000084100000, 0x0000000084100000| Complete 
|  66|0x0000000084200000, 0x0000000084300000, 0x0000000084300000|100%| E|CS|TAMS 0x0000000084200000, 0x0000000084200000| Complete 
|  67|0x0000000084300000, 0x0000000084400000, 0x0000000084400000|100%| E|CS|TAMS 0x0000000084300000, 0x0000000084300000| Complete 
|  68|0x0000000084400000, 0x0000000084500000, 0x0000000084500000|100%| E|CS|TAMS 0x0000000084400000, 0x0000000084400000| Complete 
|  69|0x0000000084500000, 0x0000000084600000, 0x0000000084600000|100%| E|CS|TAMS 0x0000000084500000, 0x0000000084500000| Complete 
|  70|0x0000000084600000, 0x0000000084700000, 0x0000000084700000|100%| E|CS|TAMS 0x0000000084600000, 0x0000000084600000| Complete 
|  71|0x0000000084700000, 0x0000000084800000, 0x0000000084800000|100%| E|CS|TAMS 0x0000000084700000, 0x0000000084700000| Complete 
|  72|0x0000000084800000, 0x0000000084900000, 0x0000000084900000|100%| E|CS|TAMS 0x0000000084800000, 0x0000000084800000| Complete 
|  73|0x0000000084900000, 0x0000000084a00000, 0x0000000084a00000|100%| E|CS|TAMS 0x0000000084900000, 0x0000000084900000| Complete 
|  74|0x0000000084a00000, 0x0000000084b00000, 0x0000000084b00000|100%| E|CS|TAMS 0x0000000084a00000, 0x0000000084a00000| Complete 
|  75|0x0000000084b00000, 0x0000000084c00000, 0x0000000084c00000|100%| E|CS|TAMS 0x0000000084b00000, 0x0000000084b00000| Complete 
|  76|0x0000000084c00000, 0x0000000084d00000, 0x0000000084d00000|100%| E|CS|TAMS 0x0000000084c00000, 0x0000000084c00000| Complete 
|  77|0x0000000084d00000, 0x0000000084e00000, 0x0000000084e00000|100%| E|CS|TAMS 0x0000000084d00000, 0x0000000084d00000| Complete 
|  78|0x0000000084e00000, 0x0000000084f00000, 0x0000000084f00000|100%| E|CS|TAMS 0x0000000084e00000, 0x0000000084e00000| Complete 
|  79|0x0000000084f00000, 0x0000000085000000, 0x0000000085000000|100%| E|CS|TAMS 0x0000000084f00000, 0x0000000084f00000| Complete 
|  80|0x0000000085000000, 0x0000000085100000, 0x0000000085100000|100%| E|CS|TAMS 0x0000000085000000, 0x0000000085000000| Complete 
|  81|0x0000000085100000, 0x0000000085200000, 0x0000000085200000|100%| E|CS|TAMS 0x0000000085100000, 0x0000000085100000| Complete 
|  82|0x0000000085200000, 0x0000000085300000, 0x0000000085300000|100%| E|CS|TAMS 0x0000000085200000, 0x0000000085200000| Complete 
|  83|0x0000000085300000, 0x0000000085400000, 0x0000000085400000|100%| E|CS|TAMS 0x0000000085300000, 0x0000000085300000| Complete 
|  84|0x0000000085400000, 0x0000000085500000, 0x0000000085500000|100%| E|CS|TAMS 0x0000000085400000, 0x0000000085400000| Complete 
|  85|0x0000000085500000, 0x0000000085600000, 0x0000000085600000|100%| E|CS|TAMS 0x0000000085500000, 0x0000000085500000| Complete 
|  86|0x0000000085600000, 0x0000000085700000, 0x0000000085700000|100%| E|CS|TAMS 0x0000000085600000, 0x0000000085600000| Complete 
|  87|0x0000000085700000, 0x0000000085800000, 0x0000000085800000|100%| E|CS|TAMS 0x0000000085700000, 0x0000000085700000| Complete 
|  88|0x0000000085800000, 0x0000000085900000, 0x0000000085900000|100%| E|CS|TAMS 0x0000000085800000, 0x0000000085800000| Complete 
|  89|0x0000000085900000, 0x0000000085a00000, 0x0000000085a00000|100%| E|CS|TAMS 0x0000000085900000, 0x0000000085900000| Complete 
|  90|0x0000000085a00000, 0x0000000085b00000, 0x0000000085b00000|100%| E|CS|TAMS 0x0000000085a00000, 0x0000000085a00000| Complete 
|  91|0x0000000085b00000, 0x0000000085c00000, 0x0000000085c00000|100%| E|CS|TAMS 0x0000000085b00000, 0x0000000085b00000| Complete 
|  92|0x0000000085c00000, 0x0000000085d00000, 0x0000000085d00000|100%| E|CS|TAMS 0x0000000085c00000, 0x0000000085c00000| Complete 
|  93|0x0000000085d00000, 0x0000000085e00000, 0x0000000085e00000|100%| E|CS|TAMS 0x0000000085d00000, 0x0000000085d00000| Complete 
|  94|0x0000000085e00000, 0x0000000085f00000, 0x0000000085f00000|100%| E|CS|TAMS 0x0000000085e00000, 0x0000000085e00000| Complete 
|  95|0x0000000085f00000, 0x0000000086000000, 0x0000000086000000|100%| E|CS|TAMS 0x0000000085f00000, 0x0000000085f00000| Complete 

Card table byte_map: [0x0000021c369a0000,0x0000021c36da0000] _byte_map_base: 0x0000021c365a0000

Marking Bits (Prev, Next): (CMBitMap*) 0x0000021c237cca60, (CMBitMap*) 0x0000021c237cca28
 Prev Bits: [0x0000021c391a0000, 0x0000021c3b1a0000)
 Next Bits: [0x0000021c371a0000, 0x0000021c391a0000)

Polling page: 0x0000021c21750000

Metaspace:

Usage:
  Non-class:     24.92 MB capacity,    24.48 MB ( 98%) used,   387.21 KB (  2%) free+waste,    59.31 KB ( <1%) overhead. 
      Class:      4.01 MB capacity,     3.79 MB ( 94%) used,   198.97 KB (  5%) free+waste,    29.88 KB ( <1%) overhead. 
       Both:     28.93 MB capacity,    28.27 MB ( 98%) used,   586.18 KB (  2%) free+waste,    89.19 KB ( <1%) overhead. 

Virtual space:
  Non-class space:       26.00 MB reserved,      25.00 MB ( 96%) committed 
      Class space:        1.00 GB reserved,       4.13 MB ( <1%) committed 
             Both:        1.03 GB reserved,      29.13 MB (  3%) committed 

Chunk freelists:
   Non-Class:  23.00 KB
       Class:  21.00 KB
        Both:  44.00 KB

MaxMetaspaceSize: 17179869184.00 GB
CompressedClassSpaceSize: 1.00 GB

CodeHeap 'non-profiled nmethods': size=120000Kb used=1326Kb max_used=1326Kb free=118673Kb
 bounds [0x0000021c2ed40000, 0x0000021c2efb0000, 0x0000021c36270000]
CodeHeap 'profiled nmethods': size=120000Kb used=5321Kb max_used=5321Kb free=114679Kb
 bounds [0x0000021c27810000, 0x0000021c27d50000, 0x0000021c2ed40000]
CodeHeap 'non-nmethods': size=5760Kb used=1164Kb max_used=1201Kb free=4595Kb
 bounds [0x0000021c27270000, 0x0000021c274e0000, 0x0000021c27810000]
 total_blobs=2943 nmethods=2435 adapters=419
 compilation: enabled
              stopped_count=0, restarted_count=0
 full_count=0

Compilation events (20 events):
Event: 5.355 Thread 0x0000021c3e48a000 nmethod 2421 0x0000021c2ee7d590 code [0x0000021c2ee7d720, 0x0000021c2ee7dd18]
Event: 5.372 Thread 0x0000021c3e48e800 2422       3       java.util.concurrent.locks.AbstractQueuedSynchronizer::acquire (27 bytes)
Event: 5.373 Thread 0x0000021c3e48e800 nmethod 2422 0x0000021c27d33f10 code [0x0000021c27d34100, 0x0000021c27d344d8]
Event: 5.376 Thread 0x0000021c3e48e800 2423       3       java.util.concurrent.ConcurrentHashMap::<init> (9 bytes)
Event: 5.377 Thread 0x0000021c3e48e800 nmethod 2423 0x0000021c27d34610 code [0x0000021c27d347e0, 0x0000021c27d34928]
Event: 5.386 Thread 0x0000021c3e48e800 2424       3       java.lang.invoke.MethodHandles$Lookup::maybeBindCaller (44 bytes)
Event: 5.387 Thread 0x0000021c3e48e800 nmethod 2424 0x0000021c27d34a10 code [0x0000021c27d34c40, 0x0000021c27d35458]
Event: 5.392 Thread 0x0000021c3e48e800 2425       3       java.util.concurrent.locks.LockSupport::setBlocker (12 bytes)
Event: 5.392 Thread 0x0000021c3e48e800 nmethod 2425 0x0000021c27d35710 code [0x0000021c27d358c0, 0x0000021c27d359f8]
Event: 5.401 Thread 0x0000021c3e48a000 2426       4       java.lang.invoke.MethodType::hashCode (53 bytes)
Event: 5.402 Thread 0x0000021c3e48e800 2427       3       java.util.Arrays::rangeCheck (74 bytes)
Event: 5.404 Thread 0x0000021c3e48e800 nmethod 2427 0x0000021c27d35a90 code [0x0000021c27d35d60, 0x0000021c27d36928]
Event: 5.405 Thread 0x0000021c3e48a000 nmethod 2426 0x0000021c2ee7de90 code [0x0000021c2ee7e040, 0x0000021c2ee7e1d8]
Event: 5.408 Thread 0x0000021c3e48e800 2428       3       com.google.common.collect.ImmutableCollection$ArrayBasedBuilder::getReadyToExpandTo (64 bytes)
Event: 5.409 Thread 0x0000021c3e48e800 nmethod 2428 0x0000021c27d36d90 code [0x0000021c27d36f80, 0x0000021c27d37488]
Event: 5.413 Thread 0x0000021c3e48e800 2429       3       java.lang.invoke.MethodHandles$Lookup::lookupModes (8 bytes)
Event: 5.413 Thread 0x0000021c3e48e800 nmethod 2429 0x0000021c27d37610 code [0x0000021c27d377c0, 0x0000021c27d378b8]
Event: 5.413 Thread 0x0000021c3e48e800 2430       3       java.lang.reflect.Constructor::newInstance (76 bytes)
Event: 5.414 Thread 0x0000021c3e48e800 nmethod 2430 0x0000021c27d37990 code [0x0000021c27d37ba0, 0x0000021c27d37fd8]
Event: 5.418 Thread 0x0000021c3e48a000 2431       4       jdk.internal.ref.PhantomCleanable::clean (16 bytes)

GC Heap History (8 events):
Event: 1.531 GC heap before
{Heap before GC invocations=0 (full 0):
 garbage-first heap   total 98304K, used 29696K [0x0000000080000000, 0x0000000100000000)
  region size 1024K, 24 young (24576K), 0 survivors (0K)
 Metaspace       used 10178K, capacity 10379K, committed 10624K, reserved 1058816K
  class space    used 1057K, capacity 1141K, committed 1152K, reserved 1048576K
}
Event: 1.543 GC heap after
{Heap after GC invocations=1 (full 0):
 garbage-first heap   total 98304K, used 9008K [0x0000000080000000, 0x0000000100000000)
  region size 1024K, 3 young (3072K), 3 survivors (3072K)
 Metaspace       used 10178K, capacity 10379K, committed 10624K, reserved 1058816K
  class space    used 1057K, capacity 1141K, committed 1152K, reserved 1048576K
}
Event: 2.782 GC heap before
{Heap before GC invocations=1 (full 0):
 garbage-first heap   total 98304K, used 64304K [0x0000000080000000, 0x0000000100000000)
  region size 1024K, 57 young (58368K), 3 survivors (3072K)
 Metaspace       used 13396K, capacity 13703K, committed 13952K, reserved 1060864K
  class space    used 1487K, capacity 1590K, committed 1664K, reserved 1048576K
}
Event: 2.789 GC heap after
{Heap after GC invocations=2 (full 0):
 garbage-first heap   total 98304K, used 14461K [0x0000000080000000, 0x0000000100000000)
  region size 1024K, 8 young (8192K), 8 survivors (8192K)
 Metaspace       used 13396K, capacity 13703K, committed 13952K, reserved 1060864K
  class space    used 1487K, capacity 1590K, committed 1664K, reserved 1048576K
}
Event: 4.013 GC heap before
{Heap before GC invocations=2 (full 0):
 garbage-first heap   total 98304K, used 56445K [0x0000000080000000, 0x0000000100000000)
  region size 1024K, 51 young (52224K), 8 survivors (8192K)
 Metaspace       used 20665K, capacity 21162K, committed 21248K, reserved 1067008K
  class space    used 2532K, capacity 2730K, committed 2816K, reserved 1048576K
}
Event: 4.021 GC heap after
{Heap after GC invocations=3 (full 0):
 garbage-first heap   total 98304K, used 16762K [0x0000000080000000, 0x0000000100000000)
  region size 1024K, 3 young (3072K), 3 survivors (3072K)
 Metaspace       used 20665K, capacity 21162K, committed 21248K, reserved 1067008K
  class space    used 2532K, capacity 2730K, committed 2816K, reserved 1048576K
}
Event: 4.730 GC heap before
{Heap before GC invocations=4 (full 0):
 garbage-first heap   total 98304K, used 63866K [0x0000000080000000, 0x0000000100000000)
  region size 1024K, 49 young (50176K), 3 survivors (3072K)
 Metaspace       used 25495K, capacity 26088K, committed 26112K, reserved 1071104K
  class space    used 3336K, capacity 3568K, committed 3584K, reserved 1048576K
}
Event: 4.734 GC heap after
{Heap after GC invocations=5 (full 0):
 garbage-first heap   total 98304K, used 18343K [0x0000000080000000, 0x0000000100000000)
  region size 1024K, 4 young (4096K), 4 survivors (4096K)
 Metaspace       used 25495K, capacity 26088K, committed 26112K, reserved 1071104K
  class space    used 3336K, capacity 3568K, committed 3584K, reserved 1048576K
}

Deoptimization events (20 events):
Event: 4.642 Thread 0x0000021c407f3000 Uncommon trap: trap_request=0xffffff7e fr.pc=0x0000021c2ee55e40 relative=0x0000000000000160
Event: 4.642 Thread 0x0000021c407f3000 Uncommon trap: reason=predicate action=maybe_recompile pc=0x0000021c2ee55e40 method=com.google.common.base.CharMatcher.indexIn(Ljava/lang/CharSequence;I)I @ 19 c2
Event: 4.642 Thread 0x0000021c407f3000 DEOPT PACKING pc=0x0000021c2ee55e40 sp=0x0000009d523fbe80
Event: 4.642 Thread 0x0000021c407f3000 DEOPT UNPACKING pc=0x0000021c272978af sp=0x0000009d523fbe10 mode 2
Event: 4.703 Thread 0x0000021c407f3000 Uncommon trap: trap_request=0xffffffde fr.pc=0x0000021c2ee36ca8 relative=0x00000000000002e8
Event: 4.703 Thread 0x0000021c407f3000 Uncommon trap: reason=class_check action=maybe_recompile pc=0x0000021c2ee36ca8 method=java.util.Collections$SetFromMap.remove(Ljava/lang/Object;)Z @ 5 c2
Event: 4.703 Thread 0x0000021c407f3000 DEOPT PACKING pc=0x0000021c2ee36ca8 sp=0x0000009d523fc890
Event: 4.703 Thread 0x0000021c407f3000 DEOPT UNPACKING pc=0x0000021c272978af sp=0x0000009d523fc888 mode 2
Event: 4.703 Thread 0x0000021c407f3000 Uncommon trap: trap_request=0xffffffde fr.pc=0x0000021c2ee36ca8 relative=0x00000000000002e8
Event: 4.703 Thread 0x0000021c407f3000 Uncommon trap: reason=class_check action=maybe_recompile pc=0x0000021c2ee36ca8 method=java.util.Collections$SetFromMap.remove(Ljava/lang/Object;)Z @ 5 c2
Event: 4.703 Thread 0x0000021c407f3000 DEOPT PACKING pc=0x0000021c2ee36ca8 sp=0x0000009d523fc810
Event: 4.703 Thread 0x0000021c407f3000 DEOPT UNPACKING pc=0x0000021c272978af sp=0x0000009d523fc808 mode 2
Event: 5.060 Thread 0x0000021c407f3000 Uncommon trap: trap_request=0xffffff4d fr.pc=0x0000021c2ee567cc relative=0x000000000000020c
Event: 5.060 Thread 0x0000021c407f3000 Uncommon trap: reason=unstable_if action=reinterpret pc=0x0000021c2ee567cc method=java.util.HashMap.hash(Ljava/lang/Object;)I @ 1 c2
Event: 5.060 Thread 0x0000021c407f3000 DEOPT PACKING pc=0x0000021c2ee567cc sp=0x0000009d523f9620
Event: 5.060 Thread 0x0000021c407f3000 DEOPT UNPACKING pc=0x0000021c272978af sp=0x0000009d523f9558 mode 2
Event: 5.060 Thread 0x0000021c407f3000 Uncommon trap: trap_request=0xffffff4d fr.pc=0x0000021c2ee41e2c relative=0x000000000000008c
Event: 5.060 Thread 0x0000021c407f3000 Uncommon trap: reason=unstable_if action=reinterpret pc=0x0000021c2ee41e2c method=java.util.HashMap.hash(Ljava/lang/Object;)I @ 1 c2
Event: 5.060 Thread 0x0000021c407f3000 DEOPT PACKING pc=0x0000021c2ee41e2c sp=0x0000009d523f93a0
Event: 5.060 Thread 0x0000021c407f3000 DEOPT UNPACKING pc=0x0000021c272978af sp=0x0000009d523f9338 mode 2

Classes redefined (0 events):
No events

Internal exceptions (20 events):
Event: 4.033 Thread 0x0000021c407f3000 Exception <a 'java/lang/NoSuchMethodError'{0x0000000085fe6288}: 'void java.lang.invoke.DirectMethodHandle$Holder.invokeStatic(java.lang.Object, java.lang.Object, java.lang.Object, java.lang.Object, java.lang.Object)'> (0x0000000085fe6288) thrown at [./src/hotspot/share/interpreter/linkResolver.cpp, line 773]
Event: 4.112 Thread 0x0000021c407f3000 Exception <a 'java/lang/NoSuchMethodError'{0x0000000085a904c0}: 'void java.lang.invoke.DirectMethodHandle$Holder.invokeSpecial(java.lang.Object, java.lang.Object)'> (0x0000000085a904c0) thrown at [./src/hotspot/share/interpreter/linkResolver.cpp, line 773]
Event: 4.152 Thread 0x0000021c407f3000 Exception <a 'java/lang/NoSuchMethodError'{0x00000000858cc968}: 'java.lang.Object java.lang.invoke.DirectMethodHandle$Holder.invokeSpecial(java.lang.Object, java.lang.Object, java.lang.Object, java.lang.Object, java.lang.Object, java.lang.Object, java.lang.Object, java.lang.Object, java.lang.Object)'> (0x00000000858cc968) thrown at [./src/hotspot/share/interpreter/linkResolver.cpp, line 773]
Event: 4.238 Thread 0x0000021c407f3000 Exception <a 'java/lang/NoSuchMethodError'{0x0000000084e43470}: 'java.lang.Object java.lang.invoke.DirectMethodHandle$Holder.invokeVirtual(java.lang.Object, java.lang.Object, java.lang.Object, java.lang.Object)'> (0x0000000084e43470) thrown at [./src/hotspot/share/interpreter/linkResolver.cpp, line 773]
Event: 4.262 Thread 0x0000021c407f3000 Exception <a 'java/lang/NoSuchMethodError'{0x0000000084b0d0a0}: 'java.lang.Object java.lang.invoke.Invokers$Holder.invoker(java.lang.Object, java.lang.Object, java.lang.Object, java.lang.Object, java.lang.Object)'> (0x0000000084b0d0a0) thrown at [./src/hotspot/share/interpreter/linkResolver.cpp, line 773]
Event: 4.352 Thread 0x0000021c407f3000 Exception <a 'java/lang/NoSuchMethodError'{0x000000008475bfb8}: 'void java.lang.invoke.DirectMethodHandle$Holder.invokeSpecial(java.lang.Object, java.lang.Object, java.lang.Object, java.lang.Object, java.lang.Object, java.lang.Object)'> (0x000000008475bfb8) thrown at [./src/hotspot/share/interpreter/linkResolver.cpp, line 773]
Event: 4.364 Thread 0x0000021c407f3000 Exception <a 'java/lang/NoSuchMethodError'{0x00000000847c1a30}: 'void java.lang.invoke.DirectMethodHandle$Holder.invokeSpecial(java.lang.Object, java.lang.Object, java.lang.Object, java.lang.Object, java.lang.Object, java.lang.Object, java.lang.Object)'> (0x00000000847c1a30) thrown at [./src/hotspot/share/interpreter/linkResolver.cpp, line 773]
Event: 4.365 Thread 0x0000021c407f3000 Exception <a 'java/lang/NoSuchMethodError'{0x00000000847c9c78}: 'java.lang.Object java.lang.invoke.Invokers$Holder.linkToTargetMethod(java.lang.Object, java.lang.Object, java.lang.Object, java.lang.Object, java.lang.Object, java.lang.Object)'> (0x00000000847c9c78) thrown at [./src/hotspot/share/interpreter/linkResolver.cpp, line 773]
Event: 4.556 Thread 0x0000021c407f3000 Exception <a 'java/lang/NoSuchMethodError'{0x000000008390bd90}: 'void java.lang.invoke.DirectMethodHandle$Holder.invokeStaticInit(java.lang.Object, java.lang.Object)'> (0x000000008390bd90) thrown at [./src/hotspot/share/interpreter/linkResolver.cpp, line 773]
Event: 4.687 Thread 0x0000021c407f3000 Exception <a 'java/lang/NoSuchMethodError'{0x000000008305c840}: 'void java.lang.invoke.DirectMethodHandle$Holder.invokeStatic(java.lang.Object, java.lang.Object, java.lang.Object, java.lang.Object)'> (0x000000008305c840) thrown at [./src/hotspot/share/interpreter/linkResolver.cpp, line 773]
Event: 4.691 Thread 0x0000021c407f3000 Exception <a 'java/lang/NoSuchMethodError'{0x0000000083070340}: 'int java.lang.invoke.DirectMethodHandle$Holder.invokeInterface(java.lang.Object, java.lang.Object)'> (0x0000000083070340) thrown at [./src/hotspot/share/interpreter/linkResolver.cpp, line 773]
Event: 4.900 Thread 0x0000021c407f3000 Exception <a 'java/lang/NoSuchMethodError'{0x0000000085503390}: 'java.lang.Object java.lang.invoke.DirectMethodHandle$Holder.invokeSpecialIFC(java.lang.Object, java.lang.Object, java.lang.Object, java.lang.Object)'> (0x0000000085503390) thrown at [./src/hotspot/share/interpreter/linkResolver.cpp, line 773]
Event: 4.911 Thread 0x0000021c407f3000 Exception <a 'java/lang/NoSuchMethodError'{0x00000000855de050}: 'java.lang.Object java.lang.invoke.DirectMethodHandle$Holder.invokeSpecial(java.lang.Object, java.lang.Object, java.lang.Object, java.lang.Object, java.lang.Object, java.lang.Object, java.lang.Object, java.lang.Object, java.lang.Object, java.lang.Object, java.lang.Object, java.lang.Object, java.lang.Object)'> (0x00000000855de050) thrown at [./src/hotspot/share/interpreter/linkResolver.cpp, line 773]
Event: 4.912 Thread 0x0000021c407f3000 Exception <a 'java/lang/NoSuchMethodError'{0x00000000855ef2d8}: 'java.lang.Object java.lang.invoke.DirectMethodHandle$Holder.invokeSpecial(java.lang.Object, java.lang.Object, java.lang.Object, java.lang.Object, java.lang.Object, java.lang.Object, java.lang.Object, java.lang.Object, java.lang.Object, java.lang.Object, java.lang.Object, java.lang.Object)'> (0x00000000855ef2d8) thrown at [./src/hotspot/share/interpreter/linkResolver.cpp, line 773]
Event: 4.912 Thread 0x0000021c407f3000 Exception <a 'java/lang/NoSuchMethodError'{0x00000000855f4400}: 'java.lang.Object java.lang.invoke.Invokers$Holder.linkToTargetMethod(java.lang.Object, java.lang.Object, java.lang.Object, java.lang.Object, java.lang.Object, java.lang.Object, java.lang.Object, java.lang.Object, java.lang.Object, java.lang.Object, java.lang.Object)'> (0x00000000855f4400) thrown at [./src/hotspot/share/interpreter/linkResolver.cpp, line 773]
Event: 4.928 Thread 0x0000021c407f3000 Exception <a 'java/lang/NoSuchMethodError'{0x0000000085334828}: 'java.lang.Object java.lang.invoke.DirectMethodHandle$Holder.invokeSpecial(java.lang.Object, java.lang.Object, java.lang.Object, java.lang.Object, java.lang.Object, java.lang.Object, java.lang.Object, java.lang.Object, java.lang.Object, java.lang.Object, java.lang.Object, java.lang.Object, java.lang.Object, java.lang.Object)'> (0x0000000085334828) thrown at [./src/hotspot/share/interpreter/linkResolver.cpp, line 773]
Event: 4.929 Thread 0x0000021c407f3000 Exception <a 'java/lang/NoSuchMethodError'{0x0000000085345e20}: 'java.lang.Object java.lang.invoke.Invokers$Holder.linkToTargetMethod(java.lang.Object, java.lang.Object, java.lang.Object, java.lang.Object, java.lang.Object, java.lang.Object, java.lang.Object, java.lang.Object, java.lang.Object, java.lang.Object, java.lang.Object, java.lang.Object)'> (0x0000000085345e20) thrown at [./src/hotspot/share/interpreter/linkResolver.cpp, line 773]
Event: 4.937 Thread 0x0000021c407f3000 Exception <a 'java/lang/NoSuchMethodError'{0x00000000853d7c88}: 'java.lang.Object java.lang.invoke.DirectMethodHandle$Holder.invokeStaticInit(java.lang.Object, java.lang.Object, java.lang.Object, java.lang.Object)'> (0x00000000853d7c88) thrown at [./src/hotspot/share/interpreter/linkResolver.cpp, line 773]
Event: 5.060 Thread 0x0000021c407f3000 Implicit null exception at 0x0000021c2ee565f5 to 0x0000021c2ee567bc
Event: 5.060 Thread 0x0000021c407f3000 Implicit null exception at 0x0000021c2ee41daf to 0x0000021c2ee41e1d

Events (20 events):
Event: 5.413 loading class org/gradle/api/internal/tasks/properties/DefaultPropertyWalker
Event: 5.413 loading class org/gradle/api/internal/tasks/properties/DefaultPropertyWalker done
Event: 5.414 loading class org/gradle/api/internal/tasks/properties/bean/RuntimeBeanNodeFactory
Event: 5.414 loading class org/gradle/api/internal/tasks/properties/bean/RuntimeBeanNodeFactory done
Event: 5.415 loading class org/gradle/api/internal/tasks/properties/bean/RuntimeBeanNode
Event: 5.415 loading class org/gradle/api/internal/tasks/properties/bean/RuntimeBeanNode done
Event: 5.415 loading class org/gradle/api/internal/tasks/properties/AbstractPropertyNode
Event: 5.415 loading class org/gradle/api/internal/tasks/properties/AbstractPropertyNode done
Event: 5.416 loading class org/gradle/api/internal/tasks/properties/bean/MapRuntimeBeanNode
Event: 5.416 loading class org/gradle/api/internal/tasks/properties/bean/MapRuntimeBeanNode done
Event: 5.417 loading class org/gradle/api/internal/tasks/properties/bean/IterableRuntimeBeanNode
Event: 5.417 loading class org/gradle/api/internal/tasks/properties/bean/IterableRuntimeBeanNode done
Event: 5.417 loading class org/gradle/api/internal/tasks/properties/bean/NestedRuntimeBeanNode
Event: 5.417 loading class org/gradle/api/internal/tasks/properties/bean/NestedRuntimeBeanNode done
Event: 5.417 loading class org/gradle/api/internal/tasks/properties/bean/AbstractNestedRuntimeBeanNode
Event: 5.417 loading class org/gradle/api/internal/tasks/properties/bean/AbstractNestedRuntimeBeanNode done
Event: 5.418 loading class org/gradle/api/internal/tasks/properties/bean/RootRuntimeBeanNode
Event: 5.418 loading class org/gradle/api/internal/tasks/properties/bean/RootRuntimeBeanNode done
Event: 5.418 loading class org/gradle/api/reflect/InjectionPointQualifier
Event: 5.418 loading class org/gradle/api/reflect/InjectionPointQualifier done


Dynamic libraries:
0x00007ff649080000 - 0x00007ff64908a000 	C:\Program Files\Android\Android Studio\jre\bin\java.exe
0x00007ffc26590000 - 0x00007ffc26785000 	C:\WINDOWS\SYSTEM32\ntdll.dll
0x00007ffc25640000 - 0x00007ffc256fe000 	C:\WINDOWS\System32\KERNEL32.DLL
0x00007ffc24310000 - 0x00007ffc245d8000 	C:\WINDOWS\System32\KERNELBASE.dll
0x00007ffc21120000 - 0x00007ffc211b0000 	C:\WINDOWS\SYSTEM32\apphelp.dll
0x00007ffc24210000 - 0x00007ffc24310000 	C:\WINDOWS\System32\ucrtbase.dll
0x00007ffc1e9a0000 - 0x00007ffc1e9b7000 	C:\Program Files\Android\Android Studio\jre\bin\VCRUNTIME140.dll
0x00007ffc1e880000 - 0x00007ffc1e899000 	C:\Program Files\Android\Android Studio\jre\bin\jli.dll
0x00007ffc26110000 - 0x00007ffc262b1000 	C:\WINDOWS\System32\USER32.dll
0x00007ffc0ad10000 - 0x00007ffc0afaa000 	C:\WINDOWS\WinSxS\amd64_microsoft.windows.common-controls_6595b64144ccf1df_6.0.19041.1110_none_60b5254171f9507e\COMCTL32.dll
0x00007ffc23e80000 - 0x00007ffc23ea2000 	C:\WINDOWS\System32\win32u.dll
0x00007ffc25fd0000 - 0x00007ffc25ffb000 	C:\WINDOWS\System32\GDI32.dll
0x00007ffc24c20000 - 0x00007ffc24cbe000 	C:\WINDOWS\System32\msvcrt.dll
0x00007ffc23d70000 - 0x00007ffc23e7b000 	C:\WINDOWS\System32\gdi32full.dll
0x00007ffc24060000 - 0x00007ffc240fd000 	C:\WINDOWS\System32\msvcp_win.dll
0x00007ffc25360000 - 0x00007ffc25390000 	C:\WINDOWS\System32\IMM32.DLL
0x00007ffc124d0000 - 0x00007ffc1256d000 	C:\Program Files\Android\Android Studio\jre\bin\msvcp140.dll
0x00007ffbd3650000 - 0x00007ffbd411f000 	C:\Program Files\Android\Android Studio\jre\bin\server\jvm.dll
0x00007ffc25180000 - 0x00007ffc2522c000 	C:\WINDOWS\System32\ADVAPI32.dll
0x00007ffc26070000 - 0x00007ffc2610b000 	C:\WINDOWS\System32\sechost.dll
0x00007ffc26350000 - 0x00007ffc2647a000 	C:\WINDOWS\System32\RPCRT4.dll
0x00007ffc26000000 - 0x00007ffc26008000 	C:\WINDOWS\System32\PSAPI.DLL
0x00007ffc21d40000 - 0x00007ffc21d49000 	C:\WINDOWS\SYSTEM32\WSOCK32.dll
0x00007ffc25f60000 - 0x00007ffc25fcb000 	C:\WINDOWS\System32\WS2_32.dll
0x00007ffc17a10000 - 0x00007ffc17a37000 	C:\WINDOWS\SYSTEM32\WINMM.dll
0x00007ffc21c50000 - 0x00007ffc21c5a000 	C:\WINDOWS\SYSTEM32\VERSION.dll
0x00007ffc224f0000 - 0x00007ffc22502000 	C:\WINDOWS\SYSTEM32\kernel.appcore.dll
0x00007ffc1f4b0000 - 0x00007ffc1f4c1000 	C:\Program Files\Android\Android Studio\jre\bin\verify.dll
0x00007ffc11480000 - 0x00007ffc11664000 	C:\WINDOWS\SYSTEM32\DBGHELP.DLL
0x00007ffc0e3b0000 - 0x00007ffc0e3dc000 	C:\WINDOWS\SYSTEM32\dbgcore.DLL
0x00007ffc23cb0000 - 0x00007ffc23d33000 	C:\WINDOWS\System32\bcryptPrimitives.dll
0x00007ffc1eb70000 - 0x00007ffc1eb99000 	C:\Program Files\Android\Android Studio\jre\bin\java.dll
0x00007ffc21040000 - 0x00007ffc2104b000 	C:\Program Files\Android\Android Studio\jre\bin\jimage.dll
0x00007ffc1f490000 - 0x00007ffc1f4a8000 	C:\Program Files\Android\Android Studio\jre\bin\zip.dll
0x00007ffc25820000 - 0x00007ffc25f5f000 	C:\WINDOWS\System32\SHELL32.dll
0x00007ffc21d50000 - 0x00007ffc224e0000 	C:\WINDOWS\SYSTEM32\windows.storage.dll
0x00007ffc24e20000 - 0x00007ffc25175000 	C:\WINDOWS\System32\combase.dll
0x00007ffc23630000 - 0x00007ffc2365e000 	C:\WINDOWS\SYSTEM32\Wldp.dll
0x00007ffc24ce0000 - 0x00007ffc24d8d000 	C:\WINDOWS\System32\SHCORE.dll
0x00007ffc257c0000 - 0x00007ffc25815000 	C:\WINDOWS\System32\shlwapi.dll
0x00007ffc23bf0000 - 0x00007ffc23c0f000 	C:\WINDOWS\SYSTEM32\profapi.dll
0x00007ffc1ea30000 - 0x00007ffc1ea4a000 	C:\Program Files\Android\Android Studio\jre\bin\net.dll
0x00007ffc128f0000 - 0x00007ffc129fc000 	C:\WINDOWS\SYSTEM32\WINHTTP.dll
0x00007ffc23340000 - 0x00007ffc233aa000 	C:\WINDOWS\system32\mswsock.dll
0x00007ffc1ea10000 - 0x00007ffc1ea24000 	C:\Program Files\Android\Android Studio\jre\bin\nio.dll
0x00007ffc098b0000 - 0x00007ffc098d7000 	C:\Users\souvik dey\.gradle\native\8bec1ad78214c89d9ad589b4d07fe93259594b29d510b10fafb7a158f7737e5d\windows-amd64\native-platform.dll
0x00007ffbf65b0000 - 0x00007ffbf66ed000 	C:\Users\souvik dey\.gradle\native\53dbd7edfb1c66fb8903c78663c9afc45aea4f116125fa6feffd364cf09443e8\windows-amd64\native-platform-file-events.dll
0x00007ffc1ea00000 - 0x00007ffc1ea0a000 	C:\Program Files\Android\Android Studio\jre\bin\management.dll
0x00007ffc1e9f0000 - 0x00007ffc1e9fc000 	C:\Program Files\Android\Android Studio\jre\bin\management_ext.dll
0x00007ffc234f0000 - 0x00007ffc23508000 	C:\WINDOWS\SYSTEM32\CRYPTSP.dll
0x00007ffc22cd0000 - 0x00007ffc22d04000 	C:\WINDOWS\system32\rsaenh.dll
0x00007ffc23d40000 - 0x00007ffc23d67000 	C:\WINDOWS\System32\bcrypt.dll
0x00007ffc23b70000 - 0x00007ffc23b9e000 	C:\WINDOWS\SYSTEM32\USERENV.dll
0x00007ffc23510000 - 0x00007ffc2351c000 	C:\WINDOWS\SYSTEM32\CRYPTBASE.dll
0x00007ffc23040000 - 0x00007ffc2307b000 	C:\WINDOWS\SYSTEM32\IPHLPAPI.DLL
0x00007ffc24790000 - 0x00007ffc24798000 	C:\WINDOWS\System32\NSI.dll
0x00007ffc1b3c0000 - 0x00007ffc1b3d7000 	C:\WINDOWS\SYSTEM32\dhcpcsvc6.DLL
0x00007ffc1cad0000 - 0x00007ffc1caed000 	C:\WINDOWS\SYSTEM32\dhcpcsvc.DLL
0x00007ffc23080000 - 0x00007ffc2314b000 	C:\WINDOWS\SYSTEM32\DNSAPI.dll

dbghelp: loaded successfully - version: 4.0.5 - missing functions: none
symbol engine: initialized successfully - sym options: 0x614 - pdb path: .;C:\Program Files\Android\Android Studio\jre\bin;C:\WINDOWS\SYSTEM32;C:\WINDOWS\WinSxS\amd64_microsoft.windows.common-controls_6595b64144ccf1df_6.0.19041.1110_none_60b5254171f9507e;C:\Program Files\Android\Android Studio\jre\bin\server;C:\Users\souvik dey\.gradle\native\8bec1ad78214c89d9ad589b4d07fe93259594b29d510b10fafb7a158f7737e5d\windows-amd64;C:\Users\souvik dey\.gradle\native\53dbd7edfb1c66fb8903c78663c9afc45aea4f116125fa6feffd364cf09443e8\windows-amd64

VM Arguments:
jvm_args: --add-opens=java.base/java.util=ALL-UNNAMED --add-opens=java.base/java.lang=ALL-UNNAMED --add-opens=java.base/java.lang.invoke=ALL-UNNAMED --add-opens=java.base/java.util=ALL-UNNAMED --add-opens=java.prefs/java.util.prefs=ALL-UNNAMED --add-opens=java.prefs/java.util.prefs=ALL-UNNAMED --add-opens=java.base/java.nio.charset=ALL-UNNAMED --add-opens=java.base/java.net=ALL-UNNAMED --add-opens=java.base/java.util.concurrent.atomic=ALL-UNNAMED -Xmx2048m -Dfile.encoding=UTF-8 -Duser.country=IN -Duser.language=en -Duser.variant 
java_command: org.gradle.launcher.daemon.bootstrap.GradleDaemon 7.0.2
java_class_path (initial): C:\Users\souvik dey\.gradle\wrapper\dists\gradle-7.0.2-bin\857tjihv64xamwrf0h14cai3r\gradle-7.0.2\lib\gradle-launcher-7.0.2.jar
Launcher Type: SUN_STANDARD

[Global flags]
     intx CICompilerCount                          = 4                                         {product} {ergonomic}
     uint ConcGCThreads                            = 2                                         {product} {ergonomic}
     uint G1ConcRefinementThreads                  = 8                                         {product} {ergonomic}
   size_t G1HeapRegionSize                         = 1048576                                   {product} {ergonomic}
    uintx GCDrainStackTargetSize                   = 64                                        {product} {ergonomic}
   size_t InitialHeapSize                          = 100663296                                 {product} {ergonomic}
   size_t MarkStackSize                            = 4194304                                   {product} {ergonomic}
   size_t MaxHeapSize                              = 2147483648                                {product} {command line}
   size_t MaxNewSize                               = 1287651328                                {product} {ergonomic}
   size_t MinHeapDeltaBytes                        = 1048576                                   {product} {ergonomic}
    uintx NonNMethodCodeHeapSize                   = 5836300                                {pd product} {ergonomic}
    uintx NonProfiledCodeHeapSize                  = 122910970                              {pd product} {ergonomic}
    uintx ProfiledCodeHeapSize                     = 122910970                              {pd product} {ergonomic}
    uintx ReservedCodeCacheSize                    = 251658240                              {pd product} {ergonomic}
     bool SegmentedCodeCache                       = true                                      {product} {ergonomic}
     bool UseCompressedClassPointers               = true                                 {lp64_product} {ergonomic}
     bool UseCompressedOops                        = true                                 {lp64_product} {ergonomic}
     bool UseG1GC                                  = true                                      {product} {ergonomic}
     bool UseLargePagesIndividualAllocation        = false                                  {pd product} {ergonomic}

Logging:
Log output configuration:
 #0: stdout all=warning uptime,level,tags
 #1: stderr all=off uptime,level,tags

Environment Variables:
PATH=C:\python 3.9.1\Scripts\;C:\python 3.9.1\;C:\WINDOWS\system32;C:\WINDOWS;C:\WINDOWS\System32\Wbem;C:\WINDOWS\System32\WindowsPowerShell\v1.0\;C:\WINDOWS\System32\OpenSSH\;C:\MinGW\bin;C:\Program Files\Git\cmd;C:\Users\souvik dey\AppData\Local\Microsoft\WindowsApps;C:\Users\souvik dey\AppData\Local\atom\bin
USERNAME=souvik dey
OS=Windows_NT
PROCESSOR_IDENTIFIER=AMD64 Family 23 Model 24 Stepping 1, AuthenticAMD



---------------  S Y S T E M  ---------------

OS: Windows 10 , 64 bit Build 19041 (10.0.19041.1348)
OS uptime: 13 days 14:57 hours
Hyper-V role detected

CPU:total 8 (initial active 8) (8 cores per cpu, 2 threads per core) family 23 model 24 stepping 1 microcode 0x0, cmov, cx8, fxsr, mmx, sse, sse2, sse3, ssse3, sse4.1, sse4.2, popcnt, avx, avx2, aes, clmul, mmxext, 3dnowpref, lzcnt, sse4a, ht, tsc, tscinvbit, tscinv, bmi1, bmi2, adx, s

Memory: 4k page, system-wide physical 6058M (254M free)
TotalPageFile size 24490M (AvailPageFile size 9M)
current process WorkingSet (physical memory assigned to process): 193M, peak: 210M
current process commit charge ("private bytes"): 247M, peak: 265M

vm_info: OpenJDK 64-Bit Server VM (11.0.10+0-b96-7249189) for windows-amd64 JRE (11.0.10+0-b96-7249189), built on Mar 31 2021 21:44:00 by "builder" with MS VC++ 14.0 (VS2015)

END.
