#
# There is insufficient memory for the Java Runtime Environment to continue.
# Native memory allocation (mmap) failed to map 88080384 bytes for Failed to commit area from 0x000000008b100000 to 0x0000000090500000 of length 88080384.
# Possible reasons:
#   The system is out of physical RAM or swap space
#   The process is running with CompressedOops enabled, and the Java Heap may be blocking the growth of the native heap
# Possible solutions:
#   Reduce memory load on the system
#   Increase physical memory or swap space
#   Check if swap backing store is full
#   Decrease Java heap size (-Xmx/-Xms)
#   Decrease number of Java threads
#   Decrease Java thread stack sizes (-Xss)
#   Set larger code cache with -XX:ReservedCodeCacheSize=
#   JVM is running with Unscaled Compressed Oops mode in which the Java heap is
#     placed in the first 4GB address space. The Java Heap base address is the
#     maximum limit for the native heap growth. Please use -XX:HeapBaseMinAddress
#     to set the Java Heap base and to place the Java Heap above 4GB virtual address.
# This output file may be truncated or incomplete.
#
#  Out of Memory Error (./src/hotspot/os/windows/os_windows.cpp:3301), pid=5640, tid=3656
#
# JRE version: OpenJDK Runtime Environment (11.0.10) (build 11.0.10+0-b96-7249189)
# Java VM: OpenJDK 64-Bit Server VM (11.0.10+0-b96-7249189, mixed mode, tiered, compressed oops, g1 gc, windows-amd64)
# No core dump will be written. Minidumps are not enabled by default on client versions of Windows
#

---------------  S U M M A R Y ------------

Command Line: --add-opens=java.base/java.util=ALL-UNNAMED --add-opens=java.base/java.lang=ALL-UNNAMED --add-opens=java.base/java.lang.invoke=ALL-UNNAMED --add-opens=java.base/java.util=ALL-UNNAMED --add-opens=java.prefs/java.util.prefs=ALL-UNNAMED --add-opens=java.prefs/java.util.prefs=ALL-UNNAMED --add-opens=java.base/java.nio.charset=ALL-UNNAMED --add-opens=java.base/java.net=ALL-UNNAMED --add-opens=java.base/java.util.concurrent.atomic=ALL-UNNAMED -Xmx2048m -Dfile.encoding=UTF-8 -Duser.country=IN -Duser.language=en -Duser.variant org.gradle.launcher.daemon.bootstrap.GradleDaemon 7.0.2

Host: AMD Ryzen 5 3500U with Radeon Vega Mobile Gfx  , 8 cores, 5G,  Windows 10 , 64 bit Build 19041 (10.0.19041.1348)
Time: Tue Dec 14 03:37:31 2021 India Standard Time elapsed time: 28.963572 seconds (0d 0h 0m 28s)

---------------  T H R E A D  ---------------

Current thread (0x00000236fd91d000):  VMThread "VM Thread" [stack: 0x000000b72e100000,0x000000b72e200000] [id=3656]

Stack: [0x000000b72e100000,0x000000b72e200000]
[error occurred during error reporting (printing stack bounds), id 0xc0000005, EXCEPTION_ACCESS_VIOLATION (0xc0000005) at pc=0x0000023680000f2d]

Native frames: (J=compiled Java code, j=interpreted, Vv=VM code, C=native code)
V  [jvm.dll+0x5ecfaa]
V  [jvm.dll+0x722bd5]
V  [jvm.dll+0x72412d]
V  [jvm.dll+0x724745]
V  [jvm.dll+0x7246fb]
V  [jvm.dll+0x5ec348]
V  [jvm.dll+0x5ecad8]
C  [ntdll.dll+0xa20cf]
C  [ntdll.dll+0x51454]
C  [ntdll.dll+0xa0bfe]
C  0x0000023680000f2d

VM_Operation (0x000000b733dfdc00): G1CollectForAllocation, mode: safepoint, requested by thread 0x00000236fe538800


---------------  P R O C E S S  ---------------

Threads class SMR info:
_java_thread_list=0x0000023693286380, length=85, elements={
0x00000236f1c8b800, 0x00000236fe141800, 0x00000236fe14c800, 0x00000236fe195800,
0x00000236fe196800, 0x00000236fe199000, 0x00000236fe19c000, 0x00000236fe19d000,
0x00000236fd931000, 0x00000236fe300800, 0x000002368f6e1000, 0x00000236ff6dc000,
0x00000236ffc28000, 0x000002368f498800, 0x000002368f499000, 0x000002368f933000,
0x000002368f426000, 0x00000236ffca3000, 0x000002368f431000, 0x000002368f3aa000,
0x000002368f3ab000, 0x000002368f3ae000, 0x000002368f3af000, 0x000002368f3af800,
0x000002368f3ac800, 0x000002368f3ab800, 0x000002368f3b0800, 0x000002368f3ad800,
0x0000023690f6b000, 0x0000023690f6a000, 0x0000023690f6c000, 0x0000023690f66000,
0x0000023690f68800, 0x0000023690f69800, 0x0000023690f67000, 0x0000023690f67800,
0x0000023690f71800, 0x0000023690f73000, 0x0000023690f6d800, 0x0000023690f74000,
0x0000023690f6f000, 0x0000023690f70000, 0x0000023690f6e800, 0x0000023690f72800,
0x0000023690f70800, 0x00000236ff519800, 0x00000236ff51e000, 0x00000236ff51d800,
0x00000236ff51a000, 0x00000236ff51b000, 0x00000236ff51c800, 0x00000236ff520000,
0x00000236903d2000, 0x00000236903d1000, 0x00000236903d4800, 0x00000236903d0800,
0x00000236903d6000, 0x00000236903d7000, 0x00000236903d7800, 0x00000236903d8800,
0x00000236903d3800, 0x00000236903d2800, 0x00000236903d9800, 0x00000236903db000,
0x00000236903d5000, 0x00000236903de000, 0x00000236903df000, 0x00000236903da000,
0x00000236903dd800, 0x00000236903db800, 0x00000236903dc800, 0x00000236fe52a800,
0x00000236fe52f800, 0x00000236fe52c800, 0x00000236fe530800, 0x00000236fe52e000,
0x00000236fe8a4800, 0x00000236fe531000, 0x00000236fe52d000, 0x00000236fe52e800,
0x00000236fe52b800, 0x00000236fe537800, 0x00000236fe532000, 0x00000236fe538800,
0x00000236fe533000
}

Java Threads: ( => current thread )
  0x00000236f1c8b800 JavaThread "main" [_thread_blocked, id=14120, stack(0x000000b72db00000,0x000000b72dc00000)]
  0x00000236fe141800 JavaThread "Reference Handler" daemon [_thread_blocked, id=26260, stack(0x000000b72e200000,0x000000b72e300000)]
  0x00000236fe14c800 JavaThread "Finalizer" daemon [_thread_blocked, id=15264, stack(0x000000b72e300000,0x000000b72e400000)]
  0x00000236fe195800 JavaThread "Signal Dispatcher" daemon [_thread_blocked, id=25228, stack(0x000000b72e400000,0x000000b72e500000)]
  0x00000236fe196800 JavaThread "Attach Listener" daemon [_thread_blocked, id=25880, stack(0x000000b72e500000,0x000000b72e600000)]
  0x00000236fe199000 JavaThread "Service Thread" daemon [_thread_blocked, id=7332, stack(0x000000b72e600000,0x000000b72e700000)]
  0x00000236fe19c000 JavaThread "C2 CompilerThread0" daemon [_thread_blocked, id=21896, stack(0x000000b72e700000,0x000000b72e800000)]
  0x00000236fe19d000 JavaThread "C1 CompilerThread0" daemon [_thread_blocked, id=13652, stack(0x000000b72e800000,0x000000b72e900000)]
  0x00000236fd931000 JavaThread "Sweeper thread" daemon [_thread_blocked, id=27920, stack(0x000000b72e900000,0x000000b72ea00000)]
  0x00000236fe300800 JavaThread "Common-Cleaner" daemon [_thread_blocked, id=6008, stack(0x000000b72ea00000,0x000000b72eb00000)]
  0x000002368f6e1000 JavaThread "Daemon health stats" [_thread_blocked, id=17420, stack(0x000000b72ee00000,0x000000b72ef00000)]
  0x00000236ff6dc000 JavaThread "Incoming local TCP Connector on port 51989" [_thread_in_native, id=22492, stack(0x000000b72f100000,0x000000b72f200000)]
  0x00000236ffc28000 JavaThread "Daemon periodic checks" [_thread_blocked, id=25756, stack(0x000000b72f200000,0x000000b72f300000)]
  0x000002368f498800 JavaThread "Daemon" [_thread_blocked, id=25780, stack(0x000000b72f300000,0x000000b72f400000)]
  0x000002368f499000 JavaThread "Handler for socket connection from /127.0.0.1:51989 to /127.0.0.1:51990" [_thread_in_native, id=20548, stack(0x000000b72f400000,0x000000b72f500000)]
  0x000002368f933000 JavaThread "Cancel handler" [_thread_blocked, id=18740, stack(0x000000b72f500000,0x000000b72f600000)]
  0x000002368f426000 JavaThread "Daemon worker" [_thread_blocked, id=22612, stack(0x000000b72f600000,0x000000b72f700000)]
  0x00000236ffca3000 JavaThread "Asynchronous log dispatcher for DefaultDaemonConnection: socket connection from /127.0.0.1:51989 to /127.0.0.1:51990" [_thread_blocked, id=26572, stack(0x000000b72f700000,0x000000b72f800000)]
  0x000002368f431000 JavaThread "Stdin handler" [_thread_blocked, id=23540, stack(0x000000b72f800000,0x000000b72f900000)]
  0x000002368f3aa000 JavaThread "Daemon client event forwarder" [_thread_blocked, id=18244, stack(0x000000b72f900000,0x000000b72fa00000)]
  0x000002368f3ab000 JavaThread "Cache worker for file hash cache (C:\Users\souvik dey\.gradle\caches\7.0.2\fileHashes)" [_thread_blocked, id=27320, stack(0x000000b72fa00000,0x000000b72fb00000)]
  0x000002368f3ae000 JavaThread "File lock request listener" [_thread_in_native, id=25620, stack(0x000000b72fb00000,0x000000b72fc00000)]
  0x000002368f3af000 JavaThread "Cache worker for journal cache (C:\Users\souvik dey\.gradle\caches\journal-1)" [_thread_blocked, id=14140, stack(0x000000b730100000,0x000000b730200000)]
  0x000002368f3af800 JavaThread "Cache worker for file hash cache (E:\my programming\android projects\EasyDRAW\.gradle\7.0.2\fileHashes)" [_thread_blocked, id=26096, stack(0x000000b730200000,0x000000b730300000)]
  0x000002368f3ac800 JavaThread "File watcher server" daemon [_thread_blocked, id=28644, stack(0x000000b730300000,0x000000b730400000)]
  0x000002368f3ab800 JavaThread "File watcher consumer" daemon [_thread_blocked, id=27144, stack(0x000000b730400000,0x000000b730500000)]
  0x000002368f3b0800 JavaThread "Cache worker for checksums cache (E:\my programming\android projects\EasyDRAW\.gradle\checksums)" [_thread_blocked, id=28256, stack(0x000000b730500000,0x000000b730600000)]
  0x000002368f3ad800 JavaThread "Cache worker for cache directory md-supplier (C:\Users\souvik dey\.gradle\caches\7.0.2\md-supplier)" [_thread_blocked, id=12176, stack(0x000000b730600000,0x000000b730700000)]
  0x0000023690f6b000 JavaThread "Cache worker for cache directory md-rule (C:\Users\souvik dey\.gradle\caches\7.0.2\md-rule)" [_thread_blocked, id=14508, stack(0x000000b730700000,0x000000b730800000)]
  0x0000023690f6a000 JavaThread "Cache worker for execution history cache (C:\Users\souvik dey\.gradle\caches\7.0.2\executionHistory)" [_thread_blocked, id=25364, stack(0x000000b730800000,0x000000b730900000)]
  0x0000023690f6c000 JavaThread "jar transforms" [_thread_blocked, id=24128, stack(0x000000b730900000,0x000000b730a00000)]
  0x0000023690f66000 JavaThread "jar transforms Thread 2" [_thread_blocked, id=27040, stack(0x000000b730a00000,0x000000b730b00000)]
  0x0000023690f68800 JavaThread "Cache worker for file content cache (C:\Users\souvik dey\.gradle\caches\7.0.2\fileContent)" [_thread_blocked, id=5480, stack(0x000000b730b00000,0x000000b730c00000)]
  0x0000023690f69800 JavaThread "Cache worker for dependencies-accessors (E:\my programming\android projects\EasyDRAW\.gradle\7.0.2\dependencies-accessors)" [_thread_blocked, id=19796, stack(0x000000b730c00000,0x000000b730d00000)]
  0x0000023690f67000 JavaThread "jar transforms Thread 3" [_thread_blocked, id=14464, stack(0x000000b730d00000,0x000000b730e00000)]
  0x0000023690f67800 JavaThread "Cache worker for Build Output Cleanup Cache (E:\my programming\android projects\EasyDRAW\.gradle\buildOutputCleanup)" [_thread_blocked, id=27280, stack(0x000000b730e00000,0x000000b730f00000)]
  0x0000023690f71800 JavaThread "Build operations" [_thread_blocked, id=23180, stack(0x000000b730f00000,0x000000b731000000)]
  0x0000023690f73000 JavaThread "Build operations Thread 2" [_thread_blocked, id=25336, stack(0x000000b731000000,0x000000b731100000)]
  0x0000023690f6d800 JavaThread "Build operations Thread 3" [_thread_blocked, id=14952, stack(0x000000b731100000,0x000000b731200000)]
  0x0000023690f74000 JavaThread "Build operations Thread 4" [_thread_blocked, id=11936, stack(0x000000b731200000,0x000000b731300000)]
  0x0000023690f6f000 JavaThread "Build operations Thread 5" [_thread_blocked, id=2124, stack(0x000000b731300000,0x000000b731400000)]
  0x0000023690f70000 JavaThread "Build operations Thread 6" [_thread_blocked, id=27132, stack(0x000000b731400000,0x000000b731500000)]
  0x0000023690f6e800 JavaThread "Build operations Thread 7" [_thread_blocked, id=17448, stack(0x000000b731500000,0x000000b731600000)]
  0x0000023690f72800 JavaThread "Build operations Thread 8" [_thread_blocked, id=27884, stack(0x000000b731600000,0x000000b731700000)]
  0x0000023690f70800 JavaThread "jar transforms Thread 4" [_thread_blocked, id=12292, stack(0x000000b731700000,0x000000b731800000)]
  0x00000236ff519800 JavaThread "jar transforms Thread 5" [_thread_blocked, id=18184, stack(0x000000b731800000,0x000000b731900000)]
  0x00000236ff51e000 JavaThread "jar transforms Thread 6" [_thread_blocked, id=10116, stack(0x000000b731900000,0x000000b731a00000)]
  0x00000236ff51d800 JavaThread "jar transforms Thread 7" [_thread_blocked, id=13488, stack(0x000000b731a00000,0x000000b731b00000)]
  0x00000236ff51a000 JavaThread "jar transforms Thread 8" [_thread_blocked, id=13968, stack(0x000000b731b00000,0x000000b731c00000)]
  0x00000236ff51b000 JavaThread "Memory manager" [_thread_blocked, id=13728, stack(0x000000b731c00000,0x000000b731d00000)]
  0x00000236ff51c800 JavaThread "build event listener" [_thread_blocked, id=28592, stack(0x000000b731d00000,0x000000b731e00000)]
  0x00000236ff520000 JavaThread "build event listener" [_thread_blocked, id=24224, stack(0x000000b731e00000,0x000000b731f00000)]
  0x00000236903d2000 JavaThread "pool-3-thread-1" [_thread_blocked, id=1512, stack(0x000000b731f00000,0x000000b732000000)]
  0x00000236903d1000 JavaThread "build event listener" [_thread_blocked, id=8236, stack(0x000000b732000000,0x000000b732100000)]
  0x00000236903d4800 JavaThread "Execution worker for ':'" [_thread_blocked, id=25100, stack(0x000000b732100000,0x000000b732200000)]
  0x00000236903d0800 JavaThread "Execution worker for ':' Thread 2" [_thread_blocked, id=9432, stack(0x000000b732200000,0x000000b732300000)]
  0x00000236903d6000 JavaThread "Execution worker for ':' Thread 3" [_thread_blocked, id=2936, stack(0x000000b732300000,0x000000b732400000)]
  0x00000236903d7000 JavaThread "Execution worker for ':' Thread 4" [_thread_blocked, id=19060, stack(0x000000b732400000,0x000000b732500000)]
  0x00000236903d7800 JavaThread "Execution worker for ':' Thread 5" [_thread_blocked, id=21364, stack(0x000000b732500000,0x000000b732600000)]
  0x00000236903d8800 JavaThread "Execution worker for ':' Thread 6" [_thread_blocked, id=24820, stack(0x000000b732600000,0x000000b732700000)]
  0x00000236903d3800 JavaThread "Execution worker for ':' Thread 7" [_thread_blocked, id=21920, stack(0x000000b732700000,0x000000b732800000)]
  0x00000236903d2800 JavaThread "Cache worker for execution history cache (E:\my programming\android projects\EasyDRAW\.gradle\7.0.2\executionHistory)" [_thread_blocked, id=26352, stack(0x000000b732800000,0x000000b732900000)]
  0x00000236903d9800 JavaThread "RMI Scheduler(0)" daemon [_thread_blocked, id=27352, stack(0x000000b72ec00000,0x000000b72ed00000)]
  0x00000236903db000 JavaThread "RMI GC Daemon" daemon [_thread_blocked, id=20740, stack(0x000000b732a00000,0x000000b732b00000)]
  0x00000236903d5000 JavaThread "RMI TCP Accept-0" daemon [_thread_in_native, id=8412, stack(0x000000b732b00000,0x000000b732c00000)]
  0x00000236903de000 JavaThread "RMI Reaper" [_thread_blocked, id=17844, stack(0x000000b732c00000,0x000000b732d00000)]
  0x00000236903df000 JavaThread "RMI TCP Connection(1)-127.0.0.1" daemon [_thread_in_native, id=28376, stack(0x000000b732d00000,0x000000b732e00000)]
  0x00000236903da000 JavaThread "WorkerExecutor Queue" [_thread_blocked, id=17204, stack(0x000000b732900000,0x000000b732a00000)]
  0x00000236903dd800 JavaThread "WorkerExecutor Queue Thread 2" [_thread_blocked, id=25212, stack(0x000000b732e00000,0x000000b732f00000)]
  0x00000236903db800 JavaThread "WorkerExecutor Queue Thread 3" [_thread_blocked, id=5592, stack(0x000000b732f00000,0x000000b733000000)]
  0x00000236903dc800 JavaThread "WorkerExecutor Queue Thread 4" [_thread_blocked, id=24872, stack(0x000000b733000000,0x000000b733100000)]
  0x00000236fe52a800 JavaThread "WorkerExecutor Queue Thread 5" [_thread_blocked, id=27432, stack(0x000000b733100000,0x000000b733200000)]
  0x00000236fe52f800 JavaThread "WorkerExecutor Queue Thread 6" [_thread_blocked, id=27908, stack(0x000000b733200000,0x000000b733300000)]
  0x00000236fe52c800 JavaThread "WorkerExecutor Queue Thread 7" [_thread_blocked, id=19568, stack(0x000000b733300000,0x000000b733400000)]
  0x00000236fe530800 JavaThread "WorkerExecutor Queue Thread 8" [_thread_blocked, id=21620, stack(0x000000b733400000,0x000000b733500000)]
  0x00000236fe52e000 JavaThread "WorkerExecutor Queue Thread 9" [_thread_blocked, id=9044, stack(0x000000b733500000,0x000000b733600000)]
  0x00000236fe8a4800 JavaThread "C2 CompilerThread1" daemon [_thread_blocked, id=20344, stack(0x000000b733600000,0x000000b733700000)]
  0x00000236fe531000 JavaThread "ForkJoinPool-1-worker-3" daemon [_thread_blocked, id=9648, stack(0x000000b733700000,0x000000b733800000)]
  0x00000236fe52d000 JavaThread "ForkJoinPool-1-worker-5" daemon [_thread_blocked, id=23224, stack(0x000000b733800000,0x000000b733900000)]
  0x00000236fe52e800 JavaThread "ForkJoinPool-1-worker-7" daemon [_thread_blocked, id=7368, stack(0x000000b733900000,0x000000b733a00000)]
  0x00000236fe52b800 JavaThread "ForkJoinPool-1-worker-9" daemon [_thread_blocked, id=25208, stack(0x000000b733a00000,0x000000b733b00000)]
  0x00000236fe537800 JavaThread "ForkJoinPool-1-worker-11" daemon [_thread_blocked, id=25816, stack(0x000000b733b00000,0x000000b733c00000)]
  0x00000236fe532000 JavaThread "ForkJoinPool-1-worker-15" daemon [_thread_blocked, id=8076, stack(0x000000b733c00000,0x000000b733d00000)]
  0x00000236fe538800 JavaThread "ForkJoinPool-1-worker-13" daemon [_thread_blocked, id=20072, stack(0x000000b733d00000,0x000000b733e00000)]
  0x00000236fe533000 JavaThread "ForkJoinPool-1-worker-1" daemon [_thread_blocked, id=28548, stack(0x000000b733e00000,0x000000b733f00000)]

Other Threads:
=>0x00000236fd91d000 VMThread "VM Thread" [stack: 0x000000b72e100000,0x000000b72e200000] [id=3656]
  0x00000236fe350800 WatcherThread [stack: 0x000000b72eb00000,0x000000b72ec00000] [id=7688]
  0x00000236f1ca4000 GCTaskThread "GC Thread#0" [stack: 0x000000b72dc00000,0x000000b72dd00000] [id=28536]
  0x00000236ff02c000 GCTaskThread "GC Thread#1" [stack: 0x000000b72ed00000,0x000000b72ee00000] [id=25716]
  0x000002368fd62800 GCTaskThread "GC Thread#2" [stack: 0x000000b72ef00000,0x000000b72f000000] [id=26012]
  0x00000236ffad6800 GCTaskThread "GC Thread#3" [stack: 0x000000b72f000000,0x000000b72f100000] [id=28216]
  0x00000236ffce3800 GCTaskThread "GC Thread#4" [stack: 0x000000b72fc00000,0x000000b72fd00000] [id=28284]
  0x00000236ffce4800 GCTaskThread "GC Thread#5" [stack: 0x000000b72fd00000,0x000000b72fe00000] [id=18072]
  0x000002368fc08000 GCTaskThread "GC Thread#6" [stack: 0x000000b72fe00000,0x000000b72ff00000] [id=22332]
  0x000002368fc08800 GCTaskThread "GC Thread#7" [stack: 0x000000b72ff00000,0x000000b730000000] [id=28288]
  0x00000236f1cd6800 ConcurrentGCThread "G1 Main Marker" [stack: 0x000000b72dd00000,0x000000b72de00000] [id=17640]
  0x00000236f1cd7800 ConcurrentGCThread "G1 Conc#0" [stack: 0x000000b72de00000,0x000000b72df00000] [id=27588]
  0x0000023690172800 ConcurrentGCThread "G1 Conc#1" [stack: 0x000000b730000000,0x000000b730100000] [id=3272]
  0x00000236fd769800 ConcurrentGCThread "G1 Refine#0" [stack: 0x000000b72df00000,0x000000b72e000000] [id=26672]
  0x00000236fd76a800 ConcurrentGCThread "G1 Young RemSet Sampling" [stack: 0x000000b72e000000,0x000000b72e100000] [id=22868]

Threads with active compile tasks:
C2 CompilerThread0  28993 13187       4       com.android.tools.r8.code.w1::a (4137 bytes)
C2 CompilerThread1  28993 13108 %     4       com.android.tools.r8.dex.j::a @ 315 (1038 bytes)

VM state:at safepoint (normal execution)

VM Mutex/Monitor currently owned by a thread:  ([mutex/lock_event])
[0x00000236f1c88ff0] Threads_lock - owner thread: 0x00000236fd91d000
[0x00000236f1c87cd0] Heap_lock - owner thread: 0x00000236fe538800

Heap address: 0x0000000080000000, size: 2048 MB, Compressed Oops mode: 32-bit
Narrow klass base: 0x0000000000000000, Narrow klass shift: 3
Compressed class space size: 1073741824 Address: 0x0000000100000000

Heap:
 garbage-first heap   total 267264K, used 152354K [0x0000000080000000, 0x0000000100000000)
  region size 1024K, 1 young (1024K), 1 survivors (1024K)
 Metaspace       used 108295K, capacity 111270K, committed 112076K, reserved 1146880K
  class space    used 14232K, capacity 15317K, committed 15564K, reserved 1048576K
Heap Regions: E=young(eden), S=young(survivor), O=old, HS=humongous(starts), HC=humongous(continues), CS=collection set, F=free, A=archive, TAMS=top-at-mark-start (previous, next)
|   0|0x0000000080000000, 0x0000000080100000, 0x0000000080100000|100%| O|  |TAMS 0x0000000080100000, 0x0000000080100000| Untracked 
|   1|0x0000000080100000, 0x0000000080200000, 0x0000000080200000|100%| O|  |TAMS 0x0000000080200000, 0x0000000080200000| Untracked 
|   2|0x0000000080200000, 0x0000000080300000, 0x0000000080300000|100%| O|  |TAMS 0x0000000080300000, 0x0000000080300000| Untracked 
|   3|0x0000000080300000, 0x0000000080400000, 0x0000000080400000|100%|HS|  |TAMS 0x0000000080400000, 0x0000000080400000| Complete 
|   4|0x0000000080400000, 0x0000000080500000, 0x0000000080500000|100%|HC|  |TAMS 0x0000000080500000, 0x0000000080500000| Complete 
|   5|0x0000000080500000, 0x0000000080600000, 0x0000000080600000|100%|HC|  |TAMS 0x0000000080600000, 0x0000000080600000| Complete 
|   6|0x0000000080600000, 0x0000000080700000, 0x0000000080700000|100%| O|  |TAMS 0x0000000080700000, 0x0000000080700000| Untracked 
|   7|0x0000000080700000, 0x0000000080800000, 0x0000000080800000|100%| O|  |TAMS 0x0000000080800000, 0x0000000080800000| Untracked 
|   8|0x0000000080800000, 0x0000000080900000, 0x0000000080900000|100%| O|  |TAMS 0x0000000080900000, 0x0000000080900000| Untracked 
|   9|0x0000000080900000, 0x0000000080a00000, 0x0000000080a00000|100%| O|  |TAMS 0x0000000080a00000, 0x0000000080a00000| Untracked 
|  10|0x0000000080a00000, 0x0000000080b00000, 0x0000000080b00000|100%| O|  |TAMS 0x0000000080b00000, 0x0000000080b00000| Untracked 
|  11|0x0000000080b00000, 0x0000000080c00000, 0x0000000080c00000|100%| O|  |TAMS 0x0000000080c00000, 0x0000000080c00000| Untracked 
|  12|0x0000000080c00000, 0x0000000080d00000, 0x0000000080d00000|100%| O|  |TAMS 0x0000000080d00000, 0x0000000080d00000| Untracked 
|  13|0x0000000080d00000, 0x0000000080e00000, 0x0000000080e00000|100%| O|  |TAMS 0x0000000080e00000, 0x0000000080e00000| Untracked 
|  14|0x0000000080e00000, 0x0000000080f00000, 0x0000000080f00000|100%| O|  |TAMS 0x0000000080f00000, 0x0000000080f00000| Untracked 
|  15|0x0000000080f00000, 0x0000000081000000, 0x0000000081000000|100%| O|  |TAMS 0x0000000081000000, 0x0000000081000000| Untracked 
|  16|0x0000000081000000, 0x0000000081100000, 0x0000000081100000|100%| O|  |TAMS 0x0000000081100000, 0x0000000081100000| Untracked 
|  17|0x0000000081100000, 0x0000000081200000, 0x0000000081200000|100%| O|  |TAMS 0x0000000081200000, 0x0000000081200000| Untracked 
|  18|0x0000000081200000, 0x0000000081300000, 0x0000000081300000|100%| O|  |TAMS 0x0000000081300000, 0x0000000081300000| Untracked 
|  19|0x0000000081300000, 0x0000000081400000, 0x0000000081400000|100%| O|  |TAMS 0x0000000081400000, 0x0000000081400000| Untracked 
|  20|0x0000000081400000, 0x0000000081500000, 0x0000000081500000|100%| O|  |TAMS 0x0000000081500000, 0x0000000081500000| Untracked 
|  21|0x0000000081500000, 0x0000000081600000, 0x0000000081600000|100%| O|  |TAMS 0x0000000081600000, 0x0000000081600000| Untracked 
|  22|0x0000000081600000, 0x0000000081700000, 0x0000000081700000|100%| O|  |TAMS 0x0000000081700000, 0x0000000081700000| Untracked 
|  23|0x0000000081700000, 0x0000000081800000, 0x0000000081800000|100%| O|  |TAMS 0x0000000081800000, 0x0000000081800000| Untracked 
|  24|0x0000000081800000, 0x0000000081900000, 0x0000000081900000|100%| O|  |TAMS 0x0000000081900000, 0x0000000081900000| Untracked 
|  25|0x0000000081900000, 0x0000000081a00000, 0x0000000081a00000|100%| O|  |TAMS 0x0000000081a00000, 0x0000000081a00000| Untracked 
|  26|0x0000000081a00000, 0x0000000081b00000, 0x0000000081b00000|100%|HS|  |TAMS 0x0000000081b00000, 0x0000000081b00000| Complete 
|  27|0x0000000081b00000, 0x0000000081c00000, 0x0000000081c00000|100%|HS|  |TAMS 0x0000000081c00000, 0x0000000081c00000| Complete 
|  28|0x0000000081c00000, 0x0000000081d00000, 0x0000000081d00000|100%|HS|  |TAMS 0x0000000081d00000, 0x0000000081d00000| Complete 
|  29|0x0000000081d00000, 0x0000000081e00000, 0x0000000081e00000|100%|HS|  |TAMS 0x0000000081e00000, 0x0000000081e00000| Complete 
|  30|0x0000000081e00000, 0x0000000081f00000, 0x0000000081f00000|100%|HC|  |TAMS 0x0000000081f00000, 0x0000000081f00000| Complete 
|  31|0x0000000081f00000, 0x0000000082000000, 0x0000000082000000|100%|HC|  |TAMS 0x0000000082000000, 0x0000000082000000| Complete 
|  32|0x0000000082000000, 0x0000000082100000, 0x0000000082100000|100%|HS|  |TAMS 0x0000000082100000, 0x0000000082100000| Complete 
|  33|0x0000000082100000, 0x0000000082200000, 0x0000000082200000|100%|HC|  |TAMS 0x0000000082200000, 0x0000000082200000| Complete 
|  34|0x0000000082200000, 0x0000000082300000, 0x0000000082300000|100%| O|  |TAMS 0x0000000082300000, 0x0000000082300000| Untracked 
|  35|0x0000000082300000, 0x0000000082400000, 0x0000000082400000|100%| O|  |TAMS 0x0000000082400000, 0x0000000082400000| Untracked 
|  36|0x0000000082400000, 0x0000000082500000, 0x0000000082500000|100%| O|  |TAMS 0x0000000082500000, 0x0000000082500000| Untracked 
|  37|0x0000000082500000, 0x0000000082600000, 0x0000000082600000|100%| O|  |TAMS 0x0000000082600000, 0x0000000082600000| Untracked 
|  38|0x0000000082600000, 0x0000000082700000, 0x0000000082700000|100%| O|  |TAMS 0x0000000082700000, 0x0000000082700000| Untracked 
|  39|0x0000000082700000, 0x0000000082800000, 0x0000000082800000|100%| O|  |TAMS 0x0000000082800000, 0x0000000082800000| Untracked 
|  40|0x0000000082800000, 0x0000000082900000, 0x0000000082900000|100%| O|  |TAMS 0x0000000082900000, 0x0000000082900000| Untracked 
|  41|0x0000000082900000, 0x0000000082a00000, 0x0000000082a00000|100%| O|  |TAMS 0x0000000082a00000, 0x0000000082a00000| Untracked 
|  42|0x0000000082a00000, 0x0000000082b00000, 0x0000000082b00000|100%| O|  |TAMS 0x0000000082b00000, 0x0000000082b00000| Untracked 
|  43|0x0000000082b00000, 0x0000000082c00000, 0x0000000082c00000|100%| O|  |TAMS 0x0000000082c00000, 0x0000000082c00000| Untracked 
|  44|0x0000000082c00000, 0x0000000082d00000, 0x0000000082d00000|100%| O|  |TAMS 0x0000000082d00000, 0x0000000082d00000| Untracked 
|  45|0x0000000082d00000, 0x0000000082e00000, 0x0000000082e00000|100%| O|  |TAMS 0x0000000082e00000, 0x0000000082e00000| Untracked 
|  46|0x0000000082e00000, 0x0000000082f00000, 0x0000000082f00000|100%| O|  |TAMS 0x0000000082f00000, 0x0000000082f00000| Untracked 
|  47|0x0000000082f00000, 0x0000000083000000, 0x0000000083000000|100%| O|  |TAMS 0x0000000083000000, 0x0000000083000000| Untracked 
|  48|0x0000000083000000, 0x0000000083100000, 0x0000000083100000|100%| O|  |TAMS 0x0000000083100000, 0x0000000083100000| Untracked 
|  49|0x0000000083100000, 0x0000000083200000, 0x0000000083200000|100%| O|  |TAMS 0x0000000083200000, 0x0000000083200000| Untracked 
|  50|0x0000000083200000, 0x0000000083300000, 0x0000000083300000|100%| O|  |TAMS 0x0000000083300000, 0x0000000083300000| Untracked 
|  51|0x0000000083300000, 0x0000000083400000, 0x0000000083400000|100%| O|  |TAMS 0x0000000083400000, 0x0000000083400000| Untracked 
|  52|0x0000000083400000, 0x0000000083500000, 0x0000000083500000|100%| O|  |TAMS 0x0000000083500000, 0x0000000083500000| Untracked 
|  53|0x0000000083500000, 0x0000000083600000, 0x0000000083600000|100%| O|  |TAMS 0x0000000083600000, 0x0000000083600000| Untracked 
|  54|0x0000000083600000, 0x0000000083700000, 0x0000000083700000|100%| O|  |TAMS 0x0000000083700000, 0x0000000083700000| Untracked 
|  55|0x0000000083700000, 0x0000000083800000, 0x0000000083800000|100%| O|  |TAMS 0x0000000083800000, 0x0000000083800000| Untracked 
|  56|0x0000000083800000, 0x0000000083900000, 0x0000000083900000|100%| O|  |TAMS 0x0000000083900000, 0x0000000083900000| Untracked 
|  57|0x0000000083900000, 0x0000000083a00000, 0x0000000083a00000|100%| O|  |TAMS 0x0000000083a00000, 0x0000000083a00000| Untracked 
|  58|0x0000000083a00000, 0x0000000083b00000, 0x0000000083b00000|100%| O|  |TAMS 0x0000000083b00000, 0x0000000083b00000| Untracked 
|  59|0x0000000083b00000, 0x0000000083c00000, 0x0000000083c00000|100%| O|  |TAMS 0x0000000083c00000, 0x0000000083c00000| Untracked 
|  60|0x0000000083c00000, 0x0000000083d00000, 0x0000000083d00000|100%| O|  |TAMS 0x0000000083d00000, 0x0000000083d00000| Untracked 
|  61|0x0000000083d00000, 0x0000000083e00000, 0x0000000083e00000|100%| O|  |TAMS 0x0000000083e00000, 0x0000000083e00000| Untracked 
|  62|0x0000000083e00000, 0x0000000083f00000, 0x0000000083f00000|100%| O|  |TAMS 0x0000000083f00000, 0x0000000083f00000| Untracked 
|  63|0x0000000083f00000, 0x0000000084000000, 0x0000000084000000|100%| O|  |TAMS 0x0000000084000000, 0x0000000084000000| Untracked 
|  64|0x0000000084000000, 0x0000000084100000, 0x0000000084100000|100%| O|  |TAMS 0x0000000084100000, 0x0000000084100000| Untracked 
|  65|0x0000000084100000, 0x0000000084200000, 0x0000000084200000|100%| O|  |TAMS 0x0000000084200000, 0x0000000084200000| Untracked 
|  66|0x0000000084200000, 0x0000000084300000, 0x0000000084300000|100%| O|  |TAMS 0x0000000084300000, 0x0000000084300000| Untracked 
|  67|0x0000000084300000, 0x0000000084400000, 0x0000000084400000|100%| O|  |TAMS 0x0000000084400000, 0x0000000084400000| Untracked 
|  68|0x0000000084400000, 0x0000000084500000, 0x0000000084500000|100%| O|  |TAMS 0x0000000084500000, 0x0000000084500000| Untracked 
|  69|0x0000000084500000, 0x0000000084600000, 0x0000000084600000|100%| O|  |TAMS 0x0000000084600000, 0x0000000084600000| Untracked 
|  70|0x0000000084600000, 0x0000000084700000, 0x0000000084700000|100%| O|  |TAMS 0x0000000084700000, 0x0000000084700000| Untracked 
|  71|0x0000000084700000, 0x0000000084800000, 0x0000000084800000|100%| O|  |TAMS 0x0000000084800000, 0x0000000084800000| Untracked 
|  72|0x0000000084800000, 0x0000000084900000, 0x0000000084900000|100%| O|  |TAMS 0x0000000084900000, 0x0000000084900000| Untracked 
|  73|0x0000000084900000, 0x0000000084a00000, 0x0000000084a00000|100%| O|  |TAMS 0x0000000084a00000, 0x0000000084a00000| Untracked 
|  74|0x0000000084a00000, 0x0000000084b00000, 0x0000000084b00000|100%| O|  |TAMS 0x0000000084b00000, 0x0000000084b00000| Untracked 
|  75|0x0000000084b00000, 0x0000000084c00000, 0x0000000084c00000|100%| O|  |TAMS 0x0000000084c00000, 0x0000000084c00000| Untracked 
|  76|0x0000000084c00000, 0x0000000084d00000, 0x0000000084d00000|100%| O|  |TAMS 0x0000000084d00000, 0x0000000084d00000| Untracked 
|  77|0x0000000084d00000, 0x0000000084e00000, 0x0000000084e00000|100%| O|  |TAMS 0x0000000084e00000, 0x0000000084e00000| Untracked 
|  78|0x0000000084e00000, 0x0000000084f00000, 0x0000000084f00000|100%| O|  |TAMS 0x0000000084f00000, 0x0000000084f00000| Untracked 
|  79|0x0000000084f00000, 0x0000000085000000, 0x0000000085000000|100%| O|  |TAMS 0x0000000085000000, 0x0000000085000000| Untracked 
|  80|0x0000000085000000, 0x0000000085100000, 0x0000000085100000|100%| O|  |TAMS 0x0000000085100000, 0x0000000085100000| Untracked 
|  81|0x0000000085100000, 0x0000000085200000, 0x0000000085200000|100%| O|  |TAMS 0x0000000085200000, 0x0000000085200000| Untracked 
|  82|0x0000000085200000, 0x0000000085300000, 0x0000000085300000|100%| O|  |TAMS 0x0000000085300000, 0x0000000085300000| Untracked 
|  83|0x0000000085300000, 0x0000000085400000, 0x0000000085400000|100%| O|  |TAMS 0x0000000085400000, 0x0000000085400000| Untracked 
|  84|0x0000000085400000, 0x0000000085500000, 0x0000000085500000|100%| O|  |TAMS 0x0000000085500000, 0x0000000085500000| Untracked 
|  85|0x0000000085500000, 0x0000000085600000, 0x0000000085600000|100%| O|  |TAMS 0x0000000085600000, 0x0000000085600000| Untracked 
|  86|0x0000000085600000, 0x0000000085700000, 0x0000000085700000|100%| O|  |TAMS 0x0000000085700000, 0x0000000085700000| Untracked 
|  87|0x0000000085700000, 0x0000000085800000, 0x0000000085800000|100%| O|  |TAMS 0x0000000085700000, 0x0000000085800000| Untracked 
|  88|0x0000000085800000, 0x0000000085900000, 0x0000000085900000|100%| O|  |TAMS 0x0000000085900000, 0x0000000085900000| Untracked 
|  89|0x0000000085900000, 0x0000000085a00000, 0x0000000085a00000|100%| O|  |TAMS 0x0000000085a00000, 0x0000000085a00000| Untracked 
|  90|0x0000000085a00000, 0x0000000085b00000, 0x0000000085b00000|100%| O|  |TAMS 0x0000000085b00000, 0x0000000085b00000| Untracked 
|  91|0x0000000085b00000, 0x0000000085c00000, 0x0000000085c00000|100%| O|  |TAMS 0x0000000085b3c200, 0x0000000085c00000| Untracked 
|  92|0x0000000085c00000, 0x0000000085d00000, 0x0000000085d00000|100%| O|  |TAMS 0x0000000085d00000, 0x0000000085d00000| Untracked 
|  93|0x0000000085d00000, 0x0000000085e00000, 0x0000000085e00000|100%| O|  |TAMS 0x0000000085d00000, 0x0000000085e00000| Untracked 
|  94|0x0000000085e00000, 0x0000000085f00000, 0x0000000085f00000|100%| O|  |TAMS 0x0000000085f00000, 0x0000000085f00000| Untracked 
|  95|0x0000000085f00000, 0x0000000086000000, 0x0000000086000000|100%|HS|  |TAMS 0x0000000086000000, 0x0000000086000000| Complete 
|  96|0x0000000086000000, 0x0000000086100000, 0x0000000086100000|100%|HC|  |TAMS 0x0000000086100000, 0x0000000086100000| Complete 
|  97|0x0000000086100000, 0x0000000086200000, 0x0000000086200000|100%|HC|  |TAMS 0x0000000086200000, 0x0000000086200000| Complete 
|  98|0x0000000086200000, 0x0000000086300000, 0x0000000086300000|100%|HC|  |TAMS 0x0000000086300000, 0x0000000086300000| Complete 
|  99|0x0000000086300000, 0x0000000086400000, 0x0000000086400000|100%|HC|  |TAMS 0x0000000086400000, 0x0000000086400000| Complete 
| 100|0x0000000086400000, 0x0000000086500000, 0x0000000086500000|100%|HC|  |TAMS 0x0000000086500000, 0x0000000086500000| Complete 
| 101|0x0000000086500000, 0x0000000086600000, 0x0000000086600000|100%|HC|  |TAMS 0x0000000086600000, 0x0000000086600000| Complete 
| 102|0x0000000086600000, 0x0000000086700000, 0x0000000086700000|100%|HC|  |TAMS 0x0000000086700000, 0x0000000086700000| Complete 
| 103|0x0000000086700000, 0x0000000086800000, 0x0000000086800000|100%| O|  |TAMS 0x0000000086800000, 0x0000000086800000| Untracked 
| 104|0x0000000086800000, 0x0000000086900000, 0x0000000086900000|100%| O|  |TAMS 0x0000000086900000, 0x0000000086900000| Untracked 
| 105|0x0000000086900000, 0x0000000086a00000, 0x0000000086a00000|100%| O|  |TAMS 0x0000000086a00000, 0x0000000086a00000| Untracked 
| 106|0x0000000086a00000, 0x0000000086b00000, 0x0000000086b00000|100%| O|  |TAMS 0x0000000086b00000, 0x0000000086b00000| Untracked 
| 107|0x0000000086b00000, 0x0000000086c00000, 0x0000000086c00000|100%| O|  |TAMS 0x0000000086c00000, 0x0000000086c00000| Untracked 
| 108|0x0000000086c00000, 0x0000000086d00000, 0x0000000086d00000|100%| O|  |TAMS 0x0000000086d00000, 0x0000000086d00000| Untracked 
| 109|0x0000000086d00000, 0x0000000086e00000, 0x0000000086e00000|100%| O|  |TAMS 0x0000000086e00000, 0x0000000086e00000| Untracked 
| 110|0x0000000086e00000, 0x0000000086f00000, 0x0000000086f00000|100%| O|  |TAMS 0x0000000086f00000, 0x0000000086f00000| Untracked 
| 111|0x0000000086f00000, 0x0000000087000000, 0x0000000087000000|100%|HS|  |TAMS 0x0000000087000000, 0x0000000087000000| Complete 
| 112|0x0000000087000000, 0x0000000087100000, 0x0000000087100000|100%|HC|  |TAMS 0x0000000087100000, 0x0000000087100000| Complete 
| 113|0x0000000087100000, 0x0000000087200000, 0x0000000087200000|100%|HC|  |TAMS 0x0000000087200000, 0x0000000087200000| Complete 
| 114|0x0000000087200000, 0x0000000087300000, 0x0000000087300000|100%|HC|  |TAMS 0x0000000087300000, 0x0000000087300000| Complete 
| 115|0x0000000087300000, 0x0000000087400000, 0x0000000087400000|100%|HC|  |TAMS 0x0000000087400000, 0x0000000087400000| Complete 
| 116|0x0000000087400000, 0x0000000087500000, 0x0000000087500000|100%|HC|  |TAMS 0x0000000087500000, 0x0000000087500000| Complete 
| 117|0x0000000087500000, 0x0000000087600000, 0x0000000087600000|100%|HC|  |TAMS 0x0000000087600000, 0x0000000087600000| Complete 
| 118|0x0000000087600000, 0x0000000087700000, 0x0000000087700000|100%|HC|  |TAMS 0x0000000087700000, 0x0000000087700000| Complete 
| 119|0x0000000087700000, 0x0000000087800000, 0x0000000087800000|100%|HS|  |TAMS 0x0000000087800000, 0x0000000087800000| Complete 
| 120|0x0000000087800000, 0x0000000087900000, 0x0000000087900000|100%| O|  |TAMS 0x0000000087800000, 0x0000000087900000| Untracked 
| 121|0x0000000087900000, 0x0000000087a00000, 0x0000000087a00000|100%| O|  |TAMS 0x0000000087900000, 0x0000000087a00000| Untracked 
| 122|0x0000000087a00000, 0x0000000087b00000, 0x0000000087b00000|100%| O|  |TAMS 0x0000000087a00000, 0x0000000087b00000| Untracked 
| 123|0x0000000087b00000, 0x0000000087c00000, 0x0000000087c00000|100%| O|  |TAMS 0x0000000087b00000, 0x0000000087c00000| Untracked 
| 124|0x0000000087c00000, 0x0000000087d00000, 0x0000000087d00000|100%| O|  |TAMS 0x0000000087c00000, 0x0000000087d00000| Untracked 
| 125|0x0000000087d00000, 0x0000000087e00000, 0x0000000087e00000|100%| O|  |TAMS 0x0000000087d00000, 0x0000000087e00000| Untracked 
| 126|0x0000000087e00000, 0x0000000087f00000, 0x0000000087f00000|100%| O|  |TAMS 0x0000000087e00000, 0x0000000087f00000| Untracked 
| 127|0x0000000087f00000, 0x0000000088000000, 0x0000000088000000|100%| O|  |TAMS 0x0000000087f00000, 0x0000000088000000| Untracked 
| 128|0x0000000088000000, 0x0000000088100000, 0x0000000088100000|100%| O|  |TAMS 0x0000000088000000, 0x0000000088100000| Untracked 
| 129|0x0000000088100000, 0x0000000088200000, 0x0000000088200000|100%| O|  |TAMS 0x0000000088100000, 0x0000000088200000| Untracked 
| 130|0x0000000088200000, 0x0000000088300000, 0x0000000088300000|100%| O|  |TAMS 0x0000000088200000, 0x0000000088300000| Untracked 
| 131|0x0000000088300000, 0x0000000088400000, 0x0000000088400000|100%| O|  |TAMS 0x0000000088300000, 0x0000000088400000| Untracked 
| 132|0x0000000088400000, 0x0000000088500000, 0x0000000088500000|100%| O|  |TAMS 0x0000000088400000, 0x0000000088500000| Untracked 
| 133|0x0000000088500000, 0x0000000088600000, 0x0000000088600000|100%| O|  |TAMS 0x0000000088500000, 0x0000000088600000| Untracked 
| 134|0x0000000088600000, 0x0000000088700000, 0x0000000088700000|100%| O|  |TAMS 0x0000000088600000, 0x0000000088700000| Untracked 
| 135|0x0000000088700000, 0x0000000088800000, 0x0000000088800000|100%| O|  |TAMS 0x0000000088700000, 0x0000000088800000| Untracked 
| 136|0x0000000088800000, 0x0000000088900000, 0x0000000088900000|100%| O|  |TAMS 0x0000000088800000, 0x0000000088900000| Untracked 
| 137|0x0000000088900000, 0x0000000088a00000, 0x0000000088a00000|100%| O|  |TAMS 0x0000000088900000, 0x000000008897ec00| Untracked 
| 138|0x0000000088a00000, 0x0000000088b00000, 0x0000000088b00000|100%| O|  |TAMS 0x0000000088a00000, 0x0000000088a00000| Untracked 
| 139|0x0000000088b00000, 0x0000000088c00000, 0x0000000088c00000|100%| O|  |TAMS 0x0000000088b00000, 0x0000000088b00000| Untracked 
| 140|0x0000000088c00000, 0x0000000088d00000, 0x0000000088d00000|100%| O|  |TAMS 0x0000000088d00000, 0x0000000088d00000| Untracked 
| 141|0x0000000088d00000, 0x0000000088e00000, 0x0000000088e00000|100%| O|  |TAMS 0x0000000088d00000, 0x0000000088d00000| Untracked 
| 142|0x0000000088e00000, 0x0000000088f00000, 0x0000000088f00000|100%| O|  |TAMS 0x0000000088f00000, 0x0000000088f00000| Untracked 
| 143|0x0000000088f00000, 0x0000000089000000, 0x0000000089000000|100%| O|  |TAMS 0x0000000089000000, 0x0000000089000000| Untracked 
| 144|0x0000000089000000, 0x0000000089100000, 0x0000000089100000|100%| O|  |TAMS 0x0000000089100000, 0x0000000089100000| Untracked 
| 145|0x0000000089100000, 0x0000000089200000, 0x0000000089200000|100%| O|  |TAMS 0x0000000089200000, 0x0000000089200000| Untracked 
| 146|0x0000000089200000, 0x0000000089300000, 0x0000000089300000|100%| O|  |TAMS 0x0000000089300000, 0x0000000089300000| Untracked 
| 147|0x0000000089300000, 0x00000000893c8800, 0x0000000089400000| 78%| O|  |TAMS 0x0000000089300000, 0x0000000089300000| Untracked 
| 148|0x0000000089400000, 0x0000000089400000, 0x0000000089500000|  0%| F|  |TAMS 0x0000000089400000, 0x0000000089400000| Untracked 
| 149|0x0000000089500000, 0x0000000089500000, 0x0000000089600000|  0%| F|  |TAMS 0x0000000089500000, 0x0000000089500000| Untracked 
| 150|0x0000000089600000, 0x0000000089600000, 0x0000000089700000|  0%| F|  |TAMS 0x0000000089600000, 0x0000000089600000| Untracked 
| 151|0x0000000089700000, 0x0000000089700000, 0x0000000089800000|  0%| F|  |TAMS 0x0000000089700000, 0x0000000089700000| Untracked 
| 152|0x0000000089800000, 0x0000000089800000, 0x0000000089900000|  0%| F|  |TAMS 0x0000000089800000, 0x0000000089800000| Untracked 
| 153|0x0000000089900000, 0x0000000089900000, 0x0000000089a00000|  0%| F|  |TAMS 0x0000000089900000, 0x0000000089900000| Untracked 
| 154|0x0000000089a00000, 0x0000000089a00000, 0x0000000089b00000|  0%| F|  |TAMS 0x0000000089a00000, 0x0000000089a00000| Untracked 
| 155|0x0000000089b00000, 0x0000000089b00000, 0x0000000089c00000|  0%| F|  |TAMS 0x0000000089b00000, 0x0000000089b00000| Untracked 
| 156|0x0000000089c00000, 0x0000000089c00000, 0x0000000089d00000|  0%| F|  |TAMS 0x0000000089c00000, 0x0000000089c00000| Untracked 
| 157|0x0000000089d00000, 0x0000000089d00000, 0x0000000089e00000|  0%| F|  |TAMS 0x0000000089d00000, 0x0000000089d00000| Untracked 
| 158|0x0000000089e00000, 0x0000000089e00000, 0x0000000089f00000|  0%| F|  |TAMS 0x0000000089e00000, 0x0000000089e00000| Untracked 
| 159|0x0000000089f00000, 0x0000000089f00000, 0x000000008a000000|  0%| F|  |TAMS 0x0000000089f00000, 0x0000000089f00000| Untracked 
| 160|0x000000008a000000, 0x000000008a000000, 0x000000008a100000|  0%| F|  |TAMS 0x000000008a000000, 0x000000008a000000| Untracked 
| 161|0x000000008a100000, 0x000000008a100000, 0x000000008a200000|  0%| F|  |TAMS 0x000000008a100000, 0x000000008a100000| Untracked 
| 162|0x000000008a200000, 0x000000008a200000, 0x000000008a300000|  0%| F|  |TAMS 0x000000008a200000, 0x000000008a200000| Untracked 
| 163|0x000000008a300000, 0x000000008a300000, 0x000000008a400000|  0%| F|  |TAMS 0x000000008a300000, 0x000000008a300000| Untracked 
| 164|0x000000008a400000, 0x000000008a400000, 0x000000008a500000|  0%| F|  |TAMS 0x000000008a400000, 0x000000008a400000| Untracked 
| 165|0x000000008a500000, 0x000000008a500000, 0x000000008a600000|  0%| F|  |TAMS 0x000000008a500000, 0x000000008a500000| Untracked 
| 166|0x000000008a600000, 0x000000008a600000, 0x000000008a700000|  0%| F|  |TAMS 0x000000008a600000, 0x000000008a600000| Untracked 
| 167|0x000000008a700000, 0x000000008a700000, 0x000000008a800000|  0%| F|  |TAMS 0x000000008a700000, 0x000000008a700000| Untracked 
| 168|0x000000008a800000, 0x000000008a800000, 0x000000008a900000|  0%| F|  |TAMS 0x000000008a800000, 0x000000008a800000| Untracked 
| 169|0x000000008a900000, 0x000000008a900000, 0x000000008aa00000|  0%| F|  |TAMS 0x000000008a900000, 0x000000008a900000| Untracked 
| 170|0x000000008aa00000, 0x000000008ab00000, 0x000000008ab00000|100%| S|CS|TAMS 0x000000008aa00000, 0x000000008aa00000| Complete 
| 171|0x000000008ab00000, 0x000000008ab00000, 0x000000008ac00000|  0%| F|  |TAMS 0x000000008ab00000, 0x000000008ab00000| Untracked 
| 172|0x000000008ac00000, 0x000000008ac00000, 0x000000008ad00000|  0%| F|  |TAMS 0x000000008ac00000, 0x000000008ac00000| Untracked 
| 173|0x000000008ad00000, 0x000000008ad00000, 0x000000008ae00000|  0%| F|  |TAMS 0x000000008ad00000, 0x000000008ad00000| Untracked 
| 174|0x000000008ae00000, 0x000000008ae00000, 0x000000008af00000|  0%| F|  |TAMS 0x000000008ae00000, 0x000000008ae00000| Untracked 
| 175|0x000000008af00000, 0x000000008af00000, 0x000000008b000000|  0%| F|  |TAMS 0x000000008af00000, 0x000000008af00000| Untracked 
| 176|0x000000008b000000, 0x000000008b000000, 0x000000008b100000|  0%| F|  |TAMS 0x000000008b000000, 0x000000008b000000| Untracked 

Card table byte_map: [0x00000236f6620000,0x00000236f6a20000] _byte_map_base: 0x00000236f6220000

Marking Bits (Prev, Next): (CMBitMap*) 0x00000236f1ccd850, (CMBitMap*) 0x00000236f1ccd818
 Prev Bits: [0x00000236f8e20000, 0x00000236fae20000)
 Next Bits: [0x00000236f6e20000, 0x00000236f8e20000)

Polling page: 0x00000236f1d70000

Metaspace:

Usage:
  Non-class:     93.70 MB capacity,    91.86 MB ( 98%) used,     1.50 MB (  2%) free+waste,   352.94 KB ( <1%) overhead. 
      Class:     14.96 MB capacity,    13.90 MB ( 93%) used,   920.88 KB (  6%) free+waste,   163.19 KB (  1%) overhead. 
       Both:    108.66 MB capacity,   105.76 MB ( 97%) used,     2.40 MB (  2%) free+waste,   516.13 KB ( <1%) overhead. 

Virtual space:
  Non-class space:       96.00 MB reserved,      94.25 MB ( 98%) committed 
      Class space:        1.00 GB reserved,      15.20 MB (  1%) committed 
             Both:        1.09 GB reserved,     109.45 MB ( 10%) committed 

Chunk freelists:
   Non-Class:  367.00 KB
       Class:  235.00 KB
        Both:  602.00 KB

MaxMetaspaceSize: 17179869184.00 GB
CompressedClassSpaceSize: 1.00 GB

CodeHeap 'non-profiled nmethods': size=120000Kb used=6842Kb max_used=6842Kb free=113157Kb
 bounds [0x0000023687ad0000, 0x0000023688180000, 0x000002368f000000]
CodeHeap 'profiled nmethods': size=120000Kb used=27933Kb max_used=27933Kb free=92066Kb
 bounds [0x00000236805a0000, 0x00000236820f0000, 0x0000023687ad0000]
CodeHeap 'non-nmethods': size=5760Kb used=2344Kb max_used=2425Kb free=3415Kb
 bounds [0x0000023680000000, 0x0000023680270000, 0x00000236805a0000]
 total_blobs=13991 nmethods=13028 adapters=872
 compilation: enabled
              stopped_count=0, restarted_count=0
 full_count=0

Compilation events (20 events):
Event: 28.816 Thread 0x00000236fe19d000 13229       2       com.android.tools.r8.graph.f0$d::<init> (10 bytes)
Event: 28.816 Thread 0x00000236fe19d000 nmethod 13229 0x00000236820e4310 code [0x00000236820e44c0, 0x00000236820e45f8]
Event: 28.816 Thread 0x00000236fe19d000 13228       2       com.android.tools.r8.graph.f0$v::<init> (7 bytes)
Event: 28.816 Thread 0x00000236fe19d000 nmethod 13228 0x00000236820e4690 code [0x00000236820e4840, 0x00000236820e4998]
Event: 28.832 Thread 0x00000236fe19d000 13231       2       com.android.tools.r8.internal.mu$a::<init> (12 bytes)
Event: 28.832 Thread 0x00000236fe19d000 nmethod 13231 0x00000236820e4a10 code [0x00000236820e4bc0, 0x00000236820e4d28]
Event: 28.832 Thread 0x00000236fe19d000 13232       2       com.android.tools.r8.internal.mu$f::<init> (6 bytes)
Event: 28.832 Thread 0x00000236fe19d000 nmethod 13232 0x00000236820e4e10 code [0x00000236820e4fc0, 0x00000236820e50c8]
Event: 28.832 Thread 0x00000236fe19d000 13233       2       com.android.tools.r8.internal.mu$e::iterator (12 bytes)
Event: 28.832 Thread 0x00000236fe19d000 nmethod 13233 0x00000236820e5190 code [0x00000236820e5340, 0x00000236820e5528]
Event: 28.833 Thread 0x00000236fe19d000 13234       2       com.android.tools.r8.internal.A0::iterator (5 bytes)
Event: 28.833 Thread 0x00000236fe19d000 nmethod 13234 0x00000236820e5610 code [0x00000236820e57c0, 0x00000236820e58e8]
Event: 28.840 Thread 0x00000236fe19d000 13236       2       com.android.tools.r8.graph.T$$Lambda$1632/0x0000000100e68040::apply (15 bytes)
Event: 28.840 Thread 0x00000236fe19d000 nmethod 13236 0x00000236820e5990 code [0x00000236820e5b40, 0x00000236820e5cd8]
Event: 28.840 Thread 0x00000236fe19d000 13237       2       com.android.tools.r8.graph.G$a::<init> (10 bytes)
Event: 28.840 Thread 0x00000236fe19d000 nmethod 13237 0x00000236820e5e10 code [0x00000236820e5fc0, 0x00000236820e60b8]
Event: 28.840 Thread 0x00000236fe19d000 13238 %     3       com.android.tools.r8.internal.i8::a @ 3 (80 bytes)
Event: 28.841 Thread 0x00000236fe19d000 nmethod 13238% 0x00000236820e6190 code [0x00000236820e63e0, 0x00000236820e6d88]
Event: 28.842 Thread 0x00000236fe19d000 13239       2       com.android.tools.r8.code.u::<init> (7 bytes)
Event: 28.842 Thread 0x00000236fe19d000 nmethod 13239 0x00000236820e7010 code [0x00000236820e71e0, 0x00000236820e7418]

GC Heap History (20 events):
Event: 27.996 GC heap after
{Heap after GC invocations=37 (full 0):
 garbage-first heap   total 143360K, used 107128K [0x0000000080000000, 0x0000000100000000)
  region size 1024K, 3 young (3072K), 3 survivors (3072K)
 Metaspace       used 107356K, capacity 110283K, committed 111180K, reserved 1144832K
  class space    used 14083K, capacity 15163K, committed 15436K, reserved 1048576K
}
Event: 28.143 GC heap before
{Heap before GC invocations=37 (full 0):
 garbage-first heap   total 143360K, used 138872K [0x0000000080000000, 0x0000000100000000)
  region size 1024K, 18 young (18432K), 3 survivors (3072K)
 Metaspace       used 107427K, capacity 110389K, committed 111308K, reserved 1144832K
  class space    used 14090K, capacity 15198K, committed 15564K, reserved 1048576K
}
Event: 28.152 GC heap after
{Heap after GC invocations=38 (full 0):
 garbage-first heap   total 150528K, used 123372K [0x0000000080000000, 0x0000000100000000)
  region size 1024K, 3 young (3072K), 3 survivors (3072K)
 Metaspace       used 107427K, capacity 110389K, committed 111308K, reserved 1144832K
  class space    used 14090K, capacity 15198K, committed 15564K, reserved 1048576K
}
Event: 28.217 GC heap before
{Heap before GC invocations=39 (full 0):
 garbage-first heap   total 150528K, used 130540K [0x0000000080000000, 0x0000000100000000)
  region size 1024K, 9 young (9216K), 3 survivors (3072K)
 Metaspace       used 107471K, capacity 110454K, committed 111308K, reserved 1144832K
  class space    used 14090K, capacity 15198K, committed 15564K, reserved 1048576K
}
Event: 28.226 GC heap after
{Heap after GC invocations=40 (full 0):
 garbage-first heap   total 150528K, used 125802K [0x0000000080000000, 0x0000000100000000)
  region size 1024K, 2 young (2048K), 2 survivors (2048K)
 Metaspace       used 107471K, capacity 110454K, committed 111308K, reserved 1144832K
  class space    used 14090K, capacity 15198K, committed 15564K, reserved 1048576K
}
Event: 28.275 GC heap before
{Heap before GC invocations=40 (full 0):
 garbage-first heap   total 150528K, used 130922K [0x0000000080000000, 0x0000000100000000)
  region size 1024K, 7 young (7168K), 2 survivors (2048K)
 Metaspace       used 107472K, capacity 110454K, committed 111308K, reserved 1144832K
  class space    used 14090K, capacity 15198K, committed 15564K, reserved 1048576K
}
Event: 28.287 GC heap after
{Heap after GC invocations=41 (full 0):
 garbage-first heap   total 150528K, used 125485K [0x0000000080000000, 0x0000000100000000)
  region size 1024K, 1 young (1024K), 1 survivors (1024K)
 Metaspace       used 107472K, capacity 110454K, committed 111308K, reserved 1144832K
  class space    used 14090K, capacity 15198K, committed 15564K, reserved 1048576K
}
Event: 28.321 GC heap before
{Heap before GC invocations=41 (full 0):
 garbage-first heap   total 150528K, used 130605K [0x0000000080000000, 0x0000000100000000)
  region size 1024K, 7 young (7168K), 1 survivors (1024K)
 Metaspace       used 107472K, capacity 110454K, committed 111308K, reserved 1144832K
  class space    used 14090K, capacity 15198K, committed 15564K, reserved 1048576K
}
Event: 28.332 GC heap after
{Heap after GC invocations=42 (full 0):
 garbage-first heap   total 150528K, used 128240K [0x0000000080000000, 0x0000000100000000)
  region size 1024K, 1 young (1024K), 1 survivors (1024K)
 Metaspace       used 107472K, capacity 110454K, committed 111308K, reserved 1144832K
  class space    used 14090K, capacity 15198K, committed 15564K, reserved 1048576K
}
Event: 28.366 GC heap before
{Heap before GC invocations=42 (full 0):
 garbage-first heap   total 150528K, used 134384K [0x0000000080000000, 0x0000000100000000)
  region size 1024K, 7 young (7168K), 1 survivors (1024K)
 Metaspace       used 107472K, capacity 110454K, committed 111308K, reserved 1144832K
  class space    used 14090K, capacity 15198K, committed 15564K, reserved 1048576K
}
Event: 28.373 GC heap after
{Heap after GC invocations=43 (full 0):
 garbage-first heap   total 150528K, used 130623K [0x0000000080000000, 0x0000000100000000)
  region size 1024K, 1 young (1024K), 1 survivors (1024K)
 Metaspace       used 107472K, capacity 110454K, committed 111308K, reserved 1144832K
  class space    used 14090K, capacity 15198K, committed 15564K, reserved 1048576K
}
Event: 28.467 GC heap before
{Heap before GC invocations=43 (full 0):
 garbage-first heap   total 150528K, used 136767K [0x0000000080000000, 0x0000000100000000)
  region size 1024K, 7 young (7168K), 1 survivors (1024K)
 Metaspace       used 108092K, capacity 111066K, committed 111820K, reserved 1144832K
  class space    used 14232K, capacity 15317K, committed 15564K, reserved 1048576K
}
Event: 28.473 GC heap after
{Heap after GC invocations=44 (full 0):
 garbage-first heap   total 181248K, used 134144K [0x0000000080000000, 0x0000000100000000)
  region size 1024K, 1 young (1024K), 1 survivors (1024K)
 Metaspace       used 108092K, capacity 111066K, committed 111820K, reserved 1144832K
  class space    used 14232K, capacity 15317K, committed 15564K, reserved 1048576K
}
Event: 28.665 GC heap before
{Heap before GC invocations=45 (full 0):
 garbage-first heap   total 181248K, used 146432K [0x0000000080000000, 0x0000000100000000)
  region size 1024K, 14 young (14336K), 1 survivors (1024K)
 Metaspace       used 108243K, capacity 111201K, committed 111820K, reserved 1144832K
  class space    used 14232K, capacity 15317K, committed 15564K, reserved 1048576K
}
Event: 28.675 GC heap after
{Heap after GC invocations=46 (full 0):
 garbage-first heap   total 181248K, used 141424K [0x0000000080000000, 0x0000000100000000)
  region size 1024K, 2 young (2048K), 2 survivors (2048K)
 Metaspace       used 108243K, capacity 111201K, committed 111820K, reserved 1144832K
  class space    used 14232K, capacity 15317K, committed 15564K, reserved 1048576K
}
Event: 28.719 GC heap before
{Heap before GC invocations=46 (full 0):
 garbage-first heap   total 181248K, used 147568K [0x0000000080000000, 0x0000000100000000)
  region size 1024K, 8 young (8192K), 2 survivors (2048K)
 Metaspace       used 108266K, capacity 111204K, committed 111820K, reserved 1144832K
  class space    used 14232K, capacity 15317K, committed 15564K, reserved 1048576K
}
Event: 28.726 GC heap after
{Heap after GC invocations=47 (full 0):
 garbage-first heap   total 181248K, used 143997K [0x0000000080000000, 0x0000000100000000)
  region size 1024K, 1 young (1024K), 1 survivors (1024K)
 Metaspace       used 108266K, capacity 111204K, committed 111820K, reserved 1144832K
  class space    used 14232K, capacity 15317K, committed 15564K, reserved 1048576K
}
Event: 28.777 GC heap before
{Heap before GC invocations=47 (full 0):
 garbage-first heap   total 181248K, used 151165K [0x0000000080000000, 0x0000000100000000)
  region size 1024K, 9 young (9216K), 1 survivors (1024K)
 Metaspace       used 108271K, capacity 111204K, committed 111820K, reserved 1144832K
  class space    used 14232K, capacity 15317K, committed 15564K, reserved 1048576K
}
Event: 28.785 GC heap after
{Heap after GC invocations=48 (full 0):
 garbage-first heap   total 181248K, used 148987K [0x0000000080000000, 0x0000000100000000)
  region size 1024K, 2 young (2048K), 2 survivors (2048K)
 Metaspace       used 108271K, capacity 111204K, committed 111820K, reserved 1144832K
  class space    used 14232K, capacity 15317K, committed 15564K, reserved 1048576K
}
Event: 28.845 GC heap before
{Heap before GC invocations=48 (full 0):
 garbage-first heap   total 181248K, used 155131K [0x0000000080000000, 0x0000000100000000)
  region size 1024K, 8 young (8192K), 2 survivors (2048K)
 Metaspace       used 108295K, capacity 111270K, committed 112076K, reserved 1146880K
  class space    used 14232K, capacity 15317K, committed 15564K, reserved 1048576K
}

Deoptimization events (20 events):
Event: 28.217 Thread 0x00000236903db800 DEOPT PACKING pc=0x0000023681f8f30e sp=0x000000b732ffd3f0
Event: 28.217 Thread 0x00000236903db800 DEOPT UNPACKING pc=0x00000236800276ce sp=0x000000b732ffc868 mode 0
Event: 28.227 Thread 0x00000236903db800 DEOPT PACKING pc=0x0000023681f8f30e sp=0x000000b732ffd3f0
Event: 28.227 Thread 0x00000236903db800 DEOPT UNPACKING pc=0x00000236800276ce sp=0x000000b732ffc868 mode 0
Event: 28.339 Thread 0x00000236903db800 Uncommon trap: trap_request=0xffffff4d fr.pc=0x00000236881487a0 relative=0x0000000000000bc0
Event: 28.339 Thread 0x00000236903db800 Uncommon trap: reason=unstable_if action=reinterpret pc=0x00000236881487a0 method=com.android.tools.r8.internal.mp.a(Ljava/lang/Object;Z)Lcom/android/tools/r8/internal/op; @ 15 c2
Event: 28.339 Thread 0x00000236903db800 DEOPT PACKING pc=0x00000236881487a0 sp=0x000000b732ffd170
Event: 28.339 Thread 0x00000236903db800 DEOPT UNPACKING pc=0x00000236800278af sp=0x000000b732ffd120 mode 2
Event: 28.590 Thread 0x00000236fe538800 DEOPT PACKING pc=0x000002368201049c sp=0x000000b733dfe320
Event: 28.590 Thread 0x00000236fe538800 DEOPT UNPACKING pc=0x00000236800276ce sp=0x000000b733dfdf90 mode 0
Event: 28.606 Thread 0x00000236fe538800 DEOPT PACKING pc=0x000002368201049c sp=0x000000b733dfe300
Event: 28.606 Thread 0x00000236fe538800 DEOPT UNPACKING pc=0x00000236800276ce sp=0x000000b733dfdf70 mode 0
Event: 28.608 Thread 0x00000236fe538800 DEOPT PACKING pc=0x000002368201ec39 sp=0x000000b733dfe7e0
Event: 28.608 Thread 0x00000236fe538800 DEOPT UNPACKING pc=0x00000236800276ce sp=0x000000b733dfdea0 mode 0
Event: 28.628 Thread 0x00000236fe538800 DEOPT PACKING pc=0x000002368201049c sp=0x000000b733dfe300
Event: 28.628 Thread 0x00000236fe538800 DEOPT UNPACKING pc=0x00000236800276ce sp=0x000000b733dfdf70 mode 0
Event: 28.811 Thread 0x00000236fe538800 Uncommon trap: trap_request=0xffffff4d fr.pc=0x000002368817d3fc relative=0x000000000000139c
Event: 28.811 Thread 0x00000236fe538800 Uncommon trap: reason=unstable_if action=reinterpret pc=0x000002368817d3fc method=com.android.tools.r8.dex.j.i()Lcom/android/tools/r8/graph/f0; @ 27 c2
Event: 28.811 Thread 0x00000236fe538800 DEOPT PACKING pc=0x000002368817d3fc sp=0x000000b733dfeb50
Event: 28.811 Thread 0x00000236fe538800 DEOPT UNPACKING pc=0x00000236800278af sp=0x000000b733dfeb38 mode 2

Classes redefined (0 events):
No events

Internal exceptions (20 events):
Event: 26.532 Thread 0x00000236903da000 Exception <a 'java/lang/NoSuchMethodError'{0x0000000087840a38}: 'void java.lang.invoke.DirectMethodHandle$Holder.invokeVirtual(java.lang.Object, java.lang.Object, int, java.lang.Object)'> (0x0000000087840a38) thrown at [./src/hotspot/share/interpreter/linkResolver.cpp, line 773]
Event: 26.680 Thread 0x00000236903dd800 Exception <a 'java/lang/NoSuchMethodError'{0x0000000087029b08}: 'java.lang.Object java.lang.invoke.DirectMethodHandle$Holder.invokeInterface(java.lang.Object, java.lang.Object, int)'> (0x0000000087029b08) thrown at [./src/hotspot/share/interpreter/linkResolver.cpp, line 773]
Event: 26.717 Thread 0x00000236903da000 Exception <a 'java/lang/NoSuchMethodError'{0x0000000088b97450}: 'java.lang.Object java.lang.invoke.DirectMethodHandle$Holder.invokeSpecial(java.lang.Object, java.lang.Object, java.lang.Object, java.lang.Object, java.lang.Object, java.lang.Object, java.lang.Object, java.lang.Object, java.lang.Object, java.lang.Object, java.lang.Object)'> (0x0000000088b97450) thrown at [./src/hotspot/share/interpreter/linkResolver.cpp, line 773]
Event: 26.718 Thread 0x00000236903da000 Exception <a 'java/lang/NoSuchMethodError'{0x0000000088ba2678}: 'java.lang.Object java.lang.invoke.Invokers$Holder.linkToTargetMethod(java.lang.Object, java.lang.Object, java.lang.Object, java.lang.Object, java.lang.Object, java.lang.Object, java.lang.Object, java.lang.Object, java.lang.Object, java.lang.Object)'> (0x0000000088ba2678) thrown at [./src/hotspot/share/interpreter/linkResolver.cpp, line 773]
Event: 26.738 Thread 0x00000236903da000 Exception <a 'java/lang/IncompatibleClassChangeError'{0x0000000088952390}: Found class java.lang.Object, but interface was expected> (0x0000000088952390) thrown at [./src/hotspot/share/interpreter/linkResolver.cpp, line 839]
Event: 26.775 Thread 0x00000236903dd800 Exception <a 'java/lang/IncompatibleClassChangeError'{0x000000008877aa08}: Found class java.lang.Object, but interface was expected> (0x000000008877aa08) thrown at [./src/hotspot/share/interpreter/linkResolver.cpp, line 839]
Event: 26.806 Thread 0x00000236903dd800 Exception <a 'java/lang/NoSuchMethodError'{0x000000008852a9f0}: 'void java.lang.invoke.DirectMethodHandle$Holder.invokeSpecial(java.lang.Object, java.lang.Object, int, java.lang.Object, java.lang.Object, java.lang.Object, java.lang.Object)'> (0x000000008852a9f0) thrown at [./src/hotspot/share/interpreter/linkResolver.cpp, line 773]
Event: 26.807 Thread 0x00000236903dd800 Exception <a 'java/lang/NoSuchMethodError'{0x00000000885360a0}: 'java.lang.Object java.lang.invoke.Invokers$Holder.linkToTargetMethod(java.lang.Object, int, java.lang.Object, java.lang.Object, java.lang.Object, java.lang.Object)'> (0x00000000885360a0) thrown at [./src/hotspot/share/interpreter/linkResolver.cpp, line 773]
Event: 26.808 Thread 0x00000236903dd800 Exception <a 'java/lang/NoSuchMethodError'{0x0000000088539be8}: 'void java.lang.invoke.DirectMethodHandle$Holder.invokeSpecial(java.lang.Object, java.lang.Object, java.lang.Object, java.lang.Object, java.lang.Object, java.lang.Object, java.lang.Object, java.lang.Object, java.lang.Object)'> (0x0000000088539be8) thrown at [./src/hotspot/share/interpreter/linkResolver.cpp, line 773]
Event: 26.812 Thread 0x00000236903dd800 Exception <a 'java/lang/NoSuchMethodError'{0x00000000885a16a8}: 'void java.lang.invoke.DirectMethodHandle$Holder.invokeStatic(java.lang.Object, java.lang.Object, java.lang.Object, java.lang.Object, java.lang.Object, java.lang.Object, java.lang.Object, java.lang.Object)'> (0x00000000885a16a8) thrown at [./src/hotspot/share/interpreter/linkResolver.cpp, line 773]
Event: 26.892 Thread 0x00000236903dd800 Exception <a 'java/lang/IncompatibleClassChangeError'{0x0000000088152f70}: Found class java.lang.Object, but interface was expected> (0x0000000088152f70) thrown at [./src/hotspot/share/interpreter/linkResolver.cpp, line 839]
Event: 26.939 Thread 0x00000236903dd800 Exception <a 'java/lang/NoSuchMethodError'{0x0000000087e28c50}: 'void java.lang.invoke.DirectMethodHandle$Holder.invokeVirtual(java.lang.Object, java.lang.Object, int)'> (0x0000000087e28c50) thrown at [./src/hotspot/share/interpreter/linkResolver.cpp, line 773]
Event: 26.960 Thread 0x00000236903dd800 Exception <a 'sun/nio/fs/WindowsException'{0x0000000087d16458}> (0x0000000087d16458) thrown at [./src/hotspot/share/prims/jni.cpp, line 615]
Event: 27.024 Thread 0x00000236903da000 Exception <a 'sun/nio/fs/WindowsException'{0x0000000087bef9c0}> (0x0000000087bef9c0) thrown at [./src/hotspot/share/prims/jni.cpp, line 615]
Event: 27.043 Thread 0x00000236903da000 Exception <a 'sun/nio/fs/WindowsException'{0x0000000087ab3938}> (0x0000000087ab3938) thrown at [./src/hotspot/share/prims/jni.cpp, line 615]
Event: 27.062 Thread 0x0000023690f6d800 Implicit null exception at 0x00000236880b8851 to 0x00000236880b911c
Event: 27.062 Thread 0x0000023690f6e800 Implicit null exception at 0x00000236880b8851 to 0x00000236880b911c
Event: 27.062 Thread 0x0000023690f6f000 Implicit null exception at 0x00000236880b8851 to 0x00000236880b911c
Event: 27.928 Thread 0x00000236903db800 Exception <a 'sun/nio/fs/WindowsException'{0x000000008857f858}> (0x000000008857f858) thrown at [./src/hotspot/share/prims/jni.cpp, line 615]
Event: 28.339 Thread 0x00000236903db800 Implicit null exception at 0x0000023688147c1c to 0x0000023688148778

Events (20 events):
Event: 28.423 loading class com/android/tools/r8/graph/G$e done
Event: 28.424 loading class com/android/tools/r8/graph/G$e
Event: 28.424 loading class com/android/tools/r8/graph/G$e done
Event: 28.425 Executing VM operation: RevokeBias
Event: 28.425 Executing VM operation: RevokeBias done
Event: 28.429 Executing VM operation: RevokeBias
Event: 28.429 Executing VM operation: RevokeBias done
Event: 28.466 Executing VM operation: G1CollectForAllocation
Event: 28.474 Executing VM operation: G1CollectForAllocation done
Event: 28.504 Executing VM operation: CGC_Operation
Event: 28.514 Executing VM operation: CGC_Operation done
Event: 28.588 Executing VM operation: CGC_Operation
Event: 28.588 Executing VM operation: CGC_Operation done
Event: 28.665 Executing VM operation: G1CollectForAllocation
Event: 28.675 Executing VM operation: G1CollectForAllocation done
Event: 28.718 Executing VM operation: G1CollectForAllocation
Event: 28.726 Executing VM operation: G1CollectForAllocation done
Event: 28.777 Executing VM operation: G1CollectForAllocation
Event: 28.785 Executing VM operation: G1CollectForAllocation done
Event: 28.845 Executing VM operation: G1CollectForAllocation


Dynamic libraries:
0x00007ff6337b0000 - 0x00007ff6337ba000 	C:\Program Files\Android\Android Studio\jre\bin\java.exe
0x00007ffc26590000 - 0x00007ffc26785000 	C:\WINDOWS\SYSTEM32\ntdll.dll
0x00007ffc25640000 - 0x00007ffc256fe000 	C:\WINDOWS\System32\KERNEL32.DLL
0x00007ffc24310000 - 0x00007ffc245d8000 	C:\WINDOWS\System32\KERNELBASE.dll
0x00007ffc24210000 - 0x00007ffc24310000 	C:\WINDOWS\System32\ucrtbase.dll
0x00007ffc12fe0000 - 0x00007ffc12ff9000 	C:\Program Files\Android\Android Studio\jre\bin\jli.dll
0x00007ffc138d0000 - 0x00007ffc138e7000 	C:\Program Files\Android\Android Studio\jre\bin\VCRUNTIME140.dll
0x00007ffc26110000 - 0x00007ffc262b1000 	C:\WINDOWS\System32\USER32.dll
0x00007ffc0ad10000 - 0x00007ffc0afaa000 	C:\WINDOWS\WinSxS\amd64_microsoft.windows.common-controls_6595b64144ccf1df_6.0.19041.1110_none_60b5254171f9507e\COMCTL32.dll
0x00007ffc23e80000 - 0x00007ffc23ea2000 	C:\WINDOWS\System32\win32u.dll
0x00007ffc24c20000 - 0x00007ffc24cbe000 	C:\WINDOWS\System32\msvcrt.dll
0x00007ffc25fd0000 - 0x00007ffc25ffb000 	C:\WINDOWS\System32\GDI32.dll
0x00007ffc23d70000 - 0x00007ffc23e7b000 	C:\WINDOWS\System32\gdi32full.dll
0x00007ffc24060000 - 0x00007ffc240fd000 	C:\WINDOWS\System32\msvcp_win.dll
0x00007ffc25360000 - 0x00007ffc25390000 	C:\WINDOWS\System32\IMM32.DLL
0x00007ffbf69c0000 - 0x00007ffbf6a5d000 	C:\Program Files\Android\Android Studio\jre\bin\msvcp140.dll
0x00007ffbd3650000 - 0x00007ffbd411f000 	C:\Program Files\Android\Android Studio\jre\bin\server\jvm.dll
0x00007ffc25180000 - 0x00007ffc2522c000 	C:\WINDOWS\System32\ADVAPI32.dll
0x00007ffc26070000 - 0x00007ffc2610b000 	C:\WINDOWS\System32\sechost.dll
0x00007ffc26350000 - 0x00007ffc2647a000 	C:\WINDOWS\System32\RPCRT4.dll
0x00007ffc26000000 - 0x00007ffc26008000 	C:\WINDOWS\System32\PSAPI.DLL
0x00007ffc17a10000 - 0x00007ffc17a37000 	C:\WINDOWS\SYSTEM32\WINMM.dll
0x00007ffc21c50000 - 0x00007ffc21c5a000 	C:\WINDOWS\SYSTEM32\VERSION.dll
0x00007ffc21d40000 - 0x00007ffc21d49000 	C:\WINDOWS\SYSTEM32\WSOCK32.dll
0x00007ffc25f60000 - 0x00007ffc25fcb000 	C:\WINDOWS\System32\WS2_32.dll
0x00007ffc224f0000 - 0x00007ffc22502000 	C:\WINDOWS\SYSTEM32\kernel.appcore.dll
0x00007ffc1f4b0000 - 0x00007ffc1f4c1000 	C:\Program Files\Android\Android Studio\jre\bin\verify.dll
0x00007ffc11480000 - 0x00007ffc11664000 	C:\WINDOWS\SYSTEM32\DBGHELP.DLL
0x00007ffc0e3b0000 - 0x00007ffc0e3dc000 	C:\WINDOWS\SYSTEM32\dbgcore.DLL
0x00007ffc23cb0000 - 0x00007ffc23d33000 	C:\WINDOWS\System32\bcryptPrimitives.dll
0x00007ffc1ecd0000 - 0x00007ffc1ecf9000 	C:\Program Files\Android\Android Studio\jre\bin\java.dll
0x00007ffc21090000 - 0x00007ffc2109b000 	C:\Program Files\Android\Android Studio\jre\bin\jimage.dll
0x00007ffc1f490000 - 0x00007ffc1f4a8000 	C:\Program Files\Android\Android Studio\jre\bin\zip.dll
0x00007ffc25820000 - 0x00007ffc25f5f000 	C:\WINDOWS\System32\SHELL32.dll
0x00007ffc21d50000 - 0x00007ffc224e0000 	C:\WINDOWS\SYSTEM32\windows.storage.dll
0x00007ffc24e20000 - 0x00007ffc25175000 	C:\WINDOWS\System32\combase.dll
0x00007ffc23630000 - 0x00007ffc2365e000 	C:\WINDOWS\SYSTEM32\Wldp.dll
0x00007ffc24ce0000 - 0x00007ffc24d8d000 	C:\WINDOWS\System32\SHCORE.dll
0x00007ffc257c0000 - 0x00007ffc25815000 	C:\WINDOWS\System32\shlwapi.dll
0x00007ffc23bf0000 - 0x00007ffc23c0f000 	C:\WINDOWS\SYSTEM32\profapi.dll
0x00007ffc1eb80000 - 0x00007ffc1eb9a000 	C:\Program Files\Android\Android Studio\jre\bin\net.dll
0x00007ffc128f0000 - 0x00007ffc129fc000 	C:\WINDOWS\SYSTEM32\WINHTTP.dll
0x00007ffc23340000 - 0x00007ffc233aa000 	C:\WINDOWS\system32\mswsock.dll
0x00007ffc1ea30000 - 0x00007ffc1ea44000 	C:\Program Files\Android\Android Studio\jre\bin\nio.dll
0x00007ffc1e670000 - 0x00007ffc1e697000 	C:\Users\souvik dey\.gradle\native\8bec1ad78214c89d9ad589b4d07fe93259594b29d510b10fafb7a158f7737e5d\windows-amd64\native-platform.dll
0x00007ffbff190000 - 0x00007ffbff2cd000 	C:\Users\souvik dey\.gradle\native\53dbd7edfb1c66fb8903c78663c9afc45aea4f116125fa6feffd364cf09443e8\windows-amd64\native-platform-file-events.dll
0x00007ffc21040000 - 0x00007ffc2104a000 	C:\Program Files\Android\Android Studio\jre\bin\management.dll
0x00007ffc1eb70000 - 0x00007ffc1eb7c000 	C:\Program Files\Android\Android Studio\jre\bin\management_ext.dll
0x00007ffc234f0000 - 0x00007ffc23508000 	C:\WINDOWS\SYSTEM32\CRYPTSP.dll
0x00007ffc22cd0000 - 0x00007ffc22d04000 	C:\WINDOWS\system32\rsaenh.dll
0x00007ffc23d40000 - 0x00007ffc23d67000 	C:\WINDOWS\System32\bcrypt.dll
0x00007ffc23b70000 - 0x00007ffc23b9e000 	C:\WINDOWS\SYSTEM32\USERENV.dll
0x00007ffc23510000 - 0x00007ffc2351c000 	C:\WINDOWS\SYSTEM32\CRYPTBASE.dll
0x00007ffc23040000 - 0x00007ffc2307b000 	C:\WINDOWS\SYSTEM32\IPHLPAPI.DLL
0x00007ffc24790000 - 0x00007ffc24798000 	C:\WINDOWS\System32\NSI.dll
0x00007ffc1b3c0000 - 0x00007ffc1b3d7000 	C:\WINDOWS\SYSTEM32\dhcpcsvc6.DLL
0x00007ffc1cad0000 - 0x00007ffc1caed000 	C:\WINDOWS\SYSTEM32\dhcpcsvc.DLL
0x00007ffc23080000 - 0x00007ffc2314b000 	C:\WINDOWS\SYSTEM32\DNSAPI.dll
0x00007ffc1a9d0000 - 0x00007ffc1a9d8000 	C:\Program Files\Android\Android Studio\jre\bin\rmi.dll
0x00007ffbd6a60000 - 0x00007ffbd6a77000 	C:\WINDOWS\system32\napinsp.dll
0x00007ffbd6a40000 - 0x00007ffbd6a5b000 	C:\WINDOWS\system32\pnrpnsp.dll
0x00007ffc1f410000 - 0x00007ffc1f42d000 	C:\WINDOWS\system32\NLAapi.dll
0x00007ffc00ca0000 - 0x00007ffc00cb5000 	C:\WINDOWS\system32\wshbth.dll
0x00007ffbd6a20000 - 0x00007ffbd6a32000 	C:\WINDOWS\System32\winrnr.dll
0x00007ffc10470000 - 0x00007ffc1047a000 	C:\Windows\System32\rasadhlp.dll
0x00007ffc149e0000 - 0x00007ffc14a5f000 	C:\WINDOWS\System32\fwpuclnt.dll

dbghelp: loaded successfully - version: 4.0.5 - missing functions: none
symbol engine: initialized successfully - sym options: 0x614 - pdb path: .;C:\Program Files\Android\Android Studio\jre\bin;C:\WINDOWS\SYSTEM32;C:\WINDOWS\WinSxS\amd64_microsoft.windows.common-controls_6595b64144ccf1df_6.0.19041.1110_none_60b5254171f9507e;C:\Program Files\Android\Android Studio\jre\bin\server;C:\Users\souvik dey\.gradle\native\8bec1ad78214c89d9ad589b4d07fe93259594b29d510b10fafb7a158f7737e5d\windows-amd64;C:\Users\souvik dey\.gradle\native\53dbd7edfb1c66fb8903c78663c9afc45aea4f116125fa6feffd364cf09443e8\windows-amd64

VM Arguments:
jvm_args: --add-opens=java.base/java.util=ALL-UNNAMED --add-opens=java.base/java.lang=ALL-UNNAMED --add-opens=java.base/java.lang.invoke=ALL-UNNAMED --add-opens=java.base/java.util=ALL-UNNAMED --add-opens=java.prefs/java.util.prefs=ALL-UNNAMED --add-opens=java.prefs/java.util.prefs=ALL-UNNAMED --add-opens=java.base/java.nio.charset=ALL-UNNAMED --add-opens=java.base/java.net=ALL-UNNAMED --add-opens=java.base/java.util.concurrent.atomic=ALL-UNNAMED -Xmx2048m -Dfile.encoding=UTF-8 -Duser.country=IN -Duser.language=en -Duser.variant 
java_command: org.gradle.launcher.daemon.bootstrap.GradleDaemon 7.0.2
java_class_path (initial): C:\Users\souvik dey\.gradle\wrapper\dists\gradle-7.0.2-bin\857tjihv64xamwrf0h14cai3r\gradle-7.0.2\lib\gradle-launcher-7.0.2.jar
Launcher Type: SUN_STANDARD

[Global flags]
     intx CICompilerCount                          = 4                                         {product} {ergonomic}
     uint ConcGCThreads                            = 2                                         {product} {ergonomic}
     uint G1ConcRefinementThreads                  = 8                                         {product} {ergonomic}
   size_t G1HeapRegionSize                         = 1048576                                   {product} {ergonomic}
    uintx GCDrainStackTargetSize                   = 64                                        {product} {ergonomic}
   size_t InitialHeapSize                          = 100663296                                 {product} {ergonomic}
   size_t MarkStackSize                            = 4194304                                   {product} {ergonomic}
   size_t MaxHeapSize                              = 2147483648                                {product} {command line}
   size_t MaxNewSize                               = 1287651328                                {product} {ergonomic}
   size_t MinHeapDeltaBytes                        = 1048576                                   {product} {ergonomic}
    uintx NonNMethodCodeHeapSize                   = 5836300                                {pd product} {ergonomic}
    uintx NonProfiledCodeHeapSize                  = 122910970                              {pd product} {ergonomic}
    uintx ProfiledCodeHeapSize                     = 122910970                              {pd product} {ergonomic}
    uintx ReservedCodeCacheSize                    = 251658240                              {pd product} {ergonomic}
     bool SegmentedCodeCache                       = true                                      {product} {ergonomic}
     bool UseCompressedClassPointers               = true                                 {lp64_product} {ergonomic}
     bool UseCompressedOops                        = true                                 {lp64_product} {ergonomic}
     bool UseG1GC                                  = true                                      {product} {ergonomic}
     bool UseLargePagesIndividualAllocation        = false                                  {pd product} {ergonomic}

Logging:
Log output configuration:
 #0: stdout all=warning uptime,level,tags
 #1: stderr all=off uptime,level,tags

Environment Variables:
PATH=C:\python 3.9.1\Scripts\;C:\python 3.9.1\;C:\WINDOWS\system32;C:\WINDOWS;C:\WINDOWS\System32\Wbem;C:\WINDOWS\System32\WindowsPowerShell\v1.0\;C:\WINDOWS\System32\OpenSSH\;C:\MinGW\bin;C:\Program Files\Git\cmd;C:\Users\souvik dey\AppData\Local\Microsoft\WindowsApps;C:\Users\souvik dey\AppData\Local\atom\bin
USERNAME=souvik dey
OS=Windows_NT
PROCESSOR_IDENTIFIER=AMD64 Family 23 Model 24 Stepping 1, AuthenticAMD



---------------  S Y S T E M  ---------------

OS: Windows 10 , 64 bit Build 19041 (10.0.19041.1348)
OS uptime: 13 days 15:07 hours
Hyper-V role detected

CPU:total 8 (initial active 8) (8 cores per cpu, 2 threads per core) family 23 model 24 stepping 1 microcode 0x0, cmov, cx8, fxsr, mmx, sse, sse2, sse3, ssse3, sse4.1, sse4.2, popcnt, avx, avx2, aes, clmul, mmxext, 3dnowpref, lzcnt, sse4a, ht, tsc, tscinvbit, tscinv, bmi1, bmi2, adx, s

Memory: 4k page, system-wide physical 6058M (372M free)
TotalPageFile size 24490M (AvailPageFile size 52M)
current process WorkingSet (physical memory assigned to process): 434M, peak: 434M
current process commit charge ("private bytes"): 507M, peak: 591M

vm_info: OpenJDK 64-Bit Server VM (11.0.10+0-b96-7249189) for windows-amd64 JRE (11.0.10+0-b96-7249189), built on Mar 31 2021 21:44:00 by "builder" with MS VC++ 14.0 (VS2015)

END.
