#
# There is insufficient memory for the Java Runtime Environment to continue.
# Native memory allocation (malloc) failed to allocate 1044816 bytes for Chunk::new
# Possible reasons:
#   The system is out of physical RAM or swap space
#   The process is running with CompressedOops enabled, and the Java Heap may be blocking the growth of the native heap
# Possible solutions:
#   Reduce memory load on the system
#   Increase physical memory or swap space
#   Check if swap backing store is full
#   Decrease Java heap size (-Xmx/-Xms)
#   Decrease number of Java threads
#   Decrease Java thread stack sizes (-Xss)
#   Set larger code cache with -XX:ReservedCodeCacheSize=
#   JVM is running with Unscaled Compressed Oops mode in which the Java heap is
#     placed in the first 4GB address space. The Java Heap base address is the
#     maximum limit for the native heap growth. Please use -XX:HeapBaseMinAddress
#     to set the Java Heap base and to place the Java Heap above 4GB virtual address.
# This output file may be truncated or incomplete.
#
#  Out of Memory Error (./src/hotspot/share/memory/arena.cpp:197), pid=26916, tid=6244
#
# JRE version: OpenJDK Runtime Environment (11.0.10) (build 11.0.10+0-b96-7249189)
# Java VM: OpenJDK 64-Bit Server VM (11.0.10+0-b96-7249189, mixed mode, tiered, compressed oops, g1 gc, windows-amd64)
# No core dump will be written. Minidumps are not enabled by default on client versions of Windows
#

---------------  S U M M A R Y ------------

Command Line: --add-opens=java.base/java.util=ALL-UNNAMED --add-opens=java.base/java.lang=ALL-UNNAMED --add-opens=java.base/java.lang.invoke=ALL-UNNAMED --add-opens=java.base/java.util=ALL-UNNAMED --add-opens=java.prefs/java.util.prefs=ALL-UNNAMED --add-opens=java.prefs/java.util.prefs=ALL-UNNAMED --add-opens=java.base/java.nio.charset=ALL-UNNAMED --add-opens=java.base/java.net=ALL-UNNAMED --add-opens=java.base/java.util.concurrent.atomic=ALL-UNNAMED -Xmx2048m -Dfile.encoding=UTF-8 -Duser.country=IN -Duser.language=en -Duser.variant org.gradle.launcher.daemon.bootstrap.GradleDaemon 7.0.2

Host: AMD Ryzen 5 3500U with Radeon Vega Mobile Gfx  , 8 cores, 5G,  Windows 10 , 64 bit Build 19041 (10.0.19041.1348)
Time: Tue Nov 30 12:15:04 2021 India Standard Time elapsed time: 5.047271 seconds (0d 0h 0m 5s)

---------------  T H R E A D  ---------------

Current thread (0x00000188b22dc000):  JavaThread "C2 CompilerThread0" daemon [_thread_in_native, id=6244, stack(0x0000004b88300000,0x0000004b88400000)]


Current CompileTask:
C2:   5047 2734  s!   4       jdk.internal.loader.URLClassPath::getLoader (194 bytes)

Stack: [0x0000004b88300000,0x0000004b88400000]
Native frames: (J=compiled Java code, j=interpreted, Vv=VM code, C=native code)
V  [jvm.dll+0x5ecfaa]
V  [jvm.dll+0x722bd5]
V  [jvm.dll+0x72412d]
V  [jvm.dll+0x7247e3]
V  [jvm.dll+0x242928]
V  [jvm.dll+0xbc4fc]
V  [jvm.dll+0xbca0c]
V  [jvm.dll+0x352d7d]
V  [jvm.dll+0x19800c]
V  [jvm.dll+0x1fb70e]
V  [jvm.dll+0x1fa7f4]
V  [jvm.dll+0x18354c]
V  [jvm.dll+0x208ee7]
V  [jvm.dll+0x207731]
V  [jvm.dll+0x6eb1cf]
V  [jvm.dll+0x6e3d45]
V  [jvm.dll+0x5ebe96]
C  [ucrtbase.dll+0x21bb2]
C  [KERNEL32.DLL+0x17034]
C  [ntdll.dll+0x52651]


---------------  P R O C E S S  ---------------

Threads class SMR info:
_java_thread_list=0x00000188b6f03fc0, length=38, elements={
0x0000018895ebc800, 0x00000188b22b8800, 0x00000188b22c2000, 0x00000188b22cf800,
0x00000188b22d0800, 0x00000188b22d2800, 0x00000188b22dc000, 0x00000188b22e5000,
0x00000188b22f0800, 0x00000188b2dd5000, 0x00000188b2dd9800, 0x00000188b2dd7000,
0x00000188b2dd4800, 0x00000188b2dd6000, 0x00000188b2dd7800, 0x00000188b2dd8800,
0x00000188b2dda000, 0x00000188b2ddb000, 0x00000188b4eb3800, 0x00000188b4eb1000,
0x00000188b4ead800, 0x00000188b4eb1800, 0x00000188b4eb2800, 0x00000188b4eb4000,
0x00000188b4eae800, 0x00000188b4eb5000, 0x00000188b4eaf000, 0x00000188b4eb5800,
0x00000188b4eb0000, 0x00000188b4eb7800, 0x00000188b4eba800, 0x00000188b4ebb800,
0x00000188b4ebc800, 0x00000188b4eb6800, 0x00000188b4eb8000, 0x00000188b4eb9000,
0x00000188b4eba000, 0x00000188b6ded000
}

Java Threads: ( => current thread )
  0x0000018895ebc800 JavaThread "main" [_thread_blocked, id=17944, stack(0x0000004b87700000,0x0000004b87800000)]
  0x00000188b22b8800 JavaThread "Reference Handler" daemon [_thread_blocked, id=6780, stack(0x0000004b87e00000,0x0000004b87f00000)]
  0x00000188b22c2000 JavaThread "Finalizer" daemon [_thread_blocked, id=23696, stack(0x0000004b87f00000,0x0000004b88000000)]
  0x00000188b22cf800 JavaThread "Signal Dispatcher" daemon [_thread_blocked, id=25936, stack(0x0000004b88000000,0x0000004b88100000)]
  0x00000188b22d0800 JavaThread "Attach Listener" daemon [_thread_blocked, id=27340, stack(0x0000004b88100000,0x0000004b88200000)]
  0x00000188b22d2800 JavaThread "Service Thread" daemon [_thread_blocked, id=13592, stack(0x0000004b88200000,0x0000004b88300000)]
=>0x00000188b22dc000 JavaThread "C2 CompilerThread0" daemon [_thread_in_native, id=6244, stack(0x0000004b88300000,0x0000004b88400000)]
  0x00000188b22e5000 JavaThread "C1 CompilerThread0" daemon [_thread_blocked, id=26476, stack(0x0000004b88400000,0x0000004b88500000)]
  0x00000188b22f0800 JavaThread "Sweeper thread" daemon [_thread_blocked, id=10000, stack(0x0000004b88500000,0x0000004b88600000)]
  0x00000188b2dd5000 JavaThread "Common-Cleaner" daemon [_thread_blocked, id=24664, stack(0x0000004b88600000,0x0000004b88700000)]
  0x00000188b2dd9800 JavaThread "Daemon health stats" [_thread_blocked, id=28348, stack(0x0000004b88900000,0x0000004b88a00000)]
  0x00000188b2dd7000 JavaThread "Incoming local TCP Connector on port 56897" [_thread_in_native, id=29492, stack(0x0000004b88c00000,0x0000004b88d00000)]
  0x00000188b2dd4800 JavaThread "Daemon periodic checks" [_thread_blocked, id=19704, stack(0x0000004b88d00000,0x0000004b88e00000)]
  0x00000188b2dd6000 JavaThread "Daemon" [_thread_blocked, id=26896, stack(0x0000004b88e00000,0x0000004b88f00000)]
  0x00000188b2dd7800 JavaThread "Handler for socket connection from /127.0.0.1:56897 to /127.0.0.1:56898" [_thread_in_native, id=31536, stack(0x0000004b88f00000,0x0000004b89000000)]
  0x00000188b2dd8800 JavaThread "Cancel handler" [_thread_blocked, id=5492, stack(0x0000004b89000000,0x0000004b89100000)]
  0x00000188b2dda000 JavaThread "Daemon worker" [_thread_in_vm, id=25860, stack(0x0000004b89100000,0x0000004b89200000)]
  0x00000188b2ddb000 JavaThread "Asynchronous log dispatcher for DefaultDaemonConnection: socket connection from /127.0.0.1:56897 to /127.0.0.1:56898" [_thread_blocked, id=27088, stack(0x0000004b89200000,0x0000004b89300000)]
  0x00000188b4eb3800 JavaThread "Stdin handler" [_thread_blocked, id=7152, stack(0x0000004b89300000,0x0000004b89400000)]
  0x00000188b4eb1000 JavaThread "Daemon client event forwarder" [_thread_blocked, id=8672, stack(0x0000004b89400000,0x0000004b89500000)]
  0x00000188b4ead800 JavaThread "Cache worker for file hash cache (C:\Users\souvik dey\.gradle\caches\7.0.2\fileHashes)" [_thread_blocked, id=27292, stack(0x0000004b89500000,0x0000004b89600000)]
  0x00000188b4eb1800 JavaThread "File lock request listener" [_thread_in_native, id=23260, stack(0x0000004b89600000,0x0000004b89700000)]
  0x00000188b4eb2800 JavaThread "Cache worker for journal cache (C:\Users\souvik dey\.gradle\caches\journal-1)" [_thread_blocked, id=32336, stack(0x0000004b89c00000,0x0000004b89d00000)]
  0x00000188b4eb4000 JavaThread "Cache worker for file hash cache (E:\my programming\android projects\EasyDRAW\.gradle\7.0.2\fileHashes)" [_thread_blocked, id=29268, stack(0x0000004b89d00000,0x0000004b89e00000)]
  0x00000188b4eae800 JavaThread "File watcher server" daemon [_thread_in_native, id=13472, stack(0x0000004b89e00000,0x0000004b89f00000)]
  0x00000188b4eb5000 JavaThread "File watcher consumer" daemon [_thread_blocked, id=18264, stack(0x0000004b89f00000,0x0000004b8a000000)]
  0x00000188b4eaf000 JavaThread "jar transforms" [_thread_blocked, id=17080, stack(0x0000004b8a000000,0x0000004b8a100000)]
  0x00000188b4eb5800 JavaThread "jar transforms Thread 2" [_thread_blocked, id=25656, stack(0x0000004b8a100000,0x0000004b8a200000)]
  0x00000188b4eb0000 JavaThread "jar transforms Thread 3" [_thread_blocked, id=30724, stack(0x0000004b8a200000,0x0000004b8a300000)]
  0x00000188b4eb7800 JavaThread "jar transforms Thread 4" [_thread_blocked, id=30688, stack(0x0000004b8a300000,0x0000004b8a400000)]
  0x00000188b4eba800 JavaThread "jar transforms Thread 5" [_thread_blocked, id=28812, stack(0x0000004b8a400000,0x0000004b8a500000)]
  0x00000188b4ebb800 JavaThread "jar transforms Thread 6" [_thread_blocked, id=3644, stack(0x0000004b8a500000,0x0000004b8a600000)]
  0x00000188b4ebc800 JavaThread "jar transforms Thread 7" [_thread_blocked, id=30432, stack(0x0000004b8a600000,0x0000004b8a700000)]
  0x00000188b4eb6800 JavaThread "jar transforms Thread 8" [_thread_blocked, id=26888, stack(0x0000004b8a700000,0x0000004b8a800000)]
  0x00000188b4eb8000 JavaThread "Cache worker for checksums cache (E:\my programming\android projects\EasyDRAW\.gradle\checksums)" [_thread_blocked, id=31104, stack(0x0000004b8a800000,0x0000004b8a900000)]
  0x00000188b4eb9000 JavaThread "Cache worker for cache directory md-supplier (C:\Users\souvik dey\.gradle\caches\7.0.2\md-supplier)" [_thread_blocked, id=26844, stack(0x0000004b8a900000,0x0000004b8aa00000)]
  0x00000188b4eba000 JavaThread "Cache worker for cache directory md-rule (C:\Users\souvik dey\.gradle\caches\7.0.2\md-rule)" [_thread_blocked, id=20660, stack(0x0000004b8aa00000,0x0000004b8ab00000)]
  0x00000188b6ded000 JavaThread "Cache worker for execution history cache (C:\Users\souvik dey\.gradle\caches\7.0.2\executionHistory)" [_thread_blocked, id=8372, stack(0x0000004b8ab00000,0x0000004b8ac00000)]

Other Threads:
  0x00000188b22b4800 VMThread "VM Thread" [stack: 0x0000004b87d00000,0x0000004b87e00000] [id=17644]
  0x00000188b2e08800 WatcherThread [stack: 0x0000004b88700000,0x0000004b88800000] [id=22980]
  0x0000018895ed4000 GCTaskThread "GC Thread#0" [stack: 0x0000004b87800000,0x0000004b87900000] [id=23992]
  0x00000188b35e5800 GCTaskThread "GC Thread#1" [stack: 0x0000004b88800000,0x0000004b88900000] [id=25304]
  0x00000188b43e4000 GCTaskThread "GC Thread#2" [stack: 0x0000004b88a00000,0x0000004b88b00000] [id=30248]
  0x00000188b4323000 GCTaskThread "GC Thread#3" [stack: 0x0000004b88b00000,0x0000004b88c00000] [id=22688]
  0x00000188b5026000 GCTaskThread "GC Thread#4" [stack: 0x0000004b89700000,0x0000004b89800000] [id=25092]
  0x00000188b4fe3000 GCTaskThread "GC Thread#5" [stack: 0x0000004b89800000,0x0000004b89900000] [id=22484]
  0x00000188b4ea2000 GCTaskThread "GC Thread#6" [stack: 0x0000004b89900000,0x0000004b89a00000] [id=31004]
  0x00000188b4ed6800 GCTaskThread "GC Thread#7" [stack: 0x0000004b89a00000,0x0000004b89b00000] [id=29440]
  0x0000018895f04800 ConcurrentGCThread "G1 Main Marker" [stack: 0x0000004b87900000,0x0000004b87a00000] [id=18640]
  0x0000018895f07000 ConcurrentGCThread "G1 Conc#0" [stack: 0x0000004b87a00000,0x0000004b87b00000] [id=31836]
  0x00000188b4e96000 ConcurrentGCThread "G1 Conc#1" [stack: 0x0000004b89b00000,0x0000004b89c00000] [id=7944]
  0x0000018895f8d800 ConcurrentGCThread "G1 Refine#0" [stack: 0x0000004b87b00000,0x0000004b87c00000] [id=8236]
  0x00000188b2102800 ConcurrentGCThread "G1 Young RemSet Sampling" [stack: 0x0000004b87c00000,0x0000004b87d00000] [id=10004]

Threads with active compile tasks:
C2 CompilerThread0   5166 2734  s!   4       jdk.internal.loader.URLClassPath::getLoader (194 bytes)

VM state:not at safepoint (normal execution)

VM Mutex/Monitor currently owned by a thread:  ([mutex/lock_event])
[0x0000018895eba410] AdapterHandlerLibrary_lock - owner thread: 0x0000000000000000

Heap address: 0x0000000080000000, size: 2048 MB, Compressed Oops mode: 32-bit
Narrow klass base: 0x0000000000000000, Narrow klass shift: 3
Compressed class space size: 1073741824 Address: 0x0000000100000000

Heap:
 garbage-first heap   total 98304K, used 41423K [0x0000000080000000, 0x0000000100000000)
  region size 1024K, 10 young (10240K), 3 survivors (3072K)
 Metaspace       used 36563K, capacity 37531K, committed 37632K, reserved 1081344K
  class space    used 4797K, capacity 5155K, committed 5248K, reserved 1048576K
Heap Regions: E=young(eden), S=young(survivor), O=old, HS=humongous(starts), HC=humongous(continues), CS=collection set, F=free, A=archive, TAMS=top-at-mark-start (previous, next)
|   0|0x0000000080000000, 0x0000000080100000, 0x0000000080100000|100%| O|  |TAMS 0x0000000080100000, 0x0000000080000000| Untracked 
|   1|0x0000000080100000, 0x0000000080200000, 0x0000000080200000|100%| O|  |TAMS 0x0000000080200000, 0x0000000080100000| Untracked 
|   2|0x0000000080200000, 0x0000000080300000, 0x0000000080300000|100%| O|  |TAMS 0x0000000080300000, 0x0000000080200000| Untracked 
|   3|0x0000000080300000, 0x0000000080400000, 0x0000000080400000|100%|HS|  |TAMS 0x0000000080400000, 0x0000000080300000| Complete 
|   4|0x0000000080400000, 0x0000000080500000, 0x0000000080500000|100%|HC|  |TAMS 0x0000000080500000, 0x0000000080400000| Complete 
|   5|0x0000000080500000, 0x0000000080600000, 0x0000000080600000|100%|HC|  |TAMS 0x0000000080600000, 0x0000000080500000| Complete 
|   6|0x0000000080600000, 0x0000000080700000, 0x0000000080700000|100%| O|  |TAMS 0x0000000080700000, 0x0000000080600000| Untracked 
|   7|0x0000000080700000, 0x0000000080800000, 0x0000000080800000|100%| O|  |TAMS 0x0000000080800000, 0x0000000080700000| Untracked 
|   8|0x0000000080800000, 0x0000000080900000, 0x0000000080900000|100%| O|  |TAMS 0x0000000080900000, 0x0000000080800000| Untracked 
|   9|0x0000000080900000, 0x0000000080a00000, 0x0000000080a00000|100%| O|  |TAMS 0x0000000080a00000, 0x0000000080900000| Untracked 
|  10|0x0000000080a00000, 0x0000000080b00000, 0x0000000080b00000|100%| O|  |TAMS 0x0000000080b00000, 0x0000000080a00000| Untracked 
|  11|0x0000000080b00000, 0x0000000080c00000, 0x0000000080c00000|100%| O|  |TAMS 0x0000000080c00000, 0x0000000080b00000| Untracked 
|  12|0x0000000080c00000, 0x0000000080d00000, 0x0000000080d00000|100%| O|  |TAMS 0x0000000080d00000, 0x0000000080c00000| Untracked 
|  13|0x0000000080d00000, 0x0000000080e00000, 0x0000000080e00000|100%| O|  |TAMS 0x0000000080e00000, 0x0000000080d00000| Untracked 
|  14|0x0000000080e00000, 0x0000000080f00000, 0x0000000080f00000|100%| O|  |TAMS 0x0000000080f00000, 0x0000000080e00000| Untracked 
|  15|0x0000000080f00000, 0x0000000081000000, 0x0000000081000000|100%|HS|  |TAMS 0x0000000081000000, 0x0000000080f00000| Complete 
|  16|0x0000000081000000, 0x0000000081100000, 0x0000000081100000|100%|HC|  |TAMS 0x0000000081100000, 0x0000000081000000| Complete 
|  17|0x0000000081100000, 0x0000000081200000, 0x0000000081200000|100%|HS|  |TAMS 0x0000000081200000, 0x0000000081100000| Complete 
|  18|0x0000000081200000, 0x0000000081300000, 0x0000000081300000|100%|HC|  |TAMS 0x0000000081300000, 0x0000000081200000| Complete 
|  19|0x0000000081300000, 0x0000000081400000, 0x0000000081400000|100%|HC|  |TAMS 0x0000000081400000, 0x0000000081300000| Complete 
|  20|0x0000000081400000, 0x0000000081500000, 0x0000000081500000|100%|HS|  |TAMS 0x0000000081500000, 0x0000000081400000| Complete 
|  21|0x0000000081500000, 0x0000000081600000, 0x0000000081600000|100%|HC|  |TAMS 0x0000000081600000, 0x0000000081500000| Complete 
|  22|0x0000000081600000, 0x0000000081700000, 0x0000000081700000|100%|HC|  |TAMS 0x0000000081700000, 0x0000000081600000| Complete 
|  23|0x0000000081700000, 0x0000000081800000, 0x0000000081800000|100%|HC|  |TAMS 0x0000000081800000, 0x0000000081700000| Complete 
|  24|0x0000000081800000, 0x0000000081900000, 0x0000000081900000|100%|HC|  |TAMS 0x0000000081900000, 0x0000000081800000| Complete 
|  25|0x0000000081900000, 0x0000000081a00000, 0x0000000081a00000|100%| O|  |TAMS 0x0000000081a00000, 0x0000000081900000| Untracked 
|  26|0x0000000081a00000, 0x0000000081b00000, 0x0000000081b00000|100%| O|  |TAMS 0x0000000081b00000, 0x0000000081a00000| Untracked 
|  27|0x0000000081b00000, 0x0000000081c00000, 0x0000000081c00000|100%| O|  |TAMS 0x0000000081c00000, 0x0000000081b00000| Untracked 
|  28|0x0000000081c00000, 0x0000000081d00000, 0x0000000081d00000|100%| O|  |TAMS 0x0000000081d00000, 0x0000000081c00000| Untracked 
|  29|0x0000000081d00000, 0x0000000081e00000, 0x0000000081e00000|100%| O|  |TAMS 0x0000000081e00000, 0x0000000081d00000| Untracked 
|  30|0x0000000081e00000, 0x0000000081f00000, 0x0000000081f00000|100%| O|  |TAMS 0x0000000081f00000, 0x0000000081e00000| Untracked 
|  31|0x0000000081f00000, 0x0000000082000000, 0x0000000082000000|100%| O|  |TAMS 0x0000000082000000, 0x0000000081f00000| Untracked 
|  32|0x0000000082000000, 0x0000000082000000, 0x0000000082100000|  0%| F|  |TAMS 0x0000000082000000, 0x0000000082000000| Untracked 
|  33|0x0000000082100000, 0x0000000082100000, 0x0000000082200000|  0%| F|  |TAMS 0x0000000082100000, 0x0000000082100000| Untracked 
|  34|0x0000000082200000, 0x0000000082200000, 0x0000000082300000|  0%| F|  |TAMS 0x0000000082200000, 0x0000000082200000| Untracked 
|  35|0x0000000082300000, 0x0000000082300000, 0x0000000082400000|  0%| F|  |TAMS 0x0000000082300000, 0x0000000082300000| Untracked 
|  36|0x0000000082400000, 0x0000000082400000, 0x0000000082500000|  0%| F|  |TAMS 0x0000000082400000, 0x0000000082400000| Untracked 
|  37|0x0000000082500000, 0x0000000082500000, 0x0000000082600000|  0%| F|  |TAMS 0x0000000082500000, 0x0000000082500000| Untracked 
|  38|0x0000000082600000, 0x0000000082600000, 0x0000000082700000|  0%| F|  |TAMS 0x0000000082600000, 0x0000000082600000| Untracked 
|  39|0x0000000082700000, 0x0000000082700000, 0x0000000082800000|  0%| F|  |TAMS 0x0000000082700000, 0x0000000082700000| Untracked 
|  40|0x0000000082800000, 0x0000000082800000, 0x0000000082900000|  0%| F|  |TAMS 0x0000000082800000, 0x0000000082800000| Untracked 
|  41|0x0000000082900000, 0x0000000082900000, 0x0000000082a00000|  0%| F|  |TAMS 0x0000000082900000, 0x0000000082900000| Untracked 
|  42|0x0000000082a00000, 0x0000000082a00000, 0x0000000082b00000|  0%| F|  |TAMS 0x0000000082a00000, 0x0000000082a00000| Untracked 
|  43|0x0000000082b00000, 0x0000000082b00000, 0x0000000082c00000|  0%| F|  |TAMS 0x0000000082b00000, 0x0000000082b00000| Untracked 
|  44|0x0000000082c00000, 0x0000000082c00000, 0x0000000082d00000|  0%| F|  |TAMS 0x0000000082c00000, 0x0000000082c00000| Untracked 
|  45|0x0000000082d00000, 0x0000000082d00000, 0x0000000082e00000|  0%| F|  |TAMS 0x0000000082d00000, 0x0000000082d00000| Untracked 
|  46|0x0000000082e00000, 0x0000000082e00000, 0x0000000082f00000|  0%| F|  |TAMS 0x0000000082e00000, 0x0000000082e00000| Untracked 
|  47|0x0000000082f00000, 0x0000000082f00000, 0x0000000083000000|  0%| F|  |TAMS 0x0000000082f00000, 0x0000000082f00000| Untracked 
|  48|0x0000000083000000, 0x0000000083000000, 0x0000000083100000|  0%| F|  |TAMS 0x0000000083000000, 0x0000000083000000| Untracked 
|  49|0x0000000083100000, 0x0000000083100000, 0x0000000083200000|  0%| F|  |TAMS 0x0000000083100000, 0x0000000083100000| Untracked 
|  50|0x0000000083200000, 0x0000000083200000, 0x0000000083300000|  0%| F|  |TAMS 0x0000000083200000, 0x0000000083200000| Untracked 
|  51|0x0000000083300000, 0x0000000083300000, 0x0000000083400000|  0%| F|  |TAMS 0x0000000083300000, 0x0000000083300000| Untracked 
|  52|0x0000000083400000, 0x0000000083400000, 0x0000000083500000|  0%| F|  |TAMS 0x0000000083400000, 0x0000000083400000| Untracked 
|  53|0x0000000083500000, 0x0000000083500000, 0x0000000083600000|  0%| F|  |TAMS 0x0000000083500000, 0x0000000083500000| Untracked 
|  54|0x0000000083600000, 0x0000000083600000, 0x0000000083700000|  0%| F|  |TAMS 0x0000000083600000, 0x0000000083600000| Untracked 
|  55|0x0000000083700000, 0x0000000083700000, 0x0000000083800000|  0%| F|  |TAMS 0x0000000083700000, 0x0000000083700000| Untracked 
|  56|0x0000000083800000, 0x0000000083800000, 0x0000000083900000|  0%| F|  |TAMS 0x0000000083800000, 0x0000000083800000| Untracked 
|  57|0x0000000083900000, 0x0000000083900000, 0x0000000083a00000|  0%| F|  |TAMS 0x0000000083900000, 0x0000000083900000| Untracked 
|  58|0x0000000083a00000, 0x0000000083a00000, 0x0000000083b00000|  0%| F|  |TAMS 0x0000000083a00000, 0x0000000083a00000| Untracked 
|  59|0x0000000083b00000, 0x0000000083b00000, 0x0000000083c00000|  0%| F|  |TAMS 0x0000000083b00000, 0x0000000083b00000| Untracked 
|  60|0x0000000083c00000, 0x0000000083c00000, 0x0000000083d00000|  0%| F|  |TAMS 0x0000000083c00000, 0x0000000083c00000| Untracked 
|  61|0x0000000083d00000, 0x0000000083d00000, 0x0000000083e00000|  0%| F|  |TAMS 0x0000000083d00000, 0x0000000083d00000| Untracked 
|  62|0x0000000083e00000, 0x0000000083e00000, 0x0000000083f00000|  0%| F|  |TAMS 0x0000000083e00000, 0x0000000083e00000| Untracked 
|  63|0x0000000083f00000, 0x0000000083f00000, 0x0000000084000000|  0%| F|  |TAMS 0x0000000083f00000, 0x0000000083f00000| Untracked 
|  64|0x0000000084000000, 0x0000000084000000, 0x0000000084100000|  0%| F|  |TAMS 0x0000000084000000, 0x0000000084000000| Untracked 
|  65|0x0000000084100000, 0x0000000084100000, 0x0000000084200000|  0%| F|  |TAMS 0x0000000084100000, 0x0000000084100000| Untracked 
|  66|0x0000000084200000, 0x0000000084200000, 0x0000000084300000|  0%| F|  |TAMS 0x0000000084200000, 0x0000000084200000| Untracked 
|  67|0x0000000084300000, 0x0000000084300000, 0x0000000084400000|  0%| F|  |TAMS 0x0000000084300000, 0x0000000084300000| Untracked 
|  68|0x0000000084400000, 0x0000000084400000, 0x0000000084500000|  0%| F|  |TAMS 0x0000000084400000, 0x0000000084400000| Untracked 
|  69|0x0000000084500000, 0x0000000084500000, 0x0000000084600000|  0%| F|  |TAMS 0x0000000084500000, 0x0000000084500000| Untracked 
|  70|0x0000000084600000, 0x0000000084600000, 0x0000000084700000|  0%| F|  |TAMS 0x0000000084600000, 0x0000000084600000| Untracked 
|  71|0x0000000084700000, 0x0000000084773e00, 0x0000000084800000| 45%| S|CS|TAMS 0x0000000084700000, 0x0000000084700000| Complete 
|  72|0x0000000084800000, 0x0000000084900000, 0x0000000084900000|100%| S|CS|TAMS 0x0000000084800000, 0x0000000084800000| Complete 
|  73|0x0000000084900000, 0x0000000084a00000, 0x0000000084a00000|100%| S|CS|TAMS 0x0000000084900000, 0x0000000084900000| Complete 
|  74|0x0000000084a00000, 0x0000000084a00000, 0x0000000084b00000|  0%| F|  |TAMS 0x0000000084a00000, 0x0000000084a00000| Untracked 
|  75|0x0000000084b00000, 0x0000000084b00000, 0x0000000084c00000|  0%| F|  |TAMS 0x0000000084b00000, 0x0000000084b00000| Untracked 
|  76|0x0000000084c00000, 0x0000000084c00000, 0x0000000084d00000|  0%| F|  |TAMS 0x0000000084c00000, 0x0000000084c00000| Untracked 
|  77|0x0000000084d00000, 0x0000000084d00000, 0x0000000084e00000|  0%| F|  |TAMS 0x0000000084d00000, 0x0000000084d00000| Untracked 
|  78|0x0000000084e00000, 0x0000000084e00000, 0x0000000084f00000|  0%| F|  |TAMS 0x0000000084e00000, 0x0000000084e00000| Untracked 
|  79|0x0000000084f00000, 0x0000000084f00000, 0x0000000085000000|  0%| F|  |TAMS 0x0000000084f00000, 0x0000000084f00000| Untracked 
|  80|0x0000000085000000, 0x0000000085000000, 0x0000000085100000|  0%| F|  |TAMS 0x0000000085000000, 0x0000000085000000| Untracked 
|  81|0x0000000085100000, 0x0000000085100000, 0x0000000085200000|  0%| F|  |TAMS 0x0000000085100000, 0x0000000085100000| Untracked 
|  82|0x0000000085200000, 0x0000000085200000, 0x0000000085300000|  0%| F|  |TAMS 0x0000000085200000, 0x0000000085200000| Untracked 
|  83|0x0000000085300000, 0x0000000085300000, 0x0000000085400000|  0%| F|  |TAMS 0x0000000085300000, 0x0000000085300000| Untracked 
|  84|0x0000000085400000, 0x0000000085400000, 0x0000000085500000|  0%| F|  |TAMS 0x0000000085400000, 0x0000000085400000| Untracked 
|  85|0x0000000085500000, 0x0000000085500000, 0x0000000085600000|  0%| F|  |TAMS 0x0000000085500000, 0x0000000085500000| Untracked 
|  86|0x0000000085600000, 0x0000000085600000, 0x0000000085700000|  0%| F|  |TAMS 0x0000000085600000, 0x0000000085600000| Untracked 
|  87|0x0000000085700000, 0x0000000085700000, 0x0000000085800000|  0%| F|  |TAMS 0x0000000085700000, 0x0000000085700000| Untracked 
|  88|0x0000000085800000, 0x000000008587e310, 0x0000000085900000| 49%| E|  |TAMS 0x0000000085800000, 0x0000000085800000| Complete 
|  89|0x0000000085900000, 0x0000000085a00000, 0x0000000085a00000|100%| E|CS|TAMS 0x0000000085900000, 0x0000000085900000| Complete 
|  90|0x0000000085a00000, 0x0000000085b00000, 0x0000000085b00000|100%| E|CS|TAMS 0x0000000085a00000, 0x0000000085a00000| Complete 
|  91|0x0000000085b00000, 0x0000000085c00000, 0x0000000085c00000|100%| E|CS|TAMS 0x0000000085b00000, 0x0000000085b00000| Complete 
|  92|0x0000000085c00000, 0x0000000085d00000, 0x0000000085d00000|100%| E|CS|TAMS 0x0000000085c00000, 0x0000000085c00000| Complete 
|  93|0x0000000085d00000, 0x0000000085e00000, 0x0000000085e00000|100%| E|CS|TAMS 0x0000000085d00000, 0x0000000085d00000| Complete 
|  94|0x0000000085e00000, 0x0000000085f00000, 0x0000000085f00000|100%| E|CS|TAMS 0x0000000085e00000, 0x0000000085e00000| Complete 
|  95|0x0000000085f00000, 0x0000000086000000, 0x0000000086000000|100%| E|CS|TAMS 0x0000000085f00000, 0x0000000085f00000| Complete 

Card table byte_map: [0x00000188aafe0000,0x00000188ab3e0000] _byte_map_base: 0x00000188aabe0000

Marking Bits (Prev, Next): (CMBitMap*) 0x0000018895efba78, (CMBitMap*) 0x0000018895efbab0
 Prev Bits: [0x00000188ab7e0000, 0x00000188ad7e0000)
 Next Bits: [0x00000188ad7e0000, 0x00000188af7e0000)

Polling page: 0x0000018895f90000

Metaspace:

Usage:
  Non-class:     31.74 MB capacity,    31.15 MB ( 98%) used,   515.84 KB (  2%) free+waste,    86.75 KB ( <1%) overhead. 
      Class:      5.03 MB capacity,     4.69 MB ( 93%) used,   308.92 KB (  6%) free+waste,    42.63 KB ( <1%) overhead. 
       Both:     36.78 MB capacity,    35.84 MB ( 97%) used,   824.76 KB (  2%) free+waste,   129.38 KB ( <1%) overhead. 

Virtual space:
  Non-class space:       32.00 MB reserved,      31.88 MB (>99%) committed 
      Class space:        1.00 GB reserved,       5.13 MB ( <1%) committed 
             Both:        1.03 GB reserved,      37.00 MB (  4%) committed 

Chunk freelists:
   Non-Class:  8.00 KB
       Class:  29.00 KB
        Both:  37.00 KB

MaxMetaspaceSize: 17179869184.00 GB
CompressedClassSpaceSize: 1.00 GB

CodeHeap 'non-profiled nmethods': size=120000Kb used=1305Kb max_used=1305Kb free=118695Kb
 bounds [0x00000188a2c50000, 0x00000188a2ec0000, 0x00000188aa180000]
CodeHeap 'profiled nmethods': size=120000Kb used=6260Kb max_used=6260Kb free=113740Kb
 bounds [0x000001889b720000, 0x000001889bd40000, 0x00000188a2c50000]
CodeHeap 'non-nmethods': size=5760Kb used=1181Kb max_used=1210Kb free=4579Kb
 bounds [0x000001889b180000, 0x000001889b3f0000, 0x000001889b720000]
 total_blobs=3515 nmethods=2982 adapters=444
 compilation: enabled
              stopped_count=0, restarted_count=0
 full_count=0

Compilation events (20 events):
Event: 4.967 Thread 0x00000188b22e5000 2902       2       java.util.stream.ReferencePipeline$StatelessOp::<init> (29 bytes)
Event: 4.967 Thread 0x00000188b22e5000 nmethod 2902 0x000001889bd17110 code [0x000001889bd172c0, 0x000001889bd173e8]
Event: 4.967 Thread 0x00000188b22e5000 2906       2       java.util.zip.Inflater::<init> (24 bytes)
Event: 4.967 Thread 0x00000188b22e5000 nmethod 2906 0x000001889bd17490 code [0x000001889bd17660, 0x000001889bd17878]
Event: 4.967 Thread 0x00000188b22e5000 2905       2       jdk.internal.jimage.ImageStringsReader::get (9 bytes)
Event: 4.967 Thread 0x00000188b22e5000 nmethod 2905 0x000001889bd17990 code [0x000001889bd17b40, 0x000001889bd17c68]
Event: 4.967 Thread 0x00000188b22e5000 2907       2       java.nio.Buffer::nextGetIndex (32 bytes)
Event: 4.968 Thread 0x00000188b22e5000 nmethod 2907 0x000001889bd17d10 code [0x000001889bd17ec0, 0x000001889bd18028]
Event: 4.968 Thread 0x00000188b22e5000 2903       2       java.util.stream.Sink$ChainedReference::<init> (16 bytes)
Event: 4.968 Thread 0x00000188b22e5000 nmethod 2903 0x000001889bd18110 code [0x000001889bd182e0, 0x000001889bd18548]
Event: 4.968 Thread 0x00000188b22e5000 2904       2       java.util.stream.Sink$ChainedReference::end (10 bytes)
Event: 4.968 Thread 0x00000188b22e5000 nmethod 2904 0x000001889bd18690 code [0x000001889bd18840, 0x000001889bd18968]
Event: 5.000 Thread 0x00000188b22e5000 2908       2       org.codehaus.groovy.reflection.CachedClass$3$$Lambda$284/0x0000000100490c40::apply (12 bytes)
Event: 5.000 Thread 0x00000188b22e5000 nmethod 2908 0x000001889bd18a10 code [0x000001889bd18bc0, 0x000001889bd18e18]
Event: 5.001 Thread 0x00000188b22e5000 2909       2       org.codehaus.groovy.reflection.CachedClass$3::lambda$initValue$2 (13 bytes)
Event: 5.001 Thread 0x00000188b22e5000 nmethod 2909 0x000001889bd18f10 code [0x000001889bd190c0, 0x000001889bd192d8]
Event: 5.001 Thread 0x00000188b22e5000 2910       2       org.codehaus.groovy.reflection.CachedMethod::<init> (20 bytes)
Event: 5.001 Thread 0x00000188b22e5000 nmethod 2910 0x000001889bd19390 code [0x000001889bd19540, 0x000001889bd196d8]
Event: 5.016 Thread 0x00000188b22e5000 2911       2       java.lang.invoke.MethodHandleNatives$CallSiteContext::run (5 bytes)
Event: 5.016 Thread 0x00000188b22e5000 nmethod 2911 0x000001889bd19790 code [0x000001889bd19940, 0x000001889bd19a48]

GC Heap History (12 events):
Event: 0.921 GC heap before
{Heap before GC invocations=0 (full 0):
 garbage-first heap   total 98304K, used 29696K [0x0000000080000000, 0x0000000100000000)
  region size 1024K, 24 young (24576K), 0 survivors (0K)
 Metaspace       used 10158K, capacity 10379K, committed 10624K, reserved 1058816K
  class space    used 1057K, capacity 1141K, committed 1152K, reserved 1048576K
}
Event: 0.928 GC heap after
{Heap after GC invocations=1 (full 0):
 garbage-first heap   total 98304K, used 9154K [0x0000000080000000, 0x0000000100000000)
  region size 1024K, 3 young (3072K), 3 survivors (3072K)
 Metaspace       used 10158K, capacity 10379K, committed 10624K, reserved 1058816K
  class space    used 1057K, capacity 1141K, committed 1152K, reserved 1048576K
}
Event: 1.794 GC heap before
{Heap before GC invocations=1 (full 0):
 garbage-first heap   total 98304K, used 64450K [0x0000000080000000, 0x0000000100000000)
  region size 1024K, 57 young (58368K), 3 survivors (3072K)
 Metaspace       used 13396K, capacity 13703K, committed 13952K, reserved 1060864K
  class space    used 1487K, capacity 1590K, committed 1664K, reserved 1048576K
}
Event: 1.801 GC heap after
{Heap after GC invocations=2 (full 0):
 garbage-first heap   total 98304K, used 15001K [0x0000000080000000, 0x0000000100000000)
  region size 1024K, 8 young (8192K), 8 survivors (8192K)
 Metaspace       used 13396K, capacity 13703K, committed 13952K, reserved 1060864K
  class space    used 1487K, capacity 1590K, committed 1664K, reserved 1048576K
}
Event: 2.999 GC heap before
{Heap before GC invocations=2 (full 0):
 garbage-first heap   total 98304K, used 56985K [0x0000000080000000, 0x0000000100000000)
  region size 1024K, 50 young (51200K), 8 survivors (8192K)
 Metaspace       used 20644K, capacity 21139K, committed 21248K, reserved 1067008K
  class space    used 2518K, capacity 2733K, committed 2816K, reserved 1048576K
}
Event: 3.009 GC heap after
{Heap after GC invocations=3 (full 0):
 garbage-first heap   total 98304K, used 16616K [0x0000000080000000, 0x0000000100000000)
  region size 1024K, 3 young (3072K), 3 survivors (3072K)
 Metaspace       used 20644K, capacity 21139K, committed 21248K, reserved 1067008K
  class space    used 2518K, capacity 2733K, committed 2816K, reserved 1048576K
}
Event: 3.647 GC heap before
{Heap before GC invocations=4 (full 0):
 garbage-first heap   total 98304K, used 62696K [0x0000000080000000, 0x0000000100000000)
  region size 1024K, 48 young (49152K), 3 survivors (3072K)
 Metaspace       used 25358K, capacity 26016K, committed 26112K, reserved 1071104K
  class space    used 3298K, capacity 3533K, committed 3584K, reserved 1048576K
}
Event: 3.652 GC heap after
{Heap after GC invocations=5 (full 0):
 garbage-first heap   total 98304K, used 18207K [0x0000000080000000, 0x0000000100000000)
  region size 1024K, 4 young (4096K), 4 survivors (4096K)
 Metaspace       used 25358K, capacity 26016K, committed 26112K, reserved 1071104K
  class space    used 3298K, capacity 3533K, committed 3584K, reserved 1048576K
}
Event: 4.435 GC heap before
{Heap before GC invocations=5 (full 0):
 garbage-first heap   total 98304K, used 77599K [0x0000000080000000, 0x0000000100000000)
  region size 1024K, 52 young (53248K), 4 survivors (4096K)
 Metaspace       used 29683K, capacity 30488K, committed 30720K, reserved 1075200K
  class space    used 3983K, capacity 4276K, committed 4352K, reserved 1048576K
}
Event: 4.441 GC heap after
{Heap after GC invocations=6 (full 0):
 garbage-first heap   total 98304K, used 32444K [0x0000000080000000, 0x0000000100000000)
  region size 1024K, 7 young (7168K), 7 survivors (7168K)
 Metaspace       used 29683K, capacity 30488K, committed 30720K, reserved 1075200K
  class space    used 3983K, capacity 4276K, committed 4352K, reserved 1048576K
}
Event: 5.005 GC heap before
{Heap before GC invocations=6 (full 0):
 garbage-first heap   total 98304K, used 53948K [0x0000000080000000, 0x0000000100000000)
  region size 1024K, 29 young (29696K), 7 survivors (7168K)
 Metaspace       used 34859K, capacity 35743K, committed 35840K, reserved 1081344K
  class space    used 4560K, capacity 4899K, committed 4992K, reserved 1048576K
}
Event: 5.016 GC heap after
{Heap after GC invocations=7 (full 0):
 garbage-first heap   total 98304K, used 35279K [0x0000000080000000, 0x0000000100000000)
  region size 1024K, 3 young (3072K), 3 survivors (3072K)
 Metaspace       used 34859K, capacity 35743K, committed 35840K, reserved 1081344K
  class space    used 4560K, capacity 4899K, committed 4992K, reserved 1048576K
}

Deoptimization events (20 events):
Event: 4.711 Thread 0x00000188b2dda000 Uncommon trap: trap_request=0xffffff4d fr.pc=0x00000188a2d78cc8 relative=0x0000000000000ea8
Event: 4.711 Thread 0x00000188b2dda000 Uncommon trap: reason=unstable_if action=reinterpret pc=0x00000188a2d78cc8 method=java.lang.ClassLoader.getClassLoadingLock(Ljava/lang/String;)Ljava/lang/Object; @ 6 c2
Event: 4.711 Thread 0x00000188b2dda000 DEOPT PACKING pc=0x00000188a2d78cc8 sp=0x0000004b891f7b20
Event: 4.711 Thread 0x00000188b2dda000 DEOPT UNPACKING pc=0x000001889b1a78af sp=0x0000004b891f7a80 mode 2
Event: 4.763 Thread 0x00000188b2dda000 Uncommon trap: trap_request=0xffffffc6 fr.pc=0x00000188a2d522ac relative=0x000000000000082c
Event: 4.764 Thread 0x00000188b2dda000 Uncommon trap: reason=bimorphic_or_optimized_type_check action=maybe_recompile pc=0x00000188a2d522ac method=java.io.BufferedInputStream.read([BII)I @ 101 c2
Event: 4.764 Thread 0x00000188b2dda000 DEOPT PACKING pc=0x00000188a2d522ac sp=0x0000004b891f8970
Event: 4.764 Thread 0x00000188b2dda000 DEOPT UNPACKING pc=0x000001889b1a78af sp=0x0000004b891f8928 mode 2
Event: 4.765 Thread 0x00000188b2dda000 Uncommon trap: trap_request=0xffffffc6 fr.pc=0x00000188a2d522ac relative=0x000000000000082c
Event: 4.765 Thread 0x00000188b2dda000 Uncommon trap: reason=bimorphic_or_optimized_type_check action=maybe_recompile pc=0x00000188a2d522ac method=java.io.BufferedInputStream.read([BII)I @ 101 c2
Event: 4.765 Thread 0x00000188b2dda000 DEOPT PACKING pc=0x00000188a2d522ac sp=0x0000004b891f8970
Event: 4.765 Thread 0x00000188b2dda000 DEOPT UNPACKING pc=0x000001889b1a78af sp=0x0000004b891f8928 mode 2
Event: 4.767 Thread 0x00000188b2dda000 Uncommon trap: trap_request=0xffffffc6 fr.pc=0x00000188a2d522ac relative=0x000000000000082c
Event: 4.767 Thread 0x00000188b2dda000 Uncommon trap: reason=bimorphic_or_optimized_type_check action=maybe_recompile pc=0x00000188a2d522ac method=java.io.BufferedInputStream.read([BII)I @ 101 c2
Event: 4.767 Thread 0x00000188b2dda000 DEOPT PACKING pc=0x00000188a2d522ac sp=0x0000004b891f8970
Event: 4.767 Thread 0x00000188b2dda000 DEOPT UNPACKING pc=0x000001889b1a78af sp=0x0000004b891f8928 mode 2
Event: 4.767 Thread 0x00000188b2dda000 Uncommon trap: trap_request=0xffffffc6 fr.pc=0x00000188a2d522ac relative=0x000000000000082c
Event: 4.767 Thread 0x00000188b2dda000 Uncommon trap: reason=bimorphic_or_optimized_type_check action=maybe_recompile pc=0x00000188a2d522ac method=java.io.BufferedInputStream.read([BII)I @ 101 c2
Event: 4.767 Thread 0x00000188b2dda000 DEOPT PACKING pc=0x00000188a2d522ac sp=0x0000004b891f8970
Event: 4.767 Thread 0x00000188b2dda000 DEOPT UNPACKING pc=0x000001889b1a78af sp=0x0000004b891f8928 mode 2

Classes redefined (0 events):
No events

Internal exceptions (20 events):
Event: 3.949 Thread 0x00000188b2dda000 Exception <a 'java/lang/NoSuchMethodError'{0x0000000085246f78}: <clinit>> (0x0000000085246f78) thrown at [./src/hotspot/share/prims/jni.cpp, line 1362]
Event: 3.949 Thread 0x00000188b2dda000 Exception <a 'java/lang/NoSuchMethodError'{0x00000000852484b0}: <clinit>> (0x00000000852484b0) thrown at [./src/hotspot/share/prims/jni.cpp, line 1362]
Event: 4.065 Thread 0x00000188b2dda000 Exception <a 'java/lang/NoSuchMethodError'{0x0000000084871aa0}: 'java.lang.Object java.lang.invoke.DirectMethodHandle$Holder.invokeSpecialIFC(java.lang.Object, java.lang.Object, java.lang.Object, java.lang.Object)'> (0x0000000084871aa0) thrown at [./src/hotspot/share/interpreter/linkResolver.cpp, line 773]
Event: 4.075 Thread 0x00000188b2dda000 Exception <a 'java/lang/NoSuchMethodError'{0x00000000847714d8}: 'java.lang.Object java.lang.invoke.DirectMethodHandle$Holder.invokeSpecial(java.lang.Object, java.lang.Object, java.lang.Object, java.lang.Object, java.lang.Object, java.lang.Object, java.lang.Object, java.lang.Object, java.lang.Object, java.lang.Object, java.lang.Object, java.lang.Object, java.lang.Object)'> (0x00000000847714d8) thrown at [./src/hotspot/share/interpreter/linkResolver.cpp, line 773]
Event: 4.076 Thread 0x00000188b2dda000 Exception <a 'java/lang/NoSuchMethodError'{0x00000000847829d0}: 'java.lang.Object java.lang.invoke.DirectMethodHandle$Holder.invokeSpecial(java.lang.Object, java.lang.Object, java.lang.Object, java.lang.Object, java.lang.Object, java.lang.Object, java.lang.Object, java.lang.Object, java.lang.Object, java.lang.Object, java.lang.Object, java.lang.Object)'> (0x00000000847829d0) thrown at [./src/hotspot/share/interpreter/linkResolver.cpp, line 773]
Event: 4.077 Thread 0x00000188b2dda000 Exception <a 'java/lang/NoSuchMethodError'{0x0000000084787af8}: 'java.lang.Object java.lang.invoke.Invokers$Holder.linkToTargetMethod(java.lang.Object, java.lang.Object, java.lang.Object, java.lang.Object, java.lang.Object, java.lang.Object, java.lang.Object, java.lang.Object, java.lang.Object, java.lang.Object, java.lang.Object)'> (0x0000000084787af8) thrown at [./src/hotspot/share/interpreter/linkResolver.cpp, line 773]
Event: 4.090 Thread 0x00000188b2dda000 Exception <a 'java/lang/NoSuchMethodError'{0x00000000846bf758}: 'java.lang.Object java.lang.invoke.DirectMethodHandle$Holder.invokeSpecial(java.lang.Object, java.lang.Object, java.lang.Object, java.lang.Object, java.lang.Object, java.lang.Object, java.lang.Object, java.lang.Object, java.lang.Object, java.lang.Object, java.lang.Object, java.lang.Object, java.lang.Object, java.lang.Object)'> (0x00000000846bf758) thrown at [./src/hotspot/share/interpreter/linkResolver.cpp, line 773]
Event: 4.091 Thread 0x00000188b2dda000 Exception <a 'java/lang/NoSuchMethodError'{0x00000000846d0d50}: 'java.lang.Object java.lang.invoke.Invokers$Holder.linkToTargetMethod(java.lang.Object, java.lang.Object, java.lang.Object, java.lang.Object, java.lang.Object, java.lang.Object, java.lang.Object, java.lang.Object, java.lang.Object, java.lang.Object, java.lang.Object, java.lang.Object)'> (0x00000000846d0d50) thrown at [./src/hotspot/share/interpreter/linkResolver.cpp, line 773]
Event: 4.100 Thread 0x00000188b2dda000 Exception <a 'java/lang/NoSuchMethodError'{0x000000008455f0d0}: 'java.lang.Object java.lang.invoke.DirectMethodHandle$Holder.invokeStaticInit(java.lang.Object, java.lang.Object, java.lang.Object, java.lang.Object)'> (0x000000008455f0d0) thrown at [./src/hotspot/share/interpreter/linkResolver.cpp, line 773]
Event: 4.205 Thread 0x00000188b2dda000 Implicit null exception at 0x00000188a2d451f5 to 0x00000188a2d453bc
Event: 4.205 Thread 0x00000188b2dda000 Implicit null exception at 0x00000188a2ceaf2f to 0x00000188a2ceaf9d
Event: 4.601 Thread 0x00000188b2dda000 Exception <a 'java/lang/NoSuchMethodError'{0x00000000857c6828}: 'int java.lang.invoke.DirectMethodHandle$Holder.invokeStatic(java.lang.Object, java.lang.Object, java.lang.Object, java.lang.Object, java.lang.Object)'> (0x00000000857c6828) thrown at [./src/hotspot/share/interpreter/linkResolver.cpp, line 773]
Event: 4.613 Thread 0x00000188b4eba800 Exception <a 'sun/nio/fs/WindowsException'{0x000000008562edc0}> (0x000000008562edc0) thrown at [./src/hotspot/share/prims/jni.cpp, line 615]
Event: 4.690 Thread 0x00000188b4eba800 Exception <a 'sun/nio/fs/WindowsException'{0x00000000855f48f8}> (0x00000000855f48f8) thrown at [./src/hotspot/share/prims/jni.cpp, line 615]
Event: 4.691 Thread 0x00000188b4eba800 Exception <a 'sun/nio/fs/WindowsException'{0x00000000855f4b18}> (0x00000000855f4b18) thrown at [./src/hotspot/share/prims/jni.cpp, line 615]
Event: 4.735 Thread 0x00000188b2dda000 Exception <a 'java/lang/NoSuchMethodError'{0x00000000854f5578}: 'void java.lang.invoke.DirectMethodHandle$Holder.invokeStaticInit(java.lang.Object, java.lang.Object, java.lang.Object, java.lang.Object)'> (0x00000000854f5578) thrown at [./src/hotspot/share/interpreter/linkResolver.cpp, line 773]
Event: 4.827 Thread 0x00000188b2dda000 Exception <a 'java/lang/NoSuchMethodError'{0x0000000084f2ab20}: 'void java.lang.invoke.DirectMethodHandle$Holder.invokeStaticInit(java.lang.Object, java.lang.Object, java.lang.Object)'> (0x0000000084f2ab20) thrown at [./src/hotspot/share/interpreter/linkResolver.cpp, line 773]
Event: 4.830 Thread 0x00000188b2dda000 Exception <a 'java/lang/NoSuchMethodError'{0x0000000084f50330}: 'void java.lang.invoke.DirectMethodHandle$Holder.invokeStaticInit(java.lang.Object, java.lang.Object, java.lang.Object, java.lang.Object, java.lang.Object)'> (0x0000000084f50330) thrown at [./src/hotspot/share/interpreter/linkResolver.cpp, line 773]
Event: 4.867 Thread 0x00000188b2dda000 Exception <a 'java/lang/NoSuchMethodError'{0x0000000084fc6680}: 'int java.lang.invoke.DirectMethodHandle$Holder.invokeStaticInit(java.lang.Object, java.lang.Object, java.lang.Object, java.lang.Object)'> (0x0000000084fc6680) thrown at [./src/hotspot/share/interpreter/linkResolver.cpp, line 773]
Event: 4.868 Thread 0x00000188b2dda000 Exception <a 'java/lang/IncompatibleClassChangeError'{0x0000000084fcfe88}: Found class java.lang.Object, but interface was expected> (0x0000000084fcfe88) thrown at [./src/hotspot/share/interpreter/linkResolver.cpp, line 839]

Events (20 events):
Event: 5.036 loading class java/awt/event/MouseWheelListener done
Event: 5.036 loading class java/awt/event/InputMethodListener
Event: 5.036 loading class java/awt/event/InputMethodListener done
Event: 5.036 loading class java/awt/im/InputMethodRequests
Event: 5.036 loading class java/awt/im/InputMethodRequests done
Event: 5.036 loading class java/awt/im/InputContext
Event: 5.036 loading class java/awt/im/InputContext done
Event: 5.036 loading class java/awt/event/FocusEvent
Event: 5.036 loading class java/awt/event/FocusEvent done
Event: 5.036 loading class java/awt/event/InputMethodEvent
Event: 5.036 loading class java/awt/event/InputMethodEvent done
Event: 5.036 loading class java/awt/event/HierarchyEvent
Event: 5.037 loading class java/awt/event/HierarchyEvent done
Event: 5.037 loading class sun/awt/RequestFocusController
Event: 5.037 loading class sun/awt/RequestFocusController done
Event: 5.037 loading class javax/accessibility/AccessibleStateSet
Event: 5.037 loading class javax/accessibility/AccessibleStateSet done
Event: 5.038 loading class java/awt/peer/ComponentPeer
Event: 5.038 loading class java/awt/peer/ComponentPeer done
Event: 5.042 Executing VM operation: CGC_Operation done


Dynamic libraries:
0x00007ff6460f0000 - 0x00007ff6460fa000 	C:\Program Files\Android\Android Studio\jre\bin\java.exe
0x00007fff77d90000 - 0x00007fff77f85000 	C:\WINDOWS\SYSTEM32\ntdll.dll
0x00007fff76170000 - 0x00007fff7622e000 	C:\WINDOWS\System32\KERNEL32.DLL
0x00007fff754b0000 - 0x00007fff75778000 	C:\WINDOWS\System32\KERNELBASE.dll
0x00007fff72cf0000 - 0x00007fff72d80000 	C:\WINDOWS\SYSTEM32\apphelp.dll
0x00007fff758e0000 - 0x00007fff759e0000 	C:\WINDOWS\System32\ucrtbase.dll
0x00007fff5ee70000 - 0x00007fff5ee89000 	C:\Program Files\Android\Android Studio\jre\bin\jli.dll
0x00007fff5b360000 - 0x00007fff5b377000 	C:\Program Files\Android\Android Studio\jre\bin\VCRUNTIME140.dll
0x00007fff75e40000 - 0x00007fff75fe1000 	C:\WINDOWS\System32\USER32.dll
0x00007fff5fa10000 - 0x00007fff5fcaa000 	C:\WINDOWS\WinSxS\amd64_microsoft.windows.common-controls_6595b64144ccf1df_6.0.19041.1110_none_60b5254171f9507e\COMCTL32.dll
0x00007fff75d30000 - 0x00007fff75d52000 	C:\WINDOWS\System32\win32u.dll
0x00007fff76fd0000 - 0x00007fff7706e000 	C:\WINDOWS\System32\msvcrt.dll
0x00007fff76710000 - 0x00007fff7673b000 	C:\WINDOWS\System32\GDI32.dll
0x00007fff75a70000 - 0x00007fff75b7b000 	C:\WINDOWS\System32\gdi32full.dll
0x00007fff75be0000 - 0x00007fff75c7d000 	C:\WINDOWS\System32\msvcp_win.dll
0x00007fff76120000 - 0x00007fff76150000 	C:\WINDOWS\System32\IMM32.DLL
0x00007fff48090000 - 0x00007fff4812d000 	C:\Program Files\Android\Android Studio\jre\bin\msvcp140.dll
0x00007fff019f0000 - 0x00007fff024bf000 	C:\Program Files\Android\Android Studio\jre\bin\server\jvm.dll
0x00007fff76f20000 - 0x00007fff76fcc000 	C:\WINDOWS\System32\ADVAPI32.dll
0x00007fff762b0000 - 0x00007fff7634b000 	C:\WINDOWS\System32\sechost.dll
0x00007fff77a10000 - 0x00007fff77b3a000 	C:\WINDOWS\System32\RPCRT4.dll
0x00007fff77a00000 - 0x00007fff77a08000 	C:\WINDOWS\System32\PSAPI.DLL
0x00007fff6eb30000 - 0x00007fff6eb3a000 	C:\WINDOWS\SYSTEM32\VERSION.dll
0x00007fff5c8e0000 - 0x00007fff5c8e9000 	C:\WINDOWS\SYSTEM32\WSOCK32.dll
0x00007fff6b9f0000 - 0x00007fff6ba17000 	C:\WINDOWS\SYSTEM32\WINMM.dll
0x00007fff778e0000 - 0x00007fff7794b000 	C:\WINDOWS\System32\WS2_32.dll
0x00007fff73370000 - 0x00007fff73382000 	C:\WINDOWS\SYSTEM32\kernel.appcore.dll
0x00007fff5c7d0000 - 0x00007fff5c7e1000 	C:\Program Files\Android\Android Studio\jre\bin\verify.dll
0x00007fff61390000 - 0x00007fff61574000 	C:\WINDOWS\SYSTEM32\DBGHELP.DLL
0x00007fff5c8f0000 - 0x00007fff5c91c000 	C:\WINDOWS\SYSTEM32\dbgcore.DLL
0x00007fff759e0000 - 0x00007fff75a63000 	C:\WINDOWS\System32\bcryptPrimitives.dll
0x00007fff5ae20000 - 0x00007fff5ae49000 	C:\Program Files\Android\Android Studio\jre\bin\java.dll
0x00007fff5c8d0000 - 0x00007fff5c8db000 	C:\Program Files\Android\Android Studio\jre\bin\jimage.dll
0x00007fff59490000 - 0x00007fff594a8000 	C:\Program Files\Android\Android Studio\jre\bin\zip.dll
0x00007fff77070000 - 0x00007fff777af000 	C:\WINDOWS\System32\SHELL32.dll
0x00007fff73570000 - 0x00007fff73d00000 	C:\WINDOWS\SYSTEM32\windows.storage.dll
0x00007fff763b0000 - 0x00007fff76705000 	C:\WINDOWS\System32\combase.dll
0x00007fff74e30000 - 0x00007fff74e5e000 	C:\WINDOWS\SYSTEM32\Wldp.dll
0x00007fff76e70000 - 0x00007fff76f1d000 	C:\WINDOWS\System32\SHCORE.dll
0x00007fff76350000 - 0x00007fff763a5000 	C:\WINDOWS\System32\shlwapi.dll
0x00007fff753f0000 - 0x00007fff7540f000 	C:\WINDOWS\SYSTEM32\profapi.dll
0x00007fff59470000 - 0x00007fff5948a000 	C:\Program Files\Android\Android Studio\jre\bin\net.dll
0x00007fff64330000 - 0x00007fff6443c000 	C:\WINDOWS\SYSTEM32\WINHTTP.dll
0x00007fff74b40000 - 0x00007fff74baa000 	C:\WINDOWS\system32\mswsock.dll
0x00007fff59400000 - 0x00007fff59414000 	C:\Program Files\Android\Android Studio\jre\bin\nio.dll
0x00007fff587a0000 - 0x00007fff587c7000 	C:\Users\souvik dey\.gradle\native\8bec1ad78214c89d9ad589b4d07fe93259594b29d510b10fafb7a158f7737e5d\windows-amd64\native-platform.dll
0x00007fff4b710000 - 0x00007fff4b84d000 	C:\Users\souvik dey\.gradle\native\53dbd7edfb1c66fb8903c78663c9afc45aea4f116125fa6feffd364cf09443e8\windows-amd64\native-platform-file-events.dll
0x00007fff5c890000 - 0x00007fff5c89a000 	C:\Program Files\Android\Android Studio\jre\bin\management.dll
0x00007fff593f0000 - 0x00007fff593fc000 	C:\Program Files\Android\Android Studio\jre\bin\management_ext.dll
0x00007fff74d00000 - 0x00007fff74d18000 	C:\WINDOWS\SYSTEM32\CRYPTSP.dll
0x00007fff744d0000 - 0x00007fff74504000 	C:\WINDOWS\system32\rsaenh.dll
0x00007fff75d60000 - 0x00007fff75d87000 	C:\WINDOWS\System32\bcrypt.dll
0x00007fff75370000 - 0x00007fff7539e000 	C:\WINDOWS\SYSTEM32\USERENV.dll
0x00007fff74d20000 - 0x00007fff74d2c000 	C:\WINDOWS\SYSTEM32\CRYPTBASE.dll
0x00007fff74850000 - 0x00007fff7488b000 	C:\WINDOWS\SYSTEM32\IPHLPAPI.DLL
0x00007fff75ff0000 - 0x00007fff75ff8000 	C:\WINDOWS\System32\NSI.dll
0x00007fff6bb30000 - 0x00007fff6bb47000 	C:\WINDOWS\SYSTEM32\dhcpcsvc6.DLL
0x00007fff6d8b0000 - 0x00007fff6d8cd000 	C:\WINDOWS\SYSTEM32\dhcpcsvc.DLL
0x00007fff74890000 - 0x00007fff7495b000 	C:\WINDOWS\SYSTEM32\DNSAPI.dll

dbghelp: loaded successfully - version: 4.0.5 - missing functions: none
symbol engine: initialized successfully - sym options: 0x614 - pdb path: .;C:\Program Files\Android\Android Studio\jre\bin;C:\WINDOWS\SYSTEM32;C:\WINDOWS\WinSxS\amd64_microsoft.windows.common-controls_6595b64144ccf1df_6.0.19041.1110_none_60b5254171f9507e;C:\Program Files\Android\Android Studio\jre\bin\server;C:\Users\souvik dey\.gradle\native\8bec1ad78214c89d9ad589b4d07fe93259594b29d510b10fafb7a158f7737e5d\windows-amd64;C:\Users\souvik dey\.gradle\native\53dbd7edfb1c66fb8903c78663c9afc45aea4f116125fa6feffd364cf09443e8\windows-amd64

VM Arguments:
jvm_args: --add-opens=java.base/java.util=ALL-UNNAMED --add-opens=java.base/java.lang=ALL-UNNAMED --add-opens=java.base/java.lang.invoke=ALL-UNNAMED --add-opens=java.base/java.util=ALL-UNNAMED --add-opens=java.prefs/java.util.prefs=ALL-UNNAMED --add-opens=java.prefs/java.util.prefs=ALL-UNNAMED --add-opens=java.base/java.nio.charset=ALL-UNNAMED --add-opens=java.base/java.net=ALL-UNNAMED --add-opens=java.base/java.util.concurrent.atomic=ALL-UNNAMED -Xmx2048m -Dfile.encoding=UTF-8 -Duser.country=IN -Duser.language=en -Duser.variant 
java_command: org.gradle.launcher.daemon.bootstrap.GradleDaemon 7.0.2
java_class_path (initial): C:\Users\souvik dey\.gradle\wrapper\dists\gradle-7.0.2-bin\857tjihv64xamwrf0h14cai3r\gradle-7.0.2\lib\gradle-launcher-7.0.2.jar
Launcher Type: SUN_STANDARD

[Global flags]
     intx CICompilerCount                          = 4                                         {product} {ergonomic}
     uint ConcGCThreads                            = 2                                         {product} {ergonomic}
     uint G1ConcRefinementThreads                  = 8                                         {product} {ergonomic}
   size_t G1HeapRegionSize                         = 1048576                                   {product} {ergonomic}
    uintx GCDrainStackTargetSize                   = 64                                        {product} {ergonomic}
   size_t InitialHeapSize                          = 100663296                                 {product} {ergonomic}
   size_t MarkStackSize                            = 4194304                                   {product} {ergonomic}
   size_t MaxHeapSize                              = 2147483648                                {product} {command line}
   size_t MaxNewSize                               = 1287651328                                {product} {ergonomic}
   size_t MinHeapDeltaBytes                        = 1048576                                   {product} {ergonomic}
    uintx NonNMethodCodeHeapSize                   = 5836300                                {pd product} {ergonomic}
    uintx NonProfiledCodeHeapSize                  = 122910970                              {pd product} {ergonomic}
    uintx ProfiledCodeHeapSize                     = 122910970                              {pd product} {ergonomic}
    uintx ReservedCodeCacheSize                    = 251658240                              {pd product} {ergonomic}
     bool SegmentedCodeCache                       = true                                      {product} {ergonomic}
     bool UseCompressedClassPointers               = true                                 {lp64_product} {ergonomic}
     bool UseCompressedOops                        = true                                 {lp64_product} {ergonomic}
     bool UseG1GC                                  = true                                      {product} {ergonomic}
     bool UseLargePagesIndividualAllocation        = false                                  {pd product} {ergonomic}

Logging:
Log output configuration:
 #0: stdout all=warning uptime,level,tags
 #1: stderr all=off uptime,level,tags

Environment Variables:
PATH=C:\python 3.9.1\Scripts\;C:\python 3.9.1\;C:\WINDOWS\system32;C:\WINDOWS;C:\WINDOWS\System32\Wbem;C:\WINDOWS\System32\WindowsPowerShell\v1.0\;C:\WINDOWS\System32\OpenSSH\;C:\MinGW\bin;C:\Program Files\Git\cmd;C:\Users\souvik dey\AppData\Local\Microsoft\WindowsApps;C:\Users\souvik dey\AppData\Local\atom\bin
USERNAME=souvik dey
OS=Windows_NT
PROCESSOR_IDENTIFIER=AMD64 Family 23 Model 24 Stepping 1, AuthenticAMD



---------------  S Y S T E M  ---------------

OS: Windows 10 , 64 bit Build 19041 (10.0.19041.1348)
OS uptime: 18 days 22:53 hours
Hyper-V role detected

CPU:total 8 (initial active 8) (8 cores per cpu, 2 threads per core) family 23 model 24 stepping 1 microcode 0x0, cmov, cx8, fxsr, mmx, sse, sse2, sse3, ssse3, sse4.1, sse4.2, popcnt, avx, avx2, aes, clmul, mmxext, 3dnowpref, lzcnt, sse4a, ht, tsc, tscinvbit, tscinv, bmi1, bmi2, adx, s

Memory: 4k page, system-wide physical 6058M (310M free)
TotalPageFile size 24490M (AvailPageFile size 5M)
current process WorkingSet (physical memory assigned to process): 224M, peak: 224M
current process commit charge ("private bytes"): 262M, peak: 262M

vm_info: OpenJDK 64-Bit Server VM (11.0.10+0-b96-7249189) for windows-amd64 JRE (11.0.10+0-b96-7249189), built on Mar 31 2021 21:44:00 by "builder" with MS VC++ 14.0 (VS2015)

END.
