#
# There is insufficient memory for the Java Runtime Environment to continue.
# Native memory allocation (mmap) failed to map 68157440 bytes for Failed to commit area from 0x000000008ea00000 to 0x0000000092b00000 of length 68157440.
# Possible reasons:
#   The system is out of physical RAM or swap space
#   The process is running with CompressedOops enabled, and the Java Heap may be blocking the growth of the native heap
# Possible solutions:
#   Reduce memory load on the system
#   Increase physical memory or swap space
#   Check if swap backing store is full
#   Decrease Java heap size (-Xmx/-Xms)
#   Decrease number of Java threads
#   Decrease Java thread stack sizes (-Xss)
#   Set larger code cache with -XX:ReservedCodeCacheSize=
#   JVM is running with Unscaled Compressed Oops mode in which the Java heap is
#     placed in the first 4GB address space. The Java Heap base address is the
#     maximum limit for the native heap growth. Please use -XX:HeapBaseMinAddress
#     to set the Java Heap base and to place the Java Heap above 4GB virtual address.
# This output file may be truncated or incomplete.
#
#  Out of Memory Error (./src/hotspot/os/windows/os_windows.cpp:3301), pid=15936, tid=27512
#
# JRE version: OpenJDK Runtime Environment (11.0.10) (build 11.0.10+0-b96-7249189)
# Java VM: OpenJDK 64-Bit Server VM (11.0.10+0-b96-7249189, mixed mode, tiered, compressed oops, g1 gc, windows-amd64)
# No core dump will be written. Minidumps are not enabled by default on client versions of Windows
#

---------------  S U M M A R Y ------------

Command Line: --add-opens=java.base/java.util=ALL-UNNAMED --add-opens=java.base/java.lang=ALL-UNNAMED --add-opens=java.base/java.lang.invoke=ALL-UNNAMED --add-opens=java.base/java.util=ALL-UNNAMED --add-opens=java.prefs/java.util.prefs=ALL-UNNAMED --add-opens=java.prefs/java.util.prefs=ALL-UNNAMED --add-opens=java.base/java.nio.charset=ALL-UNNAMED --add-opens=java.base/java.net=ALL-UNNAMED --add-opens=java.base/java.util.concurrent.atomic=ALL-UNNAMED -Xmx2048m -Dfile.encoding=UTF-8 -Duser.country=IN -Duser.language=en -Duser.variant org.gradle.launcher.daemon.bootstrap.GradleDaemon 7.0.2

Host: AMD Ryzen 5 3500U with Radeon Vega Mobile Gfx  , 8 cores, 5G,  Windows 10 , 64 bit Build 19041 (10.0.19041.1348)
Time: Tue Nov 30 11:40:35 2021 India Standard Time elapsed time: 23.429314 seconds (0d 0h 0m 23s)

---------------  T H R E A D  ---------------

Current thread (0x0000022842932000):  VMThread "VM Thread" [stack: 0x000000dd61700000,0x000000dd61800000] [id=27512]

Stack: [0x000000dd61700000,0x000000dd61800000]
[error occurred during error reporting (printing stack bounds), id 0xc0000005, EXCEPTION_ACCESS_VIOLATION (0xc0000005) at pc=0x000002282bfd0f2d]

Native frames: (J=compiled Java code, j=interpreted, Vv=VM code, C=native code)
V  [jvm.dll+0x5ecfaa]
V  [jvm.dll+0x722bd5]
V  [jvm.dll+0x72412d]
V  [jvm.dll+0x724745]
V  [jvm.dll+0x7246fb]
V  [jvm.dll+0x5ec348]
V  [jvm.dll+0x5ecad8]
C  [ntdll.dll+0xa20cf]
C  [ntdll.dll+0x51454]
C  [ntdll.dll+0xa0bfe]
C  0x000002282bfd0f2d

VM_Operation (0x000000dd62bf8b00): G1CollectForAllocation, mode: safepoint, requested by thread 0x0000022845130000


---------------  P R O C E S S  ---------------

Threads class SMR info:
_java_thread_list=0x000002284c668450, length=70, elements={
0x00000228284eb000, 0x0000022842937000, 0x0000022842942800, 0x00000228432e2800,
0x0000022842951800, 0x0000022842953000, 0x0000022842962800, 0x0000022842967000,
0x0000022842968000, 0x000002284343e000, 0x0000022844e19000, 0x0000022844e6d800,
0x0000022844e6e800, 0x000002284436e000, 0x000002284496b000, 0x000002284496b800,
0x0000022845130000, 0x0000022845560000, 0x0000022844815000, 0x0000022845440000,
0x0000022845444800, 0x0000022845442800, 0x0000022845446800, 0x0000022845443800,
0x0000022845445000, 0x0000022845446000, 0x0000022845441000, 0x0000022845442000,
0x00000228474fe800, 0x00000228474fc000, 0x00000228474f9000, 0x00000228474f9800,
0x00000228474ff800, 0x00000228474fa800, 0x0000022847501000, 0x00000228474fb800,
0x0000022847504000, 0x0000022847506000, 0x0000022847506800, 0x0000022847505000,
0x0000022847507800, 0x0000022847502000, 0x0000022847502800, 0x0000022847503800,
0x000002284782a800, 0x0000022847827800, 0x000002284782d000, 0x000002284782a000,
0x000002284782c000, 0x000002284782b800, 0x000002284782e000, 0x0000022847829000,
0x0000022847828000, 0x000002284be23800, 0x000002284be24800, 0x000002284be28800,
0x000002284be29000, 0x000002284be26800, 0x000002284be2a000, 0x000002284be26000,
0x000002284be25000, 0x000002284be27800, 0x000002284b989000, 0x000002284b98a800,
0x000002284b986800, 0x000002284b985000, 0x000002284b989800, 0x000002284b988000,
0x000002284b98b800, 0x000002284b987800
}

Java Threads: ( => current thread )
  0x00000228284eb000 JavaThread "main" [_thread_blocked, id=29304, stack(0x000000dd61100000,0x000000dd61200000)]
  0x0000022842937000 JavaThread "Reference Handler" daemon [_thread_blocked, id=23988, stack(0x000000dd61800000,0x000000dd61900000)]
  0x0000022842942800 JavaThread "Finalizer" daemon [_thread_blocked, id=7408, stack(0x000000dd61900000,0x000000dd61a00000)]
  0x00000228432e2800 JavaThread "Signal Dispatcher" daemon [_thread_blocked, id=28332, stack(0x000000dd61a00000,0x000000dd61b00000)]
  0x0000022842951800 JavaThread "Attach Listener" daemon [_thread_blocked, id=1568, stack(0x000000dd61b00000,0x000000dd61c00000)]
  0x0000022842953000 JavaThread "Service Thread" daemon [_thread_blocked, id=32488, stack(0x000000dd61c00000,0x000000dd61d00000)]
  0x0000022842962800 JavaThread "C2 CompilerThread0" daemon [_thread_blocked, id=30900, stack(0x000000dd61d00000,0x000000dd61e00000)]
  0x0000022842967000 JavaThread "C1 CompilerThread0" daemon [_thread_blocked, id=31172, stack(0x000000dd61e00000,0x000000dd61f00000)]
  0x0000022842968000 JavaThread "Sweeper thread" daemon [_thread_blocked, id=26660, stack(0x000000dd61f00000,0x000000dd62000000)]
  0x000002284343e000 JavaThread "Common-Cleaner" daemon [_thread_blocked, id=29580, stack(0x000000dd62000000,0x000000dd62100000)]
  0x0000022844e19000 JavaThread "Daemon health stats" [_thread_blocked, id=20912, stack(0x000000dd62300000,0x000000dd62400000)]
  0x0000022844e6d800 JavaThread "Incoming local TCP Connector on port 53138" [_thread_in_native, id=26588, stack(0x000000dd62600000,0x000000dd62700000)]
  0x0000022844e6e800 JavaThread "Daemon periodic checks" [_thread_blocked, id=4020, stack(0x000000dd62700000,0x000000dd62800000)]
  0x000002284436e000 JavaThread "Daemon" [_thread_blocked, id=29392, stack(0x000000dd62800000,0x000000dd62900000)]
  0x000002284496b000 JavaThread "Handler for socket connection from /127.0.0.1:53138 to /127.0.0.1:53139" [_thread_in_native, id=32716, stack(0x000000dd62900000,0x000000dd62a00000)]
  0x000002284496b800 JavaThread "Cancel handler" [_thread_blocked, id=31136, stack(0x000000dd62a00000,0x000000dd62b00000)]
  0x0000022845130000 JavaThread "Daemon worker" [_thread_blocked, id=8484, stack(0x000000dd62b00000,0x000000dd62c00000)]
  0x0000022845560000 JavaThread "Asynchronous log dispatcher for DefaultDaemonConnection: socket connection from /127.0.0.1:53138 to /127.0.0.1:53139" [_thread_blocked, id=30388, stack(0x000000dd62c00000,0x000000dd62d00000)]
  0x0000022844815000 JavaThread "Stdin handler" [_thread_blocked, id=32196, stack(0x000000dd62d00000,0x000000dd62e00000)]
  0x0000022845440000 JavaThread "Daemon client event forwarder" [_thread_blocked, id=25528, stack(0x000000dd62e00000,0x000000dd62f00000)]
  0x0000022845444800 JavaThread "Cache worker for file hash cache (C:\Users\souvik dey\.gradle\caches\7.0.2\fileHashes)" [_thread_blocked, id=27424, stack(0x000000dd62f00000,0x000000dd63000000)]
  0x0000022845442800 JavaThread "File lock request listener" [_thread_in_native, id=27412, stack(0x000000dd63000000,0x000000dd63100000)]
  0x0000022845446800 JavaThread "Cache worker for journal cache (C:\Users\souvik dey\.gradle\caches\journal-1)" [_thread_blocked, id=28412, stack(0x000000dd63600000,0x000000dd63700000)]
  0x0000022845443800 JavaThread "Cache worker for file hash cache (E:\my programming\android projects\EasyDRAW\.gradle\7.0.2\fileHashes)" [_thread_blocked, id=14192, stack(0x000000dd63700000,0x000000dd63800000)]
  0x0000022845445000 JavaThread "File watcher server" daemon [_thread_blocked, id=1988, stack(0x000000dd63800000,0x000000dd63900000)]
  0x0000022845446000 JavaThread "File watcher consumer" daemon [_thread_blocked, id=30336, stack(0x000000dd63900000,0x000000dd63a00000)]
  0x0000022845441000 JavaThread "Cache worker for checksums cache (E:\my programming\android projects\EasyDRAW\.gradle\checksums)" [_thread_blocked, id=22320, stack(0x000000dd63a00000,0x000000dd63b00000)]
  0x0000022845442000 JavaThread "Cache worker for cache directory md-supplier (C:\Users\souvik dey\.gradle\caches\7.0.2\md-supplier)" [_thread_blocked, id=23856, stack(0x000000dd63b00000,0x000000dd63c00000)]
  0x00000228474fe800 JavaThread "Cache worker for cache directory md-rule (C:\Users\souvik dey\.gradle\caches\7.0.2\md-rule)" [_thread_blocked, id=25280, stack(0x000000dd63c00000,0x000000dd63d00000)]
  0x00000228474fc000 JavaThread "Cache worker for execution history cache (C:\Users\souvik dey\.gradle\caches\7.0.2\executionHistory)" [_thread_blocked, id=32076, stack(0x000000dd63d00000,0x000000dd63e00000)]
  0x00000228474f9000 JavaThread "jar transforms" [_thread_blocked, id=18932, stack(0x000000dd63e00000,0x000000dd63f00000)]
  0x00000228474f9800 JavaThread "jar transforms Thread 2" [_thread_blocked, id=31644, stack(0x000000dd63f00000,0x000000dd64000000)]
  0x00000228474ff800 JavaThread "Cache worker for file content cache (C:\Users\souvik dey\.gradle\caches\7.0.2\fileContent)" [_thread_blocked, id=23620, stack(0x000000dd64000000,0x000000dd64100000)]
  0x00000228474fa800 JavaThread "Cache worker for dependencies-accessors (E:\my programming\android projects\EasyDRAW\.gradle\7.0.2\dependencies-accessors)" [_thread_blocked, id=27372, stack(0x000000dd64100000,0x000000dd64200000)]
  0x0000022847501000 JavaThread "jar transforms Thread 3" [_thread_blocked, id=26060, stack(0x000000dd64200000,0x000000dd64300000)]
  0x00000228474fb800 JavaThread "Cache worker for Build Output Cleanup Cache (E:\my programming\android projects\EasyDRAW\.gradle\buildOutputCleanup)" [_thread_blocked, id=27476, stack(0x000000dd64300000,0x000000dd64400000)]
  0x0000022847504000 JavaThread "Build operations" [_thread_blocked, id=27628, stack(0x000000dd64400000,0x000000dd64500000)]
  0x0000022847506000 JavaThread "Build operations Thread 2" [_thread_blocked, id=23004, stack(0x000000dd64500000,0x000000dd64600000)]
  0x0000022847506800 JavaThread "Build operations Thread 3" [_thread_blocked, id=14092, stack(0x000000dd64600000,0x000000dd64700000)]
  0x0000022847505000 JavaThread "Build operations Thread 4" [_thread_blocked, id=30040, stack(0x000000dd64700000,0x000000dd64800000)]
  0x0000022847507800 JavaThread "Build operations Thread 5" [_thread_blocked, id=28464, stack(0x000000dd64800000,0x000000dd64900000)]
  0x0000022847502000 JavaThread "Build operations Thread 6" [_thread_blocked, id=9008, stack(0x000000dd64900000,0x000000dd64a00000)]
  0x0000022847502800 JavaThread "Build operations Thread 7" [_thread_blocked, id=7992, stack(0x000000dd64a00000,0x000000dd64b00000)]
  0x0000022847503800 JavaThread "Build operations Thread 8" [_thread_blocked, id=26656, stack(0x000000dd64b00000,0x000000dd64c00000)]
  0x000002284782a800 JavaThread "jar transforms Thread 4" [_thread_blocked, id=28360, stack(0x000000dd64c00000,0x000000dd64d00000)]
  0x0000022847827800 JavaThread "jar transforms Thread 5" [_thread_blocked, id=7324, stack(0x000000dd64d00000,0x000000dd64e00000)]
  0x000002284782d000 JavaThread "jar transforms Thread 6" [_thread_blocked, id=27500, stack(0x000000dd64e00000,0x000000dd64f00000)]
  0x000002284782a000 JavaThread "jar transforms Thread 7" [_thread_blocked, id=22912, stack(0x000000dd64f00000,0x000000dd65000000)]
  0x000002284782c000 JavaThread "jar transforms Thread 8" [_thread_blocked, id=32172, stack(0x000000dd65000000,0x000000dd65100000)]
  0x000002284782b800 JavaThread "Memory manager" [_thread_blocked, id=32036, stack(0x000000dd65100000,0x000000dd65200000)]
  0x000002284782e000 JavaThread "build event listener" [_thread_blocked, id=17220, stack(0x000000dd65200000,0x000000dd65300000)]
  0x0000022847829000 JavaThread "pool-3-thread-1" [_thread_blocked, id=18276, stack(0x000000dd65300000,0x000000dd65400000)]
  0x0000022847828000 JavaThread "build event listener" [_thread_blocked, id=30012, stack(0x000000dd65400000,0x000000dd65500000)]
  0x000002284be23800 JavaThread "Execution worker for ':'" [_thread_blocked, id=26752, stack(0x000000dd65500000,0x000000dd65600000)]
  0x000002284be24800 JavaThread "Execution worker for ':' Thread 2" [_thread_blocked, id=27392, stack(0x000000dd65600000,0x000000dd65700000)]
  0x000002284be28800 JavaThread "Execution worker for ':' Thread 3" [_thread_blocked, id=26700, stack(0x000000dd65700000,0x000000dd65800000)]
  0x000002284be29000 JavaThread "Execution worker for ':' Thread 4" [_thread_blocked, id=23148, stack(0x000000dd65800000,0x000000dd65900000)]
  0x000002284be26800 JavaThread "Execution worker for ':' Thread 5" [_thread_blocked, id=27716, stack(0x000000dd65900000,0x000000dd65a00000)]
  0x000002284be2a000 JavaThread "Execution worker for ':' Thread 6" [_thread_blocked, id=30968, stack(0x000000dd65a00000,0x000000dd65b00000)]
  0x000002284be26000 JavaThread "Execution worker for ':' Thread 7" [_thread_blocked, id=23164, stack(0x000000dd65b00000,0x000000dd65c00000)]
  0x000002284be25000 JavaThread "Cache worker for execution history cache (E:\my programming\android projects\EasyDRAW\.gradle\7.0.2\executionHistory)" [_thread_blocked, id=30156, stack(0x000000dd65c00000,0x000000dd65d00000)]
  0x000002284be27800 JavaThread "WorkerExecutor Queue" [_thread_blocked, id=25460, stack(0x000000dd65d00000,0x000000dd65e00000)]
  0x000002284b989000 JavaThread "WorkerExecutor Queue Thread 2" [_thread_blocked, id=4212, stack(0x000000dd65e00000,0x000000dd65f00000)]
  0x000002284b98a800 JavaThread "WorkerExecutor Queue Thread 3" [_thread_blocked, id=24964, stack(0x000000dd65f00000,0x000000dd66000000)]
  0x000002284b986800 JavaThread "WorkerExecutor Queue Thread 4" [_thread_blocked, id=21016, stack(0x000000dd66000000,0x000000dd66100000)]
  0x000002284b985000 JavaThread "WorkerExecutor Queue Thread 5" [_thread_blocked, id=22404, stack(0x000000dd66100000,0x000000dd66200000)]
  0x000002284b989800 JavaThread "WorkerExecutor Queue Thread 6" [_thread_blocked, id=30468, stack(0x000000dd66200000,0x000000dd66300000)]
  0x000002284b988000 JavaThread "WorkerExecutor Queue Thread 7" [_thread_blocked, id=464, stack(0x000000dd66300000,0x000000dd66400000)]
  0x000002284b98b800 JavaThread "WorkerExecutor Queue Thread 8" [_thread_blocked, id=31940, stack(0x000000dd66400000,0x000000dd66500000)]
  0x000002284b987800 JavaThread "Java2D Disposer" daemon [_thread_blocked, id=24036, stack(0x000000dd66500000,0x000000dd66600000)]

Other Threads:
=>0x0000022842932000 VMThread "VM Thread" [stack: 0x000000dd61700000,0x000000dd61800000] [id=27512]
  0x0000022843467000 WatcherThread [stack: 0x000000dd62100000,0x000000dd62200000] [id=30180]
  0x0000022828504000 GCTaskThread "GC Thread#0" [stack: 0x000000dd61200000,0x000000dd61300000] [id=27156]
  0x0000022843c6c800 GCTaskThread "GC Thread#1" [stack: 0x000000dd62200000,0x000000dd62300000] [id=8436]
  0x0000022844cca000 GCTaskThread "GC Thread#2" [stack: 0x000000dd62400000,0x000000dd62500000] [id=16800]
  0x0000022844e04000 GCTaskThread "GC Thread#3" [stack: 0x000000dd62500000,0x000000dd62600000] [id=15152]
  0x0000022845618000 GCTaskThread "GC Thread#4" [stack: 0x000000dd63100000,0x000000dd63200000] [id=9412]
  0x0000022845415800 GCTaskThread "GC Thread#5" [stack: 0x000000dd63200000,0x000000dd63300000] [id=19280]
  0x00000228454d6800 GCTaskThread "GC Thread#6" [stack: 0x000000dd63300000,0x000000dd63400000] [id=28816]
  0x00000228454d7800 GCTaskThread "GC Thread#7" [stack: 0x000000dd63400000,0x000000dd63500000] [id=29224]
  0x0000022828536000 ConcurrentGCThread "G1 Main Marker" [stack: 0x000000dd61300000,0x000000dd61400000] [id=19612]
  0x0000022828538000 ConcurrentGCThread "G1 Conc#0" [stack: 0x000000dd61400000,0x000000dd61500000] [id=26076]
  0x00000228455fc800 ConcurrentGCThread "G1 Conc#1" [stack: 0x000000dd63500000,0x000000dd63600000] [id=16612]
  0x00000228285be000 ConcurrentGCThread "G1 Refine#0" [stack: 0x000000dd61500000,0x000000dd61600000] [id=22800]
  0x0000022842782800 ConcurrentGCThread "G1 Young RemSet Sampling" [stack: 0x000000dd61600000,0x000000dd61700000] [id=32720]

Threads with active compile tasks:
C2 CompilerThread0  23454 13376       4       org.gradle.internal.normalization.java.impl.ApiMemberWriter::writeMethodAnnotations (90 bytes)
C1 CompilerThread0  23455 13392       3       org.objectweb.asm.ClassReader::readCode (5109 bytes)

VM state:at safepoint (normal execution)

VM Mutex/Monitor currently owned by a thread:  ([mutex/lock_event])
[0x00000228284e7570] Threads_lock - owner thread: 0x0000022842932000
[0x00000228284e8020] Heap_lock - owner thread: 0x0000022845130000

Heap address: 0x0000000080000000, size: 2048 MB, Compressed Oops mode: 32-bit
Narrow klass base: 0x0000000000000000, Narrow klass shift: 3
Compressed class space size: 1073741824 Address: 0x0000000100000000

Heap:
 garbage-first heap   total 306176K, used 99433K [0x0000000080000000, 0x0000000100000000)
  region size 1024K, 5 young (5120K), 5 survivors (5120K)
 Metaspace       used 100902K, capacity 103236K, committed 103628K, reserved 1138688K
  class space    used 12484K, capacity 13319K, committed 13516K, reserved 1048576K
Heap Regions: E=young(eden), S=young(survivor), O=old, HS=humongous(starts), HC=humongous(continues), CS=collection set, F=free, A=archive, TAMS=top-at-mark-start (previous, next)
|   0|0x0000000080000000, 0x0000000080100000, 0x0000000080100000|100%| O|  |TAMS 0x0000000080100000, 0x0000000080000000| Untracked 
|   1|0x0000000080100000, 0x0000000080200000, 0x0000000080200000|100%| O|  |TAMS 0x0000000080200000, 0x0000000080100000| Untracked 
|   2|0x0000000080200000, 0x0000000080300000, 0x0000000080300000|100%| O|  |TAMS 0x0000000080300000, 0x0000000080200000| Untracked 
|   3|0x0000000080300000, 0x0000000080400000, 0x0000000080400000|100%|HS|  |TAMS 0x0000000080400000, 0x0000000080300000| Complete 
|   4|0x0000000080400000, 0x0000000080500000, 0x0000000080500000|100%|HC|  |TAMS 0x0000000080500000, 0x0000000080400000| Complete 
|   5|0x0000000080500000, 0x0000000080600000, 0x0000000080600000|100%|HC|  |TAMS 0x0000000080600000, 0x0000000080500000| Complete 
|   6|0x0000000080600000, 0x0000000080700000, 0x0000000080700000|100%| O|  |TAMS 0x0000000080700000, 0x0000000080600000| Untracked 
|   7|0x0000000080700000, 0x0000000080800000, 0x0000000080800000|100%| O|  |TAMS 0x0000000080800000, 0x0000000080700000| Untracked 
|   8|0x0000000080800000, 0x0000000080900000, 0x0000000080900000|100%| O|  |TAMS 0x0000000080900000, 0x0000000080800000| Untracked 
|   9|0x0000000080900000, 0x0000000080a00000, 0x0000000080a00000|100%| O|  |TAMS 0x0000000080a00000, 0x0000000080900000| Untracked 
|  10|0x0000000080a00000, 0x0000000080b00000, 0x0000000080b00000|100%| O|  |TAMS 0x0000000080b00000, 0x0000000080a00000| Untracked 
|  11|0x0000000080b00000, 0x0000000080c00000, 0x0000000080c00000|100%| O|  |TAMS 0x0000000080c00000, 0x0000000080b00000| Untracked 
|  12|0x0000000080c00000, 0x0000000080d00000, 0x0000000080d00000|100%| O|  |TAMS 0x0000000080d00000, 0x0000000080c00000| Untracked 
|  13|0x0000000080d00000, 0x0000000080e00000, 0x0000000080e00000|100%| O|  |TAMS 0x0000000080e00000, 0x0000000080d00000| Untracked 
|  14|0x0000000080e00000, 0x0000000080f00000, 0x0000000080f00000|100%| O|  |TAMS 0x0000000080f00000, 0x0000000080e00000| Untracked 
|  15|0x0000000080f00000, 0x0000000081000000, 0x0000000081000000|100%| O|  |TAMS 0x0000000081000000, 0x0000000080f00000| Untracked 
|  16|0x0000000081000000, 0x0000000081100000, 0x0000000081100000|100%| O|  |TAMS 0x0000000081100000, 0x0000000081000000| Untracked 
|  17|0x0000000081100000, 0x0000000081200000, 0x0000000081200000|100%| O|  |TAMS 0x0000000081200000, 0x0000000081100000| Untracked 
|  18|0x0000000081200000, 0x0000000081300000, 0x0000000081300000|100%| O|  |TAMS 0x0000000081300000, 0x0000000081200000| Untracked 
|  19|0x0000000081300000, 0x0000000081400000, 0x0000000081400000|100%| O|  |TAMS 0x0000000081400000, 0x0000000081300000| Untracked 
|  20|0x0000000081400000, 0x0000000081500000, 0x0000000081500000|100%| O|  |TAMS 0x0000000081500000, 0x0000000081400000| Untracked 
|  21|0x0000000081500000, 0x0000000081600000, 0x0000000081600000|100%| O|  |TAMS 0x0000000081600000, 0x0000000081500000| Untracked 
|  22|0x0000000081600000, 0x0000000081700000, 0x0000000081700000|100%| O|  |TAMS 0x0000000081700000, 0x0000000081600000| Untracked 
|  23|0x0000000081700000, 0x0000000081800000, 0x0000000081800000|100%| O|  |TAMS 0x0000000081800000, 0x0000000081700000| Untracked 
|  24|0x0000000081800000, 0x0000000081900000, 0x0000000081900000|100%| O|  |TAMS 0x0000000081900000, 0x0000000081800000| Untracked 
|  25|0x0000000081900000, 0x0000000081a00000, 0x0000000081a00000|100%| O|  |TAMS 0x0000000081a00000, 0x0000000081900000| Untracked 
|  26|0x0000000081a00000, 0x0000000081b00000, 0x0000000081b00000|100%|HS|  |TAMS 0x0000000081b00000, 0x0000000081a00000| Complete 
|  27|0x0000000081b00000, 0x0000000081c00000, 0x0000000081c00000|100%|HS|  |TAMS 0x0000000081c00000, 0x0000000081b00000| Complete 
|  28|0x0000000081c00000, 0x0000000081d00000, 0x0000000081d00000|100%|HS|  |TAMS 0x0000000081d00000, 0x0000000081c00000| Complete 
|  29|0x0000000081d00000, 0x0000000081e00000, 0x0000000081e00000|100%|HS|  |TAMS 0x0000000081e00000, 0x0000000081d00000| Complete 
|  30|0x0000000081e00000, 0x0000000081f00000, 0x0000000081f00000|100%|HC|  |TAMS 0x0000000081f00000, 0x0000000081e00000| Complete 
|  31|0x0000000081f00000, 0x0000000082000000, 0x0000000082000000|100%|HC|  |TAMS 0x0000000082000000, 0x0000000081f00000| Complete 
|  32|0x0000000082000000, 0x0000000082100000, 0x0000000082100000|100%|HS|  |TAMS 0x0000000082100000, 0x0000000082000000| Complete 
|  33|0x0000000082100000, 0x0000000082200000, 0x0000000082200000|100%|HC|  |TAMS 0x0000000082200000, 0x0000000082100000| Complete 
|  34|0x0000000082200000, 0x0000000082300000, 0x0000000082300000|100%| O|  |TAMS 0x0000000082300000, 0x0000000082200000| Untracked 
|  35|0x0000000082300000, 0x0000000082400000, 0x0000000082400000|100%| O|  |TAMS 0x0000000082400000, 0x0000000082300000| Untracked 
|  36|0x0000000082400000, 0x0000000082500000, 0x0000000082500000|100%| O|  |TAMS 0x0000000082500000, 0x0000000082400000| Untracked 
|  37|0x0000000082500000, 0x0000000082600000, 0x0000000082600000|100%| O|  |TAMS 0x0000000082600000, 0x0000000082500000| Untracked 
|  38|0x0000000082600000, 0x0000000082700000, 0x0000000082700000|100%| O|  |TAMS 0x0000000082700000, 0x0000000082600000| Untracked 
|  39|0x0000000082700000, 0x0000000082800000, 0x0000000082800000|100%| O|  |TAMS 0x0000000082800000, 0x0000000082700000| Untracked 
|  40|0x0000000082800000, 0x0000000082900000, 0x0000000082900000|100%| O|  |TAMS 0x0000000082900000, 0x0000000082800000| Untracked 
|  41|0x0000000082900000, 0x0000000082a00000, 0x0000000082a00000|100%| O|  |TAMS 0x0000000082a00000, 0x0000000082900000| Untracked 
|  42|0x0000000082a00000, 0x0000000082b00000, 0x0000000082b00000|100%| O|  |TAMS 0x0000000082b00000, 0x0000000082a00000| Untracked 
|  43|0x0000000082b00000, 0x0000000082c00000, 0x0000000082c00000|100%| O|  |TAMS 0x0000000082c00000, 0x0000000082b00000| Untracked 
|  44|0x0000000082c00000, 0x0000000082d00000, 0x0000000082d00000|100%| O|  |TAMS 0x0000000082d00000, 0x0000000082c00000| Untracked 
|  45|0x0000000082d00000, 0x0000000082e00000, 0x0000000082e00000|100%| O|  |TAMS 0x0000000082e00000, 0x0000000082d00000| Untracked 
|  46|0x0000000082e00000, 0x0000000082f00000, 0x0000000082f00000|100%| O|  |TAMS 0x0000000082f00000, 0x0000000082e00000| Untracked 
|  47|0x0000000082f00000, 0x0000000083000000, 0x0000000083000000|100%| O|  |TAMS 0x0000000083000000, 0x0000000082f00000| Untracked 
|  48|0x0000000083000000, 0x0000000083100000, 0x0000000083100000|100%| O|  |TAMS 0x0000000083100000, 0x0000000083000000| Untracked 
|  49|0x0000000083100000, 0x0000000083200000, 0x0000000083200000|100%| O|  |TAMS 0x0000000083200000, 0x0000000083100000| Untracked 
|  50|0x0000000083200000, 0x0000000083300000, 0x0000000083300000|100%| O|  |TAMS 0x0000000083300000, 0x0000000083200000| Untracked 
|  51|0x0000000083300000, 0x0000000083400000, 0x0000000083400000|100%| O|  |TAMS 0x0000000083400000, 0x0000000083300000| Untracked 
|  52|0x0000000083400000, 0x0000000083500000, 0x0000000083500000|100%| O|  |TAMS 0x0000000083500000, 0x0000000083400000| Untracked 
|  53|0x0000000083500000, 0x0000000083600000, 0x0000000083600000|100%| O|  |TAMS 0x0000000083600000, 0x0000000083500000| Untracked 
|  54|0x0000000083600000, 0x0000000083700000, 0x0000000083700000|100%| O|  |TAMS 0x0000000083700000, 0x0000000083600000| Untracked 
|  55|0x0000000083700000, 0x0000000083800000, 0x0000000083800000|100%| O|  |TAMS 0x0000000083800000, 0x0000000083700000| Untracked 
|  56|0x0000000083800000, 0x0000000083900000, 0x0000000083900000|100%| O|  |TAMS 0x0000000083900000, 0x0000000083800000| Untracked 
|  57|0x0000000083900000, 0x0000000083a00000, 0x0000000083a00000|100%| O|  |TAMS 0x0000000083a00000, 0x0000000083900000| Untracked 
|  58|0x0000000083a00000, 0x0000000083b00000, 0x0000000083b00000|100%| O|  |TAMS 0x0000000083b00000, 0x0000000083a00000| Untracked 
|  59|0x0000000083b00000, 0x0000000083c00000, 0x0000000083c00000|100%| O|  |TAMS 0x0000000083c00000, 0x0000000083b00000| Untracked 
|  60|0x0000000083c00000, 0x0000000083d00000, 0x0000000083d00000|100%| O|  |TAMS 0x0000000083d00000, 0x0000000083c00000| Untracked 
|  61|0x0000000083d00000, 0x0000000083e00000, 0x0000000083e00000|100%| O|  |TAMS 0x0000000083e00000, 0x0000000083d00000| Untracked 
|  62|0x0000000083e00000, 0x0000000083f00000, 0x0000000083f00000|100%| O|  |TAMS 0x0000000083f00000, 0x0000000083e00000| Untracked 
|  63|0x0000000083f00000, 0x0000000084000000, 0x0000000084000000|100%| O|  |TAMS 0x0000000084000000, 0x0000000083f00000| Untracked 
|  64|0x0000000084000000, 0x0000000084100000, 0x0000000084100000|100%| O|  |TAMS 0x0000000084100000, 0x0000000084000000| Untracked 
|  65|0x0000000084100000, 0x0000000084200000, 0x0000000084200000|100%| O|  |TAMS 0x0000000084200000, 0x0000000084100000| Untracked 
|  66|0x0000000084200000, 0x0000000084300000, 0x0000000084300000|100%| O|  |TAMS 0x0000000084300000, 0x0000000084200000| Untracked 
|  67|0x0000000084300000, 0x0000000084400000, 0x0000000084400000|100%| O|  |TAMS 0x0000000084400000, 0x0000000084300000| Untracked 
|  68|0x0000000084400000, 0x0000000084500000, 0x0000000084500000|100%| O|  |TAMS 0x0000000084500000, 0x0000000084400000| Untracked 
|  69|0x0000000084500000, 0x0000000084600000, 0x0000000084600000|100%| O|  |TAMS 0x0000000084600000, 0x0000000084500000| Untracked 
|  70|0x0000000084600000, 0x0000000084700000, 0x0000000084700000|100%| O|  |TAMS 0x0000000084600000, 0x0000000084600000| Untracked 
|  71|0x0000000084700000, 0x0000000084700000, 0x0000000084800000|  0%| F|  |TAMS 0x0000000084700000, 0x0000000084700000| Untracked 
|  72|0x0000000084800000, 0x0000000084900000, 0x0000000084900000|100%| O|  |TAMS 0x0000000084900000, 0x0000000084800000| Untracked 
|  73|0x0000000084900000, 0x0000000084a00000, 0x0000000084a00000|100%| O|  |TAMS 0x0000000084a00000, 0x0000000084900000| Untracked 
|  74|0x0000000084a00000, 0x0000000084b00000, 0x0000000084b00000|100%| O|  |TAMS 0x0000000084b00000, 0x0000000084a00000| Untracked 
|  75|0x0000000084b00000, 0x0000000084c00000, 0x0000000084c00000|100%| O|  |TAMS 0x0000000084c00000, 0x0000000084b00000| Untracked 
|  76|0x0000000084c00000, 0x0000000084d00000, 0x0000000084d00000|100%|HS|  |TAMS 0x0000000084c00000, 0x0000000084c00000| Complete 
|  77|0x0000000084d00000, 0x0000000084e00000, 0x0000000084e00000|100%|HC|  |TAMS 0x0000000084d00000, 0x0000000084d00000| Complete 
|  78|0x0000000084e00000, 0x0000000084f00000, 0x0000000084f00000|100%| O|  |TAMS 0x0000000084e00000, 0x0000000084e00000| Untracked 
|  79|0x0000000084f00000, 0x0000000085000000, 0x0000000085000000|100%| O|  |TAMS 0x0000000085000000, 0x0000000084f00000| Untracked 
|  80|0x0000000085000000, 0x0000000085100000, 0x0000000085100000|100%| O|  |TAMS 0x0000000085100000, 0x0000000085000000| Untracked 
|  81|0x0000000085100000, 0x00000000851dd400, 0x0000000085200000| 86%| O|  |TAMS 0x0000000085100000, 0x0000000085100000| Untracked 
|  82|0x0000000085200000, 0x0000000085200000, 0x0000000085300000|  0%| F|  |TAMS 0x0000000085200000, 0x0000000085200000| Untracked 
|  83|0x0000000085300000, 0x0000000085300000, 0x0000000085400000|  0%| F|  |TAMS 0x0000000085300000, 0x0000000085300000| Untracked 
|  84|0x0000000085400000, 0x0000000085400000, 0x0000000085500000|  0%| F|  |TAMS 0x0000000085400000, 0x0000000085400000| Untracked 
|  85|0x0000000085500000, 0x0000000085500000, 0x0000000085600000|  0%| F|  |TAMS 0x0000000085500000, 0x0000000085500000| Untracked 
|  86|0x0000000085600000, 0x0000000085600000, 0x0000000085700000|  0%| F|  |TAMS 0x0000000085600000, 0x0000000085600000| Untracked 
|  87|0x0000000085700000, 0x0000000085700000, 0x0000000085800000|  0%| F|  |TAMS 0x0000000085700000, 0x0000000085700000| Untracked 
|  88|0x0000000085800000, 0x0000000085800000, 0x0000000085900000|  0%| F|  |TAMS 0x0000000085800000, 0x0000000085800000| Untracked 
|  89|0x0000000085900000, 0x0000000085900000, 0x0000000085a00000|  0%| F|  |TAMS 0x0000000085900000, 0x0000000085900000| Untracked 
|  90|0x0000000085a00000, 0x0000000085a00000, 0x0000000085b00000|  0%| F|  |TAMS 0x0000000085a00000, 0x0000000085a00000| Untracked 
|  91|0x0000000085b00000, 0x0000000085c00000, 0x0000000085c00000|100%| O|  |TAMS 0x0000000085c00000, 0x0000000085b00000| Untracked 
|  92|0x0000000085c00000, 0x0000000085d00000, 0x0000000085d00000|100%| O|  |TAMS 0x0000000085d00000, 0x0000000085c00000| Untracked 
|  93|0x0000000085d00000, 0x0000000085e00000, 0x0000000085e00000|100%| O|  |TAMS 0x0000000085e00000, 0x0000000085d00000| Untracked 
|  94|0x0000000085e00000, 0x0000000085f00000, 0x0000000085f00000|100%| O|  |TAMS 0x0000000085f00000, 0x0000000085e00000| Untracked 
|  95|0x0000000085f00000, 0x0000000086000000, 0x0000000086000000|100%| O|  |TAMS 0x0000000086000000, 0x0000000085f00000| Untracked 
|  96|0x0000000086000000, 0x0000000086100000, 0x0000000086100000|100%| O|  |TAMS 0x0000000086100000, 0x0000000086000000| Untracked 
|  97|0x0000000086100000, 0x0000000086200000, 0x0000000086200000|100%| O|  |TAMS 0x0000000086200000, 0x0000000086100000| Untracked 
|  98|0x0000000086200000, 0x0000000086300000, 0x0000000086300000|100%| O|  |TAMS 0x0000000086300000, 0x0000000086200000| Untracked 
|  99|0x0000000086300000, 0x0000000086400000, 0x0000000086400000|100%| O|  |TAMS 0x0000000086400000, 0x0000000086300000| Untracked 
| 100|0x0000000086400000, 0x0000000086500000, 0x0000000086500000|100%| O|  |TAMS 0x0000000086500000, 0x0000000086400000| Untracked 
| 101|0x0000000086500000, 0x0000000086600000, 0x0000000086600000|100%| O|  |TAMS 0x00000000865b8a00, 0x0000000086500000| Untracked 
| 102|0x0000000086600000, 0x0000000086700000, 0x0000000086700000|100%| O|  |TAMS 0x0000000086700000, 0x0000000086600000| Untracked 
| 103|0x0000000086700000, 0x0000000086700000, 0x0000000086800000|  0%| F|  |TAMS 0x0000000086700000, 0x0000000086700000| Untracked 
| 104|0x0000000086800000, 0x0000000086800000, 0x0000000086900000|  0%| F|  |TAMS 0x0000000086800000, 0x0000000086800000| Untracked 
| 105|0x0000000086900000, 0x0000000086900000, 0x0000000086a00000|  0%| F|  |TAMS 0x0000000086900000, 0x0000000086900000| Untracked 
| 106|0x0000000086a00000, 0x0000000086a00000, 0x0000000086b00000|  0%| F|  |TAMS 0x0000000086a00000, 0x0000000086a00000| Untracked 
| 107|0x0000000086b00000, 0x0000000086b00000, 0x0000000086c00000|  0%| F|  |TAMS 0x0000000086b00000, 0x0000000086b00000| Untracked 
| 108|0x0000000086c00000, 0x0000000086c00000, 0x0000000086d00000|  0%| F|  |TAMS 0x0000000086c00000, 0x0000000086c00000| Untracked 
| 109|0x0000000086d00000, 0x0000000086d00000, 0x0000000086e00000|  0%| F|  |TAMS 0x0000000086d00000, 0x0000000086d00000| Untracked 
| 110|0x0000000086e00000, 0x0000000086e00000, 0x0000000086f00000|  0%| F|  |TAMS 0x0000000086e00000, 0x0000000086e00000| Untracked 
| 111|0x0000000086f00000, 0x0000000086f00000, 0x0000000087000000|  0%| F|  |TAMS 0x0000000086f00000, 0x0000000086f00000| Untracked 
| 112|0x0000000087000000, 0x0000000087000000, 0x0000000087100000|  0%| F|  |TAMS 0x0000000087000000, 0x0000000087000000| Untracked 
| 113|0x0000000087100000, 0x0000000087100000, 0x0000000087200000|  0%| F|  |TAMS 0x0000000087100000, 0x0000000087100000| Untracked 
| 114|0x0000000087200000, 0x0000000087200000, 0x0000000087300000|  0%| F|  |TAMS 0x0000000087200000, 0x0000000087200000| Untracked 
| 115|0x0000000087300000, 0x0000000087300000, 0x0000000087400000|  0%| F|  |TAMS 0x0000000087300000, 0x0000000087300000| Untracked 
| 116|0x0000000087400000, 0x0000000087400000, 0x0000000087500000|  0%| F|  |TAMS 0x0000000087400000, 0x0000000087400000| Untracked 
| 117|0x0000000087500000, 0x0000000087500000, 0x0000000087600000|  0%| F|  |TAMS 0x0000000087500000, 0x0000000087500000| Untracked 
| 118|0x0000000087600000, 0x0000000087600000, 0x0000000087700000|  0%| F|  |TAMS 0x0000000087600000, 0x0000000087600000| Untracked 
| 119|0x0000000087700000, 0x0000000087700000, 0x0000000087800000|  0%| F|  |TAMS 0x0000000087700000, 0x0000000087700000| Untracked 
| 120|0x0000000087800000, 0x0000000087800000, 0x0000000087900000|  0%| F|  |TAMS 0x0000000087800000, 0x0000000087800000| Untracked 
| 121|0x0000000087900000, 0x0000000087900000, 0x0000000087a00000|  0%| F|  |TAMS 0x0000000087900000, 0x0000000087900000| Untracked 
| 122|0x0000000087a00000, 0x0000000087a00000, 0x0000000087b00000|  0%| F|  |TAMS 0x0000000087a00000, 0x0000000087a00000| Untracked 
| 123|0x0000000087b00000, 0x0000000087b00000, 0x0000000087c00000|  0%| F|  |TAMS 0x0000000087b00000, 0x0000000087b00000| Untracked 
| 124|0x0000000087c00000, 0x0000000087c00000, 0x0000000087d00000|  0%| F|  |TAMS 0x0000000087c00000, 0x0000000087c00000| Untracked 
| 125|0x0000000087d00000, 0x0000000087d00000, 0x0000000087e00000|  0%| F|  |TAMS 0x0000000087d00000, 0x0000000087d00000| Untracked 
| 126|0x0000000087e00000, 0x0000000087e00000, 0x0000000087f00000|  0%| F|  |TAMS 0x0000000087e00000, 0x0000000087e00000| Untracked 
| 127|0x0000000087f00000, 0x0000000087f00000, 0x0000000088000000|  0%| F|  |TAMS 0x0000000087f00000, 0x0000000087f00000| Untracked 
| 128|0x0000000088000000, 0x0000000088000000, 0x0000000088100000|  0%| F|  |TAMS 0x0000000088000000, 0x0000000088000000| Untracked 
| 129|0x0000000088100000, 0x0000000088100000, 0x0000000088200000|  0%| F|  |TAMS 0x0000000088100000, 0x0000000088100000| Untracked 
| 130|0x0000000088200000, 0x0000000088200000, 0x0000000088300000|  0%| F|  |TAMS 0x0000000088200000, 0x0000000088200000| Untracked 
| 131|0x0000000088300000, 0x0000000088300000, 0x0000000088400000|  0%| F|  |TAMS 0x0000000088300000, 0x0000000088300000| Untracked 
| 132|0x0000000088400000, 0x0000000088400000, 0x0000000088500000|  0%| F|  |TAMS 0x0000000088400000, 0x0000000088400000| Untracked 
| 133|0x0000000088500000, 0x0000000088500000, 0x0000000088600000|  0%| F|  |TAMS 0x0000000088500000, 0x0000000088500000| Untracked 
| 134|0x0000000088600000, 0x0000000088600000, 0x0000000088700000|  0%| F|  |TAMS 0x0000000088600000, 0x0000000088600000| Untracked 
| 135|0x0000000088700000, 0x0000000088700000, 0x0000000088800000|  0%| F|  |TAMS 0x0000000088700000, 0x0000000088700000| Untracked 
| 136|0x0000000088800000, 0x0000000088800000, 0x0000000088900000|  0%| F|  |TAMS 0x0000000088800000, 0x0000000088800000| Untracked 
| 137|0x0000000088900000, 0x0000000088900000, 0x0000000088a00000|  0%| F|  |TAMS 0x0000000088900000, 0x0000000088900000| Untracked 
| 138|0x0000000088a00000, 0x0000000088a00000, 0x0000000088b00000|  0%| F|  |TAMS 0x0000000088a00000, 0x0000000088a00000| Untracked 
| 139|0x0000000088b00000, 0x0000000088b00000, 0x0000000088c00000|  0%| F|  |TAMS 0x0000000088b00000, 0x0000000088b00000| Untracked 
| 140|0x0000000088c00000, 0x0000000088c00000, 0x0000000088d00000|  0%| F|  |TAMS 0x0000000088c00000, 0x0000000088c00000| Untracked 
| 141|0x0000000088d00000, 0x0000000088d00000, 0x0000000088e00000|  0%| F|  |TAMS 0x0000000088d00000, 0x0000000088d00000| Untracked 
| 142|0x0000000088e00000, 0x0000000088e3d200, 0x0000000088f00000| 23%| S|CS|TAMS 0x0000000088e00000, 0x0000000088e00000| Complete 
| 143|0x0000000088f00000, 0x0000000089000000, 0x0000000089000000|100%| S|CS|TAMS 0x0000000088f00000, 0x0000000088f00000| Complete 
| 144|0x0000000089000000, 0x0000000089100000, 0x0000000089100000|100%| S|CS|TAMS 0x0000000089000000, 0x0000000089000000| Complete 
| 145|0x0000000089100000, 0x0000000089200000, 0x0000000089200000|100%| S|CS|TAMS 0x0000000089100000, 0x0000000089100000| Complete 
| 146|0x0000000089200000, 0x0000000089300000, 0x0000000089300000|100%| S|CS|TAMS 0x0000000089200000, 0x0000000089200000| Complete 
| 147|0x0000000089300000, 0x0000000089300000, 0x0000000089400000|  0%| F|  |TAMS 0x0000000089300000, 0x0000000089300000| Untracked 
| 148|0x0000000089400000, 0x0000000089400000, 0x0000000089500000|  0%| F|  |TAMS 0x0000000089400000, 0x0000000089400000| Untracked 
| 149|0x0000000089500000, 0x0000000089500000, 0x0000000089600000|  0%| F|  |TAMS 0x0000000089500000, 0x0000000089500000| Untracked 
| 150|0x0000000089600000, 0x0000000089600000, 0x0000000089700000|  0%| F|  |TAMS 0x0000000089600000, 0x0000000089600000| Untracked 
| 151|0x0000000089700000, 0x0000000089700000, 0x0000000089800000|  0%| F|  |TAMS 0x0000000089700000, 0x0000000089700000| Untracked 
| 152|0x0000000089800000, 0x0000000089800000, 0x0000000089900000|  0%| F|  |TAMS 0x0000000089800000, 0x0000000089800000| Untracked 
| 153|0x0000000089900000, 0x0000000089900000, 0x0000000089a00000|  0%| F|  |TAMS 0x0000000089900000, 0x0000000089900000| Untracked 
| 154|0x0000000089a00000, 0x0000000089a00000, 0x0000000089b00000|  0%| F|  |TAMS 0x0000000089a00000, 0x0000000089a00000| Untracked 
| 155|0x0000000089b00000, 0x0000000089b00000, 0x0000000089c00000|  0%| F|  |TAMS 0x0000000089b00000, 0x0000000089b00000| Untracked 
| 156|0x0000000089c00000, 0x0000000089c00000, 0x0000000089d00000|  0%| F|  |TAMS 0x0000000089c00000, 0x0000000089c00000| Untracked 
| 157|0x0000000089d00000, 0x0000000089d00000, 0x0000000089e00000|  0%| F|  |TAMS 0x0000000089d00000, 0x0000000089d00000| Untracked 
| 158|0x0000000089e00000, 0x0000000089e00000, 0x0000000089f00000|  0%| F|  |TAMS 0x0000000089e00000, 0x0000000089e00000| Untracked 
| 159|0x0000000089f00000, 0x0000000089f00000, 0x000000008a000000|  0%| F|  |TAMS 0x0000000089f00000, 0x0000000089f00000| Untracked 
| 160|0x000000008a000000, 0x000000008a000000, 0x000000008a100000|  0%| F|  |TAMS 0x000000008a000000, 0x000000008a000000| Untracked 
| 161|0x000000008a100000, 0x000000008a100000, 0x000000008a200000|  0%| F|  |TAMS 0x000000008a100000, 0x000000008a100000| Untracked 
| 162|0x000000008a200000, 0x000000008a200000, 0x000000008a300000|  0%| F|  |TAMS 0x000000008a200000, 0x000000008a200000| Untracked 
| 163|0x000000008a300000, 0x000000008a300000, 0x000000008a400000|  0%| F|  |TAMS 0x000000008a300000, 0x000000008a300000| Untracked 
| 164|0x000000008a400000, 0x000000008a400000, 0x000000008a500000|  0%| F|  |TAMS 0x000000008a400000, 0x000000008a400000| Untracked 
| 165|0x000000008a500000, 0x000000008a500000, 0x000000008a600000|  0%| F|  |TAMS 0x000000008a500000, 0x000000008a500000| Untracked 
| 166|0x000000008a600000, 0x000000008a600000, 0x000000008a700000|  0%| F|  |TAMS 0x000000008a600000, 0x000000008a600000| Untracked 
| 167|0x000000008a700000, 0x000000008a700000, 0x000000008a800000|  0%| F|  |TAMS 0x000000008a700000, 0x000000008a700000| Untracked 
| 168|0x000000008a800000, 0x000000008a800000, 0x000000008a900000|  0%| F|  |TAMS 0x000000008a800000, 0x000000008a800000| Untracked 
| 169|0x000000008a900000, 0x000000008a900000, 0x000000008aa00000|  0%| F|  |TAMS 0x000000008a900000, 0x000000008a900000| Untracked 
| 170|0x000000008aa00000, 0x000000008aa00000, 0x000000008ab00000|  0%| F|  |TAMS 0x000000008aa00000, 0x000000008aa00000| Untracked 
| 171|0x000000008ab00000, 0x000000008ab00000, 0x000000008ac00000|  0%| F|  |TAMS 0x000000008ab00000, 0x000000008ab00000| Untracked 
| 172|0x000000008ac00000, 0x000000008ac00000, 0x000000008ad00000|  0%| F|  |TAMS 0x000000008ac00000, 0x000000008ac00000| Untracked 
| 173|0x000000008ad00000, 0x000000008ad00000, 0x000000008ae00000|  0%| F|  |TAMS 0x000000008ad00000, 0x000000008ad00000| Untracked 
| 174|0x000000008ae00000, 0x000000008ae00000, 0x000000008af00000|  0%| F|  |TAMS 0x000000008ae00000, 0x000000008ae00000| Untracked 
| 175|0x000000008af00000, 0x000000008af00000, 0x000000008b000000|  0%| F|  |TAMS 0x000000008af00000, 0x000000008af00000| Untracked 
| 176|0x000000008b000000, 0x000000008b000000, 0x000000008b100000|  0%| F|  |TAMS 0x000000008b000000, 0x000000008b000000| Untracked 
| 177|0x000000008b100000, 0x000000008b100000, 0x000000008b200000|  0%| F|  |TAMS 0x000000008b100000, 0x000000008b100000| Untracked 
| 178|0x000000008b200000, 0x000000008b200000, 0x000000008b300000|  0%| F|  |TAMS 0x000000008b200000, 0x000000008b200000| Untracked 
| 179|0x000000008b300000, 0x000000008b300000, 0x000000008b400000|  0%| F|  |TAMS 0x000000008b300000, 0x000000008b300000| Untracked 
| 180|0x000000008b400000, 0x000000008b400000, 0x000000008b500000|  0%| F|  |TAMS 0x000000008b400000, 0x000000008b400000| Untracked 
| 181|0x000000008b500000, 0x000000008b500000, 0x000000008b600000|  0%| F|  |TAMS 0x000000008b500000, 0x000000008b500000| Untracked 
| 182|0x000000008b600000, 0x000000008b600000, 0x000000008b700000|  0%| F|  |TAMS 0x000000008b600000, 0x000000008b600000| Untracked 
| 183|0x000000008b700000, 0x000000008b700000, 0x000000008b800000|  0%| F|  |TAMS 0x000000008b700000, 0x000000008b700000| Untracked 
| 184|0x000000008b800000, 0x000000008b800000, 0x000000008b900000|  0%| F|  |TAMS 0x000000008b800000, 0x000000008b800000| Untracked 
| 185|0x000000008b900000, 0x000000008b900000, 0x000000008ba00000|  0%| F|  |TAMS 0x000000008b900000, 0x000000008b900000| Untracked 
| 186|0x000000008ba00000, 0x000000008ba00000, 0x000000008bb00000|  0%| F|  |TAMS 0x000000008ba00000, 0x000000008ba00000| Untracked 
| 187|0x000000008bb00000, 0x000000008bb00000, 0x000000008bc00000|  0%| F|  |TAMS 0x000000008bb00000, 0x000000008bb00000| Untracked 
| 188|0x000000008bc00000, 0x000000008bc00000, 0x000000008bd00000|  0%| F|  |TAMS 0x000000008bc00000, 0x000000008bc00000| Untracked 
| 189|0x000000008bd00000, 0x000000008bd00000, 0x000000008be00000|  0%| F|  |TAMS 0x000000008bd00000, 0x000000008bd00000| Untracked 
| 190|0x000000008be00000, 0x000000008be00000, 0x000000008bf00000|  0%| F|  |TAMS 0x000000008be00000, 0x000000008be00000| Untracked 
| 191|0x000000008bf00000, 0x000000008bf00000, 0x000000008c000000|  0%| F|  |TAMS 0x000000008bf00000, 0x000000008bf00000| Untracked 
| 192|0x000000008c000000, 0x000000008c000000, 0x000000008c100000|  0%| F|  |TAMS 0x000000008c000000, 0x000000008c000000| Untracked 
| 193|0x000000008c100000, 0x000000008c100000, 0x000000008c200000|  0%| F|  |TAMS 0x000000008c100000, 0x000000008c100000| Untracked 
| 194|0x000000008c200000, 0x000000008c200000, 0x000000008c300000|  0%| F|  |TAMS 0x000000008c200000, 0x000000008c200000| Untracked 
| 195|0x000000008c300000, 0x000000008c300000, 0x000000008c400000|  0%| F|  |TAMS 0x000000008c300000, 0x000000008c300000| Untracked 
| 196|0x000000008c400000, 0x000000008c400000, 0x000000008c500000|  0%| F|  |TAMS 0x000000008c400000, 0x000000008c400000| Untracked 
| 197|0x000000008c500000, 0x000000008c500000, 0x000000008c600000|  0%| F|  |TAMS 0x000000008c500000, 0x000000008c500000| Untracked 
| 198|0x000000008c600000, 0x000000008c600000, 0x000000008c700000|  0%| F|  |TAMS 0x000000008c600000, 0x000000008c600000| Untracked 
| 199|0x000000008c700000, 0x000000008c700000, 0x000000008c800000|  0%| F|  |TAMS 0x000000008c700000, 0x000000008c700000| Untracked 
| 200|0x000000008c800000, 0x000000008c800000, 0x000000008c900000|  0%| F|  |TAMS 0x000000008c800000, 0x000000008c800000| Untracked 
| 201|0x000000008c900000, 0x000000008c900000, 0x000000008ca00000|  0%| F|  |TAMS 0x000000008c900000, 0x000000008c900000| Untracked 
| 202|0x000000008ca00000, 0x000000008ca00000, 0x000000008cb00000|  0%| F|  |TAMS 0x000000008ca00000, 0x000000008ca00000| Untracked 
| 203|0x000000008cb00000, 0x000000008cb00000, 0x000000008cc00000|  0%| F|  |TAMS 0x000000008cb00000, 0x000000008cb00000| Untracked 
| 204|0x000000008cc00000, 0x000000008cc00000, 0x000000008cd00000|  0%| F|  |TAMS 0x000000008cc00000, 0x000000008cc00000| Untracked 
| 205|0x000000008cd00000, 0x000000008cd00000, 0x000000008ce00000|  0%| F|  |TAMS 0x000000008cd00000, 0x000000008cd00000| Untracked 
| 206|0x000000008ce00000, 0x000000008ce00000, 0x000000008cf00000|  0%| F|  |TAMS 0x000000008ce00000, 0x000000008ce00000| Untracked 
| 207|0x000000008cf00000, 0x000000008cf00000, 0x000000008d000000|  0%| F|  |TAMS 0x000000008cf00000, 0x000000008cf00000| Untracked 
| 208|0x000000008d000000, 0x000000008d000000, 0x000000008d100000|  0%| F|  |TAMS 0x000000008d000000, 0x000000008d000000| Untracked 
| 209|0x000000008d100000, 0x000000008d100000, 0x000000008d200000|  0%| F|  |TAMS 0x000000008d100000, 0x000000008d100000| Untracked 
| 210|0x000000008d200000, 0x000000008d200000, 0x000000008d300000|  0%| F|  |TAMS 0x000000008d200000, 0x000000008d200000| Untracked 
| 211|0x000000008d300000, 0x000000008d300000, 0x000000008d400000|  0%| F|  |TAMS 0x000000008d300000, 0x000000008d300000| Untracked 
| 212|0x000000008d400000, 0x000000008d400000, 0x000000008d500000|  0%| F|  |TAMS 0x000000008d400000, 0x000000008d400000| Untracked 
| 213|0x000000008d500000, 0x000000008d500000, 0x000000008d600000|  0%| F|  |TAMS 0x000000008d500000, 0x000000008d500000| Untracked 
| 214|0x000000008d600000, 0x000000008d600000, 0x000000008d700000|  0%| F|  |TAMS 0x000000008d600000, 0x000000008d600000| Untracked 
| 215|0x000000008d700000, 0x000000008d700000, 0x000000008d800000|  0%| F|  |TAMS 0x000000008d700000, 0x000000008d700000| Untracked 
| 216|0x000000008d800000, 0x000000008d800000, 0x000000008d900000|  0%| F|  |TAMS 0x000000008d800000, 0x000000008d800000| Untracked 
| 217|0x000000008d900000, 0x000000008d900000, 0x000000008da00000|  0%| F|  |TAMS 0x000000008d900000, 0x000000008d900000| Untracked 
| 218|0x000000008da00000, 0x000000008da00000, 0x000000008db00000|  0%| F|  |TAMS 0x000000008da00000, 0x000000008da00000| Untracked 
| 219|0x000000008db00000, 0x000000008db00000, 0x000000008dc00000|  0%| F|  |TAMS 0x000000008db00000, 0x000000008db00000| Untracked 
| 220|0x000000008dc00000, 0x000000008dc00000, 0x000000008dd00000|  0%| F|  |TAMS 0x000000008dc00000, 0x000000008dc00000| Untracked 
| 221|0x000000008dd00000, 0x000000008dd00000, 0x000000008de00000|  0%| F|  |TAMS 0x000000008dd00000, 0x000000008dd00000| Untracked 
| 222|0x000000008de00000, 0x000000008de00000, 0x000000008df00000|  0%| F|  |TAMS 0x000000008de00000, 0x000000008de00000| Untracked 
| 223|0x000000008df00000, 0x000000008df00000, 0x000000008e000000|  0%| F|  |TAMS 0x000000008df00000, 0x000000008df00000| Untracked 
| 224|0x000000008e000000, 0x000000008e000000, 0x000000008e100000|  0%| F|  |TAMS 0x000000008e000000, 0x000000008e000000| Untracked 
| 225|0x000000008e100000, 0x000000008e100000, 0x000000008e200000|  0%| F|  |TAMS 0x000000008e100000, 0x000000008e100000| Untracked 
| 226|0x000000008e200000, 0x000000008e200000, 0x000000008e300000|  0%| F|  |TAMS 0x000000008e200000, 0x000000008e200000| Untracked 
| 227|0x000000008e300000, 0x000000008e300000, 0x000000008e400000|  0%| F|  |TAMS 0x000000008e300000, 0x000000008e300000| Untracked 
| 228|0x000000008e400000, 0x000000008e400000, 0x000000008e500000|  0%| F|  |TAMS 0x000000008e400000, 0x000000008e400000| Untracked 
| 229|0x000000008e500000, 0x000000008e500000, 0x000000008e600000|  0%| F|  |TAMS 0x000000008e500000, 0x000000008e500000| Untracked 
| 230|0x000000008e600000, 0x000000008e600000, 0x000000008e700000|  0%| F|  |TAMS 0x000000008e600000, 0x000000008e600000| Untracked 
| 231|0x000000008e700000, 0x000000008e700000, 0x000000008e800000|  0%| F|  |TAMS 0x000000008e700000, 0x000000008e700000| Untracked 
| 232|0x000000008e800000, 0x000000008e800000, 0x000000008e900000|  0%| F|  |TAMS 0x000000008e800000, 0x000000008e800000| Untracked 
| 233|0x000000008e900000, 0x000000008e900000, 0x000000008ea00000|  0%| F|  |TAMS 0x000000008e900000, 0x000000008e900000| Untracked 

Card table byte_map: [0x000002283b700000,0x000002283bb00000] _byte_map_base: 0x000002283b300000

Marking Bits (Prev, Next): (CMBitMap*) 0x000002282852d0b0, (CMBitMap*) 0x000002282852d078
 Prev Bits: [0x000002283df00000, 0x000002283ff00000)
 Next Bits: [0x000002283bf00000, 0x000002283df00000)

Polling page: 0x0000022827cc0000

Metaspace:

Usage:
  Non-class:     87.81 MB capacity,    86.35 MB ( 98%) used,     1.20 MB (  1%) free+waste,   267.88 KB ( <1%) overhead. 
      Class:     13.01 MB capacity,    12.19 MB ( 94%) used,   716.73 KB (  5%) free+waste,   117.75 KB ( <1%) overhead. 
       Both:    100.82 MB capacity,    98.54 MB ( 98%) used,     1.90 MB (  2%) free+waste,   385.63 KB ( <1%) overhead. 

Virtual space:
  Non-class space:       88.00 MB reserved,      88.00 MB (100%) committed 
      Class space:        1.00 GB reserved,      13.20 MB (  1%) committed 
             Both:        1.09 GB reserved,     101.20 MB (  9%) committed 

Chunk freelists:
   Non-Class:  131.00 KB
       Class:  121.00 KB
        Both:  252.00 KB

MaxMetaspaceSize: 17179869184.00 GB
CompressedClassSpaceSize: 1.00 GB

CodeHeap 'non-profiled nmethods': size=120000Kb used=5642Kb max_used=5642Kb free=114357Kb
 bounds [0x0000022833aa0000, 0x0000022834030000, 0x000002283afd0000]
CodeHeap 'profiled nmethods': size=120000Kb used=26234Kb max_used=26234Kb free=93765Kb
 bounds [0x000002282c570000, 0x000002282df10000, 0x0000022833aa0000]
CodeHeap 'non-nmethods': size=5760Kb used=2399Kb max_used=2410Kb free=3360Kb
 bounds [0x000002282bfd0000, 0x000002282c240000, 0x000002282c570000]
 total_blobs=13921 nmethods=12903 adapters=925
 compilation: enabled
              stopped_count=0, restarted_count=0
 full_count=0

Compilation events (20 events):
Event: 23.314 Thread 0x0000022842967000 nmethod 13380 0x000002282ded9990 code [0x000002282deda540, 0x000002282dee2db8]
Event: 23.354 Thread 0x0000022842967000 13381       2       org.objectweb.asm.MethodVisitor::visitFieldInsn (20 bytes)
Event: 23.354 Thread 0x0000022842967000 nmethod 13381 0x000002282deead10 code [0x000002282deeaec0, 0x000002282deeafe8]
Event: 23.366 Thread 0x0000022842967000 13383 %     3       org.objectweb.asm.ClassReader::readCode @ 92 (5109 bytes)
Event: 23.396 Thread 0x0000022842967000 nmethod 13383% 0x000002282deeb090 code [0x000002282deec6a0, 0x000002282df00ab8]
Event: 23.401 Thread 0x0000022842967000 13385       2       org.objectweb.asm.ClassWriter::visitAnnotation (40 bytes)
Event: 23.402 Thread 0x0000022842967000 nmethod 13385 0x000002282df0a610 code [0x000002282df0a840, 0x000002282df0af58]
Event: 23.407 Thread 0x0000022842967000 13386       3       org.objectweb.asm.ClassReader::readUtf (161 bytes)
Event: 23.408 Thread 0x0000022842967000 nmethod 13386 0x000002282df0b210 code [0x000002282df0b420, 0x000002282df0b9b8]
Event: 23.408 Thread 0x0000022842967000 13388       3       org.objectweb.asm.ByteVector::putUTF8 (144 bytes)
Event: 23.410 Thread 0x0000022842967000 nmethod 13388 0x000002282df0bd10 code [0x000002282df0bfa0, 0x000002282df0cac8]
Event: 23.410 Thread 0x0000022842967000 13387       2       java.lang.StringUTF16::hashCode (33 bytes)
Event: 23.410 Thread 0x0000022842967000 nmethod 13387 0x000002282df0d010 code [0x000002282df0d1c0, 0x000002282df0d318]
Event: 23.410 Thread 0x0000022842967000 13389       2       org.gradle.internal.normalization.java.impl.ApiMemberSelector::visitAnnotation (33 bytes)
Event: 23.411 Thread 0x0000022842967000 nmethod 13389 0x000002282df0d410 code [0x000002282df0d620, 0x000002282df0dc78]
Event: 23.413 Thread 0x0000022842967000 13390       2       org.objectweb.asm.SymbolTable::hash (10 bytes)
Event: 23.413 Thread 0x0000022842967000 nmethod 13390 0x000002282df0df10 code [0x000002282df0e0c0, 0x000002282df0e1c8]
Event: 23.413 Thread 0x0000022842967000 13391       2       org.objectweb.asm.SymbolTable::addConstantUtf8Reference (101 bytes)
Event: 23.413 Thread 0x0000022842967000 nmethod 13391 0x000002282df0e290 code [0x000002282df0e4a0, 0x000002282df0e898]
Event: 23.415 Thread 0x0000022842967000 13392       3       org.objectweb.asm.ClassReader::readCode (5109 bytes)

GC Heap History (20 events):
Event: 17.605 GC heap after
{Heap after GC invocations=39 (full 0):
 garbage-first heap   total 199680K, used 95232K [0x0000000080000000, 0x0000000100000000)
  region size 1024K, 5 young (5120K), 5 survivors (5120K)
 Metaspace       used 87905K, capacity 90191K, committed 90316K, reserved 1128448K
  class space    used 11304K, capacity 12165K, committed 12236K, reserved 1048576K
}
Event: 17.765 GC heap before
{Heap before GC invocations=39 (full 0):
 garbage-first heap   total 199680K, used 104448K [0x0000000080000000, 0x0000000100000000)
  region size 1024K, 15 young (15360K), 5 survivors (5120K)
 Metaspace       used 88663K, capacity 90984K, committed 91084K, reserved 1128448K
  class space    used 11372K, capacity 12217K, committed 12236K, reserved 1048576K
}
Event: 17.773 GC heap after
{Heap after GC invocations=40 (full 0):
 garbage-first heap   total 199680K, used 96430K [0x0000000080000000, 0x0000000100000000)
  region size 1024K, 2 young (2048K), 2 survivors (2048K)
 Metaspace       used 88663K, capacity 90984K, committed 91084K, reserved 1128448K
  class space    used 11372K, capacity 12217K, committed 12236K, reserved 1048576K
}
Event: 18.555 GC heap before
{Heap before GC invocations=41 (full 0):
 garbage-first heap   total 199680K, used 143534K [0x0000000080000000, 0x0000000100000000)
  region size 1024K, 40 young (40960K), 2 survivors (2048K)
 Metaspace       used 90938K, capacity 93072K, committed 93772K, reserved 1130496K
  class space    used 11536K, capacity 12328K, committed 12620K, reserved 1048576K
}
Event: 18.566 GC heap after
{Heap after GC invocations=42 (full 0):
 garbage-first heap   total 199680K, used 102400K [0x0000000080000000, 0x0000000100000000)
  region size 1024K, 5 young (5120K), 5 survivors (5120K)
 Metaspace       used 90938K, capacity 93072K, committed 93772K, reserved 1130496K
  class space    used 11536K, capacity 12328K, committed 12620K, reserved 1048576K
}
Event: 18.724 GC heap before
{Heap before GC invocations=42 (full 0):
 garbage-first heap   total 199680K, used 141312K [0x0000000080000000, 0x0000000100000000)
  region size 1024K, 43 young (44032K), 5 survivors (5120K)
 Metaspace       used 90952K, capacity 93136K, committed 93772K, reserved 1130496K
  class space    used 11536K, capacity 12328K, committed 12620K, reserved 1048576K
}
Event: 18.732 GC heap after
{Heap after GC invocations=43 (full 0):
 garbage-first heap   total 199680K, used 102362K [0x0000000080000000, 0x0000000100000000)
  region size 1024K, 1 young (1024K), 1 survivors (1024K)
 Metaspace       used 90952K, capacity 93136K, committed 93772K, reserved 1130496K
  class space    used 11536K, capacity 12328K, committed 12620K, reserved 1048576K
}
Event: 18.958 GC heap before
{Heap before GC invocations=44 (full 0):
 garbage-first heap   total 199680K, used 132058K [0x0000000080000000, 0x0000000100000000)
  region size 1024K, 24 young (24576K), 1 survivors (1024K)
 Metaspace       used 90975K, capacity 93206K, committed 94028K, reserved 1130496K
  class space    used 11539K, capacity 12330K, committed 12620K, reserved 1048576K
}
Event: 18.964 GC heap after
{Heap after GC invocations=45 (full 0):
 garbage-first heap   total 199680K, used 109529K [0x0000000080000000, 0x0000000100000000)
  region size 1024K, 4 young (4096K), 4 survivors (4096K)
 Metaspace       used 90975K, capacity 93206K, committed 94028K, reserved 1130496K
  class space    used 11539K, capacity 12330K, committed 12620K, reserved 1048576K
}
Event: 19.531 GC heap before
{Heap before GC invocations=46 (full 0):
 garbage-first heap   total 199680K, used 156633K [0x0000000080000000, 0x0000000100000000)
  region size 1024K, 43 young (44032K), 4 survivors (4096K)
 Metaspace       used 94309K, capacity 96564K, committed 97100K, reserved 1134592K
  class space    used 11820K, capacity 12637K, committed 12876K, reserved 1048576K
}
Event: 19.544 GC heap after
{Heap after GC invocations=47 (full 0):
 garbage-first heap   total 199680K, used 106834K [0x0000000080000000, 0x0000000100000000)
  region size 1024K, 5 young (5120K), 5 survivors (5120K)
 Metaspace       used 94309K, capacity 96564K, committed 97100K, reserved 1134592K
  class space    used 11820K, capacity 12637K, committed 12876K, reserved 1048576K
}
Event: 19.759 GC heap before
{Heap before GC invocations=47 (full 0):
 garbage-first heap   total 199680K, used 148818K [0x0000000080000000, 0x0000000100000000)
  region size 1024K, 47 young (48128K), 5 survivors (5120K)
 Metaspace       used 94802K, capacity 97044K, committed 97612K, reserved 1134592K
  class space    used 11844K, capacity 12669K, committed 12876K, reserved 1048576K
}
Event: 19.780 GC heap after
{Heap after GC invocations=48 (full 0):
 garbage-first heap   total 239616K, used 106988K [0x0000000080000000, 0x0000000100000000)
  region size 1024K, 2 young (2048K), 2 survivors (2048K)
 Metaspace       used 94802K, capacity 97044K, committed 97612K, reserved 1134592K
  class space    used 11844K, capacity 12669K, committed 12876K, reserved 1048576K
}
Event: 21.142 GC heap before
{Heap before GC invocations=49 (full 0):
 garbage-first heap   total 239616K, used 159212K [0x0000000080000000, 0x0000000100000000)
  region size 1024K, 62 young (63488K), 2 survivors (2048K)
 Metaspace       used 97114K, capacity 99374K, committed 99916K, reserved 1136640K
  class space    used 12072K, capacity 12907K, committed 13132K, reserved 1048576K
}
Event: 21.162 GC heap after
{Heap after GC invocations=50 (full 0):
 garbage-first heap   total 239616K, used 100294K [0x0000000080000000, 0x0000000100000000)
  region size 1024K, 4 young (4096K), 4 survivors (4096K)
 Metaspace       used 97114K, capacity 99374K, committed 99916K, reserved 1136640K
  class space    used 12072K, capacity 12907K, committed 13132K, reserved 1048576K
}
Event: 21.300 GC heap before
{Heap before GC invocations=50 (full 0):
 garbage-first heap   total 239616K, used 107462K [0x0000000080000000, 0x0000000100000000)
  region size 1024K, 11 young (11264K), 4 survivors (4096K)
 Metaspace       used 97543K, capacity 99726K, committed 100172K, reserved 1136640K
  class space    used 12129K, capacity 12939K, committed 13132K, reserved 1048576K
}
Event: 21.325 GC heap after
{Heap after GC invocations=51 (full 0):
 garbage-first heap   total 239616K, used 93605K [0x0000000080000000, 0x0000000100000000)
  region size 1024K, 1 young (1024K), 1 survivors (1024K)
 Metaspace       used 97543K, capacity 99726K, committed 100172K, reserved 1136640K
  class space    used 12129K, capacity 12939K, committed 13132K, reserved 1048576K
}
Event: 22.464 GC heap before
{Heap before GC invocations=51 (full 0):
 garbage-first heap   total 239616K, used 162213K [0x0000000080000000, 0x0000000100000000)
  region size 1024K, 69 young (70656K), 1 survivors (1024K)
 Metaspace       used 100468K, capacity 102735K, committed 103116K, reserved 1138688K
  class space    used 12457K, capacity 13282K, committed 13516K, reserved 1048576K
}
Event: 22.478 GC heap after
{Heap after GC invocations=52 (full 0):
 garbage-first heap   total 239616K, used 96267K [0x0000000080000000, 0x0000000100000000)
  region size 1024K, 4 young (4096K), 4 survivors (4096K)
 Metaspace       used 100468K, capacity 102735K, committed 103116K, reserved 1138688K
  class space    used 12457K, capacity 13282K, committed 13516K, reserved 1048576K
}
Event: 23.418 GC heap before
{Heap before GC invocations=52 (full 0):
 garbage-first heap   total 239616K, used 182283K [0x0000000080000000, 0x0000000100000000)
  region size 1024K, 87 young (89088K), 4 survivors (4096K)
 Metaspace       used 100902K, capacity 103236K, committed 103628K, reserved 1138688K
  class space    used 12484K, capacity 13319K, committed 13516K, reserved 1048576K
}

Deoptimization events (20 events):
Event: 23.286 Thread 0x0000022845130000 Uncommon trap: trap_request=0xffffff4d fr.pc=0x000002283401b22c relative=0x00000000000021ec
Event: 23.286 Thread 0x0000022845130000 Uncommon trap: reason=unstable_if action=reinterpret pc=0x000002283401b22c method=org.objectweb.asm.ClassReader.readCode(Lorg/objectweb/asm/MethodVisitor;Lorg/objectweb/asm/Context;I)V @ 119 c2
Event: 23.286 Thread 0x0000022845130000 DEOPT PACKING pc=0x000002283401b22c sp=0x000000dd62bf8cb0
Event: 23.286 Thread 0x0000022845130000 DEOPT UNPACKING pc=0x000002282bff78af sp=0x000000dd62bf8bd8 mode 2
Event: 23.407 Thread 0x0000022845130000 Uncommon trap: trap_request=0xffffff4d fr.pc=0x000002283400d5c8 relative=0x00000000000006e8
Event: 23.407 Thread 0x0000022845130000 Uncommon trap: reason=unstable_if action=reinterpret pc=0x000002283400d5c8 method=org.objectweb.asm.ClassReader.readUtf(II[C)Ljava/lang/String; @ 41 c2
Event: 23.407 Thread 0x0000022845130000 DEOPT PACKING pc=0x000002283400d5c8 sp=0x000000dd62bf8bf0
Event: 23.407 Thread 0x0000022845130000 DEOPT UNPACKING pc=0x000002282bff78af sp=0x000000dd62bf8b98 mode 2
Event: 23.408 Thread 0x0000022845130000 Uncommon trap: trap_request=0xffffff4d fr.pc=0x0000022833d29420 relative=0x0000000000001cc0
Event: 23.408 Thread 0x0000022845130000 Uncommon trap: reason=unstable_if action=reinterpret pc=0x0000022833d29420 method=java.lang.String.hashCode()I @ 22 c2
Event: 23.408 Thread 0x0000022845130000 DEOPT PACKING pc=0x0000022833d29420 sp=0x000000dd62bf8b30
Event: 23.408 Thread 0x0000022845130000 DEOPT UNPACKING pc=0x000002282bff78af sp=0x000000dd62bf8a30 mode 2
Event: 23.408 Thread 0x0000022845130000 Uncommon trap: trap_request=0xffffff4d fr.pc=0x0000022833d11350 relative=0x00000000000005f0
Event: 23.408 Thread 0x0000022845130000 Uncommon trap: reason=unstable_if action=reinterpret pc=0x0000022833d11350 method=org.objectweb.asm.ByteVector.putUTF8(Ljava/lang/String;)Lorg/objectweb/asm/ByteVector; @ 100 c2
Event: 23.408 Thread 0x0000022845130000 DEOPT PACKING pc=0x0000022833d11350 sp=0x000000dd62bf8a20
Event: 23.408 Thread 0x0000022845130000 DEOPT UNPACKING pc=0x000002282bff78af sp=0x000000dd62bf89d0 mode 2
Event: 23.408 Thread 0x0000022845130000 Uncommon trap: trap_request=0xffffff4d fr.pc=0x0000022833cf2610 relative=0x00000000000001f0
Event: 23.408 Thread 0x0000022845130000 Uncommon trap: reason=unstable_if action=reinterpret pc=0x0000022833cf2610 method=java.lang.String.hashCode()I @ 22 c2
Event: 23.408 Thread 0x0000022845130000 DEOPT PACKING pc=0x0000022833cf2610 sp=0x000000dd62bf8af0
Event: 23.408 Thread 0x0000022845130000 DEOPT UNPACKING pc=0x000002282bff78af sp=0x000000dd62bf8a20 mode 2

Classes redefined (0 events):
No events

Internal exceptions (20 events):
Event: 22.626 Thread 0x0000022847507800 Exception <a 'sun/nio/fs/WindowsException'{0x000000008dfae680}> (0x000000008dfae680) thrown at [./src/hotspot/share/prims/jni.cpp, line 615]
Event: 22.640 Thread 0x0000022847506800 Exception <a 'sun/nio/fs/WindowsException'{0x000000008dec1e60}> (0x000000008dec1e60) thrown at [./src/hotspot/share/prims/jni.cpp, line 615]
Event: 22.642 Thread 0x0000022847504000 Exception <a 'sun/nio/fs/WindowsException'{0x000000008de7cb48}> (0x000000008de7cb48) thrown at [./src/hotspot/share/prims/jni.cpp, line 615]
Event: 22.642 Thread 0x0000022847506000 Exception <a 'sun/nio/fs/WindowsException'{0x000000008de9d528}> (0x000000008de9d528) thrown at [./src/hotspot/share/prims/jni.cpp, line 615]
Event: 22.644 Thread 0x0000022847507800 Exception <a 'sun/nio/fs/WindowsException'{0x000000008de927d0}> (0x000000008de927d0) thrown at [./src/hotspot/share/prims/jni.cpp, line 615]
Event: 22.644 Thread 0x0000022847503800 Exception <a 'sun/nio/fs/WindowsException'{0x000000008ded1248}> (0x000000008ded1248) thrown at [./src/hotspot/share/prims/jni.cpp, line 615]
Event: 22.650 Thread 0x0000022847505000 Exception <a 'sun/nio/fs/WindowsException'{0x000000008deb0a18}> (0x000000008deb0a18) thrown at [./src/hotspot/share/prims/jni.cpp, line 615]
Event: 22.662 Thread 0x0000022847503800 Exception <a 'sun/nio/fs/WindowsException'{0x000000008dc131e8}> (0x000000008dc131e8) thrown at [./src/hotspot/share/prims/jni.cpp, line 615]
Event: 22.667 Thread 0x0000022847506800 Exception <a 'sun/nio/fs/WindowsException'{0x000000008dca5628}> (0x000000008dca5628) thrown at [./src/hotspot/share/prims/jni.cpp, line 615]
Event: 22.667 Thread 0x0000022847504000 Exception <a 'sun/nio/fs/WindowsException'{0x000000008dc3a920}> (0x000000008dc3a920) thrown at [./src/hotspot/share/prims/jni.cpp, line 615]
Event: 22.667 Thread 0x0000022847502000 Exception <a 'sun/nio/fs/WindowsException'{0x000000008ddcd6f0}> (0x000000008ddcd6f0) thrown at [./src/hotspot/share/prims/jni.cpp, line 615]
Event: 22.677 Thread 0x0000022847503800 Exception <a 'sun/nio/fs/WindowsException'{0x000000008db17d58}> (0x000000008db17d58) thrown at [./src/hotspot/share/prims/jni.cpp, line 615]
Event: 22.678 Thread 0x0000022847506000 Exception <a 'sun/nio/fs/WindowsException'{0x000000008db0ace0}> (0x000000008db0ace0) thrown at [./src/hotspot/share/prims/jni.cpp, line 615]
Event: 22.679 Thread 0x0000022847507800 Exception <a 'sun/nio/fs/WindowsException'{0x000000008db482a0}> (0x000000008db482a0) thrown at [./src/hotspot/share/prims/jni.cpp, line 615]
Event: 22.687 Thread 0x0000022847505000 Exception <a 'sun/nio/fs/WindowsException'{0x000000008da651f8}> (0x000000008da651f8) thrown at [./src/hotspot/share/prims/jni.cpp, line 615]
Event: 22.688 Thread 0x000002284be28800 Exception <a 'sun/nio/fs/WindowsException'{0x000000008da3b8b8}> (0x000000008da3b8b8) thrown at [./src/hotspot/share/prims/jni.cpp, line 615]
Event: 22.700 Thread 0x0000022847504000 Exception <a 'sun/nio/fs/WindowsException'{0x000000008daf73b8}> (0x000000008daf73b8) thrown at [./src/hotspot/share/prims/jni.cpp, line 615]
Event: 22.700 Thread 0x0000022847502800 Exception <a 'sun/nio/fs/WindowsException'{0x000000008d912e48}> (0x000000008d912e48) thrown at [./src/hotspot/share/prims/jni.cpp, line 615]
Event: 22.706 Thread 0x000002284be28800 Exception <a 'sun/nio/fs/WindowsException'{0x000000008d9cac08}> (0x000000008d9cac08) thrown at [./src/hotspot/share/prims/jni.cpp, line 615]
Event: 22.710 Thread 0x0000022847506800 Exception <a 'sun/nio/fs/WindowsException'{0x000000008d9db960}> (0x000000008d9db960) thrown at [./src/hotspot/share/prims/jni.cpp, line 615]

Events (20 events):
Event: 22.842 loading class org/gradle/internal/normalization/java/impl/FieldMember done
Event: 22.843 loading class com/google/common/collect/Ordering$ArbitraryOrderingHolder
Event: 22.843 loading class com/google/common/collect/Ordering$ArbitraryOrderingHolder done
Event: 22.843 loading class com/google/common/collect/Ordering$ArbitraryOrdering
Event: 22.843 loading class com/google/common/collect/Ordering$ArbitraryOrdering done
Event: 22.844 loading class com/google/common/collect/MapMakerInternalMap$WeakKeyStrongValueEntry$Helper
Event: 22.844 loading class com/google/common/collect/MapMakerInternalMap$WeakKeyStrongValueEntry$Helper done
Event: 22.845 loading class com/google/common/collect/MapMakerInternalMap$WeakKeyStrongValueSegment
Event: 22.845 loading class com/google/common/collect/MapMakerInternalMap$WeakKeyStrongValueSegment done
Event: 22.948 Executing VM operation: ICBufferFull
Event: 22.948 Executing VM operation: ICBufferFull done
Event: 23.030 loading class org/gradle/internal/normalization/java/impl/EnumAnnotationValue
Event: 23.030 loading class org/gradle/internal/normalization/java/impl/EnumAnnotationValue done
Event: 23.031 loading class org/gradle/internal/normalization/java/impl/SimpleAnnotationValue
Event: 23.031 loading class org/gradle/internal/normalization/java/impl/SimpleAnnotationValue done
Event: 23.080 Executing VM operation: ICBufferFull
Event: 23.081 Executing VM operation: ICBufferFull done
Event: 23.099 loading class org/gradle/internal/normalization/java/impl/AnnotationAnnotationValue
Event: 23.099 loading class org/gradle/internal/normalization/java/impl/AnnotationAnnotationValue done
Event: 23.418 Executing VM operation: G1CollectForAllocation


Dynamic libraries:
0x00007ff7ca4c0000 - 0x00007ff7ca4ca000 	C:\Program Files\Android\Android Studio\jre\bin\java.exe
0x00007fff77d90000 - 0x00007fff77f85000 	C:\WINDOWS\SYSTEM32\ntdll.dll
0x00007fff76170000 - 0x00007fff7622e000 	C:\WINDOWS\System32\KERNEL32.DLL
0x00007fff754b0000 - 0x00007fff75778000 	C:\WINDOWS\System32\KERNELBASE.dll
0x00007fff72cf0000 - 0x00007fff72d80000 	C:\WINDOWS\SYSTEM32\apphelp.dll
0x00007fff758e0000 - 0x00007fff759e0000 	C:\WINDOWS\System32\ucrtbase.dll
0x00007fff5b320000 - 0x00007fff5b337000 	C:\Program Files\Android\Android Studio\jre\bin\VCRUNTIME140.dll
0x00007fff58810000 - 0x00007fff58829000 	C:\Program Files\Android\Android Studio\jre\bin\jli.dll
0x00007fff75e40000 - 0x00007fff75fe1000 	C:\WINDOWS\System32\USER32.dll
0x00007fff5fa10000 - 0x00007fff5fcaa000 	C:\WINDOWS\WinSxS\amd64_microsoft.windows.common-controls_6595b64144ccf1df_6.0.19041.1110_none_60b5254171f9507e\COMCTL32.dll
0x00007fff75d30000 - 0x00007fff75d52000 	C:\WINDOWS\System32\win32u.dll
0x00007fff76fd0000 - 0x00007fff7706e000 	C:\WINDOWS\System32\msvcrt.dll
0x00007fff76710000 - 0x00007fff7673b000 	C:\WINDOWS\System32\GDI32.dll
0x00007fff75a70000 - 0x00007fff75b7b000 	C:\WINDOWS\System32\gdi32full.dll
0x00007fff75be0000 - 0x00007fff75c7d000 	C:\WINDOWS\System32\msvcp_win.dll
0x00007fff76120000 - 0x00007fff76150000 	C:\WINDOWS\System32\IMM32.DLL
0x00007fff4b970000 - 0x00007fff4ba0d000 	C:\Program Files\Android\Android Studio\jre\bin\msvcp140.dll
0x00007fff019f0000 - 0x00007fff024bf000 	C:\Program Files\Android\Android Studio\jre\bin\server\jvm.dll
0x00007fff76f20000 - 0x00007fff76fcc000 	C:\WINDOWS\System32\ADVAPI32.dll
0x00007fff762b0000 - 0x00007fff7634b000 	C:\WINDOWS\System32\sechost.dll
0x00007fff77a10000 - 0x00007fff77b3a000 	C:\WINDOWS\System32\RPCRT4.dll
0x00007fff77a00000 - 0x00007fff77a08000 	C:\WINDOWS\System32\PSAPI.DLL
0x00007fff6eb30000 - 0x00007fff6eb3a000 	C:\WINDOWS\SYSTEM32\VERSION.dll
0x00007fff6b9f0000 - 0x00007fff6ba17000 	C:\WINDOWS\SYSTEM32\WINMM.dll
0x00007fff5c8e0000 - 0x00007fff5c8e9000 	C:\WINDOWS\SYSTEM32\WSOCK32.dll
0x00007fff778e0000 - 0x00007fff7794b000 	C:\WINDOWS\System32\ws2_32.DLL
0x00007fff73370000 - 0x00007fff73382000 	C:\WINDOWS\SYSTEM32\kernel.appcore.dll
0x00007fff5c7d0000 - 0x00007fff5c7e1000 	C:\Program Files\Android\Android Studio\jre\bin\verify.dll
0x00007fff61390000 - 0x00007fff61574000 	C:\WINDOWS\SYSTEM32\DBGHELP.DLL
0x00007fff5c8f0000 - 0x00007fff5c91c000 	C:\WINDOWS\SYSTEM32\dbgcore.DLL
0x00007fff759e0000 - 0x00007fff75a63000 	C:\WINDOWS\System32\bcryptPrimitives.dll
0x00007fff5ae20000 - 0x00007fff5ae49000 	C:\Program Files\Android\Android Studio\jre\bin\java.dll
0x00007fff5c8d0000 - 0x00007fff5c8db000 	C:\Program Files\Android\Android Studio\jre\bin\jimage.dll
0x00007fff59490000 - 0x00007fff594a8000 	C:\Program Files\Android\Android Studio\jre\bin\zip.dll
0x00007fff77070000 - 0x00007fff777af000 	C:\WINDOWS\System32\SHELL32.dll
0x00007fff73570000 - 0x00007fff73d00000 	C:\WINDOWS\SYSTEM32\windows.storage.dll
0x00007fff763b0000 - 0x00007fff76705000 	C:\WINDOWS\System32\combase.dll
0x00007fff74e30000 - 0x00007fff74e5e000 	C:\WINDOWS\SYSTEM32\Wldp.dll
0x00007fff76e70000 - 0x00007fff76f1d000 	C:\WINDOWS\System32\SHCORE.dll
0x00007fff76350000 - 0x00007fff763a5000 	C:\WINDOWS\System32\shlwapi.dll
0x00007fff753f0000 - 0x00007fff7540f000 	C:\WINDOWS\SYSTEM32\profapi.dll
0x00007fff59470000 - 0x00007fff5948a000 	C:\Program Files\Android\Android Studio\jre\bin\net.dll
0x00007fff64330000 - 0x00007fff6443c000 	C:\WINDOWS\SYSTEM32\WINHTTP.dll
0x00007fff74b40000 - 0x00007fff74baa000 	C:\WINDOWS\system32\mswsock.dll
0x00007fff59400000 - 0x00007fff59414000 	C:\Program Files\Android\Android Studio\jre\bin\nio.dll
0x00007fff587a0000 - 0x00007fff587c7000 	C:\Users\souvik dey\.gradle\native\8bec1ad78214c89d9ad589b4d07fe93259594b29d510b10fafb7a158f7737e5d\windows-amd64\native-platform.dll
0x00007fff4b710000 - 0x00007fff4b84d000 	C:\Users\souvik dey\.gradle\native\53dbd7edfb1c66fb8903c78663c9afc45aea4f116125fa6feffd364cf09443e8\windows-amd64\native-platform-file-events.dll
0x00007fff5c890000 - 0x00007fff5c89a000 	C:\Program Files\Android\Android Studio\jre\bin\management.dll
0x00007fff593f0000 - 0x00007fff593fc000 	C:\Program Files\Android\Android Studio\jre\bin\management_ext.dll
0x00007fff74d00000 - 0x00007fff74d18000 	C:\WINDOWS\SYSTEM32\CRYPTSP.dll
0x00007fff744d0000 - 0x00007fff74504000 	C:\WINDOWS\system32\rsaenh.dll
0x00007fff75d60000 - 0x00007fff75d87000 	C:\WINDOWS\System32\bcrypt.dll
0x00007fff75370000 - 0x00007fff7539e000 	C:\WINDOWS\SYSTEM32\USERENV.dll
0x00007fff74d20000 - 0x00007fff74d2c000 	C:\WINDOWS\SYSTEM32\CRYPTBASE.dll
0x00007fff74850000 - 0x00007fff7488b000 	C:\WINDOWS\SYSTEM32\IPHLPAPI.DLL
0x00007fff75ff0000 - 0x00007fff75ff8000 	C:\WINDOWS\System32\NSI.dll
0x00007fff6bb30000 - 0x00007fff6bb47000 	C:\WINDOWS\SYSTEM32\dhcpcsvc6.DLL
0x00007fff6d8b0000 - 0x00007fff6d8cd000 	C:\WINDOWS\SYSTEM32\dhcpcsvc.DLL
0x00007fff74890000 - 0x00007fff7495b000 	C:\WINDOWS\SYSTEM32\DNSAPI.dll
0x00007fff56c80000 - 0x00007fff56e24000 	C:\Program Files\Android\Android Studio\jre\bin\awt.dll
0x00007fff777b0000 - 0x00007fff7787d000 	C:\WINDOWS\System32\OLEAUT32.dll
0x00007fff73190000 - 0x00007fff731bf000 	C:\WINDOWS\SYSTEM32\dwmapi.dll
0x00007fff72e90000 - 0x00007fff72f2e000 	C:\WINDOWS\system32\uxtheme.dll

dbghelp: loaded successfully - version: 4.0.5 - missing functions: none
symbol engine: initialized successfully - sym options: 0x614 - pdb path: .;C:\Program Files\Android\Android Studio\jre\bin;C:\WINDOWS\SYSTEM32;C:\WINDOWS\WinSxS\amd64_microsoft.windows.common-controls_6595b64144ccf1df_6.0.19041.1110_none_60b5254171f9507e;C:\Program Files\Android\Android Studio\jre\bin\server;C:\Users\souvik dey\.gradle\native\8bec1ad78214c89d9ad589b4d07fe93259594b29d510b10fafb7a158f7737e5d\windows-amd64;C:\Users\souvik dey\.gradle\native\53dbd7edfb1c66fb8903c78663c9afc45aea4f116125fa6feffd364cf09443e8\windows-amd64

VM Arguments:
jvm_args: --add-opens=java.base/java.util=ALL-UNNAMED --add-opens=java.base/java.lang=ALL-UNNAMED --add-opens=java.base/java.lang.invoke=ALL-UNNAMED --add-opens=java.base/java.util=ALL-UNNAMED --add-opens=java.prefs/java.util.prefs=ALL-UNNAMED --add-opens=java.prefs/java.util.prefs=ALL-UNNAMED --add-opens=java.base/java.nio.charset=ALL-UNNAMED --add-opens=java.base/java.net=ALL-UNNAMED --add-opens=java.base/java.util.concurrent.atomic=ALL-UNNAMED -Xmx2048m -Dfile.encoding=UTF-8 -Duser.country=IN -Duser.language=en -Duser.variant 
java_command: org.gradle.launcher.daemon.bootstrap.GradleDaemon 7.0.2
java_class_path (initial): C:\Users\souvik dey\.gradle\wrapper\dists\gradle-7.0.2-bin\857tjihv64xamwrf0h14cai3r\gradle-7.0.2\lib\gradle-launcher-7.0.2.jar
Launcher Type: SUN_STANDARD

[Global flags]
     intx CICompilerCount                          = 4                                         {product} {ergonomic}
     uint ConcGCThreads                            = 2                                         {product} {ergonomic}
     uint G1ConcRefinementThreads                  = 8                                         {product} {ergonomic}
   size_t G1HeapRegionSize                         = 1048576                                   {product} {ergonomic}
    uintx GCDrainStackTargetSize                   = 64                                        {product} {ergonomic}
   size_t InitialHeapSize                          = 100663296                                 {product} {ergonomic}
   size_t MarkStackSize                            = 4194304                                   {product} {ergonomic}
   size_t MaxHeapSize                              = 2147483648                                {product} {command line}
   size_t MaxNewSize                               = 1287651328                                {product} {ergonomic}
   size_t MinHeapDeltaBytes                        = 1048576                                   {product} {ergonomic}
    uintx NonNMethodCodeHeapSize                   = 5836300                                {pd product} {ergonomic}
    uintx NonProfiledCodeHeapSize                  = 122910970                              {pd product} {ergonomic}
    uintx ProfiledCodeHeapSize                     = 122910970                              {pd product} {ergonomic}
    uintx ReservedCodeCacheSize                    = 251658240                              {pd product} {ergonomic}
     bool SegmentedCodeCache                       = true                                      {product} {ergonomic}
     bool UseCompressedClassPointers               = true                                 {lp64_product} {ergonomic}
     bool UseCompressedOops                        = true                                 {lp64_product} {ergonomic}
     bool UseG1GC                                  = true                                      {product} {ergonomic}
     bool UseLargePagesIndividualAllocation        = false                                  {pd product} {ergonomic}

Logging:
Log output configuration:
 #0: stdout all=warning uptime,level,tags
 #1: stderr all=off uptime,level,tags

Environment Variables:
PATH=C:\python 3.9.1\Scripts\;C:\python 3.9.1\;C:\WINDOWS\system32;C:\WINDOWS;C:\WINDOWS\System32\Wbem;C:\WINDOWS\System32\WindowsPowerShell\v1.0\;C:\WINDOWS\System32\OpenSSH\;C:\MinGW\bin;C:\Program Files\Git\cmd;C:\Users\souvik dey\AppData\Local\Microsoft\WindowsApps;C:\Users\souvik dey\AppData\Local\atom\bin
USERNAME=souvik dey
OS=Windows_NT
PROCESSOR_IDENTIFIER=AMD64 Family 23 Model 24 Stepping 1, AuthenticAMD



---------------  S Y S T E M  ---------------

OS: Windows 10 , 64 bit Build 19041 (10.0.19041.1348)
OS uptime: 18 days 22:19 hours
Hyper-V role detected

CPU:total 8 (initial active 8) (8 cores per cpu, 2 threads per core) family 23 model 24 stepping 1 microcode 0x0, cmov, cx8, fxsr, mmx, sse, sse2, sse3, ssse3, sse4.1, sse4.2, popcnt, avx, avx2, aes, clmul, mmxext, 3dnowpref, lzcnt, sse4a, ht, tsc, tscinvbit, tscinv, bmi1, bmi2, adx, s

Memory: 4k page, system-wide physical 6058M (167M free)
TotalPageFile size 24490M (AvailPageFile size 23M)
current process WorkingSet (physical memory assigned to process): 319M, peak: 334M
current process commit charge ("private bytes"): 536M, peak: 601M

vm_info: OpenJDK 64-Bit Server VM (11.0.10+0-b96-7249189) for windows-amd64 JRE (11.0.10+0-b96-7249189), built on Mar 31 2021 21:44:00 by "builder" with MS VC++ 14.0 (VS2015)

END.
