#
# There is insufficient memory for the Java Runtime Environment to continue.
# Native memory allocation (mmap) failed to map 304087040 bytes for Failed to commit area from 0x0000000092200000 to 0x00000000a4400000 of length 304087040.
# Possible reasons:
#   The system is out of physical RAM or swap space
#   The process is running with CompressedOops enabled, and the Java Heap may be blocking the growth of the native heap
# Possible solutions:
#   Reduce memory load on the system
#   Increase physical memory or swap space
#   Check if swap backing store is full
#   Decrease Java heap size (-Xmx/-Xms)
#   Decrease number of Java threads
#   Decrease Java thread stack sizes (-Xss)
#   Set larger code cache with -XX:ReservedCodeCacheSize=
#   JVM is running with Unscaled Compressed Oops mode in which the Java heap is
#     placed in the first 4GB address space. The Java Heap base address is the
#     maximum limit for the native heap growth. Please use -XX:HeapBaseMinAddress
#     to set the Java Heap base and to place the Java Heap above 4GB virtual address.
# This output file may be truncated or incomplete.
#
#  Out of Memory Error (./src/hotspot/os/windows/os_windows.cpp:3301), pid=28728, tid=30508
#
# JRE version: OpenJDK Runtime Environment (11.0.10) (build 11.0.10+0-b96-7249189)
# Java VM: OpenJDK 64-Bit Server VM (11.0.10+0-b96-7249189, mixed mode, tiered, compressed oops, g1 gc, windows-amd64)
# No core dump will be written. Minidumps are not enabled by default on client versions of Windows
#

---------------  S U M M A R Y ------------

Command Line: --add-opens=java.base/java.util=ALL-UNNAMED --add-opens=java.base/java.lang=ALL-UNNAMED --add-opens=java.base/java.lang.invoke=ALL-UNNAMED --add-opens=java.base/java.util=ALL-UNNAMED --add-opens=java.prefs/java.util.prefs=ALL-UNNAMED --add-opens=java.prefs/java.util.prefs=ALL-UNNAMED --add-opens=java.base/java.nio.charset=ALL-UNNAMED --add-opens=java.base/java.net=ALL-UNNAMED --add-opens=java.base/java.util.concurrent.atomic=ALL-UNNAMED -Xmx2048m -Dfile.encoding=UTF-8 -Duser.country=IN -Duser.language=en -Duser.variant org.gradle.launcher.daemon.bootstrap.GradleDaemon 7.0.2

Host: AMD Ryzen 5 3500U with Radeon Vega Mobile Gfx  , 8 cores, 5G,  Windows 10 , 64 bit Build 19041 (10.0.19041.1348)
Time: Tue Nov 30 11:48:44 2021 India Standard Time elapsed time: 17.369073 seconds (0d 0h 0m 17s)

---------------  T H R E A D  ---------------

Current thread (0x0000019c3662f000):  VMThread "VM Thread" [stack: 0x00000025e0b00000,0x00000025e0c00000] [id=30508]

Stack: [0x00000025e0b00000,0x00000025e0c00000]
[error occurred during error reporting (printing stack bounds), id 0xc0000005, EXCEPTION_ACCESS_VIOLATION (0xc0000005) at pc=0x0000019c1fcd0f2d]

Native frames: (J=compiled Java code, j=interpreted, Vv=VM code, C=native code)
V  [jvm.dll+0x5ecfaa]
V  [jvm.dll+0x722bd5]
V  [jvm.dll+0x72412d]
V  [jvm.dll+0x724745]
V  [jvm.dll+0x7246fb]
V  [jvm.dll+0x5ec348]
V  [jvm.dll+0x5ecad8]
C  [ntdll.dll+0xa20cf]
C  [ntdll.dll+0x51454]
C  [ntdll.dll+0xa0bfe]
C  0x0000019c1fcd0f2d

VM_Operation (0x00000025e41f9150): G1CollectForAllocation, mode: safepoint, requested by thread 0x0000019c3aba8800


---------------  P R O C E S S  ---------------

Threads class SMR info:
_java_thread_list=0x0000019c3c932530, length=63, elements={
0x0000019c1c1eb800, 0x0000019c36633800, 0x0000019c36641000, 0x0000019c36fc2800,
0x0000019c36650000, 0x0000019c36652000, 0x0000019c36657000, 0x0000019c36660000,
0x0000019c3666d000, 0x0000019c3711d800, 0x0000019c3737d800, 0x0000019c396aa000,
0x0000019c394fd800, 0x0000019c395aa000, 0x0000019c39abe800, 0x0000019c387f3000,
0x0000019c38dca800, 0x0000019c38dcb800, 0x0000019c380aa000, 0x0000019c3a113000,
0x0000019c3a116800, 0x0000019c3a114000, 0x0000019c3a117000, 0x0000019c3a111800,
0x0000019c3a118000, 0x0000019c3a112800, 0x0000019c3a115000, 0x0000019c3a115800,
0x0000019c39c52000, 0x0000019c39c52800, 0x0000019c39c53800, 0x0000019c39c51000,
0x0000019c39c55000, 0x0000019c39c4f800, 0x0000019c39c56800, 0x0000019c39c57800,
0x0000019c39c5d000, 0x0000019c39c5c800, 0x0000019c39c5a000, 0x0000019c39c58800,
0x0000019c39c5e000, 0x0000019c39c59000, 0x0000019c39c5a800, 0x0000019c3abae800,
0x0000019c3aba8800, 0x0000019c3aba9800, 0x0000019c3abaa000, 0x0000019c3abaf000,
0x0000019c3abab000, 0x0000019c3abac000, 0x0000019c3db9c000, 0x0000019c3db9d000,
0x0000019c3db9a800, 0x0000019c3db9b000, 0x0000019c3db98800, 0x0000019c3db98000,
0x0000019c3db97000, 0x0000019c3db9d800, 0x0000019c3db9f800, 0x0000019c3dba2800,
0x0000019c3dba3800, 0x0000019c3dba0000, 0x0000019c3dba4000
}

Java Threads: ( => current thread )
  0x0000019c1c1eb800 JavaThread "main" [_thread_blocked, id=8536, stack(0x00000025e0500000,0x00000025e0600000)]
  0x0000019c36633800 JavaThread "Reference Handler" daemon [_thread_blocked, id=30048, stack(0x00000025e0c00000,0x00000025e0d00000)]
  0x0000019c36641000 JavaThread "Finalizer" daemon [_thread_blocked, id=32724, stack(0x00000025e0d00000,0x00000025e0e00000)]
  0x0000019c36fc2800 JavaThread "Signal Dispatcher" daemon [_thread_blocked, id=5344, stack(0x00000025e0e00000,0x00000025e0f00000)]
  0x0000019c36650000 JavaThread "Attach Listener" daemon [_thread_blocked, id=17364, stack(0x00000025e0f00000,0x00000025e1000000)]
  0x0000019c36652000 JavaThread "Service Thread" daemon [_thread_blocked, id=25864, stack(0x00000025e1000000,0x00000025e1100000)]
  0x0000019c36657000 JavaThread "C2 CompilerThread0" daemon [_thread_blocked, id=9044, stack(0x00000025e1100000,0x00000025e1200000)]
  0x0000019c36660000 JavaThread "C1 CompilerThread0" daemon [_thread_blocked, id=26424, stack(0x00000025e1200000,0x00000025e1300000)]
  0x0000019c3666d000 JavaThread "Sweeper thread" daemon [_thread_blocked, id=23688, stack(0x00000025e1300000,0x00000025e1400000)]
  0x0000019c3711d800 JavaThread "Common-Cleaner" daemon [_thread_blocked, id=22784, stack(0x00000025e1400000,0x00000025e1500000)]
  0x0000019c3737d800 JavaThread "C2 CompilerThread1" daemon [_thread_in_native, id=32048, stack(0x00000025e1600000,0x00000025e1700000)]
  0x0000019c396aa000 JavaThread "Daemon health stats" [_thread_blocked, id=29228, stack(0x00000025e1900000,0x00000025e1a00000)]
  0x0000019c394fd800 JavaThread "Incoming local TCP Connector on port 53259" [_thread_in_native, id=20468, stack(0x00000025e1700000,0x00000025e1800000)]
  0x0000019c395aa000 JavaThread "Daemon periodic checks" [_thread_blocked, id=28200, stack(0x00000025e1c00000,0x00000025e1d00000)]
  0x0000019c39abe800 JavaThread "Daemon" [_thread_blocked, id=32712, stack(0x00000025e1d00000,0x00000025e1e00000)]
  0x0000019c387f3000 JavaThread "Handler for socket connection from /127.0.0.1:53259 to /127.0.0.1:53260" [_thread_in_native, id=28580, stack(0x00000025e1e00000,0x00000025e1f00000)]
  0x0000019c38dca800 JavaThread "Cancel handler" [_thread_blocked, id=29732, stack(0x00000025e1f00000,0x00000025e2000000)]
  0x0000019c38dcb800 JavaThread "Daemon worker" [_thread_blocked, id=32096, stack(0x00000025e2000000,0x00000025e2100000)]
  0x0000019c380aa000 JavaThread "Asynchronous log dispatcher for DefaultDaemonConnection: socket connection from /127.0.0.1:53259 to /127.0.0.1:53260" [_thread_blocked, id=27088, stack(0x00000025e2100000,0x00000025e2200000)]
  0x0000019c3a113000 JavaThread "Stdin handler" [_thread_blocked, id=29216, stack(0x00000025e2200000,0x00000025e2300000)]
  0x0000019c3a116800 JavaThread "Daemon client event forwarder" [_thread_blocked, id=17744, stack(0x00000025e2300000,0x00000025e2400000)]
  0x0000019c3a114000 JavaThread "Cache worker for file hash cache (C:\Users\souvik dey\.gradle\caches\7.0.2\fileHashes)" [_thread_blocked, id=26324, stack(0x00000025e2800000,0x00000025e2900000)]
  0x0000019c3a117000 JavaThread "File lock request listener" [_thread_in_native, id=28468, stack(0x00000025e2900000,0x00000025e2a00000)]
  0x0000019c3a111800 JavaThread "Cache worker for journal cache (C:\Users\souvik dey\.gradle\caches\journal-1)" [_thread_blocked, id=15344, stack(0x00000025e2b00000,0x00000025e2c00000)]
  0x0000019c3a118000 JavaThread "Cache worker for file hash cache (E:\my programming\android projects\EasyDRAW\.gradle\7.0.2\fileHashes)" [_thread_blocked, id=22832, stack(0x00000025e2c00000,0x00000025e2d00000)]
  0x0000019c3a112800 JavaThread "File watcher server" daemon [_thread_blocked, id=27708, stack(0x00000025e2d00000,0x00000025e2e00000)]
  0x0000019c3a115000 JavaThread "File watcher consumer" daemon [_thread_blocked, id=32660, stack(0x00000025e2e00000,0x00000025e2f00000)]
  0x0000019c3a115800 JavaThread "Cache worker for checksums cache (E:\my programming\android projects\EasyDRAW\.gradle\checksums)" [_thread_blocked, id=30480, stack(0x00000025e2f00000,0x00000025e3000000)]
  0x0000019c39c52000 JavaThread "Cache worker for cache directory md-supplier (C:\Users\souvik dey\.gradle\caches\7.0.2\md-supplier)" [_thread_blocked, id=22672, stack(0x00000025e3000000,0x00000025e3100000)]
  0x0000019c39c52800 JavaThread "Cache worker for cache directory md-rule (C:\Users\souvik dey\.gradle\caches\7.0.2\md-rule)" [_thread_blocked, id=28716, stack(0x00000025e3100000,0x00000025e3200000)]
  0x0000019c39c53800 JavaThread "Cache worker for execution history cache (C:\Users\souvik dey\.gradle\caches\7.0.2\executionHistory)" [_thread_blocked, id=29824, stack(0x00000025e3200000,0x00000025e3300000)]
  0x0000019c39c51000 JavaThread "jar transforms" [_thread_blocked, id=1068, stack(0x00000025e3400000,0x00000025e3500000)]
  0x0000019c39c55000 JavaThread "jar transforms Thread 2" [_thread_blocked, id=31436, stack(0x00000025e3500000,0x00000025e3600000)]
  0x0000019c39c4f800 JavaThread "Cache worker for file content cache (C:\Users\souvik dey\.gradle\caches\7.0.2\fileContent)" [_thread_blocked, id=16108, stack(0x00000025e3600000,0x00000025e3700000)]
  0x0000019c39c56800 JavaThread "Cache worker for dependencies-accessors (E:\my programming\android projects\EasyDRAW\.gradle\7.0.2\dependencies-accessors)" [_thread_blocked, id=27584, stack(0x00000025e3700000,0x00000025e3800000)]
  0x0000019c39c57800 JavaThread "jar transforms Thread 3" [_thread_blocked, id=10768, stack(0x00000025e3800000,0x00000025e3900000)]
  0x0000019c39c5d000 JavaThread "Cache worker for Build Output Cleanup Cache (E:\my programming\android projects\EasyDRAW\.gradle\buildOutputCleanup)" [_thread_blocked, id=11524, stack(0x00000025e3900000,0x00000025e3a00000)]
  0x0000019c39c5c800 JavaThread "Build operations" [_thread_blocked, id=11088, stack(0x00000025e3a00000,0x00000025e3b00000)]
  0x0000019c39c5a000 JavaThread "Build operations Thread 2" [_thread_blocked, id=8204, stack(0x00000025e3b00000,0x00000025e3c00000)]
  0x0000019c39c58800 JavaThread "Build operations Thread 3" [_thread_blocked, id=8208, stack(0x00000025e3c00000,0x00000025e3d00000)]
  0x0000019c39c5e000 JavaThread "Build operations Thread 4" [_thread_blocked, id=22372, stack(0x00000025e3d00000,0x00000025e3e00000)]
  0x0000019c39c59000 JavaThread "Build operations Thread 5" [_thread_blocked, id=11308, stack(0x00000025e3e00000,0x00000025e3f00000)]
  0x0000019c39c5a800 JavaThread "Build operations Thread 6" [_thread_blocked, id=11348, stack(0x00000025e3f00000,0x00000025e4000000)]
  0x0000019c3abae800 JavaThread "Build operations Thread 7" [_thread_blocked, id=11652, stack(0x00000025e4000000,0x00000025e4100000)]
  0x0000019c3aba8800 JavaThread "Build operations Thread 8" [_thread_blocked, id=11628, stack(0x00000025e4100000,0x00000025e4200000)]
  0x0000019c3aba9800 JavaThread "jar transforms Thread 4" [_thread_blocked, id=1212, stack(0x00000025e4200000,0x00000025e4300000)]
  0x0000019c3abaa000 JavaThread "jar transforms Thread 5" [_thread_blocked, id=1332, stack(0x00000025e4300000,0x00000025e4400000)]
  0x0000019c3abaf000 JavaThread "jar transforms Thread 6" [_thread_blocked, id=1208, stack(0x00000025e4400000,0x00000025e4500000)]
  0x0000019c3abab000 JavaThread "jar transforms Thread 7" [_thread_blocked, id=1324, stack(0x00000025e4500000,0x00000025e4600000)]
  0x0000019c3abac000 JavaThread "jar transforms Thread 8" [_thread_blocked, id=1628, stack(0x00000025e4600000,0x00000025e4700000)]
  0x0000019c3db9c000 JavaThread "Memory manager" [_thread_blocked, id=11320, stack(0x00000025e4700000,0x00000025e4800000)]
  0x0000019c3db9d000 JavaThread "build event listener" [_thread_blocked, id=9572, stack(0x00000025e4800000,0x00000025e4900000)]
  0x0000019c3db9a800 JavaThread "pool-3-thread-1" [_thread_blocked, id=12276, stack(0x00000025e4900000,0x00000025e4a00000)]
  0x0000019c3db9b000 JavaThread "build event listener" [_thread_blocked, id=12176, stack(0x00000025e4a00000,0x00000025e4b00000)]
  0x0000019c3db98800 JavaThread "Execution worker for ':'" [_thread_blocked, id=12228, stack(0x00000025e4b00000,0x00000025e4c00000)]
  0x0000019c3db98000 JavaThread "Execution worker for ':' Thread 2" [_thread_blocked, id=29768, stack(0x00000025e4c00000,0x00000025e4d00000)]
  0x0000019c3db97000 JavaThread "Execution worker for ':' Thread 3" [_thread_blocked, id=12260, stack(0x00000025e4d00000,0x00000025e4e00000)]
  0x0000019c3db9d800 JavaThread "Execution worker for ':' Thread 4" [_thread_blocked, id=11544, stack(0x00000025e4e00000,0x00000025e4f00000)]
  0x0000019c3db9f800 JavaThread "Execution worker for ':' Thread 5" [_thread_blocked, id=10152, stack(0x00000025e4f00000,0x00000025e5000000)]
  0x0000019c3dba2800 JavaThread "Execution worker for ':' Thread 6" [_thread_blocked, id=3616, stack(0x00000025e5000000,0x00000025e5100000)]
  0x0000019c3dba3800 JavaThread "Execution worker for ':' Thread 7" [_thread_blocked, id=1564, stack(0x00000025e5100000,0x00000025e5200000)]
  0x0000019c3dba0000 JavaThread "Cache worker for execution history cache (E:\my programming\android projects\EasyDRAW\.gradle\7.0.2\executionHistory)" [_thread_blocked, id=11016, stack(0x00000025e5200000,0x00000025e5300000)]
  0x0000019c3dba4000 JavaThread "WorkerExecutor Queue" [_thread_blocked, id=1780, stack(0x00000025e3300000,0x00000025e3400000)]

Other Threads:
=>0x0000019c3662f000 VMThread "VM Thread" [stack: 0x00000025e0b00000,0x00000025e0c00000] [id=30508]
  0x0000019c37122800 WatcherThread [stack: 0x00000025e1500000,0x00000025e1600000] [id=28952]
  0x0000019c1c203800 GCTaskThread "GC Thread#0" [stack: 0x00000025e0600000,0x00000025e0700000] [id=22872]
  0x0000019c37a45800 GCTaskThread "GC Thread#1" [stack: 0x00000025e1800000,0x00000025e1900000] [id=27256]
  0x0000019c3981d800 GCTaskThread "GC Thread#2" [stack: 0x00000025e1a00000,0x00000025e1b00000] [id=30872]
  0x0000019c38e5c800 GCTaskThread "GC Thread#3" [stack: 0x00000025e1b00000,0x00000025e1c00000] [id=31552]
  0x0000019c39862800 GCTaskThread "GC Thread#4" [stack: 0x00000025e2400000,0x00000025e2500000] [id=24324]
  0x0000019c391df000 GCTaskThread "GC Thread#5" [stack: 0x00000025e2500000,0x00000025e2600000] [id=9636]
  0x0000019c38fed000 GCTaskThread "GC Thread#6" [stack: 0x00000025e2600000,0x00000025e2700000] [id=27144]
  0x0000019c3a078000 GCTaskThread "GC Thread#7" [stack: 0x00000025e2700000,0x00000025e2800000] [id=10420]
  0x0000019c1c236800 ConcurrentGCThread "G1 Main Marker" [stack: 0x00000025e0700000,0x00000025e0800000] [id=30740]
  0x0000019c1c237800 ConcurrentGCThread "G1 Conc#0" [stack: 0x00000025e0800000,0x00000025e0900000] [id=1612]
  0x0000019c3960f800 ConcurrentGCThread "G1 Conc#1" [stack: 0x00000025e2a00000,0x00000025e2b00000] [id=24336]
  0x0000019c36480800 ConcurrentGCThread "G1 Refine#0" [stack: 0x00000025e0900000,0x00000025e0a00000] [id=29720]
  0x0000019c45651800 ConcurrentGCThread "G1 Refine#1" [stack: 0x00000025e5300000,0x00000025e5400000] [id=28684]
  0x0000019c36481000 ConcurrentGCThread "G1 Young RemSet Sampling" [stack: 0x00000025e0a00000,0x00000025e0b00000] [id=31612]

Threads with active compile tasks:
C2 CompilerThread0  17379 11746       4       com.android.tools.r8.graph.c0::a (258 bytes)
C2 CompilerThread1  17379 11423 %     4       com.android.tools.r8.internal.U6::a @ 66 (6044 bytes)

VM state:at safepoint (normal execution)

VM Mutex/Monitor currently owned by a thread:  ([mutex/lock_event])
[0x0000019c1c1e87f0] Threads_lock - owner thread: 0x0000019c3662f000
[0x0000019c1c1e70e0] Heap_lock - owner thread: 0x0000019c3aba8800

Heap address: 0x0000000080000000, size: 2048 MB, Compressed Oops mode: 32-bit
Narrow klass base: 0x0000000000000000, Narrow klass shift: 3
Compressed class space size: 1073741824 Address: 0x0000000100000000

Heap:
 garbage-first heap   total 593920K, used 190464K [0x0000000080000000, 0x0000000100000000)
  region size 1024K, 7 young (7168K), 7 survivors (7168K)
 Metaspace       used 103235K, capacity 105776K, committed 106112K, reserved 1140736K
  class space    used 13471K, capacity 14420K, committed 14540K, reserved 1048576K
Heap Regions: E=young(eden), S=young(survivor), O=old, HS=humongous(starts), HC=humongous(continues), CS=collection set, F=free, A=archive, TAMS=top-at-mark-start (previous, next)
|   0|0x0000000080000000, 0x0000000080100000, 0x0000000080100000|100%| O|  |TAMS 0x0000000080100000, 0x0000000080100000| Untracked 
|   1|0x0000000080100000, 0x0000000080200000, 0x0000000080200000|100%| O|  |TAMS 0x0000000080200000, 0x0000000080200000| Untracked 
|   2|0x0000000080200000, 0x0000000080300000, 0x0000000080300000|100%| O|  |TAMS 0x0000000080300000, 0x0000000080300000| Untracked 
|   3|0x0000000080300000, 0x0000000080400000, 0x0000000080400000|100%|HS|  |TAMS 0x0000000080400000, 0x0000000080400000| Complete 
|   4|0x0000000080400000, 0x0000000080500000, 0x0000000080500000|100%|HC|  |TAMS 0x0000000080500000, 0x0000000080500000| Complete 
|   5|0x0000000080500000, 0x0000000080600000, 0x0000000080600000|100%|HC|  |TAMS 0x0000000080600000, 0x0000000080600000| Complete 
|   6|0x0000000080600000, 0x0000000080700000, 0x0000000080700000|100%| O|  |TAMS 0x0000000080700000, 0x0000000080700000| Untracked 
|   7|0x0000000080700000, 0x0000000080800000, 0x0000000080800000|100%| O|  |TAMS 0x0000000080800000, 0x0000000080800000| Untracked 
|   8|0x0000000080800000, 0x0000000080900000, 0x0000000080900000|100%| O|  |TAMS 0x0000000080900000, 0x0000000080900000| Untracked 
|   9|0x0000000080900000, 0x0000000080a00000, 0x0000000080a00000|100%| O|  |TAMS 0x0000000080a00000, 0x0000000080a00000| Untracked 
|  10|0x0000000080a00000, 0x0000000080b00000, 0x0000000080b00000|100%| O|  |TAMS 0x0000000080b00000, 0x0000000080b00000| Untracked 
|  11|0x0000000080b00000, 0x0000000080c00000, 0x0000000080c00000|100%| O|  |TAMS 0x0000000080c00000, 0x0000000080c00000| Untracked 
|  12|0x0000000080c00000, 0x0000000080d00000, 0x0000000080d00000|100%| O|  |TAMS 0x0000000080d00000, 0x0000000080d00000| Untracked 
|  13|0x0000000080d00000, 0x0000000080e00000, 0x0000000080e00000|100%| O|  |TAMS 0x0000000080e00000, 0x0000000080e00000| Untracked 
|  14|0x0000000080e00000, 0x0000000080f00000, 0x0000000080f00000|100%| O|  |TAMS 0x0000000080f00000, 0x0000000080f00000| Untracked 
|  15|0x0000000080f00000, 0x0000000081000000, 0x0000000081000000|100%| O|  |TAMS 0x0000000081000000, 0x0000000081000000| Untracked 
|  16|0x0000000081000000, 0x0000000081100000, 0x0000000081100000|100%| O|  |TAMS 0x0000000081100000, 0x0000000081100000| Untracked 
|  17|0x0000000081100000, 0x0000000081200000, 0x0000000081200000|100%| O|  |TAMS 0x0000000081200000, 0x0000000081200000| Untracked 
|  18|0x0000000081200000, 0x0000000081300000, 0x0000000081300000|100%| O|  |TAMS 0x0000000081300000, 0x0000000081300000| Untracked 
|  19|0x0000000081300000, 0x0000000081400000, 0x0000000081400000|100%| O|  |TAMS 0x0000000081400000, 0x0000000081400000| Untracked 
|  20|0x0000000081400000, 0x0000000081500000, 0x0000000081500000|100%| O|  |TAMS 0x0000000081500000, 0x0000000081500000| Untracked 
|  21|0x0000000081500000, 0x0000000081600000, 0x0000000081600000|100%| O|  |TAMS 0x0000000081600000, 0x0000000081600000| Untracked 
|  22|0x0000000081600000, 0x0000000081700000, 0x0000000081700000|100%| O|  |TAMS 0x0000000081700000, 0x0000000081700000| Untracked 
|  23|0x0000000081700000, 0x0000000081800000, 0x0000000081800000|100%| O|  |TAMS 0x0000000081800000, 0x0000000081800000| Untracked 
|  24|0x0000000081800000, 0x0000000081900000, 0x0000000081900000|100%| O|  |TAMS 0x0000000081900000, 0x0000000081900000| Untracked 
|  25|0x0000000081900000, 0x0000000081a00000, 0x0000000081a00000|100%| O|  |TAMS 0x0000000081a00000, 0x0000000081a00000| Untracked 
|  26|0x0000000081a00000, 0x0000000081b00000, 0x0000000081b00000|100%|HS|  |TAMS 0x0000000081b00000, 0x0000000081b00000| Complete 
|  27|0x0000000081b00000, 0x0000000081c00000, 0x0000000081c00000|100%|HS|  |TAMS 0x0000000081c00000, 0x0000000081c00000| Complete 
|  28|0x0000000081c00000, 0x0000000081d00000, 0x0000000081d00000|100%|HS|  |TAMS 0x0000000081d00000, 0x0000000081d00000| Complete 
|  29|0x0000000081d00000, 0x0000000081e00000, 0x0000000081e00000|100%|HS|  |TAMS 0x0000000081e00000, 0x0000000081e00000| Complete 
|  30|0x0000000081e00000, 0x0000000081f00000, 0x0000000081f00000|100%|HC|  |TAMS 0x0000000081f00000, 0x0000000081f00000| Complete 
|  31|0x0000000081f00000, 0x0000000082000000, 0x0000000082000000|100%|HC|  |TAMS 0x0000000082000000, 0x0000000082000000| Complete 
|  32|0x0000000082000000, 0x0000000082100000, 0x0000000082100000|100%|HS|  |TAMS 0x0000000082100000, 0x0000000082100000| Complete 
|  33|0x0000000082100000, 0x0000000082200000, 0x0000000082200000|100%|HC|  |TAMS 0x0000000082200000, 0x0000000082200000| Complete 
|  34|0x0000000082200000, 0x0000000082300000, 0x0000000082300000|100%| O|  |TAMS 0x0000000082300000, 0x0000000082300000| Untracked 
|  35|0x0000000082300000, 0x0000000082400000, 0x0000000082400000|100%| O|  |TAMS 0x0000000082400000, 0x0000000082400000| Untracked 
|  36|0x0000000082400000, 0x0000000082500000, 0x0000000082500000|100%| O|  |TAMS 0x0000000082500000, 0x0000000082500000| Untracked 
|  37|0x0000000082500000, 0x0000000082600000, 0x0000000082600000|100%| O|  |TAMS 0x0000000082600000, 0x0000000082600000| Untracked 
|  38|0x0000000082600000, 0x0000000082700000, 0x0000000082700000|100%| O|  |TAMS 0x0000000082700000, 0x0000000082700000| Untracked 
|  39|0x0000000082700000, 0x0000000082800000, 0x0000000082800000|100%| O|  |TAMS 0x0000000082800000, 0x0000000082800000| Untracked 
|  40|0x0000000082800000, 0x0000000082900000, 0x0000000082900000|100%| O|  |TAMS 0x0000000082900000, 0x0000000082900000| Untracked 
|  41|0x0000000082900000, 0x0000000082a00000, 0x0000000082a00000|100%| O|  |TAMS 0x0000000082a00000, 0x0000000082a00000| Untracked 
|  42|0x0000000082a00000, 0x0000000082b00000, 0x0000000082b00000|100%| O|  |TAMS 0x0000000082b00000, 0x0000000082b00000| Untracked 
|  43|0x0000000082b00000, 0x0000000082c00000, 0x0000000082c00000|100%| O|  |TAMS 0x0000000082c00000, 0x0000000082c00000| Untracked 
|  44|0x0000000082c00000, 0x0000000082d00000, 0x0000000082d00000|100%| O|  |TAMS 0x0000000082d00000, 0x0000000082d00000| Untracked 
|  45|0x0000000082d00000, 0x0000000082e00000, 0x0000000082e00000|100%| O|  |TAMS 0x0000000082e00000, 0x0000000082e00000| Untracked 
|  46|0x0000000082e00000, 0x0000000082f00000, 0x0000000082f00000|100%| O|  |TAMS 0x0000000082f00000, 0x0000000082f00000| Untracked 
|  47|0x0000000082f00000, 0x0000000083000000, 0x0000000083000000|100%| O|  |TAMS 0x0000000083000000, 0x0000000083000000| Untracked 
|  48|0x0000000083000000, 0x0000000083100000, 0x0000000083100000|100%| O|  |TAMS 0x0000000083100000, 0x0000000083100000| Untracked 
|  49|0x0000000083100000, 0x0000000083200000, 0x0000000083200000|100%| O|  |TAMS 0x0000000083200000, 0x0000000083200000| Untracked 
|  50|0x0000000083200000, 0x0000000083300000, 0x0000000083300000|100%| O|  |TAMS 0x0000000083300000, 0x0000000083300000| Untracked 
|  51|0x0000000083300000, 0x0000000083400000, 0x0000000083400000|100%| O|  |TAMS 0x0000000083400000, 0x0000000083400000| Untracked 
|  52|0x0000000083400000, 0x0000000083500000, 0x0000000083500000|100%| O|  |TAMS 0x0000000083500000, 0x0000000083500000| Untracked 
|  53|0x0000000083500000, 0x0000000083600000, 0x0000000083600000|100%| O|  |TAMS 0x0000000083600000, 0x0000000083600000| Untracked 
|  54|0x0000000083600000, 0x0000000083700000, 0x0000000083700000|100%| O|  |TAMS 0x0000000083700000, 0x0000000083700000| Untracked 
|  55|0x0000000083700000, 0x0000000083800000, 0x0000000083800000|100%| O|  |TAMS 0x0000000083800000, 0x0000000083800000| Untracked 
|  56|0x0000000083800000, 0x0000000083900000, 0x0000000083900000|100%| O|  |TAMS 0x0000000083900000, 0x0000000083900000| Untracked 
|  57|0x0000000083900000, 0x0000000083a00000, 0x0000000083a00000|100%| O|  |TAMS 0x0000000083a00000, 0x0000000083a00000| Untracked 
|  58|0x0000000083a00000, 0x0000000083b00000, 0x0000000083b00000|100%| O|  |TAMS 0x0000000083b00000, 0x0000000083b00000| Untracked 
|  59|0x0000000083b00000, 0x0000000083c00000, 0x0000000083c00000|100%| O|  |TAMS 0x0000000083c00000, 0x0000000083c00000| Untracked 
|  60|0x0000000083c00000, 0x0000000083d00000, 0x0000000083d00000|100%| O|  |TAMS 0x0000000083d00000, 0x0000000083d00000| Untracked 
|  61|0x0000000083d00000, 0x0000000083e00000, 0x0000000083e00000|100%| O|  |TAMS 0x0000000083e00000, 0x0000000083e00000| Untracked 
|  62|0x0000000083e00000, 0x0000000083f00000, 0x0000000083f00000|100%| O|  |TAMS 0x0000000083f00000, 0x0000000083f00000| Untracked 
|  63|0x0000000083f00000, 0x0000000084000000, 0x0000000084000000|100%| O|  |TAMS 0x0000000084000000, 0x0000000084000000| Untracked 
|  64|0x0000000084000000, 0x0000000084100000, 0x0000000084100000|100%| O|  |TAMS 0x0000000084100000, 0x0000000084100000| Untracked 
|  65|0x0000000084100000, 0x0000000084200000, 0x0000000084200000|100%| O|  |TAMS 0x0000000084200000, 0x0000000084200000| Untracked 
|  66|0x0000000084200000, 0x0000000084300000, 0x0000000084300000|100%| O|  |TAMS 0x0000000084300000, 0x0000000084300000| Untracked 
|  67|0x0000000084300000, 0x0000000084400000, 0x0000000084400000|100%| O|  |TAMS 0x0000000084400000, 0x0000000084400000| Untracked 
|  68|0x0000000084400000, 0x0000000084500000, 0x0000000084500000|100%| O|  |TAMS 0x0000000084500000, 0x0000000084500000| Untracked 
|  69|0x0000000084500000, 0x0000000084600000, 0x0000000084600000|100%| O|  |TAMS 0x0000000084600000, 0x0000000084600000| Untracked 
|  70|0x0000000084600000, 0x0000000084700000, 0x0000000084700000|100%| O|  |TAMS 0x0000000084700000, 0x0000000084700000| Untracked 
|  71|0x0000000084700000, 0x0000000084800000, 0x0000000084800000|100%| O|  |TAMS 0x0000000084800000, 0x0000000084800000| Untracked 
|  72|0x0000000084800000, 0x0000000084900000, 0x0000000084900000|100%| O|  |TAMS 0x0000000084900000, 0x0000000084900000| Untracked 
|  73|0x0000000084900000, 0x0000000084a00000, 0x0000000084a00000|100%| O|  |TAMS 0x0000000084a00000, 0x0000000084a00000| Untracked 
|  74|0x0000000084a00000, 0x0000000084b00000, 0x0000000084b00000|100%| O|  |TAMS 0x0000000084b00000, 0x0000000084b00000| Untracked 
|  75|0x0000000084b00000, 0x0000000084c00000, 0x0000000084c00000|100%| O|  |TAMS 0x0000000084c00000, 0x0000000084c00000| Untracked 
|  76|0x0000000084c00000, 0x0000000084d00000, 0x0000000084d00000|100%| O|  |TAMS 0x0000000084d00000, 0x0000000084d00000| Untracked 
|  77|0x0000000084d00000, 0x0000000084e00000, 0x0000000084e00000|100%| O|  |TAMS 0x0000000084e00000, 0x0000000084e00000| Untracked 
|  78|0x0000000084e00000, 0x0000000084f00000, 0x0000000084f00000|100%| O|  |TAMS 0x0000000084f00000, 0x0000000084f00000| Untracked 
|  79|0x0000000084f00000, 0x0000000085000000, 0x0000000085000000|100%| O|  |TAMS 0x0000000085000000, 0x0000000085000000| Untracked 
|  80|0x0000000085000000, 0x0000000085100000, 0x0000000085100000|100%| O|  |TAMS 0x0000000085100000, 0x0000000085100000| Untracked 
|  81|0x0000000085100000, 0x0000000085200000, 0x0000000085200000|100%|HS|  |TAMS 0x0000000085200000, 0x0000000085200000| Complete 
|  82|0x0000000085200000, 0x0000000085300000, 0x0000000085300000|100%|HC|  |TAMS 0x0000000085300000, 0x0000000085300000| Complete 
|  83|0x0000000085300000, 0x0000000085400000, 0x0000000085400000|100%| O|  |TAMS 0x0000000085400000, 0x0000000085400000| Untracked 
|  84|0x0000000085400000, 0x0000000085500000, 0x0000000085500000|100%| O|  |TAMS 0x0000000085500000, 0x0000000085500000| Untracked 
|  85|0x0000000085500000, 0x0000000085600000, 0x0000000085600000|100%| O|  |TAMS 0x0000000085600000, 0x0000000085600000| Untracked 
|  86|0x0000000085600000, 0x0000000085700000, 0x0000000085700000|100%| O|  |TAMS 0x0000000085700000, 0x0000000085700000| Untracked 
|  87|0x0000000085700000, 0x0000000085800000, 0x0000000085800000|100%| O|  |TAMS 0x0000000085800000, 0x0000000085800000| Untracked 
|  88|0x0000000085800000, 0x0000000085900000, 0x0000000085900000|100%| O|  |TAMS 0x0000000085900000, 0x0000000085900000| Untracked 
|  89|0x0000000085900000, 0x0000000085a00000, 0x0000000085a00000|100%| O|  |TAMS 0x0000000085a00000, 0x0000000085a00000| Untracked 
|  90|0x0000000085a00000, 0x0000000085b00000, 0x0000000085b00000|100%| O|  |TAMS 0x0000000085b00000, 0x0000000085b00000| Untracked 
|  91|0x0000000085b00000, 0x0000000085c00000, 0x0000000085c00000|100%| O|  |TAMS 0x0000000085c00000, 0x0000000085c00000| Untracked 
|  92|0x0000000085c00000, 0x0000000085d00000, 0x0000000085d00000|100%|HS|  |TAMS 0x0000000085d00000, 0x0000000085d00000| Complete 
|  93|0x0000000085d00000, 0x0000000085e00000, 0x0000000085e00000|100%| O|  |TAMS 0x0000000085e00000, 0x0000000085e00000| Untracked 
|  94|0x0000000085e00000, 0x0000000085f00000, 0x0000000085f00000|100%| O|  |TAMS 0x0000000085f00000, 0x0000000085f00000| Untracked 
|  95|0x0000000085f00000, 0x0000000086000000, 0x0000000086000000|100%| O|  |TAMS 0x0000000086000000, 0x0000000086000000| Untracked 
|  96|0x0000000086000000, 0x0000000086100000, 0x0000000086100000|100%| O|  |TAMS 0x0000000086100000, 0x0000000086100000| Untracked 
|  97|0x0000000086100000, 0x0000000086200000, 0x0000000086200000|100%| O|  |TAMS 0x0000000086200000, 0x0000000086200000| Untracked 
|  98|0x0000000086200000, 0x0000000086300000, 0x0000000086300000|100%| O|  |TAMS 0x0000000086300000, 0x0000000086300000| Untracked 
|  99|0x0000000086300000, 0x0000000086400000, 0x0000000086400000|100%| O|  |TAMS 0x0000000086400000, 0x0000000086400000| Untracked 
| 100|0x0000000086400000, 0x0000000086500000, 0x0000000086500000|100%| O|  |TAMS 0x0000000086500000, 0x0000000086500000| Untracked 
| 101|0x0000000086500000, 0x0000000086600000, 0x0000000086600000|100%| O|  |TAMS 0x0000000086600000, 0x0000000086600000| Untracked 
| 102|0x0000000086600000, 0x0000000086700000, 0x0000000086700000|100%| O|  |TAMS 0x0000000086700000, 0x0000000086700000| Untracked 
| 103|0x0000000086700000, 0x0000000086800000, 0x0000000086800000|100%| O|  |TAMS 0x0000000086800000, 0x0000000086800000| Untracked 
| 104|0x0000000086800000, 0x0000000086900000, 0x0000000086900000|100%| O|  |TAMS 0x0000000086900000, 0x0000000086900000| Untracked 
| 105|0x0000000086900000, 0x0000000086a00000, 0x0000000086a00000|100%| O|  |TAMS 0x0000000086a00000, 0x0000000086a00000| Untracked 
| 106|0x0000000086a00000, 0x0000000086b00000, 0x0000000086b00000|100%| O|  |TAMS 0x0000000086b00000, 0x0000000086b00000| Untracked 
| 107|0x0000000086b00000, 0x0000000086c00000, 0x0000000086c00000|100%| O|  |TAMS 0x0000000086c00000, 0x0000000086c00000| Untracked 
| 108|0x0000000086c00000, 0x0000000086d00000, 0x0000000086d00000|100%| O|  |TAMS 0x0000000086d00000, 0x0000000086d00000| Untracked 
| 109|0x0000000086d00000, 0x0000000086e00000, 0x0000000086e00000|100%| O|  |TAMS 0x0000000086e00000, 0x0000000086e00000| Untracked 
| 110|0x0000000086e00000, 0x0000000086f00000, 0x0000000086f00000|100%| O|  |TAMS 0x0000000086f00000, 0x0000000086f00000| Untracked 
| 111|0x0000000086f00000, 0x0000000087000000, 0x0000000087000000|100%| O|  |TAMS 0x0000000087000000, 0x0000000087000000| Untracked 
| 112|0x0000000087000000, 0x0000000087100000, 0x0000000087100000|100%| O|  |TAMS 0x0000000087100000, 0x0000000087100000| Untracked 
| 113|0x0000000087100000, 0x0000000087200000, 0x0000000087200000|100%| O|  |TAMS 0x0000000087200000, 0x0000000087200000| Untracked 
| 114|0x0000000087200000, 0x0000000087300000, 0x0000000087300000|100%| O|  |TAMS 0x0000000087300000, 0x0000000087300000| Untracked 
| 115|0x0000000087300000, 0x0000000087400000, 0x0000000087400000|100%| O|  |TAMS 0x0000000087400000, 0x0000000087400000| Untracked 
| 116|0x0000000087400000, 0x0000000087500000, 0x0000000087500000|100%| O|  |TAMS 0x0000000087500000, 0x0000000087500000| Untracked 
| 117|0x0000000087500000, 0x0000000087600000, 0x0000000087600000|100%| O|  |TAMS 0x0000000087600000, 0x0000000087600000| Untracked 
| 118|0x0000000087600000, 0x0000000087700000, 0x0000000087700000|100%| O|  |TAMS 0x0000000087700000, 0x0000000087700000| Untracked 
| 119|0x0000000087700000, 0x0000000087800000, 0x0000000087800000|100%| O|  |TAMS 0x0000000087800000, 0x0000000087800000| Untracked 
| 120|0x0000000087800000, 0x0000000087900000, 0x0000000087900000|100%| O|  |TAMS 0x0000000087900000, 0x0000000087900000| Untracked 
| 121|0x0000000087900000, 0x0000000087a00000, 0x0000000087a00000|100%| O|  |TAMS 0x0000000087a00000, 0x0000000087a00000| Untracked 
| 122|0x0000000087a00000, 0x0000000087b00000, 0x0000000087b00000|100%| O|  |TAMS 0x0000000087b00000, 0x0000000087b00000| Untracked 
| 123|0x0000000087b00000, 0x0000000087c00000, 0x0000000087c00000|100%| O|  |TAMS 0x0000000087c00000, 0x0000000087c00000| Untracked 
| 124|0x0000000087c00000, 0x0000000087d00000, 0x0000000087d00000|100%| O|  |TAMS 0x0000000087d00000, 0x0000000087d00000| Untracked 
| 125|0x0000000087d00000, 0x0000000087e00000, 0x0000000087e00000|100%| O|  |TAMS 0x0000000087e00000, 0x0000000087e00000| Untracked 
| 126|0x0000000087e00000, 0x0000000087f00000, 0x0000000087f00000|100%| O|  |TAMS 0x0000000087f00000, 0x0000000087f00000| Untracked 
| 127|0x0000000087f00000, 0x0000000088000000, 0x0000000088000000|100%| O|  |TAMS 0x0000000088000000, 0x0000000088000000| Untracked 
| 128|0x0000000088000000, 0x0000000088100000, 0x0000000088100000|100%| O|  |TAMS 0x0000000088100000, 0x0000000088100000| Untracked 
| 129|0x0000000088100000, 0x0000000088200000, 0x0000000088200000|100%| O|  |TAMS 0x0000000088200000, 0x0000000088200000| Untracked 
| 130|0x0000000088200000, 0x0000000088300000, 0x0000000088300000|100%| O|  |TAMS 0x0000000088300000, 0x0000000088300000| Untracked 
| 131|0x0000000088300000, 0x0000000088400000, 0x0000000088400000|100%| O|  |TAMS 0x0000000088400000, 0x0000000088400000| Untracked 
| 132|0x0000000088400000, 0x0000000088500000, 0x0000000088500000|100%| O|  |TAMS 0x0000000088500000, 0x0000000088500000| Untracked 
| 133|0x0000000088500000, 0x0000000088600000, 0x0000000088600000|100%| O|  |TAMS 0x0000000088600000, 0x0000000088600000| Untracked 
| 134|0x0000000088600000, 0x0000000088700000, 0x0000000088700000|100%| O|  |TAMS 0x0000000088700000, 0x0000000088700000| Untracked 
| 135|0x0000000088700000, 0x0000000088800000, 0x0000000088800000|100%| O|  |TAMS 0x0000000088800000, 0x0000000088800000| Untracked 
| 136|0x0000000088800000, 0x0000000088900000, 0x0000000088900000|100%| O|  |TAMS 0x0000000088900000, 0x0000000088900000| Untracked 
| 137|0x0000000088900000, 0x0000000088a00000, 0x0000000088a00000|100%| O|  |TAMS 0x0000000088a00000, 0x0000000088a00000| Untracked 
| 138|0x0000000088a00000, 0x0000000088b00000, 0x0000000088b00000|100%| O|  |TAMS 0x0000000088b00000, 0x0000000088b00000| Untracked 
| 139|0x0000000088b00000, 0x0000000088c00000, 0x0000000088c00000|100%| O|  |TAMS 0x0000000088c00000, 0x0000000088c00000| Untracked 
| 140|0x0000000088c00000, 0x0000000088d00000, 0x0000000088d00000|100%| O|  |TAMS 0x0000000088d00000, 0x0000000088d00000| Untracked 
| 141|0x0000000088d00000, 0x0000000088e00000, 0x0000000088e00000|100%| O|  |TAMS 0x0000000088e00000, 0x0000000088e00000| Untracked 
| 142|0x0000000088e00000, 0x0000000088f00000, 0x0000000088f00000|100%| O|  |TAMS 0x0000000088ed6800, 0x0000000088f00000| Untracked 
| 143|0x0000000088f00000, 0x0000000089000000, 0x0000000089000000|100%| O|  |TAMS 0x0000000088f00000, 0x0000000089000000| Untracked 
| 144|0x0000000089000000, 0x0000000089100000, 0x0000000089100000|100%| O|  |TAMS 0x0000000089000000, 0x0000000089100000| Untracked 
| 145|0x0000000089100000, 0x0000000089200000, 0x0000000089200000|100%| O|  |TAMS 0x0000000089100000, 0x0000000089200000| Untracked 
| 146|0x0000000089200000, 0x0000000089300000, 0x0000000089300000|100%| O|  |TAMS 0x0000000089200000, 0x0000000089300000| Untracked 
| 147|0x0000000089300000, 0x0000000089400000, 0x0000000089400000|100%| O|  |TAMS 0x0000000089300000, 0x0000000089400000| Untracked 
| 148|0x0000000089400000, 0x0000000089500000, 0x0000000089500000|100%| O|  |TAMS 0x0000000089400000, 0x0000000089500000| Untracked 
| 149|0x0000000089500000, 0x0000000089600000, 0x0000000089600000|100%| O|  |TAMS 0x0000000089500000, 0x0000000089600000| Untracked 
| 150|0x0000000089600000, 0x0000000089700000, 0x0000000089700000|100%| O|  |TAMS 0x0000000089600000, 0x0000000089700000| Untracked 
| 151|0x0000000089700000, 0x0000000089800000, 0x0000000089800000|100%| O|  |TAMS 0x0000000089700000, 0x0000000089800000| Untracked 
| 152|0x0000000089800000, 0x0000000089900000, 0x0000000089900000|100%| O|  |TAMS 0x0000000089800000, 0x0000000089900000| Untracked 
| 153|0x0000000089900000, 0x0000000089a00000, 0x0000000089a00000|100%| O|  |TAMS 0x0000000089900000, 0x0000000089a00000| Untracked 
| 154|0x0000000089a00000, 0x0000000089b00000, 0x0000000089b00000|100%| O|  |TAMS 0x0000000089a00000, 0x0000000089b00000| Untracked 
| 155|0x0000000089b00000, 0x0000000089c00000, 0x0000000089c00000|100%| O|  |TAMS 0x0000000089b00000, 0x0000000089c00000| Untracked 
| 156|0x0000000089c00000, 0x0000000089d00000, 0x0000000089d00000|100%| O|  |TAMS 0x0000000089c00000, 0x0000000089d00000| Untracked 
| 157|0x0000000089d00000, 0x0000000089e00000, 0x0000000089e00000|100%| O|  |TAMS 0x0000000089d00000, 0x0000000089e00000| Untracked 
| 158|0x0000000089e00000, 0x0000000089f00000, 0x0000000089f00000|100%| O|  |TAMS 0x0000000089e00000, 0x0000000089f00000| Untracked 
| 159|0x0000000089f00000, 0x000000008a000000, 0x000000008a000000|100%| O|  |TAMS 0x0000000089f00000, 0x000000008a000000| Untracked 
| 160|0x000000008a000000, 0x000000008a100000, 0x000000008a100000|100%| O|  |TAMS 0x000000008a000000, 0x000000008a100000| Untracked 
| 161|0x000000008a100000, 0x000000008a200000, 0x000000008a200000|100%| O|  |TAMS 0x000000008a100000, 0x000000008a200000| Untracked 
| 162|0x000000008a200000, 0x000000008a300000, 0x000000008a300000|100%| O|  |TAMS 0x000000008a200000, 0x000000008a300000| Untracked 
| 163|0x000000008a300000, 0x000000008a400000, 0x000000008a400000|100%| O|  |TAMS 0x000000008a300000, 0x000000008a400000| Untracked 
| 164|0x000000008a400000, 0x000000008a500000, 0x000000008a500000|100%| O|  |TAMS 0x000000008a400000, 0x000000008a500000| Untracked 
| 165|0x000000008a500000, 0x000000008a600000, 0x000000008a600000|100%| O|  |TAMS 0x000000008a500000, 0x000000008a600000| Untracked 
| 166|0x000000008a600000, 0x000000008a700000, 0x000000008a700000|100%| O|  |TAMS 0x000000008a600000, 0x000000008a700000| Untracked 
| 167|0x000000008a700000, 0x000000008a800000, 0x000000008a800000|100%| O|  |TAMS 0x000000008a700000, 0x000000008a800000| Untracked 
| 168|0x000000008a800000, 0x000000008a900000, 0x000000008a900000|100%| O|  |TAMS 0x000000008a800000, 0x000000008a896e00| Untracked 
| 169|0x000000008a900000, 0x000000008aa00000, 0x000000008aa00000|100%| O|  |TAMS 0x000000008a900000, 0x000000008a900000| Untracked 
| 170|0x000000008aa00000, 0x000000008ab00000, 0x000000008ab00000|100%| O|  |TAMS 0x000000008aa00000, 0x000000008aa00000| Untracked 
| 171|0x000000008ab00000, 0x000000008ac00000, 0x000000008ac00000|100%| O|  |TAMS 0x000000008ab00000, 0x000000008ab00000| Untracked 
| 172|0x000000008ac00000, 0x000000008ad00000, 0x000000008ad00000|100%| O|  |TAMS 0x000000008ac00000, 0x000000008ac00000| Untracked 
| 173|0x000000008ad00000, 0x000000008ae00000, 0x000000008ae00000|100%| O|  |TAMS 0x000000008ad00000, 0x000000008ad00000| Untracked 
| 174|0x000000008ae00000, 0x000000008af00000, 0x000000008af00000|100%| O|  |TAMS 0x000000008ae00000, 0x000000008ae00000| Untracked 
| 175|0x000000008af00000, 0x000000008b000000, 0x000000008b000000|100%| O|  |TAMS 0x000000008af00000, 0x000000008af00000| Untracked 
| 176|0x000000008b000000, 0x000000008b100000, 0x000000008b100000|100%| O|  |TAMS 0x000000008b000000, 0x000000008b000000| Untracked 
| 177|0x000000008b100000, 0x000000008b200000, 0x000000008b200000|100%| O|  |TAMS 0x000000008b100000, 0x000000008b100000| Untracked 
| 178|0x000000008b200000, 0x000000008b300000, 0x000000008b300000|100%| O|  |TAMS 0x000000008b200000, 0x000000008b200000| Untracked 
| 179|0x000000008b300000, 0x000000008b300000, 0x000000008b400000|  0%| F|  |TAMS 0x000000008b300000, 0x000000008b300000| Untracked 
| 180|0x000000008b400000, 0x000000008b400000, 0x000000008b500000|  0%| F|  |TAMS 0x000000008b400000, 0x000000008b400000| Untracked 
| 181|0x000000008b500000, 0x000000008b500000, 0x000000008b600000|  0%| F|  |TAMS 0x000000008b500000, 0x000000008b500000| Untracked 
| 182|0x000000008b600000, 0x000000008b600000, 0x000000008b700000|  0%| F|  |TAMS 0x000000008b600000, 0x000000008b600000| Untracked 
| 183|0x000000008b700000, 0x000000008b700000, 0x000000008b800000|  0%| F|  |TAMS 0x000000008b700000, 0x000000008b700000| Untracked 
| 184|0x000000008b800000, 0x000000008b800000, 0x000000008b900000|  0%| F|  |TAMS 0x000000008b800000, 0x000000008b800000| Untracked 
| 185|0x000000008b900000, 0x000000008b900000, 0x000000008ba00000|  0%| F|  |TAMS 0x000000008b900000, 0x000000008b900000| Untracked 
| 186|0x000000008ba00000, 0x000000008ba00000, 0x000000008bb00000|  0%| F|  |TAMS 0x000000008ba00000, 0x000000008ba00000| Untracked 
| 187|0x000000008bb00000, 0x000000008bb00000, 0x000000008bc00000|  0%| F|  |TAMS 0x000000008bb00000, 0x000000008bb00000| Untracked 
| 188|0x000000008bc00000, 0x000000008bc00000, 0x000000008bd00000|  0%| F|  |TAMS 0x000000008bc00000, 0x000000008bc00000| Untracked 
| 189|0x000000008bd00000, 0x000000008bd00000, 0x000000008be00000|  0%| F|  |TAMS 0x000000008bd00000, 0x000000008bd00000| Untracked 
| 190|0x000000008be00000, 0x000000008be00000, 0x000000008bf00000|  0%| F|  |TAMS 0x000000008be00000, 0x000000008be00000| Untracked 
| 191|0x000000008bf00000, 0x000000008bf00000, 0x000000008c000000|  0%| F|  |TAMS 0x000000008bf00000, 0x000000008bf00000| Untracked 
| 192|0x000000008c000000, 0x000000008c000000, 0x000000008c100000|  0%| F|  |TAMS 0x000000008c000000, 0x000000008c000000| Untracked 
| 193|0x000000008c100000, 0x000000008c100000, 0x000000008c200000|  0%| F|  |TAMS 0x000000008c100000, 0x000000008c100000| Untracked 
| 194|0x000000008c200000, 0x000000008c200000, 0x000000008c300000|  0%| F|  |TAMS 0x000000008c200000, 0x000000008c200000| Untracked 
| 195|0x000000008c300000, 0x000000008c300000, 0x000000008c400000|  0%| F|  |TAMS 0x000000008c300000, 0x000000008c300000| Untracked 
| 196|0x000000008c400000, 0x000000008c400000, 0x000000008c500000|  0%| F|  |TAMS 0x000000008c400000, 0x000000008c400000| Untracked 
| 197|0x000000008c500000, 0x000000008c500000, 0x000000008c600000|  0%| F|  |TAMS 0x000000008c500000, 0x000000008c500000| Untracked 
| 198|0x000000008c600000, 0x000000008c600000, 0x000000008c700000|  0%| F|  |TAMS 0x000000008c600000, 0x000000008c600000| Untracked 
| 199|0x000000008c700000, 0x000000008c700000, 0x000000008c800000|  0%| F|  |TAMS 0x000000008c700000, 0x000000008c700000| Untracked 
| 200|0x000000008c800000, 0x000000008c800000, 0x000000008c900000|  0%| F|  |TAMS 0x000000008c800000, 0x000000008c800000| Untracked 
| 201|0x000000008c900000, 0x000000008c900000, 0x000000008ca00000|  0%| F|  |TAMS 0x000000008c900000, 0x000000008c900000| Untracked 
| 202|0x000000008ca00000, 0x000000008ca00000, 0x000000008cb00000|  0%| F|  |TAMS 0x000000008ca00000, 0x000000008ca00000| Untracked 
| 203|0x000000008cb00000, 0x000000008cb00000, 0x000000008cc00000|  0%| F|  |TAMS 0x000000008cb00000, 0x000000008cb00000| Untracked 
| 204|0x000000008cc00000, 0x000000008cc00000, 0x000000008cd00000|  0%| F|  |TAMS 0x000000008cc00000, 0x000000008cc00000| Untracked 
| 205|0x000000008cd00000, 0x000000008cd00000, 0x000000008ce00000|  0%| F|  |TAMS 0x000000008cd00000, 0x000000008cd00000| Untracked 
| 206|0x000000008ce00000, 0x000000008ce00000, 0x000000008cf00000|  0%| F|  |TAMS 0x000000008ce00000, 0x000000008ce00000| Untracked 
| 207|0x000000008cf00000, 0x000000008cf00000, 0x000000008d000000|  0%| F|  |TAMS 0x000000008cf00000, 0x000000008cf00000| Untracked 
| 208|0x000000008d000000, 0x000000008d000000, 0x000000008d100000|  0%| F|  |TAMS 0x000000008d000000, 0x000000008d000000| Untracked 
| 209|0x000000008d100000, 0x000000008d100000, 0x000000008d200000|  0%| F|  |TAMS 0x000000008d100000, 0x000000008d100000| Untracked 
| 210|0x000000008d200000, 0x000000008d200000, 0x000000008d300000|  0%| F|  |TAMS 0x000000008d200000, 0x000000008d200000| Untracked 
| 211|0x000000008d300000, 0x000000008d300000, 0x000000008d400000|  0%| F|  |TAMS 0x000000008d300000, 0x000000008d300000| Untracked 
| 212|0x000000008d400000, 0x000000008d400000, 0x000000008d500000|  0%| F|  |TAMS 0x000000008d400000, 0x000000008d400000| Untracked 
| 213|0x000000008d500000, 0x000000008d500000, 0x000000008d600000|  0%| F|  |TAMS 0x000000008d500000, 0x000000008d500000| Untracked 
| 214|0x000000008d600000, 0x000000008d600000, 0x000000008d700000|  0%| F|  |TAMS 0x000000008d600000, 0x000000008d600000| Untracked 
| 215|0x000000008d700000, 0x000000008d700000, 0x000000008d800000|  0%| F|  |TAMS 0x000000008d700000, 0x000000008d700000| Untracked 
| 216|0x000000008d800000, 0x000000008d800000, 0x000000008d900000|  0%| F|  |TAMS 0x000000008d800000, 0x000000008d800000| Untracked 
| 217|0x000000008d900000, 0x000000008d900000, 0x000000008da00000|  0%| F|  |TAMS 0x000000008d900000, 0x000000008d900000| Untracked 
| 218|0x000000008da00000, 0x000000008da00000, 0x000000008db00000|  0%| F|  |TAMS 0x000000008da00000, 0x000000008da00000| Untracked 
| 219|0x000000008db00000, 0x000000008db00000, 0x000000008dc00000|  0%| F|  |TAMS 0x000000008db00000, 0x000000008db00000| Untracked 
| 220|0x000000008dc00000, 0x000000008dc00000, 0x000000008dd00000|  0%| F|  |TAMS 0x000000008dc00000, 0x000000008dc00000| Untracked 
| 221|0x000000008dd00000, 0x000000008dd00000, 0x000000008de00000|  0%| F|  |TAMS 0x000000008dd00000, 0x000000008dd00000| Untracked 
| 222|0x000000008de00000, 0x000000008de00000, 0x000000008df00000|  0%| F|  |TAMS 0x000000008de00000, 0x000000008de00000| Untracked 
| 223|0x000000008df00000, 0x000000008df00000, 0x000000008e000000|  0%| F|  |TAMS 0x000000008df00000, 0x000000008df00000| Untracked 
| 224|0x000000008e000000, 0x000000008e000000, 0x000000008e100000|  0%| F|  |TAMS 0x000000008e000000, 0x000000008e000000| Untracked 
| 225|0x000000008e100000, 0x000000008e100000, 0x000000008e200000|  0%| F|  |TAMS 0x000000008e100000, 0x000000008e100000| Untracked 
| 226|0x000000008e200000, 0x000000008e200000, 0x000000008e300000|  0%| F|  |TAMS 0x000000008e200000, 0x000000008e200000| Untracked 
| 227|0x000000008e300000, 0x000000008e400000, 0x000000008e400000|100%| S|CS|TAMS 0x000000008e300000, 0x000000008e300000| Complete 
| 228|0x000000008e400000, 0x000000008e500000, 0x000000008e500000|100%| S|CS|TAMS 0x000000008e400000, 0x000000008e400000| Complete 
| 229|0x000000008e500000, 0x000000008e600000, 0x000000008e600000|100%| S|CS|TAMS 0x000000008e500000, 0x000000008e500000| Complete 
| 230|0x000000008e600000, 0x000000008e700000, 0x000000008e700000|100%| S|CS|TAMS 0x000000008e600000, 0x000000008e600000| Complete 
| 231|0x000000008e700000, 0x000000008e800000, 0x000000008e800000|100%| S|CS|TAMS 0x000000008e700000, 0x000000008e700000| Complete 
| 232|0x000000008e800000, 0x000000008e800000, 0x000000008e900000|  0%| F|  |TAMS 0x000000008e800000, 0x000000008e800000| Untracked 
| 233|0x000000008e900000, 0x000000008e900000, 0x000000008ea00000|  0%| F|  |TAMS 0x000000008e900000, 0x000000008e900000| Untracked 
| 234|0x000000008ea00000, 0x000000008ea00000, 0x000000008eb00000|  0%| F|  |TAMS 0x000000008ea00000, 0x000000008ea00000| Untracked 
| 235|0x000000008eb00000, 0x000000008eb00000, 0x000000008ec00000|  0%| F|  |TAMS 0x000000008eb00000, 0x000000008eb00000| Untracked 
| 236|0x000000008ec00000, 0x000000008ec00000, 0x000000008ed00000|  0%| F|  |TAMS 0x000000008ec00000, 0x000000008ec00000| Untracked 
| 237|0x000000008ed00000, 0x000000008ed00000, 0x000000008ee00000|  0%| F|  |TAMS 0x000000008ed00000, 0x000000008ed00000| Untracked 
| 238|0x000000008ee00000, 0x000000008ee00000, 0x000000008ef00000|  0%| F|  |TAMS 0x000000008ee00000, 0x000000008ee00000| Untracked 
| 239|0x000000008ef00000, 0x000000008f000000, 0x000000008f000000|100%| S|CS|TAMS 0x000000008ef00000, 0x000000008ef00000| Complete 
| 240|0x000000008f000000, 0x000000008f000000, 0x000000008f100000|  0%| F|  |TAMS 0x000000008f000000, 0x000000008f000000| Untracked 
| 241|0x000000008f100000, 0x000000008f200000, 0x000000008f200000|100%| S|CS|TAMS 0x000000008f100000, 0x000000008f100000| Complete 
| 242|0x000000008f200000, 0x000000008f200000, 0x000000008f300000|  0%| F|  |TAMS 0x000000008f200000, 0x000000008f200000| Untracked 
| 243|0x000000008f300000, 0x000000008f300000, 0x000000008f400000|  0%| F|  |TAMS 0x000000008f300000, 0x000000008f300000| Untracked 
| 244|0x000000008f400000, 0x000000008f400000, 0x000000008f500000|  0%| F|  |TAMS 0x000000008f400000, 0x000000008f400000| Untracked 
| 245|0x000000008f500000, 0x000000008f500000, 0x000000008f600000|  0%| F|  |TAMS 0x000000008f500000, 0x000000008f500000| Untracked 
| 246|0x000000008f600000, 0x000000008f600000, 0x000000008f700000|  0%| F|  |TAMS 0x000000008f600000, 0x000000008f600000| Untracked 
| 247|0x000000008f700000, 0x000000008f700000, 0x000000008f800000|  0%| F|  |TAMS 0x000000008f700000, 0x000000008f700000| Untracked 
| 248|0x000000008f800000, 0x000000008f800000, 0x000000008f900000|  0%| F|  |TAMS 0x000000008f800000, 0x000000008f800000| Untracked 
| 249|0x000000008f900000, 0x000000008f900000, 0x000000008fa00000|  0%| F|  |TAMS 0x000000008f900000, 0x000000008f900000| Untracked 
| 250|0x000000008fa00000, 0x000000008fa00000, 0x000000008fb00000|  0%| F|  |TAMS 0x000000008fa00000, 0x000000008fa00000| Untracked 
| 251|0x000000008fb00000, 0x000000008fb00000, 0x000000008fc00000|  0%| F|  |TAMS 0x000000008fb00000, 0x000000008fb00000| Untracked 
| 252|0x000000008fc00000, 0x000000008fc00000, 0x000000008fd00000|  0%| F|  |TAMS 0x000000008fc00000, 0x000000008fc00000| Untracked 
| 253|0x000000008fd00000, 0x000000008fd00000, 0x000000008fe00000|  0%| F|  |TAMS 0x000000008fd00000, 0x000000008fd00000| Untracked 
| 254|0x000000008fe00000, 0x000000008fe00000, 0x000000008ff00000|  0%| F|  |TAMS 0x000000008fe00000, 0x000000008fe00000| Untracked 
| 255|0x000000008ff00000, 0x000000008ff00000, 0x0000000090000000|  0%| F|  |TAMS 0x000000008ff00000, 0x000000008ff00000| Untracked 
| 256|0x0000000090000000, 0x0000000090000000, 0x0000000090100000|  0%| F|  |TAMS 0x0000000090000000, 0x0000000090000000| Untracked 
| 257|0x0000000090100000, 0x0000000090100000, 0x0000000090200000|  0%| F|  |TAMS 0x0000000090100000, 0x0000000090100000| Untracked 
| 258|0x0000000090200000, 0x0000000090200000, 0x0000000090300000|  0%| F|  |TAMS 0x0000000090200000, 0x0000000090200000| Untracked 
| 259|0x0000000090300000, 0x0000000090300000, 0x0000000090400000|  0%| F|  |TAMS 0x0000000090300000, 0x0000000090300000| Untracked 
| 260|0x0000000090400000, 0x0000000090400000, 0x0000000090500000|  0%| F|  |TAMS 0x0000000090400000, 0x0000000090400000| Untracked 
| 261|0x0000000090500000, 0x0000000090500000, 0x0000000090600000|  0%| F|  |TAMS 0x0000000090500000, 0x0000000090500000| Untracked 
| 262|0x0000000090600000, 0x0000000090600000, 0x0000000090700000|  0%| F|  |TAMS 0x0000000090600000, 0x0000000090600000| Untracked 
| 263|0x0000000090700000, 0x0000000090700000, 0x0000000090800000|  0%| F|  |TAMS 0x0000000090700000, 0x0000000090700000| Untracked 
| 264|0x0000000090800000, 0x0000000090800000, 0x0000000090900000|  0%| F|  |TAMS 0x0000000090800000, 0x0000000090800000| Untracked 
| 265|0x0000000090900000, 0x0000000090900000, 0x0000000090a00000|  0%| F|  |TAMS 0x0000000090900000, 0x0000000090900000| Untracked 
| 266|0x0000000090a00000, 0x0000000090a00000, 0x0000000090b00000|  0%| F|  |TAMS 0x0000000090a00000, 0x0000000090a00000| Untracked 
| 267|0x0000000090b00000, 0x0000000090b00000, 0x0000000090c00000|  0%| F|  |TAMS 0x0000000090b00000, 0x0000000090b00000| Untracked 
| 268|0x0000000090c00000, 0x0000000090c00000, 0x0000000090d00000|  0%| F|  |TAMS 0x0000000090c00000, 0x0000000090c00000| Untracked 
| 269|0x0000000090d00000, 0x0000000090d00000, 0x0000000090e00000|  0%| F|  |TAMS 0x0000000090d00000, 0x0000000090d00000| Untracked 
| 270|0x0000000090e00000, 0x0000000090e00000, 0x0000000090f00000|  0%| F|  |TAMS 0x0000000090e00000, 0x0000000090e00000| Untracked 
| 271|0x0000000090f00000, 0x0000000090f00000, 0x0000000091000000|  0%| F|  |TAMS 0x0000000090f00000, 0x0000000090f00000| Untracked 
| 272|0x0000000091000000, 0x0000000091000000, 0x0000000091100000|  0%| F|  |TAMS 0x0000000091000000, 0x0000000091000000| Untracked 
| 273|0x0000000091100000, 0x0000000091100000, 0x0000000091200000|  0%| F|  |TAMS 0x0000000091100000, 0x0000000091100000| Untracked 
| 274|0x0000000091200000, 0x0000000091200000, 0x0000000091300000|  0%| F|  |TAMS 0x0000000091200000, 0x0000000091200000| Untracked 
| 275|0x0000000091300000, 0x0000000091300000, 0x0000000091400000|  0%| F|  |TAMS 0x0000000091300000, 0x0000000091300000| Untracked 
| 276|0x0000000091400000, 0x0000000091400000, 0x0000000091500000|  0%| F|  |TAMS 0x0000000091400000, 0x0000000091400000| Untracked 
| 277|0x0000000091500000, 0x0000000091500000, 0x0000000091600000|  0%| F|  |TAMS 0x0000000091500000, 0x0000000091500000| Untracked 
| 278|0x0000000091600000, 0x0000000091600000, 0x0000000091700000|  0%| F|  |TAMS 0x0000000091600000, 0x0000000091600000| Untracked 
| 279|0x0000000091700000, 0x0000000091700000, 0x0000000091800000|  0%| F|  |TAMS 0x0000000091700000, 0x0000000091700000| Untracked 
| 280|0x0000000091800000, 0x0000000091800000, 0x0000000091900000|  0%| F|  |TAMS 0x0000000091800000, 0x0000000091800000| Untracked 
| 281|0x0000000091900000, 0x0000000091900000, 0x0000000091a00000|  0%| F|  |TAMS 0x0000000091900000, 0x0000000091900000| Untracked 
| 282|0x0000000091a00000, 0x0000000091a00000, 0x0000000091b00000|  0%| F|  |TAMS 0x0000000091a00000, 0x0000000091a00000| Untracked 
| 283|0x0000000091b00000, 0x0000000091b00000, 0x0000000091c00000|  0%| F|  |TAMS 0x0000000091b00000, 0x0000000091b00000| Untracked 
| 284|0x0000000091c00000, 0x0000000091c00000, 0x0000000091d00000|  0%| F|  |TAMS 0x0000000091c00000, 0x0000000091c00000| Untracked 
| 285|0x0000000091d00000, 0x0000000091d00000, 0x0000000091e00000|  0%| F|  |TAMS 0x0000000091d00000, 0x0000000091d00000| Untracked 
| 286|0x0000000091e00000, 0x0000000091e00000, 0x0000000091f00000|  0%| F|  |TAMS 0x0000000091e00000, 0x0000000091e00000| Untracked 
| 287|0x0000000091f00000, 0x0000000091f00000, 0x0000000092000000|  0%| F|  |TAMS 0x0000000091f00000, 0x0000000091f00000| Untracked 
| 288|0x0000000092000000, 0x0000000092000000, 0x0000000092100000|  0%| F|  |TAMS 0x0000000092000000, 0x0000000092000000| Untracked 
| 289|0x0000000092100000, 0x0000000092100000, 0x0000000092200000|  0%| F|  |TAMS 0x0000000092100000, 0x0000000092100000| Untracked 

Card table byte_map: [0x0000019c2f400000,0x0000019c2f800000] _byte_map_base: 0x0000019c2f000000

Marking Bits (Prev, Next): (CMBitMap*) 0x0000019c1c22d768, (CMBitMap*) 0x0000019c1c22d7a0
 Prev Bits: [0x0000019c2fc00000, 0x0000019c31c00000)
 Next Bits: [0x0000019c31c00000, 0x0000019c33c00000)

Polling page: 0x0000019c1a1a0000

Metaspace:

Usage:
  Non-class:     89.21 MB capacity,    87.66 MB ( 98%) used,     1.26 MB (  1%) free+waste,   297.75 KB ( <1%) overhead. 
      Class:     14.08 MB capacity,    13.16 MB ( 93%) used,   810.44 KB (  6%) free+waste,   138.13 KB ( <1%) overhead. 
       Both:    103.30 MB capacity,   100.82 MB ( 98%) used,     2.06 MB (  2%) free+waste,   435.88 KB ( <1%) overhead. 

Virtual space:
  Non-class space:       90.00 MB reserved,      89.43 MB (>99%) committed 
      Class space:        1.00 GB reserved,      14.20 MB (  1%) committed 
             Both:        1.09 GB reserved,     103.63 MB (  9%) committed 

Chunk freelists:
   Non-Class:  24.00 KB
       Class:  44.00 KB
        Both:  68.00 KB

MaxMetaspaceSize: 17179869184.00 GB
CompressedClassSpaceSize: 1.00 GB

CodeHeap 'non-profiled nmethods': size=120000Kb used=6947Kb max_used=6947Kb free=113053Kb
 bounds [0x0000019c277a0000, 0x0000019c27e70000, 0x0000019c2ecd0000]
CodeHeap 'profiled nmethods': size=120000Kb used=25428Kb max_used=25428Kb free=94571Kb
 bounds [0x0000019c20270000, 0x0000019c21b50000, 0x0000019c277a0000]
CodeHeap 'non-nmethods': size=5760Kb used=2311Kb max_used=2367Kb free=3448Kb
 bounds [0x0000019c1fcd0000, 0x0000019c1ff40000, 0x0000019c20270000]
 total_blobs=12590 nmethods=11666 adapters=835
 compilation: enabled
              stopped_count=0, restarted_count=0
 full_count=0

Compilation events (20 events):
Event: 17.342 Thread 0x0000019c36657000 11746       4       com.android.tools.r8.graph.c0::a (258 bytes)
Event: 17.342 Thread 0x0000019c36660000 nmethod 11777 0x0000019c21b44510 code [0x0000019c21b44760, 0x0000019c21b44d98]
Event: 17.342 Thread 0x0000019c36660000 11778       2       java.util.concurrent.ThreadLocalRandom::getProbe (13 bytes)
Event: 17.342 Thread 0x0000019c36660000 nmethod 11778 0x0000019c21b45090 code [0x0000019c21b45240, 0x0000019c21b45338]
Event: 17.342 Thread 0x0000019c36660000 11779       1       com.android.tools.r8.internal.Xv::b (5 bytes)
Event: 17.342 Thread 0x0000019c36660000 nmethod 11779 0x0000019c27e67410 code [0x0000019c27e675c0, 0x0000019c27e67658]
Event: 17.342 Thread 0x0000019c36660000 11780       1       com.android.tools.r8.internal.Xv::c (5 bytes)
Event: 17.342 Thread 0x0000019c36660000 nmethod 11780 0x0000019c27e67710 code [0x0000019c27e678c0, 0x0000019c27e67958]
Event: 17.342 Thread 0x0000019c36660000 11781       1       com.android.tools.r8.graph.X::a (5 bytes)
Event: 17.343 Thread 0x0000019c36660000 nmethod 11781 0x0000019c27e67a10 code [0x0000019c27e67bc0, 0x0000019c27e67c58]
Event: 17.343 Thread 0x0000019c36660000 11782       1       com.android.tools.r8.graph.a0::G (5 bytes)
Event: 17.343 Thread 0x0000019c36660000 nmethod 11782 0x0000019c27e67d10 code [0x0000019c27e67ec0, 0x0000019c27e67f78]
Event: 17.343 Thread 0x0000019c36660000 11783       1       com.android.tools.r8.graph.a0::a (5 bytes)
Event: 17.343 Thread 0x0000019c36660000 nmethod 11783 0x0000019c27e68010 code [0x0000019c27e681c0, 0x0000019c27e68258]
Event: 17.343 Thread 0x0000019c36660000 11784       1       com.android.tools.r8.graph.e0::a (5 bytes)
Event: 17.343 Thread 0x0000019c36660000 nmethod 11784 0x0000019c27e68310 code [0x0000019c27e684c0, 0x0000019c27e68558]
Event: 17.343 Thread 0x0000019c36660000 11785       1       com.android.tools.r8.graph.a0::b (5 bytes)
Event: 17.343 Thread 0x0000019c36660000 nmethod 11785 0x0000019c27e68610 code [0x0000019c27e687c0, 0x0000019c27e68858]
Event: 17.343 Thread 0x0000019c36660000 11786       1       com.android.tools.r8.internal.Xv::e (5 bytes)
Event: 17.343 Thread 0x0000019c36660000 nmethod 11786 0x0000019c27e68910 code [0x0000019c27e68ac0, 0x0000019c27e68b58]

GC Heap History (20 events):
Event: 15.736 GC heap after
{Heap after GC invocations=30 (full 0):
 garbage-first heap   total 172032K, used 104089K [0x0000000080000000, 0x0000000100000000)
  region size 1024K, 7 young (7168K), 7 survivors (7168K)
 Metaspace       used 95548K, capacity 97813K, committed 98176K, reserved 1134592K
  class space    used 12326K, capacity 13136K, committed 13260K, reserved 1048576K
}
Event: 15.830 GC heap before
{Heap before GC invocations=30 (full 0):
 garbage-first heap   total 172032K, used 139929K [0x0000000080000000, 0x0000000100000000)
  region size 1024K, 41 young (41984K), 7 survivors (7168K)
 Metaspace       used 96203K, capacity 98408K, committed 98816K, reserved 1134592K
  class space    used 12411K, capacity 13206K, committed 13388K, reserved 1048576K
}
Event: 15.837 GC heap after
{Heap after GC invocations=31 (full 0):
 garbage-first heap   total 206848K, used 110061K [0x0000000080000000, 0x0000000100000000)
  region size 1024K, 6 young (6144K), 6 survivors (6144K)
 Metaspace       used 96203K, capacity 98408K, committed 98816K, reserved 1134592K
  class space    used 12411K, capacity 13206K, committed 13388K, reserved 1048576K
}
Event: 16.142 GC heap before
{Heap before GC invocations=32 (full 0):
 garbage-first heap   total 206848K, used 154093K [0x0000000080000000, 0x0000000100000000)
  region size 1024K, 50 young (51200K), 6 survivors (6144K)
 Metaspace       used 98660K, capacity 101166K, committed 101248K, reserved 1136640K
  class space    used 12806K, capacity 13703K, committed 13772K, reserved 1048576K
}
Event: 16.157 GC heap after
{Heap after GC invocations=33 (full 0):
 garbage-first heap   total 206848K, used 116729K [0x0000000080000000, 0x0000000100000000)
  region size 1024K, 7 young (7168K), 7 survivors (7168K)
 Metaspace       used 98660K, capacity 101166K, committed 101248K, reserved 1136640K
  class space    used 12806K, capacity 13703K, committed 13772K, reserved 1048576K
}
Event: 16.279 GC heap before
{Heap before GC invocations=33 (full 0):
 garbage-first heap   total 206848K, used 157689K [0x0000000080000000, 0x0000000100000000)
  region size 1024K, 48 young (49152K), 7 survivors (7168K)
 Metaspace       used 98976K, capacity 101501K, committed 101760K, reserved 1136640K
  class space    used 12850K, capacity 13751K, committed 13772K, reserved 1048576K
}
Event: 16.305 GC heap after
{Heap after GC invocations=34 (full 0):
 garbage-first heap   total 206848K, used 128122K [0x0000000080000000, 0x0000000100000000)
  region size 1024K, 6 young (6144K), 6 survivors (6144K)
 Metaspace       used 98976K, capacity 101501K, committed 101760K, reserved 1136640K
  class space    used 12850K, capacity 13751K, committed 13772K, reserved 1048576K
}
Event: 16.478 GC heap before
{Heap before GC invocations=34 (full 0):
 garbage-first heap   total 206848K, used 161914K [0x0000000080000000, 0x0000000100000000)
  region size 1024K, 40 young (40960K), 6 survivors (6144K)
 Metaspace       used 99684K, capacity 102227K, committed 102400K, reserved 1138688K
  class space    used 12949K, capacity 13861K, committed 13900K, reserved 1048576K
}
Event: 16.496 GC heap after
{Heap after GC invocations=35 (full 0):
 garbage-first heap   total 206848K, used 136149K [0x0000000080000000, 0x0000000100000000)
  region size 1024K, 5 young (5120K), 5 survivors (5120K)
 Metaspace       used 99684K, capacity 102227K, committed 102400K, reserved 1138688K
  class space    used 12949K, capacity 13861K, committed 13900K, reserved 1048576K
}
Event: 16.624 GC heap before
{Heap before GC invocations=36 (full 0):
 garbage-first heap   total 206848K, used 166869K [0x0000000080000000, 0x0000000100000000)
  region size 1024K, 35 young (35840K), 5 survivors (5120K)
 Metaspace       used 100143K, capacity 102626K, committed 103040K, reserved 1138688K
  class space    used 12999K, capacity 13887K, committed 14028K, reserved 1048576K
}
Event: 16.639 GC heap after
{Heap after GC invocations=37 (full 0):
 garbage-first heap   total 206848K, used 143360K [0x0000000080000000, 0x0000000100000000)
  region size 1024K, 5 young (5120K), 5 survivors (5120K)
 Metaspace       used 100143K, capacity 102626K, committed 103040K, reserved 1138688K
  class space    used 12999K, capacity 13887K, committed 14028K, reserved 1048576K
}
Event: 16.692 GC heap before
{Heap before GC invocations=37 (full 0):
 garbage-first heap   total 206848K, used 169984K [0x0000000080000000, 0x0000000100000000)
  region size 1024K, 31 young (31744K), 5 survivors (5120K)
 Metaspace       used 100488K, capacity 102938K, committed 103296K, reserved 1138688K
  class space    used 13037K, capacity 13927K, committed 14028K, reserved 1048576K
}
Event: 16.709 GC heap after
{Heap after GC invocations=38 (full 0):
 garbage-first heap   total 296960K, used 150362K [0x0000000080000000, 0x0000000100000000)
  region size 1024K, 4 young (4096K), 4 survivors (4096K)
 Metaspace       used 100488K, capacity 102938K, committed 103296K, reserved 1138688K
  class space    used 13037K, capacity 13927K, committed 14028K, reserved 1048576K
}
Event: 17.028 GC heap before
{Heap before GC invocations=38 (full 0):
 garbage-first heap   total 296960K, used 202586K [0x0000000080000000, 0x0000000100000000)
  region size 1024K, 55 young (56320K), 4 survivors (4096K)
 Metaspace       used 100986K, capacity 103392K, committed 103936K, reserved 1138688K
  class space    used 13072K, capacity 13987K, committed 14156K, reserved 1048576K
}
Event: 17.047 GC heap after
{Heap after GC invocations=39 (full 0):
 garbage-first heap   total 296960K, used 160941K [0x0000000080000000, 0x0000000100000000)
  region size 1024K, 7 young (7168K), 7 survivors (7168K)
 Metaspace       used 100986K, capacity 103392K, committed 103936K, reserved 1138688K
  class space    used 13072K, capacity 13987K, committed 14156K, reserved 1048576K
}
Event: 17.119 GC heap before
{Heap before GC invocations=40 (full 0):
 garbage-first heap   total 296960K, used 212141K [0x0000000080000000, 0x0000000100000000)
  region size 1024K, 57 young (58368K), 7 survivors (7168K)
 Metaspace       used 101622K, capacity 104083K, committed 104576K, reserved 1140736K
  class space    used 13198K, capacity 14108K, committed 14284K, reserved 1048576K
}
Event: 17.138 GC heap after
{Heap after GC invocations=41 (full 0):
 garbage-first heap   total 296960K, used 171340K [0x0000000080000000, 0x0000000100000000)
  region size 1024K, 8 young (8192K), 8 survivors (8192K)
 Metaspace       used 101622K, capacity 104083K, committed 104576K, reserved 1140736K
  class space    used 13198K, capacity 14108K, committed 14284K, reserved 1048576K
}
Event: 17.199 GC heap before
{Heap before GC invocations=41 (full 0):
 garbage-first heap   total 296960K, used 221516K [0x0000000080000000, 0x0000000100000000)
  region size 1024K, 57 young (58368K), 8 survivors (8192K)
 Metaspace       used 102132K, capacity 104592K, committed 104960K, reserved 1140736K
  class space    used 13297K, capacity 14237K, committed 14412K, reserved 1048576K
}
Event: 17.220 GC heap after
{Heap after GC invocations=42 (full 0):
 garbage-first heap   total 296960K, used 180827K [0x0000000080000000, 0x0000000100000000)
  region size 1024K, 8 young (8192K), 8 survivors (8192K)
 Metaspace       used 102132K, capacity 104592K, committed 104960K, reserved 1140736K
  class space    used 13297K, capacity 14237K, committed 14412K, reserved 1048576K
}
Event: 17.347 GC heap before
{Heap before GC invocations=42 (full 0):
 garbage-first heap   total 296960K, used 229979K [0x0000000080000000, 0x0000000100000000)
  region size 1024K, 56 young (57344K), 8 survivors (8192K)
 Metaspace       used 103235K, capacity 105776K, committed 106112K, reserved 1140736K
  class space    used 13471K, capacity 14420K, committed 14540K, reserved 1048576K
}

Deoptimization events (20 events):
Event: 17.267 Thread 0x0000019c39c5c800 DEOPT PACKING pc=0x0000019c27e1c364 sp=0x00000025e3af96c0
Event: 17.267 Thread 0x0000019c39c5c800 DEOPT UNPACKING pc=0x0000019c1fcf78af sp=0x00000025e3af9648 mode 2
Event: 17.279 Thread 0x0000019c39c5e000 Uncommon trap: trap_request=0xffffff4d fr.pc=0x0000019c27e4792c relative=0x000000000000008c
Event: 17.280 Thread 0x0000019c39c5e000 Uncommon trap: reason=unstable_if action=reinterpret pc=0x0000019c27e4792c method=com.android.tools.r8.internal.DA.a(Ljava/lang/Object;[Lcom/android/tools/r8/internal/zf;I)Ljava/lang/Object; @ 5 c2
Event: 17.280 Thread 0x0000019c39c5e000 DEOPT PACKING pc=0x0000019c27e4792c sp=0x00000025e3dfa280
Event: 17.280 Thread 0x0000019c39c5e000 DEOPT UNPACKING pc=0x0000019c1fcf78af sp=0x00000025e3dfa158 mode 2
Event: 17.280 Thread 0x0000019c39c5e000 Uncommon trap: trap_request=0xffffff4d fr.pc=0x0000019c27e47608 relative=0x0000000000000068
Event: 17.280 Thread 0x0000019c39c5e000 Uncommon trap: reason=unstable_if action=reinterpret pc=0x0000019c27e47608 method=com.android.tools.r8.internal.DA.a(Ljava/lang/Object;[Lcom/android/tools/r8/internal/zf;I)Ljava/lang/Object; @ 5 c2
Event: 17.280 Thread 0x0000019c39c5e000 DEOPT PACKING pc=0x0000019c27e47608 sp=0x00000025e3dfa220
Event: 17.280 Thread 0x0000019c39c5e000 DEOPT UNPACKING pc=0x0000019c1fcf78af sp=0x00000025e3dfa150 mode 2
Event: 17.280 Thread 0x0000019c39c59000 Uncommon trap: trap_request=0xffffff4d fr.pc=0x0000019c27e33a60 relative=0x0000000000000040
Event: 17.281 Thread 0x0000019c39c5c800 Uncommon trap: trap_request=0xffffff4d fr.pc=0x0000019c27e33a60 relative=0x0000000000000040
Event: 17.281 Thread 0x0000019c39c5c800 Uncommon trap: reason=unstable_if action=reinterpret pc=0x0000019c27e33a60 method=com.android.tools.r8.internal.DA.a(Ljava/lang/Object;[Lcom/android/tools/r8/internal/zf;I)Ljava/lang/Object; @ 5 c2
Event: 17.281 Thread 0x0000019c39c5c800 DEOPT PACKING pc=0x0000019c27e33a60 sp=0x00000025e3af96a0
Event: 17.281 Thread 0x0000019c39c5c800 DEOPT UNPACKING pc=0x0000019c1fcf78af sp=0x00000025e3af9650 mode 2
Event: 17.282 Thread 0x0000019c39c59000 Uncommon trap: reason=unstable_if action=reinterpret pc=0x0000019c27e33a60 method=com.android.tools.r8.internal.DA.a(Ljava/lang/Object;[Lcom/android/tools/r8/internal/zf;I)Ljava/lang/Object; @ 5 c2
Event: 17.282 Thread 0x0000019c39c59000 DEOPT PACKING pc=0x0000019c27e33a60 sp=0x00000025e3ef9f10
Event: 17.282 Thread 0x0000019c39c59000 DEOPT UNPACKING pc=0x0000019c1fcf78af sp=0x00000025e3ef9ec0 mode 2
Event: 17.287 Thread 0x0000019c3aba8800 DEOPT PACKING pc=0x0000019c21b13d07 sp=0x00000025e41f92a0
Event: 17.287 Thread 0x0000019c3aba8800 DEOPT UNPACKING pc=0x0000019c1fcf76ce sp=0x00000025e41f87c0 mode 0

Classes redefined (0 events):
No events

Internal exceptions (20 events):
Event: 16.132 Thread 0x0000019c39c5a800 Exception <a 'java/lang/NoSuchMethodError'{0x000000008a1c5538}: 'long java.lang.invoke.DirectMethodHandle$Holder.invokeStatic(java.lang.Object, java.lang.Object)'> (0x000000008a1c5538) thrown at [./src/hotspot/share/interpreter/linkResolver.cpp, line 773]
Event: 16.132 Thread 0x0000019c39c58800 Exception <a 'java/lang/NoSuchMethodError'{0x000000008a1d8fc8}: 'long java.lang.invoke.DirectMethodHandle$Holder.invokeStatic(java.lang.Object, java.lang.Object)'> (0x000000008a1d8fc8) thrown at [./src/hotspot/share/interpreter/linkResolver.cpp, line 773]
Event: 16.221 Thread 0x0000019c39c58800 Exception <a 'java/lang/IncompatibleClassChangeError'{0x000000008b604ff0}: Found class java.lang.Object, but interface was expected> (0x000000008b604ff0) thrown at [./src/hotspot/share/interpreter/linkResolver.cpp, line 839]
Event: 16.223 Thread 0x0000019c39c58800 Exception <a 'java/lang/NoSuchMethodError'{0x000000008b60d0f0}: 'java.lang.Object java.lang.invoke.DirectMethodHandle$Holder.newInvokeSpecial(java.lang.Object, int)'> (0x000000008b60d0f0) thrown at [./src/hotspot/share/interpreter/linkResolver.cpp, line 773]
Event: 16.229 Thread 0x0000019c39c58800 Exception <a 'java/lang/IncompatibleClassChangeError'{0x000000008b6f5c20}: Found class java.lang.Object, but interface was expected> (0x000000008b6f5c20) thrown at [./src/hotspot/share/interpreter/linkResolver.cpp, line 839]
Event: 16.230 Thread 0x0000019c39c58800 Exception <a 'java/lang/IncompatibleClassChangeError'{0x000000008b598728}: Found class java.lang.Object, but interface was expected> (0x000000008b598728) thrown at [./src/hotspot/share/interpreter/linkResolver.cpp, line 839]
Event: 16.309 Thread 0x0000019c39c5a800 Exception <a 'java/lang/NoSuchMethodError'{0x000000008c9f0320}: 'void java.lang.invoke.DirectMethodHandle$Holder.invokeStatic(java.lang.Object, java.lang.Object, java.lang.Object, int)'> (0x000000008c9f0320) thrown at [./src/hotspot/share/interpreter/linkResolver.cpp, line 773]
Event: 16.311 Thread 0x0000019c39c5a800 Exception <a 'java/lang/IncompatibleClassChangeError'{0x000000008c8895d0}: Found class java.lang.Object, but interface was expected> (0x000000008c8895d0) thrown at [./src/hotspot/share/interpreter/linkResolver.cpp, line 839]
Event: 16.359 Thread 0x0000019c3abae800 Exception <a 'java/lang/NoSuchMethodError'{0x000000008bb84048}: 'int java.lang.invoke.DirectMethodHandle$Holder.invokeVirtual(java.lang.Object, java.lang.Object, java.lang.Object)'> (0x000000008bb84048) thrown at [./src/hotspot/share/interpreter/linkResolver.cpp, line 773]
Event: 16.813 Thread 0x0000019c39c58800 Exception <a 'java/lang/NoSuchMethodError'{0x00000000914f06a0}: 'java.lang.Object java.lang.invoke.DirectMethodHandle$Holder.invokeStatic(java.lang.Object, int, java.lang.Object, java.lang.Object)'> (0x00000000914f06a0) thrown at [./src/hotspot/share/interpreter/linkResolver.cpp, line 773]
Event: 16.813 Thread 0x0000019c3abae800 Exception <a 'java/lang/NoSuchMethodError'{0x000000009140f880}: 'java.lang.Object java.lang.invoke.DirectMethodHandle$Holder.invokeStatic(java.lang.Object, int, java.lang.Object, java.lang.Object)'> (0x000000009140f880) thrown at [./src/hotspot/share/interpreter/linkResolver.cpp, line 773]
Event: 16.847 Thread 0x0000019c39c5a800 Exception <a 'java/lang/NoSuchMethodError'{0x00000000913dfe48}: 'java.lang.Object java.lang.invoke.Invokers$Holder.linkToTargetMethod(java.lang.Object, java.lang.Object, java.lang.Object, java.lang.Object, java.lang.Object, java.lang.Object, java.lang.Object, java.lang.Object)'> (0x00000000913dfe48) thrown at [./src/hotspot/share/interpreter/linkResolver.cpp, line 773]
Event: 17.049 Thread 0x0000019c39c5c800 Exception <a 'java/lang/NoSuchMethodError'{0x00000000921aa868}: 'java.lang.Object java.lang.invoke.Invokers$Holder.linkToTargetMethod(java.lang.Object, java.lang.Object, java.lang.Object, java.lang.Object, java.lang.Object, java.lang.Object, java.lang.Object)'> (0x00000000921aa868) thrown at [./src/hotspot/share/interpreter/linkResolver.cpp, line 773]
Event: 17.085 Thread 0x0000019c39c5a800 Exception <a 'java/lang/NoSuchMethodError'{0x0000000090df6290}: 'int java.lang.invoke.DirectMethodHandle$Holder.invokeSpecial(java.lang.Object, java.lang.Object, java.lang.Object, java.lang.Object, java.lang.Object)'> (0x0000000090df6290) thrown at [./src/hotspot/share/interpreter/linkResolver.cpp, line 773]
Event: 17.159 Thread 0x0000019c39c58800 Exception <a 'java/lang/NoSuchMethodError'{0x0000000090dc1080}: 'java.lang.Object java.lang.invoke.DirectMethodHandle$Holder.invokeVirtual(java.lang.Object, java.lang.Object, int, java.lang.Object)'> (0x0000000090dc1080) thrown at [./src/hotspot/share/interpreter/linkResolver.cpp, line 773]
Event: 17.159 Thread 0x0000019c39c59000 Exception <a 'java/lang/NoSuchMethodError'{0x00000000917ca7d8}: 'java.lang.Object java.lang.invoke.DirectMethodHandle$Holder.invokeVirtual(java.lang.Object, java.lang.Object, int, java.lang.Object)'> (0x00000000917ca7d8) thrown at [./src/hotspot/share/interpreter/linkResolver.cpp, line 773]
Event: 17.159 Thread 0x0000019c39c5a800 Exception <a 'java/lang/NoSuchMethodError'{0x00000000910ebe10}: 'java.lang.Object java.lang.invoke.DirectMethodHandle$Holder.invokeVirtual(java.lang.Object, java.lang.Object, int, java.lang.Object)'> (0x00000000910ebe10) thrown at [./src/hotspot/share/interpreter/linkResolver.cpp, line 773]
Event: 17.159 Thread 0x0000019c39c5c800 Exception <a 'java/lang/NoSuchMethodError'{0x0000000091d986a8}: 'java.lang.Object java.lang.invoke.DirectMethodHandle$Holder.invokeVirtual(java.lang.Object, java.lang.Object, int, java.lang.Object)'> (0x0000000091d986a8) thrown at [./src/hotspot/share/interpreter/linkResolver.cpp, line 773]
Event: 17.197 Thread 0x0000019c3abae800 Exception <a 'java/lang/NoSuchMethodError'{0x000000008f6da6e8}: 'void java.lang.invoke.DirectMethodHandle$Holder.invokeVirtual(java.lang.Object, java.lang.Object, int, java.lang.Object)'> (0x000000008f6da6e8) thrown at [./src/hotspot/share/interpreter/linkResolver.cpp, line 773]
Event: 17.197 Thread 0x0000019c39c58800 Exception <a 'java/lang/NoSuchMethodError'{0x000000008f1887a8}: 'void java.lang.invoke.DirectMethodHandle$Holder.invokeVirtual(java.lang.Object, java.lang.Object, int, java.lang.Object)'> (0x000000008f1887a8) thrown at [./src/hotspot/share/interpreter/linkResolver.cpp, line 773]

Events (20 events):
Event: 17.336 loading class com/android/tools/r8/graph/G$c done
Event: 17.336 loading class com/android/tools/r8/internal/Ah$c
Event: 17.336 loading class com/android/tools/r8/internal/Ah$c done
Event: 17.338 loading class com/android/tools/r8/internal/Ah$b
Event: 17.338 loading class com/android/tools/r8/internal/Ah$b done
Event: 17.341 loading class com/android/tools/r8/internal/yh
Event: 17.341 loading class com/android/tools/r8/internal/yh done
Event: 17.341 loading class com/android/tools/r8/internal/It
Event: 17.341 loading class com/android/tools/r8/internal/It done
Event: 17.342 loading class com/android/tools/r8/code/T3
Event: 17.342 loading class com/android/tools/r8/code/T3 done
Event: 17.343 loading class com/android/tools/r8/graph/E$a
Event: 17.343 loading class com/android/tools/r8/graph/E$a done
Event: 17.344 loading class com/android/tools/r8/graph/E$b
Event: 17.344 loading class com/android/tools/r8/graph/E$b done
Event: 17.345 loading class com/android/tools/r8/graph/J
Event: 17.345 loading class com/android/tools/r8/graph/J done
Event: 17.346 loading class com/android/tools/r8/internal/oa
Event: 17.346 loading class com/android/tools/r8/internal/oa done
Event: 17.346 Executing VM operation: G1CollectForAllocation


Dynamic libraries:
0x00007ff7153a0000 - 0x00007ff7153aa000 	C:\Program Files\Android\Android Studio\jre\bin\java.exe
0x00007fff77d90000 - 0x00007fff77f85000 	C:\WINDOWS\SYSTEM32\ntdll.dll
0x00007fff76170000 - 0x00007fff7622e000 	C:\WINDOWS\System32\KERNEL32.DLL
0x00007fff754b0000 - 0x00007fff75778000 	C:\WINDOWS\System32\KERNELBASE.dll
0x00007fff72cf0000 - 0x00007fff72d80000 	C:\WINDOWS\SYSTEM32\apphelp.dll
0x00007fff758e0000 - 0x00007fff759e0000 	C:\WINDOWS\System32\ucrtbase.dll
0x00007fff5f320000 - 0x00007fff5f339000 	C:\Program Files\Android\Android Studio\jre\bin\jli.dll
0x00007fff5ee70000 - 0x00007fff5ee87000 	C:\Program Files\Android\Android Studio\jre\bin\VCRUNTIME140.dll
0x00007fff75e40000 - 0x00007fff75fe1000 	C:\WINDOWS\System32\USER32.dll
0x00007fff5fa10000 - 0x00007fff5fcaa000 	C:\WINDOWS\WinSxS\amd64_microsoft.windows.common-controls_6595b64144ccf1df_6.0.19041.1110_none_60b5254171f9507e\COMCTL32.dll
0x00007fff76fd0000 - 0x00007fff7706e000 	C:\WINDOWS\System32\msvcrt.dll
0x00007fff75d30000 - 0x00007fff75d52000 	C:\WINDOWS\System32\win32u.dll
0x00007fff76710000 - 0x00007fff7673b000 	C:\WINDOWS\System32\GDI32.dll
0x00007fff75a70000 - 0x00007fff75b7b000 	C:\WINDOWS\System32\gdi32full.dll
0x00007fff75be0000 - 0x00007fff75c7d000 	C:\WINDOWS\System32\msvcp_win.dll
0x00007fff76120000 - 0x00007fff76150000 	C:\WINDOWS\System32\IMM32.DLL
0x00007fff4b970000 - 0x00007fff4ba0d000 	C:\Program Files\Android\Android Studio\jre\bin\msvcp140.dll
0x00007fff019f0000 - 0x00007fff024bf000 	C:\Program Files\Android\Android Studio\jre\bin\server\jvm.dll
0x00007fff76f20000 - 0x00007fff76fcc000 	C:\WINDOWS\System32\ADVAPI32.dll
0x00007fff762b0000 - 0x00007fff7634b000 	C:\WINDOWS\System32\sechost.dll
0x00007fff77a10000 - 0x00007fff77b3a000 	C:\WINDOWS\System32\RPCRT4.dll
0x00007fff77a00000 - 0x00007fff77a08000 	C:\WINDOWS\System32\PSAPI.DLL
0x00007fff6b9f0000 - 0x00007fff6ba17000 	C:\WINDOWS\SYSTEM32\WINMM.dll
0x00007fff5c8e0000 - 0x00007fff5c8e9000 	C:\WINDOWS\SYSTEM32\WSOCK32.dll
0x00007fff6eb30000 - 0x00007fff6eb3a000 	C:\WINDOWS\SYSTEM32\VERSION.dll
0x00007fff778e0000 - 0x00007fff7794b000 	C:\WINDOWS\System32\WS2_32.dll
0x00007fff73370000 - 0x00007fff73382000 	C:\WINDOWS\SYSTEM32\kernel.appcore.dll
0x00007fff5c7d0000 - 0x00007fff5c7e1000 	C:\Program Files\Android\Android Studio\jre\bin\verify.dll
0x00007fff61390000 - 0x00007fff61574000 	C:\WINDOWS\SYSTEM32\DBGHELP.DLL
0x00007fff5c8f0000 - 0x00007fff5c91c000 	C:\WINDOWS\SYSTEM32\dbgcore.DLL
0x00007fff759e0000 - 0x00007fff75a63000 	C:\WINDOWS\System32\bcryptPrimitives.dll
0x00007fff5ae20000 - 0x00007fff5ae49000 	C:\Program Files\Android\Android Studio\jre\bin\java.dll
0x00007fff5c8d0000 - 0x00007fff5c8db000 	C:\Program Files\Android\Android Studio\jre\bin\jimage.dll
0x00007fff59490000 - 0x00007fff594a8000 	C:\Program Files\Android\Android Studio\jre\bin\zip.dll
0x00007fff77070000 - 0x00007fff777af000 	C:\WINDOWS\System32\SHELL32.dll
0x00007fff73570000 - 0x00007fff73d00000 	C:\WINDOWS\SYSTEM32\windows.storage.dll
0x00007fff763b0000 - 0x00007fff76705000 	C:\WINDOWS\System32\combase.dll
0x00007fff74e30000 - 0x00007fff74e5e000 	C:\WINDOWS\SYSTEM32\Wldp.dll
0x00007fff76e70000 - 0x00007fff76f1d000 	C:\WINDOWS\System32\SHCORE.dll
0x00007fff76350000 - 0x00007fff763a5000 	C:\WINDOWS\System32\shlwapi.dll
0x00007fff753f0000 - 0x00007fff7540f000 	C:\WINDOWS\SYSTEM32\profapi.dll
0x00007fff59470000 - 0x00007fff5948a000 	C:\Program Files\Android\Android Studio\jre\bin\net.dll
0x00007fff64330000 - 0x00007fff6443c000 	C:\WINDOWS\SYSTEM32\WINHTTP.dll
0x00007fff74b40000 - 0x00007fff74baa000 	C:\WINDOWS\system32\mswsock.dll
0x00007fff59400000 - 0x00007fff59414000 	C:\Program Files\Android\Android Studio\jre\bin\nio.dll
0x00007fff587a0000 - 0x00007fff587c7000 	C:\Users\souvik dey\.gradle\native\8bec1ad78214c89d9ad589b4d07fe93259594b29d510b10fafb7a158f7737e5d\windows-amd64\native-platform.dll
0x00007fff4b710000 - 0x00007fff4b84d000 	C:\Users\souvik dey\.gradle\native\53dbd7edfb1c66fb8903c78663c9afc45aea4f116125fa6feffd364cf09443e8\windows-amd64\native-platform-file-events.dll
0x00007fff5c890000 - 0x00007fff5c89a000 	C:\Program Files\Android\Android Studio\jre\bin\management.dll
0x00007fff593f0000 - 0x00007fff593fc000 	C:\Program Files\Android\Android Studio\jre\bin\management_ext.dll
0x00007fff74d00000 - 0x00007fff74d18000 	C:\WINDOWS\SYSTEM32\CRYPTSP.dll
0x00007fff744d0000 - 0x00007fff74504000 	C:\WINDOWS\system32\rsaenh.dll
0x00007fff75d60000 - 0x00007fff75d87000 	C:\WINDOWS\System32\bcrypt.dll
0x00007fff75370000 - 0x00007fff7539e000 	C:\WINDOWS\SYSTEM32\USERENV.dll
0x00007fff74d20000 - 0x00007fff74d2c000 	C:\WINDOWS\SYSTEM32\CRYPTBASE.dll
0x00007fff74850000 - 0x00007fff7488b000 	C:\WINDOWS\SYSTEM32\IPHLPAPI.DLL
0x00007fff75ff0000 - 0x00007fff75ff8000 	C:\WINDOWS\System32\NSI.dll
0x00007fff6bb30000 - 0x00007fff6bb47000 	C:\WINDOWS\SYSTEM32\dhcpcsvc6.DLL
0x00007fff6d8b0000 - 0x00007fff6d8cd000 	C:\WINDOWS\SYSTEM32\dhcpcsvc.DLL
0x00007fff74890000 - 0x00007fff7495b000 	C:\WINDOWS\SYSTEM32\DNSAPI.dll

dbghelp: loaded successfully - version: 4.0.5 - missing functions: none
symbol engine: initialized successfully - sym options: 0x614 - pdb path: .;C:\Program Files\Android\Android Studio\jre\bin;C:\WINDOWS\SYSTEM32;C:\WINDOWS\WinSxS\amd64_microsoft.windows.common-controls_6595b64144ccf1df_6.0.19041.1110_none_60b5254171f9507e;C:\Program Files\Android\Android Studio\jre\bin\server;C:\Users\souvik dey\.gradle\native\8bec1ad78214c89d9ad589b4d07fe93259594b29d510b10fafb7a158f7737e5d\windows-amd64;C:\Users\souvik dey\.gradle\native\53dbd7edfb1c66fb8903c78663c9afc45aea4f116125fa6feffd364cf09443e8\windows-amd64

VM Arguments:
jvm_args: --add-opens=java.base/java.util=ALL-UNNAMED --add-opens=java.base/java.lang=ALL-UNNAMED --add-opens=java.base/java.lang.invoke=ALL-UNNAMED --add-opens=java.base/java.util=ALL-UNNAMED --add-opens=java.prefs/java.util.prefs=ALL-UNNAMED --add-opens=java.prefs/java.util.prefs=ALL-UNNAMED --add-opens=java.base/java.nio.charset=ALL-UNNAMED --add-opens=java.base/java.net=ALL-UNNAMED --add-opens=java.base/java.util.concurrent.atomic=ALL-UNNAMED -Xmx2048m -Dfile.encoding=UTF-8 -Duser.country=IN -Duser.language=en -Duser.variant 
java_command: org.gradle.launcher.daemon.bootstrap.GradleDaemon 7.0.2
java_class_path (initial): C:\Users\souvik dey\.gradle\wrapper\dists\gradle-7.0.2-bin\857tjihv64xamwrf0h14cai3r\gradle-7.0.2\lib\gradle-launcher-7.0.2.jar
Launcher Type: SUN_STANDARD

[Global flags]
     intx CICompilerCount                          = 4                                         {product} {ergonomic}
     uint ConcGCThreads                            = 2                                         {product} {ergonomic}
     uint G1ConcRefinementThreads                  = 8                                         {product} {ergonomic}
   size_t G1HeapRegionSize                         = 1048576                                   {product} {ergonomic}
    uintx GCDrainStackTargetSize                   = 64                                        {product} {ergonomic}
   size_t InitialHeapSize                          = 100663296                                 {product} {ergonomic}
   size_t MarkStackSize                            = 4194304                                   {product} {ergonomic}
   size_t MaxHeapSize                              = 2147483648                                {product} {command line}
   size_t MaxNewSize                               = 1287651328                                {product} {ergonomic}
   size_t MinHeapDeltaBytes                        = 1048576                                   {product} {ergonomic}
    uintx NonNMethodCodeHeapSize                   = 5836300                                {pd product} {ergonomic}
    uintx NonProfiledCodeHeapSize                  = 122910970                              {pd product} {ergonomic}
    uintx ProfiledCodeHeapSize                     = 122910970                              {pd product} {ergonomic}
    uintx ReservedCodeCacheSize                    = 251658240                              {pd product} {ergonomic}
     bool SegmentedCodeCache                       = true                                      {product} {ergonomic}
     bool UseCompressedClassPointers               = true                                 {lp64_product} {ergonomic}
     bool UseCompressedOops                        = true                                 {lp64_product} {ergonomic}
     bool UseG1GC                                  = true                                      {product} {ergonomic}
     bool UseLargePagesIndividualAllocation        = false                                  {pd product} {ergonomic}

Logging:
Log output configuration:
 #0: stdout all=warning uptime,level,tags
 #1: stderr all=off uptime,level,tags

Environment Variables:
PATH=C:\python 3.9.1\Scripts\;C:\python 3.9.1\;C:\WINDOWS\system32;C:\WINDOWS;C:\WINDOWS\System32\Wbem;C:\WINDOWS\System32\WindowsPowerShell\v1.0\;C:\WINDOWS\System32\OpenSSH\;C:\MinGW\bin;C:\Program Files\Git\cmd;C:\Users\souvik dey\AppData\Local\Microsoft\WindowsApps;C:\Users\souvik dey\AppData\Local\atom\bin
USERNAME=souvik dey
OS=Windows_NT
PROCESSOR_IDENTIFIER=AMD64 Family 23 Model 24 Stepping 1, AuthenticAMD



---------------  S Y S T E M  ---------------

OS: Windows 10 , 64 bit Build 19041 (10.0.19041.1348)
OS uptime: 18 days 22:27 hours
Hyper-V role detected

CPU:total 8 (initial active 8) (8 cores per cpu, 2 threads per core) family 23 model 24 stepping 1 microcode 0x0, cmov, cx8, fxsr, mmx, sse, sse2, sse3, ssse3, sse4.1, sse4.2, popcnt, avx, avx2, aes, clmul, mmxext, 3dnowpref, lzcnt, sse4a, ht, tsc, tscinvbit, tscinv, bmi1, bmi2, adx, s

Memory: 4k page, system-wide physical 6058M (458M free)
TotalPageFile size 24490M (AvailPageFile size 258M)
current process WorkingSet (physical memory assigned to process): 603M, peak: 606M
current process commit charge ("private bytes"): 692M, peak: 986M

vm_info: OpenJDK 64-Bit Server VM (11.0.10+0-b96-7249189) for windows-amd64 JRE (11.0.10+0-b96-7249189), built on Mar 31 2021 21:44:00 by "builder" with MS VC++ 14.0 (VS2015)

END.
