#
# There is insufficient memory for the Java Runtime Environment to continue.
# Native memory allocation (mmap) failed to map 65536 bytes for Failed to commit area from 0x00000162998b0000 to 0x00000162998c0000 of length 65536.
# Possible reasons:
#   The system is out of physical RAM or swap space
#   The process is running with CompressedOops enabled, and the Java Heap may be blocking the growth of the native heap
# Possible solutions:
#   Reduce memory load on the system
#   Increase physical memory or swap space
#   Check if swap backing store is full
#   Decrease Java heap size (-Xmx/-Xms)
#   Decrease number of Java threads
#   Decrease Java thread stack sizes (-Xss)
#   Set larger code cache with -XX:ReservedCodeCacheSize=
#   JVM is running with Unscaled Compressed Oops mode in which the Java heap is
#     placed in the first 4GB address space. The Java Heap base address is the
#     maximum limit for the native heap growth. Please use -XX:HeapBaseMinAddress
#     to set the Java Heap base and to place the Java Heap above 4GB virtual address.
# This output file may be truncated or incomplete.
#
#  Out of Memory Error (./src/hotspot/os/windows/os_windows.cpp:3301), pid=1240, tid=7812
#
# JRE version: OpenJDK Runtime Environment (11.0.10) (build 11.0.10+0-b96-7249189)
# Java VM: OpenJDK 64-Bit Server VM (11.0.10+0-b96-7249189, mixed mode, tiered, compressed oops, g1 gc, windows-amd64)
# No core dump will be written. Minidumps are not enabled by default on client versions of Windows
#

---------------  S U M M A R Y ------------

Command Line: --add-opens=java.base/java.util=ALL-UNNAMED --add-opens=java.base/java.lang=ALL-UNNAMED --add-opens=java.base/java.lang.invoke=ALL-UNNAMED --add-opens=java.base/java.util=ALL-UNNAMED --add-opens=java.prefs/java.util.prefs=ALL-UNNAMED --add-opens=java.prefs/java.util.prefs=ALL-UNNAMED --add-opens=java.base/java.nio.charset=ALL-UNNAMED --add-opens=java.base/java.net=ALL-UNNAMED --add-opens=java.base/java.util.concurrent.atomic=ALL-UNNAMED -Xmx2048m -Dfile.encoding=UTF-8 -Duser.country=IN -Duser.language=en -Duser.variant org.gradle.launcher.daemon.bootstrap.GradleDaemon 7.0.2

Host: AMD Ryzen 5 3500U with Radeon Vega Mobile Gfx  , 8 cores, 5G,  Windows 10 , 64 bit Build 19041 (10.0.19041.1348)
Time: Sat Dec  4 18:05:04 2021 India Standard Time elapsed time: 39.203739 seconds (0d 0h 0m 39s)

---------------  T H R E A D  ---------------

Current thread (0x000001629dbaf000):  VMThread "VM Thread" [stack: 0x0000004bb5b00000,0x0000004bb5c00000] [id=7812]

Stack: [0x0000004bb5b00000,0x0000004bb5c00000]
[error occurred during error reporting (printing stack bounds), id 0xc0000005, EXCEPTION_ACCESS_VIOLATION (0xc0000005) at pc=0x0000016286a90f2d]

Native frames: (J=compiled Java code, j=interpreted, Vv=VM code, C=native code)
V  [jvm.dll+0x5ecfaa]
V  [jvm.dll+0x722bd5]
V  [jvm.dll+0x72412d]
V  [jvm.dll+0x724745]
V  [jvm.dll+0x7246fb]
V  [jvm.dll+0x5ec348]
V  [jvm.dll+0x5ecad8]
C  [ntdll.dll+0xa20cf]
C  [ntdll.dll+0x51454]
C  [ntdll.dll+0xa0bfe]
C  0x0000016286a90f2d

VM_Operation (0x0000004bbb1fcf40): G1CollectForAllocation, mode: safepoint, requested by thread 0x00000162a1b50000


---------------  P R O C E S S  ---------------

Threads class SMR info:
_java_thread_list=0x00000162a0f5c8b0, length=84, elements={
0x0000016282f9c000, 0x000001629dbb5000, 0x000001629dbbf000, 0x000001629dbcf800,
0x000001629dbd0000, 0x000001629dbd2800, 0x000001629dbd6000, 0x000001629dbdb800,
0x000001629dbe7000, 0x000001629e6b8800, 0x000001629ee3c800, 0x000001629e90d800,
0x00000162a19c4800, 0x00000162a1751000, 0x000001629fd47000, 0x00000162a1094800,
0x00000162a0a2d800, 0x00000162a165d800, 0x00000162a11a1000, 0x000001629f27b800,
0x000001629f279000, 0x000001629f27b000, 0x000001629f27d000, 0x000001629f27a000,
0x000001629f27c800, 0x000001629f27e000, 0x000001629f278800, 0x000001629f27f000,
0x00000162a07f7800, 0x00000162a07fa000, 0x00000162a07fb000, 0x00000162a07fb800,
0x00000162a07f7000, 0x00000162a07fd800, 0x00000162a07fe000, 0x00000162a07f9000,
0x00000162a0804800, 0x00000162a07ff000, 0x00000162a0805800, 0x00000162a0803000,
0x00000162a0804000, 0x00000162a0801800, 0x00000162a0802000, 0x00000162a0800000,
0x00000162a0800800, 0x000001629e8a2000, 0x000001629e8a3000, 0x000001629e89f000,
0x000001629e89e000, 0x000001629e8a4000, 0x000001629e89f800, 0x000001629e8a4800,
0x000001629e8a5800, 0x000001629e8a6000, 0x000001629e8a1800, 0x000001629e8aa800,
0x000001629e8ab000, 0x000001629e8ac000, 0x000001629e8a8800, 0x000001629e8ad000,
0x000001629e8a8000, 0x000001629e8a7000, 0x000001629e8a9800, 0x00000162a1b51800,
0x00000162a1b4f000, 0x00000162a1b50800, 0x00000162a1b4e000, 0x00000162a1b4d800,
0x00000162a1b4b800, 0x00000162a1b52000, 0x00000162a1b4c800, 0x00000162a1b53000,
0x00000162a1b54000, 0x00000162a1b54800, 0x00000162a1b50000, 0x00000162a1b56800,
0x00000162a1b59000, 0x00000162a1b57000, 0x00000162a1b58000, 0x00000162a1b59800,
0x00000162a1b5a800, 0x000001629ff66000, 0x000001629ff64800, 0x000001629ff68800
}

Java Threads: ( => current thread )
  0x0000016282f9c000 JavaThread "main" [_thread_blocked, id=10168, stack(0x0000004bb5500000,0x0000004bb5600000)]
  0x000001629dbb5000 JavaThread "Reference Handler" daemon [_thread_blocked, id=11048, stack(0x0000004bb5c00000,0x0000004bb5d00000)]
  0x000001629dbbf000 JavaThread "Finalizer" daemon [_thread_blocked, id=1452, stack(0x0000004bb5d00000,0x0000004bb5e00000)]
  0x000001629dbcf800 JavaThread "Signal Dispatcher" daemon [_thread_blocked, id=4416, stack(0x0000004bb5e00000,0x0000004bb5f00000)]
  0x000001629dbd0000 JavaThread "Attach Listener" daemon [_thread_blocked, id=13968, stack(0x0000004bb5f00000,0x0000004bb6000000)]
  0x000001629dbd2800 JavaThread "Service Thread" daemon [_thread_blocked, id=9232, stack(0x0000004bb6000000,0x0000004bb6100000)]
  0x000001629dbd6000 JavaThread "C2 CompilerThread0" daemon [_thread_blocked, id=6032, stack(0x0000004bb6100000,0x0000004bb6200000)]
  0x000001629dbdb800 JavaThread "C1 CompilerThread0" daemon [_thread_blocked, id=3152, stack(0x0000004bb6200000,0x0000004bb6300000)]
  0x000001629dbe7000 JavaThread "Sweeper thread" daemon [_thread_blocked, id=9348, stack(0x0000004bb6300000,0x0000004bb6400000)]
  0x000001629e6b8800 JavaThread "Common-Cleaner" daemon [_thread_blocked, id=19688, stack(0x0000004bb6400000,0x0000004bb6500000)]
  0x000001629ee3c800 JavaThread "Daemon health stats" [_thread_blocked, id=17756, stack(0x0000004bb6800000,0x0000004bb6900000)]
  0x000001629e90d800 JavaThread "Incoming local TCP Connector on port 56468" [_thread_in_native, id=11964, stack(0x0000004bb6600000,0x0000004bb6700000)]
  0x00000162a19c4800 JavaThread "Daemon periodic checks" [_thread_blocked, id=19568, stack(0x0000004bb6b00000,0x0000004bb6c00000)]
  0x00000162a1751000 JavaThread "Daemon" [_thread_blocked, id=11532, stack(0x0000004bb6c00000,0x0000004bb6d00000)]
  0x000001629fd47000 JavaThread "Handler for socket connection from /127.0.0.1:56468 to /127.0.0.1:56469" [_thread_in_native, id=9900, stack(0x0000004bb6d00000,0x0000004bb6e00000)]
  0x00000162a1094800 JavaThread "Cancel handler" [_thread_blocked, id=2068, stack(0x0000004bb6e00000,0x0000004bb6f00000)]
  0x00000162a0a2d800 JavaThread "Daemon worker" [_thread_blocked, id=18888, stack(0x0000004bb6f00000,0x0000004bb7000000)]
  0x00000162a165d800 JavaThread "Asynchronous log dispatcher for DefaultDaemonConnection: socket connection from /127.0.0.1:56468 to /127.0.0.1:56469" [_thread_blocked, id=15844, stack(0x0000004bb7000000,0x0000004bb7100000)]
  0x00000162a11a1000 JavaThread "Stdin handler" [_thread_blocked, id=8596, stack(0x0000004bb7100000,0x0000004bb7200000)]
  0x000001629f27b800 JavaThread "Daemon client event forwarder" [_thread_blocked, id=17288, stack(0x0000004bb7200000,0x0000004bb7300000)]
  0x000001629f279000 JavaThread "Cache worker for file hash cache (C:\Users\souvik dey\.gradle\caches\7.0.2\fileHashes)" [_thread_blocked, id=5696, stack(0x0000004bb7300000,0x0000004bb7400000)]
  0x000001629f27b000 JavaThread "File lock request listener" [_thread_in_native, id=21124, stack(0x0000004bb7400000,0x0000004bb7500000)]
  0x000001629f27d000 JavaThread "Cache worker for journal cache (C:\Users\souvik dey\.gradle\caches\journal-1)" [_thread_blocked, id=17712, stack(0x0000004bb7a00000,0x0000004bb7b00000)]
  0x000001629f27a000 JavaThread "Cache worker for file hash cache (E:\my programming\android projects\EasyDRAW\.gradle\7.0.2\fileHashes)" [_thread_blocked, id=21484, stack(0x0000004bb7c00000,0x0000004bb7d00000)]
  0x000001629f27c800 JavaThread "File watcher server" daemon [_thread_blocked, id=11196, stack(0x0000004bb7d00000,0x0000004bb7e00000)]
  0x000001629f27e000 JavaThread "File watcher consumer" daemon [_thread_blocked, id=10016, stack(0x0000004bb7e00000,0x0000004bb7f00000)]
  0x000001629f278800 JavaThread "Cache worker for checksums cache (E:\my programming\android projects\EasyDRAW\.gradle\checksums)" [_thread_blocked, id=19072, stack(0x0000004bb7f00000,0x0000004bb8000000)]
  0x000001629f27f000 JavaThread "Cache worker for cache directory md-supplier (C:\Users\souvik dey\.gradle\caches\7.0.2\md-supplier)" [_thread_blocked, id=11856, stack(0x0000004bb8000000,0x0000004bb8100000)]
  0x00000162a07f7800 JavaThread "Cache worker for cache directory md-rule (C:\Users\souvik dey\.gradle\caches\7.0.2\md-rule)" [_thread_blocked, id=21160, stack(0x0000004bb8100000,0x0000004bb8200000)]
  0x00000162a07fa000 JavaThread "Cache worker for execution history cache (C:\Users\souvik dey\.gradle\caches\7.0.2\executionHistory)" [_thread_blocked, id=20856, stack(0x0000004bb8200000,0x0000004bb8300000)]
  0x00000162a07fb000 JavaThread "jar transforms" [_thread_blocked, id=15164, stack(0x0000004bb8300000,0x0000004bb8400000)]
  0x00000162a07fb800 JavaThread "jar transforms Thread 2" [_thread_blocked, id=16084, stack(0x0000004bb8400000,0x0000004bb8500000)]
  0x00000162a07f7000 JavaThread "Cache worker for file content cache (C:\Users\souvik dey\.gradle\caches\7.0.2\fileContent)" [_thread_blocked, id=13688, stack(0x0000004bb8500000,0x0000004bb8600000)]
  0x00000162a07fd800 JavaThread "Cache worker for dependencies-accessors (E:\my programming\android projects\EasyDRAW\.gradle\7.0.2\dependencies-accessors)" [_thread_blocked, id=13304, stack(0x0000004bb8600000,0x0000004bb8700000)]
  0x00000162a07fe000 JavaThread "jar transforms Thread 3" [_thread_blocked, id=6944, stack(0x0000004bb8700000,0x0000004bb8800000)]
  0x00000162a07f9000 JavaThread "Cache worker for Build Output Cleanup Cache (E:\my programming\android projects\EasyDRAW\.gradle\buildOutputCleanup)" [_thread_blocked, id=19652, stack(0x0000004bb8800000,0x0000004bb8900000)]
  0x00000162a0804800 JavaThread "Build operations" [_thread_blocked, id=20352, stack(0x0000004bb8900000,0x0000004bb8a00000)]
  0x00000162a07ff000 JavaThread "Build operations Thread 2" [_thread_blocked, id=11100, stack(0x0000004bb8a00000,0x0000004bb8b00000)]
  0x00000162a0805800 JavaThread "Build operations Thread 3" [_thread_blocked, id=16372, stack(0x0000004bb8b00000,0x0000004bb8c00000)]
  0x00000162a0803000 JavaThread "Build operations Thread 4" [_thread_blocked, id=7332, stack(0x0000004bb8c00000,0x0000004bb8d00000)]
  0x00000162a0804000 JavaThread "Build operations Thread 5" [_thread_blocked, id=15976, stack(0x0000004bb8d00000,0x0000004bb8e00000)]
  0x00000162a0801800 JavaThread "Build operations Thread 6" [_thread_blocked, id=14704, stack(0x0000004bb8e00000,0x0000004bb8f00000)]
  0x00000162a0802000 JavaThread "Build operations Thread 7" [_thread_blocked, id=18856, stack(0x0000004bb8f00000,0x0000004bb9000000)]
  0x00000162a0800000 JavaThread "Build operations Thread 8" [_thread_blocked, id=21036, stack(0x0000004bb9000000,0x0000004bb9100000)]
  0x00000162a0800800 JavaThread "jar transforms Thread 4" [_thread_blocked, id=4012, stack(0x0000004bb9100000,0x0000004bb9200000)]
  0x000001629e8a2000 JavaThread "jar transforms Thread 5" [_thread_blocked, id=824, stack(0x0000004bb9200000,0x0000004bb9300000)]
  0x000001629e8a3000 JavaThread "jar transforms Thread 6" [_thread_blocked, id=10384, stack(0x0000004bb9300000,0x0000004bb9400000)]
  0x000001629e89f000 JavaThread "jar transforms Thread 7" [_thread_blocked, id=8208, stack(0x0000004bb9400000,0x0000004bb9500000)]
  0x000001629e89e000 JavaThread "jar transforms Thread 8" [_thread_blocked, id=3616, stack(0x0000004bb9500000,0x0000004bb9600000)]
  0x000001629e8a4000 JavaThread "Memory manager" [_thread_blocked, id=15188, stack(0x0000004bb7b00000,0x0000004bb7c00000)]
  0x000001629e89f800 JavaThread "build event listener" [_thread_blocked, id=14640, stack(0x0000004bb9600000,0x0000004bb9700000)]
  0x000001629e8a4800 JavaThread "build event listener" [_thread_blocked, id=9628, stack(0x0000004bb9700000,0x0000004bb9800000)]
  0x000001629e8a5800 JavaThread "pool-3-thread-1" [_thread_blocked, id=8512, stack(0x0000004bb9800000,0x0000004bb9900000)]
  0x000001629e8a6000 JavaThread "build event listener" [_thread_blocked, id=21460, stack(0x0000004bb9900000,0x0000004bb9a00000)]
  0x000001629e8a1800 JavaThread "Execution worker for ':'" [_thread_blocked, id=11724, stack(0x0000004bb9a00000,0x0000004bb9b00000)]
  0x000001629e8aa800 JavaThread "Execution worker for ':' Thread 2" [_thread_blocked, id=12728, stack(0x0000004bb9b00000,0x0000004bb9c00000)]
  0x000001629e8ab000 JavaThread "Execution worker for ':' Thread 3" [_thread_blocked, id=14464, stack(0x0000004bb9c00000,0x0000004bb9d00000)]
  0x000001629e8ac000 JavaThread "Execution worker for ':' Thread 4" [_thread_blocked, id=744, stack(0x0000004bb9d00000,0x0000004bb9e00000)]
  0x000001629e8a8800 JavaThread "Execution worker for ':' Thread 5" [_thread_blocked, id=20656, stack(0x0000004bb9e00000,0x0000004bb9f00000)]
  0x000001629e8ad000 JavaThread "Execution worker for ':' Thread 6" [_thread_blocked, id=20864, stack(0x0000004bb9f00000,0x0000004bba000000)]
  0x000001629e8a8000 JavaThread "Execution worker for ':' Thread 7" [_thread_blocked, id=12148, stack(0x0000004bba000000,0x0000004bba100000)]
  0x000001629e8a7000 JavaThread "Cache worker for execution history cache (E:\my programming\android projects\EasyDRAW\.gradle\7.0.2\executionHistory)" [_thread_blocked, id=20508, stack(0x0000004bba100000,0x0000004bba200000)]
  0x000001629e8a9800 JavaThread "RMI Scheduler(0)" daemon [_thread_blocked, id=19292, stack(0x0000004bba200000,0x0000004bba300000)]
  0x00000162a1b51800 JavaThread "RMI GC Daemon" daemon [_thread_blocked, id=1304, stack(0x0000004bba400000,0x0000004bba500000)]
  0x00000162a1b4f000 JavaThread "RMI TCP Accept-0" daemon [_thread_in_native, id=7788, stack(0x0000004bba500000,0x0000004bba600000)]
  0x00000162a1b50800 JavaThread "RMI Reaper" [_thread_blocked, id=14820, stack(0x0000004bba600000,0x0000004bba700000)]
  0x00000162a1b4e000 JavaThread "RMI TCP Connection(1)-127.0.0.1" daemon [_thread_in_native, id=21136, stack(0x0000004bba700000,0x0000004bba800000)]
  0x00000162a1b4d800 JavaThread "Cache worker for Java compile cache (C:\Users\souvik dey\.gradle\caches\7.0.2\javaCompile)" [_thread_blocked, id=17420, stack(0x0000004bba800000,0x0000004bba900000)]
  0x00000162a1b4b800 JavaThread "Cache worker for Java compile cache (E:\my programming\android projects\EasyDRAW\.gradle\7.0.2\javaCompile)" [_thread_blocked, id=15624, stack(0x0000004bba900000,0x0000004bbaa00000)]
  0x00000162a1b52000 JavaThread "WorkerExecutor Queue" [_thread_blocked, id=16668, stack(0x0000004bbab00000,0x0000004bbac00000)]
  0x00000162a1b4c800 JavaThread "WorkerExecutor Queue Thread 2" [_thread_blocked, id=8432, stack(0x0000004bbac00000,0x0000004bbad00000)]
  0x00000162a1b53000 JavaThread "WorkerExecutor Queue Thread 4" [_thread_blocked, id=15084, stack(0x0000004bbae00000,0x0000004bbaf00000)]
  0x00000162a1b54000 JavaThread "WorkerExecutor Queue Thread 5" [_thread_blocked, id=18836, stack(0x0000004bbaf00000,0x0000004bbb000000)]
  0x00000162a1b54800 JavaThread "WorkerExecutor Queue Thread 6" [_thread_blocked, id=800, stack(0x0000004bbb000000,0x0000004bbb100000)]
  0x00000162a1b50000 JavaThread "WorkerExecutor Queue Thread 7" [_thread_blocked, id=8196, stack(0x0000004bbb100000,0x0000004bbb200000)]
  0x00000162a1b56800 JavaThread "WorkerExecutor Queue Thread 8" [_thread_blocked, id=9336, stack(0x0000004bbb200000,0x0000004bbb300000)]
  0x00000162a1b59000 JavaThread "ForkJoinPool-1-worker-3" daemon [_thread_blocked, id=18312, stack(0x0000004bbb300000,0x0000004bbb400000)]
  0x00000162a1b57000 JavaThread "ForkJoinPool-1-worker-5" daemon [_thread_blocked, id=19840, stack(0x0000004bbb400000,0x0000004bbb500000)]
  0x00000162a1b58000 JavaThread "ForkJoinPool-1-worker-7" daemon [_thread_blocked, id=6792, stack(0x0000004bbb500000,0x0000004bbb600000)]
  0x00000162a1b59800 JavaThread "ForkJoinPool-1-worker-9" daemon [_thread_blocked, id=13376, stack(0x0000004bbb600000,0x0000004bbb700000)]
  0x00000162a1b5a800 JavaThread "ForkJoinPool-1-worker-11" daemon [_thread_blocked, id=20588, stack(0x0000004bbb700000,0x0000004bbb800000)]
  0x000001629ff66000 JavaThread "ForkJoinPool-1-worker-13" daemon [_thread_blocked, id=11472, stack(0x0000004bbb800000,0x0000004bbb900000)]
  0x000001629ff64800 JavaThread "ForkJoinPool-1-worker-15" daemon [_thread_blocked, id=6960, stack(0x0000004bbb900000,0x0000004bbba00000)]
  0x000001629ff68800 JavaThread "ForkJoinPool-1-worker-1" daemon [_thread_blocked, id=10816, stack(0x0000004bbba00000,0x0000004bbbb00000)]

Other Threads:
=>0x000001629dbaf000 VMThread "VM Thread" [stack: 0x0000004bb5b00000,0x0000004bb5c00000] [id=7812]
  0x000001629e6cf000 WatcherThread [stack: 0x0000004bb6500000,0x0000004bb6600000] [id=10464]
  0x0000016282fb4800 GCTaskThread "GC Thread#0" [stack: 0x0000004bb5600000,0x0000004bb5700000] [id=3032]
  0x000001629f12d800 GCTaskThread "GC Thread#1" [stack: 0x0000004bb6700000,0x0000004bb6800000] [id=476]
  0x00000162a00e6000 GCTaskThread "GC Thread#2" [stack: 0x0000004bb6900000,0x0000004bb6a00000] [id=14776]
  0x00000162a142f800 GCTaskThread "GC Thread#3" [stack: 0x0000004bb6a00000,0x0000004bb6b00000] [id=10788]
  0x00000162a1c72800 GCTaskThread "GC Thread#4" [stack: 0x0000004bb7500000,0x0000004bb7600000] [id=4924]
  0x00000162a1c13800 GCTaskThread "GC Thread#5" [stack: 0x0000004bb7600000,0x0000004bb7700000] [id=5460]
  0x000001629fd06000 GCTaskThread "GC Thread#6" [stack: 0x0000004bb7700000,0x0000004bb7800000] [id=12156]
  0x00000162a1189800 GCTaskThread "GC Thread#7" [stack: 0x0000004bb7800000,0x0000004bb7900000] [id=17388]
  0x0000016282fe6800 ConcurrentGCThread "G1 Main Marker" [stack: 0x0000004bb5700000,0x0000004bb5800000] [id=21452]
  0x0000016282fe8000 ConcurrentGCThread "G1 Conc#0" [stack: 0x0000004bb5800000,0x0000004bb5900000] [id=12076]
  0x00000162a1194000 ConcurrentGCThread "G1 Conc#1" [stack: 0x0000004bb7900000,0x0000004bb7a00000] [id=20156]
  0x000001628306a800 ConcurrentGCThread "G1 Refine#0" [stack: 0x0000004bb5900000,0x0000004bb5a00000] [id=14140]
  0x000001628306b800 ConcurrentGCThread "G1 Young RemSet Sampling" [stack: 0x0000004bb5a00000,0x0000004bb5b00000] [id=20560]

Threads with active compile tasks:
C2 CompilerThread0  39241 12656 %     4       com.android.tools.r8.dex.j::a @ 315 (1038 bytes)

VM state:at safepoint (normal execution)

VM Mutex/Monitor currently owned by a thread:  ([mutex/lock_event])
[0x0000016282f98ff0] Threads_lock - owner thread: 0x000001629dbaf000
[0x0000016282f98d20] Heap_lock - owner thread: 0x00000162a1b50000

Heap address: 0x0000000080000000, size: 2048 MB, Compressed Oops mode: 32-bit
Narrow klass base: 0x0000000000000000, Narrow klass shift: 3
Compressed class space size: 1073741824 Address: 0x0000000100000000

Heap:
 garbage-first heap   total 558080K, used 182649K [0x0000000080000000, 0x0000000100000000)
  region size 1024K, 3 young (3072K), 3 survivors (3072K)
 Metaspace       used 108489K, capacity 111507K, committed 111744K, reserved 1144832K
  class space    used 14287K, capacity 15414K, committed 15488K, reserved 1048576K
Heap Regions: E=young(eden), S=young(survivor), O=old, HS=humongous(starts), HC=humongous(continues), CS=collection set, F=free, A=archive, TAMS=top-at-mark-start (previous, next)
|   0|0x0000000080000000, 0x0000000080100000, 0x0000000080100000|100%| O|  |TAMS 0x0000000080100000, 0x0000000080100000| Untracked 
|   1|0x0000000080100000, 0x0000000080200000, 0x0000000080200000|100%| O|  |TAMS 0x0000000080200000, 0x0000000080200000| Untracked 
|   2|0x0000000080200000, 0x0000000080300000, 0x0000000080300000|100%| O|  |TAMS 0x0000000080300000, 0x0000000080300000| Untracked 
|   3|0x0000000080300000, 0x0000000080400000, 0x0000000080400000|100%|HS|  |TAMS 0x0000000080400000, 0x0000000080400000| Complete 
|   4|0x0000000080400000, 0x0000000080500000, 0x0000000080500000|100%|HC|  |TAMS 0x0000000080500000, 0x0000000080500000| Complete 
|   5|0x0000000080500000, 0x0000000080600000, 0x0000000080600000|100%|HC|  |TAMS 0x0000000080600000, 0x0000000080600000| Complete 
|   6|0x0000000080600000, 0x0000000080700000, 0x0000000080700000|100%| O|  |TAMS 0x0000000080700000, 0x0000000080700000| Untracked 
|   7|0x0000000080700000, 0x0000000080800000, 0x0000000080800000|100%| O|  |TAMS 0x0000000080800000, 0x0000000080800000| Untracked 
|   8|0x0000000080800000, 0x0000000080900000, 0x0000000080900000|100%| O|  |TAMS 0x0000000080900000, 0x0000000080900000| Untracked 
|   9|0x0000000080900000, 0x0000000080a00000, 0x0000000080a00000|100%| O|  |TAMS 0x0000000080a00000, 0x0000000080a00000| Untracked 
|  10|0x0000000080a00000, 0x0000000080b00000, 0x0000000080b00000|100%| O|  |TAMS 0x0000000080b00000, 0x0000000080b00000| Untracked 
|  11|0x0000000080b00000, 0x0000000080c00000, 0x0000000080c00000|100%| O|  |TAMS 0x0000000080c00000, 0x0000000080c00000| Untracked 
|  12|0x0000000080c00000, 0x0000000080d00000, 0x0000000080d00000|100%| O|  |TAMS 0x0000000080d00000, 0x0000000080d00000| Untracked 
|  13|0x0000000080d00000, 0x0000000080e00000, 0x0000000080e00000|100%| O|  |TAMS 0x0000000080e00000, 0x0000000080e00000| Untracked 
|  14|0x0000000080e00000, 0x0000000080f00000, 0x0000000080f00000|100%| O|  |TAMS 0x0000000080f00000, 0x0000000080f00000| Untracked 
|  15|0x0000000080f00000, 0x0000000081000000, 0x0000000081000000|100%| O|  |TAMS 0x0000000081000000, 0x0000000081000000| Untracked 
|  16|0x0000000081000000, 0x0000000081100000, 0x0000000081100000|100%| O|  |TAMS 0x0000000081100000, 0x0000000081100000| Untracked 
|  17|0x0000000081100000, 0x0000000081200000, 0x0000000081200000|100%| O|  |TAMS 0x0000000081200000, 0x0000000081200000| Untracked 
|  18|0x0000000081200000, 0x0000000081300000, 0x0000000081300000|100%| O|  |TAMS 0x0000000081300000, 0x0000000081300000| Untracked 
|  19|0x0000000081300000, 0x0000000081400000, 0x0000000081400000|100%|HS|  |TAMS 0x0000000081400000, 0x0000000081400000| Complete 
|  20|0x0000000081400000, 0x0000000081500000, 0x0000000081500000|100%| O|  |TAMS 0x0000000081500000, 0x0000000081500000| Untracked 
|  21|0x0000000081500000, 0x0000000081600000, 0x0000000081600000|100%| O|  |TAMS 0x0000000081600000, 0x0000000081600000| Untracked 
|  22|0x0000000081600000, 0x0000000081700000, 0x0000000081700000|100%| O|  |TAMS 0x0000000081700000, 0x0000000081700000| Untracked 
|  23|0x0000000081700000, 0x0000000081800000, 0x0000000081800000|100%| O|  |TAMS 0x0000000081800000, 0x0000000081800000| Untracked 
|  24|0x0000000081800000, 0x0000000081900000, 0x0000000081900000|100%| O|  |TAMS 0x0000000081900000, 0x0000000081900000| Untracked 
|  25|0x0000000081900000, 0x0000000081a00000, 0x0000000081a00000|100%| O|  |TAMS 0x0000000081a00000, 0x0000000081a00000| Untracked 
|  26|0x0000000081a00000, 0x0000000081b00000, 0x0000000081b00000|100%| O|  |TAMS 0x0000000081b00000, 0x0000000081b00000| Untracked 
|  27|0x0000000081b00000, 0x0000000081c00000, 0x0000000081c00000|100%|HS|  |TAMS 0x0000000081c00000, 0x0000000081c00000| Complete 
|  28|0x0000000081c00000, 0x0000000081d00000, 0x0000000081d00000|100%|HS|  |TAMS 0x0000000081d00000, 0x0000000081d00000| Complete 
|  29|0x0000000081d00000, 0x0000000081e00000, 0x0000000081e00000|100%|HS|  |TAMS 0x0000000081e00000, 0x0000000081e00000| Complete 
|  30|0x0000000081e00000, 0x0000000081f00000, 0x0000000081f00000|100%|HC|  |TAMS 0x0000000081f00000, 0x0000000081f00000| Complete 
|  31|0x0000000081f00000, 0x0000000082000000, 0x0000000082000000|100%|HC|  |TAMS 0x0000000082000000, 0x0000000082000000| Complete 
|  32|0x0000000082000000, 0x0000000082100000, 0x0000000082100000|100%|HS|  |TAMS 0x0000000082100000, 0x0000000082100000| Complete 
|  33|0x0000000082100000, 0x0000000082200000, 0x0000000082200000|100%|HC|  |TAMS 0x0000000082200000, 0x0000000082200000| Complete 
|  34|0x0000000082200000, 0x0000000082300000, 0x0000000082300000|100%| O|  |TAMS 0x0000000082300000, 0x0000000082300000| Untracked 
|  35|0x0000000082300000, 0x0000000082400000, 0x0000000082400000|100%| O|  |TAMS 0x0000000082400000, 0x0000000082400000| Untracked 
|  36|0x0000000082400000, 0x0000000082500000, 0x0000000082500000|100%| O|  |TAMS 0x0000000082500000, 0x0000000082500000| Untracked 
|  37|0x0000000082500000, 0x0000000082600000, 0x0000000082600000|100%| O|  |TAMS 0x0000000082600000, 0x0000000082600000| Untracked 
|  38|0x0000000082600000, 0x0000000082700000, 0x0000000082700000|100%| O|  |TAMS 0x0000000082700000, 0x0000000082700000| Untracked 
|  39|0x0000000082700000, 0x0000000082800000, 0x0000000082800000|100%| O|  |TAMS 0x0000000082800000, 0x0000000082800000| Untracked 
|  40|0x0000000082800000, 0x0000000082900000, 0x0000000082900000|100%| O|  |TAMS 0x0000000082900000, 0x0000000082900000| Untracked 
|  41|0x0000000082900000, 0x0000000082a00000, 0x0000000082a00000|100%| O|  |TAMS 0x0000000082a00000, 0x0000000082a00000| Untracked 
|  42|0x0000000082a00000, 0x0000000082b00000, 0x0000000082b00000|100%| O|  |TAMS 0x0000000082b00000, 0x0000000082b00000| Untracked 
|  43|0x0000000082b00000, 0x0000000082c00000, 0x0000000082c00000|100%| O|  |TAMS 0x0000000082c00000, 0x0000000082c00000| Untracked 
|  44|0x0000000082c00000, 0x0000000082d00000, 0x0000000082d00000|100%| O|  |TAMS 0x0000000082d00000, 0x0000000082d00000| Untracked 
|  45|0x0000000082d00000, 0x0000000082e00000, 0x0000000082e00000|100%| O|  |TAMS 0x0000000082e00000, 0x0000000082e00000| Untracked 
|  46|0x0000000082e00000, 0x0000000082f00000, 0x0000000082f00000|100%| O|  |TAMS 0x0000000082f00000, 0x0000000082f00000| Untracked 
|  47|0x0000000082f00000, 0x0000000083000000, 0x0000000083000000|100%| O|  |TAMS 0x0000000083000000, 0x0000000083000000| Untracked 
|  48|0x0000000083000000, 0x0000000083100000, 0x0000000083100000|100%| O|  |TAMS 0x0000000083100000, 0x0000000083100000| Untracked 
|  49|0x0000000083100000, 0x0000000083200000, 0x0000000083200000|100%| O|  |TAMS 0x0000000083200000, 0x0000000083200000| Untracked 
|  50|0x0000000083200000, 0x0000000083300000, 0x0000000083300000|100%| O|  |TAMS 0x0000000083300000, 0x0000000083300000| Untracked 
|  51|0x0000000083300000, 0x0000000083400000, 0x0000000083400000|100%| O|  |TAMS 0x0000000083400000, 0x0000000083400000| Untracked 
|  52|0x0000000083400000, 0x0000000083500000, 0x0000000083500000|100%| O|  |TAMS 0x0000000083500000, 0x0000000083500000| Untracked 
|  53|0x0000000083500000, 0x0000000083600000, 0x0000000083600000|100%| O|  |TAMS 0x0000000083600000, 0x0000000083600000| Untracked 
|  54|0x0000000083600000, 0x0000000083700000, 0x0000000083700000|100%| O|  |TAMS 0x0000000083700000, 0x0000000083700000| Untracked 
|  55|0x0000000083700000, 0x0000000083800000, 0x0000000083800000|100%| O|  |TAMS 0x0000000083800000, 0x0000000083800000| Untracked 
|  56|0x0000000083800000, 0x0000000083900000, 0x0000000083900000|100%| O|  |TAMS 0x0000000083900000, 0x0000000083900000| Untracked 
|  57|0x0000000083900000, 0x0000000083a00000, 0x0000000083a00000|100%| O|  |TAMS 0x0000000083a00000, 0x0000000083a00000| Untracked 
|  58|0x0000000083a00000, 0x0000000083b00000, 0x0000000083b00000|100%| O|  |TAMS 0x0000000083b00000, 0x0000000083b00000| Untracked 
|  59|0x0000000083b00000, 0x0000000083c00000, 0x0000000083c00000|100%| O|  |TAMS 0x0000000083c00000, 0x0000000083c00000| Untracked 
|  60|0x0000000083c00000, 0x0000000083d00000, 0x0000000083d00000|100%| O|  |TAMS 0x0000000083d00000, 0x0000000083d00000| Untracked 
|  61|0x0000000083d00000, 0x0000000083e00000, 0x0000000083e00000|100%| O|  |TAMS 0x0000000083e00000, 0x0000000083e00000| Untracked 
|  62|0x0000000083e00000, 0x0000000083f00000, 0x0000000083f00000|100%| O|  |TAMS 0x0000000083f00000, 0x0000000083f00000| Untracked 
|  63|0x0000000083f00000, 0x0000000084000000, 0x0000000084000000|100%| O|  |TAMS 0x0000000084000000, 0x0000000084000000| Untracked 
|  64|0x0000000084000000, 0x0000000084100000, 0x0000000084100000|100%| O|  |TAMS 0x0000000084100000, 0x0000000084100000| Untracked 
|  65|0x0000000084100000, 0x0000000084200000, 0x0000000084200000|100%| O|  |TAMS 0x0000000084200000, 0x0000000084200000| Untracked 
|  66|0x0000000084200000, 0x0000000084300000, 0x0000000084300000|100%| O|  |TAMS 0x0000000084300000, 0x0000000084300000| Untracked 
|  67|0x0000000084300000, 0x0000000084400000, 0x0000000084400000|100%| O|  |TAMS 0x0000000084400000, 0x0000000084400000| Untracked 
|  68|0x0000000084400000, 0x0000000084500000, 0x0000000084500000|100%| O|  |TAMS 0x0000000084500000, 0x0000000084500000| Untracked 
|  69|0x0000000084500000, 0x0000000084600000, 0x0000000084600000|100%| O|  |TAMS 0x0000000084600000, 0x0000000084600000| Untracked 
|  70|0x0000000084600000, 0x0000000084700000, 0x0000000084700000|100%| O|  |TAMS 0x0000000084700000, 0x0000000084700000| Untracked 
|  71|0x0000000084700000, 0x0000000084800000, 0x0000000084800000|100%| O|  |TAMS 0x0000000084800000, 0x0000000084800000| Untracked 
|  72|0x0000000084800000, 0x0000000084900000, 0x0000000084900000|100%| O|  |TAMS 0x0000000084900000, 0x0000000084900000| Untracked 
|  73|0x0000000084900000, 0x0000000084a00000, 0x0000000084a00000|100%| O|  |TAMS 0x0000000084a00000, 0x0000000084a00000| Untracked 
|  74|0x0000000084a00000, 0x0000000084b00000, 0x0000000084b00000|100%| O|  |TAMS 0x0000000084b00000, 0x0000000084b00000| Untracked 
|  75|0x0000000084b00000, 0x0000000084c00000, 0x0000000084c00000|100%| O|  |TAMS 0x0000000084c00000, 0x0000000084c00000| Untracked 
|  76|0x0000000084c00000, 0x0000000084d00000, 0x0000000084d00000|100%| O|  |TAMS 0x0000000084d00000, 0x0000000084d00000| Untracked 
|  77|0x0000000084d00000, 0x0000000084e00000, 0x0000000084e00000|100%| O|  |TAMS 0x0000000084e00000, 0x0000000084e00000| Untracked 
|  78|0x0000000084e00000, 0x0000000084f00000, 0x0000000084f00000|100%| O|  |TAMS 0x0000000084f00000, 0x0000000084f00000| Untracked 
|  79|0x0000000084f00000, 0x0000000085000000, 0x0000000085000000|100%| O|  |TAMS 0x0000000085000000, 0x0000000085000000| Untracked 
|  80|0x0000000085000000, 0x0000000085100000, 0x0000000085100000|100%| O|  |TAMS 0x0000000085100000, 0x0000000085100000| Untracked 
|  81|0x0000000085100000, 0x0000000085200000, 0x0000000085200000|100%| O|  |TAMS 0x0000000085200000, 0x0000000085200000| Untracked 
|  82|0x0000000085200000, 0x0000000085300000, 0x0000000085300000|100%| O|  |TAMS 0x0000000085300000, 0x0000000085300000| Untracked 
|  83|0x0000000085300000, 0x0000000085400000, 0x0000000085400000|100%| O|  |TAMS 0x0000000085400000, 0x0000000085400000| Untracked 
|  84|0x0000000085400000, 0x0000000085500000, 0x0000000085500000|100%| O|  |TAMS 0x0000000085500000, 0x0000000085500000| Untracked 
|  85|0x0000000085500000, 0x0000000085600000, 0x0000000085600000|100%| O|  |TAMS 0x0000000085600000, 0x0000000085600000| Untracked 
|  86|0x0000000085600000, 0x0000000085700000, 0x0000000085700000|100%| O|  |TAMS 0x0000000085700000, 0x0000000085700000| Untracked 
|  87|0x0000000085700000, 0x0000000085800000, 0x0000000085800000|100%| O|  |TAMS 0x0000000085800000, 0x0000000085800000| Untracked 
|  88|0x0000000085800000, 0x0000000085900000, 0x0000000085900000|100%| O|  |TAMS 0x0000000085900000, 0x0000000085900000| Untracked 
|  89|0x0000000085900000, 0x0000000085a00000, 0x0000000085a00000|100%| O|  |TAMS 0x0000000085a00000, 0x0000000085a00000| Untracked 
|  90|0x0000000085a00000, 0x0000000085b00000, 0x0000000085b00000|100%| O|  |TAMS 0x0000000085b00000, 0x0000000085b00000| Untracked 
|  91|0x0000000085b00000, 0x0000000085c00000, 0x0000000085c00000|100%| O|  |TAMS 0x0000000085c00000, 0x0000000085c00000| Untracked 
|  92|0x0000000085c00000, 0x0000000085d00000, 0x0000000085d00000|100%| O|  |TAMS 0x0000000085d00000, 0x0000000085d00000| Untracked 
|  93|0x0000000085d00000, 0x0000000085e00000, 0x0000000085e00000|100%| O|  |TAMS 0x0000000085e00000, 0x0000000085e00000| Untracked 
|  94|0x0000000085e00000, 0x0000000085f00000, 0x0000000085f00000|100%| O|  |TAMS 0x0000000085f00000, 0x0000000085f00000| Untracked 
|  95|0x0000000085f00000, 0x0000000086000000, 0x0000000086000000|100%| O|  |TAMS 0x0000000086000000, 0x0000000086000000| Untracked 
|  96|0x0000000086000000, 0x0000000086100000, 0x0000000086100000|100%| O|  |TAMS 0x0000000086100000, 0x0000000086100000| Untracked 
|  97|0x0000000086100000, 0x0000000086200000, 0x0000000086200000|100%|HS|  |TAMS 0x0000000086200000, 0x0000000086200000| Complete 
|  98|0x0000000086200000, 0x0000000086300000, 0x0000000086300000|100%|HC|  |TAMS 0x0000000086300000, 0x0000000086300000| Complete 
|  99|0x0000000086300000, 0x0000000086400000, 0x0000000086400000|100%|HC|  |TAMS 0x0000000086400000, 0x0000000086400000| Complete 
| 100|0x0000000086400000, 0x0000000086500000, 0x0000000086500000|100%|HC|  |TAMS 0x0000000086500000, 0x0000000086500000| Complete 
| 101|0x0000000086500000, 0x0000000086600000, 0x0000000086600000|100%|HC|  |TAMS 0x0000000086600000, 0x0000000086600000| Complete 
| 102|0x0000000086600000, 0x0000000086700000, 0x0000000086700000|100%|HC|  |TAMS 0x0000000086700000, 0x0000000086700000| Complete 
| 103|0x0000000086700000, 0x0000000086800000, 0x0000000086800000|100%|HC|  |TAMS 0x0000000086800000, 0x0000000086800000| Complete 
| 104|0x0000000086800000, 0x0000000086900000, 0x0000000086900000|100%|HC|  |TAMS 0x0000000086900000, 0x0000000086900000| Complete 
| 105|0x0000000086900000, 0x0000000086a00000, 0x0000000086a00000|100%| O|  |TAMS 0x0000000086a00000, 0x0000000086a00000| Untracked 
| 106|0x0000000086a00000, 0x0000000086b00000, 0x0000000086b00000|100%| O|  |TAMS 0x0000000086b00000, 0x0000000086b00000| Untracked 
| 107|0x0000000086b00000, 0x0000000086c00000, 0x0000000086c00000|100%| O|  |TAMS 0x0000000086c00000, 0x0000000086c00000| Untracked 
| 108|0x0000000086c00000, 0x0000000086d00000, 0x0000000086d00000|100%|HS|  |TAMS 0x0000000086d00000, 0x0000000086d00000| Complete 
| 109|0x0000000086d00000, 0x0000000086e00000, 0x0000000086e00000|100%| O|  |TAMS 0x0000000086e00000, 0x0000000086e00000| Untracked 
| 110|0x0000000086e00000, 0x0000000086f00000, 0x0000000086f00000|100%| O|  |TAMS 0x0000000086f00000, 0x0000000086f00000| Untracked 
| 111|0x0000000086f00000, 0x0000000087000000, 0x0000000087000000|100%| O|  |TAMS 0x0000000087000000, 0x0000000087000000| Untracked 
| 112|0x0000000087000000, 0x0000000087100000, 0x0000000087100000|100%| O|  |TAMS 0x0000000087100000, 0x0000000087100000| Untracked 
| 113|0x0000000087100000, 0x0000000087200000, 0x0000000087200000|100%|HS|  |TAMS 0x0000000087200000, 0x0000000087200000| Complete 
| 114|0x0000000087200000, 0x0000000087300000, 0x0000000087300000|100%|HC|  |TAMS 0x0000000087300000, 0x0000000087300000| Complete 
| 115|0x0000000087300000, 0x0000000087400000, 0x0000000087400000|100%|HC|  |TAMS 0x0000000087400000, 0x0000000087400000| Complete 
| 116|0x0000000087400000, 0x0000000087500000, 0x0000000087500000|100%|HC|  |TAMS 0x0000000087500000, 0x0000000087500000| Complete 
| 117|0x0000000087500000, 0x0000000087600000, 0x0000000087600000|100%|HC|  |TAMS 0x0000000087600000, 0x0000000087600000| Complete 
| 118|0x0000000087600000, 0x0000000087700000, 0x0000000087700000|100%|HC|  |TAMS 0x0000000087700000, 0x0000000087700000| Complete 
| 119|0x0000000087700000, 0x0000000087800000, 0x0000000087800000|100%|HC|  |TAMS 0x0000000087800000, 0x0000000087800000| Complete 
| 120|0x0000000087800000, 0x0000000087900000, 0x0000000087900000|100%|HC|  |TAMS 0x0000000087900000, 0x0000000087900000| Complete 
| 121|0x0000000087900000, 0x0000000087a00000, 0x0000000087a00000|100%| O|  |TAMS 0x0000000087a00000, 0x0000000087a00000| Untracked 
| 122|0x0000000087a00000, 0x0000000087b00000, 0x0000000087b00000|100%| O|  |TAMS 0x0000000087b00000, 0x0000000087b00000| Untracked 
| 123|0x0000000087b00000, 0x0000000087c00000, 0x0000000087c00000|100%| O|  |TAMS 0x0000000087c00000, 0x0000000087c00000| Untracked 
| 124|0x0000000087c00000, 0x0000000087d00000, 0x0000000087d00000|100%| O|  |TAMS 0x0000000087d00000, 0x0000000087d00000| Untracked 
| 125|0x0000000087d00000, 0x0000000087e00000, 0x0000000087e00000|100%| O|  |TAMS 0x0000000087e00000, 0x0000000087e00000| Untracked 
| 126|0x0000000087e00000, 0x0000000087f00000, 0x0000000087f00000|100%| O|  |TAMS 0x0000000087f00000, 0x0000000087f00000| Untracked 
| 127|0x0000000087f00000, 0x0000000088000000, 0x0000000088000000|100%| O|  |TAMS 0x0000000088000000, 0x0000000088000000| Untracked 
| 128|0x0000000088000000, 0x0000000088100000, 0x0000000088100000|100%| O|  |TAMS 0x0000000088100000, 0x0000000088100000| Untracked 
| 129|0x0000000088100000, 0x0000000088200000, 0x0000000088200000|100%| O|  |TAMS 0x0000000088200000, 0x0000000088200000| Untracked 
| 130|0x0000000088200000, 0x0000000088300000, 0x0000000088300000|100%| O|  |TAMS 0x0000000088300000, 0x0000000088300000| Untracked 
| 131|0x0000000088300000, 0x0000000088400000, 0x0000000088400000|100%| O|  |TAMS 0x0000000088400000, 0x0000000088400000| Untracked 
| 132|0x0000000088400000, 0x0000000088500000, 0x0000000088500000|100%| O|  |TAMS 0x0000000088500000, 0x0000000088500000| Untracked 
| 133|0x0000000088500000, 0x0000000088600000, 0x0000000088600000|100%| O|  |TAMS 0x0000000088600000, 0x0000000088600000| Untracked 
| 134|0x0000000088600000, 0x0000000088700000, 0x0000000088700000|100%| O|  |TAMS 0x0000000088700000, 0x0000000088700000| Untracked 
| 135|0x0000000088700000, 0x0000000088800000, 0x0000000088800000|100%| O|  |TAMS 0x0000000088800000, 0x0000000088800000| Untracked 
| 136|0x0000000088800000, 0x0000000088900000, 0x0000000088900000|100%| O|  |TAMS 0x0000000088900000, 0x0000000088900000| Untracked 
| 137|0x0000000088900000, 0x0000000088a00000, 0x0000000088a00000|100%| O|  |TAMS 0x0000000088a00000, 0x0000000088a00000| Untracked 
| 138|0x0000000088a00000, 0x0000000088b00000, 0x0000000088b00000|100%| O|  |TAMS 0x0000000088b00000, 0x0000000088b00000| Untracked 
| 139|0x0000000088b00000, 0x0000000088c00000, 0x0000000088c00000|100%| O|  |TAMS 0x0000000088c00000, 0x0000000088c00000| Untracked 
| 140|0x0000000088c00000, 0x0000000088d00000, 0x0000000088d00000|100%| O|  |TAMS 0x0000000088d00000, 0x0000000088d00000| Untracked 
| 141|0x0000000088d00000, 0x0000000088e00000, 0x0000000088e00000|100%| O|  |TAMS 0x0000000088e00000, 0x0000000088e00000| Untracked 
| 142|0x0000000088e00000, 0x0000000088f00000, 0x0000000088f00000|100%| O|  |TAMS 0x0000000088f00000, 0x0000000088f00000| Untracked 
| 143|0x0000000088f00000, 0x0000000089000000, 0x0000000089000000|100%| O|  |TAMS 0x0000000089000000, 0x0000000089000000| Untracked 
| 144|0x0000000089000000, 0x0000000089100000, 0x0000000089100000|100%| O|  |TAMS 0x0000000089100000, 0x0000000089100000| Untracked 
| 145|0x0000000089100000, 0x0000000089200000, 0x0000000089200000|100%| O|  |TAMS 0x0000000089200000, 0x0000000089200000| Untracked 
| 146|0x0000000089200000, 0x0000000089300000, 0x0000000089300000|100%| O|  |TAMS 0x0000000089300000, 0x0000000089300000| Untracked 
| 147|0x0000000089300000, 0x0000000089400000, 0x0000000089400000|100%| O|  |TAMS 0x0000000089400000, 0x0000000089400000| Untracked 
| 148|0x0000000089400000, 0x0000000089500000, 0x0000000089500000|100%| O|  |TAMS 0x0000000089500000, 0x0000000089500000| Untracked 
| 149|0x0000000089500000, 0x0000000089600000, 0x0000000089600000|100%| O|  |TAMS 0x0000000089600000, 0x0000000089600000| Untracked 
| 150|0x0000000089600000, 0x0000000089700000, 0x0000000089700000|100%| O|  |TAMS 0x0000000089700000, 0x0000000089700000| Untracked 
| 151|0x0000000089700000, 0x0000000089800000, 0x0000000089800000|100%| O|  |TAMS 0x0000000089800000, 0x0000000089800000| Untracked 
| 152|0x0000000089800000, 0x0000000089900000, 0x0000000089900000|100%| O|  |TAMS 0x0000000089900000, 0x0000000089900000| Untracked 
| 153|0x0000000089900000, 0x0000000089a00000, 0x0000000089a00000|100%| O|  |TAMS 0x0000000089a00000, 0x0000000089a00000| Untracked 
| 154|0x0000000089a00000, 0x0000000089b00000, 0x0000000089b00000|100%| O|  |TAMS 0x0000000089b00000, 0x0000000089b00000| Untracked 
| 155|0x0000000089b00000, 0x0000000089c00000, 0x0000000089c00000|100%| O|  |TAMS 0x0000000089c00000, 0x0000000089c00000| Untracked 
| 156|0x0000000089c00000, 0x0000000089d00000, 0x0000000089d00000|100%| O|  |TAMS 0x0000000089d00000, 0x0000000089d00000| Untracked 
| 157|0x0000000089d00000, 0x0000000089e00000, 0x0000000089e00000|100%| O|  |TAMS 0x0000000089e00000, 0x0000000089e00000| Untracked 
| 158|0x0000000089e00000, 0x0000000089f00000, 0x0000000089f00000|100%| O|  |TAMS 0x0000000089f00000, 0x0000000089f00000| Untracked 
| 159|0x0000000089f00000, 0x000000008a000000, 0x000000008a000000|100%| O|  |TAMS 0x000000008a000000, 0x000000008a000000| Untracked 
| 160|0x000000008a000000, 0x000000008a100000, 0x000000008a100000|100%| O|  |TAMS 0x000000008a080400, 0x000000008a100000| Untracked 
| 161|0x000000008a100000, 0x000000008a200000, 0x000000008a200000|100%|HS|  |TAMS 0x000000008a100000, 0x000000008a200000| Complete 
| 162|0x000000008a200000, 0x000000008a300000, 0x000000008a300000|100%|HS|  |TAMS 0x000000008a200000, 0x000000008a300000| Complete 
| 163|0x000000008a300000, 0x000000008a400000, 0x000000008a400000|100%| O|  |TAMS 0x000000008a300000, 0x000000008a400000| Untracked 
| 164|0x000000008a400000, 0x000000008a500000, 0x000000008a500000|100%| O|  |TAMS 0x000000008a400000, 0x000000008a500000| Untracked 
| 165|0x000000008a500000, 0x000000008a600000, 0x000000008a600000|100%| O|  |TAMS 0x000000008a500000, 0x000000008a600000| Untracked 
| 166|0x000000008a600000, 0x000000008a700000, 0x000000008a700000|100%| O|  |TAMS 0x000000008a600000, 0x000000008a700000| Untracked 
| 167|0x000000008a700000, 0x000000008a800000, 0x000000008a800000|100%| O|  |TAMS 0x000000008a700000, 0x000000008a800000| Untracked 
| 168|0x000000008a800000, 0x000000008a900000, 0x000000008a900000|100%| O|  |TAMS 0x000000008a800000, 0x000000008a900000| Untracked 
| 169|0x000000008a900000, 0x000000008aa00000, 0x000000008aa00000|100%| O|  |TAMS 0x000000008a900000, 0x000000008aa00000| Untracked 
| 170|0x000000008aa00000, 0x000000008ab00000, 0x000000008ab00000|100%| O|  |TAMS 0x000000008aa00000, 0x000000008ab00000| Untracked 
| 171|0x000000008ab00000, 0x000000008ac00000, 0x000000008ac00000|100%| O|  |TAMS 0x000000008ab00000, 0x000000008ac00000| Untracked 
| 172|0x000000008ac00000, 0x000000008ad00000, 0x000000008ad00000|100%| O|  |TAMS 0x000000008ac00000, 0x000000008ad00000| Untracked 
| 173|0x000000008ad00000, 0x000000008ae00000, 0x000000008ae00000|100%| O|  |TAMS 0x000000008ad00000, 0x000000008ae00000| Untracked 
| 174|0x000000008ae00000, 0x000000008af00000, 0x000000008af00000|100%| O|  |TAMS 0x000000008ae00000, 0x000000008af00000| Untracked 
| 175|0x000000008af00000, 0x000000008afd6200, 0x000000008b000000| 83%| O|  |TAMS 0x000000008af00000, 0x000000008afd6200| Untracked 
| 176|0x000000008b000000, 0x000000008b000000, 0x000000008b100000|  0%| F|  |TAMS 0x000000008b000000, 0x000000008b000000| Untracked 
| 177|0x000000008b100000, 0x000000008b100000, 0x000000008b200000|  0%| F|  |TAMS 0x000000008b100000, 0x000000008b100000| Untracked 
| 178|0x000000008b200000, 0x000000008b200000, 0x000000008b300000|  0%| F|  |TAMS 0x000000008b200000, 0x000000008b200000| Untracked 
| 179|0x000000008b300000, 0x000000008b300000, 0x000000008b400000|  0%| F|  |TAMS 0x000000008b300000, 0x000000008b300000| Untracked 
| 180|0x000000008b400000, 0x000000008b400000, 0x000000008b500000|  0%| F|  |TAMS 0x000000008b400000, 0x000000008b400000| Untracked 
| 181|0x000000008b500000, 0x000000008b500000, 0x000000008b600000|  0%| F|  |TAMS 0x000000008b500000, 0x000000008b500000| Untracked 
| 182|0x000000008b600000, 0x000000008b600000, 0x000000008b700000|  0%| F|  |TAMS 0x000000008b600000, 0x000000008b600000| Untracked 
| 183|0x000000008b700000, 0x000000008b700000, 0x000000008b800000|  0%| F|  |TAMS 0x000000008b700000, 0x000000008b700000| Untracked 
| 184|0x000000008b800000, 0x000000008b800000, 0x000000008b900000|  0%| F|  |TAMS 0x000000008b800000, 0x000000008b800000| Untracked 
| 185|0x000000008b900000, 0x000000008b900000, 0x000000008ba00000|  0%| F|  |TAMS 0x000000008b900000, 0x000000008b900000| Untracked 
| 186|0x000000008ba00000, 0x000000008ba00000, 0x000000008bb00000|  0%| F|  |TAMS 0x000000008ba00000, 0x000000008ba00000| Untracked 
| 187|0x000000008bb00000, 0x000000008bb00000, 0x000000008bc00000|  0%| F|  |TAMS 0x000000008bb00000, 0x000000008bb00000| Untracked 
| 188|0x000000008bc00000, 0x000000008bc00000, 0x000000008bd00000|  0%| F|  |TAMS 0x000000008bc00000, 0x000000008bc00000| Untracked 
| 189|0x000000008bd00000, 0x000000008bd00000, 0x000000008be00000|  0%| F|  |TAMS 0x000000008bd00000, 0x000000008bd00000| Untracked 
| 190|0x000000008be00000, 0x000000008be00000, 0x000000008bf00000|  0%| F|  |TAMS 0x000000008be00000, 0x000000008be00000| Untracked 
| 191|0x000000008bf00000, 0x000000008bf00000, 0x000000008c000000|  0%| F|  |TAMS 0x000000008bf00000, 0x000000008bf00000| Untracked 
| 192|0x000000008c000000, 0x000000008c000000, 0x000000008c100000|  0%| F|  |TAMS 0x000000008c000000, 0x000000008c000000| Untracked 
| 193|0x000000008c100000, 0x000000008c100000, 0x000000008c200000|  0%| F|  |TAMS 0x000000008c100000, 0x000000008c100000| Untracked 
| 194|0x000000008c200000, 0x000000008c200000, 0x000000008c300000|  0%| F|  |TAMS 0x000000008c200000, 0x000000008c200000| Untracked 
| 195|0x000000008c300000, 0x000000008c300000, 0x000000008c400000|  0%| F|  |TAMS 0x000000008c300000, 0x000000008c300000| Untracked 
| 196|0x000000008c400000, 0x000000008c400000, 0x000000008c500000|  0%| F|  |TAMS 0x000000008c400000, 0x000000008c400000| Untracked 
| 197|0x000000008c500000, 0x000000008c500000, 0x000000008c600000|  0%| F|  |TAMS 0x000000008c500000, 0x000000008c500000| Untracked 
| 198|0x000000008c600000, 0x000000008c600000, 0x000000008c700000|  0%| F|  |TAMS 0x000000008c600000, 0x000000008c600000| Untracked 
| 199|0x000000008c700000, 0x000000008c700000, 0x000000008c800000|  0%| F|  |TAMS 0x000000008c700000, 0x000000008c700000| Untracked 
| 200|0x000000008c800000, 0x000000008c800000, 0x000000008c900000|  0%| F|  |TAMS 0x000000008c800000, 0x000000008c800000| Untracked 
| 201|0x000000008c900000, 0x000000008c900000, 0x000000008ca00000|  0%| F|  |TAMS 0x000000008c900000, 0x000000008c900000| Untracked 
| 202|0x000000008ca00000, 0x000000008ca00000, 0x000000008cb00000|  0%| F|  |TAMS 0x000000008ca00000, 0x000000008ca00000| Untracked 
| 203|0x000000008cb00000, 0x000000008cb00000, 0x000000008cc00000|  0%| F|  |TAMS 0x000000008cb00000, 0x000000008cb00000| Untracked 
| 204|0x000000008cc00000, 0x000000008cc00000, 0x000000008cd00000|  0%| F|  |TAMS 0x000000008cc00000, 0x000000008cc00000| Untracked 
| 205|0x000000008cd00000, 0x000000008cd00000, 0x000000008ce00000|  0%| F|  |TAMS 0x000000008cd00000, 0x000000008cd00000| Untracked 
| 206|0x000000008ce00000, 0x000000008ce00000, 0x000000008cf00000|  0%| F|  |TAMS 0x000000008ce00000, 0x000000008ce00000| Untracked 
| 207|0x000000008cf00000, 0x000000008cf00000, 0x000000008d000000|  0%| F|  |TAMS 0x000000008cf00000, 0x000000008cf00000| Untracked 
| 208|0x000000008d000000, 0x000000008d000000, 0x000000008d100000|  0%| F|  |TAMS 0x000000008d000000, 0x000000008d000000| Untracked 
| 209|0x000000008d100000, 0x000000008d100000, 0x000000008d200000|  0%| F|  |TAMS 0x000000008d100000, 0x000000008d100000| Untracked 
| 210|0x000000008d200000, 0x000000008d200000, 0x000000008d300000|  0%| F|  |TAMS 0x000000008d200000, 0x000000008d200000| Untracked 
| 211|0x000000008d300000, 0x000000008d300000, 0x000000008d400000|  0%| F|  |TAMS 0x000000008d300000, 0x000000008d300000| Untracked 
| 212|0x000000008d400000, 0x000000008d400000, 0x000000008d500000|  0%| F|  |TAMS 0x000000008d400000, 0x000000008d400000| Untracked 
| 213|0x000000008d500000, 0x000000008d500000, 0x000000008d600000|  0%| F|  |TAMS 0x000000008d500000, 0x000000008d500000| Untracked 
| 214|0x000000008d600000, 0x000000008d600000, 0x000000008d700000|  0%| F|  |TAMS 0x000000008d600000, 0x000000008d600000| Untracked 
| 215|0x000000008d700000, 0x000000008d700000, 0x000000008d800000|  0%| F|  |TAMS 0x000000008d700000, 0x000000008d700000| Untracked 
| 216|0x000000008d800000, 0x000000008d800000, 0x000000008d900000|  0%| F|  |TAMS 0x000000008d800000, 0x000000008d800000| Untracked 
| 217|0x000000008d900000, 0x000000008d900000, 0x000000008da00000|  0%| F|  |TAMS 0x000000008d900000, 0x000000008d900000| Untracked 
| 218|0x000000008da00000, 0x000000008da00000, 0x000000008db00000|  0%| F|  |TAMS 0x000000008da00000, 0x000000008da00000| Untracked 
| 219|0x000000008db00000, 0x000000008db00000, 0x000000008dc00000|  0%| F|  |TAMS 0x000000008db00000, 0x000000008db00000| Untracked 
| 220|0x000000008dc00000, 0x000000008dc00000, 0x000000008dd00000|  0%| F|  |TAMS 0x000000008dc00000, 0x000000008dc00000| Untracked 
| 221|0x000000008dd00000, 0x000000008dd00000, 0x000000008de00000|  0%| F|  |TAMS 0x000000008dd00000, 0x000000008dd00000| Untracked 
| 222|0x000000008de00000, 0x000000008de00000, 0x000000008df00000|  0%| F|  |TAMS 0x000000008de00000, 0x000000008de00000| Untracked 
| 223|0x000000008df00000, 0x000000008df00000, 0x000000008e000000|  0%| F|  |TAMS 0x000000008df00000, 0x000000008df00000| Untracked 
| 224|0x000000008e000000, 0x000000008e000000, 0x000000008e100000|  0%| F|  |TAMS 0x000000008e000000, 0x000000008e000000| Untracked 
| 225|0x000000008e100000, 0x000000008e100000, 0x000000008e200000|  0%| F|  |TAMS 0x000000008e100000, 0x000000008e100000| Untracked 
| 226|0x000000008e200000, 0x000000008e200000, 0x000000008e300000|  0%| F|  |TAMS 0x000000008e200000, 0x000000008e200000| Untracked 
| 227|0x000000008e300000, 0x000000008e388560, 0x000000008e400000| 53%| S|CS|TAMS 0x000000008e300000, 0x000000008e300000| Complete 
| 228|0x000000008e400000, 0x000000008e500000, 0x000000008e500000|100%| S|CS|TAMS 0x000000008e400000, 0x000000008e400000| Complete 
| 229|0x000000008e500000, 0x000000008e600000, 0x000000008e600000|100%| S|CS|TAMS 0x000000008e500000, 0x000000008e500000| Complete 
| 230|0x000000008e600000, 0x000000008e600000, 0x000000008e700000|  0%| F|  |TAMS 0x000000008e600000, 0x000000008e600000| Untracked 
| 231|0x000000008e700000, 0x000000008e700000, 0x000000008e800000|  0%| F|  |TAMS 0x000000008e700000, 0x000000008e700000| Untracked 
| 232|0x000000008e800000, 0x000000008e800000, 0x000000008e900000|  0%| F|  |TAMS 0x000000008e800000, 0x000000008e800000| Untracked 
| 233|0x000000008e900000, 0x000000008e900000, 0x000000008ea00000|  0%| F|  |TAMS 0x000000008e900000, 0x000000008e900000| Untracked 
| 234|0x000000008ea00000, 0x000000008ea00000, 0x000000008eb00000|  0%| F|  |TAMS 0x000000008ea00000, 0x000000008ea00000| Untracked 
| 235|0x000000008eb00000, 0x000000008eb00000, 0x000000008ec00000|  0%| F|  |TAMS 0x000000008eb00000, 0x000000008eb00000| Untracked 
| 236|0x000000008ec00000, 0x000000008ec00000, 0x000000008ed00000|  0%| F|  |TAMS 0x000000008ec00000, 0x000000008ec00000| Untracked 
| 237|0x000000008ed00000, 0x000000008ed00000, 0x000000008ee00000|  0%| F|  |TAMS 0x000000008ed00000, 0x000000008ed00000| Untracked 
| 238|0x000000008ee00000, 0x000000008ee00000, 0x000000008ef00000|  0%| F|  |TAMS 0x000000008ee00000, 0x000000008ee00000| Untracked 
| 239|0x000000008ef00000, 0x000000008ef00000, 0x000000008f000000|  0%| F|  |TAMS 0x000000008ef00000, 0x000000008ef00000| Untracked 
| 240|0x000000008f000000, 0x000000008f000000, 0x000000008f100000|  0%| F|  |TAMS 0x000000008f000000, 0x000000008f000000| Untracked 

Card table byte_map: [0x00000162968f0000,0x0000016296cf0000] _byte_map_base: 0x00000162964f0000

Marking Bits (Prev, Next): (CMBitMap*) 0x0000016282fddae0, (CMBitMap*) 0x0000016282fddaa8
 Prev Bits: [0x00000162990f0000, 0x000001629b0f0000)
 Next Bits: [0x00000162970f0000, 0x00000162990f0000)

Polling page: 0x0000016281910000

Metaspace:

Usage:
  Non-class:     93.84 MB capacity,    91.99 MB ( 98%) used,     1.50 MB (  2%) free+waste,   353.63 KB ( <1%) overhead. 
      Class:     15.05 MB capacity,    13.95 MB ( 93%) used,   963.13 KB (  6%) free+waste,   163.44 KB (  1%) overhead. 
       Both:    108.89 MB capacity,   105.95 MB ( 97%) used,     2.44 MB (  2%) free+waste,   517.06 KB ( <1%) overhead. 

Virtual space:
  Non-class space:       94.00 MB reserved,      94.00 MB (100%) committed 
      Class space:        1.00 GB reserved,      15.13 MB (  1%) committed 
             Both:        1.09 GB reserved,     109.13 MB ( 10%) committed 

Chunk freelists:
   Non-Class:  35.00 KB
       Class:  10.00 KB
        Both:  45.00 KB

MaxMetaspaceSize: 17179869184.00 GB
CompressedClassSpaceSize: 1.00 GB

CodeHeap 'non-profiled nmethods': size=120000Kb used=6318Kb max_used=6318Kb free=113681Kb
 bounds [0x000001628e560000, 0x000001628eb90000, 0x0000016295a90000]
CodeHeap 'profiled nmethods': size=120000Kb used=26642Kb max_used=26642Kb free=93357Kb
 bounds [0x0000016287030000, 0x0000016288a40000, 0x000001628e560000]
CodeHeap 'non-nmethods': size=5760Kb used=2342Kb max_used=2389Kb free=3418Kb
 bounds [0x0000016286a90000, 0x0000016286d00000, 0x0000016287030000]
 total_blobs=13639 nmethods=12674 adapters=876
 compilation: enabled
              stopped_count=0, restarted_count=0
 full_count=0

Compilation events (20 events):
Event: 39.152 Thread 0x000001629dbdb800 12972       2       com.android.tools.r8.graph.z::c (41 bytes)
Event: 39.154 Thread 0x000001629dbdb800 nmethod 12972 0x0000016288a30690 code [0x0000016288a308e0, 0x0000016288a31478]
Event: 39.154 Thread 0x000001629dbdb800 12980       2       com.android.tools.r8.ir.conversion.i::a (7 bytes)
Event: 39.154 Thread 0x000001629dbdb800 nmethod 12980 0x0000016288a31810 code [0x0000016288a319c0, 0x0000016288a31ae8]
Event: 39.154 Thread 0x000001629dbdb800 12974       2       com.android.tools.r8.internal.gr::d (18 bytes)
Event: 39.154 Thread 0x000001629dbdb800 nmethod 12974 0x0000016288a31b90 code [0x0000016288a31da0, 0x0000016288a323c8]
Event: 39.154 Thread 0x000001629dbdb800 12958       2       com.android.tools.r8.internal.bd::<init> (10 bytes)
Event: 39.154 Thread 0x000001629dbdb800 nmethod 12958 0x0000016288a32610 code [0x0000016288a327c0, 0x0000016288a32978]
Event: 39.154 Thread 0x000001629dbdb800 12990       2       com.android.tools.r8.graph.Z::h (9 bytes)
Event: 39.155 Thread 0x000001629dbdb800 nmethod 12990 0x0000016288a32a10 code [0x0000016288a32c00, 0x0000016288a330a8]
Event: 39.155 Thread 0x000001629dbdb800 12983       2       com.android.tools.r8.ir.conversion.k$$Lambda$1384/0x0000000100dd8040::<init> (10 bytes)
Event: 39.155 Thread 0x000001629dbdb800 nmethod 12983 0x0000016288a33290 code [0x0000016288a33440, 0x0000016288a33578]
Event: 39.155 Thread 0x000001629dbdb800 12988       2       com.android.tools.r8.internal.qp$$Lambda$1385/0x0000000100dd8840::<init> (10 bytes)
Event: 39.155 Thread 0x000001629dbdb800 nmethod 12988 0x0000016288a33610 code [0x0000016288a337c0, 0x0000016288a338f8]
Event: 39.155 Thread 0x000001629dbdb800 12989       2       com.android.tools.r8.ir.conversion.k$$Lambda$1384/0x0000000100dd8040::forEach (9 bytes)
Event: 39.156 Thread 0x000001629dbdb800 nmethod 12989 0x0000016288a33990 code [0x0000016288a33b80, 0x0000016288a33f98]
Event: 39.166 Thread 0x000001629dbdb800 13024       2       com.android.tools.r8.graph.Z::i1 (16 bytes)
Event: 39.166 Thread 0x000001629dbdb800 nmethod 13024 0x0000016288a34210 code [0x0000016288a343c0, 0x0000016288a344d8]
Event: 39.166 Thread 0x000001629dbdb800 13025       2       com.android.tools.r8.graph.Z::h1 (16 bytes)
Event: 39.166 Thread 0x000001629dbdb800 nmethod 13025 0x0000016288a34590 code [0x0000016288a34740, 0x0000016288a34858]

GC Heap History (20 events):
Event: 36.760 GC heap after
{Heap after GC invocations=68 (full 0):
 garbage-first heap   total 144384K, used 127745K [0x0000000080000000, 0x0000000100000000)
  region size 1024K, 1 young (1024K), 1 survivors (1024K)
 Metaspace       used 107187K, capacity 110157K, committed 110464K, reserved 1144832K
  class space    used 14049K, capacity 15193K, committed 15232K, reserved 1048576K
}
Event: 36.809 GC heap before
{Heap before GC invocations=68 (full 0):
 garbage-first heap   total 144384K, used 133889K [0x0000000080000000, 0x0000000100000000)
  region size 1024K, 7 young (7168K), 1 survivors (1024K)
 Metaspace       used 107187K, capacity 110157K, committed 110464K, reserved 1144832K
  class space    used 14049K, capacity 15193K, committed 15232K, reserved 1048576K
}
Event: 36.815 GC heap after
{Heap after GC invocations=69 (full 0):
 garbage-first heap   total 144384K, used 130670K [0x0000000080000000, 0x0000000100000000)
  region size 1024K, 1 young (1024K), 1 survivors (1024K)
 Metaspace       used 107187K, capacity 110157K, committed 110464K, reserved 1144832K
  class space    used 14049K, capacity 15193K, committed 15232K, reserved 1048576K
}
Event: 36.883 GC heap before
{Heap before GC invocations=70 (full 0):
 garbage-first heap   total 144384K, used 135790K [0x0000000080000000, 0x0000000100000000)
  region size 1024K, 7 young (7168K), 1 survivors (1024K)
 Metaspace       used 107188K, capacity 110157K, committed 110464K, reserved 1144832K
  class space    used 14049K, capacity 15193K, committed 15232K, reserved 1048576K
}
Event: 36.891 GC heap after
{Heap after GC invocations=71 (full 0):
 garbage-first heap   total 174080K, used 132883K [0x0000000080000000, 0x0000000100000000)
  region size 1024K, 1 young (1024K), 1 survivors (1024K)
 Metaspace       used 107188K, capacity 110157K, committed 110464K, reserved 1144832K
  class space    used 14049K, capacity 15193K, committed 15232K, reserved 1048576K
}
Event: 37.050 GC heap before
{Heap before GC invocations=71 (full 0):
 garbage-first heap   total 174080K, used 140051K [0x0000000080000000, 0x0000000100000000)
  region size 1024K, 8 young (8192K), 1 survivors (1024K)
 Metaspace       used 108144K, capacity 111146K, committed 111232K, reserved 1144832K
  class space    used 14285K, capacity 15417K, committed 15488K, reserved 1048576K
}
Event: 37.057 GC heap after
{Heap after GC invocations=72 (full 0):
 garbage-first heap   total 174080K, used 136678K [0x0000000080000000, 0x0000000100000000)
  region size 1024K, 1 young (1024K), 1 survivors (1024K)
 Metaspace       used 108144K, capacity 111146K, committed 111232K, reserved 1144832K
  class space    used 14285K, capacity 15417K, committed 15488K, reserved 1048576K
}
Event: 37.216 GC heap before
{Heap before GC invocations=72 (full 0):
 garbage-first heap   total 174080K, used 142822K [0x0000000080000000, 0x0000000100000000)
  region size 1024K, 8 young (8192K), 1 survivors (1024K)
 Metaspace       used 108205K, capacity 111211K, committed 111488K, reserved 1144832K
  class space    used 14285K, capacity 15417K, committed 15488K, reserved 1048576K
}
Event: 37.223 GC heap after
{Heap after GC invocations=73 (full 0):
 garbage-first heap   total 174080K, used 140813K [0x0000000080000000, 0x0000000100000000)
  region size 1024K, 1 young (1024K), 1 survivors (1024K)
 Metaspace       used 108205K, capacity 111211K, committed 111488K, reserved 1144832K
  class space    used 14285K, capacity 15417K, committed 15488K, reserved 1048576K
}
Event: 37.414 GC heap before
{Heap before GC invocations=73 (full 0):
 garbage-first heap   total 174080K, used 147981K [0x0000000080000000, 0x0000000100000000)
  region size 1024K, 8 young (8192K), 1 survivors (1024K)
 Metaspace       used 108286K, capacity 111286K, committed 111488K, reserved 1144832K
  class space    used 14285K, capacity 15417K, committed 15488K, reserved 1048576K
}
Event: 37.421 GC heap after
{Heap after GC invocations=74 (full 0):
 garbage-first heap   total 174080K, used 144973K [0x0000000080000000, 0x0000000100000000)
  region size 1024K, 1 young (1024K), 1 survivors (1024K)
 Metaspace       used 108286K, capacity 111286K, committed 111488K, reserved 1144832K
  class space    used 14285K, capacity 15417K, committed 15488K, reserved 1048576K
}
Event: 37.597 GC heap before
{Heap before GC invocations=75 (full 0):
 garbage-first heap   total 174080K, used 152141K [0x0000000080000000, 0x0000000100000000)
  region size 1024K, 8 young (8192K), 1 survivors (1024K)
 Metaspace       used 108293K, capacity 111286K, committed 111488K, reserved 1144832K
  class space    used 14285K, capacity 15417K, committed 15488K, reserved 1048576K
}
Event: 37.607 GC heap after
{Heap after GC invocations=76 (full 0):
 garbage-first heap   total 246784K, used 149075K [0x0000000080000000, 0x0000000100000000)
  region size 1024K, 1 young (1024K), 1 survivors (1024K)
 Metaspace       used 108293K, capacity 111286K, committed 111488K, reserved 1144832K
  class space    used 14285K, capacity 15417K, committed 15488K, reserved 1048576K
}
Event: 37.788 GC heap before
{Heap before GC invocations=76 (full 0):
 garbage-first heap   total 246784K, used 159315K [0x0000000080000000, 0x0000000100000000)
  region size 1024K, 12 young (12288K), 1 survivors (1024K)
 Metaspace       used 108312K, capacity 111289K, committed 111488K, reserved 1144832K
  class space    used 14285K, capacity 15417K, committed 15488K, reserved 1048576K
}
Event: 37.824 GC heap after
{Heap after GC invocations=77 (full 0):
 garbage-first heap   total 246784K, used 155504K [0x0000000080000000, 0x0000000100000000)
  region size 1024K, 2 young (2048K), 2 survivors (2048K)
 Metaspace       used 108312K, capacity 111289K, committed 111488K, reserved 1144832K
  class space    used 14285K, capacity 15417K, committed 15488K, reserved 1048576K
}
Event: 38.363 GC heap before
{Heap before GC invocations=77 (full 0):
 garbage-first heap   total 246784K, used 179056K [0x0000000080000000, 0x0000000100000000)
  region size 1024K, 25 young (25600K), 2 survivors (2048K)
 Metaspace       used 108319K, capacity 111289K, committed 111488K, reserved 1144832K
  class space    used 14285K, capacity 15417K, committed 15488K, reserved 1048576K
}
Event: 38.414 GC heap after
{Heap after GC invocations=78 (full 0):
 garbage-first heap   total 246784K, used 168449K [0x0000000080000000, 0x0000000100000000)
  region size 1024K, 4 young (4096K), 4 survivors (4096K)
 Metaspace       used 108319K, capacity 111289K, committed 111488K, reserved 1144832K
  class space    used 14285K, capacity 15417K, committed 15488K, reserved 1048576K
}
Event: 39.075 GC heap before
{Heap before GC invocations=79 (full 0):
 garbage-first heap   total 246784K, used 188929K [0x0000000080000000, 0x0000000100000000)
  region size 1024K, 23 young (23552K), 4 survivors (4096K)
 Metaspace       used 108447K, capacity 111428K, committed 111744K, reserved 1144832K
  class space    used 14287K, capacity 15414K, committed 15488K, reserved 1048576K
}
Event: 39.094 GC heap after
{Heap after GC invocations=80 (full 0):
 garbage-first heap   total 246784K, used 179200K [0x0000000080000000, 0x0000000100000000)
  region size 1024K, 3 young (3072K), 3 survivors (3072K)
 Metaspace       used 108447K, capacity 111428K, committed 111744K, reserved 1144832K
  class space    used 14287K, capacity 15414K, committed 15488K, reserved 1048576K
}
Event: 39.178 GC heap before
{Heap before GC invocations=80 (full 0):
 garbage-first heap   total 246784K, used 189440K [0x0000000080000000, 0x0000000100000000)
  region size 1024K, 14 young (14336K), 3 survivors (3072K)
 Metaspace       used 108489K, capacity 111507K, committed 111744K, reserved 1144832K
  class space    used 14287K, capacity 15414K, committed 15488K, reserved 1048576K
}

Deoptimization events (20 events):
Event: 37.060 Thread 0x00000162a1b58000 DEOPT PACKING pc=0x0000016288890c60 sp=0x0000004bbb5feb80
Event: 37.060 Thread 0x00000162a1b58000 DEOPT UNPACKING pc=0x0000016286ab76ce sp=0x0000004bbb5fe1a8 mode 0
Event: 37.162 Thread 0x00000162a1b58000 DEOPT PACKING pc=0x000001628888dc7e sp=0x0000004bbb5fe5b0
Event: 37.162 Thread 0x00000162a1b58000 DEOPT UNPACKING pc=0x0000016286ab76ce sp=0x0000004bbb5fdb30 mode 0
Event: 37.174 Thread 0x00000162a1b58000 DEOPT PACKING pc=0x00000162888b5f6d sp=0x0000004bbb5fe330
Event: 37.174 Thread 0x00000162a1b58000 DEOPT UNPACKING pc=0x0000016286ab76ce sp=0x0000004bbb5fdfc0 mode 0
Event: 37.179 Thread 0x00000162a1b58000 DEOPT PACKING pc=0x00000162888c36b9 sp=0x0000004bbb5fe7f0
Event: 37.179 Thread 0x00000162a1b58000 DEOPT UNPACKING pc=0x0000016286ab76ce sp=0x0000004bbb5fdeb0 mode 0
Event: 37.195 Thread 0x00000162a1b58000 DEOPT PACKING pc=0x00000162888b5f6d sp=0x0000004bbb5fe310
Event: 37.195 Thread 0x00000162a1b58000 DEOPT UNPACKING pc=0x0000016286ab76ce sp=0x0000004bbb5fdfa0 mode 0
Event: 37.228 Thread 0x00000162a1b58000 DEOPT PACKING pc=0x00000162888b5f6d sp=0x0000004bbb5fe330
Event: 37.228 Thread 0x00000162a1b58000 DEOPT UNPACKING pc=0x0000016286ab76ce sp=0x0000004bbb5fdfc0 mode 0
Event: 37.239 Thread 0x00000162a1b58000 DEOPT PACKING pc=0x00000162888c36b9 sp=0x0000004bbb5fe810
Event: 37.239 Thread 0x00000162a1b58000 DEOPT UNPACKING pc=0x0000016286ab76ce sp=0x0000004bbb5fded0 mode 0
Event: 39.047 Thread 0x00000162a1b5a800 DEOPT PACKING pc=0x00000162889b6d90 sp=0x0000004bbb7fee60
Event: 39.047 Thread 0x00000162a1b5a800 DEOPT UNPACKING pc=0x0000016286ab76ce sp=0x0000004bbb7fe398 mode 0
Event: 39.110 Thread 0x000001629ff64800 DEOPT PACKING pc=0x0000016288a044f4 sp=0x0000004bbb9fe6d0
Event: 39.110 Thread 0x000001629ff64800 DEOPT UNPACKING pc=0x0000016286ab76ce sp=0x0000004bbb9fdba0 mode 0
Event: 39.123 Thread 0x00000162a1b57000 DEOPT PACKING pc=0x00000162889fc24d sp=0x0000004bbb4fe880
Event: 39.123 Thread 0x00000162a1b57000 DEOPT UNPACKING pc=0x0000016286ab76ce sp=0x0000004bbb4fde90 mode 0

Classes redefined (0 events):
No events

Internal exceptions (20 events):
Event: 34.310 Thread 0x00000162a1b52000 Exception <a 'java/lang/NoSuchMethodError'{0x00000000881cfa78}: 'void java.lang.invoke.DirectMethodHandle$Holder.invokeStatic(java.lang.Object, java.lang.Object, java.lang.Object, int)'> (0x00000000881cfa78) thrown at [./src/hotspot/share/interpreter/linkResolver.cpp, line 773]
Event: 34.311 Thread 0x00000162a1b52000 Exception <a 'java/lang/IncompatibleClassChangeError'{0x00000000881d78a0}: Found class java.lang.Object, but interface was expected> (0x00000000881d78a0) thrown at [./src/hotspot/share/interpreter/linkResolver.cpp, line 839]
Event: 34.415 Thread 0x00000162a1b52000 Exception <a 'java/lang/NoSuchMethodError'{0x0000000087c6dc20}: 'java.lang.Object java.lang.invoke.DirectMethodHandle$Holder.invokeStatic(java.lang.Object, int, java.lang.Object, java.lang.Object)'> (0x0000000087c6dc20) thrown at [./src/hotspot/share/interpreter/linkResolver.cpp, line 773]
Event: 34.434 Thread 0x00000162a1b52000 Exception <a 'java/lang/NoSuchMethodError'{0x0000000087b1a848}: 'java.lang.Object java.lang.invoke.Invokers$Holder.linkToTargetMethod(java.lang.Object, java.lang.Object, java.lang.Object, java.lang.Object, java.lang.Object, java.lang.Object, java.lang.Object, java.lang.Object)'> (0x0000000087b1a848) thrown at [./src/hotspot/share/interpreter/linkResolver.cpp, line 773]
Event: 34.529 Thread 0x00000162a1b52000 Exception <a 'java/lang/NoSuchMethodError'{0x0000000087acf470}: 'int java.lang.invoke.DirectMethodHandle$Holder.invokeVirtual(java.lang.Object, java.lang.Object, java.lang.Object)'> (0x0000000087acf470) thrown at [./src/hotspot/share/interpreter/linkResolver.cpp, line 773]
Event: 34.536 Thread 0x00000162a1b52000 Exception <a 'java/lang/NoSuchMethodError'{0x0000000087912850}: 'java.lang.Object java.lang.invoke.Invokers$Holder.linkToTargetMethod(java.lang.Object, java.lang.Object, java.lang.Object, java.lang.Object, java.lang.Object, java.lang.Object, java.lang.Object)'> (0x0000000087912850) thrown at [./src/hotspot/share/interpreter/linkResolver.cpp, line 773]
Event: 34.615 Thread 0x00000162a1b52000 Exception <a 'java/lang/NoSuchMethodError'{0x000000008774e270}: 'java.lang.Object java.lang.invoke.DirectMethodHandle$Holder.invokeVirtual(java.lang.Object, java.lang.Object, int, java.lang.Object)'> (0x000000008774e270) thrown at [./src/hotspot/share/interpreter/linkResolver.cpp, line 773]
Event: 34.692 Thread 0x00000162a1b52000 Exception <a 'java/lang/NoSuchMethodError'{0x0000000088c531d0}: 'void java.lang.invoke.DirectMethodHandle$Holder.invokeVirtual(java.lang.Object, java.lang.Object, int, java.lang.Object)'> (0x0000000088c531d0) thrown at [./src/hotspot/share/interpreter/linkResolver.cpp, line 773]
Event: 34.963 Thread 0x00000162a1b52000 Exception <a 'java/lang/NoSuchMethodError'{0x000000008871f320}: 'java.lang.Object java.lang.invoke.DirectMethodHandle$Holder.invokeSpecial(java.lang.Object, java.lang.Object, java.lang.Object, java.lang.Object, java.lang.Object, java.lang.Object, java.lang.Object, java.lang.Object, java.lang.Object, java.lang.Object, java.lang.Object)'> (0x000000008871f320) thrown at [./src/hotspot/share/interpreter/linkResolver.cpp, line 773]
Event: 34.964 Thread 0x00000162a1b52000 Exception <a 'java/lang/NoSuchMethodError'{0x000000008872a548}: 'java.lang.Object java.lang.invoke.Invokers$Holder.linkToTargetMethod(java.lang.Object, java.lang.Object, java.lang.Object, java.lang.Object, java.lang.Object, java.lang.Object, java.lang.Object, java.lang.Object, java.lang.Object, java.lang.Object)'> (0x000000008872a548) thrown at [./src/hotspot/share/interpreter/linkResolver.cpp, line 773]
Event: 34.980 Thread 0x00000162a1b52000 Exception <a 'java/lang/IncompatibleClassChangeError'{0x000000008861a108}: Found class java.lang.Object, but interface was expected> (0x000000008861a108) thrown at [./src/hotspot/share/interpreter/linkResolver.cpp, line 839]
Event: 35.134 Thread 0x00000162a1b52000 Exception <a 'java/lang/IncompatibleClassChangeError'{0x00000000882d6078}: Found class java.lang.Object, but interface was expected> (0x00000000882d6078) thrown at [./src/hotspot/share/interpreter/linkResolver.cpp, line 839]
Event: 35.153 Thread 0x00000162a1b52000 Exception <a 'java/lang/NoSuchMethodError'{0x00000000881716d8}: 'void java.lang.invoke.DirectMethodHandle$Holder.invokeSpecial(java.lang.Object, java.lang.Object, int, java.lang.Object, java.lang.Object, java.lang.Object, java.lang.Object)'> (0x00000000881716d8) thrown at [./src/hotspot/share/interpreter/linkResolver.cpp, line 773]
Event: 35.154 Thread 0x00000162a1b52000 Exception <a 'java/lang/NoSuchMethodError'{0x000000008817cd88}: 'java.lang.Object java.lang.invoke.Invokers$Holder.linkToTargetMethod(java.lang.Object, int, java.lang.Object, java.lang.Object, java.lang.Object, java.lang.Object)'> (0x000000008817cd88) thrown at [./src/hotspot/share/interpreter/linkResolver.cpp, line 773]
Event: 35.154 Thread 0x00000162a1b52000 Exception <a 'java/lang/NoSuchMethodError'{0x00000000881808d0}: 'void java.lang.invoke.DirectMethodHandle$Holder.invokeSpecial(java.lang.Object, java.lang.Object, java.lang.Object, java.lang.Object, java.lang.Object, java.lang.Object, java.lang.Object, java.lang.Object, java.lang.Object)'> (0x00000000881808d0) thrown at [./src/hotspot/share/interpreter/linkResolver.cpp, line 773]
Event: 35.180 Thread 0x00000162a1b52000 Exception <a 'java/lang/NoSuchMethodError'{0x000000008806b688}: 'void java.lang.invoke.DirectMethodHandle$Holder.invokeStatic(java.lang.Object, java.lang.Object, java.lang.Object, java.lang.Object, java.lang.Object, java.lang.Object, java.lang.Object, java.lang.Object)'> (0x000000008806b688) thrown at [./src/hotspot/share/interpreter/linkResolver.cpp, line 773]
Event: 35.241 Thread 0x00000162a1b52000 Exception <a 'java/lang/IncompatibleClassChangeError'{0x0000000087e0c270}: Found class java.lang.Object, but interface was expected> (0x0000000087e0c270) thrown at [./src/hotspot/share/interpreter/linkResolver.cpp, line 839]
Event: 35.304 Thread 0x00000162a1b52000 Exception <a 'java/lang/NoSuchMethodError'{0x0000000087d5c880}: 'void java.lang.invoke.DirectMethodHandle$Holder.invokeVirtual(java.lang.Object, java.lang.Object, int)'> (0x0000000087d5c880) thrown at [./src/hotspot/share/interpreter/linkResolver.cpp, line 773]
Event: 35.331 Thread 0x00000162a1b52000 Exception <a 'sun/nio/fs/WindowsException'{0x0000000087de3db0}> (0x0000000087de3db0) thrown at [./src/hotspot/share/prims/jni.cpp, line 615]
Event: 36.192 Thread 0x00000162a1b50000 Exception <a 'sun/nio/fs/WindowsException'{0x0000000088bc31e8}> (0x0000000088bc31e8) thrown at [./src/hotspot/share/prims/jni.cpp, line 615]

Events (20 events):
Event: 39.057 Executing coalesced safepoint VM operation: RevokeBias
Event: 39.057 Executing coalesced safepoint VM operation: RevokeBias done
Event: 39.057 Executing VM operation: RevokeBias done
Event: 39.057 Executing VM operation: RevokeBias
Event: 39.057 Executing VM operation: RevokeBias done
Event: 39.057 Executing VM operation: RevokeBias
Event: 39.058 Executing coalesced safepoint VM operation: RevokeBias
Event: 39.058 Executing coalesced safepoint VM operation: RevokeBias done
Event: 39.058 Executing coalesced safepoint VM operation: BulkRevokeBias
Event: 39.059 Executing coalesced safepoint VM operation: BulkRevokeBias done
Event: 39.059 Executing coalesced safepoint VM operation: RevokeBias
Event: 39.059 Executing coalesced safepoint VM operation: RevokeBias done
Event: 39.059 Executing VM operation: RevokeBias done
Event: 39.060 Executing VM operation: RevokeBias
Event: 39.060 Executing VM operation: RevokeBias done
Event: 39.064 Executing VM operation: BulkRevokeBias
Event: 39.066 Executing VM operation: BulkRevokeBias done
Event: 39.074 Executing VM operation: G1CollectForAllocation
Event: 39.094 Executing VM operation: G1CollectForAllocation done
Event: 39.178 Executing VM operation: G1CollectForAllocation


Dynamic libraries:
0x00007ff6b9710000 - 0x00007ff6b971a000 	C:\Program Files\Android\Android Studio\jre\bin\java.exe
0x00007ffc26590000 - 0x00007ffc26785000 	C:\WINDOWS\SYSTEM32\ntdll.dll
0x00007ffc25640000 - 0x00007ffc256fe000 	C:\WINDOWS\System32\KERNEL32.DLL
0x00007ffc24310000 - 0x00007ffc245d8000 	C:\WINDOWS\System32\KERNELBASE.dll
0x00007ffc24210000 - 0x00007ffc24310000 	C:\WINDOWS\System32\ucrtbase.dll
0x00007ffc1e830000 - 0x00007ffc1e847000 	C:\Program Files\Android\Android Studio\jre\bin\VCRUNTIME140.dll
0x00007ffc1f0b0000 - 0x00007ffc1f0c9000 	C:\Program Files\Android\Android Studio\jre\bin\jli.dll
0x00007ffc26110000 - 0x00007ffc262b1000 	C:\WINDOWS\System32\USER32.dll
0x00007ffc23e80000 - 0x00007ffc23ea2000 	C:\WINDOWS\System32\win32u.dll
0x00007ffc25fd0000 - 0x00007ffc25ffb000 	C:\WINDOWS\System32\GDI32.dll
0x00007ffc0ad10000 - 0x00007ffc0afaa000 	C:\WINDOWS\WinSxS\amd64_microsoft.windows.common-controls_6595b64144ccf1df_6.0.19041.1110_none_60b5254171f9507e\COMCTL32.dll
0x00007ffc23d70000 - 0x00007ffc23e7b000 	C:\WINDOWS\System32\gdi32full.dll
0x00007ffc24060000 - 0x00007ffc240fd000 	C:\WINDOWS\System32\msvcp_win.dll
0x00007ffc24c20000 - 0x00007ffc24cbe000 	C:\WINDOWS\System32\msvcrt.dll
0x00007ffc25360000 - 0x00007ffc25390000 	C:\WINDOWS\System32\IMM32.DLL
0x00007ffc0a5d0000 - 0x00007ffc0a66d000 	C:\Program Files\Android\Android Studio\jre\bin\msvcp140.dll
0x00007ffbd3650000 - 0x00007ffbd411f000 	C:\Program Files\Android\Android Studio\jre\bin\server\jvm.dll
0x00007ffc25180000 - 0x00007ffc2522c000 	C:\WINDOWS\System32\ADVAPI32.dll
0x00007ffc26070000 - 0x00007ffc2610b000 	C:\WINDOWS\System32\sechost.dll
0x00007ffc26350000 - 0x00007ffc2647a000 	C:\WINDOWS\System32\RPCRT4.dll
0x00007ffc26000000 - 0x00007ffc26008000 	C:\WINDOWS\System32\PSAPI.DLL
0x00007ffc17a10000 - 0x00007ffc17a37000 	C:\WINDOWS\SYSTEM32\WINMM.dll
0x00007ffc0d070000 - 0x00007ffc0d079000 	C:\WINDOWS\SYSTEM32\WSOCK32.dll
0x00007ffc21c50000 - 0x00007ffc21c5a000 	C:\WINDOWS\SYSTEM32\VERSION.dll
0x00007ffc25f60000 - 0x00007ffc25fcb000 	C:\WINDOWS\System32\WS2_32.dll
0x00007ffc224f0000 - 0x00007ffc22502000 	C:\WINDOWS\SYSTEM32\kernel.appcore.dll
0x00007ffbecf00000 - 0x00007ffbecf11000 	C:\Program Files\Android\Android Studio\jre\bin\verify.dll
0x00007ffc11480000 - 0x00007ffc11664000 	C:\WINDOWS\SYSTEM32\DBGHELP.DLL
0x00007ffc0e3b0000 - 0x00007ffc0e3dc000 	C:\WINDOWS\SYSTEM32\dbgcore.DLL
0x00007ffc23cb0000 - 0x00007ffc23d33000 	C:\WINDOWS\System32\bcryptPrimitives.dll
0x00007ffbeced0000 - 0x00007ffbecef9000 	C:\Program Files\Android\Android Studio\jre\bin\java.dll
0x00007ffc07930000 - 0x00007ffc0793b000 	C:\Program Files\Android\Android Studio\jre\bin\jimage.dll
0x00007ffbeceb0000 - 0x00007ffbecec8000 	C:\Program Files\Android\Android Studio\jre\bin\zip.dll
0x00007ffc25820000 - 0x00007ffc25f5f000 	C:\WINDOWS\System32\SHELL32.dll
0x00007ffc21d50000 - 0x00007ffc224e0000 	C:\WINDOWS\SYSTEM32\windows.storage.dll
0x00007ffc24e20000 - 0x00007ffc25175000 	C:\WINDOWS\System32\combase.dll
0x00007ffc23630000 - 0x00007ffc2365e000 	C:\WINDOWS\SYSTEM32\Wldp.dll
0x00007ffc24ce0000 - 0x00007ffc24d8d000 	C:\WINDOWS\System32\SHCORE.dll
0x00007ffc257c0000 - 0x00007ffc25815000 	C:\WINDOWS\System32\shlwapi.dll
0x00007ffc23bf0000 - 0x00007ffc23c0f000 	C:\WINDOWS\SYSTEM32\profapi.dll
0x00007ffbec750000 - 0x00007ffbec76a000 	C:\Program Files\Android\Android Studio\jre\bin\net.dll
0x00007ffc128f0000 - 0x00007ffc129fc000 	C:\WINDOWS\SYSTEM32\WINHTTP.dll
0x00007ffc23340000 - 0x00007ffc233aa000 	C:\WINDOWS\system32\mswsock.dll
0x00007ffbec730000 - 0x00007ffbec744000 	C:\Program Files\Android\Android Studio\jre\bin\nio.dll
0x00007ffc1eb70000 - 0x00007ffc1eb97000 	C:\Users\souvik dey\.gradle\native\8bec1ad78214c89d9ad589b4d07fe93259594b29d510b10fafb7a158f7737e5d\windows-amd64\native-platform.dll
0x00007ffc1c530000 - 0x00007ffc1c66d000 	C:\Users\souvik dey\.gradle\native\53dbd7edfb1c66fb8903c78663c9afc45aea4f116125fa6feffd364cf09443e8\windows-amd64\native-platform-file-events.dll
0x00007ffc078f0000 - 0x00007ffc078fa000 	C:\Program Files\Android\Android Studio\jre\bin\management.dll
0x00007ffc00960000 - 0x00007ffc0096c000 	C:\Program Files\Android\Android Studio\jre\bin\management_ext.dll
0x00007ffc234f0000 - 0x00007ffc23508000 	C:\WINDOWS\SYSTEM32\CRYPTSP.dll
0x00007ffc22cd0000 - 0x00007ffc22d04000 	C:\WINDOWS\system32\rsaenh.dll
0x00007ffc23d40000 - 0x00007ffc23d67000 	C:\WINDOWS\System32\bcrypt.dll
0x00007ffc23b70000 - 0x00007ffc23b9e000 	C:\WINDOWS\SYSTEM32\USERENV.dll
0x00007ffc23510000 - 0x00007ffc2351c000 	C:\WINDOWS\SYSTEM32\CRYPTBASE.dll
0x00007ffc23040000 - 0x00007ffc2307b000 	C:\WINDOWS\SYSTEM32\IPHLPAPI.DLL
0x00007ffc24790000 - 0x00007ffc24798000 	C:\WINDOWS\System32\NSI.dll
0x00007ffc1b3c0000 - 0x00007ffc1b3d7000 	C:\WINDOWS\SYSTEM32\dhcpcsvc6.DLL
0x00007ffc1cad0000 - 0x00007ffc1caed000 	C:\WINDOWS\SYSTEM32\dhcpcsvc.DLL
0x00007ffc23080000 - 0x00007ffc2314b000 	C:\WINDOWS\SYSTEM32\DNSAPI.dll
0x00007ffc21090000 - 0x00007ffc21098000 	C:\Program Files\Android\Android Studio\jre\bin\rmi.dll
0x00007ffbd6a60000 - 0x00007ffbd6a77000 	C:\WINDOWS\system32\napinsp.dll
0x00007ffbd6a40000 - 0x00007ffbd6a5b000 	C:\WINDOWS\system32\pnrpnsp.dll
0x00007ffc1f410000 - 0x00007ffc1f42d000 	C:\WINDOWS\system32\NLAapi.dll
0x00007ffc00ca0000 - 0x00007ffc00cb5000 	C:\WINDOWS\system32\wshbth.dll
0x00007ffbd6a20000 - 0x00007ffbd6a32000 	C:\WINDOWS\System32\winrnr.dll
0x00007ffc10470000 - 0x00007ffc1047a000 	C:\Windows\System32\rasadhlp.dll
0x00007ffc149e0000 - 0x00007ffc14a5f000 	C:\WINDOWS\System32\fwpuclnt.dll

dbghelp: loaded successfully - version: 4.0.5 - missing functions: none
symbol engine: initialized successfully - sym options: 0x614 - pdb path: .;C:\Program Files\Android\Android Studio\jre\bin;C:\WINDOWS\SYSTEM32;C:\WINDOWS\WinSxS\amd64_microsoft.windows.common-controls_6595b64144ccf1df_6.0.19041.1110_none_60b5254171f9507e;C:\Program Files\Android\Android Studio\jre\bin\server;C:\Users\souvik dey\.gradle\native\8bec1ad78214c89d9ad589b4d07fe93259594b29d510b10fafb7a158f7737e5d\windows-amd64;C:\Users\souvik dey\.gradle\native\53dbd7edfb1c66fb8903c78663c9afc45aea4f116125fa6feffd364cf09443e8\windows-amd64

VM Arguments:
jvm_args: --add-opens=java.base/java.util=ALL-UNNAMED --add-opens=java.base/java.lang=ALL-UNNAMED --add-opens=java.base/java.lang.invoke=ALL-UNNAMED --add-opens=java.base/java.util=ALL-UNNAMED --add-opens=java.prefs/java.util.prefs=ALL-UNNAMED --add-opens=java.prefs/java.util.prefs=ALL-UNNAMED --add-opens=java.base/java.nio.charset=ALL-UNNAMED --add-opens=java.base/java.net=ALL-UNNAMED --add-opens=java.base/java.util.concurrent.atomic=ALL-UNNAMED -Xmx2048m -Dfile.encoding=UTF-8 -Duser.country=IN -Duser.language=en -Duser.variant 
java_command: org.gradle.launcher.daemon.bootstrap.GradleDaemon 7.0.2
java_class_path (initial): C:\Users\souvik dey\.gradle\wrapper\dists\gradle-7.0.2-bin\857tjihv64xamwrf0h14cai3r\gradle-7.0.2\lib\gradle-launcher-7.0.2.jar
Launcher Type: SUN_STANDARD

[Global flags]
     intx CICompilerCount                          = 4                                         {product} {ergonomic}
     uint ConcGCThreads                            = 2                                         {product} {ergonomic}
     uint G1ConcRefinementThreads                  = 8                                         {product} {ergonomic}
   size_t G1HeapRegionSize                         = 1048576                                   {product} {ergonomic}
    uintx GCDrainStackTargetSize                   = 64                                        {product} {ergonomic}
   size_t InitialHeapSize                          = 100663296                                 {product} {ergonomic}
   size_t MarkStackSize                            = 4194304                                   {product} {ergonomic}
   size_t MaxHeapSize                              = 2147483648                                {product} {command line}
   size_t MaxNewSize                               = 1287651328                                {product} {ergonomic}
   size_t MinHeapDeltaBytes                        = 1048576                                   {product} {ergonomic}
    uintx NonNMethodCodeHeapSize                   = 5836300                                {pd product} {ergonomic}
    uintx NonProfiledCodeHeapSize                  = 122910970                              {pd product} {ergonomic}
    uintx ProfiledCodeHeapSize                     = 122910970                              {pd product} {ergonomic}
    uintx ReservedCodeCacheSize                    = 251658240                              {pd product} {ergonomic}
     bool SegmentedCodeCache                       = true                                      {product} {ergonomic}
     bool UseCompressedClassPointers               = true                                 {lp64_product} {ergonomic}
     bool UseCompressedOops                        = true                                 {lp64_product} {ergonomic}
     bool UseG1GC                                  = true                                      {product} {ergonomic}
     bool UseLargePagesIndividualAllocation        = false                                  {pd product} {ergonomic}

Logging:
Log output configuration:
 #0: stdout all=warning uptime,level,tags
 #1: stderr all=off uptime,level,tags

Environment Variables:
PATH=C:\python 3.9.1\Scripts\;C:\python 3.9.1\;C:\WINDOWS\system32;C:\WINDOWS;C:\WINDOWS\System32\Wbem;C:\WINDOWS\System32\WindowsPowerShell\v1.0\;C:\WINDOWS\System32\OpenSSH\;C:\MinGW\bin;C:\Program Files\Git\cmd;C:\Users\souvik dey\AppData\Local\Microsoft\WindowsApps;C:\Users\souvik dey\AppData\Local\atom\bin
USERNAME=souvik dey
OS=Windows_NT
PROCESSOR_IDENTIFIER=AMD64 Family 23 Model 24 Stepping 1, AuthenticAMD



---------------  S Y S T E M  ---------------

OS: Windows 10 , 64 bit Build 19041 (10.0.19041.1348)
OS uptime: 4 days 5:34 hours
Hyper-V role detected

CPU:total 8 (initial active 8) (8 cores per cpu, 2 threads per core) family 23 model 24 stepping 1 microcode 0x0, cmov, cx8, fxsr, mmx, sse, sse2, sse3, ssse3, sse4.1, sse4.2, popcnt, avx, avx2, aes, clmul, mmxext, 3dnowpref, lzcnt, sse4a, ht, tsc, tscinvbit, tscinv, bmi1, bmi2, adx, s

Memory: 4k page, system-wide physical 6058M (289M free)
TotalPageFile size 24490M (AvailPageFile size 6M)
current process WorkingSet (physical memory assigned to process): 407M, peak: 416M
current process commit charge ("private bytes"): 874M, peak: 877M

vm_info: OpenJDK 64-Bit Server VM (11.0.10+0-b96-7249189) for windows-amd64 JRE (11.0.10+0-b96-7249189), built on Mar 31 2021 21:44:00 by "builder" with MS VC++ 14.0 (VS2015)

END.
