#
# There is insufficient memory for the Java Runtime Environment to continue.
# Native memory allocation (malloc) failed to allocate 1244176 bytes for Chunk::new
# Possible reasons:
#   The system is out of physical RAM or swap space
#   The process is running with CompressedOops enabled, and the Java Heap may be blocking the growth of the native heap
# Possible solutions:
#   Reduce memory load on the system
#   Increase physical memory or swap space
#   Check if swap backing store is full
#   Decrease Java heap size (-Xmx/-Xms)
#   Decrease number of Java threads
#   Decrease Java thread stack sizes (-Xss)
#   Set larger code cache with -XX:ReservedCodeCacheSize=
#   JVM is running with Unscaled Compressed Oops mode in which the Java heap is
#     placed in the first 4GB address space. The Java Heap base address is the
#     maximum limit for the native heap growth. Please use -XX:HeapBaseMinAddress
#     to set the Java Heap base and to place the Java Heap above 4GB virtual address.
# This output file may be truncated or incomplete.
#
#  Out of Memory Error (./src/hotspot/share/memory/arena.cpp:197), pid=25812, tid=28236
#
# JRE version: OpenJDK Runtime Environment (11.0.10) (build 11.0.10+0-b96-7249189)
# Java VM: OpenJDK 64-Bit Server VM (11.0.10+0-b96-7249189, mixed mode, tiered, compressed oops, g1 gc, windows-amd64)
# No core dump will be written. Minidumps are not enabled by default on client versions of Windows
#

---------------  S U M M A R Y ------------

Command Line: --add-opens=java.base/java.util=ALL-UNNAMED --add-opens=java.base/java.lang=ALL-UNNAMED --add-opens=java.base/java.lang.invoke=ALL-UNNAMED --add-opens=java.base/java.util=ALL-UNNAMED --add-opens=java.prefs/java.util.prefs=ALL-UNNAMED --add-opens=java.prefs/java.util.prefs=ALL-UNNAMED --add-opens=java.base/java.nio.charset=ALL-UNNAMED --add-opens=java.base/java.net=ALL-UNNAMED --add-opens=java.base/java.util.concurrent.atomic=ALL-UNNAMED -Xmx2048m -Dfile.encoding=UTF-8 -Duser.country=IN -Duser.language=en -Duser.variant org.gradle.launcher.daemon.bootstrap.GradleDaemon 7.0.2

Host: AMD Ryzen 5 3500U with Radeon Vega Mobile Gfx  , 8 cores, 5G,  Windows 10 , 64 bit Build 19041 (10.0.19041.1348)
Time: Tue Dec 14 03:35:25 2021 India Standard Time elapsed time: 21.609702 seconds (0d 0h 0m 21s)

---------------  T H R E A D  ---------------

Current thread (0x0000021ae2468000):  JavaThread "C2 CompilerThread0" daemon [_thread_in_native, id=28236, stack(0x0000007394400000,0x0000007394500000)]


Current CompileTask:
C2:  21609 11667 %     4       com.android.tools.r8.dex.j::a @ 315 (1038 bytes)

Stack: [0x0000007394400000,0x0000007394500000]
Native frames: (J=compiled Java code, j=interpreted, Vv=VM code, C=native code)
V  [jvm.dll+0x5ecfaa]
V  [jvm.dll+0x722bd5]
V  [jvm.dll+0x72412d]
V  [jvm.dll+0x7247e3]
V  [jvm.dll+0x242928]
V  [jvm.dll+0xbc4fc]
V  [jvm.dll+0xbca0c]
V  [jvm.dll+0x2b4fd4]
V  [jvm.dll+0x506028]
V  [jvm.dll+0x203253]
V  [jvm.dll+0x1fd07c]
V  [jvm.dll+0x1fa77f]
V  [jvm.dll+0x18354c]
V  [jvm.dll+0x208ee7]
V  [jvm.dll+0x207731]
V  [jvm.dll+0x6eb1cf]
V  [jvm.dll+0x6e3d45]
V  [jvm.dll+0x5ebe96]
C  [ucrtbase.dll+0x21bb2]
C  [KERNEL32.DLL+0x17034]
C  [ntdll.dll+0x52651]


---------------  P R O C E S S  ---------------

Threads class SMR info:
_java_thread_list=0x0000021ae58ee260, length=73, elements={
0x0000021ac782a000, 0x0000021ae2448000, 0x0000021ae2454000, 0x0000021ae2e03800,
0x0000021ae2464800, 0x0000021ae2465800, 0x0000021ae2468000, 0x0000021ae2469000,
0x0000021ae2471800, 0x0000021ae2f43000, 0x0000021ae54e2000, 0x0000021ae575f800,
0x0000021ae6cc2800, 0x0000021ae67ae800, 0x0000021ae4602800, 0x0000021ae4d9c800,
0x0000021ae4214800, 0x0000021ae4215000, 0x0000021ae4631000, 0x0000021ae6cb6800,
0x0000021ae6cbb800, 0x0000021ae6cba800, 0x0000021ae6cbc000, 0x0000021ae6cb8000,
0x0000021ae6cb9000, 0x0000021ae6cbd000, 0x0000021ae6cb9800, 0x0000021ae6cb7000,
0x0000021ae563a800, 0x0000021ae563c000, 0x0000021ae5636800, 0x0000021ae563b000,
0x0000021ae563d000, 0x0000021ae5639000, 0x0000021ae5639800, 0x0000021ae7d26000,
0x0000021ae7d20000, 0x0000021ae7d23800, 0x0000021ae7d26800, 0x0000021ae7d21000,
0x0000021ae7d27800, 0x0000021ae7d25000, 0x0000021ae7d22800, 0x0000021ae7d22000,
0x0000021ae7d29000, 0x0000021ae7d28800, 0x0000021ae7d2a000, 0x0000021ae7d24800,
0x0000021ae7d2d000, 0x0000021ae7d2b000, 0x0000021ae7d2b800, 0x0000021ae7d2f000,
0x0000021ae7d2e000, 0x0000021aeb1e1800, 0x0000021aeb1e2800, 0x0000021aeb1e0000,
0x0000021aeb1e4000, 0x0000021aeb1e1000, 0x0000021aeb1e3800, 0x0000021aeb1e5000,
0x0000021aeb1df000, 0x0000021aeb1ea800, 0x0000021ae3de4800, 0x0000021aeb1eb800,
0x0000021aeb1e6000, 0x0000021aeb1ec800, 0x0000021aeb1e6800, 0x0000021aeb1e9000,
0x0000021aeb1ed000, 0x0000021aeb1e7800, 0x0000021aeb1ee000, 0x0000021aeb1ea000,
0x0000021aeb1e8000
}

Java Threads: ( => current thread )
  0x0000021ac782a000 JavaThread "main" [_thread_blocked, id=2416, stack(0x0000007393800000,0x0000007393900000)]
  0x0000021ae2448000 JavaThread "Reference Handler" daemon [_thread_blocked, id=24912, stack(0x0000007393f00000,0x0000007394000000)]
  0x0000021ae2454000 JavaThread "Finalizer" daemon [_thread_blocked, id=18172, stack(0x0000007394000000,0x0000007394100000)]
  0x0000021ae2e03800 JavaThread "Signal Dispatcher" daemon [_thread_blocked, id=26876, stack(0x0000007394100000,0x0000007394200000)]
  0x0000021ae2464800 JavaThread "Attach Listener" daemon [_thread_blocked, id=11940, stack(0x0000007394200000,0x0000007394300000)]
  0x0000021ae2465800 JavaThread "Service Thread" daemon [_thread_blocked, id=26632, stack(0x0000007394300000,0x0000007394400000)]
=>0x0000021ae2468000 JavaThread "C2 CompilerThread0" daemon [_thread_in_native, id=28236, stack(0x0000007394400000,0x0000007394500000)]
  0x0000021ae2469000 JavaThread "C1 CompilerThread0" daemon [_thread_blocked, id=24856, stack(0x0000007394500000,0x0000007394600000)]
  0x0000021ae2471800 JavaThread "Sweeper thread" daemon [_thread_blocked, id=26500, stack(0x0000007394600000,0x0000007394700000)]
  0x0000021ae2f43000 JavaThread "Common-Cleaner" daemon [_thread_blocked, id=6272, stack(0x0000007394700000,0x0000007394800000)]
  0x0000021ae54e2000 JavaThread "Daemon health stats" [_thread_blocked, id=24640, stack(0x0000007394b00000,0x0000007394c00000)]
  0x0000021ae575f800 JavaThread "Incoming local TCP Connector on port 55414" [_thread_in_native, id=25224, stack(0x0000007394a00000,0x0000007394b00000)]
  0x0000021ae6cc2800 JavaThread "Daemon periodic checks" [_thread_blocked, id=26684, stack(0x0000007394e00000,0x0000007394f00000)]
  0x0000021ae67ae800 JavaThread "Daemon" [_thread_blocked, id=24332, stack(0x0000007394f00000,0x0000007395000000)]
  0x0000021ae4602800 JavaThread "Handler for socket connection from /127.0.0.1:55414 to /127.0.0.1:55415" [_thread_in_native, id=23400, stack(0x0000007395000000,0x0000007395100000)]
  0x0000021ae4d9c800 JavaThread "Cancel handler" [_thread_blocked, id=24500, stack(0x0000007395100000,0x0000007395200000)]
  0x0000021ae4214800 JavaThread "Daemon worker" [_thread_blocked, id=14904, stack(0x0000007395200000,0x0000007395300000)]
  0x0000021ae4215000 JavaThread "Asynchronous log dispatcher for DefaultDaemonConnection: socket connection from /127.0.0.1:55414 to /127.0.0.1:55415" [_thread_blocked, id=25776, stack(0x0000007395300000,0x0000007395400000)]
  0x0000021ae4631000 JavaThread "Stdin handler" [_thread_blocked, id=8748, stack(0x0000007395400000,0x0000007395500000)]
  0x0000021ae6cb6800 JavaThread "Daemon client event forwarder" [_thread_blocked, id=16540, stack(0x0000007395500000,0x0000007395600000)]
  0x0000021ae6cbb800 JavaThread "Cache worker for file hash cache (C:\Users\souvik dey\.gradle\caches\7.0.2\fileHashes)" [_thread_blocked, id=23604, stack(0x0000007395600000,0x0000007395700000)]
  0x0000021ae6cba800 JavaThread "File lock request listener" [_thread_in_native, id=26804, stack(0x0000007395700000,0x0000007395800000)]
  0x0000021ae6cbc000 JavaThread "Cache worker for journal cache (C:\Users\souvik dey\.gradle\caches\journal-1)" [_thread_blocked, id=26268, stack(0x0000007395d00000,0x0000007395e00000)]
  0x0000021ae6cb8000 JavaThread "Cache worker for file hash cache (E:\my programming\android projects\EasyDRAW\.gradle\7.0.2\fileHashes)" [_thread_blocked, id=22324, stack(0x0000007395e00000,0x0000007395f00000)]
  0x0000021ae6cb9000 JavaThread "File watcher server" daemon [_thread_in_native, id=2328, stack(0x0000007395f00000,0x0000007396000000)]
  0x0000021ae6cbd000 JavaThread "File watcher consumer" daemon [_thread_blocked, id=21604, stack(0x0000007396000000,0x0000007396100000)]
  0x0000021ae6cb9800 JavaThread "Cache worker for checksums cache (E:\my programming\android projects\EasyDRAW\.gradle\checksums)" [_thread_blocked, id=24520, stack(0x0000007396100000,0x0000007396200000)]
  0x0000021ae6cb7000 JavaThread "Cache worker for cache directory md-supplier (C:\Users\souvik dey\.gradle\caches\7.0.2\md-supplier)" [_thread_blocked, id=20572, stack(0x0000007396200000,0x0000007396300000)]
  0x0000021ae563a800 JavaThread "Cache worker for cache directory md-rule (C:\Users\souvik dey\.gradle\caches\7.0.2\md-rule)" [_thread_blocked, id=20336, stack(0x0000007396300000,0x0000007396400000)]
  0x0000021ae563c000 JavaThread "Cache worker for execution history cache (C:\Users\souvik dey\.gradle\caches\7.0.2\executionHistory)" [_thread_blocked, id=18360, stack(0x0000007396400000,0x0000007396500000)]
  0x0000021ae5636800 JavaThread "jar transforms" [_thread_blocked, id=16492, stack(0x0000007396500000,0x0000007396600000)]
  0x0000021ae563b000 JavaThread "jar transforms Thread 2" [_thread_blocked, id=3032, stack(0x0000007396600000,0x0000007396700000)]
  0x0000021ae563d000 JavaThread "Cache worker for file content cache (C:\Users\souvik dey\.gradle\caches\7.0.2\fileContent)" [_thread_blocked, id=28436, stack(0x0000007396700000,0x0000007396800000)]
  0x0000021ae5639000 JavaThread "Cache worker for dependencies-accessors (E:\my programming\android projects\EasyDRAW\.gradle\7.0.2\dependencies-accessors)" [_thread_blocked, id=11192, stack(0x0000007396800000,0x0000007396900000)]
  0x0000021ae5639800 JavaThread "jar transforms Thread 3" [_thread_blocked, id=26080, stack(0x0000007396900000,0x0000007396a00000)]
  0x0000021ae7d26000 JavaThread "Cache worker for Build Output Cleanup Cache (E:\my programming\android projects\EasyDRAW\.gradle\buildOutputCleanup)" [_thread_blocked, id=3976, stack(0x0000007396a00000,0x0000007396b00000)]
  0x0000021ae7d20000 JavaThread "Build operations" [_thread_blocked, id=24600, stack(0x0000007396b00000,0x0000007396c00000)]
  0x0000021ae7d23800 JavaThread "Build operations Thread 2" [_thread_blocked, id=27260, stack(0x0000007396c00000,0x0000007396d00000)]
  0x0000021ae7d26800 JavaThread "Build operations Thread 3" [_thread_blocked, id=19924, stack(0x0000007396d00000,0x0000007396e00000)]
  0x0000021ae7d21000 JavaThread "Build operations Thread 4" [_thread_blocked, id=22412, stack(0x0000007396e00000,0x0000007396f00000)]
  0x0000021ae7d27800 JavaThread "Build operations Thread 5" [_thread_blocked, id=27936, stack(0x0000007396f00000,0x0000007397000000)]
  0x0000021ae7d25000 JavaThread "Build operations Thread 6" [_thread_blocked, id=24940, stack(0x0000007397000000,0x0000007397100000)]
  0x0000021ae7d22800 JavaThread "Build operations Thread 7" [_thread_blocked, id=6212, stack(0x0000007397100000,0x0000007397200000)]
  0x0000021ae7d22000 JavaThread "Build operations Thread 8" [_thread_blocked, id=19272, stack(0x0000007397200000,0x0000007397300000)]
  0x0000021ae7d29000 JavaThread "jar transforms Thread 4" [_thread_blocked, id=27820, stack(0x0000007397300000,0x0000007397400000)]
  0x0000021ae7d28800 JavaThread "jar transforms Thread 5" [_thread_blocked, id=23500, stack(0x0000007397400000,0x0000007397500000)]
  0x0000021ae7d2a000 JavaThread "jar transforms Thread 6" [_thread_blocked, id=22828, stack(0x0000007397500000,0x0000007397600000)]
  0x0000021ae7d24800 JavaThread "jar transforms Thread 7" [_thread_blocked, id=27932, stack(0x0000007397600000,0x0000007397700000)]
  0x0000021ae7d2d000 JavaThread "jar transforms Thread 8" [_thread_blocked, id=15600, stack(0x0000007397700000,0x0000007397800000)]
  0x0000021ae7d2b000 JavaThread "Memory manager" [_thread_blocked, id=8480, stack(0x0000007397800000,0x0000007397900000)]
  0x0000021ae7d2b800 JavaThread "build event listener" [_thread_blocked, id=14244, stack(0x0000007397900000,0x0000007397a00000)]
  0x0000021ae7d2f000 JavaThread "build event listener" [_thread_blocked, id=12144, stack(0x0000007397b00000,0x0000007397c00000)]
  0x0000021ae7d2e000 JavaThread "pool-3-thread-1" [_thread_blocked, id=22572, stack(0x0000007397c00000,0x0000007397d00000)]
  0x0000021aeb1e1800 JavaThread "build event listener" [_thread_blocked, id=18228, stack(0x0000007397d00000,0x0000007397e00000)]
  0x0000021aeb1e2800 JavaThread "Execution worker for ':'" [_thread_blocked, id=28600, stack(0x0000007397e00000,0x0000007397f00000)]
  0x0000021aeb1e0000 JavaThread "Execution worker for ':' Thread 2" [_thread_blocked, id=24092, stack(0x0000007397f00000,0x0000007398000000)]
  0x0000021aeb1e4000 JavaThread "Execution worker for ':' Thread 3" [_thread_blocked, id=16932, stack(0x0000007398000000,0x0000007398100000)]
  0x0000021aeb1e1000 JavaThread "Execution worker for ':' Thread 4" [_thread_blocked, id=21080, stack(0x0000007398100000,0x0000007398200000)]
  0x0000021aeb1e3800 JavaThread "Execution worker for ':' Thread 5" [_thread_blocked, id=9524, stack(0x0000007398200000,0x0000007398300000)]
  0x0000021aeb1e5000 JavaThread "Execution worker for ':' Thread 6" [_thread_blocked, id=28424, stack(0x0000007398300000,0x0000007398400000)]
  0x0000021aeb1df000 JavaThread "Execution worker for ':' Thread 7" [_thread_blocked, id=7512, stack(0x0000007398400000,0x0000007398500000)]
  0x0000021aeb1ea800 JavaThread "Cache worker for execution history cache (E:\my programming\android projects\EasyDRAW\.gradle\7.0.2\executionHistory)" [_thread_blocked, id=28300, stack(0x0000007398500000,0x0000007398600000)]
  0x0000021ae3de4800 JavaThread "C2 CompilerThread1" daemon [_thread_in_native, id=1876, stack(0x0000007397a00000,0x0000007397b00000)]
  0x0000021aeb1eb800 JavaThread "WorkerExecutor Queue" [_thread_blocked, id=24524, stack(0x0000007398600000,0x0000007398700000)]
  0x0000021aeb1e6000 JavaThread "WorkerExecutor Queue Thread 2" [_thread_in_Java, id=28540, stack(0x0000007398700000,0x0000007398800000)]
  0x0000021aeb1ec800 JavaThread "ForkJoinPool-1-worker-3" daemon [_thread_blocked, id=14372, stack(0x0000007398900000,0x0000007398a00000)]
  0x0000021aeb1e6800 JavaThread "ForkJoinPool-1-worker-5" daemon [_thread_blocked, id=27204, stack(0x0000007398a00000,0x0000007398b00000)]
  0x0000021aeb1e9000 JavaThread "ForkJoinPool-1-worker-7" daemon [_thread_blocked, id=23680, stack(0x0000007398b00000,0x0000007398c00000)]
  0x0000021aeb1ed000 JavaThread "ForkJoinPool-1-worker-9" daemon [_thread_blocked, id=20100, stack(0x0000007398c00000,0x0000007398d00000)]
  0x0000021aeb1e7800 JavaThread "ForkJoinPool-1-worker-11" daemon [_thread_blocked, id=27888, stack(0x0000007398d00000,0x0000007398e00000)]
  0x0000021aeb1ee000 JavaThread "ForkJoinPool-1-worker-13" daemon [_thread_blocked, id=16764, stack(0x0000007398e00000,0x0000007398f00000)]
  0x0000021aeb1ea000 JavaThread "ForkJoinPool-1-worker-1" daemon [_thread_blocked, id=10824, stack(0x0000007398f00000,0x0000007399000000)]
  0x0000021aeb1e8000 JavaThread "ForkJoinPool-1-worker-15" daemon [_thread_blocked, id=6736, stack(0x0000007399000000,0x0000007399100000)]

Other Threads:
  0x0000021ae2445800 VMThread "VM Thread" [stack: 0x0000007393e00000,0x0000007393f00000] [id=25176]
  0x0000021ae2f6a000 WatcherThread [stack: 0x0000007394800000,0x0000007394900000] [id=12736]
  0x0000021ac7844000 GCTaskThread "GC Thread#0" [stack: 0x0000007393900000,0x0000007393a00000] [id=25824]
  0x0000021ae3af0000 GCTaskThread "GC Thread#1" [stack: 0x0000007394900000,0x0000007394a00000] [id=10076]
  0x0000021ae3bbf000 GCTaskThread "GC Thread#2" [stack: 0x0000007394c00000,0x0000007394d00000] [id=3292]
  0x0000021ae4e16800 GCTaskThread "GC Thread#3" [stack: 0x0000007394d00000,0x0000007394e00000] [id=10040]
  0x0000021ae4101800 GCTaskThread "GC Thread#4" [stack: 0x0000007395800000,0x0000007395900000] [id=20920]
  0x0000021ae3b59000 GCTaskThread "GC Thread#5" [stack: 0x0000007395900000,0x0000007395a00000] [id=27028]
  0x0000021ae56bc000 GCTaskThread "GC Thread#6" [stack: 0x0000007395a00000,0x0000007395b00000] [id=15860]
  0x0000021ae42e2800 GCTaskThread "GC Thread#7" [stack: 0x0000007395b00000,0x0000007395c00000] [id=14256]
  0x0000021ac7876800 ConcurrentGCThread "G1 Main Marker" [stack: 0x0000007393a00000,0x0000007393b00000] [id=25344]
  0x0000021ac7877800 ConcurrentGCThread "G1 Conc#0" [stack: 0x0000007393b00000,0x0000007393c00000] [id=516]
  0x0000021ae512e800 ConcurrentGCThread "G1 Conc#1" [stack: 0x0000007395c00000,0x0000007395d00000] [id=7928]
  0x0000021ac78fc000 ConcurrentGCThread "G1 Refine#0" [stack: 0x0000007393c00000,0x0000007393d00000] [id=26204]
  0x0000021aeb386800 ConcurrentGCThread "G1 Refine#1" [stack: 0x0000007398800000,0x0000007398900000] [id=26452]
  0x0000021ac78fd000 ConcurrentGCThread "G1 Young RemSet Sampling" [stack: 0x0000007393d00000,0x0000007393e00000] [id=25764]

Threads with active compile tasks:
C2 CompilerThread0  21653 11667 %     4       com.android.tools.r8.dex.j::a @ 315 (1038 bytes)
C2 CompilerThread1  21653 11852   !   4       com.android.tools.r8.graph.c0::J (125 bytes)

VM state:not at safepoint (normal execution)

VM Mutex/Monitor currently owned by a thread: None

Heap address: 0x0000000080000000, size: 2048 MB, Compressed Oops mode: 32-bit
Narrow klass base: 0x0000000000000000, Narrow klass shift: 3
Compressed class space size: 1073741824 Address: 0x0000000100000000

Heap:
 garbage-first heap   total 251904K, used 177109K [0x0000000080000000, 0x0000000100000000)
  region size 1024K, 11 young (11264K), 4 survivors (4096K)
 Metaspace       used 100359K, capacity 102691K, committed 102860K, reserved 1138688K
  class space    used 13095K, capacity 13978K, committed 14028K, reserved 1048576K
Heap Regions: E=young(eden), S=young(survivor), O=old, HS=humongous(starts), HC=humongous(continues), CS=collection set, F=free, A=archive, TAMS=top-at-mark-start (previous, next)
|   0|0x0000000080000000, 0x0000000080100000, 0x0000000080100000|100%| O|  |TAMS 0x0000000080100000, 0x0000000080100000| Untracked 
|   1|0x0000000080100000, 0x0000000080200000, 0x0000000080200000|100%| O|  |TAMS 0x0000000080200000, 0x0000000080200000| Untracked 
|   2|0x0000000080200000, 0x0000000080300000, 0x0000000080300000|100%| O|  |TAMS 0x0000000080300000, 0x0000000080300000| Untracked 
|   3|0x0000000080300000, 0x0000000080400000, 0x0000000080400000|100%|HS|  |TAMS 0x0000000080400000, 0x0000000080400000| Complete 
|   4|0x0000000080400000, 0x0000000080500000, 0x0000000080500000|100%|HC|  |TAMS 0x0000000080500000, 0x0000000080500000| Complete 
|   5|0x0000000080500000, 0x0000000080600000, 0x0000000080600000|100%|HC|  |TAMS 0x0000000080600000, 0x0000000080600000| Complete 
|   6|0x0000000080600000, 0x0000000080700000, 0x0000000080700000|100%| O|  |TAMS 0x0000000080700000, 0x0000000080700000| Untracked 
|   7|0x0000000080700000, 0x0000000080800000, 0x0000000080800000|100%| O|  |TAMS 0x0000000080800000, 0x0000000080800000| Untracked 
|   8|0x0000000080800000, 0x0000000080900000, 0x0000000080900000|100%| O|  |TAMS 0x0000000080900000, 0x0000000080900000| Untracked 
|   9|0x0000000080900000, 0x0000000080a00000, 0x0000000080a00000|100%| O|  |TAMS 0x0000000080a00000, 0x0000000080a00000| Untracked 
|  10|0x0000000080a00000, 0x0000000080b00000, 0x0000000080b00000|100%| O|  |TAMS 0x0000000080b00000, 0x0000000080b00000| Untracked 
|  11|0x0000000080b00000, 0x0000000080c00000, 0x0000000080c00000|100%| O|  |TAMS 0x0000000080c00000, 0x0000000080c00000| Untracked 
|  12|0x0000000080c00000, 0x0000000080d00000, 0x0000000080d00000|100%| O|  |TAMS 0x0000000080d00000, 0x0000000080d00000| Untracked 
|  13|0x0000000080d00000, 0x0000000080e00000, 0x0000000080e00000|100%| O|  |TAMS 0x0000000080e00000, 0x0000000080e00000| Untracked 
|  14|0x0000000080e00000, 0x0000000080f00000, 0x0000000080f00000|100%| O|  |TAMS 0x0000000080f00000, 0x0000000080f00000| Untracked 
|  15|0x0000000080f00000, 0x0000000081000000, 0x0000000081000000|100%| O|  |TAMS 0x0000000081000000, 0x0000000081000000| Untracked 
|  16|0x0000000081000000, 0x0000000081100000, 0x0000000081100000|100%| O|  |TAMS 0x0000000081100000, 0x0000000081100000| Untracked 
|  17|0x0000000081100000, 0x0000000081200000, 0x0000000081200000|100%| O|  |TAMS 0x0000000081200000, 0x0000000081200000| Untracked 
|  18|0x0000000081200000, 0x0000000081300000, 0x0000000081300000|100%| O|  |TAMS 0x0000000081300000, 0x0000000081300000| Untracked 
|  19|0x0000000081300000, 0x0000000081400000, 0x0000000081400000|100%| O|  |TAMS 0x0000000081400000, 0x0000000081400000| Untracked 
|  20|0x0000000081400000, 0x0000000081500000, 0x0000000081500000|100%| O|  |TAMS 0x0000000081500000, 0x0000000081500000| Untracked 
|  21|0x0000000081500000, 0x0000000081600000, 0x0000000081600000|100%| O|  |TAMS 0x0000000081600000, 0x0000000081600000| Untracked 
|  22|0x0000000081600000, 0x0000000081700000, 0x0000000081700000|100%| O|  |TAMS 0x0000000081700000, 0x0000000081700000| Untracked 
|  23|0x0000000081700000, 0x0000000081800000, 0x0000000081800000|100%| O|  |TAMS 0x0000000081800000, 0x0000000081800000| Untracked 
|  24|0x0000000081800000, 0x0000000081900000, 0x0000000081900000|100%| O|  |TAMS 0x0000000081900000, 0x0000000081900000| Untracked 
|  25|0x0000000081900000, 0x0000000081a00000, 0x0000000081a00000|100%| O|  |TAMS 0x0000000081a00000, 0x0000000081a00000| Untracked 
|  26|0x0000000081a00000, 0x0000000081b00000, 0x0000000081b00000|100%|HS|  |TAMS 0x0000000081b00000, 0x0000000081b00000| Complete 
|  27|0x0000000081b00000, 0x0000000081c00000, 0x0000000081c00000|100%|HS|  |TAMS 0x0000000081c00000, 0x0000000081c00000| Complete 
|  28|0x0000000081c00000, 0x0000000081d00000, 0x0000000081d00000|100%|HS|  |TAMS 0x0000000081d00000, 0x0000000081d00000| Complete 
|  29|0x0000000081d00000, 0x0000000081e00000, 0x0000000081e00000|100%|HS|  |TAMS 0x0000000081e00000, 0x0000000081e00000| Complete 
|  30|0x0000000081e00000, 0x0000000081f00000, 0x0000000081f00000|100%|HC|  |TAMS 0x0000000081f00000, 0x0000000081f00000| Complete 
|  31|0x0000000081f00000, 0x0000000082000000, 0x0000000082000000|100%|HC|  |TAMS 0x0000000082000000, 0x0000000082000000| Complete 
|  32|0x0000000082000000, 0x0000000082100000, 0x0000000082100000|100%|HS|  |TAMS 0x0000000082100000, 0x0000000082100000| Complete 
|  33|0x0000000082100000, 0x0000000082200000, 0x0000000082200000|100%|HC|  |TAMS 0x0000000082200000, 0x0000000082200000| Complete 
|  34|0x0000000082200000, 0x0000000082300000, 0x0000000082300000|100%| O|  |TAMS 0x0000000082300000, 0x0000000082300000| Untracked 
|  35|0x0000000082300000, 0x0000000082400000, 0x0000000082400000|100%| O|  |TAMS 0x0000000082400000, 0x0000000082400000| Untracked 
|  36|0x0000000082400000, 0x0000000082500000, 0x0000000082500000|100%| O|  |TAMS 0x0000000082500000, 0x0000000082500000| Untracked 
|  37|0x0000000082500000, 0x0000000082600000, 0x0000000082600000|100%| O|  |TAMS 0x0000000082600000, 0x0000000082600000| Untracked 
|  38|0x0000000082600000, 0x0000000082700000, 0x0000000082700000|100%| O|  |TAMS 0x0000000082700000, 0x0000000082700000| Untracked 
|  39|0x0000000082700000, 0x0000000082800000, 0x0000000082800000|100%| O|  |TAMS 0x0000000082800000, 0x0000000082800000| Untracked 
|  40|0x0000000082800000, 0x0000000082900000, 0x0000000082900000|100%| O|  |TAMS 0x0000000082900000, 0x0000000082900000| Untracked 
|  41|0x0000000082900000, 0x0000000082a00000, 0x0000000082a00000|100%| O|  |TAMS 0x0000000082a00000, 0x0000000082a00000| Untracked 
|  42|0x0000000082a00000, 0x0000000082b00000, 0x0000000082b00000|100%| O|  |TAMS 0x0000000082b00000, 0x0000000082b00000| Untracked 
|  43|0x0000000082b00000, 0x0000000082c00000, 0x0000000082c00000|100%| O|  |TAMS 0x0000000082c00000, 0x0000000082c00000| Untracked 
|  44|0x0000000082c00000, 0x0000000082d00000, 0x0000000082d00000|100%| O|  |TAMS 0x0000000082d00000, 0x0000000082d00000| Untracked 
|  45|0x0000000082d00000, 0x0000000082e00000, 0x0000000082e00000|100%| O|  |TAMS 0x0000000082e00000, 0x0000000082e00000| Untracked 
|  46|0x0000000082e00000, 0x0000000082f00000, 0x0000000082f00000|100%| O|  |TAMS 0x0000000082f00000, 0x0000000082f00000| Untracked 
|  47|0x0000000082f00000, 0x0000000083000000, 0x0000000083000000|100%| O|  |TAMS 0x0000000083000000, 0x0000000083000000| Untracked 
|  48|0x0000000083000000, 0x0000000083100000, 0x0000000083100000|100%| O|  |TAMS 0x0000000083100000, 0x0000000083100000| Untracked 
|  49|0x0000000083100000, 0x0000000083200000, 0x0000000083200000|100%| O|  |TAMS 0x0000000083200000, 0x0000000083200000| Untracked 
|  50|0x0000000083200000, 0x0000000083300000, 0x0000000083300000|100%| O|  |TAMS 0x0000000083300000, 0x0000000083300000| Untracked 
|  51|0x0000000083300000, 0x0000000083400000, 0x0000000083400000|100%| O|  |TAMS 0x0000000083400000, 0x0000000083400000| Untracked 
|  52|0x0000000083400000, 0x0000000083500000, 0x0000000083500000|100%| O|  |TAMS 0x0000000083500000, 0x0000000083500000| Untracked 
|  53|0x0000000083500000, 0x0000000083600000, 0x0000000083600000|100%| O|  |TAMS 0x0000000083600000, 0x0000000083600000| Untracked 
|  54|0x0000000083600000, 0x0000000083700000, 0x0000000083700000|100%| O|  |TAMS 0x0000000083700000, 0x0000000083700000| Untracked 
|  55|0x0000000083700000, 0x0000000083800000, 0x0000000083800000|100%| O|  |TAMS 0x0000000083800000, 0x0000000083800000| Untracked 
|  56|0x0000000083800000, 0x0000000083900000, 0x0000000083900000|100%| O|  |TAMS 0x0000000083900000, 0x0000000083900000| Untracked 
|  57|0x0000000083900000, 0x0000000083a00000, 0x0000000083a00000|100%| O|  |TAMS 0x0000000083a00000, 0x0000000083a00000| Untracked 
|  58|0x0000000083a00000, 0x0000000083b00000, 0x0000000083b00000|100%| O|  |TAMS 0x0000000083b00000, 0x0000000083b00000| Untracked 
|  59|0x0000000083b00000, 0x0000000083c00000, 0x0000000083c00000|100%| O|  |TAMS 0x0000000083c00000, 0x0000000083c00000| Untracked 
|  60|0x0000000083c00000, 0x0000000083d00000, 0x0000000083d00000|100%| O|  |TAMS 0x0000000083d00000, 0x0000000083d00000| Untracked 
|  61|0x0000000083d00000, 0x0000000083e00000, 0x0000000083e00000|100%| O|  |TAMS 0x0000000083e00000, 0x0000000083e00000| Untracked 
|  62|0x0000000083e00000, 0x0000000083f00000, 0x0000000083f00000|100%| O|  |TAMS 0x0000000083f00000, 0x0000000083f00000| Untracked 
|  63|0x0000000083f00000, 0x0000000084000000, 0x0000000084000000|100%| O|  |TAMS 0x0000000084000000, 0x0000000084000000| Untracked 
|  64|0x0000000084000000, 0x0000000084100000, 0x0000000084100000|100%| O|  |TAMS 0x0000000084100000, 0x0000000084100000| Untracked 
|  65|0x0000000084100000, 0x0000000084200000, 0x0000000084200000|100%| O|  |TAMS 0x0000000084200000, 0x0000000084200000| Untracked 
|  66|0x0000000084200000, 0x0000000084300000, 0x0000000084300000|100%| O|  |TAMS 0x0000000084300000, 0x0000000084300000| Untracked 
|  67|0x0000000084300000, 0x0000000084400000, 0x0000000084400000|100%| O|  |TAMS 0x0000000084400000, 0x0000000084400000| Untracked 
|  68|0x0000000084400000, 0x0000000084500000, 0x0000000084500000|100%| O|  |TAMS 0x0000000084500000, 0x0000000084500000| Untracked 
|  69|0x0000000084500000, 0x0000000084600000, 0x0000000084600000|100%| O|  |TAMS 0x0000000084600000, 0x0000000084600000| Untracked 
|  70|0x0000000084600000, 0x0000000084700000, 0x0000000084700000|100%| O|  |TAMS 0x0000000084700000, 0x0000000084700000| Untracked 
|  71|0x0000000084700000, 0x0000000084800000, 0x0000000084800000|100%| O|  |TAMS 0x0000000084800000, 0x0000000084800000| Untracked 
|  72|0x0000000084800000, 0x0000000084900000, 0x0000000084900000|100%| O|  |TAMS 0x0000000084900000, 0x0000000084900000| Untracked 
|  73|0x0000000084900000, 0x0000000084a00000, 0x0000000084a00000|100%| O|  |TAMS 0x0000000084a00000, 0x0000000084a00000| Untracked 
|  74|0x0000000084a00000, 0x0000000084b00000, 0x0000000084b00000|100%| O|  |TAMS 0x0000000084b00000, 0x0000000084b00000| Untracked 
|  75|0x0000000084b00000, 0x0000000084c00000, 0x0000000084c00000|100%| O|  |TAMS 0x0000000084c00000, 0x0000000084c00000| Untracked 
|  76|0x0000000084c00000, 0x0000000084d00000, 0x0000000084d00000|100%| O|  |TAMS 0x0000000084d00000, 0x0000000084d00000| Untracked 
|  77|0x0000000084d00000, 0x0000000084e00000, 0x0000000084e00000|100%| O|  |TAMS 0x0000000084e00000, 0x0000000084e00000| Untracked 
|  78|0x0000000084e00000, 0x0000000084f00000, 0x0000000084f00000|100%| O|  |TAMS 0x0000000084f00000, 0x0000000084f00000| Untracked 
|  79|0x0000000084f00000, 0x0000000085000000, 0x0000000085000000|100%| O|  |TAMS 0x0000000085000000, 0x0000000085000000| Untracked 
|  80|0x0000000085000000, 0x0000000085100000, 0x0000000085100000|100%| O|  |TAMS 0x0000000085100000, 0x0000000085100000| Untracked 
|  81|0x0000000085100000, 0x0000000085200000, 0x0000000085200000|100%| O|  |TAMS 0x0000000085200000, 0x0000000085200000| Untracked 
|  82|0x0000000085200000, 0x0000000085300000, 0x0000000085300000|100%|HS|  |TAMS 0x0000000085300000, 0x0000000085300000| Complete 
|  83|0x0000000085300000, 0x0000000085400000, 0x0000000085400000|100%|HC|  |TAMS 0x0000000085400000, 0x0000000085400000| Complete 
|  84|0x0000000085400000, 0x0000000085500000, 0x0000000085500000|100%|HC|  |TAMS 0x0000000085500000, 0x0000000085500000| Complete 
|  85|0x0000000085500000, 0x0000000085600000, 0x0000000085600000|100%|HC|  |TAMS 0x0000000085600000, 0x0000000085600000| Complete 
|  86|0x0000000085600000, 0x0000000085700000, 0x0000000085700000|100%|HC|  |TAMS 0x0000000085700000, 0x0000000085700000| Complete 
|  87|0x0000000085700000, 0x0000000085800000, 0x0000000085800000|100%|HC|  |TAMS 0x0000000085800000, 0x0000000085800000| Complete 
|  88|0x0000000085800000, 0x0000000085900000, 0x0000000085900000|100%|HC|  |TAMS 0x0000000085900000, 0x0000000085900000| Complete 
|  89|0x0000000085900000, 0x0000000085a00000, 0x0000000085a00000|100%|HC|  |TAMS 0x0000000085a00000, 0x0000000085a00000| Complete 
|  90|0x0000000085a00000, 0x0000000085b00000, 0x0000000085b00000|100%| O|  |TAMS 0x0000000085b00000, 0x0000000085b00000| Untracked 
|  91|0x0000000085b00000, 0x0000000085c00000, 0x0000000085c00000|100%| O|  |TAMS 0x0000000085c00000, 0x0000000085c00000| Untracked 
|  92|0x0000000085c00000, 0x0000000085d00000, 0x0000000085d00000|100%| O|  |TAMS 0x0000000085d00000, 0x0000000085d00000| Untracked 
|  93|0x0000000085d00000, 0x0000000085e00000, 0x0000000085e00000|100%| O|  |TAMS 0x0000000085e00000, 0x0000000085e00000| Untracked 
|  94|0x0000000085e00000, 0x0000000085f00000, 0x0000000085f00000|100%| O|  |TAMS 0x0000000085f00000, 0x0000000085f00000| Untracked 
|  95|0x0000000085f00000, 0x0000000086000000, 0x0000000086000000|100%| O|  |TAMS 0x0000000086000000, 0x0000000086000000| Untracked 
|  96|0x0000000086000000, 0x0000000086100000, 0x0000000086100000|100%| O|  |TAMS 0x0000000086100000, 0x0000000086100000| Untracked 
|  97|0x0000000086100000, 0x0000000086200000, 0x0000000086200000|100%| O|  |TAMS 0x0000000086200000, 0x0000000086200000| Untracked 
|  98|0x0000000086200000, 0x0000000086300000, 0x0000000086300000|100%| O|  |TAMS 0x0000000086300000, 0x0000000086300000| Untracked 
|  99|0x0000000086300000, 0x0000000086400000, 0x0000000086400000|100%| O|  |TAMS 0x0000000086400000, 0x0000000086400000| Untracked 
| 100|0x0000000086400000, 0x0000000086500000, 0x0000000086500000|100%| O|  |TAMS 0x0000000086500000, 0x0000000086500000| Untracked 
| 101|0x0000000086500000, 0x0000000086600000, 0x0000000086600000|100%|HS|  |TAMS 0x0000000086600000, 0x0000000086600000| Complete 
| 102|0x0000000086600000, 0x0000000086700000, 0x0000000086700000|100%|HC|  |TAMS 0x0000000086700000, 0x0000000086700000| Complete 
| 103|0x0000000086700000, 0x0000000086800000, 0x0000000086800000|100%|HC|  |TAMS 0x0000000086800000, 0x0000000086800000| Complete 
| 104|0x0000000086800000, 0x0000000086900000, 0x0000000086900000|100%|HC|  |TAMS 0x0000000086900000, 0x0000000086900000| Complete 
| 105|0x0000000086900000, 0x0000000086a00000, 0x0000000086a00000|100%|HC|  |TAMS 0x0000000086a00000, 0x0000000086a00000| Complete 
| 106|0x0000000086a00000, 0x0000000086b00000, 0x0000000086b00000|100%|HC|  |TAMS 0x0000000086b00000, 0x0000000086b00000| Complete 
| 107|0x0000000086b00000, 0x0000000086c00000, 0x0000000086c00000|100%|HC|  |TAMS 0x0000000086c00000, 0x0000000086c00000| Complete 
| 108|0x0000000086c00000, 0x0000000086d00000, 0x0000000086d00000|100%|HC|  |TAMS 0x0000000086d00000, 0x0000000086d00000| Complete 
| 109|0x0000000086d00000, 0x0000000086e00000, 0x0000000086e00000|100%|HS|  |TAMS 0x0000000086e00000, 0x0000000086e00000| Complete 
| 110|0x0000000086e00000, 0x0000000086f00000, 0x0000000086f00000|100%| O|  |TAMS 0x0000000086f00000, 0x0000000086f00000| Untracked 
| 111|0x0000000086f00000, 0x0000000087000000, 0x0000000087000000|100%| O|  |TAMS 0x0000000087000000, 0x0000000087000000| Untracked 
| 112|0x0000000087000000, 0x0000000087100000, 0x0000000087100000|100%| O|  |TAMS 0x0000000087100000, 0x0000000087100000| Untracked 
| 113|0x0000000087100000, 0x0000000087200000, 0x0000000087200000|100%| O|  |TAMS 0x0000000087200000, 0x0000000087200000| Untracked 
| 114|0x0000000087200000, 0x0000000087300000, 0x0000000087300000|100%| O|  |TAMS 0x0000000087300000, 0x0000000087300000| Untracked 
| 115|0x0000000087300000, 0x0000000087400000, 0x0000000087400000|100%| O|  |TAMS 0x0000000087400000, 0x0000000087400000| Untracked 
| 116|0x0000000087400000, 0x0000000087500000, 0x0000000087500000|100%| O|  |TAMS 0x0000000087500000, 0x0000000087500000| Untracked 
| 117|0x0000000087500000, 0x0000000087600000, 0x0000000087600000|100%| O|  |TAMS 0x0000000087600000, 0x0000000087600000| Untracked 
| 118|0x0000000087600000, 0x0000000087700000, 0x0000000087700000|100%| O|  |TAMS 0x0000000087700000, 0x0000000087700000| Untracked 
| 119|0x0000000087700000, 0x0000000087800000, 0x0000000087800000|100%| O|  |TAMS 0x0000000087800000, 0x0000000087800000| Untracked 
| 120|0x0000000087800000, 0x0000000087900000, 0x0000000087900000|100%| O|  |TAMS 0x0000000087900000, 0x0000000087900000| Untracked 
| 121|0x0000000087900000, 0x0000000087a00000, 0x0000000087a00000|100%| O|  |TAMS 0x0000000087a00000, 0x0000000087a00000| Untracked 
| 122|0x0000000087a00000, 0x0000000087b00000, 0x0000000087b00000|100%| O|  |TAMS 0x0000000087b00000, 0x0000000087b00000| Untracked 
| 123|0x0000000087b00000, 0x0000000087c00000, 0x0000000087c00000|100%| O|  |TAMS 0x0000000087c00000, 0x0000000087c00000| Untracked 
| 124|0x0000000087c00000, 0x0000000087d00000, 0x0000000087d00000|100%| O|  |TAMS 0x0000000087d00000, 0x0000000087d00000| Untracked 
| 125|0x0000000087d00000, 0x0000000087e00000, 0x0000000087e00000|100%| O|  |TAMS 0x0000000087e00000, 0x0000000087e00000| Untracked 
| 126|0x0000000087e00000, 0x0000000087f00000, 0x0000000087f00000|100%| O|  |TAMS 0x0000000087f00000, 0x0000000087f00000| Untracked 
| 127|0x0000000087f00000, 0x0000000088000000, 0x0000000088000000|100%| O|  |TAMS 0x0000000088000000, 0x0000000088000000| Untracked 
| 128|0x0000000088000000, 0x0000000088100000, 0x0000000088100000|100%| O|  |TAMS 0x0000000088100000, 0x0000000088100000| Untracked 
| 129|0x0000000088100000, 0x0000000088200000, 0x0000000088200000|100%| O|  |TAMS 0x0000000088200000, 0x0000000088200000| Untracked 
| 130|0x0000000088200000, 0x0000000088300000, 0x0000000088300000|100%| O|  |TAMS 0x0000000088300000, 0x0000000088300000| Untracked 
| 131|0x0000000088300000, 0x0000000088400000, 0x0000000088400000|100%| O|  |TAMS 0x0000000088400000, 0x0000000088400000| Untracked 
| 132|0x0000000088400000, 0x0000000088500000, 0x0000000088500000|100%| O|  |TAMS 0x0000000088500000, 0x0000000088500000| Untracked 
| 133|0x0000000088500000, 0x0000000088600000, 0x0000000088600000|100%| O|  |TAMS 0x0000000088600000, 0x0000000088600000| Untracked 
| 134|0x0000000088600000, 0x0000000088700000, 0x0000000088700000|100%| O|  |TAMS 0x0000000088700000, 0x0000000088700000| Untracked 
| 135|0x0000000088700000, 0x0000000088800000, 0x0000000088800000|100%| O|  |TAMS 0x0000000088800000, 0x0000000088800000| Untracked 
| 136|0x0000000088800000, 0x0000000088900000, 0x0000000088900000|100%| O|  |TAMS 0x0000000088900000, 0x0000000088900000| Untracked 
| 137|0x0000000088900000, 0x0000000088a00000, 0x0000000088a00000|100%| O|  |TAMS 0x0000000088a00000, 0x0000000088a00000| Untracked 
| 138|0x0000000088a00000, 0x0000000088b00000, 0x0000000088b00000|100%| O|  |TAMS 0x0000000088b00000, 0x0000000088b00000| Untracked 
| 139|0x0000000088b00000, 0x0000000088c00000, 0x0000000088c00000|100%| O|  |TAMS 0x0000000088c00000, 0x0000000088c00000| Untracked 
| 140|0x0000000088c00000, 0x0000000088d00000, 0x0000000088d00000|100%| O|  |TAMS 0x0000000088d00000, 0x0000000088d00000| Untracked 
| 141|0x0000000088d00000, 0x0000000088e00000, 0x0000000088e00000|100%| O|  |TAMS 0x0000000088e00000, 0x0000000088e00000| Untracked 
| 142|0x0000000088e00000, 0x0000000088f00000, 0x0000000088f00000|100%| O|  |TAMS 0x0000000088f00000, 0x0000000088f00000| Untracked 
| 143|0x0000000088f00000, 0x0000000089000000, 0x0000000089000000|100%| O|  |TAMS 0x0000000089000000, 0x0000000089000000| Untracked 
| 144|0x0000000089000000, 0x0000000089100000, 0x0000000089100000|100%| O|  |TAMS 0x0000000089100000, 0x0000000089100000| Untracked 
| 145|0x0000000089100000, 0x0000000089200000, 0x0000000089200000|100%| O|  |TAMS 0x0000000089200000, 0x0000000089200000| Untracked 
| 146|0x0000000089200000, 0x0000000089300000, 0x0000000089300000|100%| O|  |TAMS 0x0000000089300000, 0x0000000089300000| Untracked 
| 147|0x0000000089300000, 0x0000000089400000, 0x0000000089400000|100%| O|  |TAMS 0x0000000089400000, 0x0000000089400000| Untracked 
| 148|0x0000000089400000, 0x0000000089500000, 0x0000000089500000|100%| O|  |TAMS 0x0000000089500000, 0x0000000089500000| Untracked 
| 149|0x0000000089500000, 0x0000000089600000, 0x0000000089600000|100%| O|  |TAMS 0x0000000089600000, 0x0000000089600000| Untracked 
| 150|0x0000000089600000, 0x0000000089700000, 0x0000000089700000|100%| O|  |TAMS 0x0000000089700000, 0x0000000089700000| Untracked 
| 151|0x0000000089700000, 0x0000000089800000, 0x0000000089800000|100%| O|  |TAMS 0x0000000089739400, 0x0000000089800000| Untracked 
| 152|0x0000000089800000, 0x0000000089900000, 0x0000000089900000|100%|HS|  |TAMS 0x0000000089800000, 0x0000000089900000| Complete 
| 153|0x0000000089900000, 0x0000000089a00000, 0x0000000089a00000|100%|HS|  |TAMS 0x0000000089900000, 0x0000000089a00000| Complete 
| 154|0x0000000089a00000, 0x0000000089b00000, 0x0000000089b00000|100%| O|  |TAMS 0x0000000089a00000, 0x0000000089b00000| Untracked 
| 155|0x0000000089b00000, 0x0000000089c00000, 0x0000000089c00000|100%| O|  |TAMS 0x0000000089b00000, 0x0000000089c00000| Untracked 
| 156|0x0000000089c00000, 0x0000000089d00000, 0x0000000089d00000|100%| O|  |TAMS 0x0000000089c00000, 0x0000000089d00000| Untracked 
| 157|0x0000000089d00000, 0x0000000089e00000, 0x0000000089e00000|100%| O|  |TAMS 0x0000000089d00000, 0x0000000089e00000| Untracked 
| 158|0x0000000089e00000, 0x0000000089f00000, 0x0000000089f00000|100%| O|  |TAMS 0x0000000089e00000, 0x0000000089f00000| Untracked 
| 159|0x0000000089f00000, 0x000000008a000000, 0x000000008a000000|100%| O|  |TAMS 0x0000000089f00000, 0x000000008a000000| Untracked 
| 160|0x000000008a000000, 0x000000008a100000, 0x000000008a100000|100%| O|  |TAMS 0x000000008a000000, 0x000000008a100000| Untracked 
| 161|0x000000008a100000, 0x000000008a15e200, 0x000000008a200000| 36%| O|  |TAMS 0x000000008a100000, 0x000000008a15e200| Untracked 
| 162|0x000000008a200000, 0x000000008a300000, 0x000000008a300000|100%|HS|  |TAMS 0x000000008a200000, 0x000000008a200000| Complete 
| 163|0x000000008a300000, 0x000000008a300000, 0x000000008a400000|  0%| F|  |TAMS 0x000000008a300000, 0x000000008a300000| Untracked 
| 164|0x000000008a400000, 0x000000008a400000, 0x000000008a500000|  0%| F|  |TAMS 0x000000008a400000, 0x000000008a400000| Untracked 
| 165|0x000000008a500000, 0x000000008a500000, 0x000000008a600000|  0%| F|  |TAMS 0x000000008a500000, 0x000000008a500000| Untracked 
| 166|0x000000008a600000, 0x000000008a600000, 0x000000008a700000|  0%| F|  |TAMS 0x000000008a600000, 0x000000008a600000| Untracked 
| 167|0x000000008a700000, 0x000000008a700000, 0x000000008a800000|  0%| F|  |TAMS 0x000000008a700000, 0x000000008a700000| Untracked 
| 168|0x000000008a800000, 0x000000008a900000, 0x000000008a900000|100%| O|  |TAMS 0x000000008a900000, 0x000000008a900000| Untracked 
| 169|0x000000008a900000, 0x000000008a900000, 0x000000008aa00000|  0%| F|  |TAMS 0x000000008a900000, 0x000000008a900000| Untracked 
| 170|0x000000008aa00000, 0x000000008aa00000, 0x000000008ab00000|  0%| F|  |TAMS 0x000000008aa00000, 0x000000008aa00000| Untracked 
| 171|0x000000008ab00000, 0x000000008ab00000, 0x000000008ac00000|  0%| F|  |TAMS 0x000000008ab00000, 0x000000008ab00000| Untracked 
| 172|0x000000008ac00000, 0x000000008ac00000, 0x000000008ad00000|  0%| F|  |TAMS 0x000000008ac00000, 0x000000008ac00000| Untracked 
| 173|0x000000008ad00000, 0x000000008ad00000, 0x000000008ae00000|  0%| F|  |TAMS 0x000000008ad00000, 0x000000008ad00000| Untracked 
| 174|0x000000008ae00000, 0x000000008ae00000, 0x000000008af00000|  0%| F|  |TAMS 0x000000008ae00000, 0x000000008ae00000| Untracked 
| 175|0x000000008af00000, 0x000000008af00000, 0x000000008b000000|  0%| F|  |TAMS 0x000000008af00000, 0x000000008af00000| Untracked 
| 176|0x000000008b000000, 0x000000008b000000, 0x000000008b100000|  0%| F|  |TAMS 0x000000008b000000, 0x000000008b000000| Untracked 
| 177|0x000000008b100000, 0x000000008b100000, 0x000000008b200000|  0%| F|  |TAMS 0x000000008b100000, 0x000000008b100000| Untracked 
| 178|0x000000008b200000, 0x000000008b200000, 0x000000008b300000|  0%| F|  |TAMS 0x000000008b200000, 0x000000008b200000| Untracked 
| 179|0x000000008b300000, 0x000000008b300000, 0x000000008b400000|  0%| F|  |TAMS 0x000000008b300000, 0x000000008b300000| Untracked 
| 180|0x000000008b400000, 0x000000008b400000, 0x000000008b500000|  0%| F|  |TAMS 0x000000008b400000, 0x000000008b400000| Untracked 
| 181|0x000000008b500000, 0x000000008b500000, 0x000000008b600000|  0%| F|  |TAMS 0x000000008b500000, 0x000000008b500000| Untracked 
| 182|0x000000008b600000, 0x000000008b600000, 0x000000008b700000|  0%| F|  |TAMS 0x000000008b600000, 0x000000008b600000| Untracked 
| 183|0x000000008b700000, 0x000000008b700000, 0x000000008b800000|  0%| F|  |TAMS 0x000000008b700000, 0x000000008b700000| Untracked 
| 184|0x000000008b800000, 0x000000008b800000, 0x000000008b900000|  0%| F|  |TAMS 0x000000008b800000, 0x000000008b800000| Untracked 
| 185|0x000000008b900000, 0x000000008b900000, 0x000000008ba00000|  0%| F|  |TAMS 0x000000008b900000, 0x000000008b900000| Untracked 
| 186|0x000000008ba00000, 0x000000008ba00000, 0x000000008bb00000|  0%| F|  |TAMS 0x000000008ba00000, 0x000000008ba00000| Untracked 
| 187|0x000000008bb00000, 0x000000008bb00000, 0x000000008bc00000|  0%| F|  |TAMS 0x000000008bb00000, 0x000000008bb00000| Untracked 
| 188|0x000000008bc00000, 0x000000008bc00000, 0x000000008bd00000|  0%| F|  |TAMS 0x000000008bc00000, 0x000000008bc00000| Untracked 
| 189|0x000000008bd00000, 0x000000008bd00000, 0x000000008be00000|  0%| F|  |TAMS 0x000000008bd00000, 0x000000008bd00000| Untracked 
| 190|0x000000008be00000, 0x000000008be00000, 0x000000008bf00000|  0%| F|  |TAMS 0x000000008be00000, 0x000000008be00000| Untracked 
| 191|0x000000008bf00000, 0x000000008bf00000, 0x000000008c000000|  0%| F|  |TAMS 0x000000008bf00000, 0x000000008bf00000| Untracked 
| 192|0x000000008c000000, 0x000000008c000000, 0x000000008c100000|  0%| F|  |TAMS 0x000000008c000000, 0x000000008c000000| Untracked 
| 193|0x000000008c100000, 0x000000008c100000, 0x000000008c200000|  0%| F|  |TAMS 0x000000008c100000, 0x000000008c100000| Untracked 
| 194|0x000000008c200000, 0x000000008c200000, 0x000000008c300000|  0%| F|  |TAMS 0x000000008c200000, 0x000000008c200000| Untracked 
| 195|0x000000008c300000, 0x000000008c300000, 0x000000008c400000|  0%| F|  |TAMS 0x000000008c300000, 0x000000008c300000| Untracked 
| 196|0x000000008c400000, 0x000000008c400000, 0x000000008c500000|  0%| F|  |TAMS 0x000000008c400000, 0x000000008c400000| Untracked 
| 197|0x000000008c500000, 0x000000008c500000, 0x000000008c600000|  0%| F|  |TAMS 0x000000008c500000, 0x000000008c500000| Untracked 
| 198|0x000000008c600000, 0x000000008c600000, 0x000000008c700000|  0%| F|  |TAMS 0x000000008c600000, 0x000000008c600000| Untracked 
| 199|0x000000008c700000, 0x000000008c700000, 0x000000008c800000|  0%| F|  |TAMS 0x000000008c700000, 0x000000008c700000| Untracked 
| 200|0x000000008c800000, 0x000000008c800000, 0x000000008c900000|  0%| F|  |TAMS 0x000000008c800000, 0x000000008c800000| Untracked 
| 201|0x000000008c900000, 0x000000008c900000, 0x000000008ca00000|  0%| F|  |TAMS 0x000000008c900000, 0x000000008c900000| Untracked 
| 202|0x000000008ca00000, 0x000000008ca00000, 0x000000008cb00000|  0%| F|  |TAMS 0x000000008ca00000, 0x000000008ca00000| Untracked 
| 203|0x000000008cb00000, 0x000000008cb00000, 0x000000008cc00000|  0%| F|  |TAMS 0x000000008cb00000, 0x000000008cb00000| Untracked 
| 204|0x000000008cc00000, 0x000000008cc00000, 0x000000008cd00000|  0%| F|  |TAMS 0x000000008cc00000, 0x000000008cc00000| Untracked 
| 205|0x000000008cd00000, 0x000000008cd00000, 0x000000008ce00000|  0%| F|  |TAMS 0x000000008cd00000, 0x000000008cd00000| Untracked 
| 206|0x000000008ce00000, 0x000000008ce00000, 0x000000008cf00000|  0%| F|  |TAMS 0x000000008ce00000, 0x000000008ce00000| Untracked 
| 207|0x000000008cf00000, 0x000000008cf00000, 0x000000008d000000|  0%| F|  |TAMS 0x000000008cf00000, 0x000000008cf00000| Untracked 
| 208|0x000000008d000000, 0x000000008d000000, 0x000000008d100000|  0%| F|  |TAMS 0x000000008d000000, 0x000000008d000000| Untracked 
| 209|0x000000008d100000, 0x000000008d100000, 0x000000008d200000|  0%| F|  |TAMS 0x000000008d100000, 0x000000008d100000| Untracked 
| 210|0x000000008d200000, 0x000000008d200000, 0x000000008d300000|  0%| F|  |TAMS 0x000000008d200000, 0x000000008d200000| Untracked 
| 211|0x000000008d300000, 0x000000008d300000, 0x000000008d400000|  0%| F|  |TAMS 0x000000008d300000, 0x000000008d300000| Untracked 
| 212|0x000000008d400000, 0x000000008d400000, 0x000000008d500000|  0%| F|  |TAMS 0x000000008d400000, 0x000000008d400000| Untracked 
| 213|0x000000008d500000, 0x000000008d500000, 0x000000008d600000|  0%| F|  |TAMS 0x000000008d500000, 0x000000008d500000| Untracked 
| 214|0x000000008d600000, 0x000000008d600000, 0x000000008d700000|  0%| F|  |TAMS 0x000000008d600000, 0x000000008d600000| Untracked 
| 215|0x000000008d700000, 0x000000008d700000, 0x000000008d800000|  0%| F|  |TAMS 0x000000008d700000, 0x000000008d700000| Untracked 
| 216|0x000000008d800000, 0x000000008d800000, 0x000000008d900000|  0%| F|  |TAMS 0x000000008d800000, 0x000000008d800000| Untracked 
| 217|0x000000008d900000, 0x000000008d900000, 0x000000008da00000|  0%| F|  |TAMS 0x000000008d900000, 0x000000008d900000| Untracked 
| 218|0x000000008da00000, 0x000000008da00000, 0x000000008db00000|  0%| F|  |TAMS 0x000000008da00000, 0x000000008da00000| Untracked 
| 219|0x000000008db00000, 0x000000008db00000, 0x000000008dc00000|  0%| F|  |TAMS 0x000000008db00000, 0x000000008db00000| Untracked 
| 220|0x000000008dc00000, 0x000000008dc00000, 0x000000008dd00000|  0%| F|  |TAMS 0x000000008dc00000, 0x000000008dc00000| Untracked 
| 221|0x000000008dd00000, 0x000000008dd00000, 0x000000008de00000|  0%| F|  |TAMS 0x000000008dd00000, 0x000000008dd00000| Untracked 
| 222|0x000000008de00000, 0x000000008de00000, 0x000000008df00000|  0%| F|  |TAMS 0x000000008de00000, 0x000000008de00000| Untracked 
| 223|0x000000008df00000, 0x000000008df00000, 0x000000008e000000|  0%| F|  |TAMS 0x000000008df00000, 0x000000008df00000| Untracked 
| 224|0x000000008e000000, 0x000000008e000000, 0x000000008e100000|  0%| F|  |TAMS 0x000000008e000000, 0x000000008e000000| Untracked 
| 225|0x000000008e100000, 0x000000008e100000, 0x000000008e200000|  0%| F|  |TAMS 0x000000008e100000, 0x000000008e100000| Untracked 
| 226|0x000000008e200000, 0x000000008e200000, 0x000000008e300000|  0%| F|  |TAMS 0x000000008e200000, 0x000000008e200000| Untracked 
| 227|0x000000008e300000, 0x000000008e397350, 0x000000008e400000| 59%| S|CS|TAMS 0x000000008e300000, 0x000000008e300000| Complete 
| 228|0x000000008e400000, 0x000000008e500000, 0x000000008e500000|100%| S|CS|TAMS 0x000000008e400000, 0x000000008e400000| Complete 
| 229|0x000000008e500000, 0x000000008e600000, 0x000000008e600000|100%| S|CS|TAMS 0x000000008e500000, 0x000000008e500000| Complete 
| 230|0x000000008e600000, 0x000000008e700000, 0x000000008e700000|100%| S|CS|TAMS 0x000000008e600000, 0x000000008e600000| Complete 
| 231|0x000000008e700000, 0x000000008e700000, 0x000000008e800000|  0%| F|  |TAMS 0x000000008e700000, 0x000000008e700000| Untracked 
| 232|0x000000008e800000, 0x000000008e800000, 0x000000008e900000|  0%| F|  |TAMS 0x000000008e800000, 0x000000008e800000| Untracked 
| 233|0x000000008e900000, 0x000000008e900000, 0x000000008ea00000|  0%| F|  |TAMS 0x000000008e900000, 0x000000008e900000| Untracked 
| 234|0x000000008ea00000, 0x000000008ea00000, 0x000000008eb00000|  0%| F|  |TAMS 0x000000008ea00000, 0x000000008ea00000| Untracked 
| 235|0x000000008eb00000, 0x000000008eb00000, 0x000000008ec00000|  0%| F|  |TAMS 0x000000008eb00000, 0x000000008eb00000| Untracked 
| 236|0x000000008ec00000, 0x000000008ec00000, 0x000000008ed00000|  0%| F|  |TAMS 0x000000008ec00000, 0x000000008ec00000| Untracked 
| 237|0x000000008ed00000, 0x000000008ed00000, 0x000000008ee00000|  0%| F|  |TAMS 0x000000008ed00000, 0x000000008ed00000| Untracked 
| 238|0x000000008ee00000, 0x000000008eebd950, 0x000000008ef00000| 74%| E|  |TAMS 0x000000008ee00000, 0x000000008ee00000| Complete 
| 239|0x000000008ef00000, 0x000000008f000000, 0x000000008f000000|100%| E|CS|TAMS 0x000000008ef00000, 0x000000008ef00000| Complete 
| 240|0x000000008f000000, 0x000000008f100000, 0x000000008f100000|100%| E|CS|TAMS 0x000000008f000000, 0x000000008f000000| Complete 
| 241|0x000000008f100000, 0x000000008f200000, 0x000000008f200000|100%| E|CS|TAMS 0x000000008f100000, 0x000000008f100000| Complete 
| 242|0x000000008f200000, 0x000000008f300000, 0x000000008f300000|100%| E|CS|TAMS 0x000000008f200000, 0x000000008f200000| Complete 
| 243|0x000000008f300000, 0x000000008f400000, 0x000000008f400000|100%| E|CS|TAMS 0x000000008f300000, 0x000000008f300000| Complete 
| 244|0x000000008f400000, 0x000000008f500000, 0x000000008f500000|100%| E|CS|TAMS 0x000000008f400000, 0x000000008f400000| Complete 
| 245|0x000000008f500000, 0x000000008f600000, 0x000000008f600000|100%| E|CS|TAMS 0x000000008f500000, 0x000000008f500000| Complete 

Card table byte_map: [0x0000021adb180000,0x0000021adb580000] _byte_map_base: 0x0000021adad80000

Marking Bits (Prev, Next): (CMBitMap*) 0x0000021ac786d800, (CMBitMap*) 0x0000021ac786d7c8
 Prev Bits: [0x0000021add980000, 0x0000021adf980000)
 Next Bits: [0x0000021adb980000, 0x0000021add980000)

Polling page: 0x0000021ac5f30000

Metaspace:

Usage:
  Non-class:     86.63 MB capacity,    85.22 MB ( 98%) used,     1.13 MB (  1%) free+waste,   287.63 KB ( <1%) overhead. 
      Class:     13.65 MB capacity,    12.79 MB ( 94%) used,   754.55 KB (  5%) free+waste,   127.94 KB ( <1%) overhead. 
       Both:    100.28 MB capacity,    98.01 MB ( 98%) used,     1.87 MB (  2%) free+waste,   415.56 KB ( <1%) overhead. 

Virtual space:
  Non-class space:       88.00 MB reserved,      86.75 MB ( 99%) committed 
      Class space:        1.00 GB reserved,      13.70 MB (  1%) committed 
             Both:        1.09 GB reserved,     100.45 MB (  9%) committed 

Chunk freelists:
   Non-Class:  0 bytes
       Class:  0 bytes
        Both:  0 bytes

MaxMetaspaceSize: 17179869184.00 GB
CompressedClassSpaceSize: 1.00 GB

CodeHeap 'non-profiled nmethods': size=120000Kb used=6445Kb max_used=6445Kb free=113554Kb
 bounds [0x0000021ad2df0000, 0x0000021ad3440000, 0x0000021ada320000]
CodeHeap 'profiled nmethods': size=120000Kb used=25987Kb max_used=25987Kb free=94013Kb
 bounds [0x0000021acb8c0000, 0x0000021acd230000, 0x0000021ad2df0000]
CodeHeap 'non-nmethods': size=5760Kb used=2305Kb max_used=2365Kb free=3454Kb
 bounds [0x0000021acb320000, 0x0000021acb590000, 0x0000021acb8c0000]
 total_blobs=12944 nmethods=12031 adapters=824
 compilation: enabled
              stopped_count=0, restarted_count=0
 full_count=0

Compilation events (20 events):
Event: 21.602 Thread 0x0000021ae2469000 12196       2       java.util.IdentityHashMap::get (60 bytes)
Event: 21.602 Thread 0x0000021ae2469000 nmethod 12196 0x0000021acd20e590 code [0x0000021acd20e760, 0x0000021acd20e988]
Event: 21.602 Thread 0x0000021ae2469000 12197       2       com.android.tools.r8.graph.d0::Y (21 bytes)
Event: 21.602 Thread 0x0000021ae2469000 nmethod 12197 0x0000021acd20eb10 code [0x0000021acd20ecc0, 0x0000021acd20ee18]
Event: 21.602 Thread 0x0000021ae2469000 12199       2       com.android.tools.r8.graph.d0::c0 (21 bytes)
Event: 21.602 Thread 0x0000021ae2469000 nmethod 12199 0x0000021acd20ef10 code [0x0000021acd20f0c0, 0x0000021acd20f218]
Event: 21.602 Thread 0x0000021ae2469000 12200       2       com.android.tools.r8.synthesis.l::b (18 bytes)
Event: 21.603 Thread 0x0000021ae2469000 nmethod 12200 0x0000021acd20f310 code [0x0000021acd20f4c0, 0x0000021acd20f628]
Event: 21.603 Thread 0x0000021ae2469000 12202       2       com.android.tools.r8.graph.a0::<init> (19 bytes)
Event: 21.603 Thread 0x0000021ae2469000 nmethod 12202 0x0000021acd20f710 code [0x0000021acd20f8c0, 0x0000021acd20fad8]
Event: 21.603 Thread 0x0000021ae2469000 12201       2       com.android.tools.r8.graph.T::a (23 bytes)
Event: 21.603 Thread 0x0000021ae2469000 nmethod 12201 0x0000021acd20fb90 code [0x0000021acd20fd60, 0x0000021acd210028]
Event: 21.603 Thread 0x0000021ae2469000 12198       1       com.android.tools.r8.synthesis.m::a (5 bytes)
Event: 21.603 Thread 0x0000021ae2469000 nmethod 12198 0x0000021ad3421890 code [0x0000021ad3421a40, 0x0000021ad3421ad8]
Event: 21.603 Thread 0x0000021ae2469000 12203       2       com.android.tools.r8.graph.Z0::a (53 bytes)
Event: 21.604 Thread 0x0000021ae2469000 nmethod 12203 0x0000021acd210110 code [0x0000021acd210300, 0x0000021acd210598]
Event: 21.604 Thread 0x0000021ae2469000 12204       2       com.android.tools.r8.graph.T::a (93 bytes)
Event: 21.605 Thread 0x0000021ae2469000 nmethod 12204 0x0000021acd210710 code [0x0000021acd210980, 0x0000021acd211208]
Event: 21.605 Thread 0x0000021ae2469000 12205       1       com.android.tools.r8.graph.z::v (5 bytes)
Event: 21.605 Thread 0x0000021ae2469000 nmethod 12205 0x0000021ad3421b90 code [0x0000021ad3421d40, 0x0000021ad3421df8]

GC Heap History (20 events):
Event: 19.916 GC heap before
{Heap before GC invocations=32 (full 0):
 garbage-first heap   total 172032K, used 104423K [0x0000000080000000, 0x0000000100000000)
  region size 1024K, 15 young (15360K), 4 survivors (4096K)
 Metaspace       used 95471K, capacity 97523K, committed 97868K, reserved 1134592K
  class space    used 12232K, capacity 12989K, committed 13132K, reserved 1048576K
}
Event: 19.925 GC heap after
{Heap after GC invocations=33 (full 0):
 garbage-first heap   total 172032K, used 96552K [0x0000000080000000, 0x0000000100000000)
  region size 1024K, 3 young (3072K), 3 survivors (3072K)
 Metaspace       used 95471K, capacity 97523K, committed 97868K, reserved 1134592K
  class space    used 12232K, capacity 12989K, committed 13132K, reserved 1048576K
}
Event: 20.243 GC heap before
{Heap before GC invocations=34 (full 0):
 garbage-first heap   total 172032K, used 153896K [0x0000000080000000, 0x0000000100000000)
  region size 1024K, 41 young (41984K), 3 survivors (3072K)
 Metaspace       used 95689K, capacity 97758K, committed 98124K, reserved 1134592K
  class space    used 12257K, capacity 13024K, committed 13132K, reserved 1048576K
}
Event: 20.268 GC heap after
{Heap after GC invocations=35 (full 0):
 garbage-first heap   total 173056K, used 120792K [0x0000000080000000, 0x0000000100000000)
  region size 1024K, 6 young (6144K), 6 survivors (6144K)
 Metaspace       used 95689K, capacity 97758K, committed 98124K, reserved 1134592K
  class space    used 12257K, capacity 13024K, committed 13132K, reserved 1048576K
}
Event: 20.583 GC heap before
{Heap before GC invocations=35 (full 0):
 garbage-first heap   total 173056K, used 141272K [0x0000000080000000, 0x0000000100000000)
  region size 1024K, 27 young (27648K), 6 survivors (6144K)
 Metaspace       used 97968K, capacity 100118K, committed 100428K, reserved 1136640K
  class space    used 12744K, capacity 13537K, committed 13644K, reserved 1048576K
}
Event: 20.604 GC heap after
{Heap after GC invocations=36 (full 0):
 garbage-first heap   total 173056K, used 130728K [0x0000000080000000, 0x0000000100000000)
  region size 1024K, 4 young (4096K), 4 survivors (4096K)
 Metaspace       used 97968K, capacity 100118K, committed 100428K, reserved 1136640K
  class space    used 12744K, capacity 13537K, committed 13644K, reserved 1048576K
}
Event: 20.722 GC heap before
{Heap before GC invocations=36 (full 0):
 garbage-first heap   total 173056K, used 143016K [0x0000000080000000, 0x0000000100000000)
  region size 1024K, 17 young (17408K), 4 survivors (4096K)
 Metaspace       used 97999K, capacity 100122K, committed 100428K, reserved 1136640K
  class space    used 12744K, capacity 13537K, committed 13644K, reserved 1048576K
}
Event: 20.736 GC heap after
{Heap after GC invocations=37 (full 0):
 garbage-first heap   total 173056K, used 137929K [0x0000000080000000, 0x0000000100000000)
  region size 1024K, 3 young (3072K), 3 survivors (3072K)
 Metaspace       used 97999K, capacity 100122K, committed 100428K, reserved 1136640K
  class space    used 12744K, capacity 13537K, committed 13644K, reserved 1048576K
}
Event: 20.818 GC heap before
{Heap before GC invocations=37 (full 0):
 garbage-first heap   total 173056K, used 145097K [0x0000000080000000, 0x0000000100000000)
  region size 1024K, 11 young (11264K), 3 survivors (3072K)
 Metaspace       used 98006K, capacity 100122K, committed 100428K, reserved 1136640K
  class space    used 12744K, capacity 13537K, committed 13644K, reserved 1048576K
}
Event: 20.829 GC heap after
{Heap after GC invocations=38 (full 0):
 garbage-first heap   total 209920K, used 142934K [0x0000000080000000, 0x0000000100000000)
  region size 1024K, 2 young (2048K), 2 survivors (2048K)
 Metaspace       used 98006K, capacity 100122K, committed 100428K, reserved 1136640K
  class space    used 12744K, capacity 13537K, committed 13644K, reserved 1048576K
}
Event: 20.995 GC heap before
{Heap before GC invocations=39 (full 0):
 garbage-first heap   total 209920K, used 164438K [0x0000000080000000, 0x0000000100000000)
  region size 1024K, 24 young (24576K), 2 survivors (2048K)
 Metaspace       used 98060K, capacity 100189K, committed 100428K, reserved 1136640K
  class space    used 12744K, capacity 13537K, committed 13644K, reserved 1048576K
}
Event: 21.009 GC heap after
{Heap after GC invocations=40 (full 0):
 garbage-first heap   total 209920K, used 155228K [0x0000000080000000, 0x0000000100000000)
  region size 1024K, 3 young (3072K), 3 survivors (3072K)
 Metaspace       used 98060K, capacity 100189K, committed 100428K, reserved 1136640K
  class space    used 12744K, capacity 13537K, committed 13644K, reserved 1048576K
}
Event: 21.028 GC heap before
{Heap before GC invocations=40 (full 0):
 garbage-first heap   total 209920K, used 158300K [0x0000000080000000, 0x0000000100000000)
  region size 1024K, 7 young (7168K), 3 survivors (3072K)
 Metaspace       used 98061K, capacity 100189K, committed 100428K, reserved 1136640K
  class space    used 12744K, capacity 13537K, committed 13644K, reserved 1048576K
}
Event: 21.036 GC heap after
{Heap after GC invocations=41 (full 0):
 garbage-first heap   total 209920K, used 157984K [0x0000000080000000, 0x0000000100000000)
  region size 1024K, 3 young (3072K), 3 survivors (3072K)
 Metaspace       used 98061K, capacity 100189K, committed 100428K, reserved 1136640K
  class space    used 12744K, capacity 13537K, committed 13644K, reserved 1048576K
}
Event: 21.108 GC heap before
{Heap before GC invocations=41 (full 0):
 garbage-first heap   total 209920K, used 171296K [0x0000000080000000, 0x0000000100000000)
  region size 1024K, 14 young (14336K), 3 survivors (3072K)
 Metaspace       used 98061K, capacity 100189K, committed 100428K, reserved 1136640K
  class space    used 12744K, capacity 13537K, committed 13644K, reserved 1048576K
}
Event: 21.115 GC heap after
{Heap after GC invocations=42 (full 0):
 garbage-first heap   total 209920K, used 165737K [0x0000000080000000, 0x0000000100000000)
  region size 1024K, 2 young (2048K), 2 survivors (2048K)
 Metaspace       used 98061K, capacity 100189K, committed 100428K, reserved 1136640K
  class space    used 12744K, capacity 13537K, committed 13644K, reserved 1048576K
}
Event: 21.374 GC heap before
{Heap before GC invocations=42 (full 0):
 garbage-first heap   total 209920K, used 173929K [0x0000000080000000, 0x0000000100000000)
  region size 1024K, 11 young (11264K), 2 survivors (2048K)
 Metaspace       used 99675K, capacity 101869K, committed 102220K, reserved 1138688K
  class space    used 12971K, capacity 13771K, committed 13900K, reserved 1048576K
}
Event: 21.382 GC heap after
{Heap after GC invocations=43 (full 0):
 garbage-first heap   total 251904K, used 167617K [0x0000000080000000, 0x0000000100000000)
  region size 1024K, 2 young (2048K), 2 survivors (2048K)
 Metaspace       used 99675K, capacity 101869K, committed 102220K, reserved 1138688K
  class space    used 12971K, capacity 13771K, committed 13900K, reserved 1048576K
}
Event: 21.514 GC heap before
{Heap before GC invocations=44 (full 0):
 garbage-first heap   total 251904K, used 181953K [0x0000000080000000, 0x0000000100000000)
  region size 1024K, 17 young (17408K), 2 survivors (2048K)
 Metaspace       used 99958K, capacity 102150K, committed 102476K, reserved 1138688K
  class space    used 13015K, capacity 13816K, committed 13900K, reserved 1048576K
}
Event: 21.523 GC heap after
{Heap after GC invocations=45 (full 0):
 garbage-first heap   total 251904K, used 169941K [0x0000000080000000, 0x0000000100000000)
  region size 1024K, 4 young (4096K), 4 survivors (4096K)
 Metaspace       used 99958K, capacity 102150K, committed 102476K, reserved 1138688K
  class space    used 13015K, capacity 13816K, committed 13900K, reserved 1048576K
}

Deoptimization events (20 events):
Event: 20.527 Thread 0x0000021aeb1ea000 DEOPT PACKING pc=0x0000021ad33f63e0 sp=0x0000007398ffeb70
Event: 20.527 Thread 0x0000021aeb1ea000 DEOPT UNPACKING pc=0x0000021acb3478af sp=0x0000007398ffeb50 mode 2
Event: 20.546 Thread 0x0000021aeb1ea000 DEOPT PACKING pc=0x0000021acd07c57e sp=0x0000007398ffe950
Event: 20.546 Thread 0x0000021aeb1ea000 DEOPT UNPACKING pc=0x0000021acb3476ce sp=0x0000007398ffded8 mode 0
Event: 20.965 Thread 0x0000021aeb1ea000 Uncommon trap: trap_request=0xffffff4d fr.pc=0x0000021ad3412f2c relative=0x000000000000a12c
Event: 20.965 Thread 0x0000021aeb1ea000 Uncommon trap: reason=unstable_if action=reinterpret pc=0x0000021ad3412f2c method=com.android.tools.r8.code.w1.a(Ljava/nio/ShortBuffer;IILcom/android/tools/r8/internal/av;)[Lcom/android/tools/r8/code/v1; @ 541 c2
Event: 20.965 Thread 0x0000021aeb1ea000 DEOPT PACKING pc=0x0000021ad3412f2c sp=0x0000007398ffeb30
Event: 20.965 Thread 0x0000021aeb1ea000 DEOPT UNPACKING pc=0x0000021acb3478af sp=0x0000007398ffeb18 mode 2
Event: 21.388 Thread 0x0000021aeb1e6800 DEOPT PACKING pc=0x0000021acd1b41bb sp=0x0000007398afe990
Event: 21.388 Thread 0x0000021aeb1e6800 DEOPT UNPACKING pc=0x0000021acb3476ce sp=0x0000007398afde48 mode 0
Event: 21.388 Thread 0x0000021aeb1ee000 DEOPT PACKING pc=0x0000021acd15ce90 sp=0x0000007398efebe0
Event: 21.388 Thread 0x0000021aeb1ee000 DEOPT UNPACKING pc=0x0000021acb3476ce sp=0x0000007398efe118 mode 0
Event: 21.464 Thread 0x0000021aeb1ed000 DEOPT PACKING pc=0x0000021acd1d1ff4 sp=0x0000007398cfe5a0
Event: 21.464 Thread 0x0000021aeb1ed000 DEOPT UNPACKING pc=0x0000021acb3476ce sp=0x0000007398cfda70 mode 0
Event: 21.467 Thread 0x0000021aeb1ec800 DEOPT PACKING pc=0x0000021acd1ceae6 sp=0x00000073989fe810
Event: 21.467 Thread 0x0000021aeb1ec800 DEOPT UNPACKING pc=0x0000021acb3476ce sp=0x00000073989fde20 mode 0
Event: 21.505 Thread 0x0000021aeb1e6000 Uncommon trap: trap_request=0xffffff4d fr.pc=0x0000021ad33e6380 relative=0x0000000000000e00
Event: 21.505 Thread 0x0000021aeb1e6000 Uncommon trap: reason=unstable_if action=reinterpret pc=0x0000021ad33e6380 method=com.android.tools.r8.internal.mp.a(Ljava/lang/Object;Z)Lcom/android/tools/r8/internal/op; @ 84 c2
Event: 21.505 Thread 0x0000021aeb1e6000 DEOPT PACKING pc=0x0000021ad33e6380 sp=0x00000073987fda70
Event: 21.505 Thread 0x0000021aeb1e6000 DEOPT UNPACKING pc=0x0000021acb3478af sp=0x00000073987fda20 mode 2

Classes redefined (0 events):
No events

Internal exceptions (20 events):
Event: 19.909 Thread 0x0000021aeb1e6000 Exception <a 'java/lang/NoSuchMethodError'{0x0000000089d8c4d0}: 'java.lang.Object java.lang.invoke.DirectMethodHandle$Holder.invokeStaticInit(java.lang.Object, java.lang.Object, java.lang.Object, java.lang.Object, java.lang.Object, java.lang.Object, java.lang.Object, java.lang.Object, java.lang.Object, java.lang.Object, java.lang.Object, java.lang.Object, java.lang.Object, java.lang.Object, java.lang.Object, java.lang.Object, java.lang.Object, java.lang.Object, int, java.lang.Object)'> (0x0000000089d8c4d0)
Event: 20.278 Thread 0x0000021aeb1ea000 Exception <a 'java/lang/IncompatibleClassChangeError'{0x000000008a647c30}: Found class java.lang.Object, but interface was expected> (0x000000008a647c30) thrown at [./src/hotspot/share/interpreter/linkResolver.cpp, line 839]
Event: 20.302 Thread 0x0000021aeb1ea000 Exception <a 'java/lang/IncompatibleClassChangeError'{0x000000008a5effb0}: Found class java.lang.Object, but interface was expected> (0x000000008a5effb0) thrown at [./src/hotspot/share/interpreter/linkResolver.cpp, line 839]
Event: 20.303 Thread 0x0000021aeb1ea000 Exception <a 'java/lang/IncompatibleClassChangeError'{0x000000008a41a2d0}: Found class java.lang.Object, but interface was expected> (0x000000008a41a2d0) thrown at [./src/hotspot/share/interpreter/linkResolver.cpp, line 839]
Event: 20.304 Thread 0x0000021aeb1ec800 Exception <a 'java/lang/NoSuchMethodError'{0x000000008a420cf8}: 'java.lang.Object java.lang.invoke.DirectMethodHandle$Holder.newInvokeSpecial(java.lang.Object, int)'> (0x000000008a420cf8) thrown at [./src/hotspot/share/interpreter/linkResolver.cpp, line 773]
Event: 21.166 Thread 0x0000021aeb1e6000 Exception <a 'java/lang/NoSuchMethodError'{0x000000008ca489c0}: 'int java.lang.invoke.DirectMethodHandle$Holder.invokeVirtual(java.lang.Object, java.lang.Object, java.lang.Object, java.lang.Object)'> (0x000000008ca489c0) thrown at [./src/hotspot/share/interpreter/linkResolver.cpp, line 773]
Event: 21.219 Thread 0x0000021aeb1e6000 Exception <a 'java/lang/NoSuchMethodError'{0x000000008c9e0200}: 'void java.lang.invoke.DirectMethodHandle$Holder.invokeStatic(java.lang.Object, java.lang.Object, java.lang.Object, int)'> (0x000000008c9e0200) thrown at [./src/hotspot/share/interpreter/linkResolver.cpp, line 773]
Event: 21.220 Thread 0x0000021aeb1e6000 Exception <a 'java/lang/IncompatibleClassChangeError'{0x000000008c9e7f00}: Found class java.lang.Object, but interface was expected> (0x000000008c9e7f00) thrown at [./src/hotspot/share/interpreter/linkResolver.cpp, line 839]
Event: 21.255 Thread 0x0000021aeb1ee000 Exception <a 'java/lang/NoSuchMethodError'{0x000000008c86d4c8}: 'int java.lang.invoke.DirectMethodHandle$Holder.invokeVirtual(java.lang.Object, java.lang.Object, java.lang.Object)'> (0x000000008c86d4c8) thrown at [./src/hotspot/share/interpreter/linkResolver.cpp, line 773]
Event: 21.256 Thread 0x0000021aeb1e7800 Exception <a 'java/lang/NoSuchMethodError'{0x000000008c872a08}: 'int java.lang.invoke.DirectMethodHandle$Holder.invokeVirtual(java.lang.Object, java.lang.Object, java.lang.Object)'> (0x000000008c872a08) thrown at [./src/hotspot/share/interpreter/linkResolver.cpp, line 773]
Event: 21.256 Thread 0x0000021aeb1ea000 Exception <a 'java/lang/NoSuchMethodError'{0x000000008ccb38a8}: 'int java.lang.invoke.DirectMethodHandle$Holder.invokeVirtual(java.lang.Object, java.lang.Object, java.lang.Object)'> (0x000000008ccb38a8) thrown at [./src/hotspot/share/interpreter/linkResolver.cpp, line 773]
Event: 21.256 Thread 0x0000021aeb1e8000 Exception <a 'java/lang/NoSuchMethodError'{0x000000008c8080a8}: 'int java.lang.invoke.DirectMethodHandle$Holder.invokeVirtual(java.lang.Object, java.lang.Object, java.lang.Object)'> (0x000000008c8080a8) thrown at [./src/hotspot/share/interpreter/linkResolver.cpp, line 773]
Event: 21.255 Thread 0x0000021aeb1e9000 Exception <a 'java/lang/NoSuchMethodError'{0x000000008c803be0}: 'int java.lang.invoke.DirectMethodHandle$Holder.invokeVirtual(java.lang.Object, java.lang.Object, java.lang.Object)'> (0x000000008c803be0) thrown at [./src/hotspot/share/interpreter/linkResolver.cpp, line 773]
Event: 21.255 Thread 0x0000021aeb1e6800 Exception <a 'java/lang/NoSuchMethodError'{0x000000008c86aea0}: 'int java.lang.invoke.DirectMethodHandle$Holder.invokeVirtual(java.lang.Object, java.lang.Object, java.lang.Object)'> (0x000000008c86aea0) thrown at [./src/hotspot/share/interpreter/linkResolver.cpp, line 773]
Event: 21.256 Thread 0x0000021aeb1ed000 Exception <a 'java/lang/NoSuchMethodError'{0x000000008c86ef40}: 'int java.lang.invoke.DirectMethodHandle$Holder.invokeVirtual(java.lang.Object, java.lang.Object, java.lang.Object)'> (0x000000008c86ef40) thrown at [./src/hotspot/share/interpreter/linkResolver.cpp, line 773]
Event: 21.554 Thread 0x0000021aeb1e6000 Exception <a 'java/lang/NoSuchMethodError'{0x000000008f5f65f8}: 'java.lang.Object java.lang.invoke.Invokers$Holder.linkToTargetMethod(java.lang.Object, int, java.lang.Object, java.lang.Object, java.lang.Object, java.lang.Object)'> (0x000000008f5f65f8) thrown at [./src/hotspot/share/interpreter/linkResolver.cpp, line 773]
Event: 21.555 Thread 0x0000021aeb1e6000 Exception <a 'java/lang/NoSuchMethodError'{0x000000008f5fa2b0}: 'void java.lang.invoke.DirectMethodHandle$Holder.invokeSpecial(java.lang.Object, java.lang.Object, java.lang.Object, java.lang.Object, java.lang.Object, java.lang.Object, java.lang.Object, java.lang.Object, java.lang.Object)'> (0x000000008f5fa2b0) thrown at [./src/hotspot/share/interpreter/linkResolver.cpp, line 773]
Event: 21.556 Thread 0x0000021aeb1e6000 Exception <a 'java/lang/NoSuchMethodError'{0x000000008f4039c8}: 'java.lang.Object java.lang.invoke.Invokers$Holder.linkToTargetMethod(java.lang.Object, java.lang.Object, java.lang.Object, java.lang.Object, java.lang.Object, java.lang.Object, java.lang.Object)'> (0x000000008f4039c8) thrown at [./src/hotspot/share/interpreter/linkResolver.cpp, line 773]
Event: 21.562 Thread 0x0000021aeb1e6000 Exception <a 'java/lang/IncompatibleClassChangeError'{0x000000008f427ad0}: Found class java.lang.Object, but interface was expected> (0x000000008f427ad0) thrown at [./src/hotspot/share/interpreter/linkResolver.cpp, line 839]
Event: 21.593 Thread 0x0000021aeb1e6000 Exception <a 'java/lang/NoSuchMethodError'{0x000000008f4fcac8}: 'void java.lang.invoke.DirectMethodHandle$Holder.invokeStatic(java.lang.Object, java.lang.Object, java.lang.Object, java.lang.Object, java.lang.Object, java.lang.Object, java.lang.Object, java.lang.Object)'> (0x000000008f4fcac8) thrown at [./src/hotspot/share/interpreter/linkResolver.cpp, line 773]

Events (20 events):
Event: 21.595 loading class com/android/tools/r8/graph/e
Event: 21.595 loading class com/android/tools/r8/graph/e done
Event: 21.595 loading class com/android/tools/r8/graph/e
Event: 21.595 loading class com/android/tools/r8/graph/e done
Event: 21.600 loading class com/android/tools/r8/graph/Z
Event: 21.600 loading class com/android/tools/r8/graph/Z done
Event: 21.600 loading class com/android/tools/r8/graph/d0
Event: 21.600 loading class com/android/tools/r8/graph/d0 done
Event: 21.600 loading class com/android/tools/r8/graph/Z0
Event: 21.600 loading class com/android/tools/r8/graph/Z0 done
Event: 21.604 loading class com/android/tools/r8/internal/qr
Event: 21.604 loading class com/android/tools/r8/internal/qr done
Event: 21.604 loading class com/android/tools/r8/internal/qr
Event: 21.604 loading class com/android/tools/r8/internal/qr done
Event: 21.605 loading class com/android/tools/r8/graph/P
Event: 21.605 loading class com/android/tools/r8/graph/P done
Event: 21.605 loading class com/android/tools/r8/internal/qr
Event: 21.605 loading class com/android/tools/r8/internal/qr done
Event: 21.605 loading class com/android/tools/r8/internal/qr
Event: 21.605 loading class com/android/tools/r8/internal/qr done


Dynamic libraries:
0x00007ff6337b0000 - 0x00007ff6337ba000 	C:\Program Files\Android\Android Studio\jre\bin\java.exe
0x00007ffc26590000 - 0x00007ffc26785000 	C:\WINDOWS\SYSTEM32\ntdll.dll
0x00007ffc25640000 - 0x00007ffc256fe000 	C:\WINDOWS\System32\KERNEL32.DLL
0x00007ffc24310000 - 0x00007ffc245d8000 	C:\WINDOWS\System32\KERNELBASE.dll
0x00007ffc24210000 - 0x00007ffc24310000 	C:\WINDOWS\System32\ucrtbase.dll
0x00007ffc12fe0000 - 0x00007ffc12ff9000 	C:\Program Files\Android\Android Studio\jre\bin\jli.dll
0x00007ffc138d0000 - 0x00007ffc138e7000 	C:\Program Files\Android\Android Studio\jre\bin\VCRUNTIME140.dll
0x00007ffc26110000 - 0x00007ffc262b1000 	C:\WINDOWS\System32\USER32.dll
0x00007ffc23e80000 - 0x00007ffc23ea2000 	C:\WINDOWS\System32\win32u.dll
0x00007ffc0ad10000 - 0x00007ffc0afaa000 	C:\WINDOWS\WinSxS\amd64_microsoft.windows.common-controls_6595b64144ccf1df_6.0.19041.1110_none_60b5254171f9507e\COMCTL32.dll
0x00007ffc25fd0000 - 0x00007ffc25ffb000 	C:\WINDOWS\System32\GDI32.dll
0x00007ffc24c20000 - 0x00007ffc24cbe000 	C:\WINDOWS\System32\msvcrt.dll
0x00007ffc23d70000 - 0x00007ffc23e7b000 	C:\WINDOWS\System32\gdi32full.dll
0x00007ffc24060000 - 0x00007ffc240fd000 	C:\WINDOWS\System32\msvcp_win.dll
0x00007ffc25360000 - 0x00007ffc25390000 	C:\WINDOWS\System32\IMM32.DLL
0x00007ffbf69c0000 - 0x00007ffbf6a5d000 	C:\Program Files\Android\Android Studio\jre\bin\msvcp140.dll
0x00007ffbd3650000 - 0x00007ffbd411f000 	C:\Program Files\Android\Android Studio\jre\bin\server\jvm.dll
0x00007ffc25180000 - 0x00007ffc2522c000 	C:\WINDOWS\System32\ADVAPI32.dll
0x00007ffc26070000 - 0x00007ffc2610b000 	C:\WINDOWS\System32\sechost.dll
0x00007ffc26350000 - 0x00007ffc2647a000 	C:\WINDOWS\System32\RPCRT4.dll
0x00007ffc26000000 - 0x00007ffc26008000 	C:\WINDOWS\System32\PSAPI.DLL
0x00007ffc21c50000 - 0x00007ffc21c5a000 	C:\WINDOWS\SYSTEM32\VERSION.dll
0x00007ffc21d40000 - 0x00007ffc21d49000 	C:\WINDOWS\SYSTEM32\WSOCK32.dll
0x00007ffc17a10000 - 0x00007ffc17a37000 	C:\WINDOWS\SYSTEM32\WINMM.dll
0x00007ffc25f60000 - 0x00007ffc25fcb000 	C:\WINDOWS\System32\WS2_32.dll
0x00007ffc224f0000 - 0x00007ffc22502000 	C:\WINDOWS\SYSTEM32\kernel.appcore.dll
0x00007ffc1f4b0000 - 0x00007ffc1f4c1000 	C:\Program Files\Android\Android Studio\jre\bin\verify.dll
0x00007ffc11480000 - 0x00007ffc11664000 	C:\WINDOWS\SYSTEM32\DBGHELP.DLL
0x00007ffc0e3b0000 - 0x00007ffc0e3dc000 	C:\WINDOWS\SYSTEM32\dbgcore.DLL
0x00007ffc23cb0000 - 0x00007ffc23d33000 	C:\WINDOWS\System32\bcryptPrimitives.dll
0x00007ffc1ecd0000 - 0x00007ffc1ecf9000 	C:\Program Files\Android\Android Studio\jre\bin\java.dll
0x00007ffc21090000 - 0x00007ffc2109b000 	C:\Program Files\Android\Android Studio\jre\bin\jimage.dll
0x00007ffc1f490000 - 0x00007ffc1f4a8000 	C:\Program Files\Android\Android Studio\jre\bin\zip.dll
0x00007ffc25820000 - 0x00007ffc25f5f000 	C:\WINDOWS\System32\SHELL32.dll
0x00007ffc21d50000 - 0x00007ffc224e0000 	C:\WINDOWS\SYSTEM32\windows.storage.dll
0x00007ffc24e20000 - 0x00007ffc25175000 	C:\WINDOWS\System32\combase.dll
0x00007ffc23630000 - 0x00007ffc2365e000 	C:\WINDOWS\SYSTEM32\Wldp.dll
0x00007ffc24ce0000 - 0x00007ffc24d8d000 	C:\WINDOWS\System32\SHCORE.dll
0x00007ffc257c0000 - 0x00007ffc25815000 	C:\WINDOWS\System32\shlwapi.dll
0x00007ffc23bf0000 - 0x00007ffc23c0f000 	C:\WINDOWS\SYSTEM32\profapi.dll
0x00007ffc1eb80000 - 0x00007ffc1eb9a000 	C:\Program Files\Android\Android Studio\jre\bin\net.dll
0x00007ffc128f0000 - 0x00007ffc129fc000 	C:\WINDOWS\SYSTEM32\WINHTTP.dll
0x00007ffc23340000 - 0x00007ffc233aa000 	C:\WINDOWS\system32\mswsock.dll
0x00007ffc1ea30000 - 0x00007ffc1ea44000 	C:\Program Files\Android\Android Studio\jre\bin\nio.dll
0x00007ffc1e670000 - 0x00007ffc1e697000 	C:\Users\souvik dey\.gradle\native\8bec1ad78214c89d9ad589b4d07fe93259594b29d510b10fafb7a158f7737e5d\windows-amd64\native-platform.dll
0x00007ffbff190000 - 0x00007ffbff2cd000 	C:\Users\souvik dey\.gradle\native\53dbd7edfb1c66fb8903c78663c9afc45aea4f116125fa6feffd364cf09443e8\windows-amd64\native-platform-file-events.dll
0x00007ffc21040000 - 0x00007ffc2104a000 	C:\Program Files\Android\Android Studio\jre\bin\management.dll
0x00007ffc1eb70000 - 0x00007ffc1eb7c000 	C:\Program Files\Android\Android Studio\jre\bin\management_ext.dll
0x00007ffc234f0000 - 0x00007ffc23508000 	C:\WINDOWS\SYSTEM32\CRYPTSP.dll
0x00007ffc22cd0000 - 0x00007ffc22d04000 	C:\WINDOWS\system32\rsaenh.dll
0x00007ffc23d40000 - 0x00007ffc23d67000 	C:\WINDOWS\System32\bcrypt.dll
0x00007ffc23b70000 - 0x00007ffc23b9e000 	C:\WINDOWS\SYSTEM32\USERENV.dll
0x00007ffc23510000 - 0x00007ffc2351c000 	C:\WINDOWS\SYSTEM32\CRYPTBASE.dll
0x00007ffc23040000 - 0x00007ffc2307b000 	C:\WINDOWS\SYSTEM32\IPHLPAPI.DLL
0x00007ffc24790000 - 0x00007ffc24798000 	C:\WINDOWS\System32\NSI.dll
0x00007ffc1b3c0000 - 0x00007ffc1b3d7000 	C:\WINDOWS\SYSTEM32\dhcpcsvc6.DLL
0x00007ffc1cad0000 - 0x00007ffc1caed000 	C:\WINDOWS\SYSTEM32\dhcpcsvc.DLL
0x00007ffc23080000 - 0x00007ffc2314b000 	C:\WINDOWS\SYSTEM32\DNSAPI.dll

dbghelp: loaded successfully - version: 4.0.5 - missing functions: none
symbol engine: initialized successfully - sym options: 0x614 - pdb path: .;C:\Program Files\Android\Android Studio\jre\bin;C:\WINDOWS\SYSTEM32;C:\WINDOWS\WinSxS\amd64_microsoft.windows.common-controls_6595b64144ccf1df_6.0.19041.1110_none_60b5254171f9507e;C:\Program Files\Android\Android Studio\jre\bin\server;C:\Users\souvik dey\.gradle\native\8bec1ad78214c89d9ad589b4d07fe93259594b29d510b10fafb7a158f7737e5d\windows-amd64;C:\Users\souvik dey\.gradle\native\53dbd7edfb1c66fb8903c78663c9afc45aea4f116125fa6feffd364cf09443e8\windows-amd64

VM Arguments:
jvm_args: --add-opens=java.base/java.util=ALL-UNNAMED --add-opens=java.base/java.lang=ALL-UNNAMED --add-opens=java.base/java.lang.invoke=ALL-UNNAMED --add-opens=java.base/java.util=ALL-UNNAMED --add-opens=java.prefs/java.util.prefs=ALL-UNNAMED --add-opens=java.prefs/java.util.prefs=ALL-UNNAMED --add-opens=java.base/java.nio.charset=ALL-UNNAMED --add-opens=java.base/java.net=ALL-UNNAMED --add-opens=java.base/java.util.concurrent.atomic=ALL-UNNAMED -Xmx2048m -Dfile.encoding=UTF-8 -Duser.country=IN -Duser.language=en -Duser.variant 
java_command: org.gradle.launcher.daemon.bootstrap.GradleDaemon 7.0.2
java_class_path (initial): C:\Users\souvik dey\.gradle\wrapper\dists\gradle-7.0.2-bin\857tjihv64xamwrf0h14cai3r\gradle-7.0.2\lib\gradle-launcher-7.0.2.jar
Launcher Type: SUN_STANDARD

[Global flags]
     intx CICompilerCount                          = 4                                         {product} {ergonomic}
     uint ConcGCThreads                            = 2                                         {product} {ergonomic}
     uint G1ConcRefinementThreads                  = 8                                         {product} {ergonomic}
   size_t G1HeapRegionSize                         = 1048576                                   {product} {ergonomic}
    uintx GCDrainStackTargetSize                   = 64                                        {product} {ergonomic}
   size_t InitialHeapSize                          = 100663296                                 {product} {ergonomic}
   size_t MarkStackSize                            = 4194304                                   {product} {ergonomic}
   size_t MaxHeapSize                              = 2147483648                                {product} {command line}
   size_t MaxNewSize                               = 1287651328                                {product} {ergonomic}
   size_t MinHeapDeltaBytes                        = 1048576                                   {product} {ergonomic}
    uintx NonNMethodCodeHeapSize                   = 5836300                                {pd product} {ergonomic}
    uintx NonProfiledCodeHeapSize                  = 122910970                              {pd product} {ergonomic}
    uintx ProfiledCodeHeapSize                     = 122910970                              {pd product} {ergonomic}
    uintx ReservedCodeCacheSize                    = 251658240                              {pd product} {ergonomic}
     bool SegmentedCodeCache                       = true                                      {product} {ergonomic}
     bool UseCompressedClassPointers               = true                                 {lp64_product} {ergonomic}
     bool UseCompressedOops                        = true                                 {lp64_product} {ergonomic}
     bool UseG1GC                                  = true                                      {product} {ergonomic}
     bool UseLargePagesIndividualAllocation        = false                                  {pd product} {ergonomic}

Logging:
Log output configuration:
 #0: stdout all=warning uptime,level,tags
 #1: stderr all=off uptime,level,tags

Environment Variables:
PATH=C:\python 3.9.1\Scripts\;C:\python 3.9.1\;C:\WINDOWS\system32;C:\WINDOWS;C:\WINDOWS\System32\Wbem;C:\WINDOWS\System32\WindowsPowerShell\v1.0\;C:\WINDOWS\System32\OpenSSH\;C:\MinGW\bin;C:\Program Files\Git\cmd;C:\Users\souvik dey\AppData\Local\Microsoft\WindowsApps;C:\Users\souvik dey\AppData\Local\atom\bin
USERNAME=souvik dey
OS=Windows_NT
PROCESSOR_IDENTIFIER=AMD64 Family 23 Model 24 Stepping 1, AuthenticAMD



---------------  S Y S T E M  ---------------

OS: Windows 10 , 64 bit Build 19041 (10.0.19041.1348)
OS uptime: 13 days 15:04 hours
Hyper-V role detected

CPU:total 8 (initial active 8) (8 cores per cpu, 2 threads per core) family 23 model 24 stepping 1 microcode 0x0, cmov, cx8, fxsr, mmx, sse, sse2, sse3, ssse3, sse4.1, sse4.2, popcnt, avx, avx2, aes, clmul, mmxext, 3dnowpref, lzcnt, sse4a, ht, tsc, tscinvbit, tscinv, bmi1, bmi2, adx, s

Memory: 4k page, system-wide physical 6058M (324M free)
TotalPageFile size 24490M (AvailPageFile size 8M)
current process WorkingSet (physical memory assigned to process): 515M, peak: 518M
current process commit charge ("private bytes"): 585M, peak: 589M

vm_info: OpenJDK 64-Bit Server VM (11.0.10+0-b96-7249189) for windows-amd64 JRE (11.0.10+0-b96-7249189), built on Mar 31 2021 21:44:00 by "builder" with MS VC++ 14.0 (VS2015)

END.
