#
# There is insufficient memory for the Java Runtime Environment to continue.
# Native memory allocation (malloc) failed to allocate 1128016 bytes for Chunk::new
# Possible reasons:
#   The system is out of physical RAM or swap space
#   The process is running with CompressedOops enabled, and the Java Heap may be blocking the growth of the native heap
# Possible solutions:
#   Reduce memory load on the system
#   Increase physical memory or swap space
#   Check if swap backing store is full
#   Decrease Java heap size (-Xmx/-Xms)
#   Decrease number of Java threads
#   Decrease Java thread stack sizes (-Xss)
#   Set larger code cache with -XX:ReservedCodeCacheSize=
#   JVM is running with Unscaled Compressed Oops mode in which the Java heap is
#     placed in the first 4GB address space. The Java Heap base address is the
#     maximum limit for the native heap growth. Please use -XX:HeapBaseMinAddress
#     to set the Java Heap base and to place the Java Heap above 4GB virtual address.
# This output file may be truncated or incomplete.
#
#  Out of Memory Error (./src/hotspot/share/memory/arena.cpp:197), pid=1728, tid=11088
#
# JRE version: OpenJDK Runtime Environment (11.0.10) (build 11.0.10+0-b96-7249189)
# Java VM: OpenJDK 64-Bit Server VM (11.0.10+0-b96-7249189, mixed mode, tiered, compressed oops, g1 gc, windows-amd64)
# No core dump will be written. Minidumps are not enabled by default on client versions of Windows
#

---------------  S U M M A R Y ------------

Command Line: --add-opens=java.base/java.util=ALL-UNNAMED --add-opens=java.base/java.lang=ALL-UNNAMED --add-opens=java.base/java.lang.invoke=ALL-UNNAMED --add-opens=java.base/java.util=ALL-UNNAMED --add-opens=java.prefs/java.util.prefs=ALL-UNNAMED --add-opens=java.prefs/java.util.prefs=ALL-UNNAMED --add-opens=java.base/java.nio.charset=ALL-UNNAMED --add-opens=java.base/java.net=ALL-UNNAMED --add-opens=java.base/java.util.concurrent.atomic=ALL-UNNAMED -Xmx2048m -Dfile.encoding=UTF-8 -Duser.country=IN -Duser.language=en -Duser.variant org.gradle.launcher.daemon.bootstrap.GradleDaemon 7.0.2

Host: AMD Ryzen 5 3500U with Radeon Vega Mobile Gfx  , 8 cores, 5G,  Windows 10 , 64 bit Build 19041 (10.0.19041.1348)
Time: Tue Nov 30 12:17:48 2021 India Standard Time elapsed time: 9.866518 seconds (0d 0h 0m 9s)

---------------  T H R E A D  ---------------

Current thread (0x000001e4b3235000):  JavaThread "C2 CompilerThread1" daemon [_thread_in_native, id=11088, stack(0x000000350a300000,0x000000350a400000)]


Current CompileTask:
C2:   9866 6274       4       java.util.regex.Pattern::compile (498 bytes)

Stack: [0x000000350a300000,0x000000350a400000]
Native frames: (J=compiled Java code, j=interpreted, Vv=VM code, C=native code)
V  [jvm.dll+0x5ecfaa]
V  [jvm.dll+0x722bd5]
V  [jvm.dll+0x72412d]
V  [jvm.dll+0x7247e3]
V  [jvm.dll+0x242928]
V  [jvm.dll+0xbc4fc]
V  [jvm.dll+0xbca0c]
V  [jvm.dll+0x352d3b]
V  [jvm.dll+0x320ad3]
V  [jvm.dll+0x31ffca]
V  [jvm.dll+0x1fb602]
V  [jvm.dll+0x1fa7f4]
V  [jvm.dll+0x18354c]
V  [jvm.dll+0x208ee7]
V  [jvm.dll+0x207731]
V  [jvm.dll+0x6eb1cf]
V  [jvm.dll+0x6e3d45]
V  [jvm.dll+0x5ebe96]
C  [ucrtbase.dll+0x21bb2]
C  [KERNEL32.DLL+0x17034]
C  [ntdll.dll+0x52651]


---------------  P R O C E S S  ---------------

Threads class SMR info:
_java_thread_list=0x000001e4b7273060, length=51, elements={
0x000001e496bba000, 0x000001e4b1065800, 0x000001e4b106e800, 0x000001e4b18d2800,
0x000001e4b18d3800, 0x000001e4b18d6000, 0x000001e4b18d9000, 0x000001e4b18de000,
0x000001e4b18e0800, 0x000001e4b1a38800, 0x000001e4b2588800, 0x000001e4b4e79000,
0x000001e4b400c800, 0x000001e4b1b36800, 0x000001e4b507e000, 0x000001e4b471e800,
0x000001e4b4f09000, 0x000001e4b3cd5000, 0x000001e4b3c5a000, 0x000001e4b2c20800,
0x000001e4b2c21000, 0x000001e4b2c1e000, 0x000001e4b2c1f000, 0x000001e4b2c22000,
0x000001e4b2c1f800, 0x000001e4b2c1c800, 0x000001e4b2c1d000, 0x000001e4b2c23000,
0x000001e4b5893800, 0x000001e4b5890800, 0x000001e4b5897000, 0x000001e4b5895000,
0x000001e4b5896000, 0x000001e4b5898800, 0x000001e4b5892800, 0x000001e4b589c800,
0x000001e4b589b000, 0x000001e4b5899000, 0x000001e4b589e000, 0x000001e4b589d800,
0x000001e4b589f000, 0x000001e4b589a000, 0x000001e4b589b800, 0x000001e4b3233000,
0x000001e4b3236800, 0x000001e4b3235800, 0x000001e4b3239000, 0x000001e4b3239800,
0x000001e4b3234000, 0x000001e4b3235000, 0x000001e4b323d000
}

Java Threads: ( => current thread )
  0x000001e496bba000 JavaThread "main" [_thread_blocked, id=8288, stack(0x0000003507700000,0x0000003507800000)]
  0x000001e4b1065800 JavaThread "Reference Handler" daemon [_thread_blocked, id=25584, stack(0x0000003507e00000,0x0000003507f00000)]
  0x000001e4b106e800 JavaThread "Finalizer" daemon [_thread_blocked, id=11348, stack(0x0000003507f00000,0x0000003508000000)]
  0x000001e4b18d2800 JavaThread "Signal Dispatcher" daemon [_thread_blocked, id=11276, stack(0x0000003508000000,0x0000003508100000)]
  0x000001e4b18d3800 JavaThread "Attach Listener" daemon [_thread_blocked, id=21284, stack(0x0000003508100000,0x0000003508200000)]
  0x000001e4b18d6000 JavaThread "Service Thread" daemon [_thread_blocked, id=32072, stack(0x0000003508200000,0x0000003508300000)]
  0x000001e4b18d9000 JavaThread "C2 CompilerThread0" daemon [_thread_blocked, id=25292, stack(0x0000003508300000,0x0000003508400000)]
  0x000001e4b18de000 JavaThread "C1 CompilerThread0" daemon [_thread_blocked, id=12228, stack(0x0000003508400000,0x0000003508500000)]
  0x000001e4b18e0800 JavaThread "Sweeper thread" daemon [_thread_blocked, id=8332, stack(0x0000003508500000,0x0000003508600000)]
  0x000001e4b1a38800 JavaThread "Common-Cleaner" daemon [_thread_blocked, id=11580, stack(0x0000003508600000,0x0000003508700000)]
  0x000001e4b2588800 JavaThread "Daemon health stats" [_thread_blocked, id=32036, stack(0x0000003508a00000,0x0000003508b00000)]
  0x000001e4b4e79000 JavaThread "Incoming local TCP Connector on port 56943" [_thread_in_native, id=13852, stack(0x0000003508800000,0x0000003508900000)]
  0x000001e4b400c800 JavaThread "Daemon periodic checks" [_thread_blocked, id=27728, stack(0x0000003508e00000,0x0000003508f00000)]
  0x000001e4b1b36800 JavaThread "Daemon" [_thread_blocked, id=13044, stack(0x0000003508f00000,0x0000003509000000)]
  0x000001e4b507e000 JavaThread "Handler for socket connection from /127.0.0.1:56943 to /127.0.0.1:56944" [_thread_in_native, id=13464, stack(0x0000003509000000,0x0000003509100000)]
  0x000001e4b471e800 JavaThread "Cancel handler" [_thread_blocked, id=25204, stack(0x0000003509100000,0x0000003509200000)]
  0x000001e4b4f09000 JavaThread "Daemon worker" [_thread_in_vm, id=30600, stack(0x0000003509200000,0x0000003509300000)]
  0x000001e4b3cd5000 JavaThread "Asynchronous log dispatcher for DefaultDaemonConnection: socket connection from /127.0.0.1:56943 to /127.0.0.1:56944" [_thread_blocked, id=10984, stack(0x0000003509300000,0x0000003509400000)]
  0x000001e4b3c5a000 JavaThread "Stdin handler" [_thread_blocked, id=25260, stack(0x0000003509400000,0x0000003509500000)]
  0x000001e4b2c20800 JavaThread "Daemon client event forwarder" [_thread_blocked, id=18968, stack(0x0000003509500000,0x0000003509600000)]
  0x000001e4b2c21000 JavaThread "Cache worker for file hash cache (C:\Users\souvik dey\.gradle\caches\7.0.2\fileHashes)" [_thread_blocked, id=25820, stack(0x0000003509600000,0x0000003509700000)]
  0x000001e4b2c1e000 JavaThread "File lock request listener" [_thread_in_native, id=888, stack(0x0000003509700000,0x0000003509800000)]
  0x000001e4b2c1f000 JavaThread "Cache worker for journal cache (C:\Users\souvik dey\.gradle\caches\journal-1)" [_thread_blocked, id=25412, stack(0x0000003509d00000,0x0000003509e00000)]
  0x000001e4b2c22000 JavaThread "Cache worker for file hash cache (E:\my programming\android projects\EasyDRAW\.gradle\7.0.2\fileHashes)" [_thread_blocked, id=31160, stack(0x0000003509e00000,0x0000003509f00000)]
  0x000001e4b2c1f800 JavaThread "File watcher server" daemon [_thread_in_native, id=30508, stack(0x0000003509f00000,0x000000350a000000)]
  0x000001e4b2c1c800 JavaThread "File watcher consumer" daemon [_thread_blocked, id=28700, stack(0x000000350a000000,0x000000350a100000)]
  0x000001e4b2c1d000 JavaThread "Cache worker for checksums cache (E:\my programming\android projects\EasyDRAW\.gradle\checksums)" [_thread_blocked, id=24572, stack(0x000000350a100000,0x000000350a200000)]
  0x000001e4b2c23000 JavaThread "Cache worker for cache directory md-supplier (C:\Users\souvik dey\.gradle\caches\7.0.2\md-supplier)" [_thread_blocked, id=5192, stack(0x000000350a200000,0x000000350a300000)]
  0x000001e4b5893800 JavaThread "Cache worker for cache directory md-rule (C:\Users\souvik dey\.gradle\caches\7.0.2\md-rule)" [_thread_blocked, id=31644, stack(0x000000350a400000,0x000000350a500000)]
  0x000001e4b5890800 JavaThread "Cache worker for execution history cache (C:\Users\souvik dey\.gradle\caches\7.0.2\executionHistory)" [_thread_blocked, id=21408, stack(0x000000350a500000,0x000000350a600000)]
  0x000001e4b5897000 JavaThread "jar transforms" [_thread_blocked, id=28164, stack(0x000000350a600000,0x000000350a700000)]
  0x000001e4b5895000 JavaThread "jar transforms Thread 2" [_thread_blocked, id=18124, stack(0x000000350a700000,0x000000350a800000)]
  0x000001e4b5896000 JavaThread "Cache worker for file content cache (C:\Users\souvik dey\.gradle\caches\7.0.2\fileContent)" [_thread_blocked, id=31100, stack(0x000000350a800000,0x000000350a900000)]
  0x000001e4b5898800 JavaThread "Cache worker for dependencies-accessors (E:\my programming\android projects\EasyDRAW\.gradle\7.0.2\dependencies-accessors)" [_thread_blocked, id=17744, stack(0x000000350a900000,0x000000350aa00000)]
  0x000001e4b5892800 JavaThread "jar transforms Thread 3" [_thread_blocked, id=32628, stack(0x000000350aa00000,0x000000350ab00000)]
  0x000001e4b589c800 JavaThread "Cache worker for Build Output Cleanup Cache (E:\my programming\android projects\EasyDRAW\.gradle\buildOutputCleanup)" [_thread_blocked, id=20408, stack(0x000000350ab00000,0x000000350ac00000)]
  0x000001e4b589b000 JavaThread "Build operations" [_thread_blocked, id=19600, stack(0x000000350ac00000,0x000000350ad00000)]
  0x000001e4b5899000 JavaThread "Build operations Thread 2" [_thread_blocked, id=27256, stack(0x000000350ad00000,0x000000350ae00000)]
  0x000001e4b589e000 JavaThread "Build operations Thread 3" [_thread_blocked, id=28840, stack(0x000000350ae00000,0x000000350af00000)]
  0x000001e4b589d800 JavaThread "Build operations Thread 4" [_thread_blocked, id=8204, stack(0x000000350af00000,0x000000350b000000)]
  0x000001e4b589f000 JavaThread "Build operations Thread 5" [_thread_blocked, id=32592, stack(0x000000350b000000,0x000000350b100000)]
  0x000001e4b589a000 JavaThread "Build operations Thread 6" [_thread_blocked, id=29524, stack(0x000000350b100000,0x000000350b200000)]
  0x000001e4b589b800 JavaThread "Build operations Thread 7" [_thread_blocked, id=32536, stack(0x000000350b200000,0x000000350b300000)]
  0x000001e4b3233000 JavaThread "Build operations Thread 8" [_thread_blocked, id=30224, stack(0x000000350b300000,0x000000350b400000)]
  0x000001e4b3236800 JavaThread "jar transforms Thread 4" [_thread_blocked, id=16888, stack(0x000000350b400000,0x000000350b500000)]
  0x000001e4b3235800 JavaThread "jar transforms Thread 5" [_thread_blocked, id=8264, stack(0x000000350b500000,0x000000350b600000)]
  0x000001e4b3239000 JavaThread "jar transforms Thread 6" [_thread_blocked, id=15764, stack(0x000000350b600000,0x000000350b700000)]
  0x000001e4b3239800 JavaThread "jar transforms Thread 7" [_thread_blocked, id=19056, stack(0x000000350b700000,0x000000350b800000)]
  0x000001e4b3234000 JavaThread "jar transforms Thread 8" [_thread_blocked, id=30916, stack(0x000000350b800000,0x000000350b900000)]
=>0x000001e4b3235000 JavaThread "C2 CompilerThread1" daemon [_thread_in_native, id=11088, stack(0x000000350a300000,0x000000350a400000)]
  0x000001e4b323d000 JavaThread "Memory manager" [_thread_blocked, id=2608, stack(0x000000350b900000,0x000000350ba00000)]

Other Threads:
  0x000001e4b1883800 VMThread "VM Thread" [stack: 0x0000003507d00000,0x0000003507e00000] [id=25460]
  0x000001e4b1a90800 WatcherThread [stack: 0x0000003508700000,0x0000003508800000] [id=20928]
  0x000001e496bd3800 GCTaskThread "GC Thread#0" [stack: 0x0000003507800000,0x0000003507900000] [id=32256]
  0x000001e4b245e000 GCTaskThread "GC Thread#1" [stack: 0x0000003508900000,0x0000003508a00000] [id=28900]
  0x000001e4b40a3000 GCTaskThread "GC Thread#2" [stack: 0x0000003508b00000,0x0000003508c00000] [id=10784]
  0x000001e4b3fa3800 GCTaskThread "GC Thread#3" [stack: 0x0000003508c00000,0x0000003508d00000] [id=24616]
  0x000001e4b4fa3800 GCTaskThread "GC Thread#4" [stack: 0x0000003509800000,0x0000003509900000] [id=32028]
  0x000001e4b2e74000 GCTaskThread "GC Thread#5" [stack: 0x0000003509900000,0x0000003509a00000] [id=29968]
  0x000001e4b4fa0800 GCTaskThread "GC Thread#6" [stack: 0x0000003509a00000,0x0000003509b00000] [id=14536]
  0x000001e4b2e1e000 GCTaskThread "GC Thread#7" [stack: 0x0000003509b00000,0x0000003509c00000] [id=27656]
  0x000001e496c04800 ConcurrentGCThread "G1 Main Marker" [stack: 0x0000003507900000,0x0000003507a00000] [id=5756]
  0x000001e496c06000 ConcurrentGCThread "G1 Conc#0" [stack: 0x0000003507a00000,0x0000003507b00000] [id=29124]
  0x000001e4b4eeb000 ConcurrentGCThread "G1 Conc#1" [stack: 0x0000003509c00000,0x0000003509d00000] [id=4544]
  0x000001e4b0eb3800 ConcurrentGCThread "G1 Refine#0" [stack: 0x0000003507b00000,0x0000003507c00000] [id=23620]
  0x000001e4b403f800 ConcurrentGCThread "G1 Refine#1" [stack: 0x0000003508d00000,0x0000003508e00000] [id=12176]
  0x000001e4b0eb4000 ConcurrentGCThread "G1 Young RemSet Sampling" [stack: 0x0000003507c00000,0x0000003507d00000] [id=28540]

Threads with active compile tasks:
C2 CompilerThread0   9978 6351       4       sun.invoke.util.BytecodeDescriptor::unparseSig (91 bytes)
C2 CompilerThread1   9978 6274       4       java.util.regex.Pattern::compile (498 bytes)

VM state:not at safepoint (normal execution)

VM Mutex/Monitor currently owned by a thread: None

Heap address: 0x0000000080000000, size: 2048 MB, Compressed Oops mode: 32-bit
Narrow klass base: 0x0000000000000000, Narrow klass shift: 3
Compressed class space size: 1073741824 Address: 0x0000000100000000

Heap:
 garbage-first heap   total 143360K, used 69215K [0x0000000080000000, 0x0000000100000000)
  region size 1024K, 21 young (21504K), 7 survivors (7168K)
 Metaspace       used 65114K, capacity 66572K, committed 66636K, reserved 1107968K
  class space    used 8223K, capacity 8748K, committed 8780K, reserved 1048576K
Heap Regions: E=young(eden), S=young(survivor), O=old, HS=humongous(starts), HC=humongous(continues), CS=collection set, F=free, A=archive, TAMS=top-at-mark-start (previous, next)
|   0|0x0000000080000000, 0x0000000080100000, 0x0000000080100000|100%| O|  |TAMS 0x0000000080100000, 0x0000000080000000| Untracked 
|   1|0x0000000080100000, 0x0000000080200000, 0x0000000080200000|100%| O|  |TAMS 0x0000000080200000, 0x0000000080100000| Untracked 
|   2|0x0000000080200000, 0x0000000080300000, 0x0000000080300000|100%| O|  |TAMS 0x0000000080300000, 0x0000000080200000| Untracked 
|   3|0x0000000080300000, 0x0000000080400000, 0x0000000080400000|100%|HS|  |TAMS 0x0000000080400000, 0x0000000080300000| Complete 
|   4|0x0000000080400000, 0x0000000080500000, 0x0000000080500000|100%|HC|  |TAMS 0x0000000080500000, 0x0000000080400000| Complete 
|   5|0x0000000080500000, 0x0000000080600000, 0x0000000080600000|100%|HC|  |TAMS 0x0000000080600000, 0x0000000080500000| Complete 
|   6|0x0000000080600000, 0x0000000080700000, 0x0000000080700000|100%| O|  |TAMS 0x0000000080700000, 0x0000000080600000| Untracked 
|   7|0x0000000080700000, 0x0000000080800000, 0x0000000080800000|100%| O|  |TAMS 0x0000000080800000, 0x0000000080700000| Untracked 
|   8|0x0000000080800000, 0x0000000080900000, 0x0000000080900000|100%| O|  |TAMS 0x0000000080900000, 0x0000000080800000| Untracked 
|   9|0x0000000080900000, 0x0000000080a00000, 0x0000000080a00000|100%| O|  |TAMS 0x0000000080a00000, 0x0000000080900000| Untracked 
|  10|0x0000000080a00000, 0x0000000080b00000, 0x0000000080b00000|100%| O|  |TAMS 0x0000000080b00000, 0x0000000080a00000| Untracked 
|  11|0x0000000080b00000, 0x0000000080c00000, 0x0000000080c00000|100%| O|  |TAMS 0x0000000080c00000, 0x0000000080b00000| Untracked 
|  12|0x0000000080c00000, 0x0000000080d00000, 0x0000000080d00000|100%| O|  |TAMS 0x0000000080d00000, 0x0000000080c00000| Untracked 
|  13|0x0000000080d00000, 0x0000000080e00000, 0x0000000080e00000|100%| O|  |TAMS 0x0000000080e00000, 0x0000000080d00000| Untracked 
|  14|0x0000000080e00000, 0x0000000080f00000, 0x0000000080f00000|100%| O|  |TAMS 0x0000000080f00000, 0x0000000080e00000| Untracked 
|  15|0x0000000080f00000, 0x0000000081000000, 0x0000000081000000|100%| O|  |TAMS 0x0000000081000000, 0x0000000080f00000| Untracked 
|  16|0x0000000081000000, 0x0000000081100000, 0x0000000081100000|100%| O|  |TAMS 0x0000000081100000, 0x0000000081000000| Untracked 
|  17|0x0000000081100000, 0x0000000081200000, 0x0000000081200000|100%| O|  |TAMS 0x0000000081200000, 0x0000000081100000| Untracked 
|  18|0x0000000081200000, 0x0000000081300000, 0x0000000081300000|100%| O|  |TAMS 0x0000000081300000, 0x0000000081200000| Untracked 
|  19|0x0000000081300000, 0x0000000081400000, 0x0000000081400000|100%| O|  |TAMS 0x0000000081400000, 0x0000000081300000| Untracked 
|  20|0x0000000081400000, 0x0000000081500000, 0x0000000081500000|100%| O|  |TAMS 0x0000000081500000, 0x0000000081400000| Untracked 
|  21|0x0000000081500000, 0x0000000081600000, 0x0000000081600000|100%| O|  |TAMS 0x0000000081600000, 0x0000000081500000| Untracked 
|  22|0x0000000081600000, 0x0000000081700000, 0x0000000081700000|100%| O|  |TAMS 0x0000000081700000, 0x0000000081600000| Untracked 
|  23|0x0000000081700000, 0x0000000081800000, 0x0000000081800000|100%| O|  |TAMS 0x0000000081800000, 0x0000000081700000| Untracked 
|  24|0x0000000081800000, 0x0000000081900000, 0x0000000081900000|100%| O|  |TAMS 0x0000000081900000, 0x0000000081800000| Untracked 
|  25|0x0000000081900000, 0x0000000081a00000, 0x0000000081a00000|100%| O|  |TAMS 0x0000000081a00000, 0x0000000081900000| Untracked 
|  26|0x0000000081a00000, 0x0000000081b00000, 0x0000000081b00000|100%|HS|  |TAMS 0x0000000081b00000, 0x0000000081a00000| Complete 
|  27|0x0000000081b00000, 0x0000000081c00000, 0x0000000081c00000|100%|HS|  |TAMS 0x0000000081c00000, 0x0000000081b00000| Complete 
|  28|0x0000000081c00000, 0x0000000081d00000, 0x0000000081d00000|100%|HS|  |TAMS 0x0000000081d00000, 0x0000000081c00000| Complete 
|  29|0x0000000081d00000, 0x0000000081e00000, 0x0000000081e00000|100%|HS|  |TAMS 0x0000000081e00000, 0x0000000081d00000| Complete 
|  30|0x0000000081e00000, 0x0000000081f00000, 0x0000000081f00000|100%|HC|  |TAMS 0x0000000081f00000, 0x0000000081e00000| Complete 
|  31|0x0000000081f00000, 0x0000000082000000, 0x0000000082000000|100%|HC|  |TAMS 0x0000000082000000, 0x0000000081f00000| Complete 
|  32|0x0000000082000000, 0x0000000082100000, 0x0000000082100000|100%|HS|  |TAMS 0x0000000082100000, 0x0000000082000000| Complete 
|  33|0x0000000082100000, 0x0000000082200000, 0x0000000082200000|100%|HC|  |TAMS 0x0000000082200000, 0x0000000082100000| Complete 
|  34|0x0000000082200000, 0x0000000082300000, 0x0000000082300000|100%| O|  |TAMS 0x0000000082300000, 0x0000000082200000| Untracked 
|  35|0x0000000082300000, 0x0000000082400000, 0x0000000082400000|100%| O|  |TAMS 0x0000000082400000, 0x0000000082300000| Untracked 
|  36|0x0000000082400000, 0x0000000082500000, 0x0000000082500000|100%| O|  |TAMS 0x0000000082500000, 0x0000000082400000| Untracked 
|  37|0x0000000082500000, 0x0000000082600000, 0x0000000082600000|100%| O|  |TAMS 0x0000000082600000, 0x0000000082500000| Untracked 
|  38|0x0000000082600000, 0x0000000082700000, 0x0000000082700000|100%| O|  |TAMS 0x0000000082700000, 0x0000000082600000| Untracked 
|  39|0x0000000082700000, 0x0000000082800000, 0x0000000082800000|100%| O|  |TAMS 0x0000000082800000, 0x0000000082700000| Untracked 
|  40|0x0000000082800000, 0x0000000082900000, 0x0000000082900000|100%| O|  |TAMS 0x0000000082900000, 0x0000000082800000| Untracked 
|  41|0x0000000082900000, 0x0000000082a00000, 0x0000000082a00000|100%| O|  |TAMS 0x0000000082a00000, 0x0000000082900000| Untracked 
|  42|0x0000000082a00000, 0x0000000082b00000, 0x0000000082b00000|100%| O|  |TAMS 0x0000000082b00000, 0x0000000082a00000| Untracked 
|  43|0x0000000082b00000, 0x0000000082c00000, 0x0000000082c00000|100%| O|  |TAMS 0x0000000082c00000, 0x0000000082b00000| Untracked 
|  44|0x0000000082c00000, 0x0000000082d00000, 0x0000000082d00000|100%| O|  |TAMS 0x0000000082d00000, 0x0000000082c00000| Untracked 
|  45|0x0000000082d00000, 0x0000000082e00000, 0x0000000082e00000|100%| O|  |TAMS 0x0000000082e00000, 0x0000000082d00000| Untracked 
|  46|0x0000000082e00000, 0x0000000082f00000, 0x0000000082f00000|100%| O|  |TAMS 0x0000000082f00000, 0x0000000082e00000| Untracked 
|  47|0x0000000082f00000, 0x0000000082fcde00, 0x0000000083000000| 80%| O|  |TAMS 0x0000000082fcde00, 0x0000000082f00000| Untracked 
|  48|0x0000000083000000, 0x0000000083000000, 0x0000000083100000|  0%| F|  |TAMS 0x0000000083000000, 0x0000000083000000| Untracked 
|  49|0x0000000083100000, 0x0000000083100000, 0x0000000083200000|  0%| F|  |TAMS 0x0000000083100000, 0x0000000083100000| Untracked 
|  50|0x0000000083200000, 0x0000000083200000, 0x0000000083300000|  0%| F|  |TAMS 0x0000000083200000, 0x0000000083200000| Untracked 
|  51|0x0000000083300000, 0x0000000083300000, 0x0000000083400000|  0%| F|  |TAMS 0x0000000083300000, 0x0000000083300000| Untracked 
|  52|0x0000000083400000, 0x0000000083400000, 0x0000000083500000|  0%| F|  |TAMS 0x0000000083400000, 0x0000000083400000| Untracked 
|  53|0x0000000083500000, 0x0000000083500000, 0x0000000083600000|  0%| F|  |TAMS 0x0000000083500000, 0x0000000083500000| Untracked 
|  54|0x0000000083600000, 0x0000000083600000, 0x0000000083700000|  0%| F|  |TAMS 0x0000000083600000, 0x0000000083600000| Untracked 
|  55|0x0000000083700000, 0x0000000083700000, 0x0000000083800000|  0%| F|  |TAMS 0x0000000083700000, 0x0000000083700000| Untracked 
|  56|0x0000000083800000, 0x0000000083800000, 0x0000000083900000|  0%| F|  |TAMS 0x0000000083800000, 0x0000000083800000| Untracked 
|  57|0x0000000083900000, 0x0000000083900000, 0x0000000083a00000|  0%| F|  |TAMS 0x0000000083900000, 0x0000000083900000| Untracked 
|  58|0x0000000083a00000, 0x0000000083a00000, 0x0000000083b00000|  0%| F|  |TAMS 0x0000000083a00000, 0x0000000083a00000| Untracked 
|  59|0x0000000083b00000, 0x0000000083b00000, 0x0000000083c00000|  0%| F|  |TAMS 0x0000000083b00000, 0x0000000083b00000| Untracked 
|  60|0x0000000083c00000, 0x0000000083c00000, 0x0000000083d00000|  0%| F|  |TAMS 0x0000000083c00000, 0x0000000083c00000| Untracked 
|  61|0x0000000083d00000, 0x0000000083d00000, 0x0000000083e00000|  0%| F|  |TAMS 0x0000000083d00000, 0x0000000083d00000| Untracked 
|  62|0x0000000083e00000, 0x0000000083e00000, 0x0000000083f00000|  0%| F|  |TAMS 0x0000000083e00000, 0x0000000083e00000| Untracked 
|  63|0x0000000083f00000, 0x0000000083f00000, 0x0000000084000000|  0%| F|  |TAMS 0x0000000083f00000, 0x0000000083f00000| Untracked 
|  64|0x0000000084000000, 0x0000000084000000, 0x0000000084100000|  0%| F|  |TAMS 0x0000000084000000, 0x0000000084000000| Untracked 
|  65|0x0000000084100000, 0x0000000084100000, 0x0000000084200000|  0%| F|  |TAMS 0x0000000084100000, 0x0000000084100000| Untracked 
|  66|0x0000000084200000, 0x0000000084200000, 0x0000000084300000|  0%| F|  |TAMS 0x0000000084200000, 0x0000000084200000| Untracked 
|  67|0x0000000084300000, 0x0000000084300000, 0x0000000084400000|  0%| F|  |TAMS 0x0000000084300000, 0x0000000084300000| Untracked 
|  68|0x0000000084400000, 0x0000000084400000, 0x0000000084500000|  0%| F|  |TAMS 0x0000000084400000, 0x0000000084400000| Untracked 
|  69|0x0000000084500000, 0x0000000084500000, 0x0000000084600000|  0%| F|  |TAMS 0x0000000084500000, 0x0000000084500000| Untracked 
|  70|0x0000000084600000, 0x0000000084600000, 0x0000000084700000|  0%| F|  |TAMS 0x0000000084600000, 0x0000000084600000| Untracked 
|  71|0x0000000084700000, 0x0000000084700000, 0x0000000084800000|  0%| F|  |TAMS 0x0000000084700000, 0x0000000084700000| Untracked 
|  72|0x0000000084800000, 0x0000000084800000, 0x0000000084900000|  0%| F|  |TAMS 0x0000000084800000, 0x0000000084800000| Untracked 
|  73|0x0000000084900000, 0x0000000084900000, 0x0000000084a00000|  0%| F|  |TAMS 0x0000000084900000, 0x0000000084900000| Untracked 
|  74|0x0000000084a00000, 0x0000000084a00000, 0x0000000084b00000|  0%| F|  |TAMS 0x0000000084a00000, 0x0000000084a00000| Untracked 
|  75|0x0000000084b00000, 0x0000000084b00000, 0x0000000084c00000|  0%| F|  |TAMS 0x0000000084b00000, 0x0000000084b00000| Untracked 
|  76|0x0000000084c00000, 0x0000000084c00000, 0x0000000084d00000|  0%| F|  |TAMS 0x0000000084c00000, 0x0000000084c00000| Untracked 
|  77|0x0000000084d00000, 0x0000000084d00000, 0x0000000084e00000|  0%| F|  |TAMS 0x0000000084d00000, 0x0000000084d00000| Untracked 
|  78|0x0000000084e00000, 0x0000000084e00000, 0x0000000084f00000|  0%| F|  |TAMS 0x0000000084e00000, 0x0000000084e00000| Untracked 
|  79|0x0000000084f00000, 0x0000000084f00000, 0x0000000085000000|  0%| F|  |TAMS 0x0000000084f00000, 0x0000000084f00000| Untracked 
|  80|0x0000000085000000, 0x0000000085000000, 0x0000000085100000|  0%| F|  |TAMS 0x0000000085000000, 0x0000000085000000| Untracked 
|  81|0x0000000085100000, 0x0000000085100000, 0x0000000085200000|  0%| F|  |TAMS 0x0000000085100000, 0x0000000085100000| Untracked 
|  82|0x0000000085200000, 0x00000000852c9ef0, 0x0000000085300000| 78%| S|CS|TAMS 0x0000000085200000, 0x0000000085200000| Complete 
|  83|0x0000000085300000, 0x0000000085400000, 0x0000000085400000|100%| S|CS|TAMS 0x0000000085300000, 0x0000000085300000| Complete 
|  84|0x0000000085400000, 0x0000000085500000, 0x0000000085500000|100%| S|CS|TAMS 0x0000000085400000, 0x0000000085400000| Complete 
|  85|0x0000000085500000, 0x0000000085600000, 0x0000000085600000|100%| S|CS|TAMS 0x0000000085500000, 0x0000000085500000| Complete 
|  86|0x0000000085600000, 0x0000000085700000, 0x0000000085700000|100%| S|CS|TAMS 0x0000000085600000, 0x0000000085600000| Complete 
|  87|0x0000000085700000, 0x0000000085800000, 0x0000000085800000|100%| S|CS|TAMS 0x0000000085700000, 0x0000000085700000| Complete 
|  88|0x0000000085800000, 0x0000000085900000, 0x0000000085900000|100%| S|CS|TAMS 0x0000000085800000, 0x0000000085800000| Complete 
|  89|0x0000000085900000, 0x0000000085900000, 0x0000000085a00000|  0%| F|  |TAMS 0x0000000085900000, 0x0000000085900000| Untracked 
|  90|0x0000000085a00000, 0x0000000085a00000, 0x0000000085b00000|  0%| F|  |TAMS 0x0000000085a00000, 0x0000000085a00000| Untracked 
|  91|0x0000000085b00000, 0x0000000085b00000, 0x0000000085c00000|  0%| F|  |TAMS 0x0000000085b00000, 0x0000000085b00000| Untracked 
|  92|0x0000000085c00000, 0x0000000085c00000, 0x0000000085d00000|  0%| F|  |TAMS 0x0000000085c00000, 0x0000000085c00000| Untracked 
|  93|0x0000000085d00000, 0x0000000085d00000, 0x0000000085e00000|  0%| F|  |TAMS 0x0000000085d00000, 0x0000000085d00000| Untracked 
|  94|0x0000000085e00000, 0x0000000085e00000, 0x0000000085f00000|  0%| F|  |TAMS 0x0000000085e00000, 0x0000000085e00000| Untracked 
|  95|0x0000000085f00000, 0x0000000085f00000, 0x0000000086000000|  0%| F|  |TAMS 0x0000000085f00000, 0x0000000085f00000| Untracked 
|  96|0x0000000086000000, 0x0000000086000000, 0x0000000086100000|  0%| F|  |TAMS 0x0000000086000000, 0x0000000086000000| Untracked 
|  97|0x0000000086100000, 0x0000000086100000, 0x0000000086200000|  0%| F|  |TAMS 0x0000000086100000, 0x0000000086100000| Untracked 
|  98|0x0000000086200000, 0x0000000086200000, 0x0000000086300000|  0%| F|  |TAMS 0x0000000086200000, 0x0000000086200000| Untracked 
|  99|0x0000000086300000, 0x0000000086300000, 0x0000000086400000|  0%| F|  |TAMS 0x0000000086300000, 0x0000000086300000| Untracked 
| 100|0x0000000086400000, 0x0000000086400000, 0x0000000086500000|  0%| F|  |TAMS 0x0000000086400000, 0x0000000086400000| Untracked 
| 101|0x0000000086500000, 0x0000000086500000, 0x0000000086600000|  0%| F|  |TAMS 0x0000000086500000, 0x0000000086500000| Untracked 
| 102|0x0000000086600000, 0x0000000086600000, 0x0000000086700000|  0%| F|  |TAMS 0x0000000086600000, 0x0000000086600000| Untracked 
| 103|0x0000000086700000, 0x0000000086700000, 0x0000000086800000|  0%| F|  |TAMS 0x0000000086700000, 0x0000000086700000| Untracked 
| 104|0x0000000086800000, 0x0000000086800000, 0x0000000086900000|  0%| F|  |TAMS 0x0000000086800000, 0x0000000086800000| Untracked 
| 105|0x0000000086900000, 0x0000000086900000, 0x0000000086a00000|  0%| F|  |TAMS 0x0000000086900000, 0x0000000086900000| Untracked 
| 106|0x0000000086a00000, 0x0000000086a00000, 0x0000000086b00000|  0%| F|  |TAMS 0x0000000086a00000, 0x0000000086a00000| Untracked 
| 107|0x0000000086b00000, 0x0000000086b00000, 0x0000000086c00000|  0%| F|  |TAMS 0x0000000086b00000, 0x0000000086b00000| Untracked 
| 108|0x0000000086c00000, 0x0000000086c00000, 0x0000000086d00000|  0%| F|  |TAMS 0x0000000086c00000, 0x0000000086c00000| Untracked 
| 109|0x0000000086d00000, 0x0000000086d00000, 0x0000000086e00000|  0%| F|  |TAMS 0x0000000086d00000, 0x0000000086d00000| Untracked 
| 110|0x0000000086e00000, 0x0000000086e00000, 0x0000000086f00000|  0%| F|  |TAMS 0x0000000086e00000, 0x0000000086e00000| Untracked 
| 111|0x0000000086f00000, 0x0000000086f00000, 0x0000000087000000|  0%| F|  |TAMS 0x0000000086f00000, 0x0000000086f00000| Untracked 
| 112|0x0000000087000000, 0x0000000087000000, 0x0000000087100000|  0%| F|  |TAMS 0x0000000087000000, 0x0000000087000000| Untracked 
| 113|0x0000000087100000, 0x0000000087100000, 0x0000000087200000|  0%| F|  |TAMS 0x0000000087100000, 0x0000000087100000| Untracked 
| 114|0x0000000087200000, 0x0000000087200000, 0x0000000087300000|  0%| F|  |TAMS 0x0000000087200000, 0x0000000087200000| Untracked 
| 115|0x0000000087300000, 0x0000000087300000, 0x0000000087400000|  0%| F|  |TAMS 0x0000000087300000, 0x0000000087300000| Untracked 
| 116|0x0000000087400000, 0x0000000087400000, 0x0000000087500000|  0%| F|  |TAMS 0x0000000087400000, 0x0000000087400000| Untracked 
| 117|0x0000000087500000, 0x0000000087500000, 0x0000000087600000|  0%| F|  |TAMS 0x0000000087500000, 0x0000000087500000| Untracked 
| 118|0x0000000087600000, 0x0000000087600000, 0x0000000087700000|  0%| F|  |TAMS 0x0000000087600000, 0x0000000087600000| Untracked 
| 119|0x0000000087700000, 0x0000000087700000, 0x0000000087800000|  0%| F|  |TAMS 0x0000000087700000, 0x0000000087700000| Untracked 
| 120|0x0000000087800000, 0x0000000087800000, 0x0000000087900000|  0%| F|  |TAMS 0x0000000087800000, 0x0000000087800000| Untracked 
| 121|0x0000000087900000, 0x0000000087900000, 0x0000000087a00000|  0%| F|  |TAMS 0x0000000087900000, 0x0000000087900000| Untracked 
| 122|0x0000000087a00000, 0x0000000087a00000, 0x0000000087b00000|  0%| F|  |TAMS 0x0000000087a00000, 0x0000000087a00000| Untracked 
| 123|0x0000000087b00000, 0x0000000087b00000, 0x0000000087c00000|  0%| F|  |TAMS 0x0000000087b00000, 0x0000000087b00000| Untracked 
| 124|0x0000000087c00000, 0x0000000087c00000, 0x0000000087d00000|  0%| F|  |TAMS 0x0000000087c00000, 0x0000000087c00000| Untracked 
| 125|0x0000000087d00000, 0x0000000087d00000, 0x0000000087e00000|  0%| F|  |TAMS 0x0000000087d00000, 0x0000000087d00000| Untracked 
| 126|0x0000000087e00000, 0x0000000087f00000, 0x0000000087f00000|100%| E|  |TAMS 0x0000000087e00000, 0x0000000087e00000| Complete 
| 127|0x0000000087f00000, 0x0000000088000000, 0x0000000088000000|100%| E|CS|TAMS 0x0000000087f00000, 0x0000000087f00000| Complete 
| 128|0x0000000088000000, 0x0000000088100000, 0x0000000088100000|100%| E|CS|TAMS 0x0000000088000000, 0x0000000088000000| Complete 
| 129|0x0000000088100000, 0x0000000088200000, 0x0000000088200000|100%| E|CS|TAMS 0x0000000088100000, 0x0000000088100000| Complete 
| 130|0x0000000088200000, 0x0000000088300000, 0x0000000088300000|100%| E|CS|TAMS 0x0000000088200000, 0x0000000088200000| Complete 
| 131|0x0000000088300000, 0x0000000088400000, 0x0000000088400000|100%| E|CS|TAMS 0x0000000088300000, 0x0000000088300000| Complete 
| 132|0x0000000088400000, 0x0000000088500000, 0x0000000088500000|100%| E|CS|TAMS 0x0000000088400000, 0x0000000088400000| Complete 
| 133|0x0000000088500000, 0x0000000088600000, 0x0000000088600000|100%| E|CS|TAMS 0x0000000088500000, 0x0000000088500000| Complete 
| 134|0x0000000088600000, 0x0000000088700000, 0x0000000088700000|100%| E|CS|TAMS 0x0000000088600000, 0x0000000088600000| Complete 
| 135|0x0000000088700000, 0x0000000088800000, 0x0000000088800000|100%| E|CS|TAMS 0x0000000088700000, 0x0000000088700000| Complete 
| 136|0x0000000088800000, 0x0000000088900000, 0x0000000088900000|100%| E|CS|TAMS 0x0000000088800000, 0x0000000088800000| Complete 
| 137|0x0000000088900000, 0x0000000088a00000, 0x0000000088a00000|100%| E|CS|TAMS 0x0000000088900000, 0x0000000088900000| Complete 
| 138|0x0000000088a00000, 0x0000000088b00000, 0x0000000088b00000|100%| E|CS|TAMS 0x0000000088a00000, 0x0000000088a00000| Complete 
| 139|0x0000000088b00000, 0x0000000088c00000, 0x0000000088c00000|100%| E|CS|TAMS 0x0000000088b00000, 0x0000000088b00000| Complete 

Card table byte_map: [0x000001e4a9dd0000,0x000001e4aa1d0000] _byte_map_base: 0x000001e4a99d0000

Marking Bits (Prev, Next): (CMBitMap*) 0x000001e496bfbce0, (CMBitMap*) 0x000001e496bfbca8
 Prev Bits: [0x000001e4ac5d0000, 0x000001e4ae5d0000)
 Next Bits: [0x000001e4aa5d0000, 0x000001e4ac5d0000)

Polling page: 0x000001e494a50000

Metaspace:

Usage:
  Non-class:     56.53 MB capacity,    55.62 MB ( 98%) used,   772.57 KB (  1%) free+waste,   164.06 KB ( <1%) overhead. 
      Class:      8.54 MB capacity,     8.04 MB ( 94%) used,   442.60 KB (  5%) free+waste,    76.44 KB ( <1%) overhead. 
       Both:     65.07 MB capacity,    63.65 MB ( 98%) used,     1.19 MB (  2%) free+waste,   240.50 KB ( <1%) overhead. 

Virtual space:
  Non-class space:       58.00 MB reserved,      56.75 MB ( 98%) committed 
      Class space:        1.00 GB reserved,       8.57 MB ( <1%) committed 
             Both:        1.06 GB reserved,      65.32 MB (  6%) committed 

Chunk freelists:
   Non-Class:  32.00 KB
       Class:  20.00 KB
        Both:  52.00 KB

MaxMetaspaceSize: 17179869184.00 GB
CompressedClassSpaceSize: 1.00 GB

CodeHeap 'non-profiled nmethods': size=120000Kb used=3680Kb max_used=3680Kb free=116320Kb
 bounds [0x000001e4a2170000, 0x000001e4a2510000, 0x000001e4a96a0000]
CodeHeap 'profiled nmethods': size=120000Kb used=13177Kb max_used=13177Kb free=106822Kb
 bounds [0x000001e49ac40000, 0x000001e49b920000, 0x000001e4a2170000]
CodeHeap 'non-nmethods': size=5760Kb used=2261Kb max_used=2302Kb free=3498Kb
 bounds [0x000001e49a6a0000, 0x000001e49a910000, 0x000001e49ac40000]
 total_blobs=7190 nmethods=6336 adapters=765
 compilation: enabled
              stopped_count=0, restarted_count=0
 full_count=0

Compilation events (20 events):
Event: 9.827 Thread 0x000001e4b18de000 6340       1       org.gradle.api.internal.project.DefaultProjectStateRegistry$ProjectStateImpl::getProjectPath (5 bytes)
Event: 9.827 Thread 0x000001e4b18de000 nmethod 6340 0x000001e4a24f8890 code [0x000001e4a24f8a40, 0x000001e4a24f8af8]
Event: 9.827 Thread 0x000001e4b18de000 6341       1       org.gradle.configuration.internal.UserCodeApplicationId::longValue (5 bytes)
Event: 9.827 Thread 0x000001e4b18de000 nmethod 6341 0x000001e4a24f8b90 code [0x000001e4a24f8d40, 0x000001e4a24f8df8]
Event: 9.828 Thread 0x000001e4b18de000 6342       1       org.gradle.api.internal.collections.DefaultCollectionEventRegister::getDecorator (5 bytes)
Event: 9.828 Thread 0x000001e4b18de000 nmethod 6342 0x000001e4a24f8e90 code [0x000001e4a24f9040, 0x000001e4a24f90f8]
Event: 9.834 Thread 0x000001e4b18de000 6343       3       org.gradle.api.internal.collections.AbstractIterationOrderRetainingElementSource$Element::getValues (16 bytes)
Event: 9.834 Thread 0x000001e4b18de000 nmethod 6343 0x000001e49b913a10 code [0x000001e49b913bc0, 0x000001e49b913d48]
Event: 9.834 Thread 0x000001e4b18de000 6345       1       org.gradle.api.internal.collections.AbstractIterationOrderRetainingElementSource$ValuePointer::getElement (5 bytes)
Event: 9.834 Thread 0x000001e4b18de000 nmethod 6345 0x000001e4a24f9190 code [0x000001e4a24f9340, 0x000001e4a24f93f8]
Event: 9.834 Thread 0x000001e4b18de000 6346       1       org.gradle.api.internal.collections.AbstractIterationOrderRetainingElementSource$ValuePointer::getIndex (5 bytes)
Event: 9.834 Thread 0x000001e4b18de000 nmethod 6346 0x000001e4a24f9490 code [0x000001e4a24f9640, 0x000001e4a24f96f8]
Event: 9.834 Thread 0x000001e4b18de000 6344       1       org.gradle.api.internal.project.DefaultProjectStateRegistry$ProjectStateImpl::getIdentityPath (5 bytes)
Event: 9.835 Thread 0x000001e4b18de000 nmethod 6344 0x000001e4a24f9790 code [0x000001e4a24f9940, 0x000001e4a24f99f8]
Event: 9.854 Thread 0x000001e4b18de000 6347   !   2       jdk.internal.loader.Resource::getBytes (242 bytes)
Event: 9.856 Thread 0x000001e4b18de000 nmethod 6347 0x000001e49b913e10 code [0x000001e49b9140a0, 0x000001e49b914e48]
Event: 9.856 Thread 0x000001e4b18d9000 nmethod 6272 0x000001e4a24f9a90 code [0x000001e4a24f9ca0, 0x000001e4a24fcaa8]
Event: 9.856 Thread 0x000001e4b18d9000 6309       4       java.util.regex.Pattern::has (15 bytes)
Event: 9.857 Thread 0x000001e4b18d9000 nmethod 6309 0x000001e4a24fd310 code [0x000001e4a24fd4a0, 0x000001e4a24fd518]
Event: 9.857 Thread 0x000001e4b18d9000 6282       4       java.util.regex.Pattern::RemoveQEQuoting (346 bytes)

GC Heap History (20 events):
Event: 2.732 GC heap before
{Heap before GC invocations=2 (full 0):
 garbage-first heap   total 98304K, used 57344K [0x0000000080000000, 0x0000000100000000)
  region size 1024K, 50 young (51200K), 8 survivors (8192K)
 Metaspace       used 20641K, capacity 21140K, committed 21248K, reserved 1067008K
  class space    used 2521K, capacity 2722K, committed 2816K, reserved 1048576K
}
Event: 2.742 GC heap after
{Heap after GC invocations=3 (full 0):
 garbage-first heap   total 98304K, used 16770K [0x0000000080000000, 0x0000000100000000)
  region size 1024K, 2 young (2048K), 2 survivors (2048K)
 Metaspace       used 20641K, capacity 21140K, committed 21248K, reserved 1067008K
  class space    used 2521K, capacity 2722K, committed 2816K, reserved 1048576K
}
Event: 3.515 GC heap before
{Heap before GC invocations=4 (full 0):
 garbage-first heap   total 98304K, used 63874K [0x0000000080000000, 0x0000000100000000)
  region size 1024K, 48 young (49152K), 2 survivors (2048K)
 Metaspace       used 25621K, capacity 26280K, committed 26368K, reserved 1073152K
  class space    used 3347K, capacity 3568K, committed 3584K, reserved 1048576K
}
Event: 3.519 GC heap after
{Heap after GC invocations=5 (full 0):
 garbage-first heap   total 98304K, used 18449K [0x0000000080000000, 0x0000000100000000)
  region size 1024K, 4 young (4096K), 4 survivors (4096K)
 Metaspace       used 25621K, capacity 26280K, committed 26368K, reserved 1073152K
  class space    used 3347K, capacity 3568K, committed 3584K, reserved 1048576K
}
Event: 4.214 GC heap before
{Heap before GC invocations=5 (full 0):
 garbage-first heap   total 98304K, used 66577K [0x0000000080000000, 0x0000000100000000)
  region size 1024K, 51 young (52224K), 4 survivors (4096K)
 Metaspace       used 30665K, capacity 31307K, committed 31488K, reserved 1077248K
  class space    used 4121K, capacity 4352K, committed 4352K, reserved 1048576K
}
Event: 4.219 GC heap after
{Heap after GC invocations=6 (full 0):
 garbage-first heap   total 98304K, used 20301K [0x0000000080000000, 0x0000000100000000)
  region size 1024K, 6 young (6144K), 6 survivors (6144K)
 Metaspace       used 30665K, capacity 31307K, committed 31488K, reserved 1077248K
  class space    used 4121K, capacity 4352K, committed 4352K, reserved 1048576K
}
Event: 4.616 GC heap before
{Heap before GC invocations=6 (full 0):
 garbage-first heap   total 98304K, used 32589K [0x0000000080000000, 0x0000000100000000)
  region size 1024K, 19 young (19456K), 6 survivors (6144K)
 Metaspace       used 34986K, capacity 35782K, committed 35840K, reserved 1081344K
  class space    used 4536K, capacity 4864K, committed 4864K, reserved 1048576K
}
Event: 4.628 GC heap after
{Heap after GC invocations=7 (full 0):
 garbage-first heap   total 98304K, used 22187K [0x0000000080000000, 0x0000000100000000)
  region size 1024K, 6 young (6144K), 6 survivors (6144K)
 Metaspace       used 34986K, capacity 35782K, committed 35840K, reserved 1081344K
  class space    used 4536K, capacity 4864K, committed 4864K, reserved 1048576K
}
Event: 5.224 GC heap before
{Heap before GC invocations=8 (full 0):
 garbage-first heap   total 98304K, used 71339K [0x0000000080000000, 0x0000000100000000)
  region size 1024K, 52 young (53248K), 6 survivors (6144K)
 Metaspace       used 38621K, capacity 39583K, committed 39884K, reserved 1083392K
  class space    used 4922K, capacity 5251K, committed 5324K, reserved 1048576K
}
Event: 5.234 GC heap after
{Heap after GC invocations=9 (full 0):
 garbage-first heap   total 118784K, used 26067K [0x0000000080000000, 0x0000000100000000)
  region size 1024K, 7 young (7168K), 7 survivors (7168K)
 Metaspace       used 38621K, capacity 39583K, committed 39884K, reserved 1083392K
  class space    used 4922K, capacity 5251K, committed 5324K, reserved 1048576K
}
Event: 6.027 GC heap before
{Heap before GC invocations=9 (full 0):
 garbage-first heap   total 118784K, used 82387K [0x0000000080000000, 0x0000000100000000)
  region size 1024K, 61 young (62464K), 7 survivors (7168K)
 Metaspace       used 43526K, capacity 44523K, committed 44620K, reserved 1087488K
  class space    used 5562K, capacity 5934K, committed 5964K, reserved 1048576K
}
Event: 6.036 GC heap after
{Heap after GC invocations=10 (full 0):
 garbage-first heap   total 118784K, used 28938K [0x0000000080000000, 0x0000000100000000)
  region size 1024K, 7 young (7168K), 7 survivors (7168K)
 Metaspace       used 43526K, capacity 44523K, committed 44620K, reserved 1087488K
  class space    used 5562K, capacity 5934K, committed 5964K, reserved 1048576K
}
Event: 7.062 GC heap before
{Heap before GC invocations=10 (full 0):
 garbage-first heap   total 118784K, used 84234K [0x0000000080000000, 0x0000000100000000)
  region size 1024K, 61 young (62464K), 7 survivors (7168K)
 Metaspace       used 46910K, capacity 48175K, committed 48460K, reserved 1091584K
  class space    used 5997K, capacity 6444K, committed 6476K, reserved 1048576K
}
Event: 7.072 GC heap after
{Heap after GC invocations=11 (full 0):
 garbage-first heap   total 118784K, used 32054K [0x0000000080000000, 0x0000000100000000)
  region size 1024K, 6 young (6144K), 6 survivors (6144K)
 Metaspace       used 46910K, capacity 48175K, committed 48460K, reserved 1091584K
  class space    used 5997K, capacity 6444K, committed 6476K, reserved 1048576K
}
Event: 8.198 GC heap before
{Heap before GC invocations=11 (full 0):
 garbage-first heap   total 118784K, used 94518K [0x0000000080000000, 0x0000000100000000)
  region size 1024K, 60 young (61440K), 6 survivors (6144K)
 Metaspace       used 51988K, capacity 53362K, committed 53452K, reserved 1095680K
  class space    used 6626K, capacity 7092K, committed 7116K, reserved 1048576K
}
Event: 8.208 GC heap after
{Heap after GC invocations=12 (full 0):
 garbage-first heap   total 118784K, used 48632K [0x0000000080000000, 0x0000000100000000)
  region size 1024K, 8 young (8192K), 8 survivors (8192K)
 Metaspace       used 51988K, capacity 53362K, committed 53452K, reserved 1095680K
  class space    used 6626K, capacity 7092K, committed 7116K, reserved 1048576K
}
Event: 8.974 GC heap before
{Heap before GC invocations=12 (full 0):
 garbage-first heap   total 118784K, used 88568K [0x0000000080000000, 0x0000000100000000)
  region size 1024K, 48 young (49152K), 8 survivors (8192K)
 Metaspace       used 58750K, capacity 60201K, committed 60236K, reserved 1101824K
  class space    used 7423K, capacity 7981K, committed 8012K, reserved 1048576K
}
Event: 8.985 GC heap after
{Heap after GC invocations=13 (full 0):
 garbage-first heap   total 143360K, used 51211K [0x0000000080000000, 0x0000000100000000)
  region size 1024K, 3 young (3072K), 3 survivors (3072K)
 Metaspace       used 58750K, capacity 60201K, committed 60236K, reserved 1101824K
  class space    used 7423K, capacity 7981K, committed 8012K, reserved 1048576K
}
Event: 9.757 GC heap before
{Heap before GC invocations=14 (full 0):
 garbage-first heap   total 143360K, used 103435K [0x0000000080000000, 0x0000000100000000)
  region size 1024K, 54 young (55296K), 3 survivors (3072K)
 Metaspace       used 63754K, capacity 65277K, committed 65484K, reserved 1105920K
  class space    used 8027K, capacity 8594K, committed 8652K, reserved 1048576K
}
Event: 9.764 GC heap after
{Heap after GC invocations=15 (full 0):
 garbage-first heap   total 143360K, used 55903K [0x0000000080000000, 0x0000000100000000)
  region size 1024K, 7 young (7168K), 7 survivors (7168K)
 Metaspace       used 63754K, capacity 65277K, committed 65484K, reserved 1105920K
  class space    used 8027K, capacity 8594K, committed 8652K, reserved 1048576K
}

Deoptimization events (20 events):
Event: 9.775 Thread 0x000001e4b4f09000 Uncommon trap: trap_request=0xffffff4d fr.pc=0x000001e4a2215240 relative=0x0000000000000400
Event: 9.775 Thread 0x000001e4b4f09000 Uncommon trap: reason=unstable_if action=reinterpret pc=0x000001e4a2215240 method=java.lang.StringBuilder.toString()Ljava/lang/String; @ 4 c2
Event: 9.775 Thread 0x000001e4b4f09000 DEOPT PACKING pc=0x000001e4a2215240 sp=0x00000035092f6c20
Event: 9.775 Thread 0x000001e4b4f09000 DEOPT UNPACKING pc=0x000001e49a6c78af sp=0x00000035092f6c00 mode 2
Event: 9.775 Thread 0x000001e4b4f09000 Uncommon trap: trap_request=0xffffff4d fr.pc=0x000001e4a2179dd4 relative=0x0000000000000034
Event: 9.775 Thread 0x000001e4b4f09000 Uncommon trap: reason=unstable_if action=reinterpret pc=0x000001e4a2179dd4 method=java.lang.StringLatin1.canEncode(I)Z @ 4 c2
Event: 9.775 Thread 0x000001e4b4f09000 DEOPT PACKING pc=0x000001e4a2179dd4 sp=0x00000035092f6a70
Event: 9.775 Thread 0x000001e4b4f09000 DEOPT UNPACKING pc=0x000001e49a6c78af sp=0x00000035092f6a00 mode 2
Event: 9.775 Thread 0x000001e4b4f09000 Uncommon trap: trap_request=0xffffff4d fr.pc=0x000001e4a21a89fc relative=0x00000000000004bc
Event: 9.775 Thread 0x000001e4b4f09000 Uncommon trap: reason=unstable_if action=reinterpret pc=0x000001e4a21a89fc method=java.lang.AbstractStringBuilder.putStringAt(ILjava/lang/String;)V @ 8 c2
Event: 9.775 Thread 0x000001e4b4f09000 DEOPT PACKING pc=0x000001e4a21a89fc sp=0x00000035092f6ba0
Event: 9.775 Thread 0x000001e4b4f09000 DEOPT UNPACKING pc=0x000001e49a6c78af sp=0x00000035092f6aa8 mode 2
Event: 9.775 Thread 0x000001e4b4f09000 Uncommon trap: trap_request=0xffffff4d fr.pc=0x000001e4a21a2dec relative=0x00000000000000cc
Event: 9.775 Thread 0x000001e4b4f09000 Uncommon trap: reason=unstable_if action=reinterpret pc=0x000001e4a21a2dec method=java.lang.String.getBytes([BIB)V @ 5 c2
Event: 9.775 Thread 0x000001e4b4f09000 DEOPT PACKING pc=0x000001e4a21a2dec sp=0x00000035092f6a60
Event: 9.775 Thread 0x000001e4b4f09000 DEOPT UNPACKING pc=0x000001e49a6c78af sp=0x00000035092f6a28 mode 2
Event: 9.775 Thread 0x000001e4b4f09000 Uncommon trap: trap_request=0xffffff4d fr.pc=0x000001e4a21a35e0 relative=0x00000000000004a0
Event: 9.775 Thread 0x000001e4b4f09000 Uncommon trap: reason=unstable_if action=reinterpret pc=0x000001e4a21a35e0 method=java.lang.AbstractStringBuilder.putStringAt(ILjava/lang/String;)V @ 8 c2
Event: 9.775 Thread 0x000001e4b4f09000 DEOPT PACKING pc=0x000001e4a21a35e0 sp=0x00000035092f6b30
Event: 9.775 Thread 0x000001e4b4f09000 DEOPT UNPACKING pc=0x000001e49a6c78af sp=0x00000035092f6aa0 mode 2

Classes redefined (0 events):
No events

Internal exceptions (20 events):
Event: 7.531 Thread 0x000001e4b2c20800 Exception <a 'java/lang/NoSuchMethodError'{0x0000000085fc0978}: <clinit>> (0x0000000085fc0978) thrown at [./src/hotspot/share/prims/jni.cpp, line 1362]
Event: 7.532 Thread 0x000001e4b2c20800 Exception <a 'java/lang/NoSuchMethodError'{0x0000000085fcadd0}: <clinit>> (0x0000000085fcadd0) thrown at [./src/hotspot/share/prims/jni.cpp, line 1362]
Event: 7.535 Thread 0x000001e4b2c20800 Exception <a 'java/lang/NoSuchMethodError'{0x0000000085e10de8}: <clinit>> (0x0000000085e10de8) thrown at [./src/hotspot/share/prims/jni.cpp, line 1362]
Event: 7.550 Thread 0x000001e4b4f09000 Exception <a 'java/lang/ClassNotFoundException'{0x0000000085e8a4d0}: build_a8561i7l1d5sn03tp5ygb1ke9BeanInfo> (0x0000000085e8a4d0) thrown at [./src/hotspot/share/classfile/systemDictionary.cpp, line 231]
Event: 7.550 Thread 0x000001e4b4f09000 Exception <a 'java/lang/ClassNotFoundException'{0x0000000085e94b48}: build_a8561i7l1d5sn03tp5ygb1ke9Customizer> (0x0000000085e94b48) thrown at [./src/hotspot/share/classfile/systemDictionary.cpp, line 231]
Event: 7.560 Thread 0x000001e4b4f09000 Exception <a 'java/lang/ClassNotFoundException'{0x0000000085d12568}: org/gradle/plugin/use/internal/PluginRequestCollector$PluginDependenciesSpecImplBeanInfo> (0x0000000085d12568) thrown at [./src/hotspot/share/classfile/systemDictionary.cpp, line 231]
Event: 7.560 Thread 0x000001e4b4f09000 Exception <a 'java/lang/ClassNotFoundException'{0x0000000085d3e718}: org/gradle/plugin/use/internal/PluginRequestCollector$PluginDependenciesSpecImplCustomizer> (0x0000000085d3e718) thrown at [./src/hotspot/share/classfile/systemDictionary.cpp, line 231]
Event: 7.612 Thread 0x000001e4b4f09000 Exception <a 'java/lang/ClassNotFoundException'{0x0000000085a09678}: org/gradle/api/internal/plugins/DefaultObjectConfigurationActionBeanInfo> (0x0000000085a09678) thrown at [./src/hotspot/share/classfile/systemDictionary.cpp, line 231]
Event: 7.613 Thread 0x000001e4b4f09000 Exception <a 'java/lang/ClassNotFoundException'{0x0000000085a3b990}: org/gradle/api/internal/plugins/DefaultObjectConfigurationActionCustomizer> (0x0000000085a3b990) thrown at [./src/hotspot/share/classfile/systemDictionary.cpp, line 231]
Event: 7.789 Thread 0x000001e4b4f09000 Exception <a 'java/lang/NoSuchMethodError'{0x0000000085012758}: 'java.lang.Object java.lang.invoke.DirectMethodHandle$Holder.invokeStatic(java.lang.Object, java.lang.Object, java.lang.Object, java.lang.Object, int)'> (0x0000000085012758) thrown at [./src/hotspot/share/interpreter/linkResolver.cpp, line 773]
Event: 7.789 Thread 0x000001e4b4f09000 Exception <a 'java/lang/NoSuchMethodError'{0x0000000085017150}: 'java.lang.Object java.lang.invoke.DirectMethodHandle$Holder.invokeSpecial(java.lang.Object, java.lang.Object, java.lang.Object, java.lang.Object, java.lang.Object, int)'> (0x0000000085017150) thrown at [./src/hotspot/share/interpreter/linkResolver.cpp, line 773]
Event: 7.790 Thread 0x000001e4b4f09000 Exception <a 'java/lang/NoSuchMethodError'{0x000000008501b790}: 'java.lang.Object java.lang.invoke.Invokers$Holder.linkToTargetMethod(java.lang.Object, java.lang.Object, java.lang.Object, int, java.lang.Object)'> (0x000000008501b790) thrown at [./src/hotspot/share/interpreter/linkResolver.cpp, line 773]
Event: 7.837 Thread 0x000001e4b4f09000 Implicit null exception at 0x000001e4a23f5213 to 0x000001e4a23f56c8
Event: 8.098 Thread 0x000001e4b4f09000 Exception <a 'java/lang/NoSuchMethodError'{0x00000000842a1500}: 'java.lang.Object java.lang.invoke.DirectMethodHandle$Holder.invokeSpecial(java.lang.Object, java.lang.Object, int, int, java.lang.Object, java.lang.Object, java.lang.Object)'> (0x00000000842a1500) thrown at [./src/hotspot/share/interpreter/linkResolver.cpp, line 773]
Event: 8.098 Thread 0x000001e4b4f09000 Exception <a 'java/lang/NoSuchMethodError'{0x00000000842a5a80}: 'java.lang.Object java.lang.invoke.DelegatingMethodHandle$Holder.reinvoke_L(java.lang.Object, int, int, java.lang.Object, java.lang.Object, java.lang.Object)'> (0x00000000842a5a80) thrown at [./src/hotspot/share/interpreter/linkResolver.cpp, line 773]
Event: 8.385 Thread 0x000001e4b4f09000 Exception <a 'java/lang/NoSuchMethodError'{0x0000000086c46b18}: 'int java.lang.invoke.DirectMethodHandle$Holder.invokeInterface(java.lang.Object, java.lang.Object, java.lang.Object, java.lang.Object)'> (0x0000000086c46b18) thrown at [./src/hotspot/share/interpreter/linkResolver.cpp, line 773]
Event: 8.754 Thread 0x000001e4b4f09000 Exception <a 'java/lang/NoSuchMethodError'{0x0000000085628d80}: 'void java.lang.invoke.DirectMethodHandle$Holder.invokeInterface(java.lang.Object, java.lang.Object, java.lang.Object, java.lang.Object)'> (0x0000000085628d80) thrown at [./src/hotspot/share/interpreter/linkResolver.cpp, line 773]
Event: 8.899 Thread 0x000001e4b4f09000 Exception <a 'java/lang/IncompatibleClassChangeError'{0x0000000084e12730}: Found class java.lang.Object, but interface was expected> (0x0000000084e12730) thrown at [./src/hotspot/share/interpreter/linkResolver.cpp, line 839]
Event: 9.088 Thread 0x000001e4b4f09000 Implicit null exception at 0x000001e4a24798ad to 0x000001e4a2479b74
Event: 9.304 Thread 0x000001e4b4f09000 Exception <a 'sun/nio/fs/WindowsException'{0x00000000878abac8}> (0x00000000878abac8) thrown at [./src/hotspot/share/prims/jni.cpp, line 615]

Events (20 events):
Event: 9.853 loading class org/gradle/api/internal/project/ant/BasicAntBuilder
Event: 9.853 loading class org/gradle/api/internal/project/ant/BasicAntBuilder done
Event: 9.854 loading class org/apache/tools/ant/Project
Event: 9.854 loading class org/apache/tools/ant/Project done
Event: 9.857 loading class org/apache/tools/ant/Project$AntRefTable
Event: 9.857 loading class org/apache/tools/ant/Project$AntRefTable done
Event: 9.857 loading class org/apache/tools/ant/input/InputHandler
Event: 9.857 loading class org/apache/tools/ant/input/InputHandler done
Event: 9.859 loading class org/apache/tools/ant/types/FilterSet
Event: 9.859 loading class org/apache/tools/ant/types/FilterSet done
Event: 9.860 loading class org/apache/tools/ant/util/IdentityStack
Event: 9.860 loading class org/apache/tools/ant/util/IdentityStack done
Event: 9.861 loading class org/apache/tools/ant/Location
Event: 9.861 loading class org/apache/tools/ant/Location done
Event: 9.862 loading class org/apache/tools/ant/types/FilterSet$OnMissing
Event: 9.862 loading class org/apache/tools/ant/types/FilterSet$OnMissing done
Event: 9.862 loading class org/apache/tools/ant/types/EnumeratedAttribute
Event: 9.862 loading class org/apache/tools/ant/types/EnumeratedAttribute done
Event: 9.863 loading class org/apache/tools/ant/types/FilterSetCollection
Event: 9.863 loading class org/apache/tools/ant/types/FilterSetCollection done


Dynamic libraries:
0x00007ff690fd0000 - 0x00007ff690fda000 	C:\Program Files\Android\Android Studio\jre\bin\java.exe
0x00007fff77d90000 - 0x00007fff77f85000 	C:\WINDOWS\SYSTEM32\ntdll.dll
0x00007fff76170000 - 0x00007fff7622e000 	C:\WINDOWS\System32\KERNEL32.DLL
0x00007fff754b0000 - 0x00007fff75778000 	C:\WINDOWS\System32\KERNELBASE.dll
0x00007fff72cf0000 - 0x00007fff72d80000 	C:\WINDOWS\SYSTEM32\apphelp.dll
0x00007fff758e0000 - 0x00007fff759e0000 	C:\WINDOWS\System32\ucrtbase.dll
0x00007fff5ee70000 - 0x00007fff5ee89000 	C:\Program Files\Android\Android Studio\jre\bin\jli.dll
0x00007fff5b360000 - 0x00007fff5b377000 	C:\Program Files\Android\Android Studio\jre\bin\VCRUNTIME140.dll
0x00007fff75e40000 - 0x00007fff75fe1000 	C:\WINDOWS\System32\USER32.dll
0x00007fff75d30000 - 0x00007fff75d52000 	C:\WINDOWS\System32\win32u.dll
0x00007fff5fa10000 - 0x00007fff5fcaa000 	C:\WINDOWS\WinSxS\amd64_microsoft.windows.common-controls_6595b64144ccf1df_6.0.19041.1110_none_60b5254171f9507e\COMCTL32.dll
0x00007fff76710000 - 0x00007fff7673b000 	C:\WINDOWS\System32\GDI32.dll
0x00007fff76fd0000 - 0x00007fff7706e000 	C:\WINDOWS\System32\msvcrt.dll
0x00007fff75a70000 - 0x00007fff75b7b000 	C:\WINDOWS\System32\gdi32full.dll
0x00007fff75be0000 - 0x00007fff75c7d000 	C:\WINDOWS\System32\msvcp_win.dll
0x00007fff76120000 - 0x00007fff76150000 	C:\WINDOWS\System32\IMM32.DLL
0x00007fff48090000 - 0x00007fff4812d000 	C:\Program Files\Android\Android Studio\jre\bin\msvcp140.dll
0x00007fff019f0000 - 0x00007fff024bf000 	C:\Program Files\Android\Android Studio\jre\bin\server\jvm.dll
0x00007fff76f20000 - 0x00007fff76fcc000 	C:\WINDOWS\System32\ADVAPI32.dll
0x00007fff762b0000 - 0x00007fff7634b000 	C:\WINDOWS\System32\sechost.dll
0x00007fff77a10000 - 0x00007fff77b3a000 	C:\WINDOWS\System32\RPCRT4.dll
0x00007fff77a00000 - 0x00007fff77a08000 	C:\WINDOWS\System32\PSAPI.DLL
0x00007fff5c8e0000 - 0x00007fff5c8e9000 	C:\WINDOWS\SYSTEM32\WSOCK32.dll
0x00007fff6eb30000 - 0x00007fff6eb3a000 	C:\WINDOWS\SYSTEM32\VERSION.dll
0x00007fff778e0000 - 0x00007fff7794b000 	C:\WINDOWS\System32\WS2_32.dll
0x00007fff6b9f0000 - 0x00007fff6ba17000 	C:\WINDOWS\SYSTEM32\WINMM.dll
0x00007fff73370000 - 0x00007fff73382000 	C:\WINDOWS\SYSTEM32\kernel.appcore.dll
0x00007fff5c7d0000 - 0x00007fff5c7e1000 	C:\Program Files\Android\Android Studio\jre\bin\verify.dll
0x00007fff61390000 - 0x00007fff61574000 	C:\WINDOWS\SYSTEM32\DBGHELP.DLL
0x00007fff5c8f0000 - 0x00007fff5c91c000 	C:\WINDOWS\SYSTEM32\dbgcore.DLL
0x00007fff759e0000 - 0x00007fff75a63000 	C:\WINDOWS\System32\bcryptPrimitives.dll
0x00007fff5ae20000 - 0x00007fff5ae49000 	C:\Program Files\Android\Android Studio\jre\bin\java.dll
0x00007fff5c8d0000 - 0x00007fff5c8db000 	C:\Program Files\Android\Android Studio\jre\bin\jimage.dll
0x00007fff59490000 - 0x00007fff594a8000 	C:\Program Files\Android\Android Studio\jre\bin\zip.dll
0x00007fff77070000 - 0x00007fff777af000 	C:\WINDOWS\System32\SHELL32.dll
0x00007fff73570000 - 0x00007fff73d00000 	C:\WINDOWS\SYSTEM32\windows.storage.dll
0x00007fff763b0000 - 0x00007fff76705000 	C:\WINDOWS\System32\combase.dll
0x00007fff74e30000 - 0x00007fff74e5e000 	C:\WINDOWS\SYSTEM32\Wldp.dll
0x00007fff76e70000 - 0x00007fff76f1d000 	C:\WINDOWS\System32\SHCORE.dll
0x00007fff76350000 - 0x00007fff763a5000 	C:\WINDOWS\System32\shlwapi.dll
0x00007fff753f0000 - 0x00007fff7540f000 	C:\WINDOWS\SYSTEM32\profapi.dll
0x00007fff59470000 - 0x00007fff5948a000 	C:\Program Files\Android\Android Studio\jre\bin\net.dll
0x00007fff64330000 - 0x00007fff6443c000 	C:\WINDOWS\SYSTEM32\WINHTTP.dll
0x00007fff74b40000 - 0x00007fff74baa000 	C:\WINDOWS\system32\mswsock.dll
0x00007fff59400000 - 0x00007fff59414000 	C:\Program Files\Android\Android Studio\jre\bin\nio.dll
0x00007fff587a0000 - 0x00007fff587c7000 	C:\Users\souvik dey\.gradle\native\8bec1ad78214c89d9ad589b4d07fe93259594b29d510b10fafb7a158f7737e5d\windows-amd64\native-platform.dll
0x00007fff4b710000 - 0x00007fff4b84d000 	C:\Users\souvik dey\.gradle\native\53dbd7edfb1c66fb8903c78663c9afc45aea4f116125fa6feffd364cf09443e8\windows-amd64\native-platform-file-events.dll
0x00007fff5c890000 - 0x00007fff5c89a000 	C:\Program Files\Android\Android Studio\jre\bin\management.dll
0x00007fff593f0000 - 0x00007fff593fc000 	C:\Program Files\Android\Android Studio\jre\bin\management_ext.dll
0x00007fff74d00000 - 0x00007fff74d18000 	C:\WINDOWS\SYSTEM32\CRYPTSP.dll
0x00007fff744d0000 - 0x00007fff74504000 	C:\WINDOWS\system32\rsaenh.dll
0x00007fff75d60000 - 0x00007fff75d87000 	C:\WINDOWS\System32\bcrypt.dll
0x00007fff75370000 - 0x00007fff7539e000 	C:\WINDOWS\SYSTEM32\USERENV.dll
0x00007fff74d20000 - 0x00007fff74d2c000 	C:\WINDOWS\SYSTEM32\CRYPTBASE.dll
0x00007fff74850000 - 0x00007fff7488b000 	C:\WINDOWS\SYSTEM32\IPHLPAPI.DLL
0x00007fff75ff0000 - 0x00007fff75ff8000 	C:\WINDOWS\System32\NSI.dll
0x00007fff6bb30000 - 0x00007fff6bb47000 	C:\WINDOWS\SYSTEM32\dhcpcsvc6.DLL
0x00007fff6d8b0000 - 0x00007fff6d8cd000 	C:\WINDOWS\SYSTEM32\dhcpcsvc.DLL
0x00007fff74890000 - 0x00007fff7495b000 	C:\WINDOWS\SYSTEM32\DNSAPI.dll

dbghelp: loaded successfully - version: 4.0.5 - missing functions: none
symbol engine: initialized successfully - sym options: 0x614 - pdb path: .;C:\Program Files\Android\Android Studio\jre\bin;C:\WINDOWS\SYSTEM32;C:\WINDOWS\WinSxS\amd64_microsoft.windows.common-controls_6595b64144ccf1df_6.0.19041.1110_none_60b5254171f9507e;C:\Program Files\Android\Android Studio\jre\bin\server;C:\Users\souvik dey\.gradle\native\8bec1ad78214c89d9ad589b4d07fe93259594b29d510b10fafb7a158f7737e5d\windows-amd64;C:\Users\souvik dey\.gradle\native\53dbd7edfb1c66fb8903c78663c9afc45aea4f116125fa6feffd364cf09443e8\windows-amd64

VM Arguments:
jvm_args: --add-opens=java.base/java.util=ALL-UNNAMED --add-opens=java.base/java.lang=ALL-UNNAMED --add-opens=java.base/java.lang.invoke=ALL-UNNAMED --add-opens=java.base/java.util=ALL-UNNAMED --add-opens=java.prefs/java.util.prefs=ALL-UNNAMED --add-opens=java.prefs/java.util.prefs=ALL-UNNAMED --add-opens=java.base/java.nio.charset=ALL-UNNAMED --add-opens=java.base/java.net=ALL-UNNAMED --add-opens=java.base/java.util.concurrent.atomic=ALL-UNNAMED -Xmx2048m -Dfile.encoding=UTF-8 -Duser.country=IN -Duser.language=en -Duser.variant 
java_command: org.gradle.launcher.daemon.bootstrap.GradleDaemon 7.0.2
java_class_path (initial): C:\Users\souvik dey\.gradle\wrapper\dists\gradle-7.0.2-bin\857tjihv64xamwrf0h14cai3r\gradle-7.0.2\lib\gradle-launcher-7.0.2.jar
Launcher Type: SUN_STANDARD

[Global flags]
     intx CICompilerCount                          = 4                                         {product} {ergonomic}
     uint ConcGCThreads                            = 2                                         {product} {ergonomic}
     uint G1ConcRefinementThreads                  = 8                                         {product} {ergonomic}
   size_t G1HeapRegionSize                         = 1048576                                   {product} {ergonomic}
    uintx GCDrainStackTargetSize                   = 64                                        {product} {ergonomic}
   size_t InitialHeapSize                          = 100663296                                 {product} {ergonomic}
   size_t MarkStackSize                            = 4194304                                   {product} {ergonomic}
   size_t MaxHeapSize                              = 2147483648                                {product} {command line}
   size_t MaxNewSize                               = 1287651328                                {product} {ergonomic}
   size_t MinHeapDeltaBytes                        = 1048576                                   {product} {ergonomic}
    uintx NonNMethodCodeHeapSize                   = 5836300                                {pd product} {ergonomic}
    uintx NonProfiledCodeHeapSize                  = 122910970                              {pd product} {ergonomic}
    uintx ProfiledCodeHeapSize                     = 122910970                              {pd product} {ergonomic}
    uintx ReservedCodeCacheSize                    = 251658240                              {pd product} {ergonomic}
     bool SegmentedCodeCache                       = true                                      {product} {ergonomic}
     bool UseCompressedClassPointers               = true                                 {lp64_product} {ergonomic}
     bool UseCompressedOops                        = true                                 {lp64_product} {ergonomic}
     bool UseG1GC                                  = true                                      {product} {ergonomic}
     bool UseLargePagesIndividualAllocation        = false                                  {pd product} {ergonomic}

Logging:
Log output configuration:
 #0: stdout all=warning uptime,level,tags
 #1: stderr all=off uptime,level,tags

Environment Variables:
PATH=C:\python 3.9.1\Scripts\;C:\python 3.9.1\;C:\WINDOWS\system32;C:\WINDOWS;C:\WINDOWS\System32\Wbem;C:\WINDOWS\System32\WindowsPowerShell\v1.0\;C:\WINDOWS\System32\OpenSSH\;C:\MinGW\bin;C:\Program Files\Git\cmd;C:\Users\souvik dey\AppData\Local\Microsoft\WindowsApps;C:\Users\souvik dey\AppData\Local\atom\bin
USERNAME=souvik dey
OS=Windows_NT
PROCESSOR_IDENTIFIER=AMD64 Family 23 Model 24 Stepping 1, AuthenticAMD



---------------  S Y S T E M  ---------------

OS: Windows 10 , 64 bit Build 19041 (10.0.19041.1348)
OS uptime: 18 days 22:56 hours
Hyper-V role detected

CPU:total 8 (initial active 8) (8 cores per cpu, 2 threads per core) family 23 model 24 stepping 1 microcode 0x0, cmov, cx8, fxsr, mmx, sse, sse2, sse3, ssse3, sse4.1, sse4.2, popcnt, avx, avx2, aes, clmul, mmxext, 3dnowpref, lzcnt, sse4a, ht, tsc, tscinvbit, tscinv, bmi1, bmi2, adx, s

Memory: 4k page, system-wide physical 6058M (360M free)
TotalPageFile size 24490M (AvailPageFile size 4M)
current process WorkingSet (physical memory assigned to process): 345M, peak: 345M
current process commit charge ("private bytes"): 380M, peak: 380M

vm_info: OpenJDK 64-Bit Server VM (11.0.10+0-b96-7249189) for windows-amd64 JRE (11.0.10+0-b96-7249189), built on Mar 31 2021 21:44:00 by "builder" with MS VC++ 14.0 (VS2015)

END.
