#
# There is insufficient memory for the Java Runtime Environment to continue.
# Native memory allocation (mmap) failed to map 285212672 bytes for Failed to commit area from 0x0000000096000000 to 0x00000000a7000000 of length 285212672.
# Possible reasons:
#   The system is out of physical RAM or swap space
#   The process is running with CompressedOops enabled, and the Java Heap may be blocking the growth of the native heap
# Possible solutions:
#   Reduce memory load on the system
#   Increase physical memory or swap space
#   Check if swap backing store is full
#   Decrease Java heap size (-Xmx/-Xms)
#   Decrease number of Java threads
#   Decrease Java thread stack sizes (-Xss)
#   Set larger code cache with -XX:ReservedCodeCacheSize=
#   JVM is running with Unscaled Compressed Oops mode in which the Java heap is
#     placed in the first 4GB address space. The Java Heap base address is the
#     maximum limit for the native heap growth. Please use -XX:HeapBaseMinAddress
#     to set the Java Heap base and to place the Java Heap above 4GB virtual address.
# This output file may be truncated or incomplete.
#
#  Out of Memory Error (./src/hotspot/os/windows/os_windows.cpp:3301), pid=29260, tid=26252
#
# JRE version: OpenJDK Runtime Environment (11.0.10) (build 11.0.10+0-b96-7249189)
# Java VM: OpenJDK 64-Bit Server VM (11.0.10+0-b96-7249189, mixed mode, tiered, compressed oops, g1 gc, windows-amd64)
# No core dump will be written. Minidumps are not enabled by default on client versions of Windows
#

---------------  S U M M A R Y ------------

Command Line: --add-opens=java.base/java.util=ALL-UNNAMED --add-opens=java.base/java.lang=ALL-UNNAMED --add-opens=java.base/java.lang.invoke=ALL-UNNAMED --add-opens=java.base/java.util=ALL-UNNAMED --add-opens=java.prefs/java.util.prefs=ALL-UNNAMED --add-opens=java.prefs/java.util.prefs=ALL-UNNAMED --add-opens=java.base/java.nio.charset=ALL-UNNAMED --add-opens=java.base/java.net=ALL-UNNAMED --add-opens=java.base/java.util.concurrent.atomic=ALL-UNNAMED -Xmx2048m -Dfile.encoding=UTF-8 -Duser.country=IN -Duser.language=en -Duser.variant org.gradle.launcher.daemon.bootstrap.GradleDaemon 7.0.2

Host: AMD Ryzen 5 3500U with Radeon Vega Mobile Gfx  , 8 cores, 5G,  Windows 10 , 64 bit Build 19041 (10.0.19041.1348)
Time: Tue Nov 30 12:01:22 2021 India Standard Time elapsed time: 72.432168 seconds (0d 0h 1m 12s)

---------------  T H R E A D  ---------------

Current thread (0x0000015b763a3800):  VMThread "VM Thread" [stack: 0x0000002f8b100000,0x0000002f8b200000] [id=26252]

Stack: [0x0000002f8b100000,0x0000002f8b200000]
[error occurred during error reporting (printing stack bounds), id 0xc0000005, EXCEPTION_ACCESS_VIOLATION (0xc0000005) at pc=0x0000015b5f1f0f2d]

Native frames: (J=compiled Java code, j=interpreted, Vv=VM code, C=native code)
V  [jvm.dll+0x5ecfaa]
V  [jvm.dll+0x722bd5]
V  [jvm.dll+0x72412d]
V  [jvm.dll+0x724745]
V  [jvm.dll+0x7246fb]
V  [jvm.dll+0x5ec348]
V  [jvm.dll+0x5ecad8]
C  [ntdll.dll+0xa20cf]
C  [ntdll.dll+0x51454]
C  [ntdll.dll+0xa0bfe]
C  0x0000015b5f1f0f2d

VM_Operation (0x0000002f8e6fa0d0): G1CollectForAllocation, mode: safepoint, requested by thread 0x0000015b006d8000


---------------  P R O C E S S  ---------------

Threads class SMR info:
_java_thread_list=0x0000015b7c1a00f0, length=72, elements={
0x0000015b5b70b800, 0x0000015b75b92800, 0x0000015b75b8d000, 0x0000015b763f1800,
0x0000015b763f3000, 0x0000015b763f5000, 0x0000015b763fc000, 0x0000015b763fe000,
0x0000015b76410800, 0x0000015b7656b000, 0x0000015b79559800, 0x0000015b76c16800,
0x0000015b76cfb800, 0x0000015b76984800, 0x0000015b79b3d000, 0x0000015b79b37800,
0x0000015b79b39800, 0x0000015b79b38800, 0x0000015b79b3b000, 0x0000015b79b3b800,
0x0000015b79b37000, 0x0000015b79b36000, 0x0000015b79c3c800, 0x0000015b79c3a800,
0x0000015b79c3b800, 0x0000015b79c38000, 0x0000015b79c3d000, 0x0000015b79c3f000,
0x0000015b79c3f800, 0x0000015b79c46000, 0x0000015b7bc89800, 0x0000015b006cb800,
0x0000015b006d0800, 0x0000015b006d2000, 0x0000015b006d3000, 0x0000015b006cd000,
0x0000015b006d1800, 0x0000015b006ce000, 0x0000015b7cb86800, 0x0000015b006d3800,
0x0000015b006cf000, 0x0000015b006d9800, 0x0000015b006d4800, 0x0000015b006d5800,
0x0000015b006d6000, 0x0000015b006d8800, 0x0000015b006d7000, 0x0000015b006d8000,
0x0000015b79c3e000, 0x0000015b79c39000, 0x0000015b79c3a000, 0x0000015b79c44800,
0x0000015b79c47000, 0x0000015b79c42000, 0x0000015b79c43000, 0x0000015b7bc85800,
0x0000015b7bc84800, 0x0000015b7bc83000, 0x0000015b7bc88000, 0x0000015b7bc87000,
0x0000015b7bc86800, 0x0000015b79b3a000, 0x0000015b79b35000, 0x0000015b7cf31000,
0x0000015b7cf35800, 0x0000015b7cf32000, 0x0000015b7cf36000, 0x0000015b7cf34800,
0x0000015b7cf30800, 0x0000015b7cf37000, 0x0000015b7cf33000, 0x0000015b7b6a3800
}

Java Threads: ( => current thread )
  0x0000015b5b70b800 JavaThread "main" [_thread_blocked, id=28984, stack(0x0000002f8ab00000,0x0000002f8ac00000)]
  0x0000015b75b92800 JavaThread "Reference Handler" daemon [_thread_blocked, id=30948, stack(0x0000002f8b200000,0x0000002f8b300000)]
  0x0000015b75b8d000 JavaThread "Finalizer" daemon [_thread_blocked, id=15532, stack(0x0000002f8b300000,0x0000002f8b400000)]
  0x0000015b763f1800 JavaThread "Signal Dispatcher" daemon [_thread_blocked, id=17924, stack(0x0000002f8b400000,0x0000002f8b500000)]
  0x0000015b763f3000 JavaThread "Attach Listener" daemon [_thread_blocked, id=6148, stack(0x0000002f8b500000,0x0000002f8b600000)]
  0x0000015b763f5000 JavaThread "Service Thread" daemon [_thread_blocked, id=29104, stack(0x0000002f8b600000,0x0000002f8b700000)]
  0x0000015b763fc000 JavaThread "C2 CompilerThread0" daemon [_thread_blocked, id=32700, stack(0x0000002f8b700000,0x0000002f8b800000)]
  0x0000015b763fe000 JavaThread "C1 CompilerThread0" daemon [_thread_blocked, id=14400, stack(0x0000002f8b800000,0x0000002f8b900000)]
  0x0000015b76410800 JavaThread "Sweeper thread" daemon [_thread_blocked, id=29672, stack(0x0000002f8b900000,0x0000002f8ba00000)]
  0x0000015b7656b000 JavaThread "Common-Cleaner" daemon [_thread_blocked, id=7404, stack(0x0000002f8ba00000,0x0000002f8bb00000)]
  0x0000015b79559800 JavaThread "Daemon health stats" [_thread_blocked, id=29480, stack(0x0000002f8bf00000,0x0000002f8c000000)]
  0x0000015b76c16800 JavaThread "Incoming local TCP Connector on port 53376" [_thread_in_native, id=10232, stack(0x0000002f8bc00000,0x0000002f8bd00000)]
  0x0000015b76cfb800 JavaThread "Daemon periodic checks" [_thread_blocked, id=27604, stack(0x0000002f8bd00000,0x0000002f8be00000)]
  0x0000015b76984800 JavaThread "Daemon" [_thread_blocked, id=1800, stack(0x0000002f8c200000,0x0000002f8c300000)]
  0x0000015b79b3d000 JavaThread "Daemon worker" [_thread_blocked, id=13072, stack(0x0000002f8c500000,0x0000002f8c600000)]
  0x0000015b79b37800 JavaThread "Cache worker for file hash cache (C:\Users\souvik dey\.gradle\caches\7.0.2\fileHashes)" [_thread_blocked, id=20700, stack(0x0000002f8c900000,0x0000002f8ca00000)]
  0x0000015b79b39800 JavaThread "File lock request listener" [_thread_in_native, id=22768, stack(0x0000002f8ca00000,0x0000002f8cb00000)]
  0x0000015b79b38800 JavaThread "Cache worker for journal cache (C:\Users\souvik dey\.gradle\caches\journal-1)" [_thread_blocked, id=12888, stack(0x0000002f8d000000,0x0000002f8d100000)]
  0x0000015b79b3b000 JavaThread "File watcher server" daemon [_thread_blocked, id=15012, stack(0x0000002f8d400000,0x0000002f8d500000)]
  0x0000015b79b3b800 JavaThread "File watcher consumer" daemon [_thread_blocked, id=27112, stack(0x0000002f8d500000,0x0000002f8d600000)]
  0x0000015b79b37000 JavaThread "jar transforms" [_thread_blocked, id=26444, stack(0x0000002f8d600000,0x0000002f8d700000)]
  0x0000015b79b36000 JavaThread "jar transforms Thread 2" [_thread_blocked, id=27844, stack(0x0000002f8d700000,0x0000002f8d800000)]
  0x0000015b79c3c800 JavaThread "jar transforms Thread 3" [_thread_blocked, id=27636, stack(0x0000002f8d800000,0x0000002f8d900000)]
  0x0000015b79c3a800 JavaThread "jar transforms Thread 4" [_thread_blocked, id=12536, stack(0x0000002f8d900000,0x0000002f8da00000)]
  0x0000015b79c3b800 JavaThread "jar transforms Thread 5" [_thread_blocked, id=21272, stack(0x0000002f8da00000,0x0000002f8db00000)]
  0x0000015b79c38000 JavaThread "jar transforms Thread 6" [_thread_blocked, id=1476, stack(0x0000002f8db00000,0x0000002f8dc00000)]
  0x0000015b79c3d000 JavaThread "jar transforms Thread 7" [_thread_blocked, id=9276, stack(0x0000002f8dc00000,0x0000002f8dd00000)]
  0x0000015b79c3f000 JavaThread "jar transforms Thread 8" [_thread_blocked, id=17852, stack(0x0000002f8dd00000,0x0000002f8de00000)]
  0x0000015b79c3f800 JavaThread "Cache worker for execution history cache (C:\Users\souvik dey\.gradle\caches\7.0.2\executionHistory)" [_thread_blocked, id=22908, stack(0x0000002f8e100000,0x0000002f8e200000)]
  0x0000015b79c46000 JavaThread "Cache worker for file content cache (C:\Users\souvik dey\.gradle\caches\7.0.2\fileContent)" [_thread_blocked, id=24976, stack(0x0000002f8e200000,0x0000002f8e300000)]
  0x0000015b7bc89800 JavaThread "Memory manager" [_thread_blocked, id=25420, stack(0x0000002f8d200000,0x0000002f8d300000)]
  0x0000015b006cb800 JavaThread "pool-3-thread-1" [_thread_blocked, id=21176, stack(0x0000002f8ed00000,0x0000002f8ee00000)]
  0x0000015b006d0800 JavaThread "Handler for socket connection from /127.0.0.1:53376 to /127.0.0.1:53390" [_thread_in_native, id=31448, stack(0x0000002f8a800000,0x0000002f8a900000)]
  0x0000015b006d2000 JavaThread "Cancel handler" [_thread_blocked, id=31928, stack(0x0000002f8a900000,0x0000002f8aa00000)]
  0x0000015b006d3000 JavaThread "Asynchronous log dispatcher for DefaultDaemonConnection: socket connection from /127.0.0.1:53376 to /127.0.0.1:53390" [_thread_blocked, id=28540, stack(0x0000002f8aa00000,0x0000002f8ab00000)]
  0x0000015b006cd000 JavaThread "Stdin handler" [_thread_blocked, id=26884, stack(0x0000002f8c300000,0x0000002f8c400000)]
  0x0000015b006d1800 JavaThread "Daemon client event forwarder" [_thread_blocked, id=32560, stack(0x0000002f8c400000,0x0000002f8c500000)]
  0x0000015b006ce000 JavaThread "Cache worker for file hash cache (E:\my programming\android projects\EasyDRAW\.gradle\7.0.2\fileHashes)" [_thread_blocked, id=16316, stack(0x0000002f8c600000,0x0000002f8c700000)]
  0x0000015b7cb86800 JavaThread "C2 CompilerThread1" daemon [_thread_blocked, id=27816, stack(0x0000002f8c700000,0x0000002f8c800000)]
  0x0000015b006d3800 JavaThread "Cache worker for checksums cache (E:\my programming\android projects\EasyDRAW\.gradle\checksums)" [_thread_blocked, id=30636, stack(0x0000002f8c800000,0x0000002f8c900000)]
  0x0000015b006cf000 JavaThread "Cache worker for cache directory md-supplier (C:\Users\souvik dey\.gradle\caches\7.0.2\md-supplier)" [_thread_blocked, id=31752, stack(0x0000002f8d300000,0x0000002f8d400000)]
  0x0000015b006d9800 JavaThread "Cache worker for cache directory md-rule (C:\Users\souvik dey\.gradle\caches\7.0.2\md-rule)" [_thread_blocked, id=31948, stack(0x0000002f8de00000,0x0000002f8df00000)]
  0x0000015b006d4800 JavaThread "Cache worker for dependencies-accessors (E:\my programming\android projects\EasyDRAW\.gradle\7.0.2\dependencies-accessors)" [_thread_blocked, id=28796, stack(0x0000002f8df00000,0x0000002f8e000000)]
  0x0000015b006d5800 JavaThread "Cache worker for Build Output Cleanup Cache (E:\my programming\android projects\EasyDRAW\.gradle\buildOutputCleanup)" [_thread_blocked, id=28120, stack(0x0000002f8e000000,0x0000002f8e100000)]
  0x0000015b006d6000 JavaThread "Build operations" [_thread_blocked, id=29804, stack(0x0000002f8e300000,0x0000002f8e400000)]
  0x0000015b006d8800 JavaThread "Build operations Thread 2" [_thread_blocked, id=9320, stack(0x0000002f8e400000,0x0000002f8e500000)]
  0x0000015b006d7000 JavaThread "Build operations Thread 3" [_thread_blocked, id=21768, stack(0x0000002f8e500000,0x0000002f8e600000)]
  0x0000015b006d8000 JavaThread "Build operations Thread 4" [_thread_blocked, id=30172, stack(0x0000002f8e600000,0x0000002f8e700000)]
  0x0000015b79c3e000 JavaThread "Build operations Thread 5" [_thread_blocked, id=29856, stack(0x0000002f8e700000,0x0000002f8e800000)]
  0x0000015b79c39000 JavaThread "Build operations Thread 6" [_thread_blocked, id=16808, stack(0x0000002f8e800000,0x0000002f8e900000)]
  0x0000015b79c3a000 JavaThread "Build operations Thread 7" [_thread_blocked, id=15036, stack(0x0000002f8e900000,0x0000002f8ea00000)]
  0x0000015b79c44800 JavaThread "Build operations Thread 8" [_thread_blocked, id=25724, stack(0x0000002f8ea00000,0x0000002f8eb00000)]
  0x0000015b79c47000 JavaThread "build event listener" [_thread_blocked, id=17952, stack(0x0000002f8eb00000,0x0000002f8ec00000)]
  0x0000015b79c42000 JavaThread "pool-6-thread-1" [_thread_blocked, id=2620, stack(0x0000002f8ec00000,0x0000002f8ed00000)]
  0x0000015b79c43000 JavaThread "build event listener" [_thread_blocked, id=26380, stack(0x0000002f8f000000,0x0000002f8f100000)]
  0x0000015b7bc85800 JavaThread "Execution worker for ':'" [_thread_blocked, id=29252, stack(0x0000002f8f100000,0x0000002f8f200000)]
  0x0000015b7bc84800 JavaThread "Execution worker for ':' Thread 2" [_thread_blocked, id=24292, stack(0x0000002f8f200000,0x0000002f8f300000)]
  0x0000015b7bc83000 JavaThread "Execution worker for ':' Thread 3" [_thread_blocked, id=9388, stack(0x0000002f8f300000,0x0000002f8f400000)]
  0x0000015b7bc88000 JavaThread "Execution worker for ':' Thread 4" [_thread_blocked, id=16568, stack(0x0000002f8f400000,0x0000002f8f500000)]
  0x0000015b7bc87000 JavaThread "Execution worker for ':' Thread 5" [_thread_blocked, id=32608, stack(0x0000002f8f500000,0x0000002f8f600000)]
  0x0000015b7bc86800 JavaThread "Execution worker for ':' Thread 6" [_thread_blocked, id=29432, stack(0x0000002f8f600000,0x0000002f8f700000)]
  0x0000015b79b3a000 JavaThread "Execution worker for ':' Thread 7" [_thread_blocked, id=25896, stack(0x0000002f8f700000,0x0000002f8f800000)]
  0x0000015b79b35000 JavaThread "Cache worker for execution history cache (E:\my programming\android projects\EasyDRAW\.gradle\7.0.2\executionHistory)" [_thread_blocked, id=23064, stack(0x0000002f8f800000,0x0000002f8f900000)]
  0x0000015b7cf31000 JavaThread "WorkerExecutor Queue" [_thread_blocked, id=1188, stack(0x0000002f8f900000,0x0000002f8fa00000)]
  0x0000015b7cf35800 JavaThread "WorkerExecutor Queue Thread 2" [_thread_blocked, id=10080, stack(0x0000002f8fa00000,0x0000002f8fb00000)]
  0x0000015b7cf32000 JavaThread "WorkerExecutor Queue Thread 3" [_thread_blocked, id=29852, stack(0x0000002f8fb00000,0x0000002f8fc00000)]
  0x0000015b7cf36000 JavaThread "WorkerExecutor Queue Thread 4" [_thread_blocked, id=19712, stack(0x0000002f8fc00000,0x0000002f8fd00000)]
  0x0000015b7cf34800 JavaThread "WorkerExecutor Queue Thread 5" [_thread_blocked, id=18860, stack(0x0000002f8fd00000,0x0000002f8fe00000)]
  0x0000015b7cf30800 JavaThread "WorkerExecutor Queue Thread 6" [_thread_blocked, id=15388, stack(0x0000002f8fe00000,0x0000002f8ff00000)]
  0x0000015b7cf37000 JavaThread "WorkerExecutor Queue Thread 7" [_thread_blocked, id=5216, stack(0x0000002f8ff00000,0x0000002f90000000)]
  0x0000015b7cf33000 JavaThread "WorkerExecutor Queue Thread 8" [_thread_blocked, id=13888, stack(0x0000002f90000000,0x0000002f90100000)]
  0x0000015b7b6a3800 JavaThread "Java2D Disposer" daemon [_thread_blocked, id=18368, stack(0x0000002f90400000,0x0000002f90500000)]

Other Threads:
=>0x0000015b763a3800 VMThread "VM Thread" [stack: 0x0000002f8b100000,0x0000002f8b200000] [id=26252]
  0x0000015b765be000 WatcherThread [stack: 0x0000002f8bb00000,0x0000002f8bc00000] [id=12528]
  0x0000015b5b724000 GCTaskThread "GC Thread#0" [stack: 0x0000002f8ac00000,0x0000002f8ad00000] [id=22700]
  0x0000015b76d56000 GCTaskThread "GC Thread#1" [stack: 0x0000002f8be00000,0x0000002f8bf00000] [id=17768]
  0x0000015b785aa800 GCTaskThread "GC Thread#2" [stack: 0x0000002f8c000000,0x0000002f8c100000] [id=23360]
  0x0000015b783a1800 GCTaskThread "GC Thread#3" [stack: 0x0000002f8c100000,0x0000002f8c200000] [id=28440]
  0x0000015b797ed000 GCTaskThread "GC Thread#4" [stack: 0x0000002f8cb00000,0x0000002f8cc00000] [id=27984]
  0x0000015b77ff9800 GCTaskThread "GC Thread#5" [stack: 0x0000002f8cc00000,0x0000002f8cd00000] [id=29560]
  0x0000015b78845800 GCTaskThread "GC Thread#6" [stack: 0x0000002f8cd00000,0x0000002f8ce00000] [id=18892]
  0x0000015b77f54800 GCTaskThread "GC Thread#7" [stack: 0x0000002f8ce00000,0x0000002f8cf00000] [id=27276]
  0x0000015b5b755000 ConcurrentGCThread "G1 Main Marker" [stack: 0x0000002f8ad00000,0x0000002f8ae00000] [id=29508]
  0x0000015b5b757800 ConcurrentGCThread "G1 Conc#0" [stack: 0x0000002f8ae00000,0x0000002f8af00000] [id=31152]
  0x0000015b78f45000 ConcurrentGCThread "G1 Conc#1" [stack: 0x0000002f8cf00000,0x0000002f8d000000] [id=15436]
  0x0000015b5b7de800 ConcurrentGCThread "G1 Refine#0" [stack: 0x0000002f8af00000,0x0000002f8b000000] [id=13936]
  0x0000015b759d0000 ConcurrentGCThread "G1 Young RemSet Sampling" [stack: 0x0000002f8b000000,0x0000002f8b100000] [id=24932]

Threads with active compile tasks:
C2 CompilerThread0  72481 19296       4       com.android.tools.r8.graph.A0::c (177 bytes)
C1 CompilerThread0  72481 19345       2       com.android.tools.r8.graph.Q::a (15 bytes)
C2 CompilerThread1  72481 18993       4       com.android.tools.r8.graph.T::a (54 bytes)

VM state:at safepoint (normal execution)

VM Mutex/Monitor currently owned by a thread:  ([mutex/lock_event])
[0x0000015b5b708650] Threads_lock - owner thread: 0x0000015b763a3800
[0x0000015b5b707cc0] Heap_lock - owner thread: 0x0000015b006d8000

Heap address: 0x0000000080000000, size: 2048 MB, Compressed Oops mode: 32-bit
Narrow klass base: 0x0000000000000000, Narrow klass shift: 3
Compressed class space size: 1073741824 Address: 0x0000000100000000

Heap:
 garbage-first heap   total 638976K, used 207583K [0x0000000080000000, 0x0000000100000000)
  region size 1024K, 13 young (13312K), 13 survivors (13312K)
 Metaspace       used 138101K, capacity 141753K, committed 141824K, reserved 1173504K
  class space    used 17012K, capacity 18389K, committed 18432K, reserved 1048576K
Heap Regions: E=young(eden), S=young(survivor), O=old, HS=humongous(starts), HC=humongous(continues), CS=collection set, F=free, A=archive, TAMS=top-at-mark-start (previous, next)
|   0|0x0000000080000000, 0x0000000080100000, 0x0000000080100000|100%| O|  |TAMS 0x0000000080100000, 0x0000000080000000| Untracked 
|   1|0x0000000080100000, 0x0000000080200000, 0x0000000080200000|100%| O|  |TAMS 0x0000000080200000, 0x0000000080100000| Untracked 
|   2|0x0000000080200000, 0x0000000080300000, 0x0000000080300000|100%| O|  |TAMS 0x0000000080300000, 0x0000000080200000| Untracked 
|   3|0x0000000080300000, 0x0000000080400000, 0x0000000080400000|100%|HS|  |TAMS 0x0000000080400000, 0x0000000080300000| Complete 
|   4|0x0000000080400000, 0x0000000080500000, 0x0000000080500000|100%|HC|  |TAMS 0x0000000080500000, 0x0000000080400000| Complete 
|   5|0x0000000080500000, 0x0000000080600000, 0x0000000080600000|100%|HC|  |TAMS 0x0000000080600000, 0x0000000080500000| Complete 
|   6|0x0000000080600000, 0x0000000080700000, 0x0000000080700000|100%| O|  |TAMS 0x0000000080700000, 0x0000000080600000| Untracked 
|   7|0x0000000080700000, 0x0000000080800000, 0x0000000080800000|100%| O|  |TAMS 0x0000000080800000, 0x0000000080700000| Untracked 
|   8|0x0000000080800000, 0x0000000080900000, 0x0000000080900000|100%| O|  |TAMS 0x0000000080900000, 0x0000000080800000| Untracked 
|   9|0x0000000080900000, 0x0000000080a00000, 0x0000000080a00000|100%| O|  |TAMS 0x0000000080a00000, 0x0000000080900000| Untracked 
|  10|0x0000000080a00000, 0x0000000080b00000, 0x0000000080b00000|100%| O|  |TAMS 0x0000000080b00000, 0x0000000080a00000| Untracked 
|  11|0x0000000080b00000, 0x0000000080c00000, 0x0000000080c00000|100%| O|  |TAMS 0x0000000080c00000, 0x0000000080b00000| Untracked 
|  12|0x0000000080c00000, 0x0000000080d00000, 0x0000000080d00000|100%| O|  |TAMS 0x0000000080d00000, 0x0000000080c00000| Untracked 
|  13|0x0000000080d00000, 0x0000000080e00000, 0x0000000080e00000|100%| O|  |TAMS 0x0000000080e00000, 0x0000000080d00000| Untracked 
|  14|0x0000000080e00000, 0x0000000080f00000, 0x0000000080f00000|100%| O|  |TAMS 0x0000000080f00000, 0x0000000080e00000| Untracked 
|  15|0x0000000080f00000, 0x0000000081000000, 0x0000000081000000|100%|HS|  |TAMS 0x0000000081000000, 0x0000000080f00000| Complete 
|  16|0x0000000081000000, 0x0000000081100000, 0x0000000081100000|100%|HC|  |TAMS 0x0000000081100000, 0x0000000081000000| Complete 
|  17|0x0000000081100000, 0x0000000081200000, 0x0000000081200000|100%|HS|  |TAMS 0x0000000081200000, 0x0000000081100000| Complete 
|  18|0x0000000081200000, 0x0000000081300000, 0x0000000081300000|100%|HC|  |TAMS 0x0000000081300000, 0x0000000081200000| Complete 
|  19|0x0000000081300000, 0x0000000081400000, 0x0000000081400000|100%|HC|  |TAMS 0x0000000081400000, 0x0000000081300000| Complete 
|  20|0x0000000081400000, 0x0000000081500000, 0x0000000081500000|100%|HS|  |TAMS 0x0000000081500000, 0x0000000081400000| Complete 
|  21|0x0000000081500000, 0x0000000081600000, 0x0000000081600000|100%|HC|  |TAMS 0x0000000081600000, 0x0000000081500000| Complete 
|  22|0x0000000081600000, 0x0000000081700000, 0x0000000081700000|100%|HC|  |TAMS 0x0000000081700000, 0x0000000081600000| Complete 
|  23|0x0000000081700000, 0x0000000081800000, 0x0000000081800000|100%|HC|  |TAMS 0x0000000081800000, 0x0000000081700000| Complete 
|  24|0x0000000081800000, 0x0000000081900000, 0x0000000081900000|100%|HC|  |TAMS 0x0000000081900000, 0x0000000081800000| Complete 
|  25|0x0000000081900000, 0x0000000081a00000, 0x0000000081a00000|100%| O|  |TAMS 0x0000000081a00000, 0x0000000081900000| Untracked 
|  26|0x0000000081a00000, 0x0000000081b00000, 0x0000000081b00000|100%| O|  |TAMS 0x0000000081b00000, 0x0000000081a00000| Untracked 
|  27|0x0000000081b00000, 0x0000000081c00000, 0x0000000081c00000|100%| O|  |TAMS 0x0000000081c00000, 0x0000000081b00000| Untracked 
|  28|0x0000000081c00000, 0x0000000081d00000, 0x0000000081d00000|100%| O|  |TAMS 0x0000000081d00000, 0x0000000081c00000| Untracked 
|  29|0x0000000081d00000, 0x0000000081e00000, 0x0000000081e00000|100%| O|  |TAMS 0x0000000081e00000, 0x0000000081d00000| Untracked 
|  30|0x0000000081e00000, 0x0000000081f00000, 0x0000000081f00000|100%| O|  |TAMS 0x0000000081f00000, 0x0000000081e00000| Untracked 
|  31|0x0000000081f00000, 0x0000000082000000, 0x0000000082000000|100%| O|  |TAMS 0x0000000082000000, 0x0000000081f00000| Untracked 
|  32|0x0000000082000000, 0x0000000082100000, 0x0000000082100000|100%|HS|  |TAMS 0x0000000082100000, 0x0000000082000000| Complete 
|  33|0x0000000082100000, 0x0000000082200000, 0x0000000082200000|100%|HC|  |TAMS 0x0000000082200000, 0x0000000082100000| Complete 
|  34|0x0000000082200000, 0x0000000082300000, 0x0000000082300000|100%|HC|  |TAMS 0x0000000082300000, 0x0000000082200000| Complete 
|  35|0x0000000082300000, 0x0000000082400000, 0x0000000082400000|100%| O|  |TAMS 0x0000000082400000, 0x0000000082300000| Untracked 
|  36|0x0000000082400000, 0x0000000082500000, 0x0000000082500000|100%| O|  |TAMS 0x0000000082500000, 0x0000000082400000| Untracked 
|  37|0x0000000082500000, 0x0000000082600000, 0x0000000082600000|100%|HS|  |TAMS 0x0000000082600000, 0x0000000082500000| Complete 
|  38|0x0000000082600000, 0x0000000082700000, 0x0000000082700000|100%|HC|  |TAMS 0x0000000082700000, 0x0000000082600000| Complete 
|  39|0x0000000082700000, 0x0000000082800000, 0x0000000082800000|100%|HC|  |TAMS 0x0000000082800000, 0x0000000082700000| Complete 
|  40|0x0000000082800000, 0x0000000082900000, 0x0000000082900000|100%|HC|  |TAMS 0x0000000082900000, 0x0000000082800000| Complete 
|  41|0x0000000082900000, 0x0000000082a00000, 0x0000000082a00000|100%|HC|  |TAMS 0x0000000082a00000, 0x0000000082900000| Complete 
|  42|0x0000000082a00000, 0x0000000082b00000, 0x0000000082b00000|100%| O|  |TAMS 0x0000000082b00000, 0x0000000082a00000| Untracked 
|  43|0x0000000082b00000, 0x0000000082c00000, 0x0000000082c00000|100%| O|  |TAMS 0x0000000082c00000, 0x0000000082b00000| Untracked 
|  44|0x0000000082c00000, 0x0000000082d00000, 0x0000000082d00000|100%| O|  |TAMS 0x0000000082d00000, 0x0000000082c00000| Untracked 
|  45|0x0000000082d00000, 0x0000000082e00000, 0x0000000082e00000|100%| O|  |TAMS 0x0000000082e00000, 0x0000000082d00000| Untracked 
|  46|0x0000000082e00000, 0x0000000082f00000, 0x0000000082f00000|100%| O|  |TAMS 0x0000000082f00000, 0x0000000082e00000| Untracked 
|  47|0x0000000082f00000, 0x0000000083000000, 0x0000000083000000|100%| O|  |TAMS 0x0000000083000000, 0x0000000082f00000| Untracked 
|  48|0x0000000083000000, 0x0000000083100000, 0x0000000083100000|100%| O|  |TAMS 0x0000000083100000, 0x0000000083000000| Untracked 
|  49|0x0000000083100000, 0x0000000083200000, 0x0000000083200000|100%| O|  |TAMS 0x0000000083200000, 0x0000000083100000| Untracked 
|  50|0x0000000083200000, 0x0000000083300000, 0x0000000083300000|100%| O|  |TAMS 0x0000000083300000, 0x0000000083200000| Untracked 
|  51|0x0000000083300000, 0x0000000083400000, 0x0000000083400000|100%| O|  |TAMS 0x0000000083400000, 0x0000000083300000| Untracked 
|  52|0x0000000083400000, 0x0000000083500000, 0x0000000083500000|100%|HS|  |TAMS 0x0000000083500000, 0x0000000083400000| Complete 
|  53|0x0000000083500000, 0x0000000083600000, 0x0000000083600000|100%|HS|  |TAMS 0x0000000083600000, 0x0000000083500000| Complete 
|  54|0x0000000083600000, 0x0000000083700000, 0x0000000083700000|100%|HS|  |TAMS 0x0000000083700000, 0x0000000083600000| Complete 
|  55|0x0000000083700000, 0x0000000083800000, 0x0000000083800000|100%|HS|  |TAMS 0x0000000083800000, 0x0000000083700000| Complete 
|  56|0x0000000083800000, 0x0000000083900000, 0x0000000083900000|100%|HC|  |TAMS 0x0000000083900000, 0x0000000083800000| Complete 
|  57|0x0000000083900000, 0x0000000083a00000, 0x0000000083a00000|100%|HC|  |TAMS 0x0000000083a00000, 0x0000000083900000| Complete 
|  58|0x0000000083a00000, 0x0000000083b00000, 0x0000000083b00000|100%|HS|  |TAMS 0x0000000083b00000, 0x0000000083a00000| Complete 
|  59|0x0000000083b00000, 0x0000000083c00000, 0x0000000083c00000|100%|HC|  |TAMS 0x0000000083c00000, 0x0000000083b00000| Complete 
|  60|0x0000000083c00000, 0x0000000083d00000, 0x0000000083d00000|100%| O|  |TAMS 0x0000000083d00000, 0x0000000083c00000| Untracked 
|  61|0x0000000083d00000, 0x0000000083e00000, 0x0000000083e00000|100%| O|  |TAMS 0x0000000083e00000, 0x0000000083d00000| Untracked 
|  62|0x0000000083e00000, 0x0000000083f00000, 0x0000000083f00000|100%| O|  |TAMS 0x0000000083f00000, 0x0000000083e00000| Untracked 
|  63|0x0000000083f00000, 0x0000000084000000, 0x0000000084000000|100%| O|  |TAMS 0x0000000084000000, 0x0000000083f00000| Untracked 
|  64|0x0000000084000000, 0x0000000084100000, 0x0000000084100000|100%| O|  |TAMS 0x0000000084100000, 0x0000000084000000| Untracked 
|  65|0x0000000084100000, 0x0000000084200000, 0x0000000084200000|100%| O|  |TAMS 0x0000000084200000, 0x0000000084100000| Untracked 
|  66|0x0000000084200000, 0x0000000084300000, 0x0000000084300000|100%| O|  |TAMS 0x0000000084300000, 0x0000000084200000| Untracked 
|  67|0x0000000084300000, 0x0000000084400000, 0x0000000084400000|100%| O|  |TAMS 0x0000000084400000, 0x0000000084300000| Untracked 
|  68|0x0000000084400000, 0x0000000084500000, 0x0000000084500000|100%| O|  |TAMS 0x0000000084500000, 0x0000000084400000| Untracked 
|  69|0x0000000084500000, 0x0000000084600000, 0x0000000084600000|100%| O|  |TAMS 0x0000000084600000, 0x0000000084500000| Untracked 
|  70|0x0000000084600000, 0x0000000084700000, 0x0000000084700000|100%| O|  |TAMS 0x0000000084700000, 0x0000000084600000| Untracked 
|  71|0x0000000084700000, 0x0000000084800000, 0x0000000084800000|100%| O|  |TAMS 0x0000000084700000, 0x0000000084700000| Untracked 
|  72|0x0000000084800000, 0x0000000084900000, 0x0000000084900000|100%| O|  |TAMS 0x0000000084900000, 0x0000000084800000| Untracked 
|  73|0x0000000084900000, 0x0000000084a00000, 0x0000000084a00000|100%| O|  |TAMS 0x0000000084a00000, 0x0000000084900000| Untracked 
|  74|0x0000000084a00000, 0x0000000084b00000, 0x0000000084b00000|100%| O|  |TAMS 0x0000000084b00000, 0x0000000084a00000| Untracked 
|  75|0x0000000084b00000, 0x0000000084c00000, 0x0000000084c00000|100%| O|  |TAMS 0x0000000084c00000, 0x0000000084b00000| Untracked 
|  76|0x0000000084c00000, 0x0000000084d00000, 0x0000000084d00000|100%| O|  |TAMS 0x0000000084d00000, 0x0000000084c00000| Untracked 
|  77|0x0000000084d00000, 0x0000000084e00000, 0x0000000084e00000|100%| O|  |TAMS 0x0000000084e00000, 0x0000000084d00000| Untracked 
|  78|0x0000000084e00000, 0x0000000084f00000, 0x0000000084f00000|100%| O|  |TAMS 0x0000000084f00000, 0x0000000084e00000| Untracked 
|  79|0x0000000084f00000, 0x0000000085000000, 0x0000000085000000|100%| O|  |TAMS 0x0000000085000000, 0x0000000084f00000| Untracked 
|  80|0x0000000085000000, 0x0000000085100000, 0x0000000085100000|100%| O|  |TAMS 0x0000000085100000, 0x0000000085000000| Untracked 
|  81|0x0000000085100000, 0x0000000085200000, 0x0000000085200000|100%| O|  |TAMS 0x0000000085200000, 0x0000000085100000| Untracked 
|  82|0x0000000085200000, 0x0000000085300000, 0x0000000085300000|100%| O|  |TAMS 0x0000000085300000, 0x0000000085200000| Untracked 
|  83|0x0000000085300000, 0x0000000085400000, 0x0000000085400000|100%| O|  |TAMS 0x0000000085400000, 0x0000000085300000| Untracked 
|  84|0x0000000085400000, 0x0000000085500000, 0x0000000085500000|100%| O|  |TAMS 0x0000000085500000, 0x0000000085400000| Untracked 
|  85|0x0000000085500000, 0x0000000085600000, 0x0000000085600000|100%| O|  |TAMS 0x0000000085600000, 0x0000000085500000| Untracked 
|  86|0x0000000085600000, 0x0000000085700000, 0x0000000085700000|100%| O|  |TAMS 0x0000000085700000, 0x0000000085600000| Untracked 
|  87|0x0000000085700000, 0x0000000085800000, 0x0000000085800000|100%| O|  |TAMS 0x0000000085800000, 0x0000000085700000| Untracked 
|  88|0x0000000085800000, 0x0000000085900000, 0x0000000085900000|100%| O|  |TAMS 0x0000000085900000, 0x0000000085800000| Untracked 
|  89|0x0000000085900000, 0x0000000085a00000, 0x0000000085a00000|100%| O|  |TAMS 0x0000000085a00000, 0x0000000085900000| Untracked 
|  90|0x0000000085a00000, 0x0000000085b00000, 0x0000000085b00000|100%| O|  |TAMS 0x0000000085b00000, 0x0000000085a00000| Untracked 
|  91|0x0000000085b00000, 0x0000000085c00000, 0x0000000085c00000|100%| O|  |TAMS 0x0000000085c00000, 0x0000000085b00000| Untracked 
|  92|0x0000000085c00000, 0x0000000085d00000, 0x0000000085d00000|100%| O|  |TAMS 0x0000000085d00000, 0x0000000085c00000| Untracked 
|  93|0x0000000085d00000, 0x0000000085e00000, 0x0000000085e00000|100%| O|  |TAMS 0x0000000085e00000, 0x0000000085d00000| Untracked 
|  94|0x0000000085e00000, 0x0000000085f00000, 0x0000000085f00000|100%| O|  |TAMS 0x0000000085f00000, 0x0000000085e00000| Untracked 
|  95|0x0000000085f00000, 0x0000000086000000, 0x0000000086000000|100%| O|  |TAMS 0x0000000086000000, 0x0000000085f00000| Untracked 
|  96|0x0000000086000000, 0x0000000086100000, 0x0000000086100000|100%| O|  |TAMS 0x0000000086100000, 0x0000000086000000| Untracked 
|  97|0x0000000086100000, 0x0000000086200000, 0x0000000086200000|100%| O|  |TAMS 0x0000000086200000, 0x0000000086100000| Untracked 
|  98|0x0000000086200000, 0x0000000086300000, 0x0000000086300000|100%| O|  |TAMS 0x0000000086300000, 0x0000000086200000| Untracked 
|  99|0x0000000086300000, 0x0000000086400000, 0x0000000086400000|100%| O|  |TAMS 0x0000000086400000, 0x0000000086300000| Untracked 
| 100|0x0000000086400000, 0x0000000086500000, 0x0000000086500000|100%| O|  |TAMS 0x0000000086500000, 0x0000000086400000| Untracked 
| 101|0x0000000086500000, 0x0000000086600000, 0x0000000086600000|100%|HS|  |TAMS 0x0000000086500000, 0x0000000086500000| Complete 
| 102|0x0000000086600000, 0x0000000086700000, 0x0000000086700000|100%| O|  |TAMS 0x0000000086700000, 0x0000000086600000| Untracked 
| 103|0x0000000086700000, 0x0000000086800000, 0x0000000086800000|100%| O|  |TAMS 0x0000000086800000, 0x0000000086700000| Untracked 
| 104|0x0000000086800000, 0x0000000086900000, 0x0000000086900000|100%| O|  |TAMS 0x0000000086900000, 0x0000000086800000| Untracked 
| 105|0x0000000086900000, 0x0000000086a00000, 0x0000000086a00000|100%| O|  |TAMS 0x0000000086a00000, 0x0000000086900000| Untracked 
| 106|0x0000000086a00000, 0x0000000086b00000, 0x0000000086b00000|100%| O|  |TAMS 0x0000000086b00000, 0x0000000086a00000| Untracked 
| 107|0x0000000086b00000, 0x0000000086c00000, 0x0000000086c00000|100%| O|  |TAMS 0x0000000086c00000, 0x0000000086b00000| Untracked 
| 108|0x0000000086c00000, 0x0000000086d00000, 0x0000000086d00000|100%| O|  |TAMS 0x0000000086d00000, 0x0000000086c00000| Untracked 
| 109|0x0000000086d00000, 0x0000000086e00000, 0x0000000086e00000|100%| O|  |TAMS 0x0000000086e00000, 0x0000000086d00000| Untracked 
| 110|0x0000000086e00000, 0x0000000086f00000, 0x0000000086f00000|100%| O|  |TAMS 0x0000000086f00000, 0x0000000086e00000| Untracked 
| 111|0x0000000086f00000, 0x0000000087000000, 0x0000000087000000|100%| O|  |TAMS 0x0000000087000000, 0x0000000086f00000| Untracked 
| 112|0x0000000087000000, 0x0000000087100000, 0x0000000087100000|100%| O|  |TAMS 0x0000000087100000, 0x0000000087000000| Untracked 
| 113|0x0000000087100000, 0x0000000087200000, 0x0000000087200000|100%| O|  |TAMS 0x0000000087200000, 0x0000000087100000| Untracked 
| 114|0x0000000087200000, 0x0000000087300000, 0x0000000087300000|100%| O|  |TAMS 0x0000000087300000, 0x0000000087200000| Untracked 
| 115|0x0000000087300000, 0x0000000087400000, 0x0000000087400000|100%| O|  |TAMS 0x0000000087300000, 0x0000000087300000| Untracked 
| 116|0x0000000087400000, 0x0000000087500000, 0x0000000087500000|100%| O|  |TAMS 0x0000000087500000, 0x0000000087400000| Untracked 
| 117|0x0000000087500000, 0x0000000087600000, 0x0000000087600000|100%| O|  |TAMS 0x0000000087600000, 0x0000000087500000| Untracked 
| 118|0x0000000087600000, 0x0000000087700000, 0x0000000087700000|100%| O|  |TAMS 0x0000000087700000, 0x0000000087600000| Untracked 
| 119|0x0000000087700000, 0x0000000087800000, 0x0000000087800000|100%| O|  |TAMS 0x0000000087800000, 0x0000000087700000| Untracked 
| 120|0x0000000087800000, 0x0000000087900000, 0x0000000087900000|100%| O|  |TAMS 0x0000000087900000, 0x0000000087800000| Untracked 
| 121|0x0000000087900000, 0x0000000087a00000, 0x0000000087a00000|100%| O|  |TAMS 0x0000000087a00000, 0x0000000087900000| Untracked 
| 122|0x0000000087a00000, 0x0000000087b00000, 0x0000000087b00000|100%| O|  |TAMS 0x0000000087b00000, 0x0000000087a00000| Untracked 
| 123|0x0000000087b00000, 0x0000000087c00000, 0x0000000087c00000|100%| O|  |TAMS 0x0000000087b00000, 0x0000000087b00000| Untracked 
| 124|0x0000000087c00000, 0x0000000087d00000, 0x0000000087d00000|100%| O|  |TAMS 0x0000000087d00000, 0x0000000087c00000| Untracked 
| 125|0x0000000087d00000, 0x0000000087e00000, 0x0000000087e00000|100%| O|  |TAMS 0x0000000087d00000, 0x0000000087d00000| Untracked 
| 126|0x0000000087e00000, 0x0000000087f00000, 0x0000000087f00000|100%| O|  |TAMS 0x0000000087e00000, 0x0000000087e00000| Untracked 
| 127|0x0000000087f00000, 0x0000000088000000, 0x0000000088000000|100%| O|  |TAMS 0x0000000087f00000, 0x0000000087f00000| Untracked 
| 128|0x0000000088000000, 0x0000000088100000, 0x0000000088100000|100%| O|  |TAMS 0x0000000088000000, 0x0000000088000000| Untracked 
| 129|0x0000000088100000, 0x0000000088200000, 0x0000000088200000|100%| O|  |TAMS 0x0000000088100000, 0x0000000088100000| Untracked 
| 130|0x0000000088200000, 0x0000000088300000, 0x0000000088300000|100%|HS|  |TAMS 0x0000000088200000, 0x0000000088200000| Complete 
| 131|0x0000000088300000, 0x0000000088400000, 0x0000000088400000|100%|HC|  |TAMS 0x0000000088300000, 0x0000000088300000| Complete 
| 132|0x0000000088400000, 0x0000000088500000, 0x0000000088500000|100%| O|  |TAMS 0x0000000088400000, 0x0000000088400000| Untracked 
| 133|0x0000000088500000, 0x0000000088600000, 0x0000000088600000|100%| O|  |TAMS 0x0000000088500000, 0x0000000088500000| Untracked 
| 134|0x0000000088600000, 0x0000000088700000, 0x0000000088700000|100%| O|  |TAMS 0x0000000088600000, 0x0000000088600000| Untracked 
| 135|0x0000000088700000, 0x0000000088800000, 0x0000000088800000|100%| O|  |TAMS 0x0000000088700000, 0x0000000088700000| Untracked 
| 136|0x0000000088800000, 0x0000000088900000, 0x0000000088900000|100%| O|  |TAMS 0x0000000088900000, 0x0000000088800000| Untracked 
| 137|0x0000000088900000, 0x0000000088a00000, 0x0000000088a00000|100%| O|  |TAMS 0x0000000088900000, 0x0000000088900000| Untracked 
| 138|0x0000000088a00000, 0x0000000088b00000, 0x0000000088b00000|100%| O|  |TAMS 0x0000000088a00000, 0x0000000088a00000| Untracked 
| 139|0x0000000088b00000, 0x0000000088c00000, 0x0000000088c00000|100%| O|  |TAMS 0x0000000088c00000, 0x0000000088b00000| Untracked 
| 140|0x0000000088c00000, 0x0000000088d00000, 0x0000000088d00000|100%| O|  |TAMS 0x0000000088c00000, 0x0000000088c00000| Untracked 
| 141|0x0000000088d00000, 0x0000000088e00000, 0x0000000088e00000|100%| O|  |TAMS 0x0000000088d00000, 0x0000000088d00000| Untracked 
| 142|0x0000000088e00000, 0x0000000088f00000, 0x0000000088f00000|100%| O|  |TAMS 0x0000000088e00000, 0x0000000088e00000| Untracked 
| 143|0x0000000088f00000, 0x0000000089000000, 0x0000000089000000|100%| O|  |TAMS 0x0000000088f00000, 0x0000000088f00000| Untracked 
| 144|0x0000000089000000, 0x0000000089100000, 0x0000000089100000|100%| O|  |TAMS 0x0000000089000000, 0x0000000089000000| Untracked 
| 145|0x0000000089100000, 0x0000000089200000, 0x0000000089200000|100%| O|  |TAMS 0x0000000089100000, 0x0000000089100000| Untracked 
| 146|0x0000000089200000, 0x0000000089300000, 0x0000000089300000|100%| O|  |TAMS 0x0000000089200000, 0x0000000089200000| Untracked 
| 147|0x0000000089300000, 0x0000000089400000, 0x0000000089400000|100%| O|  |TAMS 0x0000000089300000, 0x0000000089300000| Untracked 
| 148|0x0000000089400000, 0x0000000089500000, 0x0000000089500000|100%| O|  |TAMS 0x0000000089400000, 0x0000000089400000| Untracked 
| 149|0x0000000089500000, 0x0000000089600000, 0x0000000089600000|100%| O|  |TAMS 0x0000000089500000, 0x0000000089500000| Untracked 
| 150|0x0000000089600000, 0x0000000089700000, 0x0000000089700000|100%| O|  |TAMS 0x0000000089600000, 0x0000000089600000| Untracked 
| 151|0x0000000089700000, 0x0000000089800000, 0x0000000089800000|100%| O|  |TAMS 0x0000000089700000, 0x0000000089700000| Untracked 
| 152|0x0000000089800000, 0x0000000089900000, 0x0000000089900000|100%| O|  |TAMS 0x0000000089800000, 0x0000000089800000| Untracked 
| 153|0x0000000089900000, 0x0000000089a00000, 0x0000000089a00000|100%| O|  |TAMS 0x0000000089900000, 0x0000000089900000| Untracked 
| 154|0x0000000089a00000, 0x0000000089b00000, 0x0000000089b00000|100%| O|  |TAMS 0x0000000089b00000, 0x0000000089a00000| Untracked 
| 155|0x0000000089b00000, 0x0000000089c00000, 0x0000000089c00000|100%| O|  |TAMS 0x0000000089c00000, 0x0000000089b00000| Untracked 
| 156|0x0000000089c00000, 0x0000000089d00000, 0x0000000089d00000|100%| O|  |TAMS 0x0000000089d00000, 0x0000000089c00000| Untracked 
| 157|0x0000000089d00000, 0x0000000089e00000, 0x0000000089e00000|100%| O|  |TAMS 0x0000000089d00000, 0x0000000089d00000| Untracked 
| 158|0x0000000089e00000, 0x0000000089f00000, 0x0000000089f00000|100%| O|  |TAMS 0x0000000089e00000, 0x0000000089e00000| Untracked 
| 159|0x0000000089f00000, 0x000000008a000000, 0x000000008a000000|100%| O|  |TAMS 0x0000000089f00000, 0x0000000089f00000| Untracked 
| 160|0x000000008a000000, 0x000000008a100000, 0x000000008a100000|100%| O|  |TAMS 0x000000008a000000, 0x000000008a000000| Untracked 
| 161|0x000000008a100000, 0x000000008a200000, 0x000000008a200000|100%| O|  |TAMS 0x000000008a200000, 0x000000008a100000| Untracked 
| 162|0x000000008a200000, 0x000000008a300000, 0x000000008a300000|100%| O|  |TAMS 0x000000008a22c600, 0x000000008a200000| Untracked 
| 163|0x000000008a300000, 0x000000008a400000, 0x000000008a400000|100%| O|  |TAMS 0x000000008a300000, 0x000000008a300000| Untracked 
| 164|0x000000008a400000, 0x000000008a500000, 0x000000008a500000|100%| O|  |TAMS 0x000000008a400000, 0x000000008a400000| Untracked 
| 165|0x000000008a500000, 0x000000008a600000, 0x000000008a600000|100%| O|  |TAMS 0x000000008a600000, 0x000000008a500000| Untracked 
| 166|0x000000008a600000, 0x000000008a700000, 0x000000008a700000|100%| O|  |TAMS 0x000000008a600000, 0x000000008a600000| Untracked 
| 167|0x000000008a700000, 0x000000008a800000, 0x000000008a800000|100%| O|  |TAMS 0x000000008a700000, 0x000000008a700000| Untracked 
| 168|0x000000008a800000, 0x000000008a900000, 0x000000008a900000|100%| O|  |TAMS 0x000000008a800000, 0x000000008a800000| Untracked 
| 169|0x000000008a900000, 0x000000008aa00000, 0x000000008aa00000|100%| O|  |TAMS 0x000000008a900000, 0x000000008a900000| Untracked 
| 170|0x000000008aa00000, 0x000000008ab00000, 0x000000008ab00000|100%| O|  |TAMS 0x000000008aa00000, 0x000000008aa00000| Untracked 
| 171|0x000000008ab00000, 0x000000008ac00000, 0x000000008ac00000|100%| O|  |TAMS 0x000000008ab00000, 0x000000008ab00000| Untracked 
| 172|0x000000008ac00000, 0x000000008ad00000, 0x000000008ad00000|100%| O|  |TAMS 0x000000008ac00000, 0x000000008ac00000| Untracked 
| 173|0x000000008ad00000, 0x000000008ae00000, 0x000000008ae00000|100%| O|  |TAMS 0x000000008ad00000, 0x000000008ad00000| Untracked 
| 174|0x000000008ae00000, 0x000000008af00000, 0x000000008af00000|100%| O|  |TAMS 0x000000008ae00000, 0x000000008ae00000| Untracked 
| 175|0x000000008af00000, 0x000000008b000000, 0x000000008b000000|100%| O|  |TAMS 0x000000008af00000, 0x000000008af00000| Untracked 
| 176|0x000000008b000000, 0x000000008b100000, 0x000000008b100000|100%| O|  |TAMS 0x000000008b000000, 0x000000008b000000| Untracked 
| 177|0x000000008b100000, 0x000000008b200000, 0x000000008b200000|100%| O|  |TAMS 0x000000008b100000, 0x000000008b100000| Untracked 
| 178|0x000000008b200000, 0x000000008b300000, 0x000000008b300000|100%| O|  |TAMS 0x000000008b200000, 0x000000008b200000| Untracked 
| 179|0x000000008b300000, 0x000000008b400000, 0x000000008b400000|100%| O|  |TAMS 0x000000008b300000, 0x000000008b300000| Untracked 
| 180|0x000000008b400000, 0x000000008b500000, 0x000000008b500000|100%| O|  |TAMS 0x000000008b400000, 0x000000008b400000| Untracked 
| 181|0x000000008b500000, 0x000000008b600000, 0x000000008b600000|100%| O|  |TAMS 0x000000008b500000, 0x000000008b500000| Untracked 
| 182|0x000000008b600000, 0x000000008b700000, 0x000000008b700000|100%| O|  |TAMS 0x000000008b600000, 0x000000008b600000| Untracked 
| 183|0x000000008b700000, 0x000000008b800000, 0x000000008b800000|100%| O|  |TAMS 0x000000008b700000, 0x000000008b700000| Untracked 
| 184|0x000000008b800000, 0x000000008b900000, 0x000000008b900000|100%| O|  |TAMS 0x000000008b800000, 0x000000008b800000| Untracked 
| 185|0x000000008b900000, 0x000000008ba00000, 0x000000008ba00000|100%| O|  |TAMS 0x000000008b900000, 0x000000008b900000| Untracked 
| 186|0x000000008ba00000, 0x000000008bb00000, 0x000000008bb00000|100%| O|  |TAMS 0x000000008ba00000, 0x000000008ba00000| Untracked 
| 187|0x000000008bb00000, 0x000000008bc00000, 0x000000008bc00000|100%| O|  |TAMS 0x000000008bb00000, 0x000000008bb00000| Untracked 
| 188|0x000000008bc00000, 0x000000008bd00000, 0x000000008bd00000|100%| O|  |TAMS 0x000000008bc00000, 0x000000008bc00000| Untracked 
| 189|0x000000008bd00000, 0x000000008bdb7c00, 0x000000008be00000| 71%| O|  |TAMS 0x000000008bd00000, 0x000000008bd00000| Untracked 
| 190|0x000000008be00000, 0x000000008be00000, 0x000000008bf00000|  0%| F|  |TAMS 0x000000008be00000, 0x000000008be00000| Untracked 
| 191|0x000000008bf00000, 0x000000008bf00000, 0x000000008c000000|  0%| F|  |TAMS 0x000000008bf00000, 0x000000008bf00000| Untracked 
| 192|0x000000008c000000, 0x000000008c000000, 0x000000008c100000|  0%| F|  |TAMS 0x000000008c000000, 0x000000008c000000| Untracked 
| 193|0x000000008c100000, 0x000000008c100000, 0x000000008c200000|  0%| F|  |TAMS 0x000000008c100000, 0x000000008c100000| Untracked 
| 194|0x000000008c200000, 0x000000008c200000, 0x000000008c300000|  0%| F|  |TAMS 0x000000008c200000, 0x000000008c200000| Untracked 
| 195|0x000000008c300000, 0x000000008c300000, 0x000000008c400000|  0%| F|  |TAMS 0x000000008c300000, 0x000000008c300000| Untracked 
| 196|0x000000008c400000, 0x000000008c400000, 0x000000008c500000|  0%| F|  |TAMS 0x000000008c400000, 0x000000008c400000| Untracked 
| 197|0x000000008c500000, 0x000000008c500000, 0x000000008c600000|  0%| F|  |TAMS 0x000000008c500000, 0x000000008c500000| Untracked 
| 198|0x000000008c600000, 0x000000008c600000, 0x000000008c700000|  0%| F|  |TAMS 0x000000008c600000, 0x000000008c600000| Untracked 
| 199|0x000000008c700000, 0x000000008c700000, 0x000000008c800000|  0%| F|  |TAMS 0x000000008c700000, 0x000000008c700000| Untracked 
| 200|0x000000008c800000, 0x000000008c800000, 0x000000008c900000|  0%| F|  |TAMS 0x000000008c800000, 0x000000008c800000| Untracked 
| 201|0x000000008c900000, 0x000000008c900000, 0x000000008ca00000|  0%| F|  |TAMS 0x000000008c900000, 0x000000008c900000| Untracked 
| 202|0x000000008ca00000, 0x000000008ca00000, 0x000000008cb00000|  0%| F|  |TAMS 0x000000008ca00000, 0x000000008ca00000| Untracked 
| 203|0x000000008cb00000, 0x000000008cb00000, 0x000000008cc00000|  0%| F|  |TAMS 0x000000008cb00000, 0x000000008cb00000| Untracked 
| 204|0x000000008cc00000, 0x000000008cc00000, 0x000000008cd00000|  0%| F|  |TAMS 0x000000008cc00000, 0x000000008cc00000| Untracked 
| 205|0x000000008cd00000, 0x000000008cd00000, 0x000000008ce00000|  0%| F|  |TAMS 0x000000008cd00000, 0x000000008cd00000| Untracked 
| 206|0x000000008ce00000, 0x000000008ce00000, 0x000000008cf00000|  0%| F|  |TAMS 0x000000008ce00000, 0x000000008ce00000| Untracked 
| 207|0x000000008cf00000, 0x000000008cf00000, 0x000000008d000000|  0%| F|  |TAMS 0x000000008cf00000, 0x000000008cf00000| Untracked 
| 208|0x000000008d000000, 0x000000008d000000, 0x000000008d100000|  0%| F|  |TAMS 0x000000008d000000, 0x000000008d000000| Untracked 
| 209|0x000000008d100000, 0x000000008d100000, 0x000000008d200000|  0%| F|  |TAMS 0x000000008d100000, 0x000000008d100000| Untracked 
| 210|0x000000008d200000, 0x000000008d200000, 0x000000008d300000|  0%| F|  |TAMS 0x000000008d200000, 0x000000008d200000| Untracked 
| 211|0x000000008d300000, 0x000000008d300000, 0x000000008d400000|  0%| F|  |TAMS 0x000000008d300000, 0x000000008d300000| Untracked 
| 212|0x000000008d400000, 0x000000008d400000, 0x000000008d500000|  0%| F|  |TAMS 0x000000008d400000, 0x000000008d400000| Untracked 
| 213|0x000000008d500000, 0x000000008d500000, 0x000000008d600000|  0%| F|  |TAMS 0x000000008d500000, 0x000000008d500000| Untracked 
| 214|0x000000008d600000, 0x000000008d600000, 0x000000008d700000|  0%| F|  |TAMS 0x000000008d600000, 0x000000008d600000| Untracked 
| 215|0x000000008d700000, 0x000000008d700000, 0x000000008d800000|  0%| F|  |TAMS 0x000000008d700000, 0x000000008d700000| Untracked 
| 216|0x000000008d800000, 0x000000008d800000, 0x000000008d900000|  0%| F|  |TAMS 0x000000008d800000, 0x000000008d800000| Untracked 
| 217|0x000000008d900000, 0x000000008d900000, 0x000000008da00000|  0%| F|  |TAMS 0x000000008d900000, 0x000000008d900000| Untracked 
| 218|0x000000008da00000, 0x000000008da00000, 0x000000008db00000|  0%| F|  |TAMS 0x000000008da00000, 0x000000008da00000| Untracked 
| 219|0x000000008db00000, 0x000000008db00000, 0x000000008dc00000|  0%| F|  |TAMS 0x000000008db00000, 0x000000008db00000| Untracked 
| 220|0x000000008dc00000, 0x000000008dc00000, 0x000000008dd00000|  0%| F|  |TAMS 0x000000008dc00000, 0x000000008dc00000| Untracked 
| 221|0x000000008dd00000, 0x000000008dd00000, 0x000000008de00000|  0%| F|  |TAMS 0x000000008dd00000, 0x000000008dd00000| Untracked 
| 222|0x000000008de00000, 0x000000008de00000, 0x000000008df00000|  0%| F|  |TAMS 0x000000008de00000, 0x000000008de00000| Untracked 
| 223|0x000000008df00000, 0x000000008df00000, 0x000000008e000000|  0%| F|  |TAMS 0x000000008df00000, 0x000000008df00000| Untracked 
| 224|0x000000008e000000, 0x000000008e000000, 0x000000008e100000|  0%| F|  |TAMS 0x000000008e000000, 0x000000008e000000| Untracked 
| 225|0x000000008e100000, 0x000000008e100000, 0x000000008e200000|  0%| F|  |TAMS 0x000000008e100000, 0x000000008e100000| Untracked 
| 226|0x000000008e200000, 0x000000008e200000, 0x000000008e300000|  0%| F|  |TAMS 0x000000008e200000, 0x000000008e200000| Untracked 
| 227|0x000000008e300000, 0x000000008e300000, 0x000000008e400000|  0%| F|  |TAMS 0x000000008e300000, 0x000000008e300000| Untracked 
| 228|0x000000008e400000, 0x000000008e400000, 0x000000008e500000|  0%| F|  |TAMS 0x000000008e400000, 0x000000008e400000| Untracked 
| 229|0x000000008e500000, 0x000000008e500000, 0x000000008e600000|  0%| F|  |TAMS 0x000000008e500000, 0x000000008e500000| Untracked 
| 230|0x000000008e600000, 0x000000008e600000, 0x000000008e700000|  0%| F|  |TAMS 0x000000008e600000, 0x000000008e600000| Untracked 
| 231|0x000000008e700000, 0x000000008e700000, 0x000000008e800000|  0%| F|  |TAMS 0x000000008e700000, 0x000000008e700000| Untracked 
| 232|0x000000008e800000, 0x000000008e800000, 0x000000008e900000|  0%| F|  |TAMS 0x000000008e800000, 0x000000008e800000| Untracked 
| 233|0x000000008e900000, 0x000000008e900000, 0x000000008ea00000|  0%| F|  |TAMS 0x000000008e900000, 0x000000008e900000| Untracked 
| 234|0x000000008ea00000, 0x000000008ea00000, 0x000000008eb00000|  0%| F|  |TAMS 0x000000008ea00000, 0x000000008ea00000| Untracked 
| 235|0x000000008eb00000, 0x000000008eb00000, 0x000000008ec00000|  0%| F|  |TAMS 0x000000008eb00000, 0x000000008eb00000| Untracked 
| 236|0x000000008ec00000, 0x000000008ec00000, 0x000000008ed00000|  0%| F|  |TAMS 0x000000008ec00000, 0x000000008ec00000| Untracked 
| 237|0x000000008ed00000, 0x000000008ed00000, 0x000000008ee00000|  0%| F|  |TAMS 0x000000008ed00000, 0x000000008ed00000| Untracked 
| 238|0x000000008ee00000, 0x000000008ee00000, 0x000000008ef00000|  0%| F|  |TAMS 0x000000008ee00000, 0x000000008ee00000| Untracked 
| 239|0x000000008ef00000, 0x000000008ef00000, 0x000000008f000000|  0%| F|  |TAMS 0x000000008ef00000, 0x000000008ef00000| Untracked 
| 240|0x000000008f000000, 0x000000008f000000, 0x000000008f100000|  0%| F|  |TAMS 0x000000008f000000, 0x000000008f000000| Untracked 
| 241|0x000000008f100000, 0x000000008f100000, 0x000000008f200000|  0%| F|  |TAMS 0x000000008f100000, 0x000000008f100000| Untracked 
| 242|0x000000008f200000, 0x000000008f200000, 0x000000008f300000|  0%| F|  |TAMS 0x000000008f200000, 0x000000008f200000| Untracked 
| 243|0x000000008f300000, 0x000000008f300000, 0x000000008f400000|  0%| F|  |TAMS 0x000000008f300000, 0x000000008f300000| Untracked 
| 244|0x000000008f400000, 0x000000008f400000, 0x000000008f500000|  0%| F|  |TAMS 0x000000008f400000, 0x000000008f400000| Untracked 
| 245|0x000000008f500000, 0x000000008f500000, 0x000000008f600000|  0%| F|  |TAMS 0x000000008f500000, 0x000000008f500000| Untracked 
| 246|0x000000008f600000, 0x000000008f600000, 0x000000008f700000|  0%| F|  |TAMS 0x000000008f600000, 0x000000008f600000| Untracked 
| 247|0x000000008f700000, 0x000000008f700000, 0x000000008f800000|  0%| F|  |TAMS 0x000000008f700000, 0x000000008f700000| Untracked 
| 248|0x000000008f800000, 0x000000008f800000, 0x000000008f900000|  0%| F|  |TAMS 0x000000008f800000, 0x000000008f800000| Untracked 
| 249|0x000000008f900000, 0x000000008f900000, 0x000000008fa00000|  0%| F|  |TAMS 0x000000008f900000, 0x000000008f900000| Untracked 
| 250|0x000000008fa00000, 0x000000008fa00000, 0x000000008fb00000|  0%| F|  |TAMS 0x000000008fa00000, 0x000000008fa00000| Untracked 
| 251|0x000000008fb00000, 0x000000008fc00000, 0x000000008fc00000|100%| S|CS|TAMS 0x000000008fb00000, 0x000000008fb00000| Complete 
| 252|0x000000008fc00000, 0x000000008fd00000, 0x000000008fd00000|100%| S|CS|TAMS 0x000000008fc00000, 0x000000008fc00000| Complete 
| 253|0x000000008fd00000, 0x000000008fe00000, 0x000000008fe00000|100%| S|CS|TAMS 0x000000008fd00000, 0x000000008fd00000| Complete 
| 254|0x000000008fe00000, 0x000000008ff00000, 0x000000008ff00000|100%| S|CS|TAMS 0x000000008fe00000, 0x000000008fe00000| Complete 
| 255|0x000000008ff00000, 0x0000000090000000, 0x0000000090000000|100%| S|CS|TAMS 0x000000008ff00000, 0x000000008ff00000| Complete 
| 256|0x0000000090000000, 0x0000000090100000, 0x0000000090100000|100%| S|CS|TAMS 0x0000000090000000, 0x0000000090000000| Complete 
| 257|0x0000000090100000, 0x0000000090200000, 0x0000000090200000|100%| S|CS|TAMS 0x0000000090100000, 0x0000000090100000| Complete 
| 258|0x0000000090200000, 0x0000000090300000, 0x0000000090300000|100%| S|CS|TAMS 0x0000000090200000, 0x0000000090200000| Complete 
| 259|0x0000000090300000, 0x0000000090400000, 0x0000000090400000|100%| S|CS|TAMS 0x0000000090300000, 0x0000000090300000| Complete 
| 260|0x0000000090400000, 0x0000000090500000, 0x0000000090500000|100%| S|CS|TAMS 0x0000000090400000, 0x0000000090400000| Complete 
| 261|0x0000000090500000, 0x0000000090600000, 0x0000000090600000|100%| S|CS|TAMS 0x0000000090500000, 0x0000000090500000| Complete 
| 262|0x0000000090600000, 0x0000000090700000, 0x0000000090700000|100%| S|CS|TAMS 0x0000000090600000, 0x0000000090600000| Complete 
| 263|0x0000000090700000, 0x0000000090800000, 0x0000000090800000|100%| S|CS|TAMS 0x0000000090700000, 0x0000000090700000| Complete 
| 264|0x0000000090800000, 0x0000000090800000, 0x0000000090900000|  0%| F|  |TAMS 0x0000000090800000, 0x0000000090800000| Untracked 
| 265|0x0000000090900000, 0x0000000090900000, 0x0000000090a00000|  0%| F|  |TAMS 0x0000000090900000, 0x0000000090900000| Untracked 
| 266|0x0000000090a00000, 0x0000000090a00000, 0x0000000090b00000|  0%| F|  |TAMS 0x0000000090a00000, 0x0000000090a00000| Untracked 
| 267|0x0000000090b00000, 0x0000000090b00000, 0x0000000090c00000|  0%| F|  |TAMS 0x0000000090b00000, 0x0000000090b00000| Untracked 
| 268|0x0000000090c00000, 0x0000000090c00000, 0x0000000090d00000|  0%| F|  |TAMS 0x0000000090c00000, 0x0000000090c00000| Untracked 
| 269|0x0000000090d00000, 0x0000000090d00000, 0x0000000090e00000|  0%| F|  |TAMS 0x0000000090d00000, 0x0000000090d00000| Untracked 
| 270|0x0000000090e00000, 0x0000000090e00000, 0x0000000090f00000|  0%| F|  |TAMS 0x0000000090e00000, 0x0000000090e00000| Untracked 
| 271|0x0000000090f00000, 0x0000000090f00000, 0x0000000091000000|  0%| F|  |TAMS 0x0000000090f00000, 0x0000000090f00000| Untracked 
| 272|0x0000000091000000, 0x0000000091000000, 0x0000000091100000|  0%| F|  |TAMS 0x0000000091000000, 0x0000000091000000| Untracked 
| 273|0x0000000091100000, 0x0000000091100000, 0x0000000091200000|  0%| F|  |TAMS 0x0000000091100000, 0x0000000091100000| Untracked 
| 274|0x0000000091200000, 0x0000000091200000, 0x0000000091300000|  0%| F|  |TAMS 0x0000000091200000, 0x0000000091200000| Untracked 
| 275|0x0000000091300000, 0x0000000091300000, 0x0000000091400000|  0%| F|  |TAMS 0x0000000091300000, 0x0000000091300000| Untracked 
| 276|0x0000000091400000, 0x0000000091400000, 0x0000000091500000|  0%| F|  |TAMS 0x0000000091400000, 0x0000000091400000| Untracked 
| 277|0x0000000091500000, 0x0000000091500000, 0x0000000091600000|  0%| F|  |TAMS 0x0000000091500000, 0x0000000091500000| Untracked 
| 278|0x0000000091600000, 0x0000000091600000, 0x0000000091700000|  0%| F|  |TAMS 0x0000000091600000, 0x0000000091600000| Untracked 
| 279|0x0000000091700000, 0x0000000091700000, 0x0000000091800000|  0%| F|  |TAMS 0x0000000091700000, 0x0000000091700000| Untracked 
| 280|0x0000000091800000, 0x0000000091800000, 0x0000000091900000|  0%| F|  |TAMS 0x0000000091800000, 0x0000000091800000| Untracked 
| 281|0x0000000091900000, 0x0000000091900000, 0x0000000091a00000|  0%| F|  |TAMS 0x0000000091900000, 0x0000000091900000| Untracked 
| 282|0x0000000091a00000, 0x0000000091a00000, 0x0000000091b00000|  0%| F|  |TAMS 0x0000000091a00000, 0x0000000091a00000| Untracked 
| 283|0x0000000091b00000, 0x0000000091b00000, 0x0000000091c00000|  0%| F|  |TAMS 0x0000000091b00000, 0x0000000091b00000| Untracked 
| 284|0x0000000091c00000, 0x0000000091c00000, 0x0000000091d00000|  0%| F|  |TAMS 0x0000000091c00000, 0x0000000091c00000| Untracked 
| 285|0x0000000091d00000, 0x0000000091d00000, 0x0000000091e00000|  0%| F|  |TAMS 0x0000000091d00000, 0x0000000091d00000| Untracked 
| 286|0x0000000091e00000, 0x0000000091e00000, 0x0000000091f00000|  0%| F|  |TAMS 0x0000000091e00000, 0x0000000091e00000| Untracked 
| 287|0x0000000091f00000, 0x0000000091f00000, 0x0000000092000000|  0%| F|  |TAMS 0x0000000091f00000, 0x0000000091f00000| Untracked 
| 288|0x0000000092000000, 0x0000000092000000, 0x0000000092100000|  0%| F|  |TAMS 0x0000000092000000, 0x0000000092000000| Untracked 
| 289|0x0000000092100000, 0x0000000092100000, 0x0000000092200000|  0%| F|  |TAMS 0x0000000092100000, 0x0000000092100000| Untracked 
| 290|0x0000000092200000, 0x0000000092200000, 0x0000000092300000|  0%| F|  |TAMS 0x0000000092200000, 0x0000000092200000| Untracked 
| 291|0x0000000092300000, 0x0000000092300000, 0x0000000092400000|  0%| F|  |TAMS 0x0000000092300000, 0x0000000092300000| Untracked 
| 292|0x0000000092400000, 0x0000000092400000, 0x0000000092500000|  0%| F|  |TAMS 0x0000000092400000, 0x0000000092400000| Untracked 
| 293|0x0000000092500000, 0x0000000092500000, 0x0000000092600000|  0%| F|  |TAMS 0x0000000092500000, 0x0000000092500000| Untracked 
| 294|0x0000000092600000, 0x0000000092600000, 0x0000000092700000|  0%| F|  |TAMS 0x0000000092600000, 0x0000000092600000| Untracked 
| 295|0x0000000092700000, 0x0000000092700000, 0x0000000092800000|  0%| F|  |TAMS 0x0000000092700000, 0x0000000092700000| Untracked 
| 296|0x0000000092800000, 0x0000000092800000, 0x0000000092900000|  0%| F|  |TAMS 0x0000000092800000, 0x0000000092800000| Untracked 
| 297|0x0000000092900000, 0x0000000092900000, 0x0000000092a00000|  0%| F|  |TAMS 0x0000000092900000, 0x0000000092900000| Untracked 
| 298|0x0000000092a00000, 0x0000000092a00000, 0x0000000092b00000|  0%| F|  |TAMS 0x0000000092a00000, 0x0000000092a00000| Untracked 
| 299|0x0000000092b00000, 0x0000000092b00000, 0x0000000092c00000|  0%| F|  |TAMS 0x0000000092b00000, 0x0000000092b00000| Untracked 
| 300|0x0000000092c00000, 0x0000000092c00000, 0x0000000092d00000|  0%| F|  |TAMS 0x0000000092c00000, 0x0000000092c00000| Untracked 
| 301|0x0000000092d00000, 0x0000000092d00000, 0x0000000092e00000|  0%| F|  |TAMS 0x0000000092d00000, 0x0000000092d00000| Untracked 
| 302|0x0000000092e00000, 0x0000000092e00000, 0x0000000092f00000|  0%| F|  |TAMS 0x0000000092e00000, 0x0000000092e00000| Untracked 
| 303|0x0000000092f00000, 0x0000000092f00000, 0x0000000093000000|  0%| F|  |TAMS 0x0000000092f00000, 0x0000000092f00000| Untracked 
| 304|0x0000000093000000, 0x0000000093000000, 0x0000000093100000|  0%| F|  |TAMS 0x0000000093000000, 0x0000000093000000| Untracked 
| 305|0x0000000093100000, 0x0000000093100000, 0x0000000093200000|  0%| F|  |TAMS 0x0000000093100000, 0x0000000093100000| Untracked 
| 306|0x0000000093200000, 0x0000000093200000, 0x0000000093300000|  0%| F|  |TAMS 0x0000000093200000, 0x0000000093200000| Untracked 
| 307|0x0000000093300000, 0x0000000093300000, 0x0000000093400000|  0%| F|  |TAMS 0x0000000093300000, 0x0000000093300000| Untracked 
| 308|0x0000000093400000, 0x0000000093400000, 0x0000000093500000|  0%| F|  |TAMS 0x0000000093400000, 0x0000000093400000| Untracked 
| 309|0x0000000093500000, 0x0000000093500000, 0x0000000093600000|  0%| F|  |TAMS 0x0000000093500000, 0x0000000093500000| Untracked 
| 310|0x0000000093600000, 0x0000000093600000, 0x0000000093700000|  0%| F|  |TAMS 0x0000000093600000, 0x0000000093600000| Untracked 
| 311|0x0000000093700000, 0x0000000093700000, 0x0000000093800000|  0%| F|  |TAMS 0x0000000093700000, 0x0000000093700000| Untracked 
| 312|0x0000000093800000, 0x0000000093800000, 0x0000000093900000|  0%| F|  |TAMS 0x0000000093800000, 0x0000000093800000| Untracked 
| 313|0x0000000093900000, 0x0000000093900000, 0x0000000093a00000|  0%| F|  |TAMS 0x0000000093900000, 0x0000000093900000| Untracked 
| 314|0x0000000093a00000, 0x0000000093a00000, 0x0000000093b00000|  0%| F|  |TAMS 0x0000000093a00000, 0x0000000093a00000| Untracked 
| 315|0x0000000093b00000, 0x0000000093b00000, 0x0000000093c00000|  0%| F|  |TAMS 0x0000000093b00000, 0x0000000093b00000| Untracked 
| 316|0x0000000093c00000, 0x0000000093c00000, 0x0000000093d00000|  0%| F|  |TAMS 0x0000000093c00000, 0x0000000093c00000| Untracked 
| 317|0x0000000093d00000, 0x0000000093d00000, 0x0000000093e00000|  0%| F|  |TAMS 0x0000000093d00000, 0x0000000093d00000| Untracked 
| 318|0x0000000093e00000, 0x0000000093e00000, 0x0000000093f00000|  0%| F|  |TAMS 0x0000000093e00000, 0x0000000093e00000| Untracked 
| 319|0x0000000093f00000, 0x0000000093f00000, 0x0000000094000000|  0%| F|  |TAMS 0x0000000093f00000, 0x0000000093f00000| Untracked 
| 320|0x0000000094000000, 0x0000000094000000, 0x0000000094100000|  0%| F|  |TAMS 0x0000000094000000, 0x0000000094000000| Untracked 
| 321|0x0000000094100000, 0x0000000094100000, 0x0000000094200000|  0%| F|  |TAMS 0x0000000094100000, 0x0000000094100000| Untracked 
| 322|0x0000000094200000, 0x0000000094200000, 0x0000000094300000|  0%| F|  |TAMS 0x0000000094200000, 0x0000000094200000| Untracked 
| 323|0x0000000094300000, 0x0000000094300000, 0x0000000094400000|  0%| F|  |TAMS 0x0000000094300000, 0x0000000094300000| Untracked 
| 324|0x0000000094400000, 0x0000000094400000, 0x0000000094500000|  0%| F|  |TAMS 0x0000000094400000, 0x0000000094400000| Untracked 
| 325|0x0000000094500000, 0x0000000094500000, 0x0000000094600000|  0%| F|  |TAMS 0x0000000094500000, 0x0000000094500000| Untracked 
| 326|0x0000000094600000, 0x0000000094600000, 0x0000000094700000|  0%| F|  |TAMS 0x0000000094600000, 0x0000000094600000| Untracked 
| 327|0x0000000094700000, 0x0000000094700000, 0x0000000094800000|  0%| F|  |TAMS 0x0000000094700000, 0x0000000094700000| Untracked 
| 328|0x0000000094800000, 0x0000000094800000, 0x0000000094900000|  0%| F|  |TAMS 0x0000000094800000, 0x0000000094800000| Untracked 
| 329|0x0000000094900000, 0x0000000094900000, 0x0000000094a00000|  0%| F|  |TAMS 0x0000000094900000, 0x0000000094900000| Untracked 
| 330|0x0000000094a00000, 0x0000000094a00000, 0x0000000094b00000|  0%| F|  |TAMS 0x0000000094a00000, 0x0000000094a00000| Untracked 
| 331|0x0000000094b00000, 0x0000000094b00000, 0x0000000094c00000|  0%| F|  |TAMS 0x0000000094b00000, 0x0000000094b00000| Untracked 
| 332|0x0000000094c00000, 0x0000000094c00000, 0x0000000094d00000|  0%| F|  |TAMS 0x0000000094c00000, 0x0000000094c00000| Untracked 
| 333|0x0000000094d00000, 0x0000000094d00000, 0x0000000094e00000|  0%| F|  |TAMS 0x0000000094d00000, 0x0000000094d00000| Untracked 
| 334|0x0000000094e00000, 0x0000000094e00000, 0x0000000094f00000|  0%| F|  |TAMS 0x0000000094e00000, 0x0000000094e00000| Untracked 
| 335|0x0000000094f00000, 0x0000000094f00000, 0x0000000095000000|  0%| F|  |TAMS 0x0000000094f00000, 0x0000000094f00000| Untracked 
| 336|0x0000000095000000, 0x0000000095000000, 0x0000000095100000|  0%| F|  |TAMS 0x0000000095000000, 0x0000000095000000| Untracked 
| 337|0x0000000095100000, 0x0000000095100000, 0x0000000095200000|  0%| F|  |TAMS 0x0000000095100000, 0x0000000095100000| Untracked 
| 338|0x0000000095200000, 0x0000000095200000, 0x0000000095300000|  0%| F|  |TAMS 0x0000000095200000, 0x0000000095200000| Untracked 
| 339|0x0000000095300000, 0x0000000095300000, 0x0000000095400000|  0%| F|  |TAMS 0x0000000095300000, 0x0000000095300000| Untracked 
| 340|0x0000000095400000, 0x0000000095400000, 0x0000000095500000|  0%| F|  |TAMS 0x0000000095400000, 0x0000000095400000| Untracked 
| 341|0x0000000095500000, 0x0000000095500000, 0x0000000095600000|  0%| F|  |TAMS 0x0000000095500000, 0x0000000095500000| Untracked 
| 342|0x0000000095600000, 0x0000000095600000, 0x0000000095700000|  0%| F|  |TAMS 0x0000000095600000, 0x0000000095600000| Untracked 
| 343|0x0000000095700000, 0x0000000095700000, 0x0000000095800000|  0%| F|  |TAMS 0x0000000095700000, 0x0000000095700000| Untracked 
| 344|0x0000000095800000, 0x0000000095800000, 0x0000000095900000|  0%| F|  |TAMS 0x0000000095800000, 0x0000000095800000| Untracked 
| 345|0x0000000095900000, 0x0000000095900000, 0x0000000095a00000|  0%| F|  |TAMS 0x0000000095900000, 0x0000000095900000| Untracked 
| 346|0x0000000095a00000, 0x0000000095a00000, 0x0000000095b00000|  0%| F|  |TAMS 0x0000000095a00000, 0x0000000095a00000| Untracked 
| 347|0x0000000095b00000, 0x0000000095b00000, 0x0000000095c00000|  0%| F|  |TAMS 0x0000000095b00000, 0x0000000095b00000| Untracked 
| 348|0x0000000095c00000, 0x0000000095c00000, 0x0000000095d00000|  0%| F|  |TAMS 0x0000000095c00000, 0x0000000095c00000| Untracked 
| 349|0x0000000095d00000, 0x0000000095d00000, 0x0000000095e00000|  0%| F|  |TAMS 0x0000000095d00000, 0x0000000095d00000| Untracked 
| 350|0x0000000095e00000, 0x0000000095e00000, 0x0000000095f00000|  0%| F|  |TAMS 0x0000000095e00000, 0x0000000095e00000| Untracked 
| 351|0x0000000095f00000, 0x0000000095f00000, 0x0000000096000000|  0%| F|  |TAMS 0x0000000095f00000, 0x0000000095f00000| Untracked 

Card table byte_map: [0x0000015b6e920000,0x0000015b6ed20000] _byte_map_base: 0x0000015b6e520000

Marking Bits (Prev, Next): (CMBitMap*) 0x0000015b5b74c580, (CMBitMap*) 0x0000015b5b74c548
 Prev Bits: [0x0000015b71120000, 0x0000015b73120000)
 Next Bits: [0x0000015b6f120000, 0x0000015b71120000)

Polling page: 0x0000015b5aee0000

Metaspace:

Usage:
  Non-class:    120.47 MB capacity,   118.25 MB ( 98%) used,     1.83 MB (  2%) free+waste,   403.81 KB ( <1%) overhead. 
      Class:     17.96 MB capacity,    16.61 MB ( 93%) used,     1.17 MB (  6%) free+waste,   181.94 KB ( <1%) overhead. 
       Both:    138.43 MB capacity,   134.86 MB ( 97%) used,     2.99 MB (  2%) free+waste,   585.75 KB ( <1%) overhead. 

Virtual space:
  Non-class space:      122.00 MB reserved,     120.50 MB ( 99%) committed 
      Class space:        1.00 GB reserved,      18.00 MB (  2%) committed 
             Both:        1.12 GB reserved,     138.50 MB ( 12%) committed 

Chunk freelists:
   Non-Class:  0 bytes
       Class:  11.00 KB
        Both:  11.00 KB

MaxMetaspaceSize: 17179869184.00 GB
CompressedClassSpaceSize: 1.00 GB

CodeHeap 'non-profiled nmethods': size=120000Kb used=10448Kb max_used=11062Kb free=109551Kb
 bounds [0x0000015b66cc0000, 0x0000015b677b0000, 0x0000015b6e1f0000]
CodeHeap 'profiled nmethods': size=120000Kb used=41091Kb max_used=41691Kb free=78908Kb
 bounds [0x0000015b5f790000, 0x0000015b62110000, 0x0000015b66cc0000]
CodeHeap 'non-nmethods': size=5760Kb used=2447Kb max_used=2513Kb free=3312Kb
 bounds [0x0000015b5f1f0000, 0x0000015b5f470000, 0x0000015b5f790000]
 total_blobs=19059 nmethods=17944 adapters=1025
 compilation: enabled
              stopped_count=0, restarted_count=0
 full_count=0

Compilation events (20 events):
Event: 72.242 Thread 0x0000015b7cb86800 nmethod 18929 0x0000015b66d16290 code [0x0000015b66d16420, 0x0000015b66d164b8]
Event: 72.242 Thread 0x0000015b763fe000 nmethod 19348% 0x0000015b5f891e10 code [0x0000015b5f892060, 0x0000015b5f892a78]
Event: 72.242 Thread 0x0000015b7cb86800 19034       4       com.android.tools.r8.graph.c0::a (23 bytes)
Event: 72.242 Thread 0x0000015b763fe000 19251       2       com.android.tools.r8.internal.Xv::<init> (53 bytes)
Event: 72.243 Thread 0x0000015b763fe000 nmethod 19251 0x0000015b5f88af90 code [0x0000015b5f88b140, 0x0000015b5f88b268]
Event: 72.243 Thread 0x0000015b763fe000 19161       2       com.android.tools.r8.internal.aw::test (8 bytes)
Event: 72.243 Thread 0x0000015b763fe000 nmethod 19161 0x0000015b5f88ac10 code [0x0000015b5f88adc0, 0x0000015b5f88aee8]
Event: 72.243 Thread 0x0000015b763fe000 19216       1       com.android.tools.r8.internal.t4::t (2 bytes)
Event: 72.243 Thread 0x0000015b7cb86800 nmethod 19034 0x0000015b66d15f10 code [0x0000015b66d160a0, 0x0000015b66d160f8]
Event: 72.243 Thread 0x0000015b7cb86800 18993       4       com.android.tools.r8.graph.T::a (54 bytes)
Event: 72.243 Thread 0x0000015b763fe000 nmethod 19216 0x0000015b66d20f10 code [0x0000015b66d210c0, 0x0000015b66d21178]
Event: 72.243 Thread 0x0000015b763fe000 19168       2       com.android.tools.r8.internal.ir$$Lambda$1725/0x000000010118d840::apply (16 bytes)
Event: 72.243 Thread 0x0000015b763fe000 nmethod 19168 0x0000015b5f88e510 code [0x0000015b5f88e6e0, 0x0000015b5f88e898]
Event: 72.243 Thread 0x0000015b763fe000 19346       2       com.android.tools.r8.graph.Q::a (28 bytes)
Event: 72.244 Thread 0x0000015b763fe000 nmethod 19346 0x0000015b5f88e190 code [0x0000015b5f88e340, 0x0000015b5f88e478]
Event: 72.244 Thread 0x0000015b763fe000 19160       2       com.android.tools.r8.internal.GF::a (13 bytes)
Event: 72.244 Thread 0x0000015b763fe000 nmethod 19160 0x0000015b5f88de10 code [0x0000015b5f88dfc0, 0x0000015b5f88e0d8]
Event: 72.244 Thread 0x0000015b763fe000 18967       2       com.android.tools.r8.graph.A0::b (25 bytes)
Event: 72.245 Thread 0x0000015b763fe000 nmethod 18967 0x0000015b5f891490 code [0x0000015b5f8916a0, 0x0000015b5f891ae8]
Event: 72.245 Thread 0x0000015b763fe000 19345       2       com.android.tools.r8.graph.Q::a (15 bytes)

GC Heap History (20 events):
Event: 68.677 GC heap after
{Heap after GC invocations=69 (full 0):
 garbage-first heap   total 206848K, used 164710K [0x0000000080000000, 0x0000000100000000)
  region size 1024K, 2 young (2048K), 2 survivors (2048K)
 Metaspace       used 128976K, capacity 132305K, committed 132480K, reserved 1165312K
  class space    used 16025K, capacity 17274K, committed 17280K, reserved 1048576K
}
Event: 68.883 GC heap before
{Heap before GC invocations=69 (full 0):
 garbage-first heap   total 206848K, used 178022K [0x0000000080000000, 0x0000000100000000)
  region size 1024K, 16 young (16384K), 2 survivors (2048K)
 Metaspace       used 131052K, capacity 134350K, committed 134528K, reserved 1167360K
  class space    used 16200K, capacity 17435K, committed 17536K, reserved 1048576K
}
Event: 68.888 GC heap after
{Heap after GC invocations=70 (full 0):
 garbage-first heap   total 206848K, used 166427K [0x0000000080000000, 0x0000000100000000)
  region size 1024K, 2 young (2048K), 2 survivors (2048K)
 Metaspace       used 131052K, capacity 134350K, committed 134528K, reserved 1167360K
  class space    used 16200K, capacity 17435K, committed 17536K, reserved 1048576K
}
Event: 69.022 GC heap before
{Heap before GC invocations=71 (full 0):
 garbage-first heap   total 206848K, used 178715K [0x0000000080000000, 0x0000000100000000)
  region size 1024K, 15 young (15360K), 2 survivors (2048K)
 Metaspace       used 131718K, capacity 135022K, committed 135296K, reserved 1167360K
  class space    used 16252K, capacity 17467K, committed 17536K, reserved 1048576K
}
Event: 69.028 GC heap after
{Heap after GC invocations=72 (full 0):
 garbage-first heap   total 248832K, used 167368K [0x0000000080000000, 0x0000000100000000)
  region size 1024K, 2 young (2048K), 2 survivors (2048K)
 Metaspace       used 131718K, capacity 135022K, committed 135296K, reserved 1167360K
  class space    used 16252K, capacity 17467K, committed 17536K, reserved 1048576K
}
Event: 69.186 GC heap before
{Heap before GC invocations=72 (full 0):
 garbage-first heap   total 248832K, used 198088K [0x0000000080000000, 0x0000000100000000)
  region size 1024K, 32 young (32768K), 2 survivors (2048K)
 Metaspace       used 132157K, capacity 135438K, committed 135552K, reserved 1167360K
  class space    used 16274K, capacity 17499K, committed 17536K, reserved 1048576K
}
Event: 69.188 GC heap after
{Heap after GC invocations=73 (full 0):
 garbage-first heap   total 248832K, used 167655K [0x0000000080000000, 0x0000000100000000)
  region size 1024K, 2 young (2048K), 2 survivors (2048K)
 Metaspace       used 132157K, capacity 135438K, committed 135552K, reserved 1167360K
  class space    used 16274K, capacity 17499K, committed 17536K, reserved 1048576K
}
Event: 69.416 GC heap before
{Heap before GC invocations=73 (full 0):
 garbage-first heap   total 248832K, used 200423K [0x0000000080000000, 0x0000000100000000)
  region size 1024K, 35 young (35840K), 2 survivors (2048K)
 Metaspace       used 133173K, capacity 136510K, committed 136704K, reserved 1169408K
  class space    used 16374K, capacity 17600K, committed 17664K, reserved 1048576K
}
Event: 69.429 GC heap after
{Heap after GC invocations=74 (full 0):
 garbage-first heap   total 248832K, used 172209K [0x0000000080000000, 0x0000000100000000)
  region size 1024K, 5 young (5120K), 5 survivors (5120K)
 Metaspace       used 133173K, capacity 136510K, committed 136704K, reserved 1169408K
  class space    used 16374K, capacity 17600K, committed 17664K, reserved 1048576K
}
Event: 69.977 GC heap before
{Heap before GC invocations=75 (full 0):
 garbage-first heap   total 248832K, used 186545K [0x0000000080000000, 0x0000000100000000)
  region size 1024K, 36 young (36864K), 5 survivors (5120K)
 Metaspace       used 133837K, capacity 137181K, committed 137344K, reserved 1169408K
  class space    used 16427K, capacity 17674K, committed 17792K, reserved 1048576K
}
Event: 69.984 GC heap after
{Heap after GC invocations=76 (full 0):
 garbage-first heap   total 248832K, used 155422K [0x0000000080000000, 0x0000000100000000)
  region size 1024K, 3 young (3072K), 3 survivors (3072K)
 Metaspace       used 133837K, capacity 137181K, committed 137344K, reserved 1169408K
  class space    used 16427K, capacity 17674K, committed 17792K, reserved 1048576K
}
Event: 70.073 GC heap before
{Heap before GC invocations=76 (full 0):
 garbage-first heap   total 248832K, used 163614K [0x0000000080000000, 0x0000000100000000)
  region size 1024K, 12 young (12288K), 3 survivors (3072K)
 Metaspace       used 133934K, capacity 137272K, committed 137600K, reserved 1169408K
  class space    used 16437K, capacity 17678K, committed 17792K, reserved 1048576K
}
Event: 70.084 GC heap after
{Heap after GC invocations=77 (full 0):
 garbage-first heap   total 360448K, used 138981K [0x0000000080000000, 0x0000000100000000)
  region size 1024K, 1 young (1024K), 1 survivors (1024K)
 Metaspace       used 133934K, capacity 137272K, committed 137600K, reserved 1169408K
  class space    used 16437K, capacity 17678K, committed 17792K, reserved 1048576K
}
Event: 71.274 GC heap before
{Heap before GC invocations=77 (full 0):
 garbage-first heap   total 360448K, used 250597K [0x0000000080000000, 0x0000000100000000)
  region size 1024K, 109 young (111616K), 1 survivors (1024K)
 Metaspace       used 134552K, capacity 137972K, committed 138112K, reserved 1169408K
  class space    used 16492K, capacity 17754K, committed 17792K, reserved 1048576K
}
Event: 71.283 GC heap after
{Heap after GC invocations=78 (full 0):
 garbage-first heap   total 360448K, used 143295K [0x0000000080000000, 0x0000000100000000)
  region size 1024K, 3 young (3072K), 3 survivors (3072K)
 Metaspace       used 134552K, capacity 137972K, committed 138112K, reserved 1169408K
  class space    used 16492K, capacity 17754K, committed 17792K, reserved 1048576K
}
Event: 71.565 GC heap before
{Heap before GC invocations=78 (full 0):
 garbage-first heap   total 360448K, used 269247K [0x0000000080000000, 0x0000000100000000)
  region size 1024K, 126 young (129024K), 3 survivors (3072K)
 Metaspace       used 135504K, capacity 139022K, committed 139136K, reserved 1171456K
  class space    used 16639K, capacity 17938K, committed 18048K, reserved 1048576K
}
Event: 71.604 GC heap after
{Heap after GC invocations=79 (full 0):
 garbage-first heap   total 360448K, used 169068K [0x0000000080000000, 0x0000000100000000)
  region size 1024K, 16 young (16384K), 16 survivors (16384K)
 Metaspace       used 135504K, capacity 139022K, committed 139136K, reserved 1171456K
  class space    used 16639K, capacity 17938K, committed 18048K, reserved 1048576K
}
Event: 71.959 GC heap before
{Heap before GC invocations=79 (full 0):
 garbage-first heap   total 360448K, used 277612K [0x0000000080000000, 0x0000000100000000)
  region size 1024K, 123 young (125952K), 16 survivors (16384K)
 Metaspace       used 136972K, capacity 140567K, committed 140672K, reserved 1171456K
  class space    used 16862K, capacity 18203K, committed 18304K, reserved 1048576K
}
Event: 72.006 GC heap after
{Heap after GC invocations=80 (full 0):
 garbage-first heap   total 360448K, used 188676K [0x0000000080000000, 0x0000000100000000)
  region size 1024K, 16 young (16384K), 16 survivors (16384K)
 Metaspace       used 136972K, capacity 140567K, committed 140672K, reserved 1171456K
  class space    used 16862K, capacity 18203K, committed 18304K, reserved 1048576K
}
Event: 72.245 GC heap before
{Heap before GC invocations=80 (full 0):
 garbage-first heap   total 360448K, used 277764K [0x0000000080000000, 0x0000000100000000)
  region size 1024K, 104 young (106496K), 16 survivors (16384K)
 Metaspace       used 138101K, capacity 141753K, committed 141824K, reserved 1173504K
  class space    used 17012K, capacity 18389K, committed 18432K, reserved 1048576K
}

Deoptimization events (20 events):
Event: 72.233 Thread 0x0000015b006d8800 Uncommon trap: trap_request=0xffffffde fr.pc=0x0000015b6738730c relative=0x000000000000024c
Event: 72.233 Thread 0x0000015b006d8800 Uncommon trap: reason=class_check action=maybe_recompile pc=0x0000015b6738730c method=java.util.concurrent.ConcurrentHashMap.get(Ljava/lang/Object;)Ljava/lang/Object; @ 93 c2
Event: 72.233 Thread 0x0000015b006d8800 DEOPT PACKING pc=0x0000015b6738730c sp=0x0000002f8e4f8bd0
Event: 72.233 Thread 0x0000015b006d8800 DEOPT UNPACKING pc=0x0000015b5f2178af sp=0x0000002f8e4f8b28 mode 2
Event: 72.233 Thread 0x0000015b006d8800 Uncommon trap: trap_request=0xffffff4d fr.pc=0x0000015b674754bc relative=0x00000000000013fc
Event: 72.233 Thread 0x0000015b006d8800 Uncommon trap: reason=unstable_if action=reinterpret pc=0x0000015b674754bc method=java.util.concurrent.ConcurrentHashMap.putVal(Ljava/lang/Object;Ljava/lang/Object;Z)Ljava/lang/Object; @ 112 c2
Event: 72.233 Thread 0x0000015b006d8800 DEOPT PACKING pc=0x0000015b674754bc sp=0x0000002f8e4f8c80
Event: 72.233 Thread 0x0000015b006d8800 DEOPT UNPACKING pc=0x0000015b5f2178af sp=0x0000002f8e4f8c20 mode 2
Event: 72.235 Thread 0x0000015b006d7000 Uncommon trap: trap_request=0xffffffde fr.pc=0x0000015b6738730c relative=0x000000000000024c
Event: 72.235 Thread 0x0000015b006d7000 Uncommon trap: reason=class_check action=maybe_recompile pc=0x0000015b6738730c method=java.util.concurrent.ConcurrentHashMap.get(Ljava/lang/Object;)Ljava/lang/Object; @ 93 c2
Event: 72.235 Thread 0x0000015b006d7000 DEOPT PACKING pc=0x0000015b6738730c sp=0x0000002f8e5f8720
Event: 72.235 Thread 0x0000015b006d7000 DEOPT UNPACKING pc=0x0000015b5f2178af sp=0x0000002f8e5f8678 mode 2
Event: 72.235 Thread 0x0000015b006d7000 Uncommon trap: trap_request=0xffffffde fr.pc=0x0000015b6738730c relative=0x000000000000024c
Event: 72.235 Thread 0x0000015b006d7000 Uncommon trap: reason=class_check action=maybe_recompile pc=0x0000015b6738730c method=java.util.concurrent.ConcurrentHashMap.get(Ljava/lang/Object;)Ljava/lang/Object; @ 93 c2
Event: 72.235 Thread 0x0000015b006d7000 DEOPT PACKING pc=0x0000015b6738730c sp=0x0000002f8e5f85b0
Event: 72.235 Thread 0x0000015b006d7000 DEOPT UNPACKING pc=0x0000015b5f2178af sp=0x0000002f8e5f8508 mode 2
Event: 72.235 Thread 0x0000015b006d7000 Uncommon trap: trap_request=0xffffffde fr.pc=0x0000015b6738730c relative=0x000000000000024c
Event: 72.235 Thread 0x0000015b006d7000 Uncommon trap: reason=class_check action=maybe_recompile pc=0x0000015b6738730c method=java.util.concurrent.ConcurrentHashMap.get(Ljava/lang/Object;)Ljava/lang/Object; @ 93 c2
Event: 72.235 Thread 0x0000015b006d7000 DEOPT PACKING pc=0x0000015b6738730c sp=0x0000002f8e5f85c0
Event: 72.235 Thread 0x0000015b006d7000 DEOPT UNPACKING pc=0x0000015b5f2178af sp=0x0000002f8e5f8518 mode 2

Classes redefined (0 events):
No events

Internal exceptions (20 events):
Event: 71.818 Thread 0x0000015b006d8800 Exception <a 'java/lang/NoSuchMethodError'{0x0000000092817958}: 'java.lang.Object java.lang.invoke.DirectMethodHandle$Holder.newInvokeSpecial(java.lang.Object, int)'> (0x0000000092817958) thrown at [./src/hotspot/share/interpreter/linkResolver.cpp, line 773]
Event: 71.823 Thread 0x0000015b79c44800 Exception <a 'java/lang/IncompatibleClassChangeError'{0x0000000092c12f78}: Found class java.lang.Object, but interface was expected> (0x0000000092c12f78) thrown at [./src/hotspot/share/interpreter/linkResolver.cpp, line 839]
Event: 71.825 Thread 0x0000015b006d8800 Exception <a 'java/lang/IncompatibleClassChangeError'{0x000000009279caf8}: Found class java.lang.Object, but interface was expected> (0x000000009279caf8) thrown at [./src/hotspot/share/interpreter/linkResolver.cpp, line 839]
Event: 71.826 Thread 0x0000015b79c44800 Exception <a 'java/lang/IncompatibleClassChangeError'{0x00000000925831f0}: Found class java.lang.Object, but interface was expected> (0x00000000925831f0) thrown at [./src/hotspot/share/interpreter/linkResolver.cpp, line 839]
Event: 71.874 Thread 0x0000015b79c44800 Exception <a 'java/lang/NoSuchMethodError'{0x0000000091183ef0}: 'void java.lang.invoke.DirectMethodHandle$Holder.invokeStatic(java.lang.Object, java.lang.Object, java.lang.Object, int)'> (0x0000000091183ef0) thrown at [./src/hotspot/share/interpreter/linkResolver.cpp, line 773]
Event: 71.874 Thread 0x0000015b006d8800 Exception <a 'java/lang/NoSuchMethodError'{0x000000009108d8d0}: 'void java.lang.invoke.DirectMethodHandle$Holder.invokeStatic(java.lang.Object, java.lang.Object, java.lang.Object, int)'> (0x000000009108d8d0) thrown at [./src/hotspot/share/interpreter/linkResolver.cpp, line 773]
Event: 71.877 Thread 0x0000015b006d7000 Exception <a 'java/lang/NoSuchMethodError'{0x0000000090fd4858}: 'void java.lang.invoke.DirectMethodHandle$Holder.invokeStatic(java.lang.Object, java.lang.Object, java.lang.Object, int)'> (0x0000000090fd4858) thrown at [./src/hotspot/share/interpreter/linkResolver.cpp, line 773]
Event: 71.881 Thread 0x0000015b79c39000 Exception <a 'java/lang/IncompatibleClassChangeError'{0x0000000090fd01a8}: Found class java.lang.Object, but interface was expected> (0x0000000090fd01a8) thrown at [./src/hotspot/share/interpreter/linkResolver.cpp, line 839]
Event: 71.881 Thread 0x0000015b006d8800 Exception <a 'java/lang/IncompatibleClassChangeError'{0x0000000091093460}: Found class java.lang.Object, but interface was expected> (0x0000000091093460) thrown at [./src/hotspot/share/interpreter/linkResolver.cpp, line 839]
Event: 71.881 Thread 0x0000015b006d7000 Exception <a 'java/lang/IncompatibleClassChangeError'{0x0000000090fda500}: Found class java.lang.Object, but interface was expected> (0x0000000090fda500) thrown at [./src/hotspot/share/interpreter/linkResolver.cpp, line 839]
Event: 72.208 Thread 0x0000015b006d8800 Exception <a 'java/lang/NoSuchMethodError'{0x0000000091e95558}: 'int java.lang.invoke.DirectMethodHandle$Holder.invokeSpecial(java.lang.Object, java.lang.Object, java.lang.Object, java.lang.Object, java.lang.Object, java.lang.Object, java.lang.Object, java.lang.Object, java.lang.Object)'> (0x0000000091e95558) thrown at [./src/hotspot/share/interpreter/linkResolver.cpp, line 773]
Event: 72.208 Thread 0x0000015b79c44800 Exception <a 'java/lang/NoSuchMethodError'{0x0000000091379b48}: 'int java.lang.invoke.DirectMethodHandle$Holder.invokeSpecial(java.lang.Object, java.lang.Object, java.lang.Object, java.lang.Object, java.lang.Object, java.lang.Object, java.lang.Object, java.lang.Object, java.lang.Object)'> (0x0000000091379b48) thrown at [./src/hotspot/share/interpreter/linkResolver.cpp, line 773]
Event: 72.208 Thread 0x0000015b79c39000 Exception <a 'java/lang/NoSuchMethodError'{0x00000000915d8898}: 'int java.lang.invoke.DirectMethodHandle$Holder.invokeSpecial(java.lang.Object, java.lang.Object, java.lang.Object, java.lang.Object, java.lang.Object, java.lang.Object, java.lang.Object, java.lang.Object, java.lang.Object)'> (0x00000000915d8898) thrown at [./src/hotspot/share/interpreter/linkResolver.cpp, line 773]
Event: 72.208 Thread 0x0000015b79c3e000 Exception <a 'java/lang/NoSuchMethodError'{0x0000000091dc1dd0}: 'int java.lang.invoke.DirectMethodHandle$Holder.invokeSpecial(java.lang.Object, java.lang.Object, java.lang.Object, java.lang.Object, java.lang.Object, java.lang.Object, java.lang.Object, java.lang.Object, java.lang.Object)'> (0x0000000091dc1dd0) thrown at [./src/hotspot/share/interpreter/linkResolver.cpp, line 773]
Event: 72.208 Thread 0x0000015b006d7000 Exception <a 'java/lang/NoSuchMethodError'{0x0000000091669ec8}: 'int java.lang.invoke.DirectMethodHandle$Holder.invokeSpecial(java.lang.Object, java.lang.Object, java.lang.Object, java.lang.Object, java.lang.Object, java.lang.Object, java.lang.Object, java.lang.Object, java.lang.Object)'> (0x0000000091669ec8) thrown at [./src/hotspot/share/interpreter/linkResolver.cpp, line 773]
Event: 72.211 Thread 0x0000015b006d7000 Exception <a 'java/lang/NoSuchMethodError'{0x0000000091672e38}: 'java.lang.Object java.lang.invoke.Invokers$Holder.linkToTargetMethod(java.lang.Object, java.lang.Object, java.lang.Object, java.lang.Object, java.lang.Object, java.lang.Object, java.lang.Object, java.lang.Object)'> (0x0000000091672e38) thrown at [./src/hotspot/share/interpreter/linkResolver.cpp, line 773]
Event: 72.211 Thread 0x0000015b79c44800 Exception <a 'java/lang/NoSuchMethodError'{0x0000000091382610}: 'java.lang.Object java.lang.invoke.Invokers$Holder.linkToTargetMethod(java.lang.Object, java.lang.Object, java.lang.Object, java.lang.Object, java.lang.Object, java.lang.Object, java.lang.Object, java.lang.Object)'> (0x0000000091382610) thrown at [./src/hotspot/share/interpreter/linkResolver.cpp, line 773]
Event: 72.211 Thread 0x0000015b79c39000 Exception <a 'java/lang/NoSuchMethodError'{0x00000000915e17e0}: 'java.lang.Object java.lang.invoke.Invokers$Holder.linkToTargetMethod(java.lang.Object, java.lang.Object, java.lang.Object, java.lang.Object, java.lang.Object, java.lang.Object, java.lang.Object, java.lang.Object)'> (0x00000000915e17e0) thrown at [./src/hotspot/share/interpreter/linkResolver.cpp, line 773]
Event: 72.211 Thread 0x0000015b006d8800 Exception <a 'java/lang/NoSuchMethodError'{0x000000009123fe90}: 'java.lang.Object java.lang.invoke.Invokers$Holder.linkToTargetMethod(java.lang.Object, java.lang.Object, java.lang.Object, java.lang.Object, java.lang.Object, java.lang.Object, java.lang.Object, java.lang.Object)'> (0x000000009123fe90) thrown at [./src/hotspot/share/interpreter/linkResolver.cpp, line 773]
Event: 72.211 Thread 0x0000015b79c3e000 Exception <a 'java/lang/NoSuchMethodError'{0x0000000091295878}: 'java.lang.Object java.lang.invoke.Invokers$Holder.linkToTargetMethod(java.lang.Object, java.lang.Object, java.lang.Object, java.lang.Object, java.lang.Object, java.lang.Object, java.lang.Object, java.lang.Object)'> (0x0000000091295878) thrown at [./src/hotspot/share/interpreter/linkResolver.cpp, line 773]

Events (20 events):
Event: 72.227 loading class com/android/tools/r8/graph/V0 done
Event: 72.227 loading class com/android/tools/r8/graph/V0
Event: 72.227 loading class com/android/tools/r8/graph/V0 done
Event: 72.228 loading class com/android/tools/r8/graph/V0
Event: 72.228 loading class com/android/tools/r8/graph/V0 done
Event: 72.232 loading class com/android/tools/r8/graph/V0
Event: 72.232 loading class com/android/tools/r8/graph/V0 done
Event: 72.235 loading class com/android/tools/r8/internal/t4
Event: 72.235 loading class com/android/tools/r8/internal/t4 done
Event: 72.235 loading class com/android/tools/r8/internal/t4
Event: 72.235 loading class com/android/tools/r8/internal/t4 done
Event: 72.235 loading class com/android/tools/r8/internal/Is
Event: 72.235 loading class com/android/tools/r8/internal/Is done
Event: 72.237 loading class com/android/tools/r8/internal/Is
Event: 72.237 loading class com/android/tools/r8/internal/Is done
Event: 72.240 loading class com/android/tools/r8/internal/K4
Event: 72.240 loading class com/android/tools/r8/internal/K4 done
Event: 72.244 Executing VM operation: G1CollectForAllocation
Event: 72.245 Executing VM operation: G1CollectForAllocation done
Event: 72.245 Executing VM operation: G1CollectForAllocation


Dynamic libraries:
0x00007ff7153a0000 - 0x00007ff7153aa000 	C:\Program Files\Android\Android Studio\jre\bin\java.exe
0x00007fff77d90000 - 0x00007fff77f85000 	C:\WINDOWS\SYSTEM32\ntdll.dll
0x00007fff76170000 - 0x00007fff7622e000 	C:\WINDOWS\System32\KERNEL32.DLL
0x00007fff754b0000 - 0x00007fff75778000 	C:\WINDOWS\System32\KERNELBASE.dll
0x00007fff72cf0000 - 0x00007fff72d80000 	C:\WINDOWS\SYSTEM32\apphelp.dll
0x00007fff758e0000 - 0x00007fff759e0000 	C:\WINDOWS\System32\ucrtbase.dll
0x00007fff70f50000 - 0x00007fff70f67000 	C:\Program Files\Android\Android Studio\jre\bin\VCRUNTIME140.dll
0x00007fff5f320000 - 0x00007fff5f339000 	C:\Program Files\Android\Android Studio\jre\bin\jli.dll
0x00007fff75e40000 - 0x00007fff75fe1000 	C:\WINDOWS\System32\USER32.dll
0x00007fff5fa10000 - 0x00007fff5fcaa000 	C:\WINDOWS\WinSxS\amd64_microsoft.windows.common-controls_6595b64144ccf1df_6.0.19041.1110_none_60b5254171f9507e\COMCTL32.dll
0x00007fff75d30000 - 0x00007fff75d52000 	C:\WINDOWS\System32\win32u.dll
0x00007fff76fd0000 - 0x00007fff7706e000 	C:\WINDOWS\System32\msvcrt.dll
0x00007fff76710000 - 0x00007fff7673b000 	C:\WINDOWS\System32\GDI32.dll
0x00007fff75a70000 - 0x00007fff75b7b000 	C:\WINDOWS\System32\gdi32full.dll
0x00007fff75be0000 - 0x00007fff75c7d000 	C:\WINDOWS\System32\msvcp_win.dll
0x00007fff76120000 - 0x00007fff76150000 	C:\WINDOWS\System32\IMM32.DLL
0x00007fff4bb50000 - 0x00007fff4bbed000 	C:\Program Files\Android\Android Studio\jre\bin\msvcp140.dll
0x00007fff019f0000 - 0x00007fff024bf000 	C:\Program Files\Android\Android Studio\jre\bin\server\jvm.dll
0x00007fff76f20000 - 0x00007fff76fcc000 	C:\WINDOWS\System32\ADVAPI32.dll
0x00007fff762b0000 - 0x00007fff7634b000 	C:\WINDOWS\System32\sechost.dll
0x00007fff77a10000 - 0x00007fff77b3a000 	C:\WINDOWS\System32\RPCRT4.dll
0x00007fff77a00000 - 0x00007fff77a08000 	C:\WINDOWS\System32\PSAPI.DLL
0x00007fff5c8e0000 - 0x00007fff5c8e9000 	C:\WINDOWS\SYSTEM32\WSOCK32.dll
0x00007fff6b9f0000 - 0x00007fff6ba17000 	C:\WINDOWS\SYSTEM32\WINMM.dll
0x00007fff6eb30000 - 0x00007fff6eb3a000 	C:\WINDOWS\SYSTEM32\VERSION.dll
0x00007fff778e0000 - 0x00007fff7794b000 	C:\WINDOWS\System32\WS2_32.dll
0x00007fff73370000 - 0x00007fff73382000 	C:\WINDOWS\SYSTEM32\kernel.appcore.dll
0x00007fff5c7d0000 - 0x00007fff5c7e1000 	C:\Program Files\Android\Android Studio\jre\bin\verify.dll
0x00007fff61390000 - 0x00007fff61574000 	C:\WINDOWS\SYSTEM32\DBGHELP.DLL
0x00007fff5c8f0000 - 0x00007fff5c91c000 	C:\WINDOWS\SYSTEM32\dbgcore.DLL
0x00007fff759e0000 - 0x00007fff75a63000 	C:\WINDOWS\System32\bcryptPrimitives.dll
0x00007fff5ae20000 - 0x00007fff5ae49000 	C:\Program Files\Android\Android Studio\jre\bin\java.dll
0x00007fff5c8d0000 - 0x00007fff5c8db000 	C:\Program Files\Android\Android Studio\jre\bin\jimage.dll
0x00007fff59490000 - 0x00007fff594a8000 	C:\Program Files\Android\Android Studio\jre\bin\zip.dll
0x00007fff77070000 - 0x00007fff777af000 	C:\WINDOWS\System32\SHELL32.dll
0x00007fff73570000 - 0x00007fff73d00000 	C:\WINDOWS\SYSTEM32\windows.storage.dll
0x00007fff763b0000 - 0x00007fff76705000 	C:\WINDOWS\System32\combase.dll
0x00007fff74e30000 - 0x00007fff74e5e000 	C:\WINDOWS\SYSTEM32\Wldp.dll
0x00007fff76e70000 - 0x00007fff76f1d000 	C:\WINDOWS\System32\SHCORE.dll
0x00007fff76350000 - 0x00007fff763a5000 	C:\WINDOWS\System32\shlwapi.dll
0x00007fff753f0000 - 0x00007fff7540f000 	C:\WINDOWS\SYSTEM32\profapi.dll
0x00007fff59470000 - 0x00007fff5948a000 	C:\Program Files\Android\Android Studio\jre\bin\net.dll
0x00007fff64330000 - 0x00007fff6443c000 	C:\WINDOWS\SYSTEM32\WINHTTP.dll
0x00007fff74b40000 - 0x00007fff74baa000 	C:\WINDOWS\system32\mswsock.dll
0x00007fff59400000 - 0x00007fff59414000 	C:\Program Files\Android\Android Studio\jre\bin\nio.dll
0x00007fff587a0000 - 0x00007fff587c7000 	C:\Users\souvik dey\.gradle\native\8bec1ad78214c89d9ad589b4d07fe93259594b29d510b10fafb7a158f7737e5d\windows-amd64\native-platform.dll
0x00007fff4b710000 - 0x00007fff4b84d000 	C:\Users\souvik dey\.gradle\native\53dbd7edfb1c66fb8903c78663c9afc45aea4f116125fa6feffd364cf09443e8\windows-amd64\native-platform-file-events.dll
0x00007fff5c890000 - 0x00007fff5c89a000 	C:\Program Files\Android\Android Studio\jre\bin\management.dll
0x00007fff593f0000 - 0x00007fff593fc000 	C:\Program Files\Android\Android Studio\jre\bin\management_ext.dll
0x00007fff74d00000 - 0x00007fff74d18000 	C:\WINDOWS\SYSTEM32\CRYPTSP.dll
0x00007fff744d0000 - 0x00007fff74504000 	C:\WINDOWS\system32\rsaenh.dll
0x00007fff75d60000 - 0x00007fff75d87000 	C:\WINDOWS\System32\bcrypt.dll
0x00007fff75370000 - 0x00007fff7539e000 	C:\WINDOWS\SYSTEM32\USERENV.dll
0x00007fff74d20000 - 0x00007fff74d2c000 	C:\WINDOWS\SYSTEM32\CRYPTBASE.dll
0x00007fff74850000 - 0x00007fff7488b000 	C:\WINDOWS\SYSTEM32\IPHLPAPI.DLL
0x00007fff75ff0000 - 0x00007fff75ff8000 	C:\WINDOWS\System32\NSI.dll
0x00007fff6bb30000 - 0x00007fff6bb47000 	C:\WINDOWS\SYSTEM32\dhcpcsvc6.DLL
0x00007fff6d8b0000 - 0x00007fff6d8cd000 	C:\WINDOWS\SYSTEM32\dhcpcsvc.DLL
0x00007fff74890000 - 0x00007fff7495b000 	C:\WINDOWS\SYSTEM32\DNSAPI.dll
0x00007fff58730000 - 0x00007fff58757000 	C:\Program Files\Android\Android Studio\jre\bin\sunec.dll
0x00007fff5ea80000 - 0x00007fff5ea8a000 	C:\Windows\System32\rasadhlp.dll
0x00007fff6a0a0000 - 0x00007fff6a11f000 	C:\WINDOWS\System32\fwpuclnt.dll
0x00007fff74160000 - 0x00007fff74193000 	C:\WINDOWS\SYSTEM32\ntmarta.dll
0x00007fff56c80000 - 0x00007fff56e24000 	C:\Program Files\Android\Android Studio\jre\bin\awt.dll
0x00007fff777b0000 - 0x00007fff7787d000 	C:\WINDOWS\System32\OLEAUT32.dll
0x00007fff73190000 - 0x00007fff731bf000 	C:\WINDOWS\SYSTEM32\dwmapi.dll
0x00007fff72e90000 - 0x00007fff72f2e000 	C:\WINDOWS\system32\uxtheme.dll

dbghelp: loaded successfully - version: 4.0.5 - missing functions: none
symbol engine: initialized successfully - sym options: 0x614 - pdb path: .;C:\Program Files\Android\Android Studio\jre\bin;C:\WINDOWS\SYSTEM32;C:\WINDOWS\WinSxS\amd64_microsoft.windows.common-controls_6595b64144ccf1df_6.0.19041.1110_none_60b5254171f9507e;C:\Program Files\Android\Android Studio\jre\bin\server;C:\Users\souvik dey\.gradle\native\8bec1ad78214c89d9ad589b4d07fe93259594b29d510b10fafb7a158f7737e5d\windows-amd64;C:\Users\souvik dey\.gradle\native\53dbd7edfb1c66fb8903c78663c9afc45aea4f116125fa6feffd364cf09443e8\windows-amd64

VM Arguments:
jvm_args: --add-opens=java.base/java.util=ALL-UNNAMED --add-opens=java.base/java.lang=ALL-UNNAMED --add-opens=java.base/java.lang.invoke=ALL-UNNAMED --add-opens=java.base/java.util=ALL-UNNAMED --add-opens=java.prefs/java.util.prefs=ALL-UNNAMED --add-opens=java.prefs/java.util.prefs=ALL-UNNAMED --add-opens=java.base/java.nio.charset=ALL-UNNAMED --add-opens=java.base/java.net=ALL-UNNAMED --add-opens=java.base/java.util.concurrent.atomic=ALL-UNNAMED -Xmx2048m -Dfile.encoding=UTF-8 -Duser.country=IN -Duser.language=en -Duser.variant 
java_command: org.gradle.launcher.daemon.bootstrap.GradleDaemon 7.0.2
java_class_path (initial): C:\Users\souvik dey\.gradle\wrapper\dists\gradle-7.0.2-bin\857tjihv64xamwrf0h14cai3r\gradle-7.0.2\lib\gradle-launcher-7.0.2.jar
Launcher Type: SUN_STANDARD

[Global flags]
     intx CICompilerCount                          = 4                                         {product} {ergonomic}
     uint ConcGCThreads                            = 2                                         {product} {ergonomic}
     uint G1ConcRefinementThreads                  = 8                                         {product} {ergonomic}
   size_t G1HeapRegionSize                         = 1048576                                   {product} {ergonomic}
    uintx GCDrainStackTargetSize                   = 64                                        {product} {ergonomic}
   size_t InitialHeapSize                          = 100663296                                 {product} {ergonomic}
   size_t MarkStackSize                            = 4194304                                   {product} {ergonomic}
   size_t MaxHeapSize                              = 2147483648                                {product} {command line}
   size_t MaxNewSize                               = 1287651328                                {product} {ergonomic}
   size_t MinHeapDeltaBytes                        = 1048576                                   {product} {ergonomic}
    uintx NonNMethodCodeHeapSize                   = 5836300                                {pd product} {ergonomic}
    uintx NonProfiledCodeHeapSize                  = 122910970                              {pd product} {ergonomic}
    uintx ProfiledCodeHeapSize                     = 122910970                              {pd product} {ergonomic}
    uintx ReservedCodeCacheSize                    = 251658240                              {pd product} {ergonomic}
     bool SegmentedCodeCache                       = true                                      {product} {ergonomic}
     bool UseCompressedClassPointers               = true                                 {lp64_product} {ergonomic}
     bool UseCompressedOops                        = true                                 {lp64_product} {ergonomic}
     bool UseG1GC                                  = true                                      {product} {ergonomic}
     bool UseLargePagesIndividualAllocation        = false                                  {pd product} {ergonomic}

Logging:
Log output configuration:
 #0: stdout all=warning uptime,level,tags
 #1: stderr all=off uptime,level,tags

Environment Variables:
PATH=C:\python 3.9.1\Scripts\;C:\python 3.9.1\;C:\WINDOWS\system32;C:\WINDOWS;C:\WINDOWS\System32\Wbem;C:\WINDOWS\System32\WindowsPowerShell\v1.0\;C:\WINDOWS\System32\OpenSSH\;C:\MinGW\bin;C:\Program Files\Git\cmd;C:\Users\souvik dey\AppData\Local\Microsoft\WindowsApps;C:\Users\souvik dey\AppData\Local\atom\bin
USERNAME=souvik dey
OS=Windows_NT
PROCESSOR_IDENTIFIER=AMD64 Family 23 Model 24 Stepping 1, AuthenticAMD



---------------  S Y S T E M  ---------------

OS: Windows 10 , 64 bit Build 19041 (10.0.19041.1348)
OS uptime: 18 days 22:40 hours
Hyper-V role detected

CPU:total 8 (initial active 8) (8 cores per cpu, 2 threads per core) family 23 model 24 stepping 1 microcode 0x0, cmov, cx8, fxsr, mmx, sse, sse2, sse3, ssse3, sse4.1, sse4.2, popcnt, avx, avx2, aes, clmul, mmxext, 3dnowpref, lzcnt, sse4a, ht, tsc, tscinvbit, tscinv, bmi1, bmi2, adx, s

Memory: 4k page, system-wide physical 6058M (262M free)
TotalPageFile size 24490M (AvailPageFile size 240M)
current process WorkingSet (physical memory assigned to process): 606M, peak: 606M
current process commit charge ("private bytes"): 850M, peak: 1120M

vm_info: OpenJDK 64-Bit Server VM (11.0.10+0-b96-7249189) for windows-amd64 JRE (11.0.10+0-b96-7249189), built on Mar 31 2021 21:44:00 by "builder" with MS VC++ 14.0 (VS2015)

END.
