#
# There is insufficient memory for the Java Runtime Environment to continue.
# Native memory allocation (mmap) failed to map 29360128 bytes for Failed to commit area from 0x0000000088c00000 to 0x000000008a800000 of length 29360128.
# Possible reasons:
#   The system is out of physical RAM or swap space
#   The process is running with CompressedOops enabled, and the Java Heap may be blocking the growth of the native heap
# Possible solutions:
#   Reduce memory load on the system
#   Increase physical memory or swap space
#   Check if swap backing store is full
#   Decrease Java heap size (-Xmx/-Xms)
#   Decrease number of Java threads
#   Decrease Java thread stack sizes (-Xss)
#   Set larger code cache with -XX:ReservedCodeCacheSize=
#   JVM is running with Unscaled Compressed Oops mode in which the Java heap is
#     placed in the first 4GB address space. The Java Heap base address is the
#     maximum limit for the native heap growth. Please use -XX:HeapBaseMinAddress
#     to set the Java Heap base and to place the Java Heap above 4GB virtual address.
# This output file may be truncated or incomplete.
#
#  Out of Memory Error (./src/hotspot/os/windows/os_windows.cpp:3301), pid=13304, tid=18436
#
# JRE version: OpenJDK Runtime Environment (11.0.10) (build 11.0.10+0-b96-7249189)
# Java VM: OpenJDK 64-Bit Server VM (11.0.10+0-b96-7249189, mixed mode, tiered, compressed oops, g1 gc, windows-amd64)
# No core dump will be written. Minidumps are not enabled by default on client versions of Windows
#

---------------  S U M M A R Y ------------

Command Line: --add-opens=java.base/java.util=ALL-UNNAMED --add-opens=java.base/java.lang=ALL-UNNAMED --add-opens=java.base/java.lang.invoke=ALL-UNNAMED --add-opens=java.base/java.util=ALL-UNNAMED --add-opens=java.prefs/java.util.prefs=ALL-UNNAMED --add-opens=java.prefs/java.util.prefs=ALL-UNNAMED --add-opens=java.base/java.nio.charset=ALL-UNNAMED --add-opens=java.base/java.net=ALL-UNNAMED --add-opens=java.base/java.util.concurrent.atomic=ALL-UNNAMED -Xmx2048m -Dfile.encoding=UTF-8 -Duser.country=IN -Duser.language=en -Duser.variant org.gradle.launcher.daemon.bootstrap.GradleDaemon 7.0.2

Host: AMD Ryzen 5 3500U with Radeon Vega Mobile Gfx  , 8 cores, 5G,  Windows 10 , 64 bit Build 19041 (10.0.19041.1348)
Time: Tue Dec 14 03:32:54 2021 India Standard Time elapsed time: 75.824200 seconds (0d 0h 1m 15s)

---------------  T H R E A D  ---------------

Current thread (0x000001e99ab74000):  VMThread "VM Thread" [stack: 0x0000003e30500000,0x0000003e30600000] [id=18436]

Stack: [0x0000003e30500000,0x0000003e30600000]
[error occurred during error reporting (printing stack bounds), id 0xc0000005, EXCEPTION_ACCESS_VIOLATION (0xc0000005) at pc=0x000001e983a30f2d]

Native frames: (J=compiled Java code, j=interpreted, Vv=VM code, C=native code)
V  [jvm.dll+0x5ecfaa]
V  [jvm.dll+0x722bd5]
V  [jvm.dll+0x72412d]
V  [jvm.dll+0x724745]
V  [jvm.dll+0x7246fb]
V  [jvm.dll+0x5ec348]
V  [jvm.dll+0x5ecad8]
C  [ntdll.dll+0xa20cf]
C  [ntdll.dll+0x51454]
C  [ntdll.dll+0xa0bfe]
C  0x000001e983a30f2d

VM_Operation (0x0000003e347fad20): G1CollectForAllocation, mode: safepoint, requested by thread 0x000001e99fd92800


---------------  P R O C E S S  ---------------

Threads class SMR info:
_java_thread_list=0x000001e99fbf0860, length=77, elements={
0x000001e9fcfad000, 0x000001e99ab79800, 0x000001e99ab7a800, 0x000001e99ab91800,
0x000001e99ab92000, 0x000001e99ab96000, 0x000001e99aba0000, 0x000001e99aba4800,
0x000001e99aba8800, 0x000001e99b67b800, 0x000001e99cd4f000, 0x000001e99d61d000,
0x000001e99bc1c800, 0x000001e99b96e800, 0x000001e99d61c800, 0x000001e99cc36800,
0x000001e99cc37800, 0x000001e99d923000, 0x000001e99d640800, 0x000001e99d642000,
0x000001e99d644800, 0x000001e99d641000, 0x000001e99d646000, 0x000001e99d645000,
0x000001e99d647000, 0x000001e99d643800, 0x000001e99d642800, 0x000001e99f639000,
0x000001e99f63b800, 0x000001e99f639800, 0x000001e99f640000, 0x000001e99f63e000,
0x000001e99f63a800, 0x000001e99f641000, 0x000001e99f642000, 0x000001e99f63f800,
0x000001e99f63c000, 0x000001e99f63d000, 0x000001e99f642800, 0x000001e99f645000,
0x000001e99f643800, 0x000001e99f644800, 0x000001e99f647000, 0x000001e99f646000,
0x000001e99fd8a800, 0x000001e99fd86000, 0x000001e99fd8c800, 0x000001e99fd87000,
0x000001e99fd8d800, 0x000001e99fd88000, 0x000001e99fd88800, 0x000001e99fd8b000,
0x000001e99fd8c000, 0x000001e99fd8f000, 0x000001e99fd89800, 0x000001e99fd92800,
0x000001e99fd90000, 0x000001e99fd93800, 0x000001e99fd91000, 0x000001e99fd95000,
0x000001e99fd94000, 0x000001e99fd91800, 0x000001e9a3607000, 0x000001e9a3603800,
0x000001e9a3604800, 0x000001e9a3605000, 0x000001e9a3603000, 0x000001e9a3606000,
0x000001e9a3601000, 0x000001e9a3607800, 0x000001e9a3602000, 0x000001e9a360c800,
0x000001e9a360d800, 0x000001e9a360a000, 0x000001e9a3608800, 0x000001e9a360b000,
0x000001e9a3354800
}

Java Threads: ( => current thread )
  0x000001e9fcfad000 JavaThread "main" [_thread_blocked, id=24896, stack(0x0000003e2ff00000,0x0000003e30000000)]
  0x000001e99ab79800 JavaThread "Reference Handler" daemon [_thread_blocked, id=23972, stack(0x0000003e30600000,0x0000003e30700000)]
  0x000001e99ab7a800 JavaThread "Finalizer" daemon [_thread_blocked, id=26808, stack(0x0000003e30700000,0x0000003e30800000)]
  0x000001e99ab91800 JavaThread "Signal Dispatcher" daemon [_thread_blocked, id=19816, stack(0x0000003e30800000,0x0000003e30900000)]
  0x000001e99ab92000 JavaThread "Attach Listener" daemon [_thread_blocked, id=3208, stack(0x0000003e30900000,0x0000003e30a00000)]
  0x000001e99ab96000 JavaThread "Service Thread" daemon [_thread_blocked, id=21348, stack(0x0000003e30a00000,0x0000003e30b00000)]
  0x000001e99aba0000 JavaThread "C2 CompilerThread0" daemon [_thread_in_native, id=9796, stack(0x0000003e30b00000,0x0000003e30c00000)]
  0x000001e99aba4800 JavaThread "C1 CompilerThread0" daemon [_thread_blocked, id=26112, stack(0x0000003e30c00000,0x0000003e30d00000)]
  0x000001e99aba8800 JavaThread "Sweeper thread" daemon [_thread_blocked, id=28008, stack(0x0000003e30d00000,0x0000003e30e00000)]
  0x000001e99b67b800 JavaThread "Common-Cleaner" daemon [_thread_blocked, id=16504, stack(0x0000003e30e00000,0x0000003e30f00000)]
  0x000001e99cd4f000 JavaThread "Daemon health stats" [_thread_blocked, id=20192, stack(0x0000003e31000000,0x0000003e31100000)]
  0x000001e99d61d000 JavaThread "Incoming local TCP Connector on port 52674" [_thread_in_native, id=2128, stack(0x0000003e31400000,0x0000003e31500000)]
  0x000001e99bc1c800 JavaThread "Daemon periodic checks" [_thread_blocked, id=25532, stack(0x0000003e31500000,0x0000003e31600000)]
  0x000001e99b96e800 JavaThread "Daemon" [_thread_blocked, id=28496, stack(0x0000003e31600000,0x0000003e31700000)]
  0x000001e99d61c800 JavaThread "Handler for socket connection from /127.0.0.1:52674 to /127.0.0.1:52675" [_thread_in_native, id=7516, stack(0x0000003e31700000,0x0000003e31800000)]
  0x000001e99cc36800 JavaThread "Cancel handler" [_thread_blocked, id=25200, stack(0x0000003e31800000,0x0000003e31900000)]
  0x000001e99cc37800 JavaThread "Daemon worker" [_thread_blocked, id=21560, stack(0x0000003e31900000,0x0000003e31a00000)]
  0x000001e99d923000 JavaThread "Asynchronous log dispatcher for DefaultDaemonConnection: socket connection from /127.0.0.1:52674 to /127.0.0.1:52675" [_thread_blocked, id=27464, stack(0x0000003e31a00000,0x0000003e31b00000)]
  0x000001e99d640800 JavaThread "Daemon client event forwarder" [_thread_blocked, id=15956, stack(0x0000003e31c00000,0x0000003e31d00000)]
  0x000001e99d642000 JavaThread "Cache worker for file hash cache (C:\Users\souvik dey\.gradle\caches\7.0.2\fileHashes)" [_thread_blocked, id=26932, stack(0x0000003e31d00000,0x0000003e31e00000)]
  0x000001e99d644800 JavaThread "File lock request listener" [_thread_in_native, id=27052, stack(0x0000003e31e00000,0x0000003e31f00000)]
  0x000001e99d641000 JavaThread "Cache worker for journal cache (C:\Users\souvik dey\.gradle\caches\journal-1)" [_thread_blocked, id=13988, stack(0x0000003e32400000,0x0000003e32500000)]
  0x000001e99d646000 JavaThread "Cache worker for file hash cache (E:\my programming\android projects\EasyDRAW\.gradle\7.0.2\fileHashes)" [_thread_blocked, id=28272, stack(0x0000003e32500000,0x0000003e32600000)]
  0x000001e99d645000 JavaThread "File watcher server" daemon [_thread_blocked, id=3368, stack(0x0000003e32600000,0x0000003e32700000)]
  0x000001e99d647000 JavaThread "File watcher consumer" daemon [_thread_blocked, id=19632, stack(0x0000003e32700000,0x0000003e32800000)]
  0x000001e99d643800 JavaThread "Cache worker for checksums cache (E:\my programming\android projects\EasyDRAW\.gradle\checksums)" [_thread_blocked, id=28624, stack(0x0000003e32800000,0x0000003e32900000)]
  0x000001e99d642800 JavaThread "Cache worker for cache directory md-supplier (C:\Users\souvik dey\.gradle\caches\7.0.2\md-supplier)" [_thread_blocked, id=3584, stack(0x0000003e32900000,0x0000003e32a00000)]
  0x000001e99f639000 JavaThread "Cache worker for cache directory md-rule (C:\Users\souvik dey\.gradle\caches\7.0.2\md-rule)" [_thread_blocked, id=5556, stack(0x0000003e32a00000,0x0000003e32b00000)]
  0x000001e99f63b800 JavaThread "Cache worker for execution history cache (C:\Users\souvik dey\.gradle\caches\7.0.2\executionHistory)" [_thread_blocked, id=28584, stack(0x0000003e32b00000,0x0000003e32c00000)]
  0x000001e99f639800 JavaThread "jar transforms" [_thread_blocked, id=28308, stack(0x0000003e32c00000,0x0000003e32d00000)]
  0x000001e99f640000 JavaThread "jar transforms Thread 2" [_thread_blocked, id=26216, stack(0x0000003e32d00000,0x0000003e32e00000)]
  0x000001e99f63e000 JavaThread "Cache worker for file content cache (C:\Users\souvik dey\.gradle\caches\7.0.2\fileContent)" [_thread_blocked, id=20232, stack(0x0000003e32e00000,0x0000003e32f00000)]
  0x000001e99f63a800 JavaThread "Cache worker for dependencies-accessors (E:\my programming\android projects\EasyDRAW\.gradle\7.0.2\dependencies-accessors)" [_thread_blocked, id=23672, stack(0x0000003e32f00000,0x0000003e33000000)]
  0x000001e99f641000 JavaThread "jar transforms Thread 3" [_thread_blocked, id=5048, stack(0x0000003e33000000,0x0000003e33100000)]
  0x000001e99f642000 JavaThread "Cache worker for Build Output Cleanup Cache (E:\my programming\android projects\EasyDRAW\.gradle\buildOutputCleanup)" [_thread_blocked, id=15856, stack(0x0000003e33100000,0x0000003e33200000)]
  0x000001e99f63f800 JavaThread "Build operations" [_thread_blocked, id=17964, stack(0x0000003e33300000,0x0000003e33400000)]
  0x000001e99f63c000 JavaThread "Build operations Thread 2" [_thread_blocked, id=23516, stack(0x0000003e33400000,0x0000003e33500000)]
  0x000001e99f63d000 JavaThread "Build operations Thread 3" [_thread_blocked, id=22008, stack(0x0000003e33500000,0x0000003e33600000)]
  0x000001e99f642800 JavaThread "Build operations Thread 4" [_thread_blocked, id=15208, stack(0x0000003e33600000,0x0000003e33700000)]
  0x000001e99f645000 JavaThread "Build operations Thread 5" [_thread_blocked, id=1572, stack(0x0000003e33700000,0x0000003e33800000)]
  0x000001e99f643800 JavaThread "Build operations Thread 6" [_thread_blocked, id=24484, stack(0x0000003e33800000,0x0000003e33900000)]
  0x000001e99f644800 JavaThread "Build operations Thread 7" [_thread_blocked, id=28168, stack(0x0000003e33900000,0x0000003e33a00000)]
  0x000001e99f647000 JavaThread "Build operations Thread 8" [_thread_blocked, id=26484, stack(0x0000003e33a00000,0x0000003e33b00000)]
  0x000001e99f646000 JavaThread "jar transforms Thread 4" [_thread_blocked, id=27512, stack(0x0000003e33b00000,0x0000003e33c00000)]
  0x000001e99fd8a800 JavaThread "jar transforms Thread 5" [_thread_blocked, id=17588, stack(0x0000003e33c00000,0x0000003e33d00000)]
  0x000001e99fd86000 JavaThread "jar transforms Thread 6" [_thread_blocked, id=9696, stack(0x0000003e33d00000,0x0000003e33e00000)]
  0x000001e99fd8c800 JavaThread "jar transforms Thread 7" [_thread_blocked, id=21096, stack(0x0000003e33e00000,0x0000003e33f00000)]
  0x000001e99fd87000 JavaThread "jar transforms Thread 8" [_thread_blocked, id=21712, stack(0x0000003e33f00000,0x0000003e34000000)]
  0x000001e99fd8d800 JavaThread "Memory manager" [_thread_blocked, id=16124, stack(0x0000003e34000000,0x0000003e34100000)]
  0x000001e99fd88000 JavaThread "build event listener" [_thread_blocked, id=28076, stack(0x0000003e34100000,0x0000003e34200000)]
  0x000001e99fd88800 JavaThread "build event listener" [_thread_blocked, id=7716, stack(0x0000003e34200000,0x0000003e34300000)]
  0x000001e99fd8b000 JavaThread "pool-3-thread-1" [_thread_blocked, id=28212, stack(0x0000003e34300000,0x0000003e34400000)]
  0x000001e99fd8c000 JavaThread "build event listener" [_thread_blocked, id=25836, stack(0x0000003e34400000,0x0000003e34500000)]
  0x000001e99fd8f000 JavaThread "Execution worker for ':'" [_thread_blocked, id=6988, stack(0x0000003e34500000,0x0000003e34600000)]
  0x000001e99fd89800 JavaThread "Execution worker for ':' Thread 2" [_thread_blocked, id=15548, stack(0x0000003e34600000,0x0000003e34700000)]
  0x000001e99fd92800 JavaThread "Execution worker for ':' Thread 3" [_thread_blocked, id=7620, stack(0x0000003e34700000,0x0000003e34800000)]
  0x000001e99fd90000 JavaThread "Execution worker for ':' Thread 4" [_thread_blocked, id=16088, stack(0x0000003e34800000,0x0000003e34900000)]
  0x000001e99fd93800 JavaThread "Execution worker for ':' Thread 5" [_thread_blocked, id=22156, stack(0x0000003e34900000,0x0000003e34a00000)]
  0x000001e99fd91000 JavaThread "Execution worker for ':' Thread 6" [_thread_blocked, id=11580, stack(0x0000003e34a00000,0x0000003e34b00000)]
  0x000001e99fd95000 JavaThread "Execution worker for ':' Thread 7" [_thread_blocked, id=23296, stack(0x0000003e34b00000,0x0000003e34c00000)]
  0x000001e99fd94000 JavaThread "Cache worker for execution history cache (E:\my programming\android projects\EasyDRAW\.gradle\7.0.2\executionHistory)" [_thread_blocked, id=6372, stack(0x0000003e34c00000,0x0000003e34d00000)]
  0x000001e99fd91800 JavaThread "RMI Scheduler(0)" daemon [_thread_blocked, id=22384, stack(0x0000003e33200000,0x0000003e33300000)]
  0x000001e9a3607000 JavaThread "RMI GC Daemon" daemon [_thread_blocked, id=26888, stack(0x0000003e34e00000,0x0000003e34f00000)]
  0x000001e9a3603800 JavaThread "RMI TCP Accept-0" daemon [_thread_in_native, id=20780, stack(0x0000003e34f00000,0x0000003e35000000)]
  0x000001e9a3604800 JavaThread "RMI Reaper" [_thread_blocked, id=18772, stack(0x0000003e35000000,0x0000003e35100000)]
  0x000001e9a3605000 JavaThread "RMI TCP Connection(2)-127.0.0.1" daemon [_thread_in_native, id=26828, stack(0x0000003e35100000,0x0000003e35200000)]
  0x000001e9a3603000 JavaThread "Cache worker for Java compile cache (C:\Users\souvik dey\.gradle\caches\7.0.2\javaCompile)" [_thread_blocked, id=26356, stack(0x0000003e2fc00000,0x0000003e2fd00000)]
  0x000001e9a3606000 JavaThread "Cache worker for Java compile cache (E:\my programming\android projects\EasyDRAW\.gradle\7.0.2\javaCompile)" [_thread_blocked, id=10972, stack(0x0000003e2fd00000,0x0000003e2fe00000)]
  0x000001e9a3601000 JavaThread "WorkerExecutor Queue" [_thread_blocked, id=20412, stack(0x0000003e2fe00000,0x0000003e2ff00000)]
  0x000001e9a3607800 JavaThread "WorkerExecutor Queue Thread 2" [_thread_blocked, id=19312, stack(0x0000003e31b00000,0x0000003e31c00000)]
  0x000001e9a3602000 JavaThread "WorkerExecutor Queue Thread 3" [_thread_blocked, id=18548, stack(0x0000003e34d00000,0x0000003e34e00000)]
  0x000001e9a360c800 JavaThread "WorkerExecutor Queue Thread 4" [_thread_blocked, id=13924, stack(0x0000003e35400000,0x0000003e35500000)]
  0x000001e9a360d800 JavaThread "WorkerExecutor Queue Thread 5" [_thread_blocked, id=25640, stack(0x0000003e35500000,0x0000003e35600000)]
  0x000001e9a360a000 JavaThread "WorkerExecutor Queue Thread 6" [_thread_blocked, id=25164, stack(0x0000003e35600000,0x0000003e35700000)]
  0x000001e9a3608800 JavaThread "WorkerExecutor Queue Thread 8" [_thread_blocked, id=24864, stack(0x0000003e35800000,0x0000003e35900000)]
  0x000001e9a360b000 JavaThread "WorkerExecutor Queue Thread 9" [_thread_blocked, id=25960, stack(0x0000003e35900000,0x0000003e35a00000)]
  0x000001e9a3354800 JavaThread "C2 CompilerThread1" daemon [_thread_blocked, id=16456, stack(0x0000003e35700000,0x0000003e35800000)]

Other Threads:
=>0x000001e99ab74000 VMThread "VM Thread" [stack: 0x0000003e30500000,0x0000003e30600000] [id=18436]
  0x000001e99b699000 WatcherThread [stack: 0x0000003e30f00000,0x0000003e31000000] [id=26364]
  0x000001e9fcfc5800 GCTaskThread "GC Thread#0" [stack: 0x0000003e30000000,0x0000003e30100000] [id=20940]
  0x000001e99c412800 GCTaskThread "GC Thread#1" [stack: 0x0000003e31100000,0x0000003e31200000] [id=24364]
  0x000001e99c478000 GCTaskThread "GC Thread#2" [stack: 0x0000003e31200000,0x0000003e31300000] [id=25080]
  0x000001e99ceda800 GCTaskThread "GC Thread#3" [stack: 0x0000003e31300000,0x0000003e31400000] [id=27176]
  0x000001e99ca8c000 GCTaskThread "GC Thread#4" [stack: 0x0000003e31f00000,0x0000003e32000000] [id=23688]
  0x000001e99d91c000 GCTaskThread "GC Thread#5" [stack: 0x0000003e32000000,0x0000003e32100000] [id=28092]
  0x000001e99d906800 GCTaskThread "GC Thread#6" [stack: 0x0000003e32100000,0x0000003e32200000] [id=22420]
  0x000001e99d907000 GCTaskThread "GC Thread#7" [stack: 0x0000003e32200000,0x0000003e32300000] [id=17276]
  0x000001e9fcff7000 ConcurrentGCThread "G1 Main Marker" [stack: 0x0000003e30100000,0x0000003e30200000] [id=20352]
  0x000001e9fcff8000 ConcurrentGCThread "G1 Conc#0" [stack: 0x0000003e30200000,0x0000003e30300000] [id=25152]
  0x000001e99cd13000 ConcurrentGCThread "G1 Conc#1" [stack: 0x0000003e32300000,0x0000003e32400000] [id=22520]
  0x000001e9fd07d000 ConcurrentGCThread "G1 Refine#0" [stack: 0x0000003e30300000,0x0000003e30400000] [id=28248]
  0x000001e9fd080800 ConcurrentGCThread "G1 Young RemSet Sampling" [stack: 0x0000003e30400000,0x0000003e30500000] [id=16004]

Threads with active compile tasks:
C2 CompilerThread0  75928 15269       4       org.gradle.api.internal.artifacts.transform.ConsumerProvidedVariantFinder::matchAttributes (68 bytes)
C2 CompilerThread1  75928 15309       4       org.gradle.internal.fingerprint.classpath.impl.ClasspathFingerprintingStrategy$ClasspathFingerprintingVisitor::hashContent (96 bytes)

VM state:at safepoint (normal execution)

VM Mutex/Monitor currently owned by a thread:  ([mutex/lock_event])
[0x000001e9fcfa93c0] Threads_lock - owner thread: 0x000001e99ab74000
[0x000001e9fcfaa1d0] Heap_lock - owner thread: 0x000001e99fd92800

Heap address: 0x0000000080000000, size: 2048 MB, Compressed Oops mode: 32-bit
Narrow klass base: 0x0000000000000000, Narrow klass shift: 3
Compressed class space size: 1073741824 Address: 0x0000000100000000

Heap:
 garbage-first heap   total 172032K, used 109849K [0x0000000080000000, 0x0000000100000000)
  region size 1024K, 2 young (2048K), 2 survivors (2048K)
 Metaspace       used 116439K, capacity 119490K, committed 119756K, reserved 1153024K
  class space    used 15074K, capacity 16263K, committed 16332K, reserved 1048576K
Heap Regions: E=young(eden), S=young(survivor), O=old, HS=humongous(starts), HC=humongous(continues), CS=collection set, F=free, A=archive, TAMS=top-at-mark-start (previous, next)
|   0|0x0000000080000000, 0x0000000080100000, 0x0000000080100000|100%| O|  |TAMS 0x0000000080100000, 0x0000000080100000| Untracked 
|   1|0x0000000080100000, 0x0000000080200000, 0x0000000080200000|100%| O|  |TAMS 0x0000000080200000, 0x0000000080200000| Untracked 
|   2|0x0000000080200000, 0x0000000080300000, 0x0000000080300000|100%| O|  |TAMS 0x0000000080300000, 0x0000000080300000| Untracked 
|   3|0x0000000080300000, 0x0000000080400000, 0x0000000080400000|100%|HS|  |TAMS 0x0000000080400000, 0x0000000080400000| Complete 
|   4|0x0000000080400000, 0x0000000080500000, 0x0000000080500000|100%|HC|  |TAMS 0x0000000080500000, 0x0000000080500000| Complete 
|   5|0x0000000080500000, 0x0000000080600000, 0x0000000080600000|100%|HC|  |TAMS 0x0000000080600000, 0x0000000080600000| Complete 
|   6|0x0000000080600000, 0x0000000080700000, 0x0000000080700000|100%| O|  |TAMS 0x0000000080700000, 0x0000000080700000| Untracked 
|   7|0x0000000080700000, 0x0000000080800000, 0x0000000080800000|100%| O|  |TAMS 0x0000000080800000, 0x0000000080800000| Untracked 
|   8|0x0000000080800000, 0x0000000080900000, 0x0000000080900000|100%| O|  |TAMS 0x0000000080900000, 0x0000000080900000| Untracked 
|   9|0x0000000080900000, 0x0000000080a00000, 0x0000000080a00000|100%| O|  |TAMS 0x0000000080a00000, 0x0000000080a00000| Untracked 
|  10|0x0000000080a00000, 0x0000000080b00000, 0x0000000080b00000|100%| O|  |TAMS 0x0000000080b00000, 0x0000000080b00000| Untracked 
|  11|0x0000000080b00000, 0x0000000080c00000, 0x0000000080c00000|100%| O|  |TAMS 0x0000000080c00000, 0x0000000080c00000| Untracked 
|  12|0x0000000080c00000, 0x0000000080d00000, 0x0000000080d00000|100%| O|  |TAMS 0x0000000080d00000, 0x0000000080d00000| Untracked 
|  13|0x0000000080d00000, 0x0000000080e00000, 0x0000000080e00000|100%| O|  |TAMS 0x0000000080e00000, 0x0000000080e00000| Untracked 
|  14|0x0000000080e00000, 0x0000000080f00000, 0x0000000080f00000|100%| O|  |TAMS 0x0000000080f00000, 0x0000000080f00000| Untracked 
|  15|0x0000000080f00000, 0x0000000081000000, 0x0000000081000000|100%| O|  |TAMS 0x0000000081000000, 0x0000000081000000| Untracked 
|  16|0x0000000081000000, 0x0000000081100000, 0x0000000081100000|100%| O|  |TAMS 0x0000000081100000, 0x0000000081100000| Untracked 
|  17|0x0000000081100000, 0x0000000081200000, 0x0000000081200000|100%| O|  |TAMS 0x0000000081200000, 0x0000000081200000| Untracked 
|  18|0x0000000081200000, 0x0000000081300000, 0x0000000081300000|100%|HS|  |TAMS 0x0000000081300000, 0x0000000081300000| Complete 
|  19|0x0000000081300000, 0x0000000081400000, 0x0000000081400000|100%| O|  |TAMS 0x0000000081400000, 0x0000000081400000| Untracked 
|  20|0x0000000081400000, 0x0000000081500000, 0x0000000081500000|100%| O|  |TAMS 0x0000000081500000, 0x0000000081500000| Untracked 
|  21|0x0000000081500000, 0x0000000081600000, 0x0000000081600000|100%| O|  |TAMS 0x0000000081600000, 0x0000000081600000| Untracked 
|  22|0x0000000081600000, 0x0000000081700000, 0x0000000081700000|100%| O|  |TAMS 0x0000000081700000, 0x0000000081700000| Untracked 
|  23|0x0000000081700000, 0x0000000081800000, 0x0000000081800000|100%| O|  |TAMS 0x0000000081800000, 0x0000000081800000| Untracked 
|  24|0x0000000081800000, 0x0000000081900000, 0x0000000081900000|100%| O|  |TAMS 0x0000000081900000, 0x0000000081900000| Untracked 
|  25|0x0000000081900000, 0x0000000081a00000, 0x0000000081a00000|100%| O|  |TAMS 0x0000000081a00000, 0x0000000081a00000| Untracked 
|  26|0x0000000081a00000, 0x0000000081b00000, 0x0000000081b00000|100%|HS|  |TAMS 0x0000000081b00000, 0x0000000081b00000| Complete 
|  27|0x0000000081b00000, 0x0000000081c00000, 0x0000000081c00000|100%|HS|  |TAMS 0x0000000081c00000, 0x0000000081c00000| Complete 
|  28|0x0000000081c00000, 0x0000000081d00000, 0x0000000081d00000|100%|HS|  |TAMS 0x0000000081d00000, 0x0000000081d00000| Complete 
|  29|0x0000000081d00000, 0x0000000081e00000, 0x0000000081e00000|100%|HC|  |TAMS 0x0000000081e00000, 0x0000000081e00000| Complete 
|  30|0x0000000081e00000, 0x0000000081f00000, 0x0000000081f00000|100%|HC|  |TAMS 0x0000000081f00000, 0x0000000081f00000| Complete 
|  31|0x0000000081f00000, 0x0000000082000000, 0x0000000082000000|100%|HS|  |TAMS 0x0000000082000000, 0x0000000082000000| Complete 
|  32|0x0000000082000000, 0x0000000082100000, 0x0000000082100000|100%|HC|  |TAMS 0x0000000082100000, 0x0000000082100000| Complete 
|  33|0x0000000082100000, 0x0000000082200000, 0x0000000082200000|100%| O|  |TAMS 0x0000000082200000, 0x0000000082200000| Untracked 
|  34|0x0000000082200000, 0x0000000082300000, 0x0000000082300000|100%| O|  |TAMS 0x0000000082300000, 0x0000000082300000| Untracked 
|  35|0x0000000082300000, 0x0000000082400000, 0x0000000082400000|100%| O|  |TAMS 0x0000000082400000, 0x0000000082400000| Untracked 
|  36|0x0000000082400000, 0x0000000082500000, 0x0000000082500000|100%| O|  |TAMS 0x0000000082500000, 0x0000000082500000| Untracked 
|  37|0x0000000082500000, 0x0000000082600000, 0x0000000082600000|100%| O|  |TAMS 0x0000000082600000, 0x0000000082600000| Untracked 
|  38|0x0000000082600000, 0x0000000082700000, 0x0000000082700000|100%| O|  |TAMS 0x0000000082700000, 0x0000000082700000| Untracked 
|  39|0x0000000082700000, 0x0000000082800000, 0x0000000082800000|100%| O|  |TAMS 0x0000000082800000, 0x0000000082800000| Untracked 
|  40|0x0000000082800000, 0x0000000082900000, 0x0000000082900000|100%| O|  |TAMS 0x0000000082900000, 0x0000000082900000| Untracked 
|  41|0x0000000082900000, 0x0000000082a00000, 0x0000000082a00000|100%| O|  |TAMS 0x0000000082a00000, 0x0000000082a00000| Untracked 
|  42|0x0000000082a00000, 0x0000000082b00000, 0x0000000082b00000|100%| O|  |TAMS 0x0000000082b00000, 0x0000000082b00000| Untracked 
|  43|0x0000000082b00000, 0x0000000082c00000, 0x0000000082c00000|100%| O|  |TAMS 0x0000000082c00000, 0x0000000082c00000| Untracked 
|  44|0x0000000082c00000, 0x0000000082d00000, 0x0000000082d00000|100%| O|  |TAMS 0x0000000082d00000, 0x0000000082d00000| Untracked 
|  45|0x0000000082d00000, 0x0000000082e00000, 0x0000000082e00000|100%| O|  |TAMS 0x0000000082e00000, 0x0000000082e00000| Untracked 
|  46|0x0000000082e00000, 0x0000000082f00000, 0x0000000082f00000|100%| O|  |TAMS 0x0000000082f00000, 0x0000000082f00000| Untracked 
|  47|0x0000000082f00000, 0x0000000083000000, 0x0000000083000000|100%| O|  |TAMS 0x0000000083000000, 0x0000000083000000| Untracked 
|  48|0x0000000083000000, 0x0000000083100000, 0x0000000083100000|100%| O|  |TAMS 0x0000000083100000, 0x0000000083100000| Untracked 
|  49|0x0000000083100000, 0x0000000083200000, 0x0000000083200000|100%| O|  |TAMS 0x0000000083200000, 0x0000000083200000| Untracked 
|  50|0x0000000083200000, 0x0000000083300000, 0x0000000083300000|100%| O|  |TAMS 0x0000000083300000, 0x0000000083300000| Untracked 
|  51|0x0000000083300000, 0x0000000083400000, 0x0000000083400000|100%| O|  |TAMS 0x0000000083400000, 0x0000000083400000| Untracked 
|  52|0x0000000083400000, 0x0000000083500000, 0x0000000083500000|100%| O|  |TAMS 0x0000000083500000, 0x0000000083500000| Untracked 
|  53|0x0000000083500000, 0x0000000083600000, 0x0000000083600000|100%| O|  |TAMS 0x0000000083600000, 0x0000000083600000| Untracked 
|  54|0x0000000083600000, 0x0000000083700000, 0x0000000083700000|100%| O|  |TAMS 0x0000000083700000, 0x0000000083700000| Untracked 
|  55|0x0000000083700000, 0x0000000083800000, 0x0000000083800000|100%| O|  |TAMS 0x0000000083800000, 0x0000000083800000| Untracked 
|  56|0x0000000083800000, 0x0000000083900000, 0x0000000083900000|100%| O|  |TAMS 0x0000000083900000, 0x0000000083900000| Untracked 
|  57|0x0000000083900000, 0x0000000083a00000, 0x0000000083a00000|100%| O|  |TAMS 0x0000000083a00000, 0x0000000083a00000| Untracked 
|  58|0x0000000083a00000, 0x0000000083b00000, 0x0000000083b00000|100%| O|  |TAMS 0x0000000083b00000, 0x0000000083b00000| Untracked 
|  59|0x0000000083b00000, 0x0000000083c00000, 0x0000000083c00000|100%| O|  |TAMS 0x0000000083c00000, 0x0000000083c00000| Untracked 
|  60|0x0000000083c00000, 0x0000000083d00000, 0x0000000083d00000|100%| O|  |TAMS 0x0000000083d00000, 0x0000000083d00000| Untracked 
|  61|0x0000000083d00000, 0x0000000083e00000, 0x0000000083e00000|100%| O|  |TAMS 0x0000000083e00000, 0x0000000083e00000| Untracked 
|  62|0x0000000083e00000, 0x0000000083f00000, 0x0000000083f00000|100%| O|  |TAMS 0x0000000083f00000, 0x0000000083f00000| Untracked 
|  63|0x0000000083f00000, 0x0000000084000000, 0x0000000084000000|100%| O|  |TAMS 0x0000000084000000, 0x0000000084000000| Untracked 
|  64|0x0000000084000000, 0x0000000084100000, 0x0000000084100000|100%| O|  |TAMS 0x0000000084100000, 0x0000000084100000| Untracked 
|  65|0x0000000084100000, 0x0000000084200000, 0x0000000084200000|100%| O|  |TAMS 0x0000000084200000, 0x0000000084200000| Untracked 
|  66|0x0000000084200000, 0x0000000084300000, 0x0000000084300000|100%| O|  |TAMS 0x0000000084300000, 0x0000000084300000| Untracked 
|  67|0x0000000084300000, 0x0000000084400000, 0x0000000084400000|100%| O|  |TAMS 0x0000000084400000, 0x0000000084400000| Untracked 
|  68|0x0000000084400000, 0x0000000084500000, 0x0000000084500000|100%| O|  |TAMS 0x0000000084500000, 0x0000000084500000| Untracked 
|  69|0x0000000084500000, 0x0000000084600000, 0x0000000084600000|100%| O|  |TAMS 0x0000000084600000, 0x0000000084600000| Untracked 
|  70|0x0000000084600000, 0x0000000084700000, 0x0000000084700000|100%| O|  |TAMS 0x0000000084700000, 0x0000000084700000| Untracked 
|  71|0x0000000084700000, 0x0000000084800000, 0x0000000084800000|100%| O|  |TAMS 0x0000000084800000, 0x0000000084800000| Untracked 
|  72|0x0000000084800000, 0x0000000084900000, 0x0000000084900000|100%| O|  |TAMS 0x0000000084900000, 0x0000000084900000| Untracked 
|  73|0x0000000084900000, 0x0000000084a00000, 0x0000000084a00000|100%| O|  |TAMS 0x0000000084a00000, 0x0000000084a00000| Untracked 
|  74|0x0000000084a00000, 0x0000000084b00000, 0x0000000084b00000|100%| O|  |TAMS 0x0000000084b00000, 0x0000000084b00000| Untracked 
|  75|0x0000000084b00000, 0x0000000084c00000, 0x0000000084c00000|100%| O|  |TAMS 0x0000000084c00000, 0x0000000084c00000| Untracked 
|  76|0x0000000084c00000, 0x0000000084d00000, 0x0000000084d00000|100%| O|  |TAMS 0x0000000084d00000, 0x0000000084d00000| Untracked 
|  77|0x0000000084d00000, 0x0000000084e00000, 0x0000000084e00000|100%| O|  |TAMS 0x0000000084e00000, 0x0000000084e00000| Untracked 
|  78|0x0000000084e00000, 0x0000000084f00000, 0x0000000084f00000|100%| O|  |TAMS 0x0000000084f00000, 0x0000000084f00000| Untracked 
|  79|0x0000000084f00000, 0x0000000085000000, 0x0000000085000000|100%| O|  |TAMS 0x0000000085000000, 0x0000000085000000| Untracked 
|  80|0x0000000085000000, 0x0000000085100000, 0x0000000085100000|100%| O|  |TAMS 0x0000000085100000, 0x0000000085100000| Untracked 
|  81|0x0000000085100000, 0x0000000085200000, 0x0000000085200000|100%| O|  |TAMS 0x0000000085200000, 0x0000000085200000| Untracked 
|  82|0x0000000085200000, 0x0000000085300000, 0x0000000085300000|100%| O|  |TAMS 0x0000000085300000, 0x0000000085300000| Untracked 
|  83|0x0000000085300000, 0x0000000085400000, 0x0000000085400000|100%| O|  |TAMS 0x0000000085400000, 0x0000000085400000| Untracked 
|  84|0x0000000085400000, 0x0000000085500000, 0x0000000085500000|100%| O|  |TAMS 0x0000000085500000, 0x0000000085500000| Untracked 
|  85|0x0000000085500000, 0x0000000085600000, 0x0000000085600000|100%| O|  |TAMS 0x0000000085600000, 0x0000000085600000| Untracked 
|  86|0x0000000085600000, 0x0000000085700000, 0x0000000085700000|100%| O|  |TAMS 0x0000000085700000, 0x0000000085700000| Untracked 
|  87|0x0000000085700000, 0x0000000085800000, 0x0000000085800000|100%| O|  |TAMS 0x0000000085800000, 0x0000000085800000| Untracked 
|  88|0x0000000085800000, 0x0000000085800000, 0x0000000085900000|  0%| F|  |TAMS 0x0000000085800000, 0x0000000085800000| Untracked 
|  89|0x0000000085900000, 0x0000000085900000, 0x0000000085a00000|  0%| F|  |TAMS 0x0000000085900000, 0x0000000085900000| Untracked 
|  90|0x0000000085a00000, 0x0000000085b00000, 0x0000000085b00000|100%| O|  |TAMS 0x0000000085b00000, 0x0000000085b00000| Untracked 
|  91|0x0000000085b00000, 0x0000000085c00000, 0x0000000085c00000|100%| O|  |TAMS 0x0000000085c00000, 0x0000000085c00000| Untracked 
|  92|0x0000000085c00000, 0x0000000085d00000, 0x0000000085d00000|100%| O|  |TAMS 0x0000000085d00000, 0x0000000085d00000| Untracked 
|  93|0x0000000085d00000, 0x0000000085e00000, 0x0000000085e00000|100%| O|  |TAMS 0x0000000085e00000, 0x0000000085e00000| Untracked 
|  94|0x0000000085e00000, 0x0000000085f00000, 0x0000000085f00000|100%| O|  |TAMS 0x0000000085f00000, 0x0000000085f00000| Untracked 
|  95|0x0000000085f00000, 0x0000000085f00000, 0x0000000086000000|  0%| F|  |TAMS 0x0000000085f00000, 0x0000000085f00000| Untracked 
|  96|0x0000000086000000, 0x0000000086000000, 0x0000000086100000|  0%| F|  |TAMS 0x0000000086000000, 0x0000000086000000| Untracked 
|  97|0x0000000086100000, 0x0000000086200000, 0x0000000086200000|100%| O|  |TAMS 0x0000000086200000, 0x0000000086200000| Untracked 
|  98|0x0000000086200000, 0x0000000086300000, 0x0000000086300000|100%| O|  |TAMS 0x0000000086300000, 0x0000000086300000| Untracked 
|  99|0x0000000086300000, 0x0000000086400000, 0x0000000086400000|100%| O|  |TAMS 0x0000000086400000, 0x0000000086400000| Untracked 
| 100|0x0000000086400000, 0x0000000086500000, 0x0000000086500000|100%| O|  |TAMS 0x0000000086500000, 0x0000000086500000| Untracked 
| 101|0x0000000086500000, 0x0000000086600000, 0x0000000086600000|100%| O|  |TAMS 0x0000000086600000, 0x0000000086600000| Untracked 
| 102|0x0000000086600000, 0x0000000086700000, 0x0000000086700000|100%| O|  |TAMS 0x0000000086700000, 0x0000000086700000| Untracked 
| 103|0x0000000086700000, 0x0000000086700000, 0x0000000086800000|  0%| F|  |TAMS 0x0000000086700000, 0x0000000086700000| Untracked 
| 104|0x0000000086800000, 0x0000000086900000, 0x0000000086900000|100%| O|  |TAMS 0x0000000086900000, 0x0000000086900000| Untracked 
| 105|0x0000000086900000, 0x0000000086900000, 0x0000000086a00000|  0%| F|  |TAMS 0x0000000086900000, 0x0000000086900000| Untracked 
| 106|0x0000000086a00000, 0x0000000086a00000, 0x0000000086b00000|  0%| F|  |TAMS 0x0000000086a00000, 0x0000000086a00000| Untracked 
| 107|0x0000000086b00000, 0x0000000086b00000, 0x0000000086c00000|  0%| F|  |TAMS 0x0000000086b00000, 0x0000000086b00000| Untracked 
| 108|0x0000000086c00000, 0x0000000086d00000, 0x0000000086d00000|100%| O|  |TAMS 0x0000000086d00000, 0x0000000086d00000| Untracked 
| 109|0x0000000086d00000, 0x0000000086d00000, 0x0000000086e00000|  0%| F|  |TAMS 0x0000000086d00000, 0x0000000086d00000| Untracked 
| 110|0x0000000086e00000, 0x0000000086f00000, 0x0000000086f00000|100%| O|  |TAMS 0x0000000086f00000, 0x0000000086f00000| Untracked 
| 111|0x0000000086f00000, 0x0000000087000000, 0x0000000087000000|100%| O|  |TAMS 0x0000000087000000, 0x0000000087000000| Untracked 
| 112|0x0000000087000000, 0x0000000087100000, 0x0000000087100000|100%| O|  |TAMS 0x000000008704da00, 0x0000000087100000| Untracked 
| 113|0x0000000087100000, 0x0000000087200000, 0x0000000087200000|100%| O|  |TAMS 0x0000000087100000, 0x0000000087200000| Untracked 
| 114|0x0000000087200000, 0x0000000087300000, 0x0000000087300000|100%| O|  |TAMS 0x0000000087200000, 0x0000000087300000| Untracked 
| 115|0x0000000087300000, 0x0000000087300000, 0x0000000087400000|  0%| F|  |TAMS 0x0000000087300000, 0x0000000087300000| Untracked 
| 116|0x0000000087400000, 0x0000000087400000, 0x0000000087500000|  0%| F|  |TAMS 0x0000000087400000, 0x0000000087400000| Untracked 
| 117|0x0000000087500000, 0x0000000087500000, 0x0000000087600000|  0%| F|  |TAMS 0x0000000087500000, 0x0000000087500000| Untracked 
| 118|0x0000000087600000, 0x0000000087600000, 0x0000000087700000|  0%| F|  |TAMS 0x0000000087600000, 0x0000000087600000| Untracked 
| 119|0x0000000087700000, 0x0000000087700000, 0x0000000087800000|  0%| F|  |TAMS 0x0000000087700000, 0x0000000087700000| Untracked 
| 120|0x0000000087800000, 0x0000000087800000, 0x0000000087900000|  0%| F|  |TAMS 0x0000000087800000, 0x0000000087800000| Untracked 
| 121|0x0000000087900000, 0x0000000087900000, 0x0000000087a00000|  0%| F|  |TAMS 0x0000000087900000, 0x0000000087900000| Untracked 
| 122|0x0000000087a00000, 0x0000000087a00000, 0x0000000087b00000|  0%| F|  |TAMS 0x0000000087a00000, 0x0000000087a00000| Untracked 
| 123|0x0000000087b00000, 0x0000000087b00000, 0x0000000087c00000|  0%| F|  |TAMS 0x0000000087b00000, 0x0000000087b00000| Untracked 
| 124|0x0000000087c00000, 0x0000000087c00000, 0x0000000087d00000|  0%| F|  |TAMS 0x0000000087c00000, 0x0000000087c00000| Untracked 
| 125|0x0000000087d00000, 0x0000000087d46428, 0x0000000087e00000| 27%| S|CS|TAMS 0x0000000087d00000, 0x0000000087d00000| Complete 
| 126|0x0000000087e00000, 0x0000000087f00000, 0x0000000087f00000|100%| S|CS|TAMS 0x0000000087e00000, 0x0000000087e00000| Complete 
| 127|0x0000000087f00000, 0x0000000087f00000, 0x0000000088000000|  0%| F|  |TAMS 0x0000000087f00000, 0x0000000087f00000| Untracked 
| 128|0x0000000088000000, 0x0000000088000000, 0x0000000088100000|  0%| F|  |TAMS 0x0000000088000000, 0x0000000088000000| Untracked 
| 129|0x0000000088100000, 0x0000000088100000, 0x0000000088200000|  0%| F|  |TAMS 0x0000000088100000, 0x0000000088100000| Untracked 
| 130|0x0000000088200000, 0x0000000088200000, 0x0000000088300000|  0%| F|  |TAMS 0x0000000088200000, 0x0000000088200000| Untracked 
| 131|0x0000000088300000, 0x0000000088300000, 0x0000000088400000|  0%| F|  |TAMS 0x0000000088300000, 0x0000000088300000| Untracked 
| 132|0x0000000088400000, 0x0000000088400000, 0x0000000088500000|  0%| F|  |TAMS 0x0000000088400000, 0x0000000088400000| Untracked 
| 133|0x0000000088500000, 0x0000000088500000, 0x0000000088600000|  0%| F|  |TAMS 0x0000000088500000, 0x0000000088500000| Untracked 
| 134|0x0000000088600000, 0x0000000088600000, 0x0000000088700000|  0%| F|  |TAMS 0x0000000088600000, 0x0000000088600000| Untracked 
| 135|0x0000000088700000, 0x0000000088700000, 0x0000000088800000|  0%| F|  |TAMS 0x0000000088700000, 0x0000000088700000| Untracked 
| 136|0x0000000088800000, 0x0000000088800000, 0x0000000088900000|  0%| F|  |TAMS 0x0000000088800000, 0x0000000088800000| Untracked 
| 137|0x0000000088900000, 0x0000000088900000, 0x0000000088a00000|  0%| F|  |TAMS 0x0000000088900000, 0x0000000088900000| Untracked 
| 138|0x0000000088a00000, 0x0000000088a00000, 0x0000000088b00000|  0%| F|  |TAMS 0x0000000088a00000, 0x0000000088a00000| Untracked 
| 139|0x0000000088b00000, 0x0000000088b00000, 0x0000000088c00000|  0%| F|  |TAMS 0x0000000088b00000, 0x0000000088b00000| Untracked 

Card table byte_map: [0x000001e9938c0000,0x000001e993cc0000] _byte_map_base: 0x000001e9934c0000

Marking Bits (Prev, Next): (CMBitMap*) 0x000001e9fcfee500, (CMBitMap*) 0x000001e9fcfee4c8
 Prev Bits: [0x000001e9960c0000, 0x000001e9980c0000)
 Next Bits: [0x000001e9940c0000, 0x000001e9960c0000)

Polling page: 0x000001e980000000

Metaspace:

Usage:
  Non-class:    100.81 MB capacity,    98.99 MB ( 98%) used,     1.45 MB (  1%) free+waste,   377.25 KB ( <1%) overhead. 
      Class:     15.88 MB capacity,    14.72 MB ( 93%) used,  1016.63 KB (  6%) free+waste,   171.88 KB (  1%) overhead. 
       Both:    116.69 MB capacity,   113.71 MB ( 97%) used,     2.44 MB (  2%) free+waste,   549.13 KB ( <1%) overhead. 

Virtual space:
  Non-class space:      102.00 MB reserved,     101.00 MB (>99%) committed 
      Class space:        1.00 GB reserved,      15.95 MB (  2%) committed 
             Both:        1.10 GB reserved,     116.95 MB ( 10%) committed 

Chunk freelists:
   Non-Class:  5.00 KB
       Class:  25.00 KB
        Both:  30.00 KB

MaxMetaspaceSize: 17179869184.00 GB
CompressedClassSpaceSize: 1.00 GB

CodeHeap 'non-profiled nmethods': size=120000Kb used=8427Kb max_used=8427Kb free=111572Kb
 bounds [0x000001e98b500000, 0x000001e98bd40000, 0x000001e992a30000]
CodeHeap 'profiled nmethods': size=120000Kb used=34163Kb max_used=34163Kb free=85836Kb
 bounds [0x000001e983fd0000, 0x000001e986130000, 0x000001e98b500000]
CodeHeap 'non-nmethods': size=5760Kb used=2352Kb max_used=2442Kb free=3408Kb
 bounds [0x000001e983a30000, 0x000001e983ca0000, 0x000001e983fd0000]
 total_blobs=16047 nmethods=15064 adapters=893
 compilation: enabled
              stopped_count=0, restarted_count=0
 full_count=0

Compilation events (20 events):
Event: 75.599 Thread 0x000001e99aba4800 15314       3       org.gradle.api.internal.artifacts.transform.AttributeMatchingVariantSelector::disambiguateWithSchema (154 bytes)
Event: 75.602 Thread 0x000001e99aba4800 nmethod 15314 0x000001e986124410 code [0x000001e986124960, 0x000001e986127688]
Event: 75.613 Thread 0x000001e9a3354800 nmethod 15311 0x000001e98bd39d10 code [0x000001e98bd39ec0, 0x000001e98bd3a3d8]
Event: 75.613 Thread 0x000001e9a3354800 15309       4       org.gradle.internal.fingerprint.classpath.impl.ClasspathFingerprintingStrategy$ClasspathFingerprintingVisitor::hashContent (96 bytes)
Event: 75.622 Thread 0x000001e99aba4800 15315       3       org.gradle.api.internal.artifacts.transform.DefaultTransformUpstreamDependenciesResolver::collectDependenciesIdentifiers (115 bytes)
Event: 75.623 Thread 0x000001e99aba4800 nmethod 15315 0x000001e986128290 code [0x000001e986128540, 0x000001e986129488]
Event: 75.637 Thread 0x000001e99aba4800 15316       1       org.gradle.internal.work.DefaultWorkerLeaseService::access$500 (5 bytes)
Event: 75.637 Thread 0x000001e99aba4800 nmethod 15316 0x000001e98bd3a690 code [0x000001e98bd3a840, 0x000001e98bd3a8d8]
Event: 75.686 Thread 0x000001e99aba4800 15318       3       org.gradle.launcher.daemon.server.exec.LogToClient$AsynchronousLogDispatcher$1::onOutput (44 bytes)
Event: 75.687 Thread 0x000001e99aba4800 nmethod 15318 0x000001e986129910 code [0x000001e986129b60, 0x000001e98612a558]
Event: 75.689 Thread 0x000001e99aba4800 15319   !   3       com.sun.proxy.$Proxy0::onOutput (34 bytes)
Event: 75.690 Thread 0x000001e99aba4800 nmethod 15319 0x000001e98612a810 code [0x000001e98612aa00, 0x000001e98612aef8]
Event: 75.692 Thread 0x000001e99aba4800 15320       3       org.gradle.internal.logging.console.BuildLogLevelFilterRenderer::onOutput (53 bytes)
Event: 75.693 Thread 0x000001e99aba4800 nmethod 15320 0x000001e98612b110 code [0x000001e98612b320, 0x000001e98612b9d8]
Event: 75.693 Thread 0x000001e99aba4800 15321       3       org.gradle.internal.logging.sink.ProgressLogEventGenerator::onOutput (72 bytes)
Event: 75.693 Thread 0x000001e99aba4800 nmethod 15321 0x000001e98612bb90 code [0x000001e98612bdc0, 0x000001e98612c7b8]
Event: 75.696 Thread 0x000001e99aba4800 15322       1       org.gradle.api.internal.artifacts.configurations.DefaultConfiguration$WithResults::getCachedResolverResults (5 bytes)
Event: 75.697 Thread 0x000001e99aba4800 nmethod 15322 0x000001e98bd3a990 code [0x000001e98bd3ab40, 0x000001e98bd3abf8]
Event: 75.714 Thread 0x000001e99aba4800 15323       3       org.gradle.workers.internal.WorkerDaemonClientsManager$LogLevelChangeEventListener::onOutput (25 bytes)
Event: 75.714 Thread 0x000001e99aba4800 nmethod 15323 0x000001e98612c910 code [0x000001e98612cae0, 0x000001e98612cef8]

GC Heap History (20 events):
Event: 70.883 GC heap after
{Heap after GC invocations=57 (full 0):
 garbage-first heap   total 143360K, used 113563K [0x0000000080000000, 0x0000000100000000)
  region size 1024K, 1 young (1024K), 1 survivors (1024K)
 Metaspace       used 110529K, capacity 113307K, committed 113484K, reserved 1146880K
  class space    used 14322K, capacity 15416K, committed 15436K, reserved 1048576K
}
Event: 71.427 GC heap before
{Heap before GC invocations=57 (full 0):
 garbage-first heap   total 143360K, used 121755K [0x0000000080000000, 0x0000000100000000)
  region size 1024K, 10 young (10240K), 1 survivors (1024K)
 Metaspace       used 112435K, capacity 115336K, committed 115532K, reserved 1148928K
  class space    used 14659K, capacity 15820K, committed 15948K, reserved 1048576K
}
Event: 71.435 GC heap after
{Heap after GC invocations=58 (full 0):
 garbage-first heap   total 143360K, used 113767K [0x0000000080000000, 0x0000000100000000)
  region size 1024K, 1 young (1024K), 1 survivors (1024K)
 Metaspace       used 112435K, capacity 115336K, committed 115532K, reserved 1148928K
  class space    used 14659K, capacity 15820K, committed 15948K, reserved 1048576K
}
Event: 71.822 GC heap before
{Heap before GC invocations=59 (full 0):
 garbage-first heap   total 143360K, used 122983K [0x0000000080000000, 0x0000000100000000)
  region size 1024K, 10 young (10240K), 1 survivors (1024K)
 Metaspace       used 112717K, capacity 115599K, committed 116044K, reserved 1148928K
  class space    used 14668K, capacity 15797K, committed 15948K, reserved 1048576K
}
Event: 71.828 GC heap after
{Heap after GC invocations=60 (full 0):
 garbage-first heap   total 143360K, used 114645K [0x0000000080000000, 0x0000000100000000)
  region size 1024K, 2 young (2048K), 2 survivors (2048K)
 Metaspace       used 112717K, capacity 115599K, committed 116044K, reserved 1148928K
  class space    used 14668K, capacity 15797K, committed 15948K, reserved 1048576K
}
Event: 72.278 GC heap before
{Heap before GC invocations=60 (full 0):
 garbage-first heap   total 143360K, used 123861K [0x0000000080000000, 0x0000000100000000)
  region size 1024K, 11 young (11264K), 2 survivors (2048K)
 Metaspace       used 113267K, capacity 116144K, committed 116300K, reserved 1148928K
  class space    used 14715K, capacity 15867K, committed 15948K, reserved 1048576K
}
Event: 72.287 GC heap after
{Heap after GC invocations=61 (full 0):
 garbage-first heap   total 143360K, used 115099K [0x0000000080000000, 0x0000000100000000)
  region size 1024K, 2 young (2048K), 2 survivors (2048K)
 Metaspace       used 113267K, capacity 116144K, committed 116300K, reserved 1148928K
  class space    used 14715K, capacity 15867K, committed 15948K, reserved 1048576K
}
Event: 72.858 GC heap before
{Heap before GC invocations=62 (full 0):
 garbage-first heap   total 143360K, used 123291K [0x0000000080000000, 0x0000000100000000)
  region size 1024K, 11 young (11264K), 2 survivors (2048K)
 Metaspace       used 114165K, capacity 117055K, committed 117196K, reserved 1150976K
  class space    used 14817K, capacity 15977K, committed 16076K, reserved 1048576K
}
Event: 72.862 GC heap after
{Heap after GC invocations=63 (full 0):
 garbage-first heap   total 143360K, used 114583K [0x0000000080000000, 0x0000000100000000)
  region size 1024K, 1 young (1024K), 1 survivors (1024K)
 Metaspace       used 114165K, capacity 117055K, committed 117196K, reserved 1150976K
  class space    used 14817K, capacity 15977K, committed 16076K, reserved 1048576K
}
Event: 73.078 GC heap before
{Heap before GC invocations=63 (full 0):
 garbage-first heap   total 143360K, used 123799K [0x0000000080000000, 0x0000000100000000)
  region size 1024K, 10 young (10240K), 1 survivors (1024K)
 Metaspace       used 114809K, capacity 117830K, committed 118092K, reserved 1150976K
  class space    used 14913K, capacity 16109K, committed 16204K, reserved 1048576K
}
Event: 73.084 GC heap after
{Heap after GC invocations=64 (full 0):
 garbage-first heap   total 143360K, used 115553K [0x0000000080000000, 0x0000000100000000)
  region size 1024K, 2 young (2048K), 2 survivors (2048K)
 Metaspace       used 114809K, capacity 117830K, committed 118092K, reserved 1150976K
  class space    used 14913K, capacity 16109K, committed 16204K, reserved 1048576K
}
Event: 73.475 GC heap before
{Heap before GC invocations=65 (full 0):
 garbage-first heap   total 143360K, used 122721K [0x0000000080000000, 0x0000000100000000)
  region size 1024K, 10 young (10240K), 2 survivors (2048K)
 Metaspace       used 115203K, capacity 118128K, committed 118604K, reserved 1150976K
  class space    used 14900K, capacity 16035K, committed 16204K, reserved 1048576K
}
Event: 73.481 GC heap after
{Heap after GC invocations=66 (full 0):
 garbage-first heap   total 143360K, used 115950K [0x0000000080000000, 0x0000000100000000)
  region size 1024K, 1 young (1024K), 1 survivors (1024K)
 Metaspace       used 115203K, capacity 118128K, committed 118604K, reserved 1150976K
  class space    used 14900K, capacity 16035K, committed 16204K, reserved 1048576K
}
Event: 73.797 GC heap before
{Heap before GC invocations=66 (full 0):
 garbage-first heap   total 143360K, used 124142K [0x0000000080000000, 0x0000000100000000)
  region size 1024K, 9 young (9216K), 1 survivors (1024K)
 Metaspace       used 115822K, capacity 118782K, committed 119244K, reserved 1153024K
  class space    used 14978K, capacity 16118K, committed 16332K, reserved 1048576K
}
Event: 73.801 GC heap after
{Heap after GC invocations=67 (full 0):
 garbage-first heap   total 143360K, used 116320K [0x0000000080000000, 0x0000000100000000)
  region size 1024K, 2 young (2048K), 2 survivors (2048K)
 Metaspace       used 115822K, capacity 118782K, committed 119244K, reserved 1153024K
  class space    used 14978K, capacity 16118K, committed 16332K, reserved 1048576K
}
Event: 74.490 GC heap before
{Heap before GC invocations=68 (full 0):
 garbage-first heap   total 143360K, used 124512K [0x0000000080000000, 0x0000000100000000)
  region size 1024K, 10 young (10240K), 2 survivors (2048K)
 Metaspace       used 116094K, capacity 119075K, committed 119500K, reserved 1153024K
  class space    used 15010K, capacity 16165K, committed 16332K, reserved 1048576K
}
Event: 74.496 GC heap after
{Heap after GC invocations=69 (full 0):
 garbage-first heap   total 143360K, used 116001K [0x0000000080000000, 0x0000000100000000)
  region size 1024K, 1 young (1024K), 1 survivors (1024K)
 Metaspace       used 116094K, capacity 119075K, committed 119500K, reserved 1153024K
  class space    used 15010K, capacity 16165K, committed 16332K, reserved 1048576K
}
Event: 74.998 GC heap before
{Heap before GC invocations=69 (full 0):
 garbage-first heap   total 143360K, used 121121K [0x0000000080000000, 0x0000000100000000)
  region size 1024K, 7 young (7168K), 1 survivors (1024K)
 Metaspace       used 116371K, capacity 119419K, committed 119500K, reserved 1153024K
  class space    used 15070K, capacity 16262K, committed 16332K, reserved 1048576K
}
Event: 75.008 GC heap after
{Heap after GC invocations=70 (full 0):
 garbage-first heap   total 143360K, used 109221K [0x0000000080000000, 0x0000000100000000)
  region size 1024K, 1 young (1024K), 1 survivors (1024K)
 Metaspace       used 116371K, capacity 119419K, committed 119500K, reserved 1153024K
  class space    used 15070K, capacity 16262K, committed 16332K, reserved 1048576K
}
Event: 75.779 GC heap before
{Heap before GC invocations=70 (full 0):
 garbage-first heap   total 143360K, used 121509K [0x0000000080000000, 0x0000000100000000)
  region size 1024K, 13 young (13312K), 1 survivors (1024K)
 Metaspace       used 116439K, capacity 119490K, committed 119756K, reserved 1153024K
  class space    used 15074K, capacity 16263K, committed 16332K, reserved 1048576K
}

Deoptimization events (20 events):
Event: 74.764 Thread 0x000001e9a3607800 DEOPT PACKING pc=0x000001e98bce912c sp=0x0000003e31bfce20
Event: 74.764 Thread 0x000001e9a3607800 DEOPT UNPACKING pc=0x000001e983a578af sp=0x0000003e31bfcdc8 mode 2
Event: 74.907 Thread 0x000001e99fd92800 DEOPT PACKING pc=0x000001e98599bad4 sp=0x0000003e347fcef0
Event: 74.907 Thread 0x000001e99fd92800 DEOPT UNPACKING pc=0x000001e983a576ce sp=0x0000003e347fc3d8 mode 0
Event: 74.913 Thread 0x000001e99fd92800 DEOPT PACKING pc=0x000001e98542ab1c sp=0x0000003e347fd020
Event: 74.913 Thread 0x000001e99fd92800 DEOPT UNPACKING pc=0x000001e983a576ce sp=0x0000003e347fc4d0 mode 0
Event: 74.913 Thread 0x000001e99fd92800 DEOPT PACKING pc=0x000001e98540f83c sp=0x0000003e347fd6a0
Event: 74.913 Thread 0x000001e99fd92800 DEOPT UNPACKING pc=0x000001e983a576ce sp=0x0000003e347fcc50 mode 0
Event: 75.094 Thread 0x000001e99f643800 Uncommon trap: trap_request=0xffffffcc fr.pc=0x000001e98bd1c148 relative=0x0000000000000288
Event: 75.094 Thread 0x000001e99f643800 Uncommon trap: reason=intrinsic_or_type_checked_inlining action=make_not_entrant pc=0x000001e98bd1c148 method=java.util.Arrays.copyOfRange([Ljava/lang/Object;IILjava/lang/Class;)[Ljava/lang/Object; @ 83 c2
Event: 75.094 Thread 0x000001e99f643800 DEOPT PACKING pc=0x000001e98bd1c148 sp=0x0000003e338fc440
Event: 75.094 Thread 0x000001e99f643800 DEOPT UNPACKING pc=0x000001e983a578af sp=0x0000003e338fc3c0 mode 2
Event: 75.486 Thread 0x000001e99fd92800 Uncommon trap: trap_request=0xffffffd6 fr.pc=0x000001e98bce912c relative=0x00000000000008ec
Event: 75.486 Thread 0x000001e99fd92800 Uncommon trap: reason=array_check action=maybe_recompile pc=0x000001e98bce912c method=java.util.TimSort.binarySort([Ljava/lang/Object;IIILjava/util/Comparator;)V @ 183 c2
Event: 75.486 Thread 0x000001e99fd92800 DEOPT PACKING pc=0x000001e98bce912c sp=0x0000003e347faa60
Event: 75.487 Thread 0x000001e99fd92800 DEOPT UNPACKING pc=0x000001e983a578af sp=0x0000003e347faa08 mode 2
Event: 75.490 Thread 0x000001e99fd92800 Uncommon trap: trap_request=0xffffff4d fr.pc=0x000001e98ba2f4f4 relative=0x0000000000000114
Event: 75.491 Thread 0x000001e99fd92800 Uncommon trap: reason=unstable_if action=reinterpret pc=0x000001e98ba2f4f4 method=com.google.common.cache.LocalCache$Segment.expireEntries(J)V @ 84 c2
Event: 75.491 Thread 0x000001e99fd92800 DEOPT PACKING pc=0x000001e98ba2f4f4 sp=0x0000003e347fb3c0
Event: 75.491 Thread 0x000001e99fd92800 DEOPT UNPACKING pc=0x000001e983a578af sp=0x0000003e347fb360 mode 2

Classes redefined (0 events):
No events

Internal exceptions (20 events):
Event: 71.317 Thread 0x000001e9a360d800 Exception <a 'java/lang/NoSuchMethodError'{0x0000000088755068}: 'int java.lang.invoke.DirectMethodHandle$Holder.invokeSpecial(java.lang.Object, java.lang.Object, java.lang.Object, int, java.lang.Object)'> (0x0000000088755068) thrown at [./src/hotspot/share/interpreter/linkResolver.cpp, line 773]
Event: 72.740 Thread 0x000001e9a360b000 Exception <a 'java/lang/IncompatibleClassChangeError'{0x00000000885e1068}: Found class java.lang.Object, but interface was expected> (0x00000000885e1068) thrown at [./src/hotspot/share/interpreter/linkResolver.cpp, line 839]
Event: 72.852 Thread 0x000001e9a3607800 Exception <a 'java/lang/NoSuchMethodError'{0x000000008831f0a8}: 'java.lang.Object java.lang.invoke.DirectMethodHandle$Holder.invokeSpecial(java.lang.Object, java.lang.Object, java.lang.Object, java.lang.Object, java.lang.Object, java.lang.Object, java.lang.Object, java.lang.Object, java.lang.Object, java.lang.Object, java.lang.Object)'> (0x000000008831f0a8) thrown at [./src/hotspot/share/interpreter/linkResolver.cpp, line 773]
Event: 72.863 Thread 0x000001e9a3607800 Exception <a 'java/lang/NoSuchMethodError'{0x0000000088b0cae0}: 'java.lang.Object java.lang.invoke.Invokers$Holder.linkToTargetMethod(java.lang.Object, java.lang.Object, java.lang.Object, java.lang.Object, java.lang.Object, java.lang.Object, java.lang.Object, java.lang.Object, java.lang.Object, java.lang.Object)'> (0x0000000088b0cae0) thrown at [./src/hotspot/share/interpreter/linkResolver.cpp, line 773]
Event: 72.902 Thread 0x000001e9a3602000 Exception <a 'java/lang/NoSuchMethodError'{0x0000000088a0e770}: 'java.lang.Object java.lang.invoke.DirectMethodHandle$Holder.invokeInterface(java.lang.Object, java.lang.Object, int)'> (0x0000000088a0e770) thrown at [./src/hotspot/share/interpreter/linkResolver.cpp, line 773]
Event: 72.905 Thread 0x000001e9a360a000 Exception <a 'java/lang/NoSuchMethodError'{0x0000000088a35008}: 'void java.lang.invoke.DirectMethodHandle$Holder.invokeSpecial(java.lang.Object, java.lang.Object, int, java.lang.Object, java.lang.Object, java.lang.Object, java.lang.Object)'> (0x0000000088a35008) thrown at [./src/hotspot/share/interpreter/linkResolver.cpp, line 773]
Event: 72.913 Thread 0x000001e9a3608800 Exception <a 'java/lang/NoSuchMethodError'{0x0000000088bd1418}: 'java.lang.Object java.lang.invoke.Invokers$Holder.linkToTargetMethod(java.lang.Object, int, java.lang.Object, java.lang.Object, java.lang.Object, java.lang.Object)'> (0x0000000088bd1418) thrown at [./src/hotspot/share/interpreter/linkResolver.cpp, line 773]
Event: 72.914 Thread 0x000001e9a360b000 Exception <a 'java/lang/NoSuchMethodError'{0x0000000088a49af8}: 'java.lang.Object java.lang.invoke.Invokers$Holder.linkToTargetMethod(java.lang.Object, int, java.lang.Object, java.lang.Object, java.lang.Object, java.lang.Object)'> (0x0000000088a49af8) thrown at [./src/hotspot/share/interpreter/linkResolver.cpp, line 773]
Event: 72.914 Thread 0x000001e9a360a000 Exception <a 'java/lang/NoSuchMethodError'{0x0000000088a4c030}: 'java.lang.Object java.lang.invoke.Invokers$Holder.linkToTargetMethod(java.lang.Object, int, java.lang.Object, java.lang.Object, java.lang.Object, java.lang.Object)'> (0x0000000088a4c030) thrown at [./src/hotspot/share/interpreter/linkResolver.cpp, line 773]
Event: 72.915 Thread 0x000001e9a3608800 Exception <a 'java/lang/NoSuchMethodError'{0x0000000088a516c0}: 'void java.lang.invoke.DirectMethodHandle$Holder.invokeSpecial(java.lang.Object, java.lang.Object, java.lang.Object, java.lang.Object, java.lang.Object, java.lang.Object, java.lang.Object, java.lang.Object, java.lang.Object)'> (0x0000000088a516c0) thrown at [./src/hotspot/share/interpreter/linkResolver.cpp, line 773]
Event: 72.915 Thread 0x000001e9a360b000 Exception <a 'java/lang/NoSuchMethodError'{0x0000000088a5c5c0}: 'void java.lang.invoke.DirectMethodHandle$Holder.invokeSpecial(java.lang.Object, java.lang.Object, java.lang.Object, java.lang.Object, java.lang.Object, java.lang.Object, java.lang.Object, java.lang.Object, java.lang.Object)'> (0x0000000088a5c5c0) thrown at [./src/hotspot/share/interpreter/linkResolver.cpp, line 773]
Event: 72.921 Thread 0x000001e9a3608800 Exception <a 'java/lang/NoSuchMethodError'{0x0000000088a68878}: 'void java.lang.invoke.DirectMethodHandle$Holder.invokeStatic(java.lang.Object, java.lang.Object, java.lang.Object, java.lang.Object, java.lang.Object, java.lang.Object, java.lang.Object, java.lang.Object)'> (0x0000000088a68878) thrown at [./src/hotspot/share/interpreter/linkResolver.cpp, line 773]
Event: 72.927 Thread 0x000001e9a360b000 Exception <a 'java/lang/NoSuchMethodError'{0x0000000088ad6d68}: 'void java.lang.invoke.DirectMethodHandle$Holder.invokeStatic(java.lang.Object, java.lang.Object, java.lang.Object, java.lang.Object, java.lang.Object, java.lang.Object, java.lang.Object, java.lang.Object)'> (0x0000000088ad6d68) thrown at [./src/hotspot/share/interpreter/linkResolver.cpp, line 773]
Event: 72.929 Thread 0x000001e9a360a000 Exception <a 'java/lang/NoSuchMethodError'{0x0000000088a92140}: 'void java.lang.invoke.DirectMethodHandle$Holder.invokeStatic(java.lang.Object, java.lang.Object, java.lang.Object, java.lang.Object, java.lang.Object, java.lang.Object, java.lang.Object, java.lang.Object)'> (0x0000000088a92140) thrown at [./src/hotspot/share/interpreter/linkResolver.cpp, line 773]
Event: 72.991 Thread 0x000001e9a3607800 Exception <a 'java/lang/IncompatibleClassChangeError'{0x0000000088873ac0}: Found class java.lang.Object, but interface was expected> (0x0000000088873ac0) thrown at [./src/hotspot/share/interpreter/linkResolver.cpp, line 839]
Event: 73.263 Thread 0x000001e9a360b000 Exception <a 'java/lang/IncompatibleClassChangeError'{0x0000000088756b08}: Found class java.lang.Object, but interface was expected> (0x0000000088756b08) thrown at [./src/hotspot/share/interpreter/linkResolver.cpp, line 839]
Event: 73.597 Thread 0x000001e9a360b000 Exception <a 'java/lang/NoSuchMethodError'{0x0000000088995b50}: 'void java.lang.invoke.DirectMethodHandle$Holder.invokeVirtual(java.lang.Object, java.lang.Object, int)'> (0x0000000088995b50) thrown at [./src/hotspot/share/interpreter/linkResolver.cpp, line 773]
Event: 73.790 Thread 0x000001e9a3602000 Exception <a 'sun/nio/fs/WindowsException'{0x00000000884ddc20}> (0x00000000884ddc20) thrown at [./src/hotspot/share/prims/jni.cpp, line 615]
Event: 74.748 Thread 0x000001e9a3607800 Exception <a 'sun/nio/fs/WindowsException'{0x00000000889da138}> (0x00000000889da138) thrown at [./src/hotspot/share/prims/jni.cpp, line 615]
Event: 74.785 Thread 0x000001e9a3607800 Exception <a 'sun/nio/fs/WindowsException'{0x0000000088857dd0}> (0x0000000088857dd0) thrown at [./src/hotspot/share/prims/jni.cpp, line 615]

Events (20 events):
Event: 74.823 Executing VM operation: RevokeBias done
Event: 74.827 Executing VM operation: BulkRevokeBias
Event: 74.830 Executing VM operation: BulkRevokeBias done
Event: 74.997 Executing VM operation: G1CollectForAllocation
Event: 75.008 Executing VM operation: G1CollectForAllocation done
Event: 75.461 loading class org/gradle/api/internal/artifacts/transform/DefaultTransformUpstreamDependenciesResolver$TransformUpstreamDependenciesImpl
Event: 75.461 loading class org/gradle/api/internal/artifacts/transform/DefaultTransformUpstreamDependenciesResolver$TransformUpstreamDependenciesImpl done
Event: 75.464 Executing VM operation: Deoptimize
Event: 75.467 Executing VM operation: Deoptimize done
Event: 75.468 loading class org/gradle/api/internal/artifacts/transform/DefaultTransformUpstreamDependenciesResolver$FinalizeTransformDependenciesFromSelectedArtifacts
Event: 75.468 loading class org/gradle/api/internal/artifacts/transform/DefaultTransformUpstreamDependenciesResolver$FinalizeTransformDependenciesFromSelectedArtifacts done
Event: 75.470 loading class org/gradle/api/internal/artifacts/transform/DefaultTransformUpstreamDependenciesResolver$FinalizeTransformDependencies
Event: 75.470 loading class org/gradle/api/internal/artifacts/transform/DefaultTransformUpstreamDependenciesResolver$FinalizeTransformDependencies done
Event: 75.500 loading class org/gradle/api/artifacts/component/ComponentIdentifier
Event: 75.500 loading class org/gradle/api/artifacts/component/ComponentIdentifier done
Event: 75.502 loading class org/gradle/api/internal/artifacts/transform/DefaultArtifactTransformDependencies
Event: 75.502 loading class org/gradle/api/internal/artifacts/transform/DefaultArtifactTransformDependencies done
Event: 75.503 Executing VM operation: Deoptimize
Event: 75.506 Executing VM operation: Deoptimize done
Event: 75.719 Executing VM operation: G1CollectForAllocation


Dynamic libraries:
0x00007ff6337b0000 - 0x00007ff6337ba000 	C:\Program Files\Android\Android Studio\jre\bin\java.exe
0x00007ffc26590000 - 0x00007ffc26785000 	C:\WINDOWS\SYSTEM32\ntdll.dll
0x00007ffc25640000 - 0x00007ffc256fe000 	C:\WINDOWS\System32\KERNEL32.DLL
0x00007ffc24310000 - 0x00007ffc245d8000 	C:\WINDOWS\System32\KERNELBASE.dll
0x00007ffc24210000 - 0x00007ffc24310000 	C:\WINDOWS\System32\ucrtbase.dll
0x00007ffc138d0000 - 0x00007ffc138e7000 	C:\Program Files\Android\Android Studio\jre\bin\VCRUNTIME140.dll
0x00007ffc12fe0000 - 0x00007ffc12ff9000 	C:\Program Files\Android\Android Studio\jre\bin\jli.dll
0x00007ffc26110000 - 0x00007ffc262b1000 	C:\WINDOWS\System32\USER32.dll
0x00007ffc0ad10000 - 0x00007ffc0afaa000 	C:\WINDOWS\WinSxS\amd64_microsoft.windows.common-controls_6595b64144ccf1df_6.0.19041.1110_none_60b5254171f9507e\COMCTL32.dll
0x00007ffc23e80000 - 0x00007ffc23ea2000 	C:\WINDOWS\System32\win32u.dll
0x00007ffc24c20000 - 0x00007ffc24cbe000 	C:\WINDOWS\System32\msvcrt.dll
0x00007ffc25fd0000 - 0x00007ffc25ffb000 	C:\WINDOWS\System32\GDI32.dll
0x00007ffc23d70000 - 0x00007ffc23e7b000 	C:\WINDOWS\System32\gdi32full.dll
0x00007ffc24060000 - 0x00007ffc240fd000 	C:\WINDOWS\System32\msvcp_win.dll
0x00007ffc25360000 - 0x00007ffc25390000 	C:\WINDOWS\System32\IMM32.DLL
0x00007ffbf69c0000 - 0x00007ffbf6a5d000 	C:\Program Files\Android\Android Studio\jre\bin\msvcp140.dll
0x00007ffbd3650000 - 0x00007ffbd411f000 	C:\Program Files\Android\Android Studio\jre\bin\server\jvm.dll
0x00007ffc25180000 - 0x00007ffc2522c000 	C:\WINDOWS\System32\ADVAPI32.dll
0x00007ffc26070000 - 0x00007ffc2610b000 	C:\WINDOWS\System32\sechost.dll
0x00007ffc26350000 - 0x00007ffc2647a000 	C:\WINDOWS\System32\RPCRT4.dll
0x00007ffc26000000 - 0x00007ffc26008000 	C:\WINDOWS\System32\PSAPI.DLL
0x00007ffc21d40000 - 0x00007ffc21d49000 	C:\WINDOWS\SYSTEM32\WSOCK32.dll
0x00007ffc17a10000 - 0x00007ffc17a37000 	C:\WINDOWS\SYSTEM32\WINMM.dll
0x00007ffc21c50000 - 0x00007ffc21c5a000 	C:\WINDOWS\SYSTEM32\VERSION.dll
0x00007ffc25f60000 - 0x00007ffc25fcb000 	C:\WINDOWS\System32\WS2_32.dll
0x00007ffc224f0000 - 0x00007ffc22502000 	C:\WINDOWS\SYSTEM32\kernel.appcore.dll
0x00007ffc1f4b0000 - 0x00007ffc1f4c1000 	C:\Program Files\Android\Android Studio\jre\bin\verify.dll
0x00007ffc11480000 - 0x00007ffc11664000 	C:\WINDOWS\SYSTEM32\DBGHELP.DLL
0x00007ffc0e3b0000 - 0x00007ffc0e3dc000 	C:\WINDOWS\SYSTEM32\dbgcore.DLL
0x00007ffc23cb0000 - 0x00007ffc23d33000 	C:\WINDOWS\System32\bcryptPrimitives.dll
0x00007ffc1ecd0000 - 0x00007ffc1ecf9000 	C:\Program Files\Android\Android Studio\jre\bin\java.dll
0x00007ffc21090000 - 0x00007ffc2109b000 	C:\Program Files\Android\Android Studio\jre\bin\jimage.dll
0x00007ffc1f490000 - 0x00007ffc1f4a8000 	C:\Program Files\Android\Android Studio\jre\bin\zip.dll
0x00007ffc25820000 - 0x00007ffc25f5f000 	C:\WINDOWS\System32\SHELL32.dll
0x00007ffc21d50000 - 0x00007ffc224e0000 	C:\WINDOWS\SYSTEM32\windows.storage.dll
0x00007ffc24e20000 - 0x00007ffc25175000 	C:\WINDOWS\System32\combase.dll
0x00007ffc23630000 - 0x00007ffc2365e000 	C:\WINDOWS\SYSTEM32\Wldp.dll
0x00007ffc24ce0000 - 0x00007ffc24d8d000 	C:\WINDOWS\System32\SHCORE.dll
0x00007ffc257c0000 - 0x00007ffc25815000 	C:\WINDOWS\System32\shlwapi.dll
0x00007ffc23bf0000 - 0x00007ffc23c0f000 	C:\WINDOWS\SYSTEM32\profapi.dll
0x00007ffc1eb80000 - 0x00007ffc1eb9a000 	C:\Program Files\Android\Android Studio\jre\bin\net.dll
0x00007ffc128f0000 - 0x00007ffc129fc000 	C:\WINDOWS\SYSTEM32\WINHTTP.dll
0x00007ffc23340000 - 0x00007ffc233aa000 	C:\WINDOWS\system32\mswsock.dll
0x00007ffc1ea30000 - 0x00007ffc1ea44000 	C:\Program Files\Android\Android Studio\jre\bin\nio.dll
0x00007ffc1e670000 - 0x00007ffc1e697000 	C:\Users\souvik dey\.gradle\native\8bec1ad78214c89d9ad589b4d07fe93259594b29d510b10fafb7a158f7737e5d\windows-amd64\native-platform.dll
0x00007ffbff190000 - 0x00007ffbff2cd000 	C:\Users\souvik dey\.gradle\native\53dbd7edfb1c66fb8903c78663c9afc45aea4f116125fa6feffd364cf09443e8\windows-amd64\native-platform-file-events.dll
0x00007ffc21040000 - 0x00007ffc2104a000 	C:\Program Files\Android\Android Studio\jre\bin\management.dll
0x00007ffc1eb70000 - 0x00007ffc1eb7c000 	C:\Program Files\Android\Android Studio\jre\bin\management_ext.dll
0x00007ffc234f0000 - 0x00007ffc23508000 	C:\WINDOWS\SYSTEM32\CRYPTSP.dll
0x00007ffc22cd0000 - 0x00007ffc22d04000 	C:\WINDOWS\system32\rsaenh.dll
0x00007ffc23d40000 - 0x00007ffc23d67000 	C:\WINDOWS\System32\bcrypt.dll
0x00007ffc23b70000 - 0x00007ffc23b9e000 	C:\WINDOWS\SYSTEM32\USERENV.dll
0x00007ffc23510000 - 0x00007ffc2351c000 	C:\WINDOWS\SYSTEM32\CRYPTBASE.dll
0x00007ffc23040000 - 0x00007ffc2307b000 	C:\WINDOWS\SYSTEM32\IPHLPAPI.DLL
0x00007ffc24790000 - 0x00007ffc24798000 	C:\WINDOWS\System32\NSI.dll
0x00007ffc1b3c0000 - 0x00007ffc1b3d7000 	C:\WINDOWS\SYSTEM32\dhcpcsvc6.DLL
0x00007ffc1cad0000 - 0x00007ffc1caed000 	C:\WINDOWS\SYSTEM32\dhcpcsvc.DLL
0x00007ffc23080000 - 0x00007ffc2314b000 	C:\WINDOWS\SYSTEM32\DNSAPI.dll
0x00007ffc0a4c0000 - 0x00007ffc0a4de000 	C:\Users\souvik dey\AppData\Local\Temp\native-platform9169794538427043568dir\native-platform.dll
0x00007ffc1a9d0000 - 0x00007ffc1a9d8000 	C:\Program Files\Android\Android Studio\jre\bin\rmi.dll
0x00007ffbd6a60000 - 0x00007ffbd6a77000 	C:\WINDOWS\system32\napinsp.dll
0x00007ffbd6a40000 - 0x00007ffbd6a5b000 	C:\WINDOWS\system32\pnrpnsp.dll
0x00007ffc1f410000 - 0x00007ffc1f42d000 	C:\WINDOWS\system32\NLAapi.dll
0x00007ffc00ca0000 - 0x00007ffc00cb5000 	C:\WINDOWS\system32\wshbth.dll
0x00007ffbd6a20000 - 0x00007ffbd6a32000 	C:\WINDOWS\System32\winrnr.dll
0x00007ffc10470000 - 0x00007ffc1047a000 	C:\Windows\System32\rasadhlp.dll
0x00007ffc149e0000 - 0x00007ffc14a5f000 	C:\WINDOWS\System32\fwpuclnt.dll

dbghelp: loaded successfully - version: 4.0.5 - missing functions: none
symbol engine: initialized successfully - sym options: 0x614 - pdb path: .;C:\Program Files\Android\Android Studio\jre\bin;C:\WINDOWS\SYSTEM32;C:\WINDOWS\WinSxS\amd64_microsoft.windows.common-controls_6595b64144ccf1df_6.0.19041.1110_none_60b5254171f9507e;C:\Program Files\Android\Android Studio\jre\bin\server;C:\Users\souvik dey\.gradle\native\8bec1ad78214c89d9ad589b4d07fe93259594b29d510b10fafb7a158f7737e5d\windows-amd64;C:\Users\souvik dey\.gradle\native\53dbd7edfb1c66fb8903c78663c9afc45aea4f116125fa6feffd364cf09443e8\windows-amd64;C:\Users\souvik dey\AppData\Local\Temp\native-platform9169794538427043568dir

VM Arguments:
jvm_args: --add-opens=java.base/java.util=ALL-UNNAMED --add-opens=java.base/java.lang=ALL-UNNAMED --add-opens=java.base/java.lang.invoke=ALL-UNNAMED --add-opens=java.base/java.util=ALL-UNNAMED --add-opens=java.prefs/java.util.prefs=ALL-UNNAMED --add-opens=java.prefs/java.util.prefs=ALL-UNNAMED --add-opens=java.base/java.nio.charset=ALL-UNNAMED --add-opens=java.base/java.net=ALL-UNNAMED --add-opens=java.base/java.util.concurrent.atomic=ALL-UNNAMED -Xmx2048m -Dfile.encoding=UTF-8 -Duser.country=IN -Duser.language=en -Duser.variant 
java_command: org.gradle.launcher.daemon.bootstrap.GradleDaemon 7.0.2
java_class_path (initial): C:\Users\souvik dey\.gradle\wrapper\dists\gradle-7.0.2-bin\857tjihv64xamwrf0h14cai3r\gradle-7.0.2\lib\gradle-launcher-7.0.2.jar
Launcher Type: SUN_STANDARD

[Global flags]
     intx CICompilerCount                          = 4                                         {product} {ergonomic}
     uint ConcGCThreads                            = 2                                         {product} {ergonomic}
     uint G1ConcRefinementThreads                  = 8                                         {product} {ergonomic}
   size_t G1HeapRegionSize                         = 1048576                                   {product} {ergonomic}
    uintx GCDrainStackTargetSize                   = 64                                        {product} {ergonomic}
   size_t InitialHeapSize                          = 100663296                                 {product} {ergonomic}
   size_t MarkStackSize                            = 4194304                                   {product} {ergonomic}
   size_t MaxHeapSize                              = 2147483648                                {product} {command line}
   size_t MaxNewSize                               = 1287651328                                {product} {ergonomic}
   size_t MinHeapDeltaBytes                        = 1048576                                   {product} {ergonomic}
    uintx NonNMethodCodeHeapSize                   = 5836300                                {pd product} {ergonomic}
    uintx NonProfiledCodeHeapSize                  = 122910970                              {pd product} {ergonomic}
    uintx ProfiledCodeHeapSize                     = 122910970                              {pd product} {ergonomic}
    uintx ReservedCodeCacheSize                    = 251658240                              {pd product} {ergonomic}
     bool SegmentedCodeCache                       = true                                      {product} {ergonomic}
     bool UseCompressedClassPointers               = true                                 {lp64_product} {ergonomic}
     bool UseCompressedOops                        = true                                 {lp64_product} {ergonomic}
     bool UseG1GC                                  = true                                      {product} {ergonomic}
     bool UseLargePagesIndividualAllocation        = false                                  {pd product} {ergonomic}

Logging:
Log output configuration:
 #0: stdout all=warning uptime,level,tags
 #1: stderr all=off uptime,level,tags

Environment Variables:
PATH=C:\python 3.9.1\Scripts\;C:\python 3.9.1\;C:\WINDOWS\system32;C:\WINDOWS;C:\WINDOWS\System32\Wbem;C:\WINDOWS\System32\WindowsPowerShell\v1.0\;C:\WINDOWS\System32\OpenSSH\;C:\MinGW\bin;C:\Program Files\Git\cmd;C:\Users\souvik dey\AppData\Local\Microsoft\WindowsApps;C:\Users\souvik dey\AppData\Local\atom\bin
USERNAME=souvik dey
OS=Windows_NT
PROCESSOR_IDENTIFIER=AMD64 Family 23 Model 24 Stepping 1, AuthenticAMD



---------------  S Y S T E M  ---------------

OS: Windows 10 , 64 bit Build 19041 (10.0.19041.1348)
OS uptime: 13 days 15:02 hours
Hyper-V role detected

CPU:total 8 (initial active 8) (8 cores per cpu, 2 threads per core) family 23 model 24 stepping 1 microcode 0x0, cmov, cx8, fxsr, mmx, sse, sse2, sse3, ssse3, sse4.1, sse4.2, popcnt, avx, avx2, aes, clmul, mmxext, 3dnowpref, lzcnt, sse4a, ht, tsc, tscinvbit, tscinv, bmi1, bmi2, adx, s

Memory: 4k page, system-wide physical 6058M (431M free)
TotalPageFile size 24490M (AvailPageFile size 6M)
current process WorkingSet (physical memory assigned to process): 385M, peak: 385M
current process commit charge ("private bytes"): 496M, peak: 522M

vm_info: OpenJDK 64-Bit Server VM (11.0.10+0-b96-7249189) for windows-amd64 JRE (11.0.10+0-b96-7249189), built on Mar 31 2021 21:44:00 by "builder" with MS VC++ 14.0 (VS2015)

END.
