#
# There is insufficient memory for the Java Runtime Environment to continue.
# Native memory allocation (mmap) failed to map 68157440 bytes for Failed to commit area from 0x000000008cd00000 to 0x0000000090e00000 of length 68157440.
# Possible reasons:
#   The system is out of physical RAM or swap space
#   The process is running with CompressedOops enabled, and the Java Heap may be blocking the growth of the native heap
# Possible solutions:
#   Reduce memory load on the system
#   Increase physical memory or swap space
#   Check if swap backing store is full
#   Decrease Java heap size (-Xmx/-Xms)
#   Decrease number of Java threads
#   Decrease Java thread stack sizes (-Xss)
#   Set larger code cache with -XX:ReservedCodeCacheSize=
#   JVM is running with Unscaled Compressed Oops mode in which the Java heap is
#     placed in the first 4GB address space. The Java Heap base address is the
#     maximum limit for the native heap growth. Please use -XX:HeapBaseMinAddress
#     to set the Java Heap base and to place the Java Heap above 4GB virtual address.
# This output file may be truncated or incomplete.
#
#  Out of Memory Error (./src/hotspot/os/windows/os_windows.cpp:3301), pid=28000, tid=17668
#
# JRE version: OpenJDK Runtime Environment (11.0.10) (build 11.0.10+0-b96-7249189)
# Java VM: OpenJDK 64-Bit Server VM (11.0.10+0-b96-7249189, mixed mode, tiered, compressed oops, g1 gc, windows-amd64)
# No core dump will be written. Minidumps are not enabled by default on client versions of Windows
#

---------------  S U M M A R Y ------------

Command Line: --add-opens=java.base/java.util=ALL-UNNAMED --add-opens=java.base/java.lang=ALL-UNNAMED --add-opens=java.base/java.lang.invoke=ALL-UNNAMED --add-opens=java.base/java.util=ALL-UNNAMED --add-opens=java.prefs/java.util.prefs=ALL-UNNAMED --add-opens=java.prefs/java.util.prefs=ALL-UNNAMED --add-opens=java.base/java.nio.charset=ALL-UNNAMED --add-opens=java.base/java.net=ALL-UNNAMED --add-opens=java.base/java.util.concurrent.atomic=ALL-UNNAMED -Xmx2048m -Dfile.encoding=UTF-8 -Duser.country=IN -Duser.language=en -Duser.variant org.gradle.launcher.daemon.bootstrap.GradleDaemon 7.0.2

Host: AMD Ryzen 5 3500U with Radeon Vega Mobile Gfx  , 8 cores, 5G,  Windows 10 , 64 bit Build 19041 (10.0.19041.1348)
Time: Tue Nov 30 11:42:32 2021 India Standard Time elapsed time: 51.929919 seconds (0d 0h 0m 51s)

---------------  T H R E A D  ---------------

Current thread (0x0000021c69f7e000):  VMThread "VM Thread" [stack: 0x000000e673300000,0x000000e673400000] [id=17668]

Stack: [0x000000e673300000,0x000000e673400000]
[error occurred during error reporting (printing stack bounds), id 0xc0000005, EXCEPTION_ACCESS_VIOLATION (0xc0000005) at pc=0x0000021c535f0f2d]

Native frames: (J=compiled Java code, j=interpreted, Vv=VM code, C=native code)
V  [jvm.dll+0x5ecfaa]
V  [jvm.dll+0x722bd5]
V  [jvm.dll+0x72412d]
V  [jvm.dll+0x724745]
V  [jvm.dll+0x7246fb]
V  [jvm.dll+0x5ec348]
V  [jvm.dll+0x5ecad8]
C  [ntdll.dll+0xa20cf]
C  [ntdll.dll+0x51454]
C  [ntdll.dll+0xa0bfe]
C  0x0000021c535f0f2d

VM_Operation (0x000000e6768fa410): G1CollectForAllocation, mode: safepoint, requested by thread 0x0000021c6d31d000


---------------  P R O C E S S  ---------------

Threads class SMR info:
_java_thread_list=0x0000021c74e36ad0, length=64, elements={
0x0000021c4fb09800, 0x0000021c69f83000, 0x0000021c69f8d000, 0x0000021c6a943000,
0x0000021c69f9d800, 0x0000021c69fa0800, 0x0000021c69fa6800, 0x0000021c69fa9000,
0x0000021c69fae800, 0x0000021c6aa82000, 0x0000021c6bc27000, 0x0000021c6bc21000,
0x0000021c6bc23800, 0x0000021c6bc25800, 0x0000021c6bc23000, 0x0000021c6c960000,
0x0000021c6c961800, 0x0000021c6c963000, 0x0000021c6c960800, 0x0000021c6c962800,
0x0000021c6c95d800, 0x0000021c6c964000, 0x0000021c6c964800, 0x0000021c6c95f000,
0x0000021c6c96b800, 0x0000021c6c969800, 0x0000021c6c968000, 0x0000021c6c965800,
0x0000021c6c966800, 0x0000021c6d316000, 0x0000021c6d321800, 0x0000021c6d320800,
0x0000021c6bc27800, 0x0000021c6bc26000, 0x0000021c6bc22000, 0x0000021c6bc24800,
0x0000021c6d319000, 0x0000021c6d316800, 0x0000021c6d31b000, 0x0000021c6d31a000,
0x0000021c6d315000, 0x0000021c6d31c800, 0x0000021c6d31b800, 0x0000021c6d31e000,
0x0000021c6d323000, 0x0000021c6d31d000, 0x0000021c6d324000, 0x0000021c6d31f000,
0x0000021c6d31f800, 0x0000021c6c95c800, 0x0000021c6c95e000, 0x0000021c6c967000,
0x0000021c6c969000, 0x0000021c74d6c800, 0x0000021c74d6c000, 0x0000021c74d6b000,
0x0000021c74d6d800, 0x0000021c74d6e800, 0x0000021c74d68800, 0x0000021c74d6f000,
0x0000021c74d69800, 0x0000021c74d70000, 0x0000021c74d6a000, 0x0000021c74d71800
}

Java Threads: ( => current thread )
  0x0000021c4fb09800 JavaThread "main" [_thread_blocked, id=9472, stack(0x000000e672d00000,0x000000e672e00000)]
  0x0000021c69f83000 JavaThread "Reference Handler" daemon [_thread_blocked, id=22872, stack(0x000000e673400000,0x000000e673500000)]
  0x0000021c69f8d000 JavaThread "Finalizer" daemon [_thread_blocked, id=30740, stack(0x000000e673500000,0x000000e673600000)]
  0x0000021c6a943000 JavaThread "Signal Dispatcher" daemon [_thread_blocked, id=1612, stack(0x000000e673600000,0x000000e673700000)]
  0x0000021c69f9d800 JavaThread "Attach Listener" daemon [_thread_blocked, id=29720, stack(0x000000e673700000,0x000000e673800000)]
  0x0000021c69fa0800 JavaThread "Service Thread" daemon [_thread_blocked, id=31612, stack(0x000000e673800000,0x000000e673900000)]
  0x0000021c69fa6800 JavaThread "C2 CompilerThread0" daemon [_thread_in_native, id=25712, stack(0x000000e673900000,0x000000e673a00000)]
  0x0000021c69fa9000 JavaThread "C1 CompilerThread0" daemon [_thread_blocked, id=20356, stack(0x000000e673a00000,0x000000e673b00000)]
  0x0000021c69fae800 JavaThread "Sweeper thread" daemon [_thread_blocked, id=30508, stack(0x000000e673b00000,0x000000e673c00000)]
  0x0000021c6aa82000 JavaThread "Common-Cleaner" daemon [_thread_blocked, id=22020, stack(0x000000e673c00000,0x000000e673d00000)]
  0x0000021c6bc27000 JavaThread "Daemon health stats" [_thread_blocked, id=30048, stack(0x000000e673f00000,0x000000e674000000)]
  0x0000021c6bc21000 JavaThread "Incoming local TCP Connector on port 53151" [_thread_in_native, id=1960, stack(0x000000e674200000,0x000000e674300000)]
  0x0000021c6bc23800 JavaThread "Daemon periodic checks" [_thread_blocked, id=7964, stack(0x000000e674300000,0x000000e674400000)]
  0x0000021c6bc25800 JavaThread "Daemon" [_thread_blocked, id=29216, stack(0x000000e674400000,0x000000e674500000)]
  0x0000021c6bc23000 JavaThread "Daemon worker" [_thread_blocked, id=25864, stack(0x000000e674700000,0x000000e674800000)]
  0x0000021c6c960000 JavaThread "Cache worker for file hash cache (C:\Users\souvik dey\.gradle\caches\7.0.2\fileHashes)" [_thread_blocked, id=26424, stack(0x000000e674b00000,0x000000e674c00000)]
  0x0000021c6c961800 JavaThread "File lock request listener" [_thread_in_native, id=23688, stack(0x000000e674c00000,0x000000e674d00000)]
  0x0000021c6c963000 JavaThread "Cache worker for journal cache (C:\Users\souvik dey\.gradle\caches\journal-1)" [_thread_blocked, id=20604, stack(0x000000e675200000,0x000000e675300000)]
  0x0000021c6c960800 JavaThread "File watcher server" daemon [_thread_blocked, id=18720, stack(0x000000e675400000,0x000000e675500000)]
  0x0000021c6c962800 JavaThread "File watcher consumer" daemon [_thread_blocked, id=27256, stack(0x000000e675500000,0x000000e675600000)]
  0x0000021c6c95d800 JavaThread "jar transforms" [_thread_blocked, id=31596, stack(0x000000e675600000,0x000000e675700000)]
  0x0000021c6c964000 JavaThread "jar transforms Thread 2" [_thread_blocked, id=29032, stack(0x000000e675700000,0x000000e675800000)]
  0x0000021c6c964800 JavaThread "jar transforms Thread 3" [_thread_blocked, id=32512, stack(0x000000e675800000,0x000000e675900000)]
  0x0000021c6c95f000 JavaThread "jar transforms Thread 4" [_thread_blocked, id=2516, stack(0x000000e675900000,0x000000e675a00000)]
  0x0000021c6c96b800 JavaThread "jar transforms Thread 5" [_thread_blocked, id=14372, stack(0x000000e675a00000,0x000000e675b00000)]
  0x0000021c6c969800 JavaThread "jar transforms Thread 6" [_thread_blocked, id=13584, stack(0x000000e675b00000,0x000000e675c00000)]
  0x0000021c6c968000 JavaThread "jar transforms Thread 7" [_thread_blocked, id=29228, stack(0x000000e675c00000,0x000000e675d00000)]
  0x0000021c6c965800 JavaThread "jar transforms Thread 8" [_thread_blocked, id=30872, stack(0x000000e675d00000,0x000000e675e00000)]
  0x0000021c6c966800 JavaThread "Cache worker for execution history cache (C:\Users\souvik dey\.gradle\caches\7.0.2\executionHistory)" [_thread_blocked, id=28236, stack(0x000000e676100000,0x000000e676200000)]
  0x0000021c6d316000 JavaThread "Cache worker for file content cache (C:\Users\souvik dey\.gradle\caches\7.0.2\fileContent)" [_thread_blocked, id=28200, stack(0x000000e676200000,0x000000e676300000)]
  0x0000021c6d321800 JavaThread "Memory manager" [_thread_blocked, id=26324, stack(0x000000e676d00000,0x000000e676e00000)]
  0x0000021c6d320800 JavaThread "pool-3-thread-1" [_thread_blocked, id=28468, stack(0x000000e676e00000,0x000000e676f00000)]
  0x0000021c6bc27800 JavaThread "pool-6-thread-1" [_thread_blocked, id=32712, stack(0x000000e677100000,0x000000e677200000)]
  0x0000021c6bc26000 JavaThread "Handler for socket connection from /127.0.0.1:53151 to /127.0.0.1:53164" [_thread_in_native, id=27088, stack(0x000000e674800000,0x000000e674900000)]
  0x0000021c6bc22000 JavaThread "Cancel handler" [_thread_blocked, id=27708, stack(0x000000e674900000,0x000000e674a00000)]
  0x0000021c6bc24800 JavaThread "Asynchronous log dispatcher for DefaultDaemonConnection: socket connection from /127.0.0.1:53151 to /127.0.0.1:53164" [_thread_blocked, id=31124, stack(0x000000e674a00000,0x000000e674b00000)]
  0x0000021c6d319000 JavaThread "Stdin handler" [_thread_blocked, id=32300, stack(0x000000e675300000,0x000000e675400000)]
  0x0000021c6d316800 JavaThread "Daemon client event forwarder" [_thread_blocked, id=22832, stack(0x000000e675e00000,0x000000e675f00000)]
  0x0000021c6d31b000 JavaThread "Cache worker for file hash cache (E:\my programming\android projects\EasyDRAW\.gradle\7.0.2\fileHashes)" [_thread_blocked, id=27144, stack(0x000000e675f00000,0x000000e676000000)]
  0x0000021c6d31a000 JavaThread "Cache worker for checksums cache (E:\my programming\android projects\EasyDRAW\.gradle\checksums)" [_thread_blocked, id=24336, stack(0x000000e676000000,0x000000e676100000)]
  0x0000021c6d315000 JavaThread "Cache worker for cache directory md-supplier (C:\Users\souvik dey\.gradle\caches\7.0.2\md-supplier)" [_thread_blocked, id=9636, stack(0x000000e676300000,0x000000e676400000)]
  0x0000021c6d31c800 JavaThread "Cache worker for cache directory md-rule (C:\Users\souvik dey\.gradle\caches\7.0.2\md-rule)" [_thread_blocked, id=10420, stack(0x000000e676400000,0x000000e676500000)]
  0x0000021c6d31b800 JavaThread "Cache worker for dependencies-accessors (E:\my programming\android projects\EasyDRAW\.gradle\7.0.2\dependencies-accessors)" [_thread_blocked, id=17364, stack(0x000000e676500000,0x000000e676600000)]
  0x0000021c6d31e000 JavaThread "Cache worker for Build Output Cleanup Cache (E:\my programming\android projects\EasyDRAW\.gradle\buildOutputCleanup)" [_thread_blocked, id=5344, stack(0x000000e676600000,0x000000e676700000)]
  0x0000021c6d323000 JavaThread "Build operations" [_thread_blocked, id=24324, stack(0x000000e676700000,0x000000e676800000)]
  0x0000021c6d31d000 JavaThread "Build operations Thread 2" [_thread_blocked, id=31552, stack(0x000000e676800000,0x000000e676900000)]
  0x0000021c6d324000 JavaThread "Build operations Thread 3" [_thread_blocked, id=22048, stack(0x000000e676900000,0x000000e676a00000)]
  0x0000021c6d31f000 JavaThread "Build operations Thread 4" [_thread_blocked, id=16888, stack(0x000000e676a00000,0x000000e676b00000)]
  0x0000021c6d31f800 JavaThread "Build operations Thread 5" [_thread_blocked, id=20468, stack(0x000000e676b00000,0x000000e676c00000)]
  0x0000021c6c95c800 JavaThread "Build operations Thread 6" [_thread_blocked, id=32660, stack(0x000000e676c00000,0x000000e676d00000)]
  0x0000021c6c95e000 JavaThread "Build operations Thread 7" [_thread_blocked, id=30480, stack(0x000000e676f00000,0x000000e677000000)]
  0x0000021c6c967000 JavaThread "Build operations Thread 8" [_thread_blocked, id=22672, stack(0x000000e677000000,0x000000e677100000)]
  0x0000021c6c969000 JavaThread "build event listener" [_thread_blocked, id=32048, stack(0x000000e677200000,0x000000e677300000)]
  0x0000021c74d6c800 JavaThread "pool-9-thread-1" [_thread_blocked, id=9044, stack(0x000000e677300000,0x000000e677400000)]
  0x0000021c74d6c000 JavaThread "build event listener" [_thread_blocked, id=20108, stack(0x000000e677400000,0x000000e677500000)]
  0x0000021c74d6b000 JavaThread "Execution worker for ':'" [_thread_blocked, id=17744, stack(0x000000e677500000,0x000000e677600000)]
  0x0000021c74d6d800 JavaThread "Execution worker for ':' Thread 2" [_thread_blocked, id=32096, stack(0x000000e677600000,0x000000e677700000)]
  0x0000021c74d6e800 JavaThread "Execution worker for ':' Thread 3" [_thread_blocked, id=28716, stack(0x000000e677700000,0x000000e677800000)]
  0x0000021c74d68800 JavaThread "Execution worker for ':' Thread 4" [_thread_blocked, id=29824, stack(0x000000e677800000,0x000000e677900000)]
  0x0000021c74d6f000 JavaThread "Execution worker for ':' Thread 5" [_thread_blocked, id=10516, stack(0x000000e677900000,0x000000e677a00000)]
  0x0000021c74d69800 JavaThread "Execution worker for ':' Thread 6" [_thread_blocked, id=1068, stack(0x000000e677a00000,0x000000e677b00000)]
  0x0000021c74d70000 JavaThread "Execution worker for ':' Thread 7" [_thread_blocked, id=31436, stack(0x000000e677b00000,0x000000e677c00000)]
  0x0000021c74d6a000 JavaThread "Cache worker for execution history cache (E:\my programming\android projects\EasyDRAW\.gradle\7.0.2\executionHistory)" [_thread_blocked, id=29732, stack(0x000000e677c00000,0x000000e677d00000)]
  0x0000021c74d71800 JavaThread "WorkerExecutor Queue" [_thread_blocked, id=16108, stack(0x000000e677d00000,0x000000e677e00000)]

Other Threads:
=>0x0000021c69f7e000 VMThread "VM Thread" [stack: 0x000000e673300000,0x000000e673400000] [id=17668]
  0x0000021c6aac4800 WatcherThread [stack: 0x000000e673d00000,0x000000e673e00000] [id=28908]
  0x0000021c4fb22000 GCTaskThread "GC Thread#0" [stack: 0x000000e672e00000,0x000000e672f00000] [id=29288]
  0x0000021c6b4a1000 GCTaskThread "GC Thread#1" [stack: 0x000000e673e00000,0x000000e673f00000] [id=28028]
  0x0000021c6c091000 GCTaskThread "GC Thread#2" [stack: 0x000000e674000000,0x000000e674100000] [id=32724]
  0x0000021c6c423000 GCTaskThread "GC Thread#3" [stack: 0x000000e674100000,0x000000e674200000] [id=25028]
  0x0000021c6cd7d000 GCTaskThread "GC Thread#4" [stack: 0x000000e674d00000,0x000000e674e00000] [id=22784]
  0x0000021c6c20a800 GCTaskThread "GC Thread#5" [stack: 0x000000e674e00000,0x000000e674f00000] [id=28952]
  0x0000021c6c220800 GCTaskThread "GC Thread#6" [stack: 0x000000e674f00000,0x000000e675000000] [id=31804]
  0x0000021c6cadd800 GCTaskThread "GC Thread#7" [stack: 0x000000e675000000,0x000000e675100000] [id=28788]
  0x0000021c4fb53800 ConcurrentGCThread "G1 Main Marker" [stack: 0x000000e672f00000,0x000000e673000000] [id=18868]
  0x0000021c4fb54800 ConcurrentGCThread "G1 Conc#0" [stack: 0x000000e673000000,0x000000e673100000] [id=29016]
  0x0000021c6ca6b000 ConcurrentGCThread "G1 Conc#1" [stack: 0x000000e675100000,0x000000e675200000] [id=31300]
  0x0000021c4fbda000 ConcurrentGCThread "G1 Refine#0" [stack: 0x000000e673100000,0x000000e673200000] [id=1424]
  0x0000021c4fbdb000 ConcurrentGCThread "G1 Young RemSet Sampling" [stack: 0x000000e673200000,0x000000e673300000] [id=8536]

Threads with active compile tasks:
C2 CompilerThread0  51953 15146       4       org.objectweb.asm.ClassReader::readCode (5109 bytes)

VM state:at safepoint (normal execution)

VM Mutex/Monitor currently owned by a thread:  ([mutex/lock_event])
[0x0000021c4fb05bd0] Threads_lock - owner thread: 0x0000021c69f7e000
[0x0000021c4fb05360] Heap_lock - owner thread: 0x0000021c6d31d000

Heap address: 0x0000000080000000, size: 2048 MB, Compressed Oops mode: 32-bit
Narrow klass base: 0x0000000000000000, Narrow klass shift: 3
Compressed class space size: 1073741824 Address: 0x0000000100000000

Heap:
 garbage-first heap   total 276480K, used 155298K [0x0000000080000000, 0x0000000100000000)
  region size 1024K, 4 young (4096K), 4 survivors (4096K)
 Metaspace       used 120129K, capacity 123751K, committed 124032K, reserved 1157120K
  class space    used 15162K, capacity 16444K, committed 16512K, reserved 1048576K
Heap Regions: E=young(eden), S=young(survivor), O=old, HS=humongous(starts), HC=humongous(continues), CS=collection set, F=free, A=archive, TAMS=top-at-mark-start (previous, next)
|   0|0x0000000080000000, 0x0000000080100000, 0x0000000080100000|100%| O|  |TAMS 0x0000000080100000, 0x0000000080100000| Untracked 
|   1|0x0000000080100000, 0x0000000080200000, 0x0000000080200000|100%| O|  |TAMS 0x0000000080200000, 0x0000000080200000| Untracked 
|   2|0x0000000080200000, 0x0000000080300000, 0x0000000080300000|100%| O|  |TAMS 0x0000000080300000, 0x0000000080300000| Untracked 
|   3|0x0000000080300000, 0x0000000080400000, 0x0000000080400000|100%|HS|  |TAMS 0x0000000080400000, 0x0000000080400000| Complete 
|   4|0x0000000080400000, 0x0000000080500000, 0x0000000080500000|100%|HC|  |TAMS 0x0000000080500000, 0x0000000080500000| Complete 
|   5|0x0000000080500000, 0x0000000080600000, 0x0000000080600000|100%|HC|  |TAMS 0x0000000080600000, 0x0000000080600000| Complete 
|   6|0x0000000080600000, 0x0000000080700000, 0x0000000080700000|100%| O|  |TAMS 0x0000000080700000, 0x0000000080700000| Untracked 
|   7|0x0000000080700000, 0x0000000080800000, 0x0000000080800000|100%| O|  |TAMS 0x0000000080800000, 0x0000000080800000| Untracked 
|   8|0x0000000080800000, 0x0000000080900000, 0x0000000080900000|100%| O|  |TAMS 0x0000000080900000, 0x0000000080900000| Untracked 
|   9|0x0000000080900000, 0x0000000080a00000, 0x0000000080a00000|100%| O|  |TAMS 0x0000000080a00000, 0x0000000080a00000| Untracked 
|  10|0x0000000080a00000, 0x0000000080b00000, 0x0000000080b00000|100%| O|  |TAMS 0x0000000080b00000, 0x0000000080b00000| Untracked 
|  11|0x0000000080b00000, 0x0000000080c00000, 0x0000000080c00000|100%| O|  |TAMS 0x0000000080c00000, 0x0000000080c00000| Untracked 
|  12|0x0000000080c00000, 0x0000000080d00000, 0x0000000080d00000|100%| O|  |TAMS 0x0000000080d00000, 0x0000000080d00000| Untracked 
|  13|0x0000000080d00000, 0x0000000080e00000, 0x0000000080e00000|100%| O|  |TAMS 0x0000000080e00000, 0x0000000080e00000| Untracked 
|  14|0x0000000080e00000, 0x0000000080f00000, 0x0000000080f00000|100%|HS|  |TAMS 0x0000000080f00000, 0x0000000080f00000| Complete 
|  15|0x0000000080f00000, 0x0000000081000000, 0x0000000081000000|100%|HC|  |TAMS 0x0000000081000000, 0x0000000081000000| Complete 
|  16|0x0000000081000000, 0x0000000081100000, 0x0000000081100000|100%|HS|  |TAMS 0x0000000081100000, 0x0000000081100000| Complete 
|  17|0x0000000081100000, 0x0000000081200000, 0x0000000081200000|100%|HC|  |TAMS 0x0000000081200000, 0x0000000081200000| Complete 
|  18|0x0000000081200000, 0x0000000081300000, 0x0000000081300000|100%|HC|  |TAMS 0x0000000081300000, 0x0000000081300000| Complete 
|  19|0x0000000081300000, 0x0000000081400000, 0x0000000081400000|100%|HS|  |TAMS 0x0000000081400000, 0x0000000081400000| Complete 
|  20|0x0000000081400000, 0x0000000081500000, 0x0000000081500000|100%|HC|  |TAMS 0x0000000081500000, 0x0000000081500000| Complete 
|  21|0x0000000081500000, 0x0000000081600000, 0x0000000081600000|100%|HC|  |TAMS 0x0000000081600000, 0x0000000081600000| Complete 
|  22|0x0000000081600000, 0x0000000081700000, 0x0000000081700000|100%|HC|  |TAMS 0x0000000081700000, 0x0000000081700000| Complete 
|  23|0x0000000081700000, 0x0000000081800000, 0x0000000081800000|100%|HC|  |TAMS 0x0000000081800000, 0x0000000081800000| Complete 
|  24|0x0000000081800000, 0x0000000081900000, 0x0000000081900000|100%| O|  |TAMS 0x0000000081900000, 0x0000000081900000| Untracked 
|  25|0x0000000081900000, 0x0000000081a00000, 0x0000000081a00000|100%| O|  |TAMS 0x0000000081a00000, 0x0000000081a00000| Untracked 
|  26|0x0000000081a00000, 0x0000000081b00000, 0x0000000081b00000|100%| O|  |TAMS 0x0000000081b00000, 0x0000000081b00000| Untracked 
|  27|0x0000000081b00000, 0x0000000081c00000, 0x0000000081c00000|100%| O|  |TAMS 0x0000000081c00000, 0x0000000081c00000| Untracked 
|  28|0x0000000081c00000, 0x0000000081d00000, 0x0000000081d00000|100%| O|  |TAMS 0x0000000081d00000, 0x0000000081d00000| Untracked 
|  29|0x0000000081d00000, 0x0000000081e00000, 0x0000000081e00000|100%| O|  |TAMS 0x0000000081e00000, 0x0000000081e00000| Untracked 
|  30|0x0000000081e00000, 0x0000000081f00000, 0x0000000081f00000|100%| O|  |TAMS 0x0000000081f00000, 0x0000000081f00000| Untracked 
|  31|0x0000000081f00000, 0x0000000082000000, 0x0000000082000000|100%| O|  |TAMS 0x0000000082000000, 0x0000000082000000| Untracked 
|  32|0x0000000082000000, 0x0000000082100000, 0x0000000082100000|100%| O|  |TAMS 0x0000000082100000, 0x0000000082100000| Untracked 
|  33|0x0000000082100000, 0x0000000082200000, 0x0000000082200000|100%|HS|  |TAMS 0x0000000082200000, 0x0000000082200000| Complete 
|  34|0x0000000082200000, 0x0000000082300000, 0x0000000082300000|100%|HC|  |TAMS 0x0000000082300000, 0x0000000082300000| Complete 
|  35|0x0000000082300000, 0x0000000082400000, 0x0000000082400000|100%|HC|  |TAMS 0x0000000082400000, 0x0000000082400000| Complete 
|  36|0x0000000082400000, 0x0000000082500000, 0x0000000082500000|100%|HS|  |TAMS 0x0000000082500000, 0x0000000082500000| Complete 
|  37|0x0000000082500000, 0x0000000082600000, 0x0000000082600000|100%|HC|  |TAMS 0x0000000082600000, 0x0000000082600000| Complete 
|  38|0x0000000082600000, 0x0000000082700000, 0x0000000082700000|100%|HC|  |TAMS 0x0000000082700000, 0x0000000082700000| Complete 
|  39|0x0000000082700000, 0x0000000082800000, 0x0000000082800000|100%|HC|  |TAMS 0x0000000082800000, 0x0000000082800000| Complete 
|  40|0x0000000082800000, 0x0000000082900000, 0x0000000082900000|100%|HC|  |TAMS 0x0000000082900000, 0x0000000082900000| Complete 
|  41|0x0000000082900000, 0x0000000082a00000, 0x0000000082a00000|100%| O|  |TAMS 0x0000000082a00000, 0x0000000082a00000| Untracked 
|  42|0x0000000082a00000, 0x0000000082b00000, 0x0000000082b00000|100%| O|  |TAMS 0x0000000082b00000, 0x0000000082b00000| Untracked 
|  43|0x0000000082b00000, 0x0000000082c00000, 0x0000000082c00000|100%| O|  |TAMS 0x0000000082c00000, 0x0000000082c00000| Untracked 
|  44|0x0000000082c00000, 0x0000000082d00000, 0x0000000082d00000|100%| O|  |TAMS 0x0000000082d00000, 0x0000000082d00000| Untracked 
|  45|0x0000000082d00000, 0x0000000082e00000, 0x0000000082e00000|100%| O|  |TAMS 0x0000000082e00000, 0x0000000082e00000| Untracked 
|  46|0x0000000082e00000, 0x0000000082f00000, 0x0000000082f00000|100%| O|  |TAMS 0x0000000082f00000, 0x0000000082f00000| Untracked 
|  47|0x0000000082f00000, 0x0000000083000000, 0x0000000083000000|100%| O|  |TAMS 0x0000000083000000, 0x0000000083000000| Untracked 
|  48|0x0000000083000000, 0x0000000083100000, 0x0000000083100000|100%| O|  |TAMS 0x0000000083100000, 0x0000000083100000| Untracked 
|  49|0x0000000083100000, 0x0000000083200000, 0x0000000083200000|100%| O|  |TAMS 0x0000000083200000, 0x0000000083200000| Untracked 
|  50|0x0000000083200000, 0x0000000083300000, 0x0000000083300000|100%| O|  |TAMS 0x0000000083300000, 0x0000000083300000| Untracked 
|  51|0x0000000083300000, 0x0000000083400000, 0x0000000083400000|100%| O|  |TAMS 0x0000000083400000, 0x0000000083400000| Untracked 
|  52|0x0000000083400000, 0x0000000083500000, 0x0000000083500000|100%| O|  |TAMS 0x0000000083500000, 0x0000000083500000| Untracked 
|  53|0x0000000083500000, 0x0000000083600000, 0x0000000083600000|100%| O|  |TAMS 0x0000000083600000, 0x0000000083600000| Untracked 
|  54|0x0000000083600000, 0x0000000083700000, 0x0000000083700000|100%| O|  |TAMS 0x0000000083700000, 0x0000000083700000| Untracked 
|  55|0x0000000083700000, 0x0000000083800000, 0x0000000083800000|100%|HS|  |TAMS 0x0000000083800000, 0x0000000083800000| Complete 
|  56|0x0000000083800000, 0x0000000083900000, 0x0000000083900000|100%|HS|  |TAMS 0x0000000083900000, 0x0000000083900000| Complete 
|  57|0x0000000083900000, 0x0000000083a00000, 0x0000000083a00000|100%|HS|  |TAMS 0x0000000083a00000, 0x0000000083a00000| Complete 
|  58|0x0000000083a00000, 0x0000000083b00000, 0x0000000083b00000|100%| O|  |TAMS 0x0000000083b00000, 0x0000000083b00000| Untracked 
|  59|0x0000000083b00000, 0x0000000083c00000, 0x0000000083c00000|100%|HS|  |TAMS 0x0000000083c00000, 0x0000000083c00000| Complete 
|  60|0x0000000083c00000, 0x0000000083d00000, 0x0000000083d00000|100%|HC|  |TAMS 0x0000000083d00000, 0x0000000083d00000| Complete 
|  61|0x0000000083d00000, 0x0000000083e00000, 0x0000000083e00000|100%|HC|  |TAMS 0x0000000083e00000, 0x0000000083e00000| Complete 
|  62|0x0000000083e00000, 0x0000000083f00000, 0x0000000083f00000|100%| O|  |TAMS 0x0000000083f00000, 0x0000000083f00000| Untracked 
|  63|0x0000000083f00000, 0x0000000084000000, 0x0000000084000000|100%| O|  |TAMS 0x0000000084000000, 0x0000000084000000| Untracked 
|  64|0x0000000084000000, 0x0000000084100000, 0x0000000084100000|100%| O|  |TAMS 0x0000000084100000, 0x0000000084100000| Untracked 
|  65|0x0000000084100000, 0x0000000084200000, 0x0000000084200000|100%| O|  |TAMS 0x0000000084200000, 0x0000000084200000| Untracked 
|  66|0x0000000084200000, 0x0000000084300000, 0x0000000084300000|100%|HS|  |TAMS 0x0000000084300000, 0x0000000084300000| Complete 
|  67|0x0000000084300000, 0x0000000084400000, 0x0000000084400000|100%|HC|  |TAMS 0x0000000084400000, 0x0000000084400000| Complete 
|  68|0x0000000084400000, 0x0000000084500000, 0x0000000084500000|100%| O|  |TAMS 0x0000000084500000, 0x0000000084500000| Untracked 
|  69|0x0000000084500000, 0x0000000084600000, 0x0000000084600000|100%| O|  |TAMS 0x0000000084600000, 0x0000000084600000| Untracked 
|  70|0x0000000084600000, 0x0000000084700000, 0x0000000084700000|100%| O|  |TAMS 0x0000000084700000, 0x0000000084700000| Untracked 
|  71|0x0000000084700000, 0x0000000084800000, 0x0000000084800000|100%| O|  |TAMS 0x0000000084800000, 0x0000000084800000| Untracked 
|  72|0x0000000084800000, 0x0000000084900000, 0x0000000084900000|100%| O|  |TAMS 0x0000000084800000, 0x0000000084900000| Untracked 
|  73|0x0000000084900000, 0x0000000084a00000, 0x0000000084a00000|100%| O|  |TAMS 0x0000000084a00000, 0x0000000084a00000| Untracked 
|  74|0x0000000084a00000, 0x0000000084b00000, 0x0000000084b00000|100%| O|  |TAMS 0x0000000084b00000, 0x0000000084b00000| Untracked 
|  75|0x0000000084b00000, 0x0000000084c00000, 0x0000000084c00000|100%| O|  |TAMS 0x0000000084c00000, 0x0000000084c00000| Untracked 
|  76|0x0000000084c00000, 0x0000000084d00000, 0x0000000084d00000|100%| O|  |TAMS 0x0000000084d00000, 0x0000000084d00000| Untracked 
|  77|0x0000000084d00000, 0x0000000084e00000, 0x0000000084e00000|100%| O|  |TAMS 0x0000000084e00000, 0x0000000084e00000| Untracked 
|  78|0x0000000084e00000, 0x0000000084f00000, 0x0000000084f00000|100%| O|  |TAMS 0x0000000084f00000, 0x0000000084f00000| Untracked 
|  79|0x0000000084f00000, 0x0000000085000000, 0x0000000085000000|100%| O|  |TAMS 0x0000000085000000, 0x0000000085000000| Untracked 
|  80|0x0000000085000000, 0x0000000085100000, 0x0000000085100000|100%| O|  |TAMS 0x0000000085100000, 0x0000000085100000| Untracked 
|  81|0x0000000085100000, 0x0000000085200000, 0x0000000085200000|100%| O|  |TAMS 0x0000000085200000, 0x0000000085200000| Untracked 
|  82|0x0000000085200000, 0x0000000085300000, 0x0000000085300000|100%| O|  |TAMS 0x0000000085300000, 0x0000000085300000| Untracked 
|  83|0x0000000085300000, 0x0000000085400000, 0x0000000085400000|100%| O|  |TAMS 0x0000000085400000, 0x0000000085400000| Untracked 
|  84|0x0000000085400000, 0x0000000085500000, 0x0000000085500000|100%| O|  |TAMS 0x0000000085500000, 0x0000000085500000| Untracked 
|  85|0x0000000085500000, 0x0000000085600000, 0x0000000085600000|100%| O|  |TAMS 0x0000000085600000, 0x0000000085600000| Untracked 
|  86|0x0000000085600000, 0x0000000085700000, 0x0000000085700000|100%| O|  |TAMS 0x0000000085700000, 0x0000000085700000| Untracked 
|  87|0x0000000085700000, 0x0000000085800000, 0x0000000085800000|100%| O|  |TAMS 0x0000000085800000, 0x0000000085800000| Untracked 
|  88|0x0000000085800000, 0x0000000085900000, 0x0000000085900000|100%| O|  |TAMS 0x0000000085900000, 0x0000000085900000| Untracked 
|  89|0x0000000085900000, 0x0000000085a00000, 0x0000000085a00000|100%| O|  |TAMS 0x0000000085a00000, 0x0000000085a00000| Untracked 
|  90|0x0000000085a00000, 0x0000000085b00000, 0x0000000085b00000|100%| O|  |TAMS 0x0000000085a00000, 0x0000000085b00000| Untracked 
|  91|0x0000000085b00000, 0x0000000085c00000, 0x0000000085c00000|100%| O|  |TAMS 0x0000000085c00000, 0x0000000085c00000| Untracked 
|  92|0x0000000085c00000, 0x0000000085d00000, 0x0000000085d00000|100%| O|  |TAMS 0x0000000085d00000, 0x0000000085d00000| Untracked 
|  93|0x0000000085d00000, 0x0000000085e00000, 0x0000000085e00000|100%| O|  |TAMS 0x0000000085e00000, 0x0000000085e00000| Untracked 
|  94|0x0000000085e00000, 0x0000000085f00000, 0x0000000085f00000|100%| O|  |TAMS 0x0000000085f00000, 0x0000000085f00000| Untracked 
|  95|0x0000000085f00000, 0x0000000086000000, 0x0000000086000000|100%| O|  |TAMS 0x0000000086000000, 0x0000000086000000| Untracked 
|  96|0x0000000086000000, 0x0000000086100000, 0x0000000086100000|100%| O|  |TAMS 0x0000000086100000, 0x0000000086100000| Untracked 
|  97|0x0000000086100000, 0x0000000086200000, 0x0000000086200000|100%| O|  |TAMS 0x0000000086200000, 0x0000000086200000| Untracked 
|  98|0x0000000086200000, 0x0000000086300000, 0x0000000086300000|100%| O|  |TAMS 0x0000000086300000, 0x0000000086300000| Untracked 
|  99|0x0000000086300000, 0x0000000086400000, 0x0000000086400000|100%| O|  |TAMS 0x0000000086400000, 0x0000000086400000| Untracked 
| 100|0x0000000086400000, 0x0000000086500000, 0x0000000086500000|100%| O|  |TAMS 0x0000000086500000, 0x0000000086500000| Untracked 
| 101|0x0000000086500000, 0x0000000086600000, 0x0000000086600000|100%| O|  |TAMS 0x0000000086600000, 0x0000000086600000| Untracked 
| 102|0x0000000086600000, 0x0000000086700000, 0x0000000086700000|100%| O|  |TAMS 0x0000000086700000, 0x0000000086700000| Untracked 
| 103|0x0000000086700000, 0x0000000086800000, 0x0000000086800000|100%| O|  |TAMS 0x0000000086800000, 0x0000000086800000| Untracked 
| 104|0x0000000086800000, 0x0000000086900000, 0x0000000086900000|100%| O|  |TAMS 0x0000000086900000, 0x0000000086900000| Untracked 
| 105|0x0000000086900000, 0x0000000086a00000, 0x0000000086a00000|100%| O|  |TAMS 0x0000000086a00000, 0x0000000086a00000| Untracked 
| 106|0x0000000086a00000, 0x0000000086b00000, 0x0000000086b00000|100%| O|  |TAMS 0x0000000086b00000, 0x0000000086b00000| Untracked 
| 107|0x0000000086b00000, 0x0000000086c00000, 0x0000000086c00000|100%| O|  |TAMS 0x0000000086c00000, 0x0000000086c00000| Untracked 
| 108|0x0000000086c00000, 0x0000000086d00000, 0x0000000086d00000|100%| O|  |TAMS 0x0000000086d00000, 0x0000000086d00000| Untracked 
| 109|0x0000000086d00000, 0x0000000086e00000, 0x0000000086e00000|100%| O|  |TAMS 0x0000000086e00000, 0x0000000086e00000| Untracked 
| 110|0x0000000086e00000, 0x0000000086f00000, 0x0000000086f00000|100%| O|  |TAMS 0x0000000086f00000, 0x0000000086f00000| Untracked 
| 111|0x0000000086f00000, 0x0000000087000000, 0x0000000087000000|100%| O|  |TAMS 0x0000000087000000, 0x0000000087000000| Untracked 
| 112|0x0000000087000000, 0x0000000087100000, 0x0000000087100000|100%| O|  |TAMS 0x0000000087100000, 0x0000000087100000| Untracked 
| 113|0x0000000087100000, 0x0000000087200000, 0x0000000087200000|100%| O|  |TAMS 0x0000000087200000, 0x0000000087200000| Untracked 
| 114|0x0000000087200000, 0x0000000087300000, 0x0000000087300000|100%| O|  |TAMS 0x0000000087200000, 0x0000000087300000| Untracked 
| 115|0x0000000087300000, 0x0000000087400000, 0x0000000087400000|100%| O|  |TAMS 0x00000000873d1000, 0x0000000087400000| Untracked 
| 116|0x0000000087400000, 0x0000000087500000, 0x0000000087500000|100%| O|  |TAMS 0x0000000087400000, 0x0000000087500000| Untracked 
| 117|0x0000000087500000, 0x0000000087600000, 0x0000000087600000|100%| O|  |TAMS 0x0000000087500000, 0x0000000087600000| Untracked 
| 118|0x0000000087600000, 0x0000000087700000, 0x0000000087700000|100%|HS|  |TAMS 0x0000000087600000, 0x0000000087700000| Complete 
| 119|0x0000000087700000, 0x0000000087800000, 0x0000000087800000|100%|HC|  |TAMS 0x0000000087700000, 0x0000000087800000| Complete 
| 120|0x0000000087800000, 0x0000000087900000, 0x0000000087900000|100%| O|  |TAMS 0x0000000087800000, 0x0000000087900000| Untracked 
| 121|0x0000000087900000, 0x0000000087a00000, 0x0000000087a00000|100%| O|  |TAMS 0x0000000087900000, 0x0000000087a00000| Untracked 
| 122|0x0000000087a00000, 0x0000000087b00000, 0x0000000087b00000|100%| O|  |TAMS 0x0000000087b00000, 0x0000000087b00000| Untracked 
| 123|0x0000000087b00000, 0x0000000087c00000, 0x0000000087c00000|100%| O|  |TAMS 0x0000000087c00000, 0x0000000087c00000| Untracked 
| 124|0x0000000087c00000, 0x0000000087d00000, 0x0000000087d00000|100%| O|  |TAMS 0x0000000087d00000, 0x0000000087d00000| Untracked 
| 125|0x0000000087d00000, 0x0000000087e00000, 0x0000000087e00000|100%| O|  |TAMS 0x0000000087e00000, 0x0000000087e00000| Untracked 
| 126|0x0000000087e00000, 0x0000000087f00000, 0x0000000087f00000|100%| O|  |TAMS 0x0000000087f00000, 0x0000000087f00000| Untracked 
| 127|0x0000000087f00000, 0x0000000088000000, 0x0000000088000000|100%| O|  |TAMS 0x0000000088000000, 0x0000000088000000| Untracked 
| 128|0x0000000088000000, 0x0000000088100000, 0x0000000088100000|100%| O|  |TAMS 0x0000000088100000, 0x0000000088100000| Untracked 
| 129|0x0000000088100000, 0x0000000088200000, 0x0000000088200000|100%| O|  |TAMS 0x0000000088200000, 0x0000000088200000| Untracked 
| 130|0x0000000088200000, 0x0000000088300000, 0x0000000088300000|100%| O|  |TAMS 0x0000000088300000, 0x0000000088300000| Untracked 
| 131|0x0000000088300000, 0x0000000088400000, 0x0000000088400000|100%| O|  |TAMS 0x0000000088400000, 0x0000000088400000| Untracked 
| 132|0x0000000088400000, 0x0000000088500000, 0x0000000088500000|100%| O|  |TAMS 0x0000000088500000, 0x0000000088500000| Untracked 
| 133|0x0000000088500000, 0x0000000088600000, 0x0000000088600000|100%| O|  |TAMS 0x0000000088500000, 0x0000000088600000| Untracked 
| 134|0x0000000088600000, 0x0000000088700000, 0x0000000088700000|100%| O|  |TAMS 0x0000000088600000, 0x0000000088700000| Untracked 
| 135|0x0000000088700000, 0x0000000088800000, 0x0000000088800000|100%| O|  |TAMS 0x0000000088700000, 0x0000000088800000| Untracked 
| 136|0x0000000088800000, 0x0000000088900000, 0x0000000088900000|100%| O|  |TAMS 0x0000000088800000, 0x0000000088900000| Untracked 
| 137|0x0000000088900000, 0x0000000088a00000, 0x0000000088a00000|100%| O|  |TAMS 0x0000000088900000, 0x0000000088a00000| Untracked 
| 138|0x0000000088a00000, 0x0000000088b00000, 0x0000000088b00000|100%| O|  |TAMS 0x0000000088a00000, 0x0000000088b00000| Untracked 
| 139|0x0000000088b00000, 0x0000000088c00000, 0x0000000088c00000|100%| O|  |TAMS 0x0000000088b00000, 0x0000000088b38600| Untracked 
| 140|0x0000000088c00000, 0x0000000088d00000, 0x0000000088d00000|100%| O|  |TAMS 0x0000000088c00000, 0x0000000088c00000| Untracked 
| 141|0x0000000088d00000, 0x0000000088e00000, 0x0000000088e00000|100%|HS|  |TAMS 0x0000000088d00000, 0x0000000088d00000| Complete 
| 142|0x0000000088e00000, 0x0000000088f00000, 0x0000000088f00000|100%| O|  |TAMS 0x0000000088e00000, 0x0000000088e00000| Untracked 
| 143|0x0000000088f00000, 0x0000000089000000, 0x0000000089000000|100%| O|  |TAMS 0x0000000088f00000, 0x0000000088f00000| Untracked 
| 144|0x0000000089000000, 0x0000000089100000, 0x0000000089100000|100%| O|  |TAMS 0x0000000089000000, 0x0000000089000000| Untracked 
| 145|0x0000000089100000, 0x0000000089200000, 0x0000000089200000|100%| O|  |TAMS 0x0000000089100000, 0x0000000089100000| Untracked 
| 146|0x0000000089200000, 0x0000000089300000, 0x0000000089300000|100%| O|  |TAMS 0x0000000089200000, 0x0000000089200000| Untracked 
| 147|0x0000000089300000, 0x00000000893a8a00, 0x0000000089400000| 65%| O|  |TAMS 0x0000000089300000, 0x0000000089300000| Untracked 
| 148|0x0000000089400000, 0x0000000089400000, 0x0000000089500000|  0%| F|  |TAMS 0x0000000089400000, 0x0000000089400000| Untracked 
| 149|0x0000000089500000, 0x0000000089500000, 0x0000000089600000|  0%| F|  |TAMS 0x0000000089500000, 0x0000000089500000| Untracked 
| 150|0x0000000089600000, 0x0000000089600000, 0x0000000089700000|  0%| F|  |TAMS 0x0000000089600000, 0x0000000089600000| Untracked 
| 151|0x0000000089700000, 0x0000000089700000, 0x0000000089800000|  0%| F|  |TAMS 0x0000000089700000, 0x0000000089700000| Untracked 
| 152|0x0000000089800000, 0x0000000089800000, 0x0000000089900000|  0%| F|  |TAMS 0x0000000089800000, 0x0000000089800000| Untracked 
| 153|0x0000000089900000, 0x0000000089900000, 0x0000000089a00000|  0%| F|  |TAMS 0x0000000089900000, 0x0000000089900000| Untracked 
| 154|0x0000000089a00000, 0x0000000089a00000, 0x0000000089b00000|  0%| F|  |TAMS 0x0000000089a00000, 0x0000000089a00000| Untracked 
| 155|0x0000000089b00000, 0x0000000089b00000, 0x0000000089c00000|  0%| F|  |TAMS 0x0000000089b00000, 0x0000000089b00000| Untracked 
| 156|0x0000000089c00000, 0x0000000089c00000, 0x0000000089d00000|  0%| F|  |TAMS 0x0000000089c00000, 0x0000000089c00000| Untracked 
| 157|0x0000000089d00000, 0x0000000089d00000, 0x0000000089e00000|  0%| F|  |TAMS 0x0000000089d00000, 0x0000000089d00000| Untracked 
| 158|0x0000000089e00000, 0x0000000089e00000, 0x0000000089f00000|  0%| F|  |TAMS 0x0000000089e00000, 0x0000000089e00000| Untracked 
| 159|0x0000000089f00000, 0x0000000089f00000, 0x000000008a000000|  0%| F|  |TAMS 0x0000000089f00000, 0x0000000089f00000| Untracked 
| 160|0x000000008a000000, 0x000000008a000000, 0x000000008a100000|  0%| F|  |TAMS 0x000000008a000000, 0x000000008a000000| Untracked 
| 161|0x000000008a100000, 0x000000008a100000, 0x000000008a200000|  0%| F|  |TAMS 0x000000008a100000, 0x000000008a100000| Untracked 
| 162|0x000000008a200000, 0x000000008a200000, 0x000000008a300000|  0%| F|  |TAMS 0x000000008a200000, 0x000000008a200000| Untracked 
| 163|0x000000008a300000, 0x000000008a300000, 0x000000008a400000|  0%| F|  |TAMS 0x000000008a300000, 0x000000008a300000| Untracked 
| 164|0x000000008a400000, 0x000000008a400000, 0x000000008a500000|  0%| F|  |TAMS 0x000000008a400000, 0x000000008a400000| Untracked 
| 165|0x000000008a500000, 0x000000008a500000, 0x000000008a600000|  0%| F|  |TAMS 0x000000008a500000, 0x000000008a500000| Untracked 
| 166|0x000000008a600000, 0x000000008a600000, 0x000000008a700000|  0%| F|  |TAMS 0x000000008a600000, 0x000000008a600000| Untracked 
| 167|0x000000008a700000, 0x000000008a700000, 0x000000008a800000|  0%| F|  |TAMS 0x000000008a700000, 0x000000008a700000| Untracked 
| 168|0x000000008a800000, 0x000000008a800000, 0x000000008a900000|  0%| F|  |TAMS 0x000000008a800000, 0x000000008a800000| Untracked 
| 169|0x000000008a900000, 0x000000008a900000, 0x000000008aa00000|  0%| F|  |TAMS 0x000000008a900000, 0x000000008a900000| Untracked 
| 170|0x000000008aa00000, 0x000000008aa00000, 0x000000008ab00000|  0%| F|  |TAMS 0x000000008aa00000, 0x000000008aa00000| Untracked 
| 171|0x000000008ab00000, 0x000000008ab00000, 0x000000008ac00000|  0%| F|  |TAMS 0x000000008ab00000, 0x000000008ab00000| Untracked 
| 172|0x000000008ac00000, 0x000000008ac00000, 0x000000008ad00000|  0%| F|  |TAMS 0x000000008ac00000, 0x000000008ac00000| Untracked 
| 173|0x000000008ad00000, 0x000000008ad00000, 0x000000008ae00000|  0%| F|  |TAMS 0x000000008ad00000, 0x000000008ad00000| Untracked 
| 174|0x000000008ae00000, 0x000000008ae00000, 0x000000008af00000|  0%| F|  |TAMS 0x000000008ae00000, 0x000000008ae00000| Untracked 
| 175|0x000000008af00000, 0x000000008af00000, 0x000000008b000000|  0%| F|  |TAMS 0x000000008af00000, 0x000000008af00000| Untracked 
| 176|0x000000008b000000, 0x000000008b000000, 0x000000008b100000|  0%| F|  |TAMS 0x000000008b000000, 0x000000008b000000| Untracked 
| 177|0x000000008b100000, 0x000000008b100000, 0x000000008b200000|  0%| F|  |TAMS 0x000000008b100000, 0x000000008b100000| Untracked 
| 178|0x000000008b200000, 0x000000008b200000, 0x000000008b300000|  0%| F|  |TAMS 0x000000008b200000, 0x000000008b200000| Untracked 
| 179|0x000000008b300000, 0x000000008b300000, 0x000000008b400000|  0%| F|  |TAMS 0x000000008b300000, 0x000000008b300000| Untracked 
| 180|0x000000008b400000, 0x000000008b500000, 0x000000008b500000|100%| S|CS|TAMS 0x000000008b400000, 0x000000008b400000| Complete 
| 181|0x000000008b500000, 0x000000008b600000, 0x000000008b600000|100%| S|CS|TAMS 0x000000008b500000, 0x000000008b500000| Complete 
| 182|0x000000008b600000, 0x000000008b700000, 0x000000008b700000|100%| S|CS|TAMS 0x000000008b600000, 0x000000008b600000| Complete 
| 183|0x000000008b700000, 0x000000008b800000, 0x000000008b800000|100%| S|CS|TAMS 0x000000008b700000, 0x000000008b700000| Complete 
| 184|0x000000008b800000, 0x000000008b800000, 0x000000008b900000|  0%| F|  |TAMS 0x000000008b800000, 0x000000008b800000| Untracked 
| 185|0x000000008b900000, 0x000000008b900000, 0x000000008ba00000|  0%| F|  |TAMS 0x000000008b900000, 0x000000008b900000| Untracked 
| 186|0x000000008ba00000, 0x000000008ba00000, 0x000000008bb00000|  0%| F|  |TAMS 0x000000008ba00000, 0x000000008ba00000| Untracked 
| 187|0x000000008bb00000, 0x000000008bb00000, 0x000000008bc00000|  0%| F|  |TAMS 0x000000008bb00000, 0x000000008bb00000| Untracked 
| 188|0x000000008bc00000, 0x000000008bc00000, 0x000000008bd00000|  0%| F|  |TAMS 0x000000008bc00000, 0x000000008bc00000| Untracked 
| 189|0x000000008bd00000, 0x000000008bd00000, 0x000000008be00000|  0%| F|  |TAMS 0x000000008bd00000, 0x000000008bd00000| Untracked 
| 190|0x000000008be00000, 0x000000008be00000, 0x000000008bf00000|  0%| F|  |TAMS 0x000000008be00000, 0x000000008be00000| Untracked 
| 191|0x000000008bf00000, 0x000000008bf00000, 0x000000008c000000|  0%| F|  |TAMS 0x000000008bf00000, 0x000000008bf00000| Untracked 
| 192|0x000000008c000000, 0x000000008c000000, 0x000000008c100000|  0%| F|  |TAMS 0x000000008c000000, 0x000000008c000000| Untracked 
| 193|0x000000008c100000, 0x000000008c100000, 0x000000008c200000|  0%| F|  |TAMS 0x000000008c100000, 0x000000008c100000| Untracked 
| 194|0x000000008c200000, 0x000000008c200000, 0x000000008c300000|  0%| F|  |TAMS 0x000000008c200000, 0x000000008c200000| Untracked 
| 195|0x000000008c300000, 0x000000008c300000, 0x000000008c400000|  0%| F|  |TAMS 0x000000008c300000, 0x000000008c300000| Untracked 
| 196|0x000000008c400000, 0x000000008c400000, 0x000000008c500000|  0%| F|  |TAMS 0x000000008c400000, 0x000000008c400000| Untracked 
| 197|0x000000008c500000, 0x000000008c500000, 0x000000008c600000|  0%| F|  |TAMS 0x000000008c500000, 0x000000008c500000| Untracked 
| 198|0x000000008c600000, 0x000000008c600000, 0x000000008c700000|  0%| F|  |TAMS 0x000000008c600000, 0x000000008c600000| Untracked 
| 199|0x000000008c700000, 0x000000008c700000, 0x000000008c800000|  0%| F|  |TAMS 0x000000008c700000, 0x000000008c700000| Untracked 
| 200|0x000000008c800000, 0x000000008c800000, 0x000000008c900000|  0%| F|  |TAMS 0x000000008c800000, 0x000000008c800000| Untracked 
| 201|0x000000008c900000, 0x000000008c900000, 0x000000008ca00000|  0%| F|  |TAMS 0x000000008c900000, 0x000000008c900000| Untracked 
| 202|0x000000008ca00000, 0x000000008ca00000, 0x000000008cb00000|  0%| F|  |TAMS 0x000000008ca00000, 0x000000008ca00000| Untracked 
| 203|0x000000008cb00000, 0x000000008cb00000, 0x000000008cc00000|  0%| F|  |TAMS 0x000000008cb00000, 0x000000008cb00000| Untracked 
| 204|0x000000008cc00000, 0x000000008cc00000, 0x000000008cd00000|  0%| F|  |TAMS 0x000000008cc00000, 0x000000008cc00000| Untracked 

Card table byte_map: [0x0000021c62d30000,0x0000021c63130000] _byte_map_base: 0x0000021c62930000

Marking Bits (Prev, Next): (CMBitMap*) 0x0000021c4fb4a7e8, (CMBitMap*) 0x0000021c4fb4a820
 Prev Bits: [0x0000021c63530000, 0x0000021c65530000)
 Next Bits: [0x0000021c65530000, 0x0000021c67530000)

Polling page: 0x0000021c4f2e0000

Metaspace:

Usage:
  Non-class:    104.79 MB capacity,   102.51 MB ( 98%) used,     1.92 MB (  2%) free+waste,   376.31 KB ( <1%) overhead. 
      Class:     16.06 MB capacity,    14.81 MB ( 92%) used,     1.08 MB (  7%) free+waste,   172.06 KB (  1%) overhead. 
       Both:    120.85 MB capacity,   117.31 MB ( 97%) used,     3.00 MB (  2%) free+waste,   548.38 KB ( <1%) overhead. 

Virtual space:
  Non-class space:      106.00 MB reserved,     105.00 MB (>99%) committed 
      Class space:        1.00 GB reserved,      16.13 MB (  2%) committed 
             Both:        1.10 GB reserved,     121.13 MB ( 11%) committed 

Chunk freelists:
   Non-Class:  21.00 KB
       Class:  4.00 KB
        Both:  25.00 KB

MaxMetaspaceSize: 17179869184.00 GB
CompressedClassSpaceSize: 1.00 GB

CodeHeap 'non-profiled nmethods': size=120000Kb used=6591Kb max_used=6591Kb free=113408Kb
 bounds [0x0000021c5b0c0000, 0x0000021c5b730000, 0x0000021c625f0000]
CodeHeap 'profiled nmethods': size=120000Kb used=31679Kb max_used=31679Kb free=88320Kb
 bounds [0x0000021c53b90000, 0x0000021c55a80000, 0x0000021c5b0c0000]
CodeHeap 'non-nmethods': size=5760Kb used=2343Kb max_used=2390Kb free=3416Kb
 bounds [0x0000021c535f0000, 0x0000021c53860000, 0x0000021c53b90000]
 total_blobs=15949 nmethods=14985 adapters=875
 compilation: disabled (not enough contiguous free space left)
              stopped_count=1, restarted_count=0
 full_count=1

Compilation events (20 events):
Event: 51.900 Thread 0x0000021c69fa9000 15466       2       com.android.tools.r8.internal.E9::d (149 bytes)
Event: 51.901 Thread 0x0000021c69fa9000 nmethod 15466 0x0000021c55a7e410 code [0x0000021c55a7e6a0, 0x0000021c55a7f298]
Event: 51.901 Thread 0x0000021c69fa9000 15465       2       com.android.tools.r8.internal.vf::getOrDefault (14 bytes)
Event: 51.902 Thread 0x0000021c69fa9000 nmethod 15465 0x0000021c55a7fa10 code [0x0000021c55a7fbc0, 0x0000021c55a7fd08]
Event: 51.902 Thread 0x0000021c69fa9000 15472       3       com.android.tools.r8.internal.U6::a (148 bytes)
Event: 51.902 Thread 0x0000021c69fa9000 nmethod 15472 0x0000021c5b72db90 code [0x0000021c5b72ddc0, 0x0000021c5b72e3f8]
Event: 51.902 Thread 0x0000021c69fa9000 15467       2       com.android.tools.r8.graph.A0$$Lambda$1697/0x0000000100feb040::apply (12 bytes)
Event: 51.903 Thread 0x0000021c69fa9000 nmethod 15467 0x0000021c5b72e790 code [0x0000021c5b72e960, 0x0000021c5b72ec18]
Event: 51.903 Thread 0x0000021c69fa9000 15458       1       com.android.tools.r8.graph.B0$b::f (5 bytes)
Event: 51.903 Thread 0x0000021c69fa9000 nmethod 15458 0x0000021c5b72ee10 code [0x0000021c5b72efc0, 0x0000021c5b72f058]
Event: 51.903 Thread 0x0000021c69fa9000 15461       1       com.android.tools.r8.graph.T::g (5 bytes)
Event: 51.903 Thread 0x0000021c69fa9000 nmethod 15461 0x0000021c5b72f110 code [0x0000021c5b72f2c0, 0x0000021c5b72f378]
Event: 51.903 Thread 0x0000021c69fa9000 15456       1       com.android.tools.r8.utils.b::d (5 bytes)
Event: 51.903 Thread 0x0000021c69fa9000 nmethod 15456 0x0000021c5b72f410 code [0x0000021c5b72f5c0, 0x0000021c5b72f678]
Event: 51.903 Thread 0x0000021c69fa9000 15473       2       com.android.tools.r8.graph.f0::<init> (5 bytes)
Event: 51.903 Thread 0x0000021c69fa9000 nmethod 15473 0x0000021c5b72f710 code [0x0000021c5b72f8c0, 0x0000021c5b72f9b8]
Event: 51.903 Thread 0x0000021c69fa9000 15463       1       com.android.tools.r8.graph.B0$b::h (5 bytes)
Event: 51.903 Thread 0x0000021c69fa9000 nmethod 15463 0x0000021c5b72fa90 code [0x0000021c5b72fc40, 0x0000021c5b72fcd8]
Event: 51.903 Thread 0x0000021c69fa9000 15474       2       com.android.tools.r8.graph.c0::a (47 bytes)
Event: 51.904 Thread 0x0000021c69fa9000 


GC Heap History (20 events):
Event: 50.615 GC heap after
{Heap after GC invocations=56 (full 0):
 garbage-first heap   total 209920K, used 129771K [0x0000000080000000, 0x0000000100000000)
  region size 1024K, 1 young (1024K), 1 survivors (1024K)
 Metaspace       used 118261K, capacity 121729K, committed 121856K, reserved 1155072K
  class space    used 14872K, capacity 16084K, committed 16128K, reserved 1048576K
}
Event: 50.803 GC heap before
{Heap before GC invocations=56 (full 0):
 garbage-first heap   total 209920K, used 168683K [0x0000000080000000, 0x0000000100000000)
  region size 1024K, 39 young (39936K), 1 survivors (1024K)
 Metaspace       used 118262K, capacity 121729K, committed 121856K, reserved 1155072K
  class space    used 14872K, capacity 16084K, committed 16128K, reserved 1048576K
}
Event: 50.806 GC heap after
{Heap after GC invocations=57 (full 0):
 garbage-first heap   total 209920K, used 129900K [0x0000000080000000, 0x0000000100000000)
  region size 1024K, 1 young (1024K), 1 survivors (1024K)
 Metaspace       used 118262K, capacity 121729K, committed 121856K, reserved 1155072K
  class space    used 14872K, capacity 16084K, committed 16128K, reserved 1048576K
}
Event: 51.032 GC heap before
{Heap before GC invocations=58 (full 0):
 garbage-first heap   total 209920K, used 169836K [0x0000000080000000, 0x0000000100000000)
  region size 1024K, 40 young (40960K), 1 survivors (1024K)
 Metaspace       used 118265K, capacity 121729K, committed 121856K, reserved 1155072K
  class space    used 14872K, capacity 16084K, committed 16128K, reserved 1048576K
}
Event: 51.034 GC heap after
{Heap after GC invocations=59 (full 0):
 garbage-first heap   total 209920K, used 130106K [0x0000000080000000, 0x0000000100000000)
  region size 1024K, 1 young (1024K), 1 survivors (1024K)
 Metaspace       used 118265K, capacity 121729K, committed 121856K, reserved 1155072K
  class space    used 14872K, capacity 16084K, committed 16128K, reserved 1048576K
}
Event: 51.071 GC heap before
{Heap before GC invocations=59 (full 0):
 garbage-first heap   total 209920K, used 139322K [0x0000000080000000, 0x0000000100000000)
  region size 1024K, 10 young (10240K), 1 survivors (1024K)
 Metaspace       used 118265K, capacity 121729K, committed 121856K, reserved 1155072K
  class space    used 14872K, capacity 16084K, committed 16128K, reserved 1048576K
}
Event: 51.073 GC heap after
{Heap after GC invocations=60 (full 0):
 garbage-first heap   total 209920K, used 129799K [0x0000000080000000, 0x0000000100000000)
  region size 1024K, 1 young (1024K), 1 survivors (1024K)
 Metaspace       used 118265K, capacity 121729K, committed 121856K, reserved 1155072K
  class space    used 14872K, capacity 16084K, committed 16128K, reserved 1048576K
}
Event: 51.253 GC heap before
{Heap before GC invocations=60 (full 0):
 garbage-first heap   total 209920K, used 171783K [0x0000000080000000, 0x0000000100000000)
  region size 1024K, 42 young (43008K), 1 survivors (1024K)
 Metaspace       used 118281K, capacity 121735K, committed 121856K, reserved 1155072K
  class space    used 14873K, capacity 16086K, committed 16128K, reserved 1048576K
}
Event: 51.255 GC heap after
{Heap after GC invocations=61 (full 0):
 garbage-first heap   total 209920K, used 127003K [0x0000000080000000, 0x0000000100000000)
  region size 1024K, 1 young (1024K), 1 survivors (1024K)
 Metaspace       used 118281K, capacity 121735K, committed 121856K, reserved 1155072K
  class space    used 14873K, capacity 16086K, committed 16128K, reserved 1048576K
}
Event: 51.543 GC heap before
{Heap before GC invocations=62 (full 0):
 garbage-first heap   total 209920K, used 175131K [0x0000000080000000, 0x0000000100000000)
  region size 1024K, 45 young (46080K), 1 survivors (1024K)
 Metaspace       used 118625K, capacity 122154K, committed 122240K, reserved 1155072K
  class space    used 14930K, capacity 16180K, committed 16256K, reserved 1048576K
}
Event: 51.547 GC heap after
{Heap after GC invocations=63 (full 0):
 garbage-first heap   total 209920K, used 130688K [0x0000000080000000, 0x0000000100000000)
  region size 1024K, 2 young (2048K), 2 survivors (2048K)
 Metaspace       used 118625K, capacity 122154K, committed 122240K, reserved 1155072K
  class space    used 14930K, capacity 16180K, committed 16256K, reserved 1048576K
}
Event: 51.653 GC heap before
{Heap before GC invocations=63 (full 0):
 garbage-first heap   total 209920K, used 174720K [0x0000000080000000, 0x0000000100000000)
  region size 1024K, 45 young (46080K), 2 survivors (2048K)
 Metaspace       used 118918K, capacity 122475K, committed 122752K, reserved 1155072K
  class space    used 14970K, capacity 16221K, committed 16256K, reserved 1048576K
}
Event: 51.659 GC heap after
{Heap after GC invocations=64 (full 0):
 garbage-first heap   total 209920K, used 134896K [0x0000000080000000, 0x0000000100000000)
  region size 1024K, 6 young (6144K), 6 survivors (6144K)
 Metaspace       used 118918K, capacity 122475K, committed 122752K, reserved 1155072K
  class space    used 14970K, capacity 16221K, committed 16256K, reserved 1048576K
}
Event: 51.756 GC heap before
{Heap before GC invocations=64 (full 0):
 garbage-first heap   total 209920K, used 174832K [0x0000000080000000, 0x0000000100000000)
  region size 1024K, 46 young (47104K), 6 survivors (6144K)
 Metaspace       used 119255K, capacity 122826K, committed 123136K, reserved 1157120K
  class space    used 15012K, capacity 16272K, committed 16384K, reserved 1048576K
}
Event: 51.766 GC heap after
{Heap after GC invocations=65 (full 0):
 garbage-first heap   total 209920K, used 144821K [0x0000000080000000, 0x0000000100000000)
  region size 1024K, 6 young (6144K), 6 survivors (6144K)
 Metaspace       used 119255K, capacity 122826K, committed 123136K, reserved 1157120K
  class space    used 15012K, capacity 16272K, committed 16384K, reserved 1048576K
}
Event: 51.769 GC heap before
{Heap before GC invocations=65 (full 0):
 garbage-first heap   total 209920K, used 145845K [0x0000000080000000, 0x0000000100000000)
  region size 1024K, 9 young (9216K), 6 survivors (6144K)
 Metaspace       used 119255K, capacity 122826K, committed 123136K, reserved 1157120K
  class space    used 15012K, capacity 16272K, committed 16384K, reserved 1048576K
}
Event: 51.775 GC heap after
{Heap after GC invocations=66 (full 0):
 garbage-first heap   total 209920K, used 143841K [0x0000000080000000, 0x0000000100000000)
  region size 1024K, 2 young (2048K), 2 survivors (2048K)
 Metaspace       used 119255K, capacity 122826K, committed 123136K, reserved 1157120K
  class space    used 15012K, capacity 16272K, committed 16384K, reserved 1048576K
}
Event: 51.837 GC heap before
{Heap before GC invocations=66 (full 0):
 garbage-first heap   total 209920K, used 170465K [0x0000000080000000, 0x0000000100000000)
  region size 1024K, 27 young (27648K), 2 survivors (2048K)
 Metaspace       used 119429K, capacity 122955K, committed 123136K, reserved 1157120K
  class space    used 15044K, capacity 16301K, committed 16384K, reserved 1048576K
}
Event: 51.841 GC heap after
{Heap after GC invocations=67 (full 0):
 garbage-first heap   total 209920K, used 151040K [0x0000000080000000, 0x0000000100000000)
  region size 1024K, 4 young (4096K), 4 survivors (4096K)
 Metaspace       used 119429K, capacity 122955K, committed 123136K, reserved 1157120K
  class space    used 15044K, capacity 16301K, committed 16384K, reserved 1048576K
}
Event: 51.920 GC heap before
{Heap before GC invocations=67 (full 0):
 garbage-first heap   total 209920K, used 171520K [0x0000000080000000, 0x0000000100000000)
  region size 1024K, 25 young (25600K), 4 survivors (4096K)
 Metaspace       used 120129K, capacity 123751K, committed 124032K, reserved 1157120K
  class space    used 15162K, capacity 16444K, committed 16512K, reserved 1048576K
}

Deoptimization events (20 events):
Event: 51.607 Thread 0x0000021c6c963000 DEOPT PACKING pc=0x0000021c5b632bb4 sp=0x000000e6752fe650
Event: 51.607 Thread 0x0000021c6c963000 DEOPT UNPACKING pc=0x0000021c536178af sp=0x000000e6752fe5d0 mode 2
Event: 51.617 Thread 0x0000021c6c963000 Uncommon trap: trap_request=0xffffffbe fr.pc=0x0000021c5b632bb4 relative=0x0000000000000274
Event: 51.617 Thread 0x0000021c6c963000 Uncommon trap: reason=profile_predicate action=maybe_recompile pc=0x0000021c5b632bb4 method=java.util.Collections.indexedBinarySearch(Ljava/util/List;Ljava/lang/Object;)I @ 13 c2
Event: 51.617 Thread 0x0000021c6c963000 DEOPT PACKING pc=0x0000021c5b632bb4 sp=0x000000e6752fe650
Event: 51.617 Thread 0x0000021c6c963000 DEOPT UNPACKING pc=0x0000021c536178af sp=0x000000e6752fe5d0 mode 2
Event: 51.860 Thread 0x0000021c6d31f800 Uncommon trap: trap_request=0xffffff4d fr.pc=0x0000021c5b59f10c relative=0x000000000000006c
Event: 51.860 Thread 0x0000021c6d31f800 Uncommon trap: reason=unstable_if action=reinterpret pc=0x0000021c5b59f10c method=com.android.tools.r8.graph.c0.a(C[BI)I @ 1 c2
Event: 51.860 Thread 0x0000021c6d31f800 DEOPT PACKING pc=0x0000021c5b59f10c sp=0x000000e676bf9e70
Event: 51.860 Thread 0x0000021c6d31f800 DEOPT UNPACKING pc=0x0000021c536178af sp=0x000000e676bf9df8 mode 2
Event: 51.869 Thread 0x0000021c6c95c800 Uncommon trap: trap_request=0xffffff4d fr.pc=0x0000021c5b59d24c relative=0x000000000000138c
Event: 51.869 Thread 0x0000021c6c95c800 Uncommon trap: reason=unstable_if action=reinterpret pc=0x0000021c5b59d24c method=java.util.concurrent.ConcurrentHashMap.putVal(Ljava/lang/Object;Ljava/lang/Object;Z)Ljava/lang/Object; @ 112 c2
Event: 51.869 Thread 0x0000021c6c95c800 DEOPT PACKING pc=0x0000021c5b59d24c sp=0x000000e676cf8690
Event: 51.869 Thread 0x0000021c6c95c800 DEOPT UNPACKING pc=0x0000021c536178af sp=0x000000e676cf8630 mode 2
Event: 51.884 Thread 0x0000021c6c95c800 Uncommon trap: trap_request=0xffffff4d fr.pc=0x0000021c5b5a128c relative=0x000000000000006c
Event: 51.884 Thread 0x0000021c6c95c800 Uncommon trap: reason=unstable_if action=reinterpret pc=0x0000021c5b5a128c method=java.lang.invoke.InnerClassLambdaMetafactory.getOpcodeOffset(Ljava/lang/Class;)I @ 11 c2
Event: 51.884 Thread 0x0000021c6c95c800 DEOPT PACKING pc=0x0000021c5b5a128c sp=0x000000e676cf9300
Event: 51.884 Thread 0x0000021c6c95c800 DEOPT UNPACKING pc=0x0000021c536178af sp=0x000000e676cf9290 mode 2
Event: 51.902 Thread 0x0000021c6d31f800 DEOPT PACKING pc=0x0000021c55a75632 sp=0x000000e676bfa170
Event: 51.902 Thread 0x0000021c6d31f800 DEOPT UNPACKING pc=0x0000021c536176ce sp=0x000000e676bf9678 mode 0

Classes redefined (0 events):
No events

Internal exceptions (20 events):
Event: 51.680 Thread 0x0000021c6d31f800 Exception <a 'sun/nio/fs/WindowsException'{0x000000008c1baed8}> (0x000000008c1baed8) thrown at [./src/hotspot/share/prims/jni.cpp, line 615]
Event: 51.680 Thread 0x0000021c6c95c800 Exception <a 'sun/nio/fs/WindowsException'{0x000000008c1ee558}> (0x000000008c1ee558) thrown at [./src/hotspot/share/prims/jni.cpp, line 615]
Event: 51.680 Thread 0x0000021c6c967000 Exception <a 'sun/nio/fs/WindowsException'{0x000000008c138190}> (0x000000008c138190) thrown at [./src/hotspot/share/prims/jni.cpp, line 615]
Event: 51.688 Thread 0x0000021c6d323000 Exception <a 'sun/nio/fs/WindowsException'{0x000000008bef1760}> (0x000000008bef1760) thrown at [./src/hotspot/share/prims/jni.cpp, line 615]
Event: 51.798 Thread 0x0000021c6d324000 Exception <a 'sun/nio/fs/WindowsException'{0x000000008bf95a50}> (0x000000008bf95a50) thrown at [./src/hotspot/share/prims/jni.cpp, line 615]
Event: 51.800 Thread 0x0000021c6d31f000 Exception <a 'sun/nio/fs/WindowsException'{0x000000008be67898}> (0x000000008be67898) thrown at [./src/hotspot/share/prims/jni.cpp, line 615]
Event: 51.821 Thread 0x0000021c6d31f800 Exception <a 'java/lang/IncompatibleClassChangeError'{0x000000008b7742c8}: Found class java.lang.Object, but interface was expected> (0x000000008b7742c8) thrown at [./src/hotspot/share/interpreter/linkResolver.cpp, line 839]
Event: 51.821 Thread 0x0000021c6c95c800 Exception <a 'java/lang/IncompatibleClassChangeError'{0x000000008c0c24d8}: Found class java.lang.Object, but interface was expected> (0x000000008c0c24d8) thrown at [./src/hotspot/share/interpreter/linkResolver.cpp, line 839]
Event: 51.878 Thread 0x0000021c6c95e000 Exception <a 'sun/nio/fs/WindowsException'{0x000000008c0b7208}> (0x000000008c0b7208) thrown at [./src/hotspot/share/prims/jni.cpp, line 615]
Event: 51.884 Thread 0x0000021c6c967000 Exception <a 'java/lang/NoSuchMethodError'{0x000000008be40510}: 'long java.lang.invoke.DirectMethodHandle$Holder.invokeStatic(java.lang.Object, long, java.lang.Object)'> (0x000000008be40510) thrown at [./src/hotspot/share/interpreter/linkResolver.cpp, line 773]
Event: 51.885 Thread 0x0000021c6d324000 Exception <a 'java/lang/NoSuchMethodError'{0x000000008be57cb8}: 'java.lang.Object java.lang.invoke.DirectMethodHandle$Holder.invokeStatic(java.lang.Object, long)'> (0x000000008be57cb8) thrown at [./src/hotspot/share/interpreter/linkResolver.cpp, line 773]
Event: 51.885 Thread 0x0000021c6d323000 Exception <a 'java/lang/NoSuchMethodError'{0x000000008be662f8}: 'java.lang.Object java.lang.invoke.DirectMethodHandle$Holder.invokeStatic(java.lang.Object, long)'> (0x000000008be662f8) thrown at [./src/hotspot/share/interpreter/linkResolver.cpp, line 773]
Event: 51.885 Thread 0x0000021c6d31f800 Exception <a 'java/lang/NoSuchMethodError'{0x000000008be64160}: 'java.lang.Object java.lang.invoke.DirectMethodHandle$Holder.invokeStatic(java.lang.Object, long)'> (0x000000008be64160) thrown at [./src/hotspot/share/interpreter/linkResolver.cpp, line 773]
Event: 51.885 Thread 0x0000021c6c967000 Exception <a 'java/lang/NoSuchMethodError'{0x000000008be49430}: 'java.lang.Object java.lang.invoke.DirectMethodHandle$Holder.invokeStatic(java.lang.Object, long)'> (0x000000008be49430) thrown at [./src/hotspot/share/interpreter/linkResolver.cpp, line 773]
Event: 51.889 Thread 0x0000021c6c95c800 Exception <a 'java/lang/NoSuchMethodError'{0x000000008be45698}: 'java.lang.Object java.lang.invoke.DirectMethodHandle$Holder.invokeStatic(java.lang.Object, long)'> (0x000000008be45698) thrown at [./src/hotspot/share/interpreter/linkResolver.cpp, line 773]
Event: 51.890 Thread 0x0000021c6d31f800 Exception <a 'java/lang/NoSuchMethodError'{0x000000008be91fb8}: 'java.lang.Object java.lang.invoke.Invokers$Holder.linkToTargetMethod(long, java.lang.Object)'> (0x000000008be91fb8) thrown at [./src/hotspot/share/interpreter/linkResolver.cpp, line 773]
Event: 51.890 Thread 0x0000021c6c967000 Exception <a 'java/lang/NoSuchMethodError'{0x000000008be72be0}: 'java.lang.Object java.lang.invoke.DirectMethodHandle$Holder.invokeSpecial(java.lang.Object, java.lang.Object, long)'> (0x000000008be72be0) thrown at [./src/hotspot/share/interpreter/linkResolver.cpp, line 773]
Event: 51.890 Thread 0x0000021c6d31f000 Exception <a 'java/lang/NoSuchMethodError'{0x000000008be51c70}: 'java.lang.Object java.lang.invoke.Invokers$Holder.linkToTargetMethod(long, java.lang.Object)'> (0x000000008be51c70) thrown at [./src/hotspot/share/interpreter/linkResolver.cpp, line 773]
Event: 51.890 Thread 0x0000021c6c967000 Exception <a 'java/lang/NoSuchMethodError'{0x000000008be9fe20}: 'java.lang.Object java.lang.invoke.Invokers$Holder.linkToTargetMethod(long, java.lang.Object)'> (0x000000008be9fe20) thrown at [./src/hotspot/share/interpreter/linkResolver.cpp, line 773]
Event: 51.891 Thread 0x0000021c6d324000 Exception <a 'java/lang/NoSuchMethodError'{0x000000008be5e3b0}: 'java.lang.Object java.lang.invoke.Invokers$Holder.linkToTargetMethod(long, java.lang.Object)'> (0x000000008be5e3b0) thrown at [./src/hotspot/share/interpreter/linkResolver.cpp, line 773]

Events (20 events):
Event: 51.918 loading class com/android/tools/r8/internal/Au done
Event: 51.918 loading class com/android/tools/r8/internal/mu$a
Event: 51.918 loading class com/android/tools/r8/internal/mu$a done
Event: 51.919 loading class com/android/tools/r8/ProgramResource
Event: 51.919 loading class com/android/tools/r8/ProgramResource done
Event: 51.919 loading class com/android/tools/r8/ProgramResource
Event: 51.919 loading class com/android/tools/r8/ProgramResource done
Event: 51.919 loading class com/android/tools/r8/ProgramResource
Event: 51.919 loading class com/android/tools/r8/ProgramResource done
Event: 51.919 loading class com/android/builder/dexing/r8/CachingArchiveClassFileProvider
Event: 51.919 loading class com/android/builder/dexing/r8/CachingArchiveClassFileProvider done
Event: 51.919 loading class com/android/builder/dexing/r8/CachingArchiveClassFileProvider
Event: 51.919 loading class com/android/builder/dexing/r8/CachingArchiveClassFileProvider done
Event: 51.919 loading class com/android/tools/r8/internal/Ju
Event: 51.919 loading class com/android/tools/r8/internal/Ju done
Event: 51.919 Executing VM operation: G1CollectForAllocation
Event: 51.919 loading class com/android/tools/r8/internal/x3
Event: 51.919 loading class com/android/tools/r8/internal/x3 done
Event: 51.920 Executing VM operation: G1CollectForAllocation done
Event: 51.920 Executing VM operation: G1CollectForAllocation


Dynamic libraries:
0x00007ff7153a0000 - 0x00007ff7153aa000 	C:\Program Files\Android\Android Studio\jre\bin\java.exe
0x00007fff77d90000 - 0x00007fff77f85000 	C:\WINDOWS\SYSTEM32\ntdll.dll
0x00007fff76170000 - 0x00007fff7622e000 	C:\WINDOWS\System32\KERNEL32.DLL
0x00007fff754b0000 - 0x00007fff75778000 	C:\WINDOWS\System32\KERNELBASE.dll
0x00007fff72cf0000 - 0x00007fff72d80000 	C:\WINDOWS\SYSTEM32\apphelp.dll
0x00007fff758e0000 - 0x00007fff759e0000 	C:\WINDOWS\System32\ucrtbase.dll
0x00007fff5f320000 - 0x00007fff5f337000 	C:\Program Files\Android\Android Studio\jre\bin\VCRUNTIME140.dll
0x00007fff5ee70000 - 0x00007fff5ee89000 	C:\Program Files\Android\Android Studio\jre\bin\jli.dll
0x00007fff75e40000 - 0x00007fff75fe1000 	C:\WINDOWS\System32\USER32.dll
0x00007fff5fa10000 - 0x00007fff5fcaa000 	C:\WINDOWS\WinSxS\amd64_microsoft.windows.common-controls_6595b64144ccf1df_6.0.19041.1110_none_60b5254171f9507e\COMCTL32.dll
0x00007fff75d30000 - 0x00007fff75d52000 	C:\WINDOWS\System32\win32u.dll
0x00007fff76fd0000 - 0x00007fff7706e000 	C:\WINDOWS\System32\msvcrt.dll
0x00007fff76710000 - 0x00007fff7673b000 	C:\WINDOWS\System32\GDI32.dll
0x00007fff75a70000 - 0x00007fff75b7b000 	C:\WINDOWS\System32\gdi32full.dll
0x00007fff75be0000 - 0x00007fff75c7d000 	C:\WINDOWS\System32\msvcp_win.dll
0x00007fff76120000 - 0x00007fff76150000 	C:\WINDOWS\System32\IMM32.DLL
0x00007fff4b970000 - 0x00007fff4ba0d000 	C:\Program Files\Android\Android Studio\jre\bin\msvcp140.dll
0x00007fff019f0000 - 0x00007fff024bf000 	C:\Program Files\Android\Android Studio\jre\bin\server\jvm.dll
0x00007fff76f20000 - 0x00007fff76fcc000 	C:\WINDOWS\System32\ADVAPI32.dll
0x00007fff762b0000 - 0x00007fff7634b000 	C:\WINDOWS\System32\sechost.dll
0x00007fff77a10000 - 0x00007fff77b3a000 	C:\WINDOWS\System32\RPCRT4.dll
0x00007fff77a00000 - 0x00007fff77a08000 	C:\WINDOWS\System32\PSAPI.DLL
0x00007fff6b9f0000 - 0x00007fff6ba17000 	C:\WINDOWS\SYSTEM32\WINMM.dll
0x00007fff6eb30000 - 0x00007fff6eb3a000 	C:\WINDOWS\SYSTEM32\VERSION.dll
0x00007fff5c8e0000 - 0x00007fff5c8e9000 	C:\WINDOWS\SYSTEM32\WSOCK32.dll
0x00007fff778e0000 - 0x00007fff7794b000 	C:\WINDOWS\System32\ws2_32.DLL
0x00007fff73370000 - 0x00007fff73382000 	C:\WINDOWS\SYSTEM32\kernel.appcore.dll
0x00007fff5c7d0000 - 0x00007fff5c7e1000 	C:\Program Files\Android\Android Studio\jre\bin\verify.dll
0x00007fff61390000 - 0x00007fff61574000 	C:\WINDOWS\SYSTEM32\DBGHELP.DLL
0x00007fff5c8f0000 - 0x00007fff5c91c000 	C:\WINDOWS\SYSTEM32\dbgcore.DLL
0x00007fff759e0000 - 0x00007fff75a63000 	C:\WINDOWS\System32\bcryptPrimitives.dll
0x00007fff5ae20000 - 0x00007fff5ae49000 	C:\Program Files\Android\Android Studio\jre\bin\java.dll
0x00007fff5c8d0000 - 0x00007fff5c8db000 	C:\Program Files\Android\Android Studio\jre\bin\jimage.dll
0x00007fff59490000 - 0x00007fff594a8000 	C:\Program Files\Android\Android Studio\jre\bin\zip.dll
0x00007fff77070000 - 0x00007fff777af000 	C:\WINDOWS\System32\SHELL32.dll
0x00007fff73570000 - 0x00007fff73d00000 	C:\WINDOWS\SYSTEM32\windows.storage.dll
0x00007fff763b0000 - 0x00007fff76705000 	C:\WINDOWS\System32\combase.dll
0x00007fff74e30000 - 0x00007fff74e5e000 	C:\WINDOWS\SYSTEM32\Wldp.dll
0x00007fff76e70000 - 0x00007fff76f1d000 	C:\WINDOWS\System32\SHCORE.dll
0x00007fff76350000 - 0x00007fff763a5000 	C:\WINDOWS\System32\shlwapi.dll
0x00007fff753f0000 - 0x00007fff7540f000 	C:\WINDOWS\SYSTEM32\profapi.dll
0x00007fff59470000 - 0x00007fff5948a000 	C:\Program Files\Android\Android Studio\jre\bin\net.dll
0x00007fff64330000 - 0x00007fff6443c000 	C:\WINDOWS\SYSTEM32\WINHTTP.dll
0x00007fff74b40000 - 0x00007fff74baa000 	C:\WINDOWS\system32\mswsock.dll
0x00007fff59400000 - 0x00007fff59414000 	C:\Program Files\Android\Android Studio\jre\bin\nio.dll
0x00007fff587a0000 - 0x00007fff587c7000 	C:\Users\souvik dey\.gradle\native\8bec1ad78214c89d9ad589b4d07fe93259594b29d510b10fafb7a158f7737e5d\windows-amd64\native-platform.dll
0x00007fff4b710000 - 0x00007fff4b84d000 	C:\Users\souvik dey\.gradle\native\53dbd7edfb1c66fb8903c78663c9afc45aea4f116125fa6feffd364cf09443e8\windows-amd64\native-platform-file-events.dll
0x00007fff5c890000 - 0x00007fff5c89a000 	C:\Program Files\Android\Android Studio\jre\bin\management.dll
0x00007fff593f0000 - 0x00007fff593fc000 	C:\Program Files\Android\Android Studio\jre\bin\management_ext.dll
0x00007fff74d00000 - 0x00007fff74d18000 	C:\WINDOWS\SYSTEM32\CRYPTSP.dll
0x00007fff744d0000 - 0x00007fff74504000 	C:\WINDOWS\system32\rsaenh.dll
0x00007fff75d60000 - 0x00007fff75d87000 	C:\WINDOWS\System32\bcrypt.dll
0x00007fff75370000 - 0x00007fff7539e000 	C:\WINDOWS\SYSTEM32\USERENV.dll
0x00007fff74d20000 - 0x00007fff74d2c000 	C:\WINDOWS\SYSTEM32\CRYPTBASE.dll
0x00007fff74850000 - 0x00007fff7488b000 	C:\WINDOWS\SYSTEM32\IPHLPAPI.DLL
0x00007fff75ff0000 - 0x00007fff75ff8000 	C:\WINDOWS\System32\NSI.dll
0x00007fff6bb30000 - 0x00007fff6bb47000 	C:\WINDOWS\SYSTEM32\dhcpcsvc6.DLL
0x00007fff6d8b0000 - 0x00007fff6d8cd000 	C:\WINDOWS\SYSTEM32\dhcpcsvc.DLL
0x00007fff74890000 - 0x00007fff7495b000 	C:\WINDOWS\SYSTEM32\DNSAPI.dll

dbghelp: loaded successfully - version: 4.0.5 - missing functions: none
symbol engine: initialized successfully - sym options: 0x614 - pdb path: .;C:\Program Files\Android\Android Studio\jre\bin;C:\WINDOWS\SYSTEM32;C:\WINDOWS\WinSxS\amd64_microsoft.windows.common-controls_6595b64144ccf1df_6.0.19041.1110_none_60b5254171f9507e;C:\Program Files\Android\Android Studio\jre\bin\server;C:\Users\souvik dey\.gradle\native\8bec1ad78214c89d9ad589b4d07fe93259594b29d510b10fafb7a158f7737e5d\windows-amd64;C:\Users\souvik dey\.gradle\native\53dbd7edfb1c66fb8903c78663c9afc45aea4f116125fa6feffd364cf09443e8\windows-amd64

VM Arguments:
jvm_args: --add-opens=java.base/java.util=ALL-UNNAMED --add-opens=java.base/java.lang=ALL-UNNAMED --add-opens=java.base/java.lang.invoke=ALL-UNNAMED --add-opens=java.base/java.util=ALL-UNNAMED --add-opens=java.prefs/java.util.prefs=ALL-UNNAMED --add-opens=java.prefs/java.util.prefs=ALL-UNNAMED --add-opens=java.base/java.nio.charset=ALL-UNNAMED --add-opens=java.base/java.net=ALL-UNNAMED --add-opens=java.base/java.util.concurrent.atomic=ALL-UNNAMED -Xmx2048m -Dfile.encoding=UTF-8 -Duser.country=IN -Duser.language=en -Duser.variant 
java_command: org.gradle.launcher.daemon.bootstrap.GradleDaemon 7.0.2
java_class_path (initial): C:\Users\souvik dey\.gradle\wrapper\dists\gradle-7.0.2-bin\857tjihv64xamwrf0h14cai3r\gradle-7.0.2\lib\gradle-launcher-7.0.2.jar
Launcher Type: SUN_STANDARD

[Global flags]
     intx CICompilerCount                          = 4                                         {product} {ergonomic}
     uint ConcGCThreads                            = 2                                         {product} {ergonomic}
     uint G1ConcRefinementThreads                  = 8                                         {product} {ergonomic}
   size_t G1HeapRegionSize                         = 1048576                                   {product} {ergonomic}
    uintx GCDrainStackTargetSize                   = 64                                        {product} {ergonomic}
   size_t InitialHeapSize                          = 100663296                                 {product} {ergonomic}
   size_t MarkStackSize                            = 4194304                                   {product} {ergonomic}
   size_t MaxHeapSize                              = 2147483648                                {product} {command line}
   size_t MaxNewSize                               = 1287651328                                {product} {ergonomic}
   size_t MinHeapDeltaBytes                        = 1048576                                   {product} {ergonomic}
    uintx NonNMethodCodeHeapSize                   = 5836300                                {pd product} {ergonomic}
    uintx NonProfiledCodeHeapSize                  = 122910970                              {pd product} {ergonomic}
    uintx ProfiledCodeHeapSize                     = 122910970                              {pd product} {ergonomic}
    uintx ReservedCodeCacheSize                    = 251658240                              {pd product} {ergonomic}
     bool SegmentedCodeCache                       = true                                      {product} {ergonomic}
     bool UseCompressedClassPointers               = true                                 {lp64_product} {ergonomic}
     bool UseCompressedOops                        = true                                 {lp64_product} {ergonomic}
     bool UseG1GC                                  = true                                      {product} {ergonomic}
     bool UseLargePagesIndividualAllocation        = false                                  {pd product} {ergonomic}

Logging:
Log output configuration:
 #0: stdout all=warning uptime,level,tags
 #1: stderr all=off uptime,level,tags

Environment Variables:
PATH=C:\python 3.9.1\Scripts\;C:\python 3.9.1\;C:\WINDOWS\system32;C:\WINDOWS;C:\WINDOWS\System32\Wbem;C:\WINDOWS\System32\WindowsPowerShell\v1.0\;C:\WINDOWS\System32\OpenSSH\;C:\MinGW\bin;C:\Program Files\Git\cmd;C:\Users\souvik dey\AppData\Local\Microsoft\WindowsApps;C:\Users\souvik dey\AppData\Local\atom\bin
USERNAME=souvik dey
OS=Windows_NT
PROCESSOR_IDENTIFIER=AMD64 Family 23 Model 24 Stepping 1, AuthenticAMD



---------------  S Y S T E M  ---------------

OS: Windows 10 , 64 bit Build 19041 (10.0.19041.1348)
OS uptime: 18 days 22:21 hours
Hyper-V role detected

CPU:total 8 (initial active 8) (8 cores per cpu, 2 threads per core) family 23 model 24 stepping 1 microcode 0x0, cmov, cx8, fxsr, mmx, sse, sse2, sse3, ssse3, sse4.1, sse4.2, popcnt, avx, avx2, aes, clmul, mmxext, 3dnowpref, lzcnt, sse4a, ht, tsc, tscinvbit, tscinv, bmi1, bmi2, adx, s

Memory: 4k page, system-wide physical 6058M (280M free)
TotalPageFile size 24490M (AvailPageFile size 1M)
current process WorkingSet (physical memory assigned to process): 458M, peak: 458M
current process commit charge ("private bytes"): 594M, peak: 659M

vm_info: OpenJDK 64-Bit Server VM (11.0.10+0-b96-7249189) for windows-amd64 JRE (11.0.10+0-b96-7249189), built on Mar 31 2021 21:44:00 by "builder" with MS VC++ 14.0 (VS2015)

END.
