#
# There is insufficient memory for the Java Runtime Environment to continue.
# Native memory allocation (mmap) failed to map 27262976 bytes for Failed to commit area from 0x0000000087400000 to 0x0000000088e00000 of length 27262976.
# Possible reasons:
#   The system is out of physical RAM or swap space
#   The process is running with CompressedOops enabled, and the Java Heap may be blocking the growth of the native heap
# Possible solutions:
#   Reduce memory load on the system
#   Increase physical memory or swap space
#   Check if swap backing store is full
#   Decrease Java heap size (-Xmx/-Xms)
#   Decrease number of Java threads
#   Decrease Java thread stack sizes (-Xss)
#   Set larger code cache with -XX:ReservedCodeCacheSize=
#   JVM is running with Unscaled Compressed Oops mode in which the Java heap is
#     placed in the first 4GB address space. The Java Heap base address is the
#     maximum limit for the native heap growth. Please use -XX:HeapBaseMinAddress
#     to set the Java Heap base and to place the Java Heap above 4GB virtual address.
# This output file may be truncated or incomplete.
#
#  Out of Memory Error (./src/hotspot/os/windows/os_windows.cpp:3301), pid=12812, tid=25576
#
# JRE version: OpenJDK Runtime Environment (11.0.10) (build 11.0.10+0-b96-7249189)
# Java VM: OpenJDK 64-Bit Server VM (11.0.10+0-b96-7249189, mixed mode, tiered, compressed oops, g1 gc, windows-amd64)
# No core dump will be written. Minidumps are not enabled by default on client versions of Windows
#

---------------  S U M M A R Y ------------

Command Line: --add-opens=java.base/java.util=ALL-UNNAMED --add-opens=java.base/java.lang=ALL-UNNAMED --add-opens=java.base/java.lang.invoke=ALL-UNNAMED --add-opens=java.base/java.util=ALL-UNNAMED --add-opens=java.prefs/java.util.prefs=ALL-UNNAMED --add-opens=java.prefs/java.util.prefs=ALL-UNNAMED --add-opens=java.base/java.nio.charset=ALL-UNNAMED --add-opens=java.base/java.net=ALL-UNNAMED --add-opens=java.base/java.util.concurrent.atomic=ALL-UNNAMED -Xmx2048m -Dfile.encoding=UTF-8 -Duser.country=IN -Duser.language=en -Duser.variant org.gradle.launcher.daemon.bootstrap.GradleDaemon 7.0.2

Host: AMD Ryzen 5 3500U with Radeon Vega Mobile Gfx  , 8 cores, 5G,  Windows 10 , 64 bit Build 19041 (10.0.19041.1348)
Time: Tue Nov 30 11:47:11 2021 India Standard Time elapsed time: 16.992101 seconds (0d 0h 0m 16s)

---------------  T H R E A D  ---------------

Current thread (0x000001d33d1cc800):  VMThread "VM Thread" [stack: 0x000000242f200000,0x000000242f300000] [id=25576]

Stack: [0x000000242f200000,0x000000242f300000]
[error occurred during error reporting (printing stack bounds), id 0xc0000005, EXCEPTION_ACCESS_VIOLATION (0xc0000005) at pc=0x000001d326870f2d]

Native frames: (J=compiled Java code, j=interpreted, Vv=VM code, C=native code)
V  [jvm.dll+0x5ecfaa]
V  [jvm.dll+0x722bd5]
V  [jvm.dll+0x72412d]
V  [jvm.dll+0x724745]
V  [jvm.dll+0x7246fb]
V  [jvm.dll+0x5ec348]
V  [jvm.dll+0x5ecad8]
C  [ntdll.dll+0xa20cf]
C  [ntdll.dll+0x51454]
C  [ntdll.dll+0xa0bfe]
C  0x000001d326870f2d

VM_Operation (0x00000024306f3da0): G1CollectForAllocation, mode: safepoint, requested by thread 0x000001d33e569000


---------------  P R O C E S S  ---------------

Threads class SMR info:
_java_thread_list=0x000001d33ea36f80, length=49, elements={
0x000001d322d8a000, 0x000001d33d1d5000, 0x000001d33d1d9800, 0x000001d33d1e2800,
0x000001d33db62800, 0x000001d33db64000, 0x000001d33db6a000, 0x000001d33db6e000,
0x000001d33dbba800, 0x000001d33dcb3800, 0x000001d3400db800, 0x000001d33f041000,
0x000001d33f23b800, 0x000001d33fef7000, 0x000001d33eb40800, 0x000001d33f588000,
0x000001d33e569000, 0x000001d33fc89800, 0x000001d33fc72800, 0x000001d33fc70000,
0x000001d33fc71000, 0x000001d33fc73800, 0x000001d33fc6e800, 0x000001d33fc6d800,
0x000001d33fc6f800, 0x000001d33fc74000, 0x000001d33fc71800, 0x000001d340389800,
0x000001d34038c000, 0x000001d340388000, 0x000001d34038d800, 0x000001d34038d000,
0x000001d34038a800, 0x000001d34038e800, 0x000001d34038b000, 0x000001d340388800,
0x000001d340390000, 0x000001d340393800, 0x000001d340395000, 0x000001d340396800,
0x000001d340396000, 0x000001d340391800, 0x000001d340128800, 0x000001d340126800,
0x000001d340126000, 0x000001d34012a000, 0x000001d340125000, 0x000001d340129000,
0x000001d340124000
}

Java Threads: ( => current thread )
  0x000001d322d8a000 JavaThread "main" [_thread_blocked, id=29196, stack(0x000000242ec00000,0x000000242ed00000)]
  0x000001d33d1d5000 JavaThread "Reference Handler" daemon [_thread_blocked, id=25804, stack(0x000000242f300000,0x000000242f400000)]
  0x000001d33d1d9800 JavaThread "Finalizer" daemon [_thread_blocked, id=27348, stack(0x000000242f400000,0x000000242f500000)]
  0x000001d33d1e2800 JavaThread "Signal Dispatcher" daemon [_thread_blocked, id=28340, stack(0x000000242f500000,0x000000242f600000)]
  0x000001d33db62800 JavaThread "Attach Listener" daemon [_thread_blocked, id=6224, stack(0x000000242f600000,0x000000242f700000)]
  0x000001d33db64000 JavaThread "Service Thread" daemon [_thread_blocked, id=27268, stack(0x000000242f700000,0x000000242f800000)]
  0x000001d33db6a000 JavaThread "C2 CompilerThread0" daemon [_thread_blocked, id=26892, stack(0x000000242f800000,0x000000242f900000)]
  0x000001d33db6e000 JavaThread "C1 CompilerThread0" daemon [_thread_blocked, id=28068, stack(0x000000242f900000,0x000000242fa00000)]
  0x000001d33dbba800 JavaThread "Sweeper thread" daemon [_thread_blocked, id=31448, stack(0x000000242fa00000,0x000000242fb00000)]
  0x000001d33dcb3800 JavaThread "Common-Cleaner" daemon [_thread_blocked, id=29300, stack(0x000000242fb00000,0x000000242fc00000)]
  0x000001d3400db800 JavaThread "Daemon health stats" [_thread_blocked, id=18640, stack(0x000000242fe00000,0x000000242ff00000)]
  0x000001d33f041000 JavaThread "Incoming local TCP Connector on port 53234" [_thread_in_native, id=28848, stack(0x0000002430100000,0x0000002430200000)]
  0x000001d33f23b800 JavaThread "Daemon periodic checks" [_thread_blocked, id=13556, stack(0x0000002430200000,0x0000002430300000)]
  0x000001d33fef7000 JavaThread "Daemon" [_thread_blocked, id=24972, stack(0x0000002430300000,0x0000002430400000)]
  0x000001d33eb40800 JavaThread "Handler for socket connection from /127.0.0.1:53234 to /127.0.0.1:53235" [_thread_in_native, id=23992, stack(0x0000002430400000,0x0000002430500000)]
  0x000001d33f588000 JavaThread "Cancel handler" [_thread_blocked, id=32180, stack(0x0000002430500000,0x0000002430600000)]
  0x000001d33e569000 JavaThread "Daemon worker" [_thread_blocked, id=8180, stack(0x0000002430600000,0x0000002430700000)]
  0x000001d33fc89800 JavaThread "Asynchronous log dispatcher for DefaultDaemonConnection: socket connection from /127.0.0.1:53234 to /127.0.0.1:53235" [_thread_blocked, id=17112, stack(0x0000002430700000,0x0000002430800000)]
  0x000001d33fc72800 JavaThread "Stdin handler" [_thread_blocked, id=28572, stack(0x0000002430800000,0x0000002430900000)]
  0x000001d33fc70000 JavaThread "Daemon client event forwarder" [_thread_blocked, id=17944, stack(0x0000002430900000,0x0000002430a00000)]
  0x000001d33fc71000 JavaThread "Cache worker for file hash cache (C:\Users\souvik dey\.gradle\caches\7.0.2\fileHashes)" [_thread_blocked, id=23656, stack(0x0000002430a00000,0x0000002430b00000)]
  0x000001d33fc73800 JavaThread "File lock request listener" [_thread_in_native, id=28844, stack(0x0000002430b00000,0x0000002430c00000)]
  0x000001d33fc6e800 JavaThread "Cache worker for journal cache (C:\Users\souvik dey\.gradle\caches\journal-1)" [_thread_blocked, id=6668, stack(0x0000002431100000,0x0000002431200000)]
  0x000001d33fc6d800 JavaThread "Cache worker for file hash cache (E:\my programming\android projects\EasyDRAW\.gradle\7.0.2\fileHashes)" [_thread_blocked, id=25368, stack(0x0000002431200000,0x0000002431300000)]
  0x000001d33fc6f800 JavaThread "File watcher server" daemon [_thread_in_native, id=18876, stack(0x0000002431300000,0x0000002431400000)]
  0x000001d33fc74000 JavaThread "File watcher consumer" daemon [_thread_blocked, id=12080, stack(0x0000002431400000,0x0000002431500000)]
  0x000001d33fc71800 JavaThread "jar transforms" [_thread_blocked, id=28472, stack(0x0000002431500000,0x0000002431600000)]
  0x000001d340389800 JavaThread "jar transforms Thread 2" [_thread_blocked, id=26492, stack(0x0000002431600000,0x0000002431700000)]
  0x000001d34038c000 JavaThread "jar transforms Thread 3" [_thread_blocked, id=25212, stack(0x0000002431700000,0x0000002431800000)]
  0x000001d340388000 JavaThread "jar transforms Thread 4" [_thread_blocked, id=22120, stack(0x0000002431800000,0x0000002431900000)]
  0x000001d34038d800 JavaThread "jar transforms Thread 5" [_thread_blocked, id=25836, stack(0x0000002431900000,0x0000002431a00000)]
  0x000001d34038d000 JavaThread "jar transforms Thread 6" [_thread_blocked, id=31484, stack(0x0000002431a00000,0x0000002431b00000)]
  0x000001d34038a800 JavaThread "jar transforms Thread 7" [_thread_blocked, id=28108, stack(0x0000002431b00000,0x0000002431c00000)]
  0x000001d34038e800 JavaThread "jar transforms Thread 8" [_thread_blocked, id=24504, stack(0x0000002431c00000,0x0000002431d00000)]
  0x000001d34038b000 JavaThread "Cache worker for checksums cache (E:\my programming\android projects\EasyDRAW\.gradle\checksums)" [_thread_blocked, id=28960, stack(0x0000002431d00000,0x0000002431e00000)]
  0x000001d340388800 JavaThread "Cache worker for cache directory md-supplier (C:\Users\souvik dey\.gradle\caches\7.0.2\md-supplier)" [_thread_blocked, id=24724, stack(0x0000002431e00000,0x0000002431f00000)]
  0x000001d340390000 JavaThread "Cache worker for cache directory md-rule (C:\Users\souvik dey\.gradle\caches\7.0.2\md-rule)" [_thread_blocked, id=2140, stack(0x0000002431f00000,0x0000002432000000)]
  0x000001d340393800 JavaThread "Cache worker for execution history cache (C:\Users\souvik dey\.gradle\caches\7.0.2\executionHistory)" [_thread_blocked, id=31732, stack(0x0000002432000000,0x0000002432100000)]
  0x000001d340395000 JavaThread "Cache worker for file content cache (C:\Users\souvik dey\.gradle\caches\7.0.2\fileContent)" [_thread_blocked, id=13456, stack(0x0000002432100000,0x0000002432200000)]
  0x000001d340396800 JavaThread "Cache worker for dependencies-accessors (E:\my programming\android projects\EasyDRAW\.gradle\7.0.2\dependencies-accessors)" [_thread_blocked, id=32444, stack(0x0000002432200000,0x0000002432300000)]
  0x000001d340396000 JavaThread "Cache worker for Build Output Cleanup Cache (E:\my programming\android projects\EasyDRAW\.gradle\buildOutputCleanup)" [_thread_blocked, id=23308, stack(0x0000002432300000,0x0000002432400000)]
  0x000001d340391800 JavaThread "Build operations" [_thread_blocked, id=31096, stack(0x0000002432400000,0x0000002432500000)]
  0x000001d340128800 JavaThread "Build operations Thread 2" [_thread_blocked, id=30020, stack(0x0000002432500000,0x0000002432600000)]
  0x000001d340126800 JavaThread "Build operations Thread 3" [_thread_blocked, id=15372, stack(0x0000002432600000,0x0000002432700000)]
  0x000001d340126000 JavaThread "Build operations Thread 4" [_thread_blocked, id=7476, stack(0x0000002432700000,0x0000002432800000)]
  0x000001d34012a000 JavaThread "Build operations Thread 5" [_thread_blocked, id=29996, stack(0x0000002432800000,0x0000002432900000)]
  0x000001d340125000 JavaThread "Build operations Thread 6" [_thread_blocked, id=21692, stack(0x0000002432900000,0x0000002432a00000)]
  0x000001d340129000 JavaThread "Build operations Thread 7" [_thread_blocked, id=20408, stack(0x0000002432a00000,0x0000002432b00000)]
  0x000001d340124000 JavaThread "Build operations Thread 8" [_thread_blocked, id=14696, stack(0x0000002432b00000,0x0000002432c00000)]

Other Threads:
=>0x000001d33d1cc800 VMThread "VM Thread" [stack: 0x000000242f200000,0x000000242f300000] [id=25576]
  0x000001d33dcc7000 WatcherThread [stack: 0x000000242fc00000,0x000000242fd00000] [id=32528]
  0x000001d322da3000 GCTaskThread "GC Thread#0" [stack: 0x000000242ed00000,0x000000242ee00000] [id=30668]
  0x000001d33e581800 GCTaskThread "GC Thread#1" [stack: 0x000000242fd00000,0x000000242fe00000] [id=27836]
  0x000001d33fc2a800 GCTaskThread "GC Thread#2" [stack: 0x000000242ff00000,0x0000002430000000] [id=22980]
  0x000001d33f13a000 GCTaskThread "GC Thread#3" [stack: 0x0000002430000000,0x0000002430100000] [id=29112]
  0x000001d33fcdc800 GCTaskThread "GC Thread#4" [stack: 0x0000002430c00000,0x0000002430d00000] [id=29724]
  0x000001d33fc68800 GCTaskThread "GC Thread#5" [stack: 0x0000002430d00000,0x0000002430e00000] [id=30492]
  0x000001d33fc69800 GCTaskThread "GC Thread#6" [stack: 0x0000002430e00000,0x0000002430f00000] [id=17648]
  0x000001d33eb50800 GCTaskThread "GC Thread#7" [stack: 0x0000002430f00000,0x0000002431000000] [id=22156]
  0x000001d322dd4800 ConcurrentGCThread "G1 Main Marker" [stack: 0x000000242ee00000,0x000000242ef00000] [id=27604]
  0x000001d322dd6800 ConcurrentGCThread "G1 Conc#0" [stack: 0x000000242ef00000,0x000000242f000000] [id=10232]
  0x000001d33ed57000 ConcurrentGCThread "G1 Conc#1" [stack: 0x0000002431000000,0x0000002431100000] [id=24156]
  0x000001d322e5a000 ConcurrentGCThread "G1 Refine#0" [stack: 0x000000242f000000,0x000000242f100000] [id=1800]
  0x000001d322e5b000 ConcurrentGCThread "G1 Young RemSet Sampling" [stack: 0x000000242f100000,0x000000242f200000] [id=21072]

Threads with active compile tasks:
C2 CompilerThread0  17015 6696       4       org.objectweb.asm.SymbolTable::addConstantUtf8 (98 bytes)

VM state:at safepoint (normal execution)

VM Mutex/Monitor currently owned by a thread:  ([mutex/lock_event])
[0x000001d322d87390] Threads_lock - owner thread: 0x000001d33d1cc800
[0x000001d322d86220] Heap_lock - owner thread: 0x000001d33e569000

Heap address: 0x0000000080000000, size: 2048 MB, Compressed Oops mode: 32-bit
Narrow klass base: 0x0000000000000000, Narrow klass shift: 3
Compressed class space size: 1073741824 Address: 0x0000000100000000

Heap:
 garbage-first heap   total 145408K, used 78041K [0x0000000080000000, 0x0000000100000000)
  region size 1024K, 3 young (3072K), 3 survivors (3072K)
 Metaspace       used 63893K, capacity 65635K, committed 65920K, reserved 1105920K
  class space    used 8158K, capacity 8757K, committed 8832K, reserved 1048576K
Heap Regions: E=young(eden), S=young(survivor), O=old, HS=humongous(starts), HC=humongous(continues), CS=collection set, F=free, A=archive, TAMS=top-at-mark-start (previous, next)
|   0|0x0000000080000000, 0x0000000080100000, 0x0000000080100000|100%| O|  |TAMS 0x0000000080100000, 0x0000000080100000| Untracked 
|   1|0x0000000080100000, 0x0000000080200000, 0x0000000080200000|100%| O|  |TAMS 0x0000000080200000, 0x0000000080200000| Untracked 
|   2|0x0000000080200000, 0x0000000080300000, 0x0000000080300000|100%| O|  |TAMS 0x0000000080300000, 0x0000000080300000| Untracked 
|   3|0x0000000080300000, 0x0000000080400000, 0x0000000080400000|100%|HS|  |TAMS 0x0000000080400000, 0x0000000080400000| Complete 
|   4|0x0000000080400000, 0x0000000080500000, 0x0000000080500000|100%|HC|  |TAMS 0x0000000080500000, 0x0000000080500000| Complete 
|   5|0x0000000080500000, 0x0000000080600000, 0x0000000080600000|100%|HC|  |TAMS 0x0000000080600000, 0x0000000080600000| Complete 
|   6|0x0000000080600000, 0x0000000080700000, 0x0000000080700000|100%| O|  |TAMS 0x0000000080700000, 0x0000000080700000| Untracked 
|   7|0x0000000080700000, 0x0000000080800000, 0x0000000080800000|100%| O|  |TAMS 0x0000000080800000, 0x0000000080800000| Untracked 
|   8|0x0000000080800000, 0x0000000080900000, 0x0000000080900000|100%| O|  |TAMS 0x0000000080900000, 0x0000000080900000| Untracked 
|   9|0x0000000080900000, 0x0000000080a00000, 0x0000000080a00000|100%| O|  |TAMS 0x0000000080a00000, 0x0000000080a00000| Untracked 
|  10|0x0000000080a00000, 0x0000000080b00000, 0x0000000080b00000|100%| O|  |TAMS 0x0000000080b00000, 0x0000000080b00000| Untracked 
|  11|0x0000000080b00000, 0x0000000080c00000, 0x0000000080c00000|100%| O|  |TAMS 0x0000000080c00000, 0x0000000080c00000| Untracked 
|  12|0x0000000080c00000, 0x0000000080d00000, 0x0000000080d00000|100%| O|  |TAMS 0x0000000080d00000, 0x0000000080d00000| Untracked 
|  13|0x0000000080d00000, 0x0000000080e00000, 0x0000000080e00000|100%| O|  |TAMS 0x0000000080e00000, 0x0000000080e00000| Untracked 
|  14|0x0000000080e00000, 0x0000000080f00000, 0x0000000080f00000|100%| O|  |TAMS 0x0000000080f00000, 0x0000000080f00000| Untracked 
|  15|0x0000000080f00000, 0x0000000081000000, 0x0000000081000000|100%|HS|  |TAMS 0x0000000081000000, 0x0000000081000000| Complete 
|  16|0x0000000081000000, 0x0000000081100000, 0x0000000081100000|100%|HC|  |TAMS 0x0000000081100000, 0x0000000081100000| Complete 
|  17|0x0000000081100000, 0x0000000081200000, 0x0000000081200000|100%|HS|  |TAMS 0x0000000081200000, 0x0000000081200000| Complete 
|  18|0x0000000081200000, 0x0000000081300000, 0x0000000081300000|100%|HC|  |TAMS 0x0000000081300000, 0x0000000081300000| Complete 
|  19|0x0000000081300000, 0x0000000081400000, 0x0000000081400000|100%|HC|  |TAMS 0x0000000081400000, 0x0000000081400000| Complete 
|  20|0x0000000081400000, 0x0000000081500000, 0x0000000081500000|100%|HS|  |TAMS 0x0000000081500000, 0x0000000081500000| Complete 
|  21|0x0000000081500000, 0x0000000081600000, 0x0000000081600000|100%|HC|  |TAMS 0x0000000081600000, 0x0000000081600000| Complete 
|  22|0x0000000081600000, 0x0000000081700000, 0x0000000081700000|100%|HC|  |TAMS 0x0000000081700000, 0x0000000081700000| Complete 
|  23|0x0000000081700000, 0x0000000081800000, 0x0000000081800000|100%|HC|  |TAMS 0x0000000081800000, 0x0000000081800000| Complete 
|  24|0x0000000081800000, 0x0000000081900000, 0x0000000081900000|100%|HC|  |TAMS 0x0000000081900000, 0x0000000081900000| Complete 
|  25|0x0000000081900000, 0x0000000081a00000, 0x0000000081a00000|100%| O|  |TAMS 0x0000000081a00000, 0x0000000081a00000| Untracked 
|  26|0x0000000081a00000, 0x0000000081b00000, 0x0000000081b00000|100%| O|  |TAMS 0x0000000081b00000, 0x0000000081b00000| Untracked 
|  27|0x0000000081b00000, 0x0000000081c00000, 0x0000000081c00000|100%| O|  |TAMS 0x0000000081c00000, 0x0000000081c00000| Untracked 
|  28|0x0000000081c00000, 0x0000000081d00000, 0x0000000081d00000|100%| O|  |TAMS 0x0000000081d00000, 0x0000000081d00000| Untracked 
|  29|0x0000000081d00000, 0x0000000081e00000, 0x0000000081e00000|100%| O|  |TAMS 0x0000000081e00000, 0x0000000081e00000| Untracked 
|  30|0x0000000081e00000, 0x0000000081f00000, 0x0000000081f00000|100%| O|  |TAMS 0x0000000081f00000, 0x0000000081f00000| Untracked 
|  31|0x0000000081f00000, 0x0000000082000000, 0x0000000082000000|100%| O|  |TAMS 0x0000000082000000, 0x0000000082000000| Untracked 
|  32|0x0000000082000000, 0x0000000082100000, 0x0000000082100000|100%| O|  |TAMS 0x0000000082100000, 0x0000000082100000| Untracked 
|  33|0x0000000082100000, 0x0000000082200000, 0x0000000082200000|100%|HS|  |TAMS 0x0000000082200000, 0x0000000082200000| Complete 
|  34|0x0000000082200000, 0x0000000082300000, 0x0000000082300000|100%|HC|  |TAMS 0x0000000082300000, 0x0000000082300000| Complete 
|  35|0x0000000082300000, 0x0000000082400000, 0x0000000082400000|100%|HC|  |TAMS 0x0000000082400000, 0x0000000082400000| Complete 
|  36|0x0000000082400000, 0x0000000082500000, 0x0000000082500000|100%| O|  |TAMS 0x0000000082500000, 0x0000000082500000| Untracked 
|  37|0x0000000082500000, 0x0000000082600000, 0x0000000082600000|100%| O|  |TAMS 0x0000000082600000, 0x0000000082600000| Untracked 
|  38|0x0000000082600000, 0x0000000082700000, 0x0000000082700000|100%|HS|  |TAMS 0x0000000082700000, 0x0000000082700000| Complete 
|  39|0x0000000082700000, 0x0000000082800000, 0x0000000082800000|100%|HC|  |TAMS 0x0000000082800000, 0x0000000082800000| Complete 
|  40|0x0000000082800000, 0x0000000082900000, 0x0000000082900000|100%|HC|  |TAMS 0x0000000082900000, 0x0000000082900000| Complete 
|  41|0x0000000082900000, 0x0000000082a00000, 0x0000000082a00000|100%|HC|  |TAMS 0x0000000082a00000, 0x0000000082a00000| Complete 
|  42|0x0000000082a00000, 0x0000000082b00000, 0x0000000082b00000|100%|HC|  |TAMS 0x0000000082b00000, 0x0000000082b00000| Complete 
|  43|0x0000000082b00000, 0x0000000082c00000, 0x0000000082c00000|100%| O|  |TAMS 0x0000000082c00000, 0x0000000082c00000| Untracked 
|  44|0x0000000082c00000, 0x0000000082d00000, 0x0000000082d00000|100%| O|  |TAMS 0x0000000082d00000, 0x0000000082d00000| Untracked 
|  45|0x0000000082d00000, 0x0000000082e00000, 0x0000000082e00000|100%| O|  |TAMS 0x0000000082e00000, 0x0000000082e00000| Untracked 
|  46|0x0000000082e00000, 0x0000000082f00000, 0x0000000082f00000|100%| O|  |TAMS 0x0000000082f00000, 0x0000000082f00000| Untracked 
|  47|0x0000000082f00000, 0x0000000083000000, 0x0000000083000000|100%| O|  |TAMS 0x0000000083000000, 0x0000000083000000| Untracked 
|  48|0x0000000083000000, 0x0000000083100000, 0x0000000083100000|100%| O|  |TAMS 0x0000000083100000, 0x0000000083100000| Untracked 
|  49|0x0000000083100000, 0x0000000083200000, 0x0000000083200000|100%| O|  |TAMS 0x0000000083200000, 0x0000000083200000| Untracked 
|  50|0x0000000083200000, 0x0000000083300000, 0x0000000083300000|100%| O|  |TAMS 0x0000000083300000, 0x0000000083300000| Untracked 
|  51|0x0000000083300000, 0x0000000083400000, 0x0000000083400000|100%| O|  |TAMS 0x0000000083400000, 0x0000000083400000| Untracked 
|  52|0x0000000083400000, 0x0000000083500000, 0x0000000083500000|100%| O|  |TAMS 0x0000000083500000, 0x0000000083500000| Untracked 
|  53|0x0000000083500000, 0x0000000083600000, 0x0000000083600000|100%| O|  |TAMS 0x0000000083600000, 0x0000000083600000| Untracked 
|  54|0x0000000083600000, 0x0000000083700000, 0x0000000083700000|100%| O|  |TAMS 0x0000000083700000, 0x0000000083700000| Untracked 
|  55|0x0000000083700000, 0x0000000083800000, 0x0000000083800000|100%| O|  |TAMS 0x0000000083800000, 0x0000000083800000| Untracked 
|  56|0x0000000083800000, 0x0000000083900000, 0x0000000083900000|100%|HS|  |TAMS 0x0000000083900000, 0x0000000083900000| Complete 
|  57|0x0000000083900000, 0x0000000083a00000, 0x0000000083a00000|100%|HS|  |TAMS 0x0000000083a00000, 0x0000000083a00000| Complete 
|  58|0x0000000083a00000, 0x0000000083b00000, 0x0000000083b00000|100%|HS|  |TAMS 0x0000000083b00000, 0x0000000083b00000| Complete 
|  59|0x0000000083b00000, 0x0000000083c00000, 0x0000000083c00000|100%| O|  |TAMS 0x0000000083c00000, 0x0000000083c00000| Untracked 
|  60|0x0000000083c00000, 0x0000000083d00000, 0x0000000083d00000|100%|HS|  |TAMS 0x0000000083d00000, 0x0000000083d00000| Complete 
|  61|0x0000000083d00000, 0x0000000083e00000, 0x0000000083e00000|100%|HC|  |TAMS 0x0000000083e00000, 0x0000000083e00000| Complete 
|  62|0x0000000083e00000, 0x0000000083f00000, 0x0000000083f00000|100%|HC|  |TAMS 0x0000000083f00000, 0x0000000083f00000| Complete 
|  63|0x0000000083f00000, 0x0000000084000000, 0x0000000084000000|100%| O|  |TAMS 0x0000000084000000, 0x0000000084000000| Untracked 
|  64|0x0000000084000000, 0x0000000084100000, 0x0000000084100000|100%| O|  |TAMS 0x0000000084100000, 0x0000000084100000| Untracked 
|  65|0x0000000084100000, 0x0000000084200000, 0x0000000084200000|100%| O|  |TAMS 0x0000000084200000, 0x0000000084200000| Untracked 
|  66|0x0000000084200000, 0x0000000084300000, 0x0000000084300000|100%|HS|  |TAMS 0x0000000084300000, 0x0000000084300000| Complete 
|  67|0x0000000084300000, 0x0000000084400000, 0x0000000084400000|100%|HC|  |TAMS 0x0000000084400000, 0x0000000084400000| Complete 
|  68|0x0000000084400000, 0x0000000084500000, 0x0000000084500000|100%| O|  |TAMS 0x0000000084500000, 0x0000000084500000| Untracked 
|  69|0x0000000084500000, 0x0000000084600000, 0x0000000084600000|100%| O|  |TAMS 0x0000000084600000, 0x0000000084600000| Untracked 
|  70|0x0000000084600000, 0x0000000084700000, 0x0000000084700000|100%| O|  |TAMS 0x0000000084700000, 0x0000000084700000| Untracked 
|  71|0x0000000084700000, 0x0000000084800000, 0x0000000084800000|100%| O|  |TAMS 0x0000000084800000, 0x0000000084800000| Untracked 
|  72|0x0000000084800000, 0x0000000084900000, 0x0000000084900000|100%| O|  |TAMS 0x0000000084900000, 0x0000000084900000| Untracked 
|  73|0x0000000084900000, 0x00000000849fb200, 0x0000000084a00000| 98%| O|  |TAMS 0x00000000849fb200, 0x00000000849fb200| Untracked 
|  74|0x0000000084a00000, 0x0000000084a00000, 0x0000000084b00000|  0%| F|  |TAMS 0x0000000084a00000, 0x0000000084a00000| Untracked 
|  75|0x0000000084b00000, 0x0000000084b00000, 0x0000000084c00000|  0%| F|  |TAMS 0x0000000084b00000, 0x0000000084b00000| Untracked 
|  76|0x0000000084c00000, 0x0000000084c00000, 0x0000000084d00000|  0%| F|  |TAMS 0x0000000084c00000, 0x0000000084c00000| Untracked 
|  77|0x0000000084d00000, 0x0000000084d00000, 0x0000000084e00000|  0%| F|  |TAMS 0x0000000084d00000, 0x0000000084d00000| Untracked 
|  78|0x0000000084e00000, 0x0000000084e00000, 0x0000000084f00000|  0%| F|  |TAMS 0x0000000084e00000, 0x0000000084e00000| Untracked 
|  79|0x0000000084f00000, 0x0000000084f00000, 0x0000000085000000|  0%| F|  |TAMS 0x0000000084f00000, 0x0000000084f00000| Untracked 
|  80|0x0000000085000000, 0x0000000085000000, 0x0000000085100000|  0%| F|  |TAMS 0x0000000085000000, 0x0000000085000000| Untracked 
|  81|0x0000000085100000, 0x0000000085100000, 0x0000000085200000|  0%| F|  |TAMS 0x0000000085100000, 0x0000000085100000| Untracked 
|  82|0x0000000085200000, 0x0000000085200000, 0x0000000085300000|  0%| F|  |TAMS 0x0000000085200000, 0x0000000085200000| Untracked 
|  83|0x0000000085300000, 0x0000000085300000, 0x0000000085400000|  0%| F|  |TAMS 0x0000000085300000, 0x0000000085300000| Untracked 
|  84|0x0000000085400000, 0x0000000085400000, 0x0000000085500000|  0%| F|  |TAMS 0x0000000085400000, 0x0000000085400000| Untracked 
|  85|0x0000000085500000, 0x0000000085500000, 0x0000000085600000|  0%| F|  |TAMS 0x0000000085500000, 0x0000000085500000| Untracked 
|  86|0x0000000085600000, 0x0000000085600000, 0x0000000085700000|  0%| F|  |TAMS 0x0000000085600000, 0x0000000085600000| Untracked 
|  87|0x0000000085700000, 0x0000000085700000, 0x0000000085800000|  0%| F|  |TAMS 0x0000000085700000, 0x0000000085700000| Untracked 
|  88|0x0000000085800000, 0x0000000085800000, 0x0000000085900000|  0%| F|  |TAMS 0x0000000085800000, 0x0000000085800000| Untracked 
|  89|0x0000000085900000, 0x0000000085900000, 0x0000000085a00000|  0%| F|  |TAMS 0x0000000085900000, 0x0000000085900000| Untracked 
|  90|0x0000000085a00000, 0x0000000085a00000, 0x0000000085b00000|  0%| F|  |TAMS 0x0000000085a00000, 0x0000000085a00000| Untracked 
|  91|0x0000000085b00000, 0x0000000085b00000, 0x0000000085c00000|  0%| F|  |TAMS 0x0000000085b00000, 0x0000000085b00000| Untracked 
|  92|0x0000000085c00000, 0x0000000085c00000, 0x0000000085d00000|  0%| F|  |TAMS 0x0000000085c00000, 0x0000000085c00000| Untracked 
|  93|0x0000000085d00000, 0x0000000085d00000, 0x0000000085e00000|  0%| F|  |TAMS 0x0000000085d00000, 0x0000000085d00000| Untracked 
|  94|0x0000000085e00000, 0x0000000085e00000, 0x0000000085f00000|  0%| F|  |TAMS 0x0000000085e00000, 0x0000000085e00000| Untracked 
|  95|0x0000000085f00000, 0x0000000085f3b338, 0x0000000086000000| 23%| S|CS|TAMS 0x0000000085f00000, 0x0000000085f00000| Complete 
|  96|0x0000000086000000, 0x0000000086100000, 0x0000000086100000|100%| S|CS|TAMS 0x0000000086000000, 0x0000000086000000| Complete 
|  97|0x0000000086100000, 0x0000000086100000, 0x0000000086200000|  0%| F|  |TAMS 0x0000000086100000, 0x0000000086100000| Untracked 
|  98|0x0000000086200000, 0x0000000086200000, 0x0000000086300000|  0%| F|  |TAMS 0x0000000086200000, 0x0000000086200000| Untracked 
|  99|0x0000000086300000, 0x0000000086400000, 0x0000000086400000|100%| S|CS|TAMS 0x0000000086300000, 0x0000000086300000| Complete 
| 100|0x0000000086400000, 0x0000000086400000, 0x0000000086500000|  0%| F|  |TAMS 0x0000000086400000, 0x0000000086400000| Untracked 
| 101|0x0000000086500000, 0x0000000086500000, 0x0000000086600000|  0%| F|  |TAMS 0x0000000086500000, 0x0000000086500000| Untracked 
| 102|0x0000000086600000, 0x0000000086600000, 0x0000000086700000|  0%| F|  |TAMS 0x0000000086600000, 0x0000000086600000| Untracked 
| 103|0x0000000086700000, 0x0000000086700000, 0x0000000086800000|  0%| F|  |TAMS 0x0000000086700000, 0x0000000086700000| Untracked 
| 104|0x0000000086800000, 0x0000000086800000, 0x0000000086900000|  0%| F|  |TAMS 0x0000000086800000, 0x0000000086800000| Untracked 
| 105|0x0000000086900000, 0x0000000086900000, 0x0000000086a00000|  0%| F|  |TAMS 0x0000000086900000, 0x0000000086900000| Untracked 
| 106|0x0000000086a00000, 0x0000000086a00000, 0x0000000086b00000|  0%| F|  |TAMS 0x0000000086a00000, 0x0000000086a00000| Untracked 
| 107|0x0000000086b00000, 0x0000000086b00000, 0x0000000086c00000|  0%| F|  |TAMS 0x0000000086b00000, 0x0000000086b00000| Untracked 
| 108|0x0000000086c00000, 0x0000000086c00000, 0x0000000086d00000|  0%| F|  |TAMS 0x0000000086c00000, 0x0000000086c00000| Untracked 
| 109|0x0000000086d00000, 0x0000000086d00000, 0x0000000086e00000|  0%| F|  |TAMS 0x0000000086d00000, 0x0000000086d00000| Untracked 
| 110|0x0000000086e00000, 0x0000000086e00000, 0x0000000086f00000|  0%| F|  |TAMS 0x0000000086e00000, 0x0000000086e00000| Untracked 
| 111|0x0000000086f00000, 0x0000000086f00000, 0x0000000087000000|  0%| F|  |TAMS 0x0000000086f00000, 0x0000000086f00000| Untracked 
| 112|0x0000000087000000, 0x0000000087000000, 0x0000000087100000|  0%| F|  |TAMS 0x0000000087000000, 0x0000000087000000| Untracked 
| 113|0x0000000087100000, 0x0000000087100000, 0x0000000087200000|  0%| F|  |TAMS 0x0000000087100000, 0x0000000087100000| Untracked 
| 114|0x0000000087200000, 0x0000000087200000, 0x0000000087300000|  0%| F|  |TAMS 0x0000000087200000, 0x0000000087200000| Untracked 
| 115|0x0000000087300000, 0x0000000087300000, 0x0000000087400000|  0%| F|  |TAMS 0x0000000087300000, 0x0000000087300000| Untracked 

Card table byte_map: [0x000001d335fa0000,0x000001d3363a0000] _byte_map_base: 0x000001d335ba0000

Marking Bits (Prev, Next): (CMBitMap*) 0x000001d322dcb758, (CMBitMap*) 0x000001d322dcb790
 Prev Bits: [0x000001d3367a0000, 0x000001d3387a0000)
 Next Bits: [0x000001d3387a0000, 0x000001d33a7a0000)

Polling page: 0x000001d320cd0000

Metaspace:

Usage:
  Non-class:     55.54 MB capacity,    54.43 MB ( 98%) used,   975.85 KB (  2%) free+waste,   166.94 KB ( <1%) overhead. 
      Class:      8.55 MB capacity,     7.97 MB ( 93%) used,   519.23 KB (  6%) free+waste,    79.00 KB ( <1%) overhead. 
       Both:     64.10 MB capacity,    62.40 MB ( 97%) used,     1.46 MB (  2%) free+waste,   245.94 KB ( <1%) overhead. 

Virtual space:
  Non-class space:       56.00 MB reserved,      55.75 MB (>99%) committed 
      Class space:        1.00 GB reserved,       8.63 MB ( <1%) committed 
             Both:        1.05 GB reserved,      64.38 MB (  6%) committed 

Chunk freelists:
   Non-Class:  18.00 KB
       Class:  11.00 KB
        Both:  29.00 KB

MaxMetaspaceSize: 17179869184.00 GB
CompressedClassSpaceSize: 1.00 GB

CodeHeap 'non-profiled nmethods': size=120000Kb used=3091Kb max_used=3091Kb free=116908Kb
 bounds [0x000001d32e340000, 0x000001d32e650000, 0x000001d335870000]
CodeHeap 'profiled nmethods': size=120000Kb used=13190Kb max_used=13190Kb free=106809Kb
 bounds [0x000001d326e10000, 0x000001d327b00000, 0x000001d32e340000]
CodeHeap 'non-nmethods': size=5760Kb used=2252Kb max_used=2283Kb free=3507Kb
 bounds [0x000001d326870000, 0x000001d326ae0000, 0x000001d326e10000]
 total_blobs=7389 nmethods=6547 adapters=753
 compilation: enabled
              stopped_count=0, restarted_count=0
 full_count=0

Compilation events (20 events):
Event: 16.954 Thread 0x000001d33db6a000 nmethod 6683 0x000001d32e643290 code [0x000001d32e643420, 0x000001d32e6434b8]
Event: 16.954 Thread 0x000001d33db6a000 6681       4       org.gradle.internal.instantiation.generator.AbstractClassGenerator$InjectionAnnotationValidator::validateMethod (502 bytes)
Event: 16.954 Thread 0x000001d33db6e000 6684 %     3       org.gradle.internal.instantiation.generator.AbstractClassGenerator::inspectType @ 107 (560 bytes)
Event: 16.959 Thread 0x000001d33db6e000 nmethod 6684% 0x000001d327ae0890 code [0x000001d327ae10c0, 0x000001d327ae66a8]
Event: 16.965 Thread 0x000001d33db6e000 6687       3       org.gradle.internal.instantiation.generator.AbstractClassGenerator::inspectType (560 bytes)
Event: 16.970 Thread 0x000001d33db6e000 nmethod 6687 0x000001d327ae8090 code [0x000001d327ae88a0, 0x000001d327aedac8]
Event: 16.970 Thread 0x000001d33db6e000 6690       3       com.google.common.collect.LinkedHashMultimap::access$200 (6 bytes)
Event: 16.970 Thread 0x000001d33db6e000 nmethod 6690 0x000001d327aef410 code [0x000001d327aef5e0, 0x000001d327aef8b8]
Event: 16.970 Thread 0x000001d33db6e000 6691       3       com.google.common.collect.LinkedHashMultimap::succeedsInValueSet (15 bytes)
Event: 16.970 Thread 0x000001d33db6e000 nmethod 6691 0x000001d327aefa10 code [0x000001d327aefbe0, 0x000001d327aefe58]
Event: 16.971 Thread 0x000001d33db6e000 6692       3       com.google.common.collect.LinkedHashMultimap::access$400 (6 bytes)
Event: 16.971 Thread 0x000001d33db6e000 nmethod 6692 0x000001d327aeff90 code [0x000001d327af0160, 0x000001d327af0398]
Event: 16.971 Thread 0x000001d33db6e000 6695       3       org.objectweb.asm.Type::getType (10 bytes)
Event: 16.971 Thread 0x000001d33db6e000 nmethod 6695 0x000001d327af0490 code [0x000001d327af0660, 0x000001d327af0888]
Event: 16.971 Thread 0x000001d33db6e000 6688       3       com.google.common.collect.AbstractMapBasedMultimap::put (92 bytes)
Event: 16.971 Thread 0x000001d33db6e000 nmethod 6688 0x000001d327af0a10 code [0x000001d327af0c40, 0x000001d327af13f8]
Event: 16.971 Thread 0x000001d33db6e000 6689       3       com.google.common.collect.AbstractSetMultimap::put (7 bytes)
Event: 16.972 Thread 0x000001d33db6a000 nmethod 6681 0x000001d32e643590 code [0x000001d32e6437e0, 0x000001d32e6444f0]
Event: 16.972 Thread 0x000001d33db6e000 nmethod 6689 0x000001d327af1610 code [0x000001d327af17c0, 0x000001d327af18e8]
Event: 16.972 Thread 0x000001d33db6a000 6696       4       org.objectweb.asm.SymbolTable::addConstantUtf8 (98 bytes)

GC Heap History (20 events):
Event: 15.200 GC heap after
{Heap after GC invocations=32 (full 0):
 garbage-first heap   total 98304K, used 73963K [0x0000000080000000, 0x0000000100000000)
  region size 1024K, 1 young (1024K), 1 survivors (1024K)
 Metaspace       used 52483K, capacity 54025K, committed 54272K, reserved 1095680K
  class space    used 6825K, capacity 7326K, committed 7424K, reserved 1048576K
}
Event: 15.286 GC heap before
{Heap before GC invocations=32 (full 0):
 garbage-first heap   total 98304K, used 80107K [0x0000000080000000, 0x0000000100000000)
  region size 1024K, 7 young (7168K), 1 survivors (1024K)
 Metaspace       used 52655K, capacity 54162K, committed 54272K, reserved 1095680K
  class space    used 6837K, capacity 7329K, committed 7424K, reserved 1048576K
}
Event: 15.289 GC heap after
{Heap after GC invocations=33 (full 0):
 garbage-first heap   total 98304K, used 74273K [0x0000000080000000, 0x0000000100000000)
  region size 1024K, 1 young (1024K), 1 survivors (1024K)
 Metaspace       used 52655K, capacity 54162K, committed 54272K, reserved 1095680K
  class space    used 6837K, capacity 7329K, committed 7424K, reserved 1048576K
}
Event: 15.357 GC heap before
{Heap before GC invocations=33 (full 0):
 garbage-first heap   total 98304K, used 80417K [0x0000000080000000, 0x0000000100000000)
  region size 1024K, 7 young (7168K), 1 survivors (1024K)
 Metaspace       used 52711K, capacity 54162K, committed 54272K, reserved 1095680K
  class space    used 6837K, capacity 7329K, committed 7424K, reserved 1048576K
}
Event: 15.359 GC heap after
{Heap after GC invocations=34 (full 0):
 garbage-first heap   total 98304K, used 74495K [0x0000000080000000, 0x0000000100000000)
  region size 1024K, 1 young (1024K), 1 survivors (1024K)
 Metaspace       used 52711K, capacity 54162K, committed 54272K, reserved 1095680K
  class space    used 6837K, capacity 7329K, committed 7424K, reserved 1048576K
}
Event: 15.408 GC heap before
{Heap before GC invocations=35 (full 0):
 garbage-first heap   total 98304K, used 80639K [0x0000000080000000, 0x0000000100000000)
  region size 1024K, 7 young (7168K), 1 survivors (1024K)
 Metaspace       used 52737K, capacity 54226K, committed 54528K, reserved 1095680K
  class space    used 6837K, capacity 7329K, committed 7424K, reserved 1048576K
}
Event: 15.409 GC heap after
{Heap after GC invocations=36 (full 0):
 garbage-first heap   total 98304K, used 74682K [0x0000000080000000, 0x0000000100000000)
  region size 1024K, 1 young (1024K), 1 survivors (1024K)
 Metaspace       used 52737K, capacity 54226K, committed 54528K, reserved 1095680K
  class space    used 6837K, capacity 7329K, committed 7424K, reserved 1048576K
}
Event: 15.561 GC heap before
{Heap before GC invocations=36 (full 0):
 garbage-first heap   total 98304K, used 81850K [0x0000000080000000, 0x0000000100000000)
  region size 1024K, 8 young (8192K), 1 survivors (1024K)
 Metaspace       used 53484K, capacity 55021K, committed 55040K, reserved 1097728K
  class space    used 6920K, capacity 7423K, committed 7424K, reserved 1048576K
}
Event: 15.565 GC heap after
{Heap after GC invocations=37 (full 0):
 garbage-first heap   total 98304K, used 75135K [0x0000000080000000, 0x0000000100000000)
  region size 1024K, 1 young (1024K), 1 survivors (1024K)
 Metaspace       used 53484K, capacity 55021K, committed 55040K, reserved 1097728K
  class space    used 6920K, capacity 7423K, committed 7424K, reserved 1048576K
}
Event: 15.738 GC heap before
{Heap before GC invocations=38 (full 0):
 garbage-first heap   total 98304K, used 82303K [0x0000000080000000, 0x0000000100000000)
  region size 1024K, 8 young (8192K), 1 survivors (1024K)
 Metaspace       used 54683K, capacity 56256K, committed 56576K, reserved 1097728K
  class space    used 7057K, capacity 7554K, committed 7680K, reserved 1048576K
}
Event: 15.740 GC heap after
{Heap after GC invocations=39 (full 0):
 garbage-first heap   total 98304K, used 75753K [0x0000000080000000, 0x0000000100000000)
  region size 1024K, 1 young (1024K), 1 survivors (1024K)
 Metaspace       used 54683K, capacity 56256K, committed 56576K, reserved 1097728K
  class space    used 7057K, capacity 7554K, committed 7680K, reserved 1048576K
}
Event: 15.855 GC heap before
{Heap before GC invocations=39 (full 0):
 garbage-first heap   total 98304K, used 82921K [0x0000000080000000, 0x0000000100000000)
  region size 1024K, 8 young (8192K), 1 survivors (1024K)
 Metaspace       used 55429K, capacity 57075K, committed 57216K, reserved 1099776K
  class space    used 7162K, capacity 7698K, committed 7808K, reserved 1048576K
}
Event: 15.860 GC heap after
{Heap after GC invocations=40 (full 0):
 garbage-first heap   total 118784K, used 76058K [0x0000000080000000, 0x0000000100000000)
  region size 1024K, 1 young (1024K), 1 survivors (1024K)
 Metaspace       used 55429K, capacity 57075K, committed 57216K, reserved 1099776K
  class space    used 7162K, capacity 7698K, committed 7808K, reserved 1048576K
}
Event: 16.087 GC heap before
{Heap before GC invocations=41 (full 0):
 garbage-first heap   total 118784K, used 89370K [0x0000000080000000, 0x0000000100000000)
  region size 1024K, 14 young (14336K), 1 survivors (1024K)
 Metaspace       used 57125K, capacity 58684K, committed 58880K, reserved 1099776K
  class space    used 7367K, capacity 7872K, committed 7936K, reserved 1048576K
}
Event: 16.089 GC heap after
{Heap after GC invocations=42 (full 0):
 garbage-first heap   total 118784K, used 76361K [0x0000000080000000, 0x0000000100000000)
  region size 1024K, 1 young (1024K), 1 survivors (1024K)
 Metaspace       used 57125K, capacity 58684K, committed 58880K, reserved 1099776K
  class space    used 7367K, capacity 7872K, committed 7936K, reserved 1048576K
}
Event: 16.356 GC heap before
{Heap before GC invocations=42 (full 0):
 garbage-first heap   total 118784K, used 90697K [0x0000000080000000, 0x0000000100000000)
  region size 1024K, 15 young (15360K), 1 survivors (1024K)
 Metaspace       used 59053K, capacity 60692K, committed 60928K, reserved 1101824K
  class space    used 7606K, capacity 8137K, committed 8192K, reserved 1048576K
}
Event: 16.362 GC heap after
{Heap after GC invocations=43 (full 0):
 garbage-first heap   total 118784K, used 76868K [0x0000000080000000, 0x0000000100000000)
  region size 1024K, 2 young (2048K), 2 survivors (2048K)
 Metaspace       used 59053K, capacity 60692K, committed 60928K, reserved 1101824K
  class space    used 7606K, capacity 8137K, committed 8192K, reserved 1048576K
}
Event: 16.679 GC heap before
{Heap before GC invocations=44 (full 0):
 garbage-first heap   total 118784K, used 91204K [0x0000000080000000, 0x0000000100000000)
  region size 1024K, 17 young (17408K), 2 survivors (2048K)
 Metaspace       used 61473K, capacity 63190K, committed 63360K, reserved 1103872K
  class space    used 7883K, capacity 8501K, committed 8576K, reserved 1048576K
}
Event: 16.682 GC heap after
{Heap after GC invocations=45 (full 0):
 garbage-first heap   total 118784K, used 77347K [0x0000000080000000, 0x0000000100000000)
  region size 1024K, 2 young (2048K), 2 survivors (2048K)
 Metaspace       used 61473K, capacity 63190K, committed 63360K, reserved 1103872K
  class space    used 7883K, capacity 8501K, committed 8576K, reserved 1048576K
}
Event: 16.979 GC heap before
{Heap before GC invocations=45 (full 0):
 garbage-first heap   total 118784K, used 93731K [0x0000000080000000, 0x0000000100000000)
  region size 1024K, 18 young (18432K), 2 survivors (2048K)
 Metaspace       used 63893K, capacity 65635K, committed 65920K, reserved 1105920K
  class space    used 8158K, capacity 8757K, committed 8832K, reserved 1048576K
}

Deoptimization events (20 events):
Event: 15.746 Thread 0x000001d33e569000 Uncommon trap: trap_request=0xffffffc6 fr.pc=0x000001d32e437ba8 relative=0x0000000000000248
Event: 15.746 Thread 0x000001d33e569000 Uncommon trap: reason=bimorphic_or_optimized_type_check action=maybe_recompile pc=0x000001d32e437ba8 method=com.google.common.base.CharMatcher.indexIn(Ljava/lang/CharSequence;I)I @ 31 c2
Event: 15.746 Thread 0x000001d33e569000 DEOPT PACKING pc=0x000001d32e437ba8 sp=0x00000024306f9fa0
Event: 15.746 Thread 0x000001d33e569000 DEOPT UNPACKING pc=0x000001d3268978af sp=0x00000024306f9f48 mode 2
Event: 15.943 Thread 0x000001d33e569000 Uncommon trap: trap_request=0xffffff4d fr.pc=0x000001d32e40dd74 relative=0x0000000000000054
Event: 15.943 Thread 0x000001d33e569000 Uncommon trap: reason=unstable_if action=reinterpret pc=0x000001d32e40dd74 method=java.util.regex.Pattern.has(I)Z @ 6 c2
Event: 15.943 Thread 0x000001d33e569000 DEOPT PACKING pc=0x000001d32e40dd74 sp=0x00000024306f6650
Event: 15.943 Thread 0x000001d33e569000 DEOPT UNPACKING pc=0x000001d3268978af sp=0x00000024306f65e0 mode 2
Event: 15.969 Thread 0x000001d33e569000 Uncommon trap: trap_request=0xffffff45 fr.pc=0x000001d32e4c0cc0 relative=0x0000000000000d80
Event: 15.969 Thread 0x000001d33e569000 Uncommon trap: reason=unstable_fused_if action=reinterpret pc=0x000001d32e4c0cc0 method=org.objectweb.asm.ByteVector.putUTF8(Ljava/lang/String;)Lorg/objectweb/asm/ByteVector; @ 93 c2
Event: 15.969 Thread 0x000001d33e569000 DEOPT PACKING pc=0x000001d32e4c0cc0 sp=0x00000024306f8030
Event: 15.969 Thread 0x000001d33e569000 DEOPT UNPACKING pc=0x000001d3268978af sp=0x00000024306f7f88 mode 2
Event: 16.003 Thread 0x000001d33e569000 Uncommon trap: trap_request=0xffffff45 fr.pc=0x000001d32e463104 relative=0x0000000000000224
Event: 16.003 Thread 0x000001d33e569000 Uncommon trap: reason=unstable_fused_if action=reinterpret pc=0x000001d32e463104 method=org.objectweb.asm.ByteVector.putUTF8(Ljava/lang/String;)Lorg/objectweb/asm/ByteVector; @ 93 c2
Event: 16.003 Thread 0x000001d33e569000 DEOPT PACKING pc=0x000001d32e463104 sp=0x00000024306f83a0
Event: 16.003 Thread 0x000001d33e569000 DEOPT UNPACKING pc=0x000001d3268978af sp=0x00000024306f8320 mode 2
Event: 16.883 Thread 0x000001d33e569000 Uncommon trap: trap_request=0xffffffde fr.pc=0x000001d32e4ba510 relative=0x0000000000001490
Event: 16.883 Thread 0x000001d33e569000 Uncommon trap: reason=class_check action=maybe_recompile pc=0x000001d32e4ba510 method=jdk.internal.loader.BuiltinClassLoader.loadClassOrNull(Ljava/lang/String;Z)Ljava/lang/Class; @ 86 c2
Event: 16.883 Thread 0x000001d33e569000 DEOPT PACKING pc=0x000001d32e4ba510 sp=0x00000024306f6330
Event: 16.883 Thread 0x000001d33e569000 DEOPT UNPACKING pc=0x000001d3268978af sp=0x00000024306f62f8 mode 2

Classes redefined (0 events):
No events

Internal exceptions (20 events):
Event: 14.712 Thread 0x000001d33e569000 Exception <a 'java/lang/ClassNotFoundException'{0x0000000085eeafc8}: org/gradle/api/internal/AbstractTaskBeanInfo> (0x0000000085eeafc8) thrown at [./src/hotspot/share/classfile/systemDictionary.cpp, line 231]
Event: 14.714 Thread 0x000001d33e569000 Exception <a 'java/lang/ClassNotFoundException'{0x0000000085d18270}: org/gradle/api/internal/AbstractTaskCustomizer> (0x0000000085d18270) thrown at [./src/hotspot/share/classfile/systemDictionary.cpp, line 231]
Event: 14.717 Thread 0x000001d33e569000 Exception <a 'java/lang/ClassNotFoundException'{0x0000000085d89f50}: org/gradle/api/DefaultTaskCustomizer> (0x0000000085d89f50) thrown at [./src/hotspot/share/classfile/systemDictionary.cpp, line 231]
Event: 14.720 Thread 0x000001d33e569000 Exception <a 'java/lang/ClassNotFoundException'{0x0000000085c0b950}: org/gradle/api/internal/ConventionTaskCustomizer> (0x0000000085c0b950) thrown at [./src/hotspot/share/classfile/systemDictionary.cpp, line 231]
Event: 14.722 Thread 0x000001d33e569000 Exception <a 'java/lang/ClassNotFoundException'{0x0000000085c43d88}: org/gradle/api/tasks/DeleteCustomizer> (0x0000000085c43d88) thrown at [./src/hotspot/share/classfile/systemDictionary.cpp, line 231]
Event: 14.725 Thread 0x000001d33e569000 Exception <a 'java/lang/ClassNotFoundException'{0x0000000085c83540}: org/gradle/api/tasks/Delete_DecoratedCustomizer> (0x0000000085c83540) thrown at [./src/hotspot/share/classfile/systemDictionary.cpp, line 231]
Event: 14.879 Thread 0x000001d33e569000 Exception <a 'java/lang/NoSuchMethodError'{0x0000000085856120}: 'void java.lang.invoke.DirectMethodHandle$Holder.invokeVirtual(java.lang.Object, java.lang.Object)'> (0x0000000085856120) thrown at [./src/hotspot/share/interpreter/linkResolver.cpp, line 773]
Event: 15.464 Thread 0x000001d33e569000 Exception <a 'java/lang/NoSuchMethodError'{0x0000000085d79c58}: 'void java.lang.invoke.DirectMethodHandle$Holder.invokeSpecialIFC(java.lang.Object, java.lang.Object, java.lang.Object)'> (0x0000000085d79c58) thrown at [./src/hotspot/share/interpreter/linkResolver.cpp, line 773]
Event: 15.585 Thread 0x000001d33e569000 Exception <a 'java/lang/NoSuchMethodError'{0x0000000085fa0978}: 'int java.lang.invoke.DirectMethodHandle$Holder.invokeStatic(java.lang.Object, int, java.lang.Object, java.lang.Object)'> (0x0000000085fa0978) thrown at [./src/hotspot/share/interpreter/linkResolver.cpp, line 773]
Event: 15.729 Thread 0x000001d33e569000 Exception <a 'java/lang/ClassNotFoundException'{0x0000000085949180}: build_a8561i7l1d5sn03tp5ygb1ke9BeanInfo> (0x0000000085949180) thrown at [./src/hotspot/share/classfile/systemDictionary.cpp, line 231]
Event: 15.729 Thread 0x000001d33e569000 Exception <a 'java/lang/ClassNotFoundException'{0x00000000859540a8}: build_a8561i7l1d5sn03tp5ygb1ke9Customizer> (0x00000000859540a8) thrown at [./src/hotspot/share/classfile/systemDictionary.cpp, line 231]
Event: 15.737 Thread 0x000001d33e569000 Exception <a 'java/lang/ClassNotFoundException'{0x00000000859d9ad8}: org/gradle/plugin/use/internal/PluginRequestCollector$PluginDependenciesSpecImplBeanInfo> (0x00000000859d9ad8) thrown at [./src/hotspot/share/classfile/systemDictionary.cpp, line 231]
Event: 15.741 Thread 0x000001d33e569000 Exception <a 'java/lang/ClassNotFoundException'{0x0000000085f080b8}: org/gradle/plugin/use/internal/PluginRequestCollector$PluginDependenciesSpecImplCustomizer> (0x0000000085f080b8) thrown at [./src/hotspot/share/classfile/systemDictionary.cpp, line 231]
Event: 15.959 Thread 0x000001d33e569000 Exception <a 'java/lang/NoSuchMethodError'{0x0000000086e87678}: 'java.lang.Object java.lang.invoke.DirectMethodHandle$Holder.invokeStatic(java.lang.Object, java.lang.Object, java.lang.Object, java.lang.Object, int)'> (0x0000000086e87678) thrown at [./src/hotspot/share/interpreter/linkResolver.cpp, line 773]
Event: 15.960 Thread 0x000001d33e569000 Exception <a 'java/lang/NoSuchMethodError'{0x0000000086e8c070}: 'java.lang.Object java.lang.invoke.DirectMethodHandle$Holder.invokeSpecial(java.lang.Object, java.lang.Object, java.lang.Object, java.lang.Object, java.lang.Object, int)'> (0x0000000086e8c070) thrown at [./src/hotspot/share/interpreter/linkResolver.cpp, line 773]
Event: 15.960 Thread 0x000001d33e569000 Exception <a 'java/lang/NoSuchMethodError'{0x0000000086e906b0}: 'java.lang.Object java.lang.invoke.Invokers$Holder.linkToTargetMethod(java.lang.Object, java.lang.Object, java.lang.Object, int, java.lang.Object)'> (0x0000000086e906b0) thrown at [./src/hotspot/share/interpreter/linkResolver.cpp, line 773]
Event: 16.242 Thread 0x000001d33e569000 Exception <a 'java/lang/NoSuchMethodError'{0x0000000086c871f0}: 'java.lang.Object java.lang.invoke.DirectMethodHandle$Holder.invokeSpecial(java.lang.Object, java.lang.Object, int, int, java.lang.Object, java.lang.Object, java.lang.Object)'> (0x0000000086c871f0) thrown at [./src/hotspot/share/interpreter/linkResolver.cpp, line 773]
Event: 16.243 Thread 0x000001d33e569000 Exception <a 'java/lang/NoSuchMethodError'{0x0000000086c8b770}: 'java.lang.Object java.lang.invoke.DelegatingMethodHandle$Holder.reinvoke_L(java.lang.Object, int, int, java.lang.Object, java.lang.Object, java.lang.Object)'> (0x0000000086c8b770) thrown at [./src/hotspot/share/interpreter/linkResolver.cpp, line 773]
Event: 16.516 Thread 0x000001d33e569000 Exception <a 'java/lang/NoSuchMethodError'{0x0000000086e9bf50}: 'int java.lang.invoke.DirectMethodHandle$Holder.invokeInterface(java.lang.Object, java.lang.Object, java.lang.Object, java.lang.Object)'> (0x0000000086e9bf50) thrown at [./src/hotspot/share/interpreter/linkResolver.cpp, line 773]
Event: 16.921 Thread 0x000001d33e569000 Exception <a 'java/lang/NoSuchMethodError'{0x00000000868fc7a8}: 'void java.lang.invoke.DirectMethodHandle$Holder.invokeInterface(java.lang.Object, java.lang.Object, java.lang.Object, java.lang.Object)'> (0x00000000868fc7a8) thrown at [./src/hotspot/share/interpreter/linkResolver.cpp, line 773]

Events (20 events):
Event: 16.971 loading class org/gradle/api/plugins/BasePluginConvention done
Event: 16.972 loading class org/gradle/api/internal/collections/CollectionFilter$1
Event: 16.972 loading class org/gradle/api/internal/collections/CollectionFilter$1 done
Event: 16.973 loading class org/gradle/api/internal/DefaultCollectionCallbackActionDecorator$BuildOperationEmittingAction$1
Event: 16.973 loading class org/gradle/api/internal/DefaultCollectionCallbackActionDecorator$BuildOperationEmittingAction$1 done
Event: 16.973 loading class org/gradle/api/internal/DefaultCollectionCallbackActionDecorator$Operation
Event: 16.973 loading class org/gradle/api/internal/DefaultCollectionCallbackActionDecorator$Operation done
Event: 16.974 loading class org/gradle/api/internal/DefaultCollectionCallbackActionDecorator$OperationDetails
Event: 16.974 loading class org/gradle/api/internal/DefaultCollectionCallbackActionDecorator$OperationDetails done
Event: 16.974 loading class com/android/build/gradle/internal/DependencyResolutionChecks$registerDependencyCheck$3$1
Event: 16.974 loading class com/android/build/gradle/internal/DependencyResolutionChecks$registerDependencyCheck$3$1 done
Event: 16.976 loading class org/gradle/api/internal/ExecuteDomainObjectCollectionCallbackBuildOperationType
Event: 16.976 loading class org/gradle/api/internal/ExecuteDomainObjectCollectionCallbackBuildOperationType done
Event: 16.976 loading class org/gradle/api/internal/ExecuteDomainObjectCollectionCallbackBuildOperationType$Result
Event: 16.976 loading class org/gradle/api/internal/ExecuteDomainObjectCollectionCallbackBuildOperationType$Result done
Event: 16.976 loading class org/gradle/api/internal/ExecuteDomainObjectCollectionCallbackBuildOperationType$1
Event: 16.976 loading class org/gradle/api/internal/ExecuteDomainObjectCollectionCallbackBuildOperationType$1 done
Event: 16.978 loading class org/gradle/api/internal/plugins/DefaultArtifactPublicationSet$DefaultArtifactProvider
Event: 16.978 loading class org/gradle/api/internal/plugins/DefaultArtifactPublicationSet$DefaultArtifactProvider done
Event: 16.979 Executing VM operation: G1CollectForAllocation


Dynamic libraries:
0x00007ff7153a0000 - 0x00007ff7153aa000 	C:\Program Files\Android\Android Studio\jre\bin\java.exe
0x00007fff77d90000 - 0x00007fff77f85000 	C:\WINDOWS\SYSTEM32\ntdll.dll
0x00007fff76170000 - 0x00007fff7622e000 	C:\WINDOWS\System32\KERNEL32.DLL
0x00007fff754b0000 - 0x00007fff75778000 	C:\WINDOWS\System32\KERNELBASE.dll
0x00007fff72cf0000 - 0x00007fff72d80000 	C:\WINDOWS\SYSTEM32\apphelp.dll
0x00007fff758e0000 - 0x00007fff759e0000 	C:\WINDOWS\System32\ucrtbase.dll
0x00007fff5ee70000 - 0x00007fff5ee89000 	C:\Program Files\Android\Android Studio\jre\bin\jli.dll
0x00007fff5f320000 - 0x00007fff5f337000 	C:\Program Files\Android\Android Studio\jre\bin\VCRUNTIME140.dll
0x00007fff75e40000 - 0x00007fff75fe1000 	C:\WINDOWS\System32\USER32.dll
0x00007fff5fa10000 - 0x00007fff5fcaa000 	C:\WINDOWS\WinSxS\amd64_microsoft.windows.common-controls_6595b64144ccf1df_6.0.19041.1110_none_60b5254171f9507e\COMCTL32.dll
0x00007fff75d30000 - 0x00007fff75d52000 	C:\WINDOWS\System32\win32u.dll
0x00007fff76fd0000 - 0x00007fff7706e000 	C:\WINDOWS\System32\msvcrt.dll
0x00007fff76710000 - 0x00007fff7673b000 	C:\WINDOWS\System32\GDI32.dll
0x00007fff75a70000 - 0x00007fff75b7b000 	C:\WINDOWS\System32\gdi32full.dll
0x00007fff75be0000 - 0x00007fff75c7d000 	C:\WINDOWS\System32\msvcp_win.dll
0x00007fff76120000 - 0x00007fff76150000 	C:\WINDOWS\System32\IMM32.DLL
0x00007fff4b970000 - 0x00007fff4ba0d000 	C:\Program Files\Android\Android Studio\jre\bin\msvcp140.dll
0x00007fff019f0000 - 0x00007fff024bf000 	C:\Program Files\Android\Android Studio\jre\bin\server\jvm.dll
0x00007fff76f20000 - 0x00007fff76fcc000 	C:\WINDOWS\System32\ADVAPI32.dll
0x00007fff762b0000 - 0x00007fff7634b000 	C:\WINDOWS\System32\sechost.dll
0x00007fff77a10000 - 0x00007fff77b3a000 	C:\WINDOWS\System32\RPCRT4.dll
0x00007fff77a00000 - 0x00007fff77a08000 	C:\WINDOWS\System32\PSAPI.DLL
0x00007fff6b9f0000 - 0x00007fff6ba17000 	C:\WINDOWS\SYSTEM32\WINMM.dll
0x00007fff6eb30000 - 0x00007fff6eb3a000 	C:\WINDOWS\SYSTEM32\VERSION.dll
0x00007fff5c8e0000 - 0x00007fff5c8e9000 	C:\WINDOWS\SYSTEM32\WSOCK32.dll
0x00007fff778e0000 - 0x00007fff7794b000 	C:\WINDOWS\System32\WS2_32.dll
0x00007fff73370000 - 0x00007fff73382000 	C:\WINDOWS\SYSTEM32\kernel.appcore.dll
0x00007fff5c7d0000 - 0x00007fff5c7e1000 	C:\Program Files\Android\Android Studio\jre\bin\verify.dll
0x00007fff61390000 - 0x00007fff61574000 	C:\WINDOWS\SYSTEM32\DBGHELP.DLL
0x00007fff5c8f0000 - 0x00007fff5c91c000 	C:\WINDOWS\SYSTEM32\dbgcore.DLL
0x00007fff759e0000 - 0x00007fff75a63000 	C:\WINDOWS\System32\bcryptPrimitives.dll
0x00007fff5ae20000 - 0x00007fff5ae49000 	C:\Program Files\Android\Android Studio\jre\bin\java.dll
0x00007fff5c8d0000 - 0x00007fff5c8db000 	C:\Program Files\Android\Android Studio\jre\bin\jimage.dll
0x00007fff59490000 - 0x00007fff594a8000 	C:\Program Files\Android\Android Studio\jre\bin\zip.dll
0x00007fff77070000 - 0x00007fff777af000 	C:\WINDOWS\System32\SHELL32.dll
0x00007fff73570000 - 0x00007fff73d00000 	C:\WINDOWS\SYSTEM32\windows.storage.dll
0x00007fff763b0000 - 0x00007fff76705000 	C:\WINDOWS\System32\combase.dll
0x00007fff74e30000 - 0x00007fff74e5e000 	C:\WINDOWS\SYSTEM32\Wldp.dll
0x00007fff76e70000 - 0x00007fff76f1d000 	C:\WINDOWS\System32\SHCORE.dll
0x00007fff76350000 - 0x00007fff763a5000 	C:\WINDOWS\System32\shlwapi.dll
0x00007fff753f0000 - 0x00007fff7540f000 	C:\WINDOWS\SYSTEM32\profapi.dll
0x00007fff59470000 - 0x00007fff5948a000 	C:\Program Files\Android\Android Studio\jre\bin\net.dll
0x00007fff64330000 - 0x00007fff6443c000 	C:\WINDOWS\SYSTEM32\WINHTTP.dll
0x00007fff74b40000 - 0x00007fff74baa000 	C:\WINDOWS\system32\mswsock.dll
0x00007fff59400000 - 0x00007fff59414000 	C:\Program Files\Android\Android Studio\jre\bin\nio.dll
0x00007fff587a0000 - 0x00007fff587c7000 	C:\Users\souvik dey\.gradle\native\8bec1ad78214c89d9ad589b4d07fe93259594b29d510b10fafb7a158f7737e5d\windows-amd64\native-platform.dll
0x00007fff4b710000 - 0x00007fff4b84d000 	C:\Users\souvik dey\.gradle\native\53dbd7edfb1c66fb8903c78663c9afc45aea4f116125fa6feffd364cf09443e8\windows-amd64\native-platform-file-events.dll
0x00007fff5c890000 - 0x00007fff5c89a000 	C:\Program Files\Android\Android Studio\jre\bin\management.dll
0x00007fff593f0000 - 0x00007fff593fc000 	C:\Program Files\Android\Android Studio\jre\bin\management_ext.dll
0x00007fff74d00000 - 0x00007fff74d18000 	C:\WINDOWS\SYSTEM32\CRYPTSP.dll
0x00007fff744d0000 - 0x00007fff74504000 	C:\WINDOWS\system32\rsaenh.dll
0x00007fff75d60000 - 0x00007fff75d87000 	C:\WINDOWS\System32\bcrypt.dll
0x00007fff75370000 - 0x00007fff7539e000 	C:\WINDOWS\SYSTEM32\USERENV.dll
0x00007fff74d20000 - 0x00007fff74d2c000 	C:\WINDOWS\SYSTEM32\CRYPTBASE.dll
0x00007fff74850000 - 0x00007fff7488b000 	C:\WINDOWS\SYSTEM32\IPHLPAPI.DLL
0x00007fff75ff0000 - 0x00007fff75ff8000 	C:\WINDOWS\System32\NSI.dll
0x00007fff6bb30000 - 0x00007fff6bb47000 	C:\WINDOWS\SYSTEM32\dhcpcsvc6.DLL
0x00007fff6d8b0000 - 0x00007fff6d8cd000 	C:\WINDOWS\SYSTEM32\dhcpcsvc.DLL
0x00007fff74890000 - 0x00007fff7495b000 	C:\WINDOWS\SYSTEM32\DNSAPI.dll

dbghelp: loaded successfully - version: 4.0.5 - missing functions: none
symbol engine: initialized successfully - sym options: 0x614 - pdb path: .;C:\Program Files\Android\Android Studio\jre\bin;C:\WINDOWS\SYSTEM32;C:\WINDOWS\WinSxS\amd64_microsoft.windows.common-controls_6595b64144ccf1df_6.0.19041.1110_none_60b5254171f9507e;C:\Program Files\Android\Android Studio\jre\bin\server;C:\Users\souvik dey\.gradle\native\8bec1ad78214c89d9ad589b4d07fe93259594b29d510b10fafb7a158f7737e5d\windows-amd64;C:\Users\souvik dey\.gradle\native\53dbd7edfb1c66fb8903c78663c9afc45aea4f116125fa6feffd364cf09443e8\windows-amd64

VM Arguments:
jvm_args: --add-opens=java.base/java.util=ALL-UNNAMED --add-opens=java.base/java.lang=ALL-UNNAMED --add-opens=java.base/java.lang.invoke=ALL-UNNAMED --add-opens=java.base/java.util=ALL-UNNAMED --add-opens=java.prefs/java.util.prefs=ALL-UNNAMED --add-opens=java.prefs/java.util.prefs=ALL-UNNAMED --add-opens=java.base/java.nio.charset=ALL-UNNAMED --add-opens=java.base/java.net=ALL-UNNAMED --add-opens=java.base/java.util.concurrent.atomic=ALL-UNNAMED -Xmx2048m -Dfile.encoding=UTF-8 -Duser.country=IN -Duser.language=en -Duser.variant 
java_command: org.gradle.launcher.daemon.bootstrap.GradleDaemon 7.0.2
java_class_path (initial): C:\Users\souvik dey\.gradle\wrapper\dists\gradle-7.0.2-bin\857tjihv64xamwrf0h14cai3r\gradle-7.0.2\lib\gradle-launcher-7.0.2.jar
Launcher Type: SUN_STANDARD

[Global flags]
     intx CICompilerCount                          = 4                                         {product} {ergonomic}
     uint ConcGCThreads                            = 2                                         {product} {ergonomic}
     uint G1ConcRefinementThreads                  = 8                                         {product} {ergonomic}
   size_t G1HeapRegionSize                         = 1048576                                   {product} {ergonomic}
    uintx GCDrainStackTargetSize                   = 64                                        {product} {ergonomic}
   size_t InitialHeapSize                          = 100663296                                 {product} {ergonomic}
   size_t MarkStackSize                            = 4194304                                   {product} {ergonomic}
   size_t MaxHeapSize                              = 2147483648                                {product} {command line}
   size_t MaxNewSize                               = 1287651328                                {product} {ergonomic}
   size_t MinHeapDeltaBytes                        = 1048576                                   {product} {ergonomic}
    uintx NonNMethodCodeHeapSize                   = 5836300                                {pd product} {ergonomic}
    uintx NonProfiledCodeHeapSize                  = 122910970                              {pd product} {ergonomic}
    uintx ProfiledCodeHeapSize                     = 122910970                              {pd product} {ergonomic}
    uintx ReservedCodeCacheSize                    = 251658240                              {pd product} {ergonomic}
     bool SegmentedCodeCache                       = true                                      {product} {ergonomic}
     bool UseCompressedClassPointers               = true                                 {lp64_product} {ergonomic}
     bool UseCompressedOops                        = true                                 {lp64_product} {ergonomic}
     bool UseG1GC                                  = true                                      {product} {ergonomic}
     bool UseLargePagesIndividualAllocation        = false                                  {pd product} {ergonomic}

Logging:
Log output configuration:
 #0: stdout all=warning uptime,level,tags
 #1: stderr all=off uptime,level,tags

Environment Variables:
PATH=C:\python 3.9.1\Scripts\;C:\python 3.9.1\;C:\WINDOWS\system32;C:\WINDOWS;C:\WINDOWS\System32\Wbem;C:\WINDOWS\System32\WindowsPowerShell\v1.0\;C:\WINDOWS\System32\OpenSSH\;C:\MinGW\bin;C:\Program Files\Git\cmd;C:\Users\souvik dey\AppData\Local\Microsoft\WindowsApps;C:\Users\souvik dey\AppData\Local\atom\bin
USERNAME=souvik dey
OS=Windows_NT
PROCESSOR_IDENTIFIER=AMD64 Family 23 Model 24 Stepping 1, AuthenticAMD



---------------  S Y S T E M  ---------------

OS: Windows 10 , 64 bit Build 19041 (10.0.19041.1348)
OS uptime: 18 days 22:25 hours
Hyper-V role detected

CPU:total 8 (initial active 8) (8 cores per cpu, 2 threads per core) family 23 model 24 stepping 1 microcode 0x0, cmov, cx8, fxsr, mmx, sse, sse2, sse3, ssse3, sse4.1, sse4.2, popcnt, avx, avx2, aes, clmul, mmxext, 3dnowpref, lzcnt, sse4a, ht, tsc, tscinvbit, tscinv, bmi1, bmi2, adx, s

Memory: 4k page, system-wide physical 6058M (329M free)
TotalPageFile size 24490M (AvailPageFile size 23M)
current process WorkingSet (physical memory assigned to process): 300M, peak: 300M
current process commit charge ("private bytes"): 341M, peak: 367M

vm_info: OpenJDK 64-Bit Server VM (11.0.10+0-b96-7249189) for windows-amd64 JRE (11.0.10+0-b96-7249189), built on Mar 31 2021 21:44:00 by "builder" with MS VC++ 14.0 (VS2015)

END.
