#
# There is insufficient memory for the Java Runtime Environment to continue.
# Native memory allocation (malloc) failed to allocate 1023056 bytes for Chunk::new
# Possible reasons:
#   The system is out of physical RAM or swap space
#   The process is running with CompressedOops enabled, and the Java Heap may be blocking the growth of the native heap
# Possible solutions:
#   Reduce memory load on the system
#   Increase physical memory or swap space
#   Check if swap backing store is full
#   Decrease Java heap size (-Xmx/-Xms)
#   Decrease number of Java threads
#   Decrease Java thread stack sizes (-Xss)
#   Set larger code cache with -XX:ReservedCodeCacheSize=
#   JVM is running with Unscaled Compressed Oops mode in which the Java heap is
#     placed in the first 4GB address space. The Java Heap base address is the
#     maximum limit for the native heap growth. Please use -XX:HeapBaseMinAddress
#     to set the Java Heap base and to place the Java Heap above 4GB virtual address.
# This output file may be truncated or incomplete.
#
#  Out of Memory Error (./src/hotspot/share/memory/arena.cpp:197), pid=14144, tid=29556
#
# JRE version: OpenJDK Runtime Environment (11.0.10) (build 11.0.10+0-b96-7249189)
# Java VM: OpenJDK 64-Bit Server VM (11.0.10+0-b96-7249189, mixed mode, tiered, compressed oops, g1 gc, windows-amd64)
# No core dump will be written. Minidumps are not enabled by default on client versions of Windows
#

---------------  S U M M A R Y ------------

Command Line: --add-opens=java.base/java.util=ALL-UNNAMED --add-opens=java.base/java.lang=ALL-UNNAMED --add-opens=java.base/java.lang.invoke=ALL-UNNAMED --add-opens=java.base/java.util=ALL-UNNAMED --add-opens=java.prefs/java.util.prefs=ALL-UNNAMED --add-opens=java.prefs/java.util.prefs=ALL-UNNAMED --add-opens=java.base/java.nio.charset=ALL-UNNAMED --add-opens=java.base/java.net=ALL-UNNAMED --add-opens=java.base/java.util.concurrent.atomic=ALL-UNNAMED -Xmx2048m -Dfile.encoding=UTF-8 -Duser.country=IN -Duser.language=en -Duser.variant org.gradle.launcher.daemon.bootstrap.GradleDaemon 7.0.2

Host: AMD Ryzen 5 3500U with Radeon Vega Mobile Gfx  , 8 cores, 5G,  Windows 10 , 64 bit Build 19041 (10.0.19041.1348)
Time: Tue Nov 30 12:18:22 2021 India Standard Time elapsed time: 8.656404 seconds (0d 0h 0m 8s)

---------------  T H R E A D  ---------------

Current thread (0x000001dd41517000):  JavaThread "C2 CompilerThread0" daemon [_thread_in_native, id=29556, stack(0x000000d916f00000,0x000000d917000000)]


Current CompileTask:
C2:   8656 5910       4       org.objectweb.asm.Frame::execute (2318 bytes)

Stack: [0x000000d916f00000,0x000000d917000000]
Native frames: (J=compiled Java code, j=interpreted, Vv=VM code, C=native code)
V  [jvm.dll+0x5ecfaa]
V  [jvm.dll+0x722bd5]
V  [jvm.dll+0x72412d]
V  [jvm.dll+0x7247e3]
V  [jvm.dll+0x242928]
V  [jvm.dll+0xbc4fc]
V  [jvm.dll+0xbca0c]
V  [jvm.dll+0x352d7d]
V  [jvm.dll+0x19800c]
V  [jvm.dll+0x1fb70e]
V  [jvm.dll+0x1fa7f4]
V  [jvm.dll+0x18354c]
V  [jvm.dll+0x208ee7]
V  [jvm.dll+0x207731]
V  [jvm.dll+0x6eb1cf]
V  [jvm.dll+0x6e3d45]
V  [jvm.dll+0x5ebe96]
C  [ucrtbase.dll+0x21bb2]
C  [KERNEL32.DLL+0x17034]
C  [ntdll.dll+0x52651]


---------------  P R O C E S S  ---------------

Threads class SMR info:
_java_thread_list=0x000001dd4425ac50, length=51, elements={
0x000001dd2708a800, 0x000001dd414f6000, 0x000001dd414f7800, 0x000001dd41ea3000,
0x000001dd4150e000, 0x000001dd41510800, 0x000001dd41517000, 0x000001dd4151e000,
0x000001dd4151f800, 0x000001dd41fe6800, 0x000001dd44984800, 0x000001dd42945800,
0x000001dd420eb800, 0x000001dd42e81000, 0x000001dd42e82000, 0x000001dd42e85000,
0x000001dd42e83800, 0x000001dd42e7f800, 0x000001dd42e82800, 0x000001dd42e86000,
0x000001dd42e80000, 0x000001dd42e84000, 0x000001dd44e5e000, 0x000001dd42e4a000,
0x000001dd44e5f000, 0x000001dd44e5b800, 0x000001dd44e5a800, 0x000001dd44e5d000,
0x000001dd44e59000, 0x000001dd44e5f800, 0x000001dd44e5c800, 0x000001dd44e5a000,
0x000001dd432ed800, 0x000001dd44e65800, 0x000001dd44e63800, 0x000001dd44e64800,
0x000001dd44e62000, 0x000001dd44e63000, 0x000001dd44e66000, 0x000001dd44e60800,
0x000001dd44e61800, 0x000001dd448c7800, 0x000001dd448ca000, 0x000001dd448c5000,
0x000001dd448c6800, 0x000001dd448ca800, 0x000001dd448c5800, 0x000001dd448c8000,
0x000001dd448cb800, 0x000001dd448ce800, 0x000001dd448ce000
}

Java Threads: ( => current thread )
  0x000001dd2708a800 JavaThread "main" [_thread_blocked, id=29712, stack(0x000000d916300000,0x000000d916400000)]
  0x000001dd414f6000 JavaThread "Reference Handler" daemon [_thread_blocked, id=29540, stack(0x000000d916a00000,0x000000d916b00000)]
  0x000001dd414f7800 JavaThread "Finalizer" daemon [_thread_blocked, id=24272, stack(0x000000d916b00000,0x000000d916c00000)]
  0x000001dd41ea3000 JavaThread "Signal Dispatcher" daemon [_thread_blocked, id=21480, stack(0x000000d916c00000,0x000000d916d00000)]
  0x000001dd4150e000 JavaThread "Attach Listener" daemon [_thread_blocked, id=31780, stack(0x000000d916d00000,0x000000d916e00000)]
  0x000001dd41510800 JavaThread "Service Thread" daemon [_thread_blocked, id=21436, stack(0x000000d916e00000,0x000000d916f00000)]
=>0x000001dd41517000 JavaThread "C2 CompilerThread0" daemon [_thread_in_native, id=29556, stack(0x000000d916f00000,0x000000d917000000)]
  0x000001dd4151e000 JavaThread "C1 CompilerThread0" daemon [_thread_in_native, id=13548, stack(0x000000d917000000,0x000000d917100000)]
  0x000001dd4151f800 JavaThread "Sweeper thread" daemon [_thread_blocked, id=3728, stack(0x000000d917100000,0x000000d917200000)]
  0x000001dd41fe6800 JavaThread "Common-Cleaner" daemon [_thread_blocked, id=9672, stack(0x000000d917200000,0x000000d917300000)]
  0x000001dd44984800 JavaThread "Daemon health stats" [_thread_blocked, id=22236, stack(0x000000d917700000,0x000000d917800000)]
  0x000001dd42945800 JavaThread "Incoming local TCP Connector on port 56959" [_thread_in_native, id=30740, stack(0x000000d917400000,0x000000d917500000)]
  0x000001dd420eb800 JavaThread "Daemon periodic checks" [_thread_blocked, id=22872, stack(0x000000d917500000,0x000000d917600000)]
  0x000001dd42e81000 JavaThread "Daemon" [_thread_blocked, id=26224, stack(0x000000d917a00000,0x000000d917b00000)]
  0x000001dd42e82000 JavaThread "Handler for socket connection from /127.0.0.1:56959 to /127.0.0.1:56960" [_thread_in_native, id=12444, stack(0x000000d917b00000,0x000000d917c00000)]
  0x000001dd42e85000 JavaThread "Cancel handler" [_thread_blocked, id=22884, stack(0x000000d917c00000,0x000000d917d00000)]
  0x000001dd42e83800 JavaThread "Daemon worker" [_thread_in_native, id=26720, stack(0x000000d917d00000,0x000000d917e00000)]
  0x000001dd42e7f800 JavaThread "Asynchronous log dispatcher for DefaultDaemonConnection: socket connection from /127.0.0.1:56959 to /127.0.0.1:56960" [_thread_blocked, id=31824, stack(0x000000d917e00000,0x000000d917f00000)]
  0x000001dd42e82800 JavaThread "Stdin handler" [_thread_blocked, id=29900, stack(0x000000d917f00000,0x000000d918000000)]
  0x000001dd42e86000 JavaThread "Daemon client event forwarder" [_thread_blocked, id=20608, stack(0x000000d918000000,0x000000d918100000)]
  0x000001dd42e80000 JavaThread "Cache worker for file hash cache (C:\Users\souvik dey\.gradle\caches\7.0.2\fileHashes)" [_thread_blocked, id=24928, stack(0x000000d918100000,0x000000d918200000)]
  0x000001dd42e84000 JavaThread "File lock request listener" [_thread_in_native, id=28656, stack(0x000000d918200000,0x000000d918300000)]
  0x000001dd44e5e000 JavaThread "Cache worker for journal cache (C:\Users\souvik dey\.gradle\caches\journal-1)" [_thread_blocked, id=23364, stack(0x000000d918800000,0x000000d918900000)]
  0x000001dd42e4a000 JavaThread "C2 CompilerThread1" daemon [_thread_in_native, id=29060, stack(0x000000d918900000,0x000000d918a00000)]
  0x000001dd44e5f000 JavaThread "Cache worker for file hash cache (E:\my programming\android projects\EasyDRAW\.gradle\7.0.2\fileHashes)" [_thread_blocked, id=21896, stack(0x000000d918a00000,0x000000d918b00000)]
  0x000001dd44e5b800 JavaThread "File watcher server" daemon [_thread_in_native, id=20692, stack(0x000000d918b00000,0x000000d918c00000)]
  0x000001dd44e5a800 JavaThread "File watcher consumer" daemon [_thread_blocked, id=32176, stack(0x000000d918c00000,0x000000d918d00000)]
  0x000001dd44e5d000 JavaThread "jar transforms" [_thread_blocked, id=30872, stack(0x000000d918d00000,0x000000d918e00000)]
  0x000001dd44e59000 JavaThread "jar transforms Thread 2" [_thread_blocked, id=30108, stack(0x000000d918e00000,0x000000d918f00000)]
  0x000001dd44e5f800 JavaThread "jar transforms Thread 3" [_thread_blocked, id=22988, stack(0x000000d918f00000,0x000000d919000000)]
  0x000001dd44e5c800 JavaThread "jar transforms Thread 4" [_thread_blocked, id=18504, stack(0x000000d919000000,0x000000d919100000)]
  0x000001dd44e5a000 JavaThread "jar transforms Thread 5" [_thread_blocked, id=28928, stack(0x000000d919100000,0x000000d919200000)]
  0x000001dd432ed800 JavaThread "C2 CompilerThread2" daemon [_thread_in_native, id=3004, stack(0x000000d919200000,0x000000d919300000)]
  0x000001dd44e65800 JavaThread "jar transforms Thread 6" [_thread_blocked, id=23200, stack(0x000000d919300000,0x000000d919400000)]
  0x000001dd44e63800 JavaThread "jar transforms Thread 7" [_thread_blocked, id=27464, stack(0x000000d919400000,0x000000d919500000)]
  0x000001dd44e64800 JavaThread "jar transforms Thread 8" [_thread_blocked, id=27116, stack(0x000000d919500000,0x000000d919600000)]
  0x000001dd44e62000 JavaThread "Cache worker for checksums cache (E:\my programming\android projects\EasyDRAW\.gradle\checksums)" [_thread_blocked, id=29000, stack(0x000000d919600000,0x000000d919700000)]
  0x000001dd44e63000 JavaThread "Cache worker for cache directory md-supplier (C:\Users\souvik dey\.gradle\caches\7.0.2\md-supplier)" [_thread_blocked, id=25764, stack(0x000000d919700000,0x000000d919800000)]
  0x000001dd44e66000 JavaThread "Cache worker for cache directory md-rule (C:\Users\souvik dey\.gradle\caches\7.0.2\md-rule)" [_thread_blocked, id=31916, stack(0x000000d919800000,0x000000d919900000)]
  0x000001dd44e60800 JavaThread "Cache worker for execution history cache (C:\Users\souvik dey\.gradle\caches\7.0.2\executionHistory)" [_thread_blocked, id=29256, stack(0x000000d919900000,0x000000d919a00000)]
  0x000001dd44e61800 JavaThread "Cache worker for file content cache (C:\Users\souvik dey\.gradle\caches\7.0.2\fileContent)" [_thread_blocked, id=16556, stack(0x000000d919a00000,0x000000d919b00000)]
  0x000001dd448c7800 JavaThread "Cache worker for dependencies-accessors (E:\my programming\android projects\EasyDRAW\.gradle\7.0.2\dependencies-accessors)" [_thread_blocked, id=31576, stack(0x000000d919b00000,0x000000d919c00000)]
  0x000001dd448ca000 JavaThread "Cache worker for Build Output Cleanup Cache (E:\my programming\android projects\EasyDRAW\.gradle\buildOutputCleanup)" [_thread_blocked, id=28828, stack(0x000000d919c00000,0x000000d919d00000)]
  0x000001dd448c5000 JavaThread "Build operations" [_thread_blocked, id=2744, stack(0x000000d919d00000,0x000000d919e00000)]
  0x000001dd448c6800 JavaThread "Build operations Thread 2" [_thread_blocked, id=13272, stack(0x000000d919e00000,0x000000d919f00000)]
  0x000001dd448ca800 JavaThread "Build operations Thread 3" [_thread_blocked, id=24440, stack(0x000000d919f00000,0x000000d91a000000)]
  0x000001dd448c5800 JavaThread "Build operations Thread 4" [_thread_blocked, id=19148, stack(0x000000d91a000000,0x000000d91a100000)]
  0x000001dd448c8000 JavaThread "Build operations Thread 5" [_thread_blocked, id=5872, stack(0x000000d91a100000,0x000000d91a200000)]
  0x000001dd448cb800 JavaThread "Build operations Thread 6" [_thread_blocked, id=27092, stack(0x000000d91a200000,0x000000d91a300000)]
  0x000001dd448ce800 JavaThread "Build operations Thread 7" [_thread_blocked, id=8484, stack(0x000000d91a300000,0x000000d91a400000)]
  0x000001dd448ce000 JavaThread "Build operations Thread 8" [_thread_blocked, id=30956, stack(0x000000d91a400000,0x000000d91a500000)]

Other Threads:
  0x000001dd414ee800 VMThread "VM Thread" [stack: 0x000000d916900000,0x000000d916a00000] [id=29948]
  0x000001dd4200b800 WatcherThread [stack: 0x000000d917300000,0x000000d917400000] [id=12976]
  0x000001dd270a3800 GCTaskThread "GC Thread#0" [stack: 0x000000d916400000,0x000000d916500000] [id=20628]
  0x000001dd42f80000 GCTaskThread "GC Thread#1" [stack: 0x000000d917600000,0x000000d917700000] [id=21472]
  0x000001dd4469d000 GCTaskThread "GC Thread#2" [stack: 0x000000d917800000,0x000000d917900000] [id=12480]
  0x000001dd4401c800 GCTaskThread "GC Thread#3" [stack: 0x000000d917900000,0x000000d917a00000] [id=29708]
  0x000001dd431f9800 GCTaskThread "GC Thread#4" [stack: 0x000000d918300000,0x000000d918400000] [id=28252]
  0x000001dd4305b800 GCTaskThread "GC Thread#5" [stack: 0x000000d918400000,0x000000d918500000] [id=30200]
  0x000001dd4305c000 GCTaskThread "GC Thread#6" [stack: 0x000000d918500000,0x000000d918600000] [id=19192]
  0x000001dd44ba1800 GCTaskThread "GC Thread#7" [stack: 0x000000d918600000,0x000000d918700000] [id=26932]
  0x000001dd270d5000 ConcurrentGCThread "G1 Main Marker" [stack: 0x000000d916500000,0x000000d916600000] [id=30536]
  0x000001dd270d7800 ConcurrentGCThread "G1 Conc#0" [stack: 0x000000d916600000,0x000000d916700000] [id=32048]
  0x000001dd44bc9800 ConcurrentGCThread "G1 Conc#1" [stack: 0x000000d918700000,0x000000d918800000] [id=20504]
  0x000001dd2715c800 ConcurrentGCThread "G1 Refine#0" [stack: 0x000000d916700000,0x000000d916800000] [id=13024]
  0x000001dd2715d800 ConcurrentGCThread "G1 Young RemSet Sampling" [stack: 0x000000d916800000,0x000000d916900000] [id=31240]

Threads with active compile tasks:
C2 CompilerThread0   8671 5910       4       org.objectweb.asm.Frame::execute (2318 bytes)
C2 CompilerThread1   8671 5894       4       org.objectweb.asm.SymbolTable::addConstantMemberReference (147 bytes)
C2 CompilerThread2   8671 5979   !   4       com.google.common.reflect.TypeVisitor::visit (225 bytes)

VM state:not at safepoint (normal execution)

VM Mutex/Monitor currently owned by a thread: None

Heap address: 0x0000000080000000, size: 2048 MB, Compressed Oops mode: 32-bit
Narrow klass base: 0x0000000000000000, Narrow klass shift: 3
Compressed class space size: 1073741824 Address: 0x0000000100000000

Heap:
 garbage-first heap   total 143360K, used 101485K [0x0000000080000000, 0x0000000100000000)
  region size 1024K, 32 young (32768K), 3 survivors (3072K)
 Metaspace       used 58028K, capacity 59703K, committed 60032K, reserved 1101824K
  class space    used 7343K, capacity 7937K, committed 8064K, reserved 1048576K
Heap Regions: E=young(eden), S=young(survivor), O=old, HS=humongous(starts), HC=humongous(continues), CS=collection set, F=free, A=archive, TAMS=top-at-mark-start (previous, next)
|   0|0x0000000080000000, 0x0000000080100000, 0x0000000080100000|100%| O|  |TAMS 0x0000000080100000, 0x0000000080000000| Untracked 
|   1|0x0000000080100000, 0x0000000080200000, 0x0000000080200000|100%| O|  |TAMS 0x0000000080200000, 0x0000000080100000| Untracked 
|   2|0x0000000080200000, 0x0000000080300000, 0x0000000080300000|100%| O|  |TAMS 0x0000000080300000, 0x0000000080200000| Untracked 
|   3|0x0000000080300000, 0x0000000080400000, 0x0000000080400000|100%|HS|  |TAMS 0x0000000080400000, 0x0000000080300000| Complete 
|   4|0x0000000080400000, 0x0000000080500000, 0x0000000080500000|100%|HC|  |TAMS 0x0000000080500000, 0x0000000080400000| Complete 
|   5|0x0000000080500000, 0x0000000080600000, 0x0000000080600000|100%|HC|  |TAMS 0x0000000080600000, 0x0000000080500000| Complete 
|   6|0x0000000080600000, 0x0000000080700000, 0x0000000080700000|100%| O|  |TAMS 0x0000000080700000, 0x0000000080600000| Untracked 
|   7|0x0000000080700000, 0x0000000080800000, 0x0000000080800000|100%| O|  |TAMS 0x0000000080800000, 0x0000000080700000| Untracked 
|   8|0x0000000080800000, 0x0000000080900000, 0x0000000080900000|100%| O|  |TAMS 0x0000000080900000, 0x0000000080800000| Untracked 
|   9|0x0000000080900000, 0x0000000080a00000, 0x0000000080a00000|100%| O|  |TAMS 0x0000000080a00000, 0x0000000080900000| Untracked 
|  10|0x0000000080a00000, 0x0000000080b00000, 0x0000000080b00000|100%| O|  |TAMS 0x0000000080b00000, 0x0000000080a00000| Untracked 
|  11|0x0000000080b00000, 0x0000000080c00000, 0x0000000080c00000|100%| O|  |TAMS 0x0000000080c00000, 0x0000000080b00000| Untracked 
|  12|0x0000000080c00000, 0x0000000080d00000, 0x0000000080d00000|100%| O|  |TAMS 0x0000000080d00000, 0x0000000080c00000| Untracked 
|  13|0x0000000080d00000, 0x0000000080e00000, 0x0000000080e00000|100%| O|  |TAMS 0x0000000080e00000, 0x0000000080d00000| Untracked 
|  14|0x0000000080e00000, 0x0000000080f00000, 0x0000000080f00000|100%| O|  |TAMS 0x0000000080f00000, 0x0000000080e00000| Untracked 
|  15|0x0000000080f00000, 0x0000000081000000, 0x0000000081000000|100%|HS|  |TAMS 0x0000000081000000, 0x0000000080f00000| Complete 
|  16|0x0000000081000000, 0x0000000081100000, 0x0000000081100000|100%|HC|  |TAMS 0x0000000081100000, 0x0000000081000000| Complete 
|  17|0x0000000081100000, 0x0000000081200000, 0x0000000081200000|100%|HS|  |TAMS 0x0000000081200000, 0x0000000081100000| Complete 
|  18|0x0000000081200000, 0x0000000081300000, 0x0000000081300000|100%|HC|  |TAMS 0x0000000081300000, 0x0000000081200000| Complete 
|  19|0x0000000081300000, 0x0000000081400000, 0x0000000081400000|100%|HC|  |TAMS 0x0000000081400000, 0x0000000081300000| Complete 
|  20|0x0000000081400000, 0x0000000081500000, 0x0000000081500000|100%|HS|  |TAMS 0x0000000081500000, 0x0000000081400000| Complete 
|  21|0x0000000081500000, 0x0000000081600000, 0x0000000081600000|100%|HC|  |TAMS 0x0000000081600000, 0x0000000081500000| Complete 
|  22|0x0000000081600000, 0x0000000081700000, 0x0000000081700000|100%|HC|  |TAMS 0x0000000081700000, 0x0000000081600000| Complete 
|  23|0x0000000081700000, 0x0000000081800000, 0x0000000081800000|100%|HC|  |TAMS 0x0000000081800000, 0x0000000081700000| Complete 
|  24|0x0000000081800000, 0x0000000081900000, 0x0000000081900000|100%|HC|  |TAMS 0x0000000081900000, 0x0000000081800000| Complete 
|  25|0x0000000081900000, 0x0000000081a00000, 0x0000000081a00000|100%| O|  |TAMS 0x0000000081a00000, 0x0000000081900000| Untracked 
|  26|0x0000000081a00000, 0x0000000081b00000, 0x0000000081b00000|100%| O|  |TAMS 0x0000000081b00000, 0x0000000081a00000| Untracked 
|  27|0x0000000081b00000, 0x0000000081c00000, 0x0000000081c00000|100%| O|  |TAMS 0x0000000081c00000, 0x0000000081b00000| Untracked 
|  28|0x0000000081c00000, 0x0000000081d00000, 0x0000000081d00000|100%| O|  |TAMS 0x0000000081d00000, 0x0000000081c00000| Untracked 
|  29|0x0000000081d00000, 0x0000000081e00000, 0x0000000081e00000|100%| O|  |TAMS 0x0000000081e00000, 0x0000000081d00000| Untracked 
|  30|0x0000000081e00000, 0x0000000081f00000, 0x0000000081f00000|100%| O|  |TAMS 0x0000000081f00000, 0x0000000081e00000| Untracked 
|  31|0x0000000081f00000, 0x0000000082000000, 0x0000000082000000|100%| O|  |TAMS 0x0000000082000000, 0x0000000081f00000| Untracked 
|  32|0x0000000082000000, 0x0000000082100000, 0x0000000082100000|100%|HS|  |TAMS 0x0000000082100000, 0x0000000082000000| Complete 
|  33|0x0000000082100000, 0x0000000082200000, 0x0000000082200000|100%|HC|  |TAMS 0x0000000082200000, 0x0000000082100000| Complete 
|  34|0x0000000082200000, 0x0000000082300000, 0x0000000082300000|100%|HC|  |TAMS 0x0000000082300000, 0x0000000082200000| Complete 
|  35|0x0000000082300000, 0x0000000082400000, 0x0000000082400000|100%| O|  |TAMS 0x0000000082400000, 0x0000000082300000| Untracked 
|  36|0x0000000082400000, 0x0000000082500000, 0x0000000082500000|100%| O|  |TAMS 0x0000000082500000, 0x0000000082400000| Untracked 
|  37|0x0000000082500000, 0x0000000082600000, 0x0000000082600000|100%|HS|  |TAMS 0x0000000082600000, 0x0000000082500000| Complete 
|  38|0x0000000082600000, 0x0000000082700000, 0x0000000082700000|100%|HC|  |TAMS 0x0000000082700000, 0x0000000082600000| Complete 
|  39|0x0000000082700000, 0x0000000082800000, 0x0000000082800000|100%|HC|  |TAMS 0x0000000082800000, 0x0000000082700000| Complete 
|  40|0x0000000082800000, 0x0000000082900000, 0x0000000082900000|100%|HC|  |TAMS 0x0000000082900000, 0x0000000082800000| Complete 
|  41|0x0000000082900000, 0x0000000082a00000, 0x0000000082a00000|100%|HC|  |TAMS 0x0000000082a00000, 0x0000000082900000| Complete 
|  42|0x0000000082a00000, 0x0000000082b00000, 0x0000000082b00000|100%| O|  |TAMS 0x0000000082b00000, 0x0000000082a00000| Untracked 
|  43|0x0000000082b00000, 0x0000000082c00000, 0x0000000082c00000|100%| O|  |TAMS 0x0000000082c00000, 0x0000000082b00000| Untracked 
|  44|0x0000000082c00000, 0x0000000082d00000, 0x0000000082d00000|100%| O|  |TAMS 0x0000000082d00000, 0x0000000082c00000| Untracked 
|  45|0x0000000082d00000, 0x0000000082e00000, 0x0000000082e00000|100%| O|  |TAMS 0x0000000082e00000, 0x0000000082d00000| Untracked 
|  46|0x0000000082e00000, 0x0000000082f00000, 0x0000000082f00000|100%| O|  |TAMS 0x0000000082f00000, 0x0000000082e00000| Untracked 
|  47|0x0000000082f00000, 0x0000000083000000, 0x0000000083000000|100%| O|  |TAMS 0x0000000083000000, 0x0000000082f00000| Untracked 
|  48|0x0000000083000000, 0x0000000083100000, 0x0000000083100000|100%| O|  |TAMS 0x0000000083100000, 0x0000000083000000| Untracked 
|  49|0x0000000083100000, 0x0000000083200000, 0x0000000083200000|100%| O|  |TAMS 0x0000000083200000, 0x0000000083100000| Untracked 
|  50|0x0000000083200000, 0x0000000083300000, 0x0000000083300000|100%| O|  |TAMS 0x0000000083300000, 0x0000000083200000| Untracked 
|  51|0x0000000083300000, 0x0000000083400000, 0x0000000083400000|100%|HS|  |TAMS 0x0000000083400000, 0x0000000083300000| Complete 
|  52|0x0000000083400000, 0x0000000083500000, 0x0000000083500000|100%| O|  |TAMS 0x0000000083500000, 0x0000000083400000| Untracked 
|  53|0x0000000083500000, 0x0000000083600000, 0x0000000083600000|100%| O|  |TAMS 0x0000000083600000, 0x0000000083500000| Untracked 
|  54|0x0000000083600000, 0x0000000083700000, 0x0000000083700000|100%| O|  |TAMS 0x0000000083700000, 0x0000000083600000| Untracked 
|  55|0x0000000083700000, 0x0000000083800000, 0x0000000083800000|100%|HS|  |TAMS 0x0000000083800000, 0x0000000083700000| Complete 
|  56|0x0000000083800000, 0x0000000083900000, 0x0000000083900000|100%|HS|  |TAMS 0x0000000083900000, 0x0000000083800000| Complete 
|  57|0x0000000083900000, 0x0000000083a00000, 0x0000000083a00000|100%|HS|  |TAMS 0x0000000083a00000, 0x0000000083900000| Complete 
|  58|0x0000000083a00000, 0x0000000083b00000, 0x0000000083b00000|100%|HC|  |TAMS 0x0000000083b00000, 0x0000000083a00000| Complete 
|  59|0x0000000083b00000, 0x0000000083c00000, 0x0000000083c00000|100%|HC|  |TAMS 0x0000000083c00000, 0x0000000083b00000| Complete 
|  60|0x0000000083c00000, 0x0000000083d00000, 0x0000000083d00000|100%| O|  |TAMS 0x0000000083d00000, 0x0000000083c00000| Untracked 
|  61|0x0000000083d00000, 0x0000000083e00000, 0x0000000083e00000|100%| O|  |TAMS 0x0000000083e00000, 0x0000000083d00000| Untracked 
|  62|0x0000000083e00000, 0x0000000083f00000, 0x0000000083f00000|100%| O|  |TAMS 0x0000000083e33800, 0x0000000083e00000| Untracked 
|  63|0x0000000083f00000, 0x0000000084000000, 0x0000000084000000|100%|HS|  |TAMS 0x0000000083f00000, 0x0000000083f00000| Complete 
|  64|0x0000000084000000, 0x0000000084100000, 0x0000000084100000|100%|HC|  |TAMS 0x0000000084000000, 0x0000000084000000| Complete 
|  65|0x0000000084100000, 0x0000000084200000, 0x0000000084200000|100%| O|  |TAMS 0x0000000084100000, 0x0000000084100000| Untracked 
|  66|0x0000000084200000, 0x0000000084300000, 0x0000000084300000|100%| O|  |TAMS 0x0000000084200000, 0x0000000084200000| Untracked 
|  67|0x0000000084300000, 0x0000000084400000, 0x0000000084400000|100%| O|  |TAMS 0x0000000084300000, 0x0000000084300000| Untracked 
|  68|0x0000000084400000, 0x00000000844ca400, 0x0000000084500000| 79%| O|  |TAMS 0x0000000084400000, 0x0000000084400000| Untracked 
|  69|0x0000000084500000, 0x0000000084500000, 0x0000000084600000|  0%| F|  |TAMS 0x0000000084500000, 0x0000000084500000| Untracked 
|  70|0x0000000084600000, 0x0000000084600000, 0x0000000084700000|  0%| F|  |TAMS 0x0000000084600000, 0x0000000084600000| Untracked 
|  71|0x0000000084700000, 0x0000000084700000, 0x0000000084800000|  0%| F|  |TAMS 0x0000000084700000, 0x0000000084700000| Untracked 
|  72|0x0000000084800000, 0x0000000084800000, 0x0000000084900000|  0%| F|  |TAMS 0x0000000084800000, 0x0000000084800000| Untracked 
|  73|0x0000000084900000, 0x0000000084900000, 0x0000000084a00000|  0%| F|  |TAMS 0x0000000084900000, 0x0000000084900000| Untracked 
|  74|0x0000000084a00000, 0x0000000084a00000, 0x0000000084b00000|  0%| F|  |TAMS 0x0000000084a00000, 0x0000000084a00000| Untracked 
|  75|0x0000000084b00000, 0x0000000084b00000, 0x0000000084c00000|  0%| F|  |TAMS 0x0000000084b00000, 0x0000000084b00000| Untracked 
|  76|0x0000000084c00000, 0x0000000084c00000, 0x0000000084d00000|  0%| F|  |TAMS 0x0000000084c00000, 0x0000000084c00000| Untracked 
|  77|0x0000000084d00000, 0x0000000084d00000, 0x0000000084e00000|  0%| F|  |TAMS 0x0000000084d00000, 0x0000000084d00000| Untracked 
|  78|0x0000000084e00000, 0x0000000084e00000, 0x0000000084f00000|  0%| F|  |TAMS 0x0000000084e00000, 0x0000000084e00000| Untracked 
|  79|0x0000000084f00000, 0x0000000084f00000, 0x0000000085000000|  0%| F|  |TAMS 0x0000000084f00000, 0x0000000084f00000| Untracked 
|  80|0x0000000085000000, 0x0000000085000000, 0x0000000085100000|  0%| F|  |TAMS 0x0000000085000000, 0x0000000085000000| Untracked 
|  81|0x0000000085100000, 0x0000000085100000, 0x0000000085200000|  0%| F|  |TAMS 0x0000000085100000, 0x0000000085100000| Untracked 
|  82|0x0000000085200000, 0x0000000085200000, 0x0000000085300000|  0%| F|  |TAMS 0x0000000085200000, 0x0000000085200000| Untracked 
|  83|0x0000000085300000, 0x0000000085300000, 0x0000000085400000|  0%| F|  |TAMS 0x0000000085300000, 0x0000000085300000| Untracked 
|  84|0x0000000085400000, 0x0000000085400000, 0x0000000085500000|  0%| F|  |TAMS 0x0000000085400000, 0x0000000085400000| Untracked 
|  85|0x0000000085500000, 0x0000000085500000, 0x0000000085600000|  0%| F|  |TAMS 0x0000000085500000, 0x0000000085500000| Untracked 
|  86|0x0000000085600000, 0x0000000085600000, 0x0000000085700000|  0%| F|  |TAMS 0x0000000085600000, 0x0000000085600000| Untracked 
|  87|0x0000000085700000, 0x0000000085700000, 0x0000000085800000|  0%| F|  |TAMS 0x0000000085700000, 0x0000000085700000| Untracked 
|  88|0x0000000085800000, 0x0000000085800000, 0x0000000085900000|  0%| F|  |TAMS 0x0000000085800000, 0x0000000085800000| Untracked 
|  89|0x0000000085900000, 0x0000000085900000, 0x0000000085a00000|  0%| F|  |TAMS 0x0000000085900000, 0x0000000085900000| Untracked 
|  90|0x0000000085a00000, 0x0000000085a00000, 0x0000000085b00000|  0%| F|  |TAMS 0x0000000085a00000, 0x0000000085a00000| Untracked 
|  91|0x0000000085b00000, 0x0000000085b00000, 0x0000000085c00000|  0%| F|  |TAMS 0x0000000085b00000, 0x0000000085b00000| Untracked 
|  92|0x0000000085c00000, 0x0000000085c00000, 0x0000000085d00000|  0%| F|  |TAMS 0x0000000085c00000, 0x0000000085c00000| Untracked 
|  93|0x0000000085d00000, 0x0000000085d00000, 0x0000000085e00000|  0%| F|  |TAMS 0x0000000085d00000, 0x0000000085d00000| Untracked 
|  94|0x0000000085e00000, 0x0000000085e00000, 0x0000000085f00000|  0%| F|  |TAMS 0x0000000085e00000, 0x0000000085e00000| Untracked 
|  95|0x0000000085f00000, 0x0000000085f00000, 0x0000000086000000|  0%| F|  |TAMS 0x0000000085f00000, 0x0000000085f00000| Untracked 
|  96|0x0000000086000000, 0x0000000086000000, 0x0000000086100000|  0%| F|  |TAMS 0x0000000086000000, 0x0000000086000000| Untracked 
|  97|0x0000000086100000, 0x0000000086100000, 0x0000000086200000|  0%| F|  |TAMS 0x0000000086100000, 0x0000000086100000| Untracked 
|  98|0x0000000086200000, 0x0000000086200000, 0x0000000086300000|  0%| F|  |TAMS 0x0000000086200000, 0x0000000086200000| Untracked 
|  99|0x0000000086300000, 0x00000000863510f8, 0x0000000086400000| 31%| S|CS|TAMS 0x0000000086300000, 0x0000000086300000| Complete 
| 100|0x0000000086400000, 0x0000000086500000, 0x0000000086500000|100%| S|CS|TAMS 0x0000000086400000, 0x0000000086400000| Complete 
| 101|0x0000000086500000, 0x0000000086600000, 0x0000000086600000|100%| S|CS|TAMS 0x0000000086500000, 0x0000000086500000| Complete 
| 102|0x0000000086600000, 0x0000000086600000, 0x0000000086700000|  0%| F|  |TAMS 0x0000000086600000, 0x0000000086600000| Untracked 
| 103|0x0000000086700000, 0x0000000086700000, 0x0000000086800000|  0%| F|  |TAMS 0x0000000086700000, 0x0000000086700000| Untracked 
| 104|0x0000000086800000, 0x0000000086800000, 0x0000000086900000|  0%| F|  |TAMS 0x0000000086800000, 0x0000000086800000| Untracked 
| 105|0x0000000086900000, 0x0000000086900000, 0x0000000086a00000|  0%| F|  |TAMS 0x0000000086900000, 0x0000000086900000| Untracked 
| 106|0x0000000086a00000, 0x0000000086a00000, 0x0000000086b00000|  0%| F|  |TAMS 0x0000000086a00000, 0x0000000086a00000| Untracked 
| 107|0x0000000086b00000, 0x0000000086b00000, 0x0000000086c00000|  0%| F|  |TAMS 0x0000000086b00000, 0x0000000086b00000| Untracked 
| 108|0x0000000086c00000, 0x0000000086c00000, 0x0000000086d00000|  0%| F|  |TAMS 0x0000000086c00000, 0x0000000086c00000| Untracked 
| 109|0x0000000086d00000, 0x0000000086d00000, 0x0000000086e00000|  0%| F|  |TAMS 0x0000000086d00000, 0x0000000086d00000| Untracked 
| 110|0x0000000086e00000, 0x0000000086e00000, 0x0000000086f00000|  0%| F|  |TAMS 0x0000000086e00000, 0x0000000086e00000| Untracked 
| 111|0x0000000086f00000, 0x0000000087000000, 0x0000000087000000|100%| E|  |TAMS 0x0000000086f00000, 0x0000000086f00000| Complete 
| 112|0x0000000087000000, 0x0000000087100000, 0x0000000087100000|100%| E|CS|TAMS 0x0000000087000000, 0x0000000087000000| Complete 
| 113|0x0000000087100000, 0x0000000087200000, 0x0000000087200000|100%| E|CS|TAMS 0x0000000087100000, 0x0000000087100000| Complete 
| 114|0x0000000087200000, 0x0000000087300000, 0x0000000087300000|100%| E|CS|TAMS 0x0000000087200000, 0x0000000087200000| Complete 
| 115|0x0000000087300000, 0x0000000087400000, 0x0000000087400000|100%| E|CS|TAMS 0x0000000087300000, 0x0000000087300000| Complete 
| 116|0x0000000087400000, 0x0000000087500000, 0x0000000087500000|100%| E|CS|TAMS 0x0000000087400000, 0x0000000087400000| Complete 
| 117|0x0000000087500000, 0x0000000087600000, 0x0000000087600000|100%| E|CS|TAMS 0x0000000087500000, 0x0000000087500000| Complete 
| 118|0x0000000087600000, 0x0000000087700000, 0x0000000087700000|100%| E|CS|TAMS 0x0000000087600000, 0x0000000087600000| Complete 
| 119|0x0000000087700000, 0x0000000087800000, 0x0000000087800000|100%| E|CS|TAMS 0x0000000087700000, 0x0000000087700000| Complete 
| 120|0x0000000087800000, 0x0000000087900000, 0x0000000087900000|100%| E|CS|TAMS 0x0000000087800000, 0x0000000087800000| Complete 
| 121|0x0000000087900000, 0x0000000087a00000, 0x0000000087a00000|100%| E|CS|TAMS 0x0000000087900000, 0x0000000087900000| Complete 
| 122|0x0000000087a00000, 0x0000000087b00000, 0x0000000087b00000|100%| E|CS|TAMS 0x0000000087a00000, 0x0000000087a00000| Complete 
| 123|0x0000000087b00000, 0x0000000087c00000, 0x0000000087c00000|100%| E|CS|TAMS 0x0000000087b00000, 0x0000000087b00000| Complete 
| 124|0x0000000087c00000, 0x0000000087d00000, 0x0000000087d00000|100%| E|CS|TAMS 0x0000000087c00000, 0x0000000087c00000| Complete 
| 125|0x0000000087d00000, 0x0000000087e00000, 0x0000000087e00000|100%| E|CS|TAMS 0x0000000087d00000, 0x0000000087d00000| Complete 
| 126|0x0000000087e00000, 0x0000000087f00000, 0x0000000087f00000|100%| E|CS|TAMS 0x0000000087e00000, 0x0000000087e00000| Complete 
| 127|0x0000000087f00000, 0x0000000088000000, 0x0000000088000000|100%| E|CS|TAMS 0x0000000087f00000, 0x0000000087f00000| Complete 
| 128|0x0000000088000000, 0x0000000088100000, 0x0000000088100000|100%| E|CS|TAMS 0x0000000088000000, 0x0000000088000000| Complete 
| 129|0x0000000088100000, 0x0000000088200000, 0x0000000088200000|100%| E|CS|TAMS 0x0000000088100000, 0x0000000088100000| Complete 
| 130|0x0000000088200000, 0x0000000088300000, 0x0000000088300000|100%| E|CS|TAMS 0x0000000088200000, 0x0000000088200000| Complete 
| 131|0x0000000088300000, 0x0000000088400000, 0x0000000088400000|100%| E|CS|TAMS 0x0000000088300000, 0x0000000088300000| Complete 
| 132|0x0000000088400000, 0x0000000088500000, 0x0000000088500000|100%| E|CS|TAMS 0x0000000088400000, 0x0000000088400000| Complete 
| 133|0x0000000088500000, 0x0000000088600000, 0x0000000088600000|100%| E|CS|TAMS 0x0000000088500000, 0x0000000088500000| Complete 
| 134|0x0000000088600000, 0x0000000088700000, 0x0000000088700000|100%| E|CS|TAMS 0x0000000088600000, 0x0000000088600000| Complete 
| 135|0x0000000088700000, 0x0000000088800000, 0x0000000088800000|100%| E|CS|TAMS 0x0000000088700000, 0x0000000088700000| Complete 
| 136|0x0000000088800000, 0x0000000088900000, 0x0000000088900000|100%| E|CS|TAMS 0x0000000088800000, 0x0000000088800000| Complete 
| 137|0x0000000088900000, 0x0000000088a00000, 0x0000000088a00000|100%| E|CS|TAMS 0x0000000088900000, 0x0000000088900000| Complete 
| 138|0x0000000088a00000, 0x0000000088b00000, 0x0000000088b00000|100%| E|CS|TAMS 0x0000000088a00000, 0x0000000088a00000| Complete 
| 139|0x0000000088b00000, 0x0000000088c00000, 0x0000000088c00000|100%| E|CS|TAMS 0x0000000088b00000, 0x0000000088b00000| Complete 

Card table byte_map: [0x000001dd3a2a0000,0x000001dd3a6a0000] _byte_map_base: 0x000001dd39ea0000

Marking Bits (Prev, Next): (CMBitMap*) 0x000001dd270cc4f0, (CMBitMap*) 0x000001dd270cc4b8
 Prev Bits: [0x000001dd3caa0000, 0x000001dd3eaa0000)
 Next Bits: [0x000001dd3aaa0000, 0x000001dd3caa0000)

Polling page: 0x000001dd26860000

Metaspace:

Usage:
  Non-class:     50.62 MB capacity,    49.53 MB ( 98%) used,   961.11 KB (  2%) free+waste,   152.00 KB ( <1%) overhead. 
      Class:      7.75 MB capacity,     7.18 MB ( 93%) used,   516.43 KB (  7%) free+waste,    72.31 KB ( <1%) overhead. 
       Both:     58.37 MB capacity,    56.70 MB ( 97%) used,     1.44 MB (  2%) free+waste,   224.31 KB ( <1%) overhead. 

Virtual space:
  Non-class space:       52.00 MB reserved,      50.75 MB ( 98%) committed 
      Class space:        1.00 GB reserved,       7.88 MB ( <1%) committed 
             Both:        1.05 GB reserved,      58.63 MB (  5%) committed 

Chunk freelists:
   Non-Class:  10.00 KB
       Class:  0 bytes
        Both:  10.00 KB

MaxMetaspaceSize: 17179869184.00 GB
CompressedClassSpaceSize: 1.00 GB

CodeHeap 'non-profiled nmethods': size=120000Kb used=3474Kb max_used=3474Kb free=116525Kb
 bounds [0x000001dd32640000, 0x000001dd329b0000, 0x000001dd39b70000]
CodeHeap 'profiled nmethods': size=120000Kb used=12426Kb max_used=12426Kb free=107573Kb
 bounds [0x000001dd2b110000, 0x000001dd2bd40000, 0x000001dd32640000]
CodeHeap 'non-nmethods': size=5760Kb used=2239Kb max_used=2269Kb free=3521Kb
 bounds [0x000001dd2ab70000, 0x000001dd2ade0000, 0x000001dd2b110000]
 total_blobs=6862 nmethods=6036 adapters=736
 compilation: enabled
              stopped_count=0, restarted_count=0
 full_count=0

Compilation events (20 events):
Event: 8.644 Thread 0x000001dd4151e000 6005       3       com.google.protobuf.ByteString$LiteralByteString::<init> (22 bytes)
Event: 8.644 Thread 0x000001dd4151e000 nmethod 6005 0x000001dd2bd20b10 code [0x000001dd2bd20ce0, 0x000001dd2bd21048]
Event: 8.644 Thread 0x000001dd4151e000 6006       3       com.google.protobuf.UnknownFieldSet$Builder::<init> (5 bytes)
Event: 8.644 Thread 0x000001dd4151e000 nmethod 6006 0x000001dd2bd21190 code [0x000001dd2bd21340, 0x000001dd2bd21498]
Event: 8.644 Thread 0x000001dd4151e000 6007       3       com.google.protobuf.UnknownFieldSet$Builder::reinitialize (18 bytes)
Event: 8.644 Thread 0x000001dd4151e000 nmethod 6007 0x000001dd2bd21590 code [0x000001dd2bd21740, 0x000001dd2bd21938]
Event: 8.644 Thread 0x000001dd4151e000 6008       3       com.google.protobuf.CodedInputStream$ArrayDecoder::readMessage (74 bytes)
Event: 8.645 Thread 0x000001dd4151e000 nmethod 6008 0x000001dd2bd21a10 code [0x000001dd2bd21c40, 0x000001dd2bd22178]
Event: 8.645 Thread 0x000001dd4151e000 6009       3       com.google.protobuf.UnknownFieldSet$Builder::getFieldBuilder (89 bytes)
Event: 8.645 Thread 0x000001dd4151e000 nmethod 6009 0x000001dd2bd22410 code [0x000001dd2bd22640, 0x000001dd2bd22bb8]
Event: 8.645 Thread 0x000001dd4151e000 6010       3       com.google.protobuf.CodedInputStream$ArrayDecoder::checkLastTagWas (13 bytes)
Event: 8.645 Thread 0x000001dd4151e000 nmethod 6010 0x000001dd2bd22d90 code [0x000001dd2bd22f40, 0x000001dd2bd230a8]
Event: 8.646 Thread 0x000001dd4151e000 6011       3       com.google.protobuf.DescriptorProtos$EnumDescriptorProto::getValueCount (10 bytes)
Event: 8.646 Thread 0x000001dd4151e000 nmethod 6011 0x000001dd2bd23190 code [0x000001dd2bd23340, 0x000001dd2bd23508]
Event: 8.646 Thread 0x000001dd4151e000 6013       3       com.google.protobuf.DescriptorProtos$EnumValueDescriptorProto::isInitialized (49 bytes)
Event: 8.647 Thread 0x000001dd4151e000 nmethod 6013 0x000001dd2bd23610 code [0x000001dd2bd23800, 0x000001dd2bd23c48]
Event: 8.647 Thread 0x000001dd4151e000 6012       3       com.google.protobuf.DescriptorProtos$EnumDescriptorProto::getValue (14 bytes)
Event: 8.647 Thread 0x000001dd4151e000 nmethod 6012 0x000001dd2bd23d90 code [0x000001dd2bd23f60, 0x000001dd2bd24208]
Event: 8.647 Thread 0x000001dd4151e000 6014       3       com.google.protobuf.DescriptorProtos$EnumValueDescriptorProto::hasOptions (15 bytes)
Event: 8.647 Thread 0x000001dd4151e000 nmethod 6014 0x000001dd2bd24310 code [0x000001dd2bd244c0, 0x000001dd2bd24618]

GC Heap History (20 events):
Event: 4.046 GC heap before
{Heap before GC invocations=5 (full 0):
 garbage-first heap   total 98304K, used 77624K [0x0000000080000000, 0x0000000100000000)
  region size 1024K, 52 young (53248K), 4 survivors (4096K)
 Metaspace       used 29753K, capacity 30593K, committed 30720K, reserved 1075200K
  class space    used 4001K, capacity 4311K, committed 4352K, reserved 1048576K
}
Event: 4.052 GC heap after
{Heap after GC invocations=6 (full 0):
 garbage-first heap   total 98304K, used 32382K [0x0000000080000000, 0x0000000100000000)
  region size 1024K, 7 young (7168K), 7 survivors (7168K)
 Metaspace       used 29753K, capacity 30593K, committed 30720K, reserved 1075200K
  class space    used 4001K, capacity 4311K, committed 4352K, reserved 1048576K
}
Event: 4.529 GC heap before
{Heap before GC invocations=6 (full 0):
 garbage-first heap   total 98304K, used 52862K [0x0000000080000000, 0x0000000100000000)
  region size 1024K, 28 young (28672K), 7 survivors (7168K)
 Metaspace       used 34858K, capacity 35743K, committed 35840K, reserved 1081344K
  class space    used 4561K, capacity 4899K, committed 4992K, reserved 1048576K
}
Event: 4.541 GC heap after
{Heap after GC invocations=7 (full 0):
 garbage-first heap   total 98304K, used 34744K [0x0000000080000000, 0x0000000100000000)
  region size 1024K, 3 young (3072K), 3 survivors (3072K)
 Metaspace       used 34858K, capacity 35743K, committed 35840K, reserved 1081344K
  class space    used 4561K, capacity 4899K, committed 4992K, reserved 1048576K
}
Event: 4.964 GC heap before
{Heap before GC invocations=8 (full 0):
 garbage-first heap   total 98304K, used 66488K [0x0000000080000000, 0x0000000100000000)
  region size 1024K, 34 young (34816K), 3 survivors (3072K)
 Metaspace       used 37623K, capacity 38597K, committed 38784K, reserved 1083392K
  class space    used 4872K, capacity 5208K, committed 5248K, reserved 1048576K
}
Event: 4.972 GC heap after
{Heap after GC invocations=9 (full 0):
 garbage-first heap   total 118784K, used 37284K [0x0000000080000000, 0x0000000100000000)
  region size 1024K, 5 young (5120K), 5 survivors (5120K)
 Metaspace       used 37623K, capacity 38597K, committed 38784K, reserved 1083392K
  class space    used 4872K, capacity 5208K, committed 5248K, reserved 1048576K
}
Event: 5.582 GC heap before
{Heap before GC invocations=10 (full 0):
 garbage-first heap   total 118784K, used 80292K [0x0000000080000000, 0x0000000100000000)
  region size 1024K, 45 young (46080K), 5 survivors (5120K)
 Metaspace       used 41726K, capacity 42799K, committed 43008K, reserved 1087488K
  class space    used 5386K, capacity 5780K, committed 5888K, reserved 1048576K
}
Event: 5.588 GC heap after
{Heap after GC invocations=11 (full 0):
 garbage-first heap   total 118784K, used 38766K [0x0000000080000000, 0x0000000100000000)
  region size 1024K, 5 young (5120K), 5 survivors (5120K)
 Metaspace       used 41726K, capacity 42799K, committed 43008K, reserved 1087488K
  class space    used 5386K, capacity 5780K, committed 5888K, reserved 1048576K
}
Event: 6.200 GC heap before
{Heap before GC invocations=11 (full 0):
 garbage-first heap   total 118784K, used 89966K [0x0000000080000000, 0x0000000100000000)
  region size 1024K, 47 young (48128K), 5 survivors (5120K)
 Metaspace       used 44448K, capacity 45633K, committed 45824K, reserved 1089536K
  class space    used 5602K, capacity 6053K, committed 6144K, reserved 1048576K
}
Event: 6.207 GC heap after
{Heap after GC invocations=12 (full 0):
 garbage-first heap   total 118784K, used 52200K [0x0000000080000000, 0x0000000100000000)
  region size 1024K, 6 young (6144K), 6 survivors (6144K)
 Metaspace       used 44448K, capacity 45633K, committed 45824K, reserved 1089536K
  class space    used 5602K, capacity 6053K, committed 6144K, reserved 1048576K
}
Event: 6.633 GC heap before
{Heap before GC invocations=12 (full 0):
 garbage-first heap   total 118784K, used 89064K [0x0000000080000000, 0x0000000100000000)
  region size 1024K, 42 young (43008K), 6 survivors (6144K)
 Metaspace       used 46639K, capacity 47960K, committed 48256K, reserved 1091584K
  class space    used 5954K, capacity 6404K, committed 6528K, reserved 1048576K
}
Event: 6.640 GC heap after
{Heap after GC invocations=13 (full 0):
 garbage-first heap   total 118784K, used 54583K [0x0000000080000000, 0x0000000100000000)
  region size 1024K, 3 young (3072K), 3 survivors (3072K)
 Metaspace       used 46639K, capacity 47960K, committed 48256K, reserved 1091584K
  class space    used 5954K, capacity 6404K, committed 6528K, reserved 1048576K
}
Event: 7.152 GC heap before
{Heap before GC invocations=13 (full 0):
 garbage-first heap   total 118784K, used 90423K [0x0000000080000000, 0x0000000100000000)
  region size 1024K, 38 young (38912K), 3 survivors (3072K)
 Metaspace       used 48960K, capacity 50365K, committed 50560K, reserved 1093632K
  class space    used 6283K, capacity 6754K, committed 6784K, reserved 1048576K
}
Event: 7.157 GC heap after
{Heap after GC invocations=14 (full 0):
 garbage-first heap   total 118784K, used 56693K [0x0000000080000000, 0x0000000100000000)
  region size 1024K, 5 young (5120K), 5 survivors (5120K)
 Metaspace       used 48960K, capacity 50365K, committed 50560K, reserved 1093632K
  class space    used 6283K, capacity 6754K, committed 6784K, reserved 1048576K
}
Event: 7.524 GC heap before
{Heap before GC invocations=14 (full 0):
 garbage-first heap   total 118784K, used 76149K [0x0000000080000000, 0x0000000100000000)
  region size 1024K, 25 young (25600K), 5 survivors (5120K)
 Metaspace       used 49686K, capacity 51164K, committed 51456K, reserved 1093632K
  class space    used 6361K, capacity 6842K, committed 6912K, reserved 1048576K
}
Event: 7.533 GC heap after
{Heap after GC invocations=15 (full 0):
 garbage-first heap   total 118784K, used 58469K [0x0000000080000000, 0x0000000100000000)
  region size 1024K, 3 young (3072K), 3 survivors (3072K)
 Metaspace       used 49686K, capacity 51164K, committed 51456K, reserved 1093632K
  class space    used 6361K, capacity 6842K, committed 6912K, reserved 1048576K
}
Event: 7.622 GC heap before
{Heap before GC invocations=16 (full 0):
 garbage-first heap   total 118784K, used 68709K [0x0000000080000000, 0x0000000100000000)
  region size 1024K, 10 young (10240K), 3 survivors (3072K)
 Metaspace       used 49696K, capacity 51164K, committed 51456K, reserved 1093632K
  class space    used 6361K, capacity 6842K, committed 6912K, reserved 1048576K
}
Event: 7.631 GC heap after
{Heap after GC invocations=17 (full 0):
 garbage-first heap   total 143360K, used 68814K [0x0000000080000000, 0x0000000100000000)
  region size 1024K, 5 young (5120K), 5 survivors (5120K)
 Metaspace       used 49696K, capacity 51164K, committed 51456K, reserved 1093632K
  class space    used 6361K, capacity 6842K, committed 6912K, reserved 1048576K
}
Event: 8.180 GC heap before
{Heap before GC invocations=18 (full 0):
 garbage-first heap   total 143360K, used 104654K [0x0000000080000000, 0x0000000100000000)
  region size 1024K, 38 young (38912K), 5 survivors (5120K)
 Metaspace       used 53424K, capacity 55090K, committed 55296K, reserved 1097728K
  class space    used 6835K, capacity 7337K, committed 7424K, reserved 1048576K
}
Event: 8.185 GC heap after
{Heap after GC invocations=19 (full 0):
 garbage-first heap   total 143360K, used 72813K [0x0000000080000000, 0x0000000100000000)
  region size 1024K, 3 young (3072K), 3 survivors (3072K)
 Metaspace       used 53424K, capacity 55090K, committed 55296K, reserved 1097728K
  class space    used 6835K, capacity 7337K, committed 7424K, reserved 1048576K
}

Deoptimization events (20 events):
Event: 7.891 Thread 0x000001dd42e83800 Uncommon trap: trap_request=0xffffff45 fr.pc=0x000001dd32824a58 relative=0x0000000000000d98
Event: 7.891 Thread 0x000001dd42e83800 Uncommon trap: reason=unstable_fused_if action=reinterpret pc=0x000001dd32824a58 method=org.objectweb.asm.ByteVector.putUTF8(Ljava/lang/String;)Lorg/objectweb/asm/ByteVector; @ 93 c2
Event: 7.891 Thread 0x000001dd42e83800 DEOPT PACKING pc=0x000001dd32824a58 sp=0x000000d917df7f40
Event: 7.891 Thread 0x000001dd42e83800 DEOPT UNPACKING pc=0x000001dd2ab978af sp=0x000000d917df7e98 mode 2
Event: 7.926 Thread 0x000001dd42e83800 Uncommon trap: trap_request=0xffffff45 fr.pc=0x000001dd327a1e6c relative=0x000000000000020c
Event: 7.926 Thread 0x000001dd42e83800 Uncommon trap: reason=unstable_fused_if action=reinterpret pc=0x000001dd327a1e6c method=org.objectweb.asm.ByteVector.putUTF8(Ljava/lang/String;)Lorg/objectweb/asm/ByteVector; @ 93 c2
Event: 7.926 Thread 0x000001dd42e83800 DEOPT PACKING pc=0x000001dd327a1e6c sp=0x000000d917df8270
Event: 7.926 Thread 0x000001dd42e83800 DEOPT UNPACKING pc=0x000001dd2ab978af sp=0x000000d917df81f0 mode 2
Event: 8.107 Thread 0x000001dd42e83800 Uncommon trap: trap_request=0xffffff4d fr.pc=0x000001dd3287e8b0 relative=0x0000000000000090
Event: 8.107 Thread 0x000001dd42e83800 Uncommon trap: reason=unstable_if action=reinterpret pc=0x000001dd3287e8b0 method=java.lang.CharacterDataLatin1.digit(II)I @ 7 c2
Event: 8.107 Thread 0x000001dd42e83800 DEOPT PACKING pc=0x000001dd3287e8b0 sp=0x000000d917df7560
Event: 8.107 Thread 0x000001dd42e83800 DEOPT UNPACKING pc=0x000001dd2ab978af sp=0x000000d917df74e0 mode 2
Event: 8.185 Thread 0x000001dd41fe6800 Uncommon trap: trap_request=0xffffffde fr.pc=0x000001dd327a58ec relative=0x000000000000052c
Event: 8.185 Thread 0x000001dd41fe6800 Uncommon trap: reason=class_check action=maybe_recompile pc=0x000001dd327a58ec method=jdk.internal.ref.PhantomCleanable.clean()V @ 12 c2
Event: 8.185 Thread 0x000001dd41fe6800 DEOPT PACKING pc=0x000001dd327a58ec sp=0x000000d9172ff230
Event: 8.185 Thread 0x000001dd41fe6800 DEOPT UNPACKING pc=0x000001dd2ab978af sp=0x000000d9172ff210 mode 2
Event: 8.406 Thread 0x000001dd42e83800 Uncommon trap: trap_request=0xffffff4d fr.pc=0x000001dd32946da0 relative=0x0000000000000420
Event: 8.406 Thread 0x000001dd42e83800 Uncommon trap: reason=unstable_if action=reinterpret pc=0x000001dd32946da0 method=org.gradle.internal.instantiation.generator.AbstractClassGenerator$InjectionAnnotationValidator.validateMethod(Ljava/lang/reflect/Method;Lorg/gradle/internal/reflect/Propert
Event: 8.406 Thread 0x000001dd42e83800 DEOPT PACKING pc=0x000001dd32946da0 sp=0x000000d917df7ed0
Event: 8.406 Thread 0x000001dd42e83800 DEOPT UNPACKING pc=0x000001dd2ab978af sp=0x000000d917df7e98 mode 2

Classes redefined (0 events):
No events

Internal exceptions (20 events):
Event: 7.655 Thread 0x000001dd42e83800 Exception <a 'java/lang/ClassNotFoundException'{0x0000000088a400d8}: org/gradle/api/tasks/Delete_DecoratedBeanInfo> (0x0000000088a400d8) thrown at [./src/hotspot/share/classfile/systemDictionary.cpp, line 231]
Event: 7.657 Thread 0x000001dd42e83800 Exception <a 'java/lang/ClassNotFoundException'{0x0000000088a692e8}: org/gradle/api/tasks/DeleteBeanInfo> (0x0000000088a692e8) thrown at [./src/hotspot/share/classfile/systemDictionary.cpp, line 231]
Event: 7.658 Thread 0x000001dd42e83800 Exception <a 'java/lang/ClassNotFoundException'{0x0000000088a95698}: org/gradle/api/internal/ConventionTaskBeanInfo> (0x0000000088a95698) thrown at [./src/hotspot/share/classfile/systemDictionary.cpp, line 231]
Event: 7.660 Thread 0x000001dd42e83800 Exception <a 'java/lang/ClassNotFoundException'{0x0000000088abdfd0}: org/gradle/api/DefaultTaskBeanInfo> (0x0000000088abdfd0) thrown at [./src/hotspot/share/classfile/systemDictionary.cpp, line 231]
Event: 7.661 Thread 0x000001dd42e83800 Exception <a 'java/lang/ClassNotFoundException'{0x0000000088aeabb8}: org/gradle/api/internal/AbstractTaskBeanInfo> (0x0000000088aeabb8) thrown at [./src/hotspot/share/classfile/systemDictionary.cpp, line 231]
Event: 7.663 Thread 0x000001dd42e83800 Exception <a 'java/lang/ClassNotFoundException'{0x000000008891f1c8}: org/gradle/api/internal/AbstractTaskCustomizer> (0x000000008891f1c8) thrown at [./src/hotspot/share/classfile/systemDictionary.cpp, line 231]
Event: 7.667 Thread 0x000001dd42e83800 Exception <a 'java/lang/ClassNotFoundException'{0x00000000889904e8}: org/gradle/api/DefaultTaskCustomizer> (0x00000000889904e8) thrown at [./src/hotspot/share/classfile/systemDictionary.cpp, line 231]
Event: 7.670 Thread 0x000001dd42e83800 Exception <a 'java/lang/ClassNotFoundException'{0x00000000888114e8}: org/gradle/api/internal/ConventionTaskCustomizer> (0x00000000888114e8) thrown at [./src/hotspot/share/classfile/systemDictionary.cpp, line 231]
Event: 7.671 Thread 0x000001dd42e83800 Exception <a 'java/lang/ClassNotFoundException'{0x0000000088849430}: org/gradle/api/tasks/DeleteCustomizer> (0x0000000088849430) thrown at [./src/hotspot/share/classfile/systemDictionary.cpp, line 231]
Event: 7.673 Thread 0x000001dd42e83800 Exception <a 'java/lang/ClassNotFoundException'{0x00000000888888b8}: org/gradle/api/tasks/Delete_DecoratedCustomizer> (0x00000000888888b8) thrown at [./src/hotspot/share/classfile/systemDictionary.cpp, line 231]
Event: 7.708 Thread 0x000001dd42e83800 Exception <a 'java/lang/ClassNotFoundException'{0x00000000887cd880}: build_a8561i7l1d5sn03tp5ygb1ke9BeanInfo> (0x00000000887cd880) thrown at [./src/hotspot/share/classfile/systemDictionary.cpp, line 231]
Event: 7.708 Thread 0x000001dd42e83800 Exception <a 'java/lang/ClassNotFoundException'{0x00000000887d87a8}: build_a8561i7l1d5sn03tp5ygb1ke9Customizer> (0x00000000887d87a8) thrown at [./src/hotspot/share/classfile/systemDictionary.cpp, line 231]
Event: 7.717 Thread 0x000001dd42e83800 Exception <a 'java/lang/ClassNotFoundException'{0x000000008865da90}: org/gradle/plugin/use/internal/PluginRequestCollector$PluginDependenciesSpecImplBeanInfo> (0x000000008865da90) thrown at [./src/hotspot/share/classfile/systemDictionary.cpp, line 231]
Event: 7.718 Thread 0x000001dd42e83800 Exception <a 'java/lang/ClassNotFoundException'{0x000000008868bbb0}: org/gradle/plugin/use/internal/PluginRequestCollector$PluginDependenciesSpecImplCustomizer> (0x000000008868bbb0) thrown at [./src/hotspot/share/classfile/systemDictionary.cpp, line 231]
Event: 7.878 Thread 0x000001dd42e83800 Exception <a 'java/lang/NoSuchMethodError'{0x0000000087aa0030}: 'java.lang.Object java.lang.invoke.DirectMethodHandle$Holder.invokeStatic(java.lang.Object, java.lang.Object, java.lang.Object, java.lang.Object, int)'> (0x0000000087aa0030) thrown at [./src/hotspot/share/interpreter/linkResolver.cpp, line 773]
Event: 7.879 Thread 0x000001dd42e83800 Exception <a 'java/lang/NoSuchMethodError'{0x0000000087aa4a28}: 'java.lang.Object java.lang.invoke.DirectMethodHandle$Holder.invokeSpecial(java.lang.Object, java.lang.Object, java.lang.Object, java.lang.Object, java.lang.Object, int)'> (0x0000000087aa4a28) thrown at [./src/hotspot/share/interpreter/linkResolver.cpp, line 773]
Event: 7.879 Thread 0x000001dd42e83800 Exception <a 'java/lang/NoSuchMethodError'{0x0000000087aa9068}: 'java.lang.Object java.lang.invoke.Invokers$Holder.linkToTargetMethod(java.lang.Object, java.lang.Object, java.lang.Object, int, java.lang.Object)'> (0x0000000087aa9068) thrown at [./src/hotspot/share/interpreter/linkResolver.cpp, line 773]
Event: 8.170 Thread 0x000001dd42e83800 Exception <a 'java/lang/NoSuchMethodError'{0x0000000086680818}: 'java.lang.Object java.lang.invoke.DirectMethodHandle$Holder.invokeSpecial(java.lang.Object, java.lang.Object, int, int, java.lang.Object, java.lang.Object, java.lang.Object)'> (0x0000000086680818) thrown at [./src/hotspot/share/interpreter/linkResolver.cpp, line 773]
Event: 8.170 Thread 0x000001dd42e83800 Exception <a 'java/lang/NoSuchMethodError'{0x0000000086684fe8}: 'java.lang.Object java.lang.invoke.DelegatingMethodHandle$Holder.reinvoke_L(java.lang.Object, int, int, java.lang.Object, java.lang.Object, java.lang.Object)'> (0x0000000086684fe8) thrown at [./src/hotspot/share/interpreter/linkResolver.cpp, line 773]
Event: 8.390 Thread 0x000001dd42e83800 Exception <a 'java/lang/NoSuchMethodError'{0x0000000088078b48}: 'int java.lang.invoke.DirectMethodHandle$Holder.invokeInterface(java.lang.Object, java.lang.Object, java.lang.Object, java.lang.Object)'> (0x0000000088078b48) thrown at [./src/hotspot/share/interpreter/linkResolver.cpp, line 773]

Events (20 events):
Event: 8.645 loading class com/google/protobuf/DescriptorProtos$FileOptions$1
Event: 8.645 loading class com/google/protobuf/DescriptorProtos$FileOptions$1 done
Event: 8.647 loading class com/google/protobuf/Descriptors$DescriptorPool
Event: 8.647 loading class com/google/protobuf/Descriptors$DescriptorPool done
Event: 8.648 loading class com/google/protobuf/Descriptors$EnumDescriptor
Event: 8.648 loading class com/google/protobuf/Descriptors$EnumDescriptor done
Event: 8.649 loading class com/google/protobuf/Descriptors$DescriptorPool$PackageDescriptor
Event: 8.649 loading class com/google/protobuf/Descriptors$DescriptorPool$PackageDescriptor done
Event: 8.650 loading class com/google/protobuf/Utf8
Event: 8.650 loading class com/google/protobuf/Utf8 done
Event: 8.650 loading class com/google/protobuf/Utf8$Processor
Event: 8.650 loading class com/google/protobuf/Utf8$Processor done
Event: 8.651 loading class com/google/protobuf/Utf8$UnsafeProcessor
Event: 8.651 loading class com/google/protobuf/Utf8$UnsafeProcessor done
Event: 8.652 loading class com/google/protobuf/Utf8$SafeProcessor
Event: 8.652 loading class com/google/protobuf/Utf8$SafeProcessor done
Event: 8.652 loading class com/google/protobuf/Utf8$UnpairedSurrogateException
Event: 8.652 loading class com/google/protobuf/Utf8$UnpairedSurrogateException done
Event: 8.653 loading class com/google/protobuf/UnsafeUtil
Event: 8.653 loading class com/google/protobuf/UnsafeUtil done


Dynamic libraries:
0x00007ff690fd0000 - 0x00007ff690fda000 	C:\Program Files\Android\Android Studio\jre\bin\java.exe
0x00007fff77d90000 - 0x00007fff77f85000 	C:\WINDOWS\SYSTEM32\ntdll.dll
0x00007fff76170000 - 0x00007fff7622e000 	C:\WINDOWS\System32\KERNEL32.DLL
0x00007fff754b0000 - 0x00007fff75778000 	C:\WINDOWS\System32\KERNELBASE.dll
0x00007fff72cf0000 - 0x00007fff72d80000 	C:\WINDOWS\SYSTEM32\apphelp.dll
0x00007fff758e0000 - 0x00007fff759e0000 	C:\WINDOWS\System32\ucrtbase.dll
0x00007fff5ee70000 - 0x00007fff5ee89000 	C:\Program Files\Android\Android Studio\jre\bin\jli.dll
0x00007fff5b360000 - 0x00007fff5b377000 	C:\Program Files\Android\Android Studio\jre\bin\VCRUNTIME140.dll
0x00007fff75e40000 - 0x00007fff75fe1000 	C:\WINDOWS\System32\USER32.dll
0x00007fff5fa10000 - 0x00007fff5fcaa000 	C:\WINDOWS\WinSxS\amd64_microsoft.windows.common-controls_6595b64144ccf1df_6.0.19041.1110_none_60b5254171f9507e\COMCTL32.dll
0x00007fff75d30000 - 0x00007fff75d52000 	C:\WINDOWS\System32\win32u.dll
0x00007fff76fd0000 - 0x00007fff7706e000 	C:\WINDOWS\System32\msvcrt.dll
0x00007fff76710000 - 0x00007fff7673b000 	C:\WINDOWS\System32\GDI32.dll
0x00007fff75a70000 - 0x00007fff75b7b000 	C:\WINDOWS\System32\gdi32full.dll
0x00007fff75be0000 - 0x00007fff75c7d000 	C:\WINDOWS\System32\msvcp_win.dll
0x00007fff76120000 - 0x00007fff76150000 	C:\WINDOWS\System32\IMM32.DLL
0x00007fff48090000 - 0x00007fff4812d000 	C:\Program Files\Android\Android Studio\jre\bin\msvcp140.dll
0x00007fff019f0000 - 0x00007fff024bf000 	C:\Program Files\Android\Android Studio\jre\bin\server\jvm.dll
0x00007fff76f20000 - 0x00007fff76fcc000 	C:\WINDOWS\System32\ADVAPI32.dll
0x00007fff762b0000 - 0x00007fff7634b000 	C:\WINDOWS\System32\sechost.dll
0x00007fff77a10000 - 0x00007fff77b3a000 	C:\WINDOWS\System32\RPCRT4.dll
0x00007fff77a00000 - 0x00007fff77a08000 	C:\WINDOWS\System32\PSAPI.DLL
0x00007fff6b9f0000 - 0x00007fff6ba17000 	C:\WINDOWS\SYSTEM32\WINMM.dll
0x00007fff5c8e0000 - 0x00007fff5c8e9000 	C:\WINDOWS\SYSTEM32\WSOCK32.dll
0x00007fff6eb30000 - 0x00007fff6eb3a000 	C:\WINDOWS\SYSTEM32\VERSION.dll
0x00007fff778e0000 - 0x00007fff7794b000 	C:\WINDOWS\System32\WS2_32.dll
0x00007fff73370000 - 0x00007fff73382000 	C:\WINDOWS\SYSTEM32\kernel.appcore.dll
0x00007fff5c7d0000 - 0x00007fff5c7e1000 	C:\Program Files\Android\Android Studio\jre\bin\verify.dll
0x00007fff61390000 - 0x00007fff61574000 	C:\WINDOWS\SYSTEM32\DBGHELP.DLL
0x00007fff5c8f0000 - 0x00007fff5c91c000 	C:\WINDOWS\SYSTEM32\dbgcore.DLL
0x00007fff759e0000 - 0x00007fff75a63000 	C:\WINDOWS\System32\bcryptPrimitives.dll
0x00007fff5ae20000 - 0x00007fff5ae49000 	C:\Program Files\Android\Android Studio\jre\bin\java.dll
0x00007fff5c8d0000 - 0x00007fff5c8db000 	C:\Program Files\Android\Android Studio\jre\bin\jimage.dll
0x00007fff59490000 - 0x00007fff594a8000 	C:\Program Files\Android\Android Studio\jre\bin\zip.dll
0x00007fff77070000 - 0x00007fff777af000 	C:\WINDOWS\System32\SHELL32.dll
0x00007fff73570000 - 0x00007fff73d00000 	C:\WINDOWS\SYSTEM32\windows.storage.dll
0x00007fff763b0000 - 0x00007fff76705000 	C:\WINDOWS\System32\combase.dll
0x00007fff74e30000 - 0x00007fff74e5e000 	C:\WINDOWS\SYSTEM32\Wldp.dll
0x00007fff76e70000 - 0x00007fff76f1d000 	C:\WINDOWS\System32\SHCORE.dll
0x00007fff76350000 - 0x00007fff763a5000 	C:\WINDOWS\System32\shlwapi.dll
0x00007fff753f0000 - 0x00007fff7540f000 	C:\WINDOWS\SYSTEM32\profapi.dll
0x00007fff59470000 - 0x00007fff5948a000 	C:\Program Files\Android\Android Studio\jre\bin\net.dll
0x00007fff64330000 - 0x00007fff6443c000 	C:\WINDOWS\SYSTEM32\WINHTTP.dll
0x00007fff74b40000 - 0x00007fff74baa000 	C:\WINDOWS\system32\mswsock.dll
0x00007fff59400000 - 0x00007fff59414000 	C:\Program Files\Android\Android Studio\jre\bin\nio.dll
0x00007fff587a0000 - 0x00007fff587c7000 	C:\Users\souvik dey\.gradle\native\8bec1ad78214c89d9ad589b4d07fe93259594b29d510b10fafb7a158f7737e5d\windows-amd64\native-platform.dll
0x00007fff4b710000 - 0x00007fff4b84d000 	C:\Users\souvik dey\.gradle\native\53dbd7edfb1c66fb8903c78663c9afc45aea4f116125fa6feffd364cf09443e8\windows-amd64\native-platform-file-events.dll
0x00007fff5c890000 - 0x00007fff5c89a000 	C:\Program Files\Android\Android Studio\jre\bin\management.dll
0x00007fff593f0000 - 0x00007fff593fc000 	C:\Program Files\Android\Android Studio\jre\bin\management_ext.dll
0x00007fff74d00000 - 0x00007fff74d18000 	C:\WINDOWS\SYSTEM32\CRYPTSP.dll
0x00007fff744d0000 - 0x00007fff74504000 	C:\WINDOWS\system32\rsaenh.dll
0x00007fff75d60000 - 0x00007fff75d87000 	C:\WINDOWS\System32\bcrypt.dll
0x00007fff75370000 - 0x00007fff7539e000 	C:\WINDOWS\SYSTEM32\USERENV.dll
0x00007fff74d20000 - 0x00007fff74d2c000 	C:\WINDOWS\SYSTEM32\CRYPTBASE.dll
0x00007fff74850000 - 0x00007fff7488b000 	C:\WINDOWS\SYSTEM32\IPHLPAPI.DLL
0x00007fff75ff0000 - 0x00007fff75ff8000 	C:\WINDOWS\System32\NSI.dll
0x00007fff6bb30000 - 0x00007fff6bb47000 	C:\WINDOWS\SYSTEM32\dhcpcsvc6.DLL
0x00007fff6d8b0000 - 0x00007fff6d8cd000 	C:\WINDOWS\SYSTEM32\dhcpcsvc.DLL
0x00007fff74890000 - 0x00007fff7495b000 	C:\WINDOWS\SYSTEM32\DNSAPI.dll

dbghelp: loaded successfully - version: 4.0.5 - missing functions: none
symbol engine: initialized successfully - sym options: 0x614 - pdb path: .;C:\Program Files\Android\Android Studio\jre\bin;C:\WINDOWS\SYSTEM32;C:\WINDOWS\WinSxS\amd64_microsoft.windows.common-controls_6595b64144ccf1df_6.0.19041.1110_none_60b5254171f9507e;C:\Program Files\Android\Android Studio\jre\bin\server;C:\Users\souvik dey\.gradle\native\8bec1ad78214c89d9ad589b4d07fe93259594b29d510b10fafb7a158f7737e5d\windows-amd64;C:\Users\souvik dey\.gradle\native\53dbd7edfb1c66fb8903c78663c9afc45aea4f116125fa6feffd364cf09443e8\windows-amd64

VM Arguments:
jvm_args: --add-opens=java.base/java.util=ALL-UNNAMED --add-opens=java.base/java.lang=ALL-UNNAMED --add-opens=java.base/java.lang.invoke=ALL-UNNAMED --add-opens=java.base/java.util=ALL-UNNAMED --add-opens=java.prefs/java.util.prefs=ALL-UNNAMED --add-opens=java.prefs/java.util.prefs=ALL-UNNAMED --add-opens=java.base/java.nio.charset=ALL-UNNAMED --add-opens=java.base/java.net=ALL-UNNAMED --add-opens=java.base/java.util.concurrent.atomic=ALL-UNNAMED -Xmx2048m -Dfile.encoding=UTF-8 -Duser.country=IN -Duser.language=en -Duser.variant 
java_command: org.gradle.launcher.daemon.bootstrap.GradleDaemon 7.0.2
java_class_path (initial): C:\Users\souvik dey\.gradle\wrapper\dists\gradle-7.0.2-bin\857tjihv64xamwrf0h14cai3r\gradle-7.0.2\lib\gradle-launcher-7.0.2.jar
Launcher Type: SUN_STANDARD

[Global flags]
     intx CICompilerCount                          = 4                                         {product} {ergonomic}
     uint ConcGCThreads                            = 2                                         {product} {ergonomic}
     uint G1ConcRefinementThreads                  = 8                                         {product} {ergonomic}
   size_t G1HeapRegionSize                         = 1048576                                   {product} {ergonomic}
    uintx GCDrainStackTargetSize                   = 64                                        {product} {ergonomic}
   size_t InitialHeapSize                          = 100663296                                 {product} {ergonomic}
   size_t MarkStackSize                            = 4194304                                   {product} {ergonomic}
   size_t MaxHeapSize                              = 2147483648                                {product} {command line}
   size_t MaxNewSize                               = 1287651328                                {product} {ergonomic}
   size_t MinHeapDeltaBytes                        = 1048576                                   {product} {ergonomic}
    uintx NonNMethodCodeHeapSize                   = 5836300                                {pd product} {ergonomic}
    uintx NonProfiledCodeHeapSize                  = 122910970                              {pd product} {ergonomic}
    uintx ProfiledCodeHeapSize                     = 122910970                              {pd product} {ergonomic}
    uintx ReservedCodeCacheSize                    = 251658240                              {pd product} {ergonomic}
     bool SegmentedCodeCache                       = true                                      {product} {ergonomic}
     bool UseCompressedClassPointers               = true                                 {lp64_product} {ergonomic}
     bool UseCompressedOops                        = true                                 {lp64_product} {ergonomic}
     bool UseG1GC                                  = true                                      {product} {ergonomic}
     bool UseLargePagesIndividualAllocation        = false                                  {pd product} {ergonomic}

Logging:
Log output configuration:
 #0: stdout all=warning uptime,level,tags
 #1: stderr all=off uptime,level,tags

Environment Variables:
PATH=C:\python 3.9.1\Scripts\;C:\python 3.9.1\;C:\WINDOWS\system32;C:\WINDOWS;C:\WINDOWS\System32\Wbem;C:\WINDOWS\System32\WindowsPowerShell\v1.0\;C:\WINDOWS\System32\OpenSSH\;C:\MinGW\bin;C:\Program Files\Git\cmd;C:\Users\souvik dey\AppData\Local\Microsoft\WindowsApps;C:\Users\souvik dey\AppData\Local\atom\bin
USERNAME=souvik dey
OS=Windows_NT
PROCESSOR_IDENTIFIER=AMD64 Family 23 Model 24 Stepping 1, AuthenticAMD



---------------  S Y S T E M  ---------------

OS: Windows 10 , 64 bit Build 19041 (10.0.19041.1348)
OS uptime: 18 days 22:57 hours
Hyper-V role detected

CPU:total 8 (initial active 8) (8 cores per cpu, 2 threads per core) family 23 model 24 stepping 1 microcode 0x0, cmov, cx8, fxsr, mmx, sse, sse2, sse3, ssse3, sse4.1, sse4.2, popcnt, avx, avx2, aes, clmul, mmxext, 3dnowpref, lzcnt, sse4a, ht, tsc, tscinvbit, tscinv, bmi1, bmi2, adx, s

Memory: 4k page, system-wide physical 6058M (935M free)
TotalPageFile size 24490M (AvailPageFile size 5M)
current process WorkingSet (physical memory assigned to process): 336M, peak: 338M
current process commit charge ("private bytes"): 372M, peak: 374M

vm_info: OpenJDK 64-Bit Server VM (11.0.10+0-b96-7249189) for windows-amd64 JRE (11.0.10+0-b96-7249189), built on Mar 31 2021 21:44:00 by "builder" with MS VC++ 14.0 (VS2015)

END.
