#
# There is insufficient memory for the Java Runtime Environment to continue.
# Native memory allocation (mmap) failed to map 311427072 bytes for Failed to commit area from 0x0000000092900000 to 0x00000000a5200000 of length 311427072.
# Possible reasons:
#   The system is out of physical RAM or swap space
#   The process is running with CompressedOops enabled, and the Java Heap may be blocking the growth of the native heap
# Possible solutions:
#   Reduce memory load on the system
#   Increase physical memory or swap space
#   Check if swap backing store is full
#   Decrease Java heap size (-Xmx/-Xms)
#   Decrease number of Java threads
#   Decrease Java thread stack sizes (-Xss)
#   Set larger code cache with -XX:ReservedCodeCacheSize=
#   JVM is running with Unscaled Compressed Oops mode in which the Java heap is
#     placed in the first 4GB address space. The Java Heap base address is the
#     maximum limit for the native heap growth. Please use -XX:HeapBaseMinAddress
#     to set the Java Heap base and to place the Java Heap above 4GB virtual address.
# This output file may be truncated or incomplete.
#
#  Out of Memory Error (./src/hotspot/os/windows/os_windows.cpp:3301), pid=1384, tid=21980
#
# JRE version: OpenJDK Runtime Environment (11.0.10) (build 11.0.10+0-b96-7249189)
# Java VM: OpenJDK 64-Bit Server VM (11.0.10+0-b96-7249189, mixed mode, tiered, compressed oops, g1 gc, windows-amd64)
# No core dump will be written. Minidumps are not enabled by default on client versions of Windows
#

---------------  S U M M A R Y ------------

Command Line: --add-opens=java.base/java.util=ALL-UNNAMED --add-opens=java.base/java.lang=ALL-UNNAMED --add-opens=java.base/java.lang.invoke=ALL-UNNAMED --add-opens=java.base/java.util=ALL-UNNAMED --add-opens=java.prefs/java.util.prefs=ALL-UNNAMED --add-opens=java.prefs/java.util.prefs=ALL-UNNAMED --add-opens=java.base/java.nio.charset=ALL-UNNAMED --add-opens=java.base/java.net=ALL-UNNAMED --add-opens=java.base/java.util.concurrent.atomic=ALL-UNNAMED -Xmx2048m -Dfile.encoding=UTF-8 -Duser.country=IN -Duser.language=en -Duser.variant org.gradle.launcher.daemon.bootstrap.GradleDaemon 7.0.2

Host: AMD Ryzen 5 3500U with Radeon Vega Mobile Gfx  , 8 cores, 5G,  Windows 10 , 64 bit Build 19041 (10.0.19041.1348)
Time: Tue Nov 30 11:50:11 2021 India Standard Time elapsed time: 16.707638 seconds (0d 0h 0m 16s)

---------------  T H R E A D  ---------------

Current thread (0x000001931e62e800):  VMThread "VM Thread" [stack: 0x0000001f66000000,0x0000001f66100000] [id=21980]

Stack: [0x0000001f66000000,0x0000001f66100000]
[error occurred during error reporting (printing stack bounds), id 0xc0000005, EXCEPTION_ACCESS_VIOLATION (0xc0000005) at pc=0x00000193074f0f2d]

Native frames: (J=compiled Java code, j=interpreted, Vv=VM code, C=native code)
V  [jvm.dll+0x5ecfaa]
V  [jvm.dll+0x722bd5]
V  [jvm.dll+0x72412d]
V  [jvm.dll+0x724745]
V  [jvm.dll+0x7246fb]
V  [jvm.dll+0x5ec348]
V  [jvm.dll+0x5ecad8]
C  [ntdll.dll+0xa20cf]
C  [ntdll.dll+0x51454]
C  [ntdll.dll+0xa0bfe]
C  0x00000193074f0f2d

VM_Operation (0x0000001f693f8cf0): G1CollectForAllocation, mode: safepoint, requested by thread 0x0000019322e1e800


---------------  P R O C E S S  ---------------

Threads class SMR info:
_java_thread_list=0x0000019321b34cf0, length=64, elements={
0x00000193021ff800, 0x000001931e633800, 0x000001931e63d800, 0x000001931efc3000,
0x000001931e64e800, 0x000001931e650800, 0x000001931e656000, 0x000001931e65b000,
0x000001931e662000, 0x000001931f112000, 0x0000019321bd1800, 0x00000193214ed000,
0x00000193214ee800, 0x00000193214f0800, 0x00000193214ef800, 0x00000193214ea800,
0x00000193214f1000, 0x00000193214ec000, 0x00000193214eb800, 0x00000193214ee000,
0x0000019321a6f000, 0x0000019321a70800, 0x0000019321a71800, 0x0000019321a70000,
0x0000019321a72800, 0x0000019321a73000, 0x0000019321a6e000, 0x0000019321a6d800,
0x0000019321a76800, 0x0000019321a79800, 0x0000019321a77000, 0x0000019321a7a800,
0x0000019321a78000, 0x0000019321a74800, 0x0000019321a7b800, 0x0000019321a7c000,
0x0000019322e21800, 0x0000019322e21000, 0x0000019322e1c800, 0x0000019322e1d800,
0x0000019322e22800, 0x0000019322e1e800, 0x0000019322e1f000, 0x0000019322e25000,
0x0000019322e23800, 0x0000019322e24000, 0x0000019322e20000, 0x0000019322e25800,
0x0000019322e26800, 0x0000019322e28000, 0x0000019322e29000, 0x0000019322e2a800,
0x0000019322e2b800, 0x000001932668b000, 0x0000019326689000, 0x000001932668f800,
0x000001932668b800, 0x000001932668e000, 0x000001932668a000, 0x0000019326691800,
0x000001932668d800, 0x00000193222af800, 0x0000019326692000, 0x000001932668c800
}

Java Threads: ( => current thread )
  0x00000193021ff800 JavaThread "main" [_thread_blocked, id=29176, stack(0x0000001f65a00000,0x0000001f65b00000)]
  0x000001931e633800 JavaThread "Reference Handler" daemon [_thread_blocked, id=25844, stack(0x0000001f66100000,0x0000001f66200000)]
  0x000001931e63d800 JavaThread "Finalizer" daemon [_thread_blocked, id=31776, stack(0x0000001f66200000,0x0000001f66300000)]
  0x000001931efc3000 JavaThread "Signal Dispatcher" daemon [_thread_blocked, id=22680, stack(0x0000001f66300000,0x0000001f66400000)]
  0x000001931e64e800 JavaThread "Attach Listener" daemon [_thread_blocked, id=32552, stack(0x0000001f66400000,0x0000001f66500000)]
  0x000001931e650800 JavaThread "Service Thread" daemon [_thread_blocked, id=8480, stack(0x0000001f66500000,0x0000001f66600000)]
  0x000001931e656000 JavaThread "C2 CompilerThread0" daemon [_thread_blocked, id=8240, stack(0x0000001f66600000,0x0000001f66700000)]
  0x000001931e65b000 JavaThread "C1 CompilerThread0" daemon [_thread_blocked, id=3252, stack(0x0000001f66700000,0x0000001f66800000)]
  0x000001931e662000 JavaThread "Sweeper thread" daemon [_thread_blocked, id=13828, stack(0x0000001f66800000,0x0000001f66900000)]
  0x000001931f112000 JavaThread "Common-Cleaner" daemon [_thread_blocked, id=17904, stack(0x0000001f66900000,0x0000001f66a00000)]
  0x0000019321bd1800 JavaThread "Daemon health stats" [_thread_blocked, id=25472, stack(0x0000001f66e00000,0x0000001f66f00000)]
  0x00000193214ed000 JavaThread "Incoming local TCP Connector on port 53265" [_thread_in_native, id=22812, stack(0x0000001f66d00000,0x0000001f66e00000)]
  0x00000193214ee800 JavaThread "Daemon periodic checks" [_thread_blocked, id=25548, stack(0x0000001f67100000,0x0000001f67200000)]
  0x00000193214f0800 JavaThread "Daemon" [_thread_blocked, id=3752, stack(0x0000001f67200000,0x0000001f67300000)]
  0x00000193214ef800 JavaThread "Handler for socket connection from /127.0.0.1:53265 to /127.0.0.1:53266" [_thread_in_native, id=28936, stack(0x0000001f67300000,0x0000001f67400000)]
  0x00000193214ea800 JavaThread "Cancel handler" [_thread_blocked, id=9688, stack(0x0000001f67400000,0x0000001f67500000)]
  0x00000193214f1000 JavaThread "Daemon worker" [_thread_blocked, id=26428, stack(0x0000001f67500000,0x0000001f67600000)]
  0x00000193214ec000 JavaThread "Asynchronous log dispatcher for DefaultDaemonConnection: socket connection from /127.0.0.1:53265 to /127.0.0.1:53266" [_thread_blocked, id=20608, stack(0x0000001f67600000,0x0000001f67700000)]
  0x00000193214eb800 JavaThread "Stdin handler" [_thread_blocked, id=29648, stack(0x0000001f67700000,0x0000001f67800000)]
  0x00000193214ee000 JavaThread "Daemon client event forwarder" [_thread_blocked, id=23076, stack(0x0000001f67800000,0x0000001f67900000)]
  0x0000019321a6f000 JavaThread "Cache worker for file hash cache (C:\Users\souvik dey\.gradle\caches\7.0.2\fileHashes)" [_thread_blocked, id=15140, stack(0x0000001f66b00000,0x0000001f66c00000)]
  0x0000019321a70800 JavaThread "File lock request listener" [_thread_in_native, id=25004, stack(0x0000001f67900000,0x0000001f67a00000)]
  0x0000019321a71800 JavaThread "Cache worker for journal cache (C:\Users\souvik dey\.gradle\caches\journal-1)" [_thread_blocked, id=30292, stack(0x0000001f67f00000,0x0000001f68000000)]
  0x0000019321a70000 JavaThread "Cache worker for file hash cache (E:\my programming\android projects\EasyDRAW\.gradle\7.0.2\fileHashes)" [_thread_blocked, id=21944, stack(0x0000001f68100000,0x0000001f68200000)]
  0x0000019321a72800 JavaThread "File watcher server" daemon [_thread_blocked, id=25108, stack(0x0000001f68200000,0x0000001f68300000)]
  0x0000019321a73000 JavaThread "File watcher consumer" daemon [_thread_blocked, id=22272, stack(0x0000001f68300000,0x0000001f68400000)]
  0x0000019321a6e000 JavaThread "Cache worker for checksums cache (E:\my programming\android projects\EasyDRAW\.gradle\checksums)" [_thread_blocked, id=28304, stack(0x0000001f68400000,0x0000001f68500000)]
  0x0000019321a6d800 JavaThread "Cache worker for cache directory md-supplier (C:\Users\souvik dey\.gradle\caches\7.0.2\md-supplier)" [_thread_blocked, id=27952, stack(0x0000001f68500000,0x0000001f68600000)]
  0x0000019321a76800 JavaThread "Cache worker for cache directory md-rule (C:\Users\souvik dey\.gradle\caches\7.0.2\md-rule)" [_thread_blocked, id=30032, stack(0x0000001f68600000,0x0000001f68700000)]
  0x0000019321a79800 JavaThread "Cache worker for execution history cache (C:\Users\souvik dey\.gradle\caches\7.0.2\executionHistory)" [_thread_blocked, id=25404, stack(0x0000001f68700000,0x0000001f68800000)]
  0x0000019321a77000 JavaThread "jar transforms" [_thread_blocked, id=2340, stack(0x0000001f68800000,0x0000001f68900000)]
  0x0000019321a7a800 JavaThread "jar transforms Thread 2" [_thread_blocked, id=30220, stack(0x0000001f68900000,0x0000001f68a00000)]
  0x0000019321a78000 JavaThread "Cache worker for file content cache (C:\Users\souvik dey\.gradle\caches\7.0.2\fileContent)" [_thread_blocked, id=29948, stack(0x0000001f68a00000,0x0000001f68b00000)]
  0x0000019321a74800 JavaThread "Cache worker for dependencies-accessors (E:\my programming\android projects\EasyDRAW\.gradle\7.0.2\dependencies-accessors)" [_thread_blocked, id=29264, stack(0x0000001f68b00000,0x0000001f68c00000)]
  0x0000019321a7b800 JavaThread "jar transforms Thread 3" [_thread_blocked, id=2488, stack(0x0000001f68c00000,0x0000001f68d00000)]
  0x0000019321a7c000 JavaThread "Cache worker for Build Output Cleanup Cache (E:\my programming\android projects\EasyDRAW\.gradle\buildOutputCleanup)" [_thread_blocked, id=30124, stack(0x0000001f68d00000,0x0000001f68e00000)]
  0x0000019322e21800 JavaThread "Build operations" [_thread_blocked, id=26768, stack(0x0000001f68e00000,0x0000001f68f00000)]
  0x0000019322e21000 JavaThread "Build operations Thread 2" [_thread_blocked, id=29380, stack(0x0000001f68f00000,0x0000001f69000000)]
  0x0000019322e1c800 JavaThread "Build operations Thread 3" [_thread_blocked, id=28380, stack(0x0000001f69000000,0x0000001f69100000)]
  0x0000019322e1d800 JavaThread "Build operations Thread 4" [_thread_blocked, id=30160, stack(0x0000001f69100000,0x0000001f69200000)]
  0x0000019322e22800 JavaThread "Build operations Thread 5" [_thread_blocked, id=29880, stack(0x0000001f69200000,0x0000001f69300000)]
  0x0000019322e1e800 JavaThread "Build operations Thread 6" [_thread_blocked, id=17460, stack(0x0000001f69300000,0x0000001f69400000)]
  0x0000019322e1f000 JavaThread "Build operations Thread 7" [_thread_blocked, id=8464, stack(0x0000001f69400000,0x0000001f69500000)]
  0x0000019322e25000 JavaThread "Build operations Thread 8" [_thread_blocked, id=29896, stack(0x0000001f69500000,0x0000001f69600000)]
  0x0000019322e23800 JavaThread "jar transforms Thread 4" [_thread_blocked, id=9420, stack(0x0000001f69600000,0x0000001f69700000)]
  0x0000019322e24000 JavaThread "jar transforms Thread 5" [_thread_blocked, id=28336, stack(0x0000001f69700000,0x0000001f69800000)]
  0x0000019322e20000 JavaThread "jar transforms Thread 6" [_thread_blocked, id=25588, stack(0x0000001f69800000,0x0000001f69900000)]
  0x0000019322e25800 JavaThread "jar transforms Thread 7" [_thread_blocked, id=23816, stack(0x0000001f69900000,0x0000001f69a00000)]
  0x0000019322e26800 JavaThread "jar transforms Thread 8" [_thread_blocked, id=30016, stack(0x0000001f69a00000,0x0000001f69b00000)]
  0x0000019322e28000 JavaThread "Memory manager" [_thread_blocked, id=13944, stack(0x0000001f69b00000,0x0000001f69c00000)]
  0x0000019322e29000 JavaThread "build event listener" [_thread_blocked, id=19628, stack(0x0000001f69c00000,0x0000001f69d00000)]
  0x0000019322e2a800 JavaThread "pool-3-thread-1" [_thread_blocked, id=9800, stack(0x0000001f69d00000,0x0000001f69e00000)]
  0x0000019322e2b800 JavaThread "build event listener" [_thread_blocked, id=27828, stack(0x0000001f69e00000,0x0000001f69f00000)]
  0x000001932668b000 JavaThread "Execution worker for ':'" [_thread_blocked, id=28712, stack(0x0000001f69f00000,0x0000001f6a000000)]
  0x0000019326689000 JavaThread "Execution worker for ':' Thread 2" [_thread_blocked, id=27100, stack(0x0000001f6a000000,0x0000001f6a100000)]
  0x000001932668f800 JavaThread "Execution worker for ':' Thread 3" [_thread_blocked, id=19468, stack(0x0000001f6a100000,0x0000001f6a200000)]
  0x000001932668b800 JavaThread "Execution worker for ':' Thread 4" [_thread_blocked, id=27064, stack(0x0000001f6a200000,0x0000001f6a300000)]
  0x000001932668e000 JavaThread "Execution worker for ':' Thread 5" [_thread_blocked, id=21328, stack(0x0000001f6a300000,0x0000001f6a400000)]
  0x000001932668a000 JavaThread "Execution worker for ':' Thread 6" [_thread_blocked, id=10868, stack(0x0000001f6a400000,0x0000001f6a500000)]
  0x0000019326691800 JavaThread "Execution worker for ':' Thread 7" [_thread_blocked, id=27812, stack(0x0000001f6a500000,0x0000001f6a600000)]
  0x000001932668d800 JavaThread "Cache worker for execution history cache (E:\my programming\android projects\EasyDRAW\.gradle\7.0.2\executionHistory)" [_thread_blocked, id=18264, stack(0x0000001f6a600000,0x0000001f6a700000)]
  0x00000193222af800 JavaThread "C2 CompilerThread1" daemon [_thread_in_native, id=30528, stack(0x0000001f68000000,0x0000001f68100000)]
  0x0000019326692000 JavaThread "WorkerExecutor Queue" [_thread_blocked, id=26664, stack(0x0000001f6aa00000,0x0000001f6ab00000)]
  0x000001932668c800 JavaThread "WorkerExecutor Queue Thread 2" [_thread_blocked, id=9512, stack(0x0000001f6ab00000,0x0000001f6ac00000)]

Other Threads:
=>0x000001931e62e800 VMThread "VM Thread" [stack: 0x0000001f66000000,0x0000001f66100000] [id=21980]
  0x000001931f133800 WatcherThread [stack: 0x0000001f66a00000,0x0000001f66b00000] [id=9672]
  0x00000193020ed800 GCTaskThread "GC Thread#0" [stack: 0x0000001f65b00000,0x0000001f65c00000] [id=31972]
  0x000001931fcc7000 GCTaskThread "GC Thread#1" [stack: 0x0000001f66c00000,0x0000001f66d00000] [id=28888]
  0x00000193206be800 GCTaskThread "GC Thread#2" [stack: 0x0000001f66f00000,0x0000001f67000000] [id=25876]
  0x0000019320fef800 GCTaskThread "GC Thread#3" [stack: 0x0000001f67000000,0x0000001f67100000] [id=28912]
  0x000001932198c800 GCTaskThread "GC Thread#4" [stack: 0x0000001f67a00000,0x0000001f67b00000] [id=31140]
  0x0000019320af9000 GCTaskThread "GC Thread#5" [stack: 0x0000001f67b00000,0x0000001f67c00000] [id=7472]
  0x0000019320dba000 GCTaskThread "GC Thread#6" [stack: 0x0000001f67c00000,0x0000001f67d00000] [id=20496]
  0x0000019321c70000 GCTaskThread "GC Thread#7" [stack: 0x0000001f67d00000,0x0000001f67e00000] [id=15196]
  0x0000019302244800 ConcurrentGCThread "G1 Main Marker" [stack: 0x0000001f65c00000,0x0000001f65d00000] [id=27600]
  0x0000019302246000 ConcurrentGCThread "G1 Conc#0" [stack: 0x0000001f65d00000,0x0000001f65e00000] [id=26084]
  0x0000019321c02000 ConcurrentGCThread "G1 Conc#1" [stack: 0x0000001f67e00000,0x0000001f67f00000] [id=26328]
  0x00000193022cb800 ConcurrentGCThread "G1 Refine#0" [stack: 0x0000001f65e00000,0x0000001f65f00000] [id=30252]
  0x0000019324a79000 ConcurrentGCThread "G1 Refine#1" [stack: 0x0000001f6a700000,0x0000001f6a800000] [id=18936]
  0x0000019322178800 ConcurrentGCThread "G1 Refine#2" [stack: 0x0000001f6a800000,0x0000001f6a900000] [id=12796]
  0x0000019322bc4000 ConcurrentGCThread "G1 Refine#3" [stack: 0x0000001f6a900000,0x0000001f6aa00000] [id=27788]
  0x00000193022cc800 ConcurrentGCThread "G1 Young RemSet Sampling" [stack: 0x0000001f65f00000,0x0000001f66000000] [id=32108]

Threads with active compile tasks:
C2 CompilerThread0  16731 11413       4       com.android.tools.r8.internal.U6::a (6044 bytes)
C2 CompilerThread1  16731 11264       4       com.android.tools.r8.graph.B0$d::<init> (207 bytes)

VM state:at safepoint (normal execution)

VM Mutex/Monitor currently owned by a thread:  ([mutex/lock_event])
[0x00000193021fcbd0] Threads_lock - owner thread: 0x000001931e62e800
[0x00000193021fc870] Heap_lock - owner thread: 0x0000019322e1e800

Heap address: 0x0000000080000000, size: 2048 MB, Compressed Oops mode: 32-bit
Narrow klass base: 0x0000000000000000, Narrow klass shift: 3
Compressed class space size: 1073741824 Address: 0x0000000100000000

Heap:
 garbage-first heap   total 608256K, used 186356K [0x0000000080000000, 0x0000000100000000)
  region size 1024K, 8 young (8192K), 8 survivors (8192K)
 Metaspace       used 100266K, capacity 102645K, committed 102732K, reserved 1138688K
  class space    used 12968K, capacity 13854K, committed 13900K, reserved 1048576K
Heap Regions: E=young(eden), S=young(survivor), O=old, HS=humongous(starts), HC=humongous(continues), CS=collection set, F=free, A=archive, TAMS=top-at-mark-start (previous, next)
|   0|0x0000000080000000, 0x0000000080100000, 0x0000000080100000|100%| O|  |TAMS 0x0000000080100000, 0x0000000080000000| Untracked 
|   1|0x0000000080100000, 0x0000000080200000, 0x0000000080200000|100%| O|  |TAMS 0x0000000080200000, 0x0000000080100000| Untracked 
|   2|0x0000000080200000, 0x0000000080300000, 0x0000000080300000|100%| O|  |TAMS 0x0000000080300000, 0x0000000080200000| Untracked 
|   3|0x0000000080300000, 0x0000000080400000, 0x0000000080400000|100%|HS|  |TAMS 0x0000000080400000, 0x0000000080300000| Complete 
|   4|0x0000000080400000, 0x0000000080500000, 0x0000000080500000|100%|HC|  |TAMS 0x0000000080500000, 0x0000000080400000| Complete 
|   5|0x0000000080500000, 0x0000000080600000, 0x0000000080600000|100%|HC|  |TAMS 0x0000000080600000, 0x0000000080500000| Complete 
|   6|0x0000000080600000, 0x0000000080700000, 0x0000000080700000|100%| O|  |TAMS 0x0000000080700000, 0x0000000080600000| Untracked 
|   7|0x0000000080700000, 0x0000000080800000, 0x0000000080800000|100%| O|  |TAMS 0x0000000080800000, 0x0000000080700000| Untracked 
|   8|0x0000000080800000, 0x0000000080900000, 0x0000000080900000|100%| O|  |TAMS 0x0000000080900000, 0x0000000080800000| Untracked 
|   9|0x0000000080900000, 0x0000000080a00000, 0x0000000080a00000|100%| O|  |TAMS 0x0000000080a00000, 0x0000000080900000| Untracked 
|  10|0x0000000080a00000, 0x0000000080b00000, 0x0000000080b00000|100%| O|  |TAMS 0x0000000080b00000, 0x0000000080a00000| Untracked 
|  11|0x0000000080b00000, 0x0000000080c00000, 0x0000000080c00000|100%| O|  |TAMS 0x0000000080c00000, 0x0000000080b00000| Untracked 
|  12|0x0000000080c00000, 0x0000000080d00000, 0x0000000080d00000|100%| O|  |TAMS 0x0000000080d00000, 0x0000000080c00000| Untracked 
|  13|0x0000000080d00000, 0x0000000080e00000, 0x0000000080e00000|100%| O|  |TAMS 0x0000000080e00000, 0x0000000080d00000| Untracked 
|  14|0x0000000080e00000, 0x0000000080f00000, 0x0000000080f00000|100%| O|  |TAMS 0x0000000080f00000, 0x0000000080e00000| Untracked 
|  15|0x0000000080f00000, 0x0000000081000000, 0x0000000081000000|100%| O|  |TAMS 0x0000000081000000, 0x0000000080f00000| Untracked 
|  16|0x0000000081000000, 0x0000000081100000, 0x0000000081100000|100%| O|  |TAMS 0x0000000081100000, 0x0000000081000000| Untracked 
|  17|0x0000000081100000, 0x0000000081200000, 0x0000000081200000|100%| O|  |TAMS 0x0000000081200000, 0x0000000081100000| Untracked 
|  18|0x0000000081200000, 0x0000000081300000, 0x0000000081300000|100%| O|  |TAMS 0x0000000081300000, 0x0000000081200000| Untracked 
|  19|0x0000000081300000, 0x0000000081400000, 0x0000000081400000|100%| O|  |TAMS 0x0000000081400000, 0x0000000081300000| Untracked 
|  20|0x0000000081400000, 0x0000000081500000, 0x0000000081500000|100%| O|  |TAMS 0x0000000081500000, 0x0000000081400000| Untracked 
|  21|0x0000000081500000, 0x0000000081600000, 0x0000000081600000|100%| O|  |TAMS 0x0000000081600000, 0x0000000081500000| Untracked 
|  22|0x0000000081600000, 0x0000000081700000, 0x0000000081700000|100%| O|  |TAMS 0x0000000081700000, 0x0000000081600000| Untracked 
|  23|0x0000000081700000, 0x0000000081800000, 0x0000000081800000|100%| O|  |TAMS 0x0000000081800000, 0x0000000081700000| Untracked 
|  24|0x0000000081800000, 0x0000000081900000, 0x0000000081900000|100%| O|  |TAMS 0x0000000081900000, 0x0000000081800000| Untracked 
|  25|0x0000000081900000, 0x0000000081a00000, 0x0000000081a00000|100%| O|  |TAMS 0x0000000081a00000, 0x0000000081900000| Untracked 
|  26|0x0000000081a00000, 0x0000000081b00000, 0x0000000081b00000|100%|HS|  |TAMS 0x0000000081b00000, 0x0000000081a00000| Complete 
|  27|0x0000000081b00000, 0x0000000081c00000, 0x0000000081c00000|100%|HS|  |TAMS 0x0000000081c00000, 0x0000000081b00000| Complete 
|  28|0x0000000081c00000, 0x0000000081d00000, 0x0000000081d00000|100%|HS|  |TAMS 0x0000000081d00000, 0x0000000081c00000| Complete 
|  29|0x0000000081d00000, 0x0000000081e00000, 0x0000000081e00000|100%|HS|  |TAMS 0x0000000081e00000, 0x0000000081d00000| Complete 
|  30|0x0000000081e00000, 0x0000000081f00000, 0x0000000081f00000|100%|HC|  |TAMS 0x0000000081f00000, 0x0000000081e00000| Complete 
|  31|0x0000000081f00000, 0x0000000082000000, 0x0000000082000000|100%|HC|  |TAMS 0x0000000082000000, 0x0000000081f00000| Complete 
|  32|0x0000000082000000, 0x0000000082100000, 0x0000000082100000|100%|HS|  |TAMS 0x0000000082100000, 0x0000000082000000| Complete 
|  33|0x0000000082100000, 0x0000000082200000, 0x0000000082200000|100%|HC|  |TAMS 0x0000000082200000, 0x0000000082100000| Complete 
|  34|0x0000000082200000, 0x0000000082300000, 0x0000000082300000|100%| O|  |TAMS 0x0000000082300000, 0x0000000082200000| Untracked 
|  35|0x0000000082300000, 0x0000000082400000, 0x0000000082400000|100%| O|  |TAMS 0x0000000082400000, 0x0000000082300000| Untracked 
|  36|0x0000000082400000, 0x0000000082500000, 0x0000000082500000|100%| O|  |TAMS 0x0000000082500000, 0x0000000082400000| Untracked 
|  37|0x0000000082500000, 0x0000000082600000, 0x0000000082600000|100%| O|  |TAMS 0x0000000082600000, 0x0000000082500000| Untracked 
|  38|0x0000000082600000, 0x0000000082700000, 0x0000000082700000|100%| O|  |TAMS 0x0000000082700000, 0x0000000082600000| Untracked 
|  39|0x0000000082700000, 0x0000000082800000, 0x0000000082800000|100%| O|  |TAMS 0x0000000082800000, 0x0000000082700000| Untracked 
|  40|0x0000000082800000, 0x0000000082900000, 0x0000000082900000|100%| O|  |TAMS 0x0000000082900000, 0x0000000082800000| Untracked 
|  41|0x0000000082900000, 0x0000000082a00000, 0x0000000082a00000|100%| O|  |TAMS 0x0000000082a00000, 0x0000000082900000| Untracked 
|  42|0x0000000082a00000, 0x0000000082b00000, 0x0000000082b00000|100%| O|  |TAMS 0x0000000082b00000, 0x0000000082a00000| Untracked 
|  43|0x0000000082b00000, 0x0000000082c00000, 0x0000000082c00000|100%| O|  |TAMS 0x0000000082c00000, 0x0000000082b00000| Untracked 
|  44|0x0000000082c00000, 0x0000000082d00000, 0x0000000082d00000|100%| O|  |TAMS 0x0000000082d00000, 0x0000000082c00000| Untracked 
|  45|0x0000000082d00000, 0x0000000082e00000, 0x0000000082e00000|100%| O|  |TAMS 0x0000000082e00000, 0x0000000082d00000| Untracked 
|  46|0x0000000082e00000, 0x0000000082f00000, 0x0000000082f00000|100%| O|  |TAMS 0x0000000082f00000, 0x0000000082e00000| Untracked 
|  47|0x0000000082f00000, 0x0000000083000000, 0x0000000083000000|100%| O|  |TAMS 0x0000000083000000, 0x0000000082f00000| Untracked 
|  48|0x0000000083000000, 0x0000000083100000, 0x0000000083100000|100%| O|  |TAMS 0x0000000083100000, 0x0000000083000000| Untracked 
|  49|0x0000000083100000, 0x0000000083200000, 0x0000000083200000|100%| O|  |TAMS 0x0000000083200000, 0x0000000083100000| Untracked 
|  50|0x0000000083200000, 0x0000000083300000, 0x0000000083300000|100%| O|  |TAMS 0x0000000083300000, 0x0000000083200000| Untracked 
|  51|0x0000000083300000, 0x0000000083400000, 0x0000000083400000|100%| O|  |TAMS 0x0000000083400000, 0x0000000083300000| Untracked 
|  52|0x0000000083400000, 0x0000000083500000, 0x0000000083500000|100%| O|  |TAMS 0x0000000083500000, 0x0000000083400000| Untracked 
|  53|0x0000000083500000, 0x0000000083600000, 0x0000000083600000|100%| O|  |TAMS 0x0000000083600000, 0x0000000083500000| Untracked 
|  54|0x0000000083600000, 0x0000000083700000, 0x0000000083700000|100%| O|  |TAMS 0x0000000083700000, 0x0000000083600000| Untracked 
|  55|0x0000000083700000, 0x0000000083800000, 0x0000000083800000|100%| O|  |TAMS 0x0000000083800000, 0x0000000083700000| Untracked 
|  56|0x0000000083800000, 0x0000000083900000, 0x0000000083900000|100%| O|  |TAMS 0x0000000083900000, 0x0000000083800000| Untracked 
|  57|0x0000000083900000, 0x0000000083a00000, 0x0000000083a00000|100%| O|  |TAMS 0x0000000083a00000, 0x0000000083900000| Untracked 
|  58|0x0000000083a00000, 0x0000000083b00000, 0x0000000083b00000|100%| O|  |TAMS 0x0000000083b00000, 0x0000000083a00000| Untracked 
|  59|0x0000000083b00000, 0x0000000083c00000, 0x0000000083c00000|100%| O|  |TAMS 0x0000000083c00000, 0x0000000083b00000| Untracked 
|  60|0x0000000083c00000, 0x0000000083d00000, 0x0000000083d00000|100%| O|  |TAMS 0x0000000083d00000, 0x0000000083c00000| Untracked 
|  61|0x0000000083d00000, 0x0000000083e00000, 0x0000000083e00000|100%| O|  |TAMS 0x0000000083e00000, 0x0000000083d00000| Untracked 
|  62|0x0000000083e00000, 0x0000000083f00000, 0x0000000083f00000|100%| O|  |TAMS 0x0000000083f00000, 0x0000000083e00000| Untracked 
|  63|0x0000000083f00000, 0x0000000084000000, 0x0000000084000000|100%| O|  |TAMS 0x0000000084000000, 0x0000000083f00000| Untracked 
|  64|0x0000000084000000, 0x0000000084100000, 0x0000000084100000|100%| O|  |TAMS 0x0000000084100000, 0x0000000084000000| Untracked 
|  65|0x0000000084100000, 0x0000000084200000, 0x0000000084200000|100%| O|  |TAMS 0x0000000084200000, 0x0000000084100000| Untracked 
|  66|0x0000000084200000, 0x0000000084300000, 0x0000000084300000|100%| O|  |TAMS 0x0000000084300000, 0x0000000084200000| Untracked 
|  67|0x0000000084300000, 0x0000000084400000, 0x0000000084400000|100%| O|  |TAMS 0x0000000084400000, 0x0000000084300000| Untracked 
|  68|0x0000000084400000, 0x0000000084500000, 0x0000000084500000|100%| O|  |TAMS 0x0000000084500000, 0x0000000084400000| Untracked 
|  69|0x0000000084500000, 0x0000000084600000, 0x0000000084600000|100%| O|  |TAMS 0x0000000084600000, 0x0000000084500000| Untracked 
|  70|0x0000000084600000, 0x0000000084700000, 0x0000000084700000|100%| O|  |TAMS 0x0000000084700000, 0x0000000084600000| Untracked 
|  71|0x0000000084700000, 0x0000000084800000, 0x0000000084800000|100%| O|  |TAMS 0x0000000084800000, 0x0000000084700000| Untracked 
|  72|0x0000000084800000, 0x0000000084900000, 0x0000000084900000|100%| O|  |TAMS 0x0000000084900000, 0x0000000084800000| Untracked 
|  73|0x0000000084900000, 0x0000000084a00000, 0x0000000084a00000|100%| O|  |TAMS 0x0000000084a00000, 0x0000000084900000| Untracked 
|  74|0x0000000084a00000, 0x0000000084b00000, 0x0000000084b00000|100%| O|  |TAMS 0x0000000084b00000, 0x0000000084a00000| Untracked 
|  75|0x0000000084b00000, 0x0000000084c00000, 0x0000000084c00000|100%| O|  |TAMS 0x0000000084c00000, 0x0000000084b00000| Untracked 
|  76|0x0000000084c00000, 0x0000000084d00000, 0x0000000084d00000|100%| O|  |TAMS 0x0000000084d00000, 0x0000000084c00000| Untracked 
|  77|0x0000000084d00000, 0x0000000084e00000, 0x0000000084e00000|100%| O|  |TAMS 0x0000000084e00000, 0x0000000084d00000| Untracked 
|  78|0x0000000084e00000, 0x0000000084f00000, 0x0000000084f00000|100%| O|  |TAMS 0x0000000084f00000, 0x0000000084e00000| Untracked 
|  79|0x0000000084f00000, 0x0000000085000000, 0x0000000085000000|100%| O|  |TAMS 0x0000000085000000, 0x0000000084f00000| Untracked 
|  80|0x0000000085000000, 0x0000000085100000, 0x0000000085100000|100%| O|  |TAMS 0x0000000085100000, 0x0000000085000000| Untracked 
|  81|0x0000000085100000, 0x0000000085200000, 0x0000000085200000|100%| O|  |TAMS 0x0000000085200000, 0x0000000085100000| Untracked 
|  82|0x0000000085200000, 0x0000000085300000, 0x0000000085300000|100%| O|  |TAMS 0x0000000085300000, 0x0000000085200000| Untracked 
|  83|0x0000000085300000, 0x0000000085400000, 0x0000000085400000|100%| O|  |TAMS 0x0000000085400000, 0x0000000085300000| Untracked 
|  84|0x0000000085400000, 0x0000000085500000, 0x0000000085500000|100%| O|  |TAMS 0x0000000085500000, 0x0000000085400000| Untracked 
|  85|0x0000000085500000, 0x0000000085600000, 0x0000000085600000|100%| O|  |TAMS 0x0000000085600000, 0x0000000085500000| Untracked 
|  86|0x0000000085600000, 0x0000000085700000, 0x0000000085700000|100%| O|  |TAMS 0x0000000085700000, 0x0000000085600000| Untracked 
|  87|0x0000000085700000, 0x0000000085800000, 0x0000000085800000|100%| O|  |TAMS 0x0000000085800000, 0x0000000085700000| Untracked 
|  88|0x0000000085800000, 0x0000000085900000, 0x0000000085900000|100%| O|  |TAMS 0x0000000085900000, 0x0000000085800000| Untracked 
|  89|0x0000000085900000, 0x0000000085a00000, 0x0000000085a00000|100%|HS|  |TAMS 0x0000000085a00000, 0x0000000085900000| Complete 
|  90|0x0000000085a00000, 0x0000000085b00000, 0x0000000085b00000|100%|HC|  |TAMS 0x0000000085b00000, 0x0000000085a00000| Complete 
|  91|0x0000000085b00000, 0x0000000085c00000, 0x0000000085c00000|100%| O|  |TAMS 0x0000000085c00000, 0x0000000085b00000| Untracked 
|  92|0x0000000085c00000, 0x0000000085d00000, 0x0000000085d00000|100%| O|  |TAMS 0x0000000085d00000, 0x0000000085c00000| Untracked 
|  93|0x0000000085d00000, 0x0000000085e00000, 0x0000000085e00000|100%| O|  |TAMS 0x0000000085e00000, 0x0000000085d00000| Untracked 
|  94|0x0000000085e00000, 0x0000000085f00000, 0x0000000085f00000|100%|HS|  |TAMS 0x0000000085f00000, 0x0000000085e00000| Complete 
|  95|0x0000000085f00000, 0x0000000086000000, 0x0000000086000000|100%| O|  |TAMS 0x0000000086000000, 0x0000000085f00000| Untracked 
|  96|0x0000000086000000, 0x0000000086100000, 0x0000000086100000|100%| O|  |TAMS 0x0000000086100000, 0x0000000086000000| Untracked 
|  97|0x0000000086100000, 0x0000000086200000, 0x0000000086200000|100%| O|  |TAMS 0x0000000086200000, 0x0000000086100000| Untracked 
|  98|0x0000000086200000, 0x0000000086300000, 0x0000000086300000|100%| O|  |TAMS 0x0000000086300000, 0x0000000086200000| Untracked 
|  99|0x0000000086300000, 0x0000000086400000, 0x0000000086400000|100%| O|  |TAMS 0x0000000086400000, 0x0000000086300000| Untracked 
| 100|0x0000000086400000, 0x0000000086500000, 0x0000000086500000|100%| O|  |TAMS 0x0000000086500000, 0x0000000086400000| Untracked 
| 101|0x0000000086500000, 0x0000000086600000, 0x0000000086600000|100%| O|  |TAMS 0x0000000086600000, 0x0000000086500000| Untracked 
| 102|0x0000000086600000, 0x0000000086700000, 0x0000000086700000|100%| O|  |TAMS 0x0000000086700000, 0x0000000086600000| Untracked 
| 103|0x0000000086700000, 0x0000000086800000, 0x0000000086800000|100%| O|  |TAMS 0x0000000086800000, 0x0000000086700000| Untracked 
| 104|0x0000000086800000, 0x0000000086900000, 0x0000000086900000|100%| O|  |TAMS 0x0000000086900000, 0x0000000086800000| Untracked 
| 105|0x0000000086900000, 0x0000000086a00000, 0x0000000086a00000|100%| O|  |TAMS 0x0000000086a00000, 0x0000000086900000| Untracked 
| 106|0x0000000086a00000, 0x0000000086b00000, 0x0000000086b00000|100%| O|  |TAMS 0x0000000086b00000, 0x0000000086a00000| Untracked 
| 107|0x0000000086b00000, 0x0000000086c00000, 0x0000000086c00000|100%| O|  |TAMS 0x0000000086c00000, 0x0000000086b00000| Untracked 
| 108|0x0000000086c00000, 0x0000000086d00000, 0x0000000086d00000|100%| O|  |TAMS 0x0000000086d00000, 0x0000000086c00000| Untracked 
| 109|0x0000000086d00000, 0x0000000086e00000, 0x0000000086e00000|100%| O|  |TAMS 0x0000000086e00000, 0x0000000086d00000| Untracked 
| 110|0x0000000086e00000, 0x0000000086f00000, 0x0000000086f00000|100%| O|  |TAMS 0x0000000086f00000, 0x0000000086e00000| Untracked 
| 111|0x0000000086f00000, 0x0000000087000000, 0x0000000087000000|100%| O|  |TAMS 0x0000000087000000, 0x0000000086f00000| Untracked 
| 112|0x0000000087000000, 0x0000000087100000, 0x0000000087100000|100%| O|  |TAMS 0x0000000087100000, 0x0000000087000000| Untracked 
| 113|0x0000000087100000, 0x0000000087200000, 0x0000000087200000|100%| O|  |TAMS 0x0000000087200000, 0x0000000087100000| Untracked 
| 114|0x0000000087200000, 0x0000000087300000, 0x0000000087300000|100%| O|  |TAMS 0x0000000087300000, 0x0000000087200000| Untracked 
| 115|0x0000000087300000, 0x0000000087400000, 0x0000000087400000|100%| O|  |TAMS 0x0000000087400000, 0x0000000087300000| Untracked 
| 116|0x0000000087400000, 0x0000000087500000, 0x0000000087500000|100%| O|  |TAMS 0x0000000087500000, 0x0000000087400000| Untracked 
| 117|0x0000000087500000, 0x0000000087600000, 0x0000000087600000|100%| O|  |TAMS 0x0000000087600000, 0x0000000087500000| Untracked 
| 118|0x0000000087600000, 0x0000000087700000, 0x0000000087700000|100%| O|  |TAMS 0x0000000087700000, 0x0000000087600000| Untracked 
| 119|0x0000000087700000, 0x0000000087800000, 0x0000000087800000|100%| O|  |TAMS 0x0000000087800000, 0x0000000087700000| Untracked 
| 120|0x0000000087800000, 0x0000000087900000, 0x0000000087900000|100%| O|  |TAMS 0x0000000087900000, 0x0000000087800000| Untracked 
| 121|0x0000000087900000, 0x0000000087a00000, 0x0000000087a00000|100%| O|  |TAMS 0x0000000087a00000, 0x0000000087900000| Untracked 
| 122|0x0000000087a00000, 0x0000000087b00000, 0x0000000087b00000|100%| O|  |TAMS 0x0000000087b00000, 0x0000000087a00000| Untracked 
| 123|0x0000000087b00000, 0x0000000087c00000, 0x0000000087c00000|100%| O|  |TAMS 0x0000000087c00000, 0x0000000087b00000| Untracked 
| 124|0x0000000087c00000, 0x0000000087d00000, 0x0000000087d00000|100%| O|  |TAMS 0x0000000087d00000, 0x0000000087c00000| Untracked 
| 125|0x0000000087d00000, 0x0000000087e00000, 0x0000000087e00000|100%| O|  |TAMS 0x0000000087e00000, 0x0000000087d00000| Untracked 
| 126|0x0000000087e00000, 0x0000000087f00000, 0x0000000087f00000|100%| O|  |TAMS 0x0000000087f00000, 0x0000000087e00000| Untracked 
| 127|0x0000000087f00000, 0x0000000088000000, 0x0000000088000000|100%| O|  |TAMS 0x0000000088000000, 0x0000000087f00000| Untracked 
| 128|0x0000000088000000, 0x0000000088100000, 0x0000000088100000|100%| O|  |TAMS 0x0000000088100000, 0x0000000088000000| Untracked 
| 129|0x0000000088100000, 0x0000000088200000, 0x0000000088200000|100%| O|  |TAMS 0x0000000088200000, 0x0000000088100000| Untracked 
| 130|0x0000000088200000, 0x0000000088300000, 0x0000000088300000|100%| O|  |TAMS 0x0000000088300000, 0x0000000088200000| Untracked 
| 131|0x0000000088300000, 0x0000000088400000, 0x0000000088400000|100%| O|  |TAMS 0x0000000088400000, 0x0000000088300000| Untracked 
| 132|0x0000000088400000, 0x0000000088500000, 0x0000000088500000|100%| O|  |TAMS 0x0000000088500000, 0x0000000088400000| Untracked 
| 133|0x0000000088500000, 0x0000000088600000, 0x0000000088600000|100%| O|  |TAMS 0x0000000088600000, 0x0000000088500000| Untracked 
| 134|0x0000000088600000, 0x0000000088700000, 0x0000000088700000|100%| O|  |TAMS 0x0000000088700000, 0x0000000088600000| Untracked 
| 135|0x0000000088700000, 0x0000000088800000, 0x0000000088800000|100%| O|  |TAMS 0x0000000088800000, 0x0000000088700000| Untracked 
| 136|0x0000000088800000, 0x0000000088900000, 0x0000000088900000|100%| O|  |TAMS 0x0000000088900000, 0x0000000088800000| Untracked 
| 137|0x0000000088900000, 0x0000000088a00000, 0x0000000088a00000|100%| O|  |TAMS 0x0000000088a00000, 0x0000000088900000| Untracked 
| 138|0x0000000088a00000, 0x0000000088b00000, 0x0000000088b00000|100%| O|  |TAMS 0x0000000088b00000, 0x0000000088a00000| Untracked 
| 139|0x0000000088b00000, 0x0000000088c00000, 0x0000000088c00000|100%| O|  |TAMS 0x0000000088c00000, 0x0000000088b00000| Untracked 
| 140|0x0000000088c00000, 0x0000000088d00000, 0x0000000088d00000|100%| O|  |TAMS 0x0000000088cb4400, 0x0000000088c00000| Untracked 
| 141|0x0000000088d00000, 0x0000000088e00000, 0x0000000088e00000|100%| O|  |TAMS 0x0000000088d00000, 0x0000000088d00000| Untracked 
| 142|0x0000000088e00000, 0x0000000088f00000, 0x0000000088f00000|100%| O|  |TAMS 0x0000000088e00000, 0x0000000088e00000| Untracked 
| 143|0x0000000088f00000, 0x0000000089000000, 0x0000000089000000|100%| O|  |TAMS 0x0000000088f00000, 0x0000000088f00000| Untracked 
| 144|0x0000000089000000, 0x0000000089100000, 0x0000000089100000|100%| O|  |TAMS 0x0000000089000000, 0x0000000089000000| Untracked 
| 145|0x0000000089100000, 0x0000000089200000, 0x0000000089200000|100%| O|  |TAMS 0x0000000089100000, 0x0000000089100000| Untracked 
| 146|0x0000000089200000, 0x0000000089300000, 0x0000000089300000|100%| O|  |TAMS 0x0000000089200000, 0x0000000089200000| Untracked 
| 147|0x0000000089300000, 0x0000000089400000, 0x0000000089400000|100%| O|  |TAMS 0x0000000089300000, 0x0000000089300000| Untracked 
| 148|0x0000000089400000, 0x0000000089500000, 0x0000000089500000|100%| O|  |TAMS 0x0000000089400000, 0x0000000089400000| Untracked 
| 149|0x0000000089500000, 0x0000000089600000, 0x0000000089600000|100%| O|  |TAMS 0x0000000089500000, 0x0000000089500000| Untracked 
| 150|0x0000000089600000, 0x0000000089700000, 0x0000000089700000|100%| O|  |TAMS 0x0000000089600000, 0x0000000089600000| Untracked 
| 151|0x0000000089700000, 0x0000000089800000, 0x0000000089800000|100%| O|  |TAMS 0x0000000089700000, 0x0000000089700000| Untracked 
| 152|0x0000000089800000, 0x0000000089900000, 0x0000000089900000|100%| O|  |TAMS 0x0000000089800000, 0x0000000089800000| Untracked 
| 153|0x0000000089900000, 0x0000000089a00000, 0x0000000089a00000|100%| O|  |TAMS 0x0000000089900000, 0x0000000089900000| Untracked 
| 154|0x0000000089a00000, 0x0000000089b00000, 0x0000000089b00000|100%| O|  |TAMS 0x0000000089a00000, 0x0000000089a00000| Untracked 
| 155|0x0000000089b00000, 0x0000000089c00000, 0x0000000089c00000|100%| O|  |TAMS 0x0000000089b00000, 0x0000000089b00000| Untracked 
| 156|0x0000000089c00000, 0x0000000089d00000, 0x0000000089d00000|100%| O|  |TAMS 0x0000000089c00000, 0x0000000089c00000| Untracked 
| 157|0x0000000089d00000, 0x0000000089e00000, 0x0000000089e00000|100%| O|  |TAMS 0x0000000089d00000, 0x0000000089d00000| Untracked 
| 158|0x0000000089e00000, 0x0000000089f00000, 0x0000000089f00000|100%| O|  |TAMS 0x0000000089e00000, 0x0000000089e00000| Untracked 
| 159|0x0000000089f00000, 0x000000008a000000, 0x000000008a000000|100%| O|  |TAMS 0x0000000089f00000, 0x0000000089f00000| Untracked 
| 160|0x000000008a000000, 0x000000008a100000, 0x000000008a100000|100%| O|  |TAMS 0x000000008a000000, 0x000000008a000000| Untracked 
| 161|0x000000008a100000, 0x000000008a200000, 0x000000008a200000|100%| O|  |TAMS 0x000000008a100000, 0x000000008a100000| Untracked 
| 162|0x000000008a200000, 0x000000008a300000, 0x000000008a300000|100%| O|  |TAMS 0x000000008a200000, 0x000000008a200000| Untracked 
| 163|0x000000008a300000, 0x000000008a400000, 0x000000008a400000|100%| O|  |TAMS 0x000000008a300000, 0x000000008a300000| Untracked 
| 164|0x000000008a400000, 0x000000008a500000, 0x000000008a500000|100%| O|  |TAMS 0x000000008a400000, 0x000000008a400000| Untracked 
| 165|0x000000008a500000, 0x000000008a600000, 0x000000008a600000|100%| O|  |TAMS 0x000000008a500000, 0x000000008a500000| Untracked 
| 166|0x000000008a600000, 0x000000008a700000, 0x000000008a700000|100%| O|  |TAMS 0x000000008a600000, 0x000000008a600000| Untracked 
| 167|0x000000008a700000, 0x000000008a800000, 0x000000008a800000|100%| O|  |TAMS 0x000000008a700000, 0x000000008a700000| Untracked 
| 168|0x000000008a800000, 0x000000008a900000, 0x000000008a900000|100%| O|  |TAMS 0x000000008a800000, 0x000000008a800000| Untracked 
| 169|0x000000008a900000, 0x000000008aa00000, 0x000000008aa00000|100%| O|  |TAMS 0x000000008a900000, 0x000000008a900000| Untracked 
| 170|0x000000008aa00000, 0x000000008ab00000, 0x000000008ab00000|100%| O|  |TAMS 0x000000008aa00000, 0x000000008aa00000| Untracked 
| 171|0x000000008ab00000, 0x000000008ac00000, 0x000000008ac00000|100%| O|  |TAMS 0x000000008ab00000, 0x000000008ab00000| Untracked 
| 172|0x000000008ac00000, 0x000000008ad00000, 0x000000008ad00000|100%| O|  |TAMS 0x000000008ac00000, 0x000000008ac00000| Untracked 
| 173|0x000000008ad00000, 0x000000008adfd200, 0x000000008ae00000| 98%| O|  |TAMS 0x000000008ad00000, 0x000000008ad00000| Untracked 
| 174|0x000000008ae00000, 0x000000008ae00000, 0x000000008af00000|  0%| F|  |TAMS 0x000000008ae00000, 0x000000008ae00000| Untracked 
| 175|0x000000008af00000, 0x000000008af00000, 0x000000008b000000|  0%| F|  |TAMS 0x000000008af00000, 0x000000008af00000| Untracked 
| 176|0x000000008b000000, 0x000000008b000000, 0x000000008b100000|  0%| F|  |TAMS 0x000000008b000000, 0x000000008b000000| Untracked 
| 177|0x000000008b100000, 0x000000008b100000, 0x000000008b200000|  0%| F|  |TAMS 0x000000008b100000, 0x000000008b100000| Untracked 
| 178|0x000000008b200000, 0x000000008b200000, 0x000000008b300000|  0%| F|  |TAMS 0x000000008b200000, 0x000000008b200000| Untracked 
| 179|0x000000008b300000, 0x000000008b300000, 0x000000008b400000|  0%| F|  |TAMS 0x000000008b300000, 0x000000008b300000| Untracked 
| 180|0x000000008b400000, 0x000000008b400000, 0x000000008b500000|  0%| F|  |TAMS 0x000000008b400000, 0x000000008b400000| Untracked 
| 181|0x000000008b500000, 0x000000008b500000, 0x000000008b600000|  0%| F|  |TAMS 0x000000008b500000, 0x000000008b500000| Untracked 
| 182|0x000000008b600000, 0x000000008b600000, 0x000000008b700000|  0%| F|  |TAMS 0x000000008b600000, 0x000000008b600000| Untracked 
| 183|0x000000008b700000, 0x000000008b700000, 0x000000008b800000|  0%| F|  |TAMS 0x000000008b700000, 0x000000008b700000| Untracked 
| 184|0x000000008b800000, 0x000000008b800000, 0x000000008b900000|  0%| F|  |TAMS 0x000000008b800000, 0x000000008b800000| Untracked 
| 185|0x000000008b900000, 0x000000008b900000, 0x000000008ba00000|  0%| F|  |TAMS 0x000000008b900000, 0x000000008b900000| Untracked 
| 186|0x000000008ba00000, 0x000000008ba00000, 0x000000008bb00000|  0%| F|  |TAMS 0x000000008ba00000, 0x000000008ba00000| Untracked 
| 187|0x000000008bb00000, 0x000000008bb00000, 0x000000008bc00000|  0%| F|  |TAMS 0x000000008bb00000, 0x000000008bb00000| Untracked 
| 188|0x000000008bc00000, 0x000000008bc00000, 0x000000008bd00000|  0%| F|  |TAMS 0x000000008bc00000, 0x000000008bc00000| Untracked 
| 189|0x000000008bd00000, 0x000000008bd00000, 0x000000008be00000|  0%| F|  |TAMS 0x000000008bd00000, 0x000000008bd00000| Untracked 
| 190|0x000000008be00000, 0x000000008be00000, 0x000000008bf00000|  0%| F|  |TAMS 0x000000008be00000, 0x000000008be00000| Untracked 
| 191|0x000000008bf00000, 0x000000008bf00000, 0x000000008c000000|  0%| F|  |TAMS 0x000000008bf00000, 0x000000008bf00000| Untracked 
| 192|0x000000008c000000, 0x000000008c000000, 0x000000008c100000|  0%| F|  |TAMS 0x000000008c000000, 0x000000008c000000| Untracked 
| 193|0x000000008c100000, 0x000000008c100000, 0x000000008c200000|  0%| F|  |TAMS 0x000000008c100000, 0x000000008c100000| Untracked 
| 194|0x000000008c200000, 0x000000008c200000, 0x000000008c300000|  0%| F|  |TAMS 0x000000008c200000, 0x000000008c200000| Untracked 
| 195|0x000000008c300000, 0x000000008c300000, 0x000000008c400000|  0%| F|  |TAMS 0x000000008c300000, 0x000000008c300000| Untracked 
| 196|0x000000008c400000, 0x000000008c400000, 0x000000008c500000|  0%| F|  |TAMS 0x000000008c400000, 0x000000008c400000| Untracked 
| 197|0x000000008c500000, 0x000000008c500000, 0x000000008c600000|  0%| F|  |TAMS 0x000000008c500000, 0x000000008c500000| Untracked 
| 198|0x000000008c600000, 0x000000008c600000, 0x000000008c700000|  0%| F|  |TAMS 0x000000008c600000, 0x000000008c600000| Untracked 
| 199|0x000000008c700000, 0x000000008c700000, 0x000000008c800000|  0%| F|  |TAMS 0x000000008c700000, 0x000000008c700000| Untracked 
| 200|0x000000008c800000, 0x000000008c800000, 0x000000008c900000|  0%| F|  |TAMS 0x000000008c800000, 0x000000008c800000| Untracked 
| 201|0x000000008c900000, 0x000000008c900000, 0x000000008ca00000|  0%| F|  |TAMS 0x000000008c900000, 0x000000008c900000| Untracked 
| 202|0x000000008ca00000, 0x000000008ca00000, 0x000000008cb00000|  0%| F|  |TAMS 0x000000008ca00000, 0x000000008ca00000| Untracked 
| 203|0x000000008cb00000, 0x000000008cb00000, 0x000000008cc00000|  0%| F|  |TAMS 0x000000008cb00000, 0x000000008cb00000| Untracked 
| 204|0x000000008cc00000, 0x000000008cc00000, 0x000000008cd00000|  0%| F|  |TAMS 0x000000008cc00000, 0x000000008cc00000| Untracked 
| 205|0x000000008cd00000, 0x000000008cd00000, 0x000000008ce00000|  0%| F|  |TAMS 0x000000008cd00000, 0x000000008cd00000| Untracked 
| 206|0x000000008ce00000, 0x000000008ce00000, 0x000000008cf00000|  0%| F|  |TAMS 0x000000008ce00000, 0x000000008ce00000| Untracked 
| 207|0x000000008cf00000, 0x000000008cf00000, 0x000000008d000000|  0%| F|  |TAMS 0x000000008cf00000, 0x000000008cf00000| Untracked 
| 208|0x000000008d000000, 0x000000008d000000, 0x000000008d100000|  0%| F|  |TAMS 0x000000008d000000, 0x000000008d000000| Untracked 
| 209|0x000000008d100000, 0x000000008d100000, 0x000000008d200000|  0%| F|  |TAMS 0x000000008d100000, 0x000000008d100000| Untracked 
| 210|0x000000008d200000, 0x000000008d200000, 0x000000008d300000|  0%| F|  |TAMS 0x000000008d200000, 0x000000008d200000| Untracked 
| 211|0x000000008d300000, 0x000000008d300000, 0x000000008d400000|  0%| F|  |TAMS 0x000000008d300000, 0x000000008d300000| Untracked 
| 212|0x000000008d400000, 0x000000008d400000, 0x000000008d500000|  0%| F|  |TAMS 0x000000008d400000, 0x000000008d400000| Untracked 
| 213|0x000000008d500000, 0x000000008d500000, 0x000000008d600000|  0%| F|  |TAMS 0x000000008d500000, 0x000000008d500000| Untracked 
| 214|0x000000008d600000, 0x000000008d600000, 0x000000008d700000|  0%| F|  |TAMS 0x000000008d600000, 0x000000008d600000| Untracked 
| 215|0x000000008d700000, 0x000000008d700000, 0x000000008d800000|  0%| F|  |TAMS 0x000000008d700000, 0x000000008d700000| Untracked 
| 216|0x000000008d800000, 0x000000008d800000, 0x000000008d900000|  0%| F|  |TAMS 0x000000008d800000, 0x000000008d800000| Untracked 
| 217|0x000000008d900000, 0x000000008d900000, 0x000000008da00000|  0%| F|  |TAMS 0x000000008d900000, 0x000000008d900000| Untracked 
| 218|0x000000008da00000, 0x000000008da00000, 0x000000008db00000|  0%| F|  |TAMS 0x000000008da00000, 0x000000008da00000| Untracked 
| 219|0x000000008db00000, 0x000000008db00000, 0x000000008dc00000|  0%| F|  |TAMS 0x000000008db00000, 0x000000008db00000| Untracked 
| 220|0x000000008dc00000, 0x000000008dc00000, 0x000000008dd00000|  0%| F|  |TAMS 0x000000008dc00000, 0x000000008dc00000| Untracked 
| 221|0x000000008dd00000, 0x000000008dd00000, 0x000000008de00000|  0%| F|  |TAMS 0x000000008dd00000, 0x000000008dd00000| Untracked 
| 222|0x000000008de00000, 0x000000008de00000, 0x000000008df00000|  0%| F|  |TAMS 0x000000008de00000, 0x000000008de00000| Untracked 
| 223|0x000000008df00000, 0x000000008df00000, 0x000000008e000000|  0%| F|  |TAMS 0x000000008df00000, 0x000000008df00000| Untracked 
| 224|0x000000008e000000, 0x000000008e000000, 0x000000008e100000|  0%| F|  |TAMS 0x000000008e000000, 0x000000008e000000| Untracked 
| 225|0x000000008e100000, 0x000000008e200000, 0x000000008e200000|100%| S|CS|TAMS 0x000000008e100000, 0x000000008e100000| Complete 
| 226|0x000000008e200000, 0x000000008e300000, 0x000000008e300000|100%| S|CS|TAMS 0x000000008e200000, 0x000000008e200000| Complete 
| 227|0x000000008e300000, 0x000000008e400000, 0x000000008e400000|100%| S|CS|TAMS 0x000000008e300000, 0x000000008e300000| Complete 
| 228|0x000000008e400000, 0x000000008e500000, 0x000000008e500000|100%| S|CS|TAMS 0x000000008e400000, 0x000000008e400000| Complete 
| 229|0x000000008e500000, 0x000000008e600000, 0x000000008e600000|100%| S|CS|TAMS 0x000000008e500000, 0x000000008e500000| Complete 
| 230|0x000000008e600000, 0x000000008e600000, 0x000000008e700000|  0%| F|  |TAMS 0x000000008e600000, 0x000000008e600000| Untracked 
| 231|0x000000008e700000, 0x000000008e700000, 0x000000008e800000|  0%| F|  |TAMS 0x000000008e700000, 0x000000008e700000| Untracked 
| 232|0x000000008e800000, 0x000000008e800000, 0x000000008e900000|  0%| F|  |TAMS 0x000000008e800000, 0x000000008e800000| Untracked 
| 233|0x000000008e900000, 0x000000008e900000, 0x000000008ea00000|  0%| F|  |TAMS 0x000000008e900000, 0x000000008e900000| Untracked 
| 234|0x000000008ea00000, 0x000000008ea00000, 0x000000008eb00000|  0%| F|  |TAMS 0x000000008ea00000, 0x000000008ea00000| Untracked 
| 235|0x000000008eb00000, 0x000000008ec00000, 0x000000008ec00000|100%| S|CS|TAMS 0x000000008eb00000, 0x000000008eb00000| Complete 
| 236|0x000000008ec00000, 0x000000008ec00000, 0x000000008ed00000|  0%| F|  |TAMS 0x000000008ec00000, 0x000000008ec00000| Untracked 
| 237|0x000000008ed00000, 0x000000008ed00000, 0x000000008ee00000|  0%| F|  |TAMS 0x000000008ed00000, 0x000000008ed00000| Untracked 
| 238|0x000000008ee00000, 0x000000008ee00000, 0x000000008ef00000|  0%| F|  |TAMS 0x000000008ee00000, 0x000000008ee00000| Untracked 
| 239|0x000000008ef00000, 0x000000008ef00000, 0x000000008f000000|  0%| F|  |TAMS 0x000000008ef00000, 0x000000008ef00000| Untracked 
| 240|0x000000008f000000, 0x000000008f100000, 0x000000008f100000|100%| S|CS|TAMS 0x000000008f000000, 0x000000008f000000| Complete 
| 241|0x000000008f100000, 0x000000008f200000, 0x000000008f200000|100%| S|CS|TAMS 0x000000008f100000, 0x000000008f100000| Complete 
| 242|0x000000008f200000, 0x000000008f200000, 0x000000008f300000|  0%| F|  |TAMS 0x000000008f200000, 0x000000008f200000| Untracked 
| 243|0x000000008f300000, 0x000000008f300000, 0x000000008f400000|  0%| F|  |TAMS 0x000000008f300000, 0x000000008f300000| Untracked 
| 244|0x000000008f400000, 0x000000008f400000, 0x000000008f500000|  0%| F|  |TAMS 0x000000008f400000, 0x000000008f400000| Untracked 
| 245|0x000000008f500000, 0x000000008f500000, 0x000000008f600000|  0%| F|  |TAMS 0x000000008f500000, 0x000000008f500000| Untracked 
| 246|0x000000008f600000, 0x000000008f600000, 0x000000008f700000|  0%| F|  |TAMS 0x000000008f600000, 0x000000008f600000| Untracked 
| 247|0x000000008f700000, 0x000000008f700000, 0x000000008f800000|  0%| F|  |TAMS 0x000000008f700000, 0x000000008f700000| Untracked 
| 248|0x000000008f800000, 0x000000008f800000, 0x000000008f900000|  0%| F|  |TAMS 0x000000008f800000, 0x000000008f800000| Untracked 
| 249|0x000000008f900000, 0x000000008f900000, 0x000000008fa00000|  0%| F|  |TAMS 0x000000008f900000, 0x000000008f900000| Untracked 
| 250|0x000000008fa00000, 0x000000008fa00000, 0x000000008fb00000|  0%| F|  |TAMS 0x000000008fa00000, 0x000000008fa00000| Untracked 
| 251|0x000000008fb00000, 0x000000008fb00000, 0x000000008fc00000|  0%| F|  |TAMS 0x000000008fb00000, 0x000000008fb00000| Untracked 
| 252|0x000000008fc00000, 0x000000008fc00000, 0x000000008fd00000|  0%| F|  |TAMS 0x000000008fc00000, 0x000000008fc00000| Untracked 
| 253|0x000000008fd00000, 0x000000008fd00000, 0x000000008fe00000|  0%| F|  |TAMS 0x000000008fd00000, 0x000000008fd00000| Untracked 
| 254|0x000000008fe00000, 0x000000008fe00000, 0x000000008ff00000|  0%| F|  |TAMS 0x000000008fe00000, 0x000000008fe00000| Untracked 
| 255|0x000000008ff00000, 0x000000008ff00000, 0x0000000090000000|  0%| F|  |TAMS 0x000000008ff00000, 0x000000008ff00000| Untracked 
| 256|0x0000000090000000, 0x0000000090000000, 0x0000000090100000|  0%| F|  |TAMS 0x0000000090000000, 0x0000000090000000| Untracked 
| 257|0x0000000090100000, 0x0000000090100000, 0x0000000090200000|  0%| F|  |TAMS 0x0000000090100000, 0x0000000090100000| Untracked 
| 258|0x0000000090200000, 0x0000000090200000, 0x0000000090300000|  0%| F|  |TAMS 0x0000000090200000, 0x0000000090200000| Untracked 
| 259|0x0000000090300000, 0x0000000090300000, 0x0000000090400000|  0%| F|  |TAMS 0x0000000090300000, 0x0000000090300000| Untracked 
| 260|0x0000000090400000, 0x0000000090400000, 0x0000000090500000|  0%| F|  |TAMS 0x0000000090400000, 0x0000000090400000| Untracked 
| 261|0x0000000090500000, 0x0000000090500000, 0x0000000090600000|  0%| F|  |TAMS 0x0000000090500000, 0x0000000090500000| Untracked 
| 262|0x0000000090600000, 0x0000000090600000, 0x0000000090700000|  0%| F|  |TAMS 0x0000000090600000, 0x0000000090600000| Untracked 
| 263|0x0000000090700000, 0x0000000090700000, 0x0000000090800000|  0%| F|  |TAMS 0x0000000090700000, 0x0000000090700000| Untracked 
| 264|0x0000000090800000, 0x0000000090800000, 0x0000000090900000|  0%| F|  |TAMS 0x0000000090800000, 0x0000000090800000| Untracked 
| 265|0x0000000090900000, 0x0000000090900000, 0x0000000090a00000|  0%| F|  |TAMS 0x0000000090900000, 0x0000000090900000| Untracked 
| 266|0x0000000090a00000, 0x0000000090a00000, 0x0000000090b00000|  0%| F|  |TAMS 0x0000000090a00000, 0x0000000090a00000| Untracked 
| 267|0x0000000090b00000, 0x0000000090b00000, 0x0000000090c00000|  0%| F|  |TAMS 0x0000000090b00000, 0x0000000090b00000| Untracked 
| 268|0x0000000090c00000, 0x0000000090c00000, 0x0000000090d00000|  0%| F|  |TAMS 0x0000000090c00000, 0x0000000090c00000| Untracked 
| 269|0x0000000090d00000, 0x0000000090d00000, 0x0000000090e00000|  0%| F|  |TAMS 0x0000000090d00000, 0x0000000090d00000| Untracked 
| 270|0x0000000090e00000, 0x0000000090e00000, 0x0000000090f00000|  0%| F|  |TAMS 0x0000000090e00000, 0x0000000090e00000| Untracked 
| 271|0x0000000090f00000, 0x0000000090f00000, 0x0000000091000000|  0%| F|  |TAMS 0x0000000090f00000, 0x0000000090f00000| Untracked 
| 272|0x0000000091000000, 0x0000000091000000, 0x0000000091100000|  0%| F|  |TAMS 0x0000000091000000, 0x0000000091000000| Untracked 
| 273|0x0000000091100000, 0x0000000091100000, 0x0000000091200000|  0%| F|  |TAMS 0x0000000091100000, 0x0000000091100000| Untracked 
| 274|0x0000000091200000, 0x0000000091200000, 0x0000000091300000|  0%| F|  |TAMS 0x0000000091200000, 0x0000000091200000| Untracked 
| 275|0x0000000091300000, 0x0000000091300000, 0x0000000091400000|  0%| F|  |TAMS 0x0000000091300000, 0x0000000091300000| Untracked 
| 276|0x0000000091400000, 0x0000000091400000, 0x0000000091500000|  0%| F|  |TAMS 0x0000000091400000, 0x0000000091400000| Untracked 
| 277|0x0000000091500000, 0x0000000091500000, 0x0000000091600000|  0%| F|  |TAMS 0x0000000091500000, 0x0000000091500000| Untracked 
| 278|0x0000000091600000, 0x0000000091600000, 0x0000000091700000|  0%| F|  |TAMS 0x0000000091600000, 0x0000000091600000| Untracked 
| 279|0x0000000091700000, 0x0000000091700000, 0x0000000091800000|  0%| F|  |TAMS 0x0000000091700000, 0x0000000091700000| Untracked 
| 280|0x0000000091800000, 0x0000000091800000, 0x0000000091900000|  0%| F|  |TAMS 0x0000000091800000, 0x0000000091800000| Untracked 
| 281|0x0000000091900000, 0x0000000091900000, 0x0000000091a00000|  0%| F|  |TAMS 0x0000000091900000, 0x0000000091900000| Untracked 
| 282|0x0000000091a00000, 0x0000000091a00000, 0x0000000091b00000|  0%| F|  |TAMS 0x0000000091a00000, 0x0000000091a00000| Untracked 
| 283|0x0000000091b00000, 0x0000000091b00000, 0x0000000091c00000|  0%| F|  |TAMS 0x0000000091b00000, 0x0000000091b00000| Untracked 
| 284|0x0000000091c00000, 0x0000000091c00000, 0x0000000091d00000|  0%| F|  |TAMS 0x0000000091c00000, 0x0000000091c00000| Untracked 
| 285|0x0000000091d00000, 0x0000000091d00000, 0x0000000091e00000|  0%| F|  |TAMS 0x0000000091d00000, 0x0000000091d00000| Untracked 
| 286|0x0000000091e00000, 0x0000000091e00000, 0x0000000091f00000|  0%| F|  |TAMS 0x0000000091e00000, 0x0000000091e00000| Untracked 
| 287|0x0000000091f00000, 0x0000000091f00000, 0x0000000092000000|  0%| F|  |TAMS 0x0000000091f00000, 0x0000000091f00000| Untracked 
| 288|0x0000000092000000, 0x0000000092000000, 0x0000000092100000|  0%| F|  |TAMS 0x0000000092000000, 0x0000000092000000| Untracked 
| 289|0x0000000092100000, 0x0000000092100000, 0x0000000092200000|  0%| F|  |TAMS 0x0000000092100000, 0x0000000092100000| Untracked 
| 290|0x0000000092200000, 0x0000000092200000, 0x0000000092300000|  0%| F|  |TAMS 0x0000000092200000, 0x0000000092200000| Untracked 
| 291|0x0000000092300000, 0x0000000092300000, 0x0000000092400000|  0%| F|  |TAMS 0x0000000092300000, 0x0000000092300000| Untracked 
| 292|0x0000000092400000, 0x0000000092400000, 0x0000000092500000|  0%| F|  |TAMS 0x0000000092400000, 0x0000000092400000| Untracked 
| 293|0x0000000092500000, 0x0000000092500000, 0x0000000092600000|  0%| F|  |TAMS 0x0000000092500000, 0x0000000092500000| Untracked 
| 294|0x0000000092600000, 0x0000000092600000, 0x0000000092700000|  0%| F|  |TAMS 0x0000000092600000, 0x0000000092600000| Untracked 
| 295|0x0000000092700000, 0x0000000092700000, 0x0000000092800000|  0%| F|  |TAMS 0x0000000092700000, 0x0000000092700000| Untracked 
| 296|0x0000000092800000, 0x0000000092800000, 0x0000000092900000|  0%| F|  |TAMS 0x0000000092800000, 0x0000000092800000| Untracked 

Card table byte_map: [0x0000019317350000,0x0000019317750000] _byte_map_base: 0x0000019316f50000

Marking Bits (Prev, Next): (CMBitMap*) 0x000001930223ba48, (CMBitMap*) 0x000001930223ba80
 Prev Bits: [0x0000019317b50000, 0x0000019319b50000)
 Next Bits: [0x0000019319b50000, 0x000001931bb50000)

Polling page: 0x00000193022d0000

Metaspace:

Usage:
  Non-class:     86.71 MB capacity,    85.25 MB ( 98%) used,     1.18 MB (  1%) free+waste,   285.56 KB ( <1%) overhead. 
      Class:     13.53 MB capacity,    12.66 MB ( 94%) used,   753.27 KB (  5%) free+waste,   131.81 KB ( <1%) overhead. 
       Both:    100.24 MB capacity,    97.92 MB ( 98%) used,     1.92 MB (  2%) free+waste,   417.38 KB ( <1%) overhead. 

Virtual space:
  Non-class space:       88.00 MB reserved,      86.75 MB ( 99%) committed 
      Class space:        1.00 GB reserved,      13.57 MB (  1%) committed 
             Both:        1.09 GB reserved,     100.32 MB (  9%) committed 

Chunk freelists:
   Non-Class:  41.00 KB
       Class:  2.00 KB
        Both:  43.00 KB

MaxMetaspaceSize: 17179869184.00 GB
CompressedClassSpaceSize: 1.00 GB

CodeHeap 'non-profiled nmethods': size=120000Kb used=6188Kb max_used=6188Kb free=113811Kb
 bounds [0x000001930efc0000, 0x000001930f5d0000, 0x00000193164f0000]
CodeHeap 'profiled nmethods': size=120000Kb used=24725Kb max_used=24725Kb free=95274Kb
 bounds [0x0000019307a90000, 0x00000193092c0000, 0x000001930efc0000]
CodeHeap 'non-nmethods': size=5760Kb used=2305Kb max_used=2361Kb free=3454Kb
 bounds [0x00000193074f0000, 0x0000019307760000, 0x0000019307a90000]
 total_blobs=12188 nmethods=11273 adapters=826
 compilation: enabled
              stopped_count=0, restarted_count=0
 full_count=0

Compilation events (20 events):
Event: 16.660 Thread 0x000001931e65b000 11492       2       java.util.LinkedList$ListItr::hasPrevious (13 bytes)
Event: 16.660 Thread 0x000001931e65b000 nmethod 11492 0x00000193092b3090 code [0x00000193092b3240, 0x00000193092b3358]
Event: 16.662 Thread 0x000001931e65b000 11493       1       com.android.tools.r8.internal.Gg::c2 (5 bytes)
Event: 16.662 Thread 0x000001931e65b000 nmethod 11493 0x000001930f5cac10 code [0x000001930f5cadc0, 0x000001930f5cae78]
Event: 16.664 Thread 0x000001931e65b000 11494       2       javax.management.ObjectName::addProperty (80 bytes)
Event: 16.664 Thread 0x000001931e65b000 nmethod 11494 0x00000193092b3410 code [0x00000193092b3620, 0x00000193092b3b48]
Event: 16.665 Thread 0x000001931e65b000 11495       2       java.util.Spliterators$EmptySpliterator::forEachRemaining (6 bytes)
Event: 16.665 Thread 0x000001931e65b000 nmethod 11495 0x00000193092b3d90 code [0x00000193092b3f40, 0x00000193092b40e8]
Event: 16.665 Thread 0x000001931e65b000 11496       2       java.util.Spliterators$EmptySpliterator$OfRef::forEachRemaining (6 bytes)
Event: 16.665 Thread 0x000001931e65b000 nmethod 11496 0x00000193092b4210 code [0x00000193092b43c0, 0x00000193092b4568]
Event: 16.665 Thread 0x000001931e65b000 11497       2       com.android.tools.r8.internal.l2::next (19 bytes)
Event: 16.665 Thread 0x000001931e65b000 nmethod 11497 0x00000193092b4690 code [0x00000193092b4840, 0x00000193092b49e8]
Event: 16.667 Thread 0x000001931e65b000 11498       2       com.android.tools.r8.internal.ve::c (41 bytes)
Event: 16.667 Thread 0x000001931e65b000 nmethod 11498 0x00000193092b4a90 code [0x00000193092b4c40, 0x00000193092b4db8]
Event: 16.667 Thread 0x000001931e65b000 11499       1       com.android.tools.r8.graph.V::P (5 bytes)
Event: 16.667 Thread 0x000001931e65b000 nmethod 11499 0x000001930f5caf10 code [0x000001930f5cb0c0, 0x000001930f5cb178]
Event: 16.667 Thread 0x000001931e65b000 11500       2       com.android.tools.r8.internal.Me::k (35 bytes)
Event: 16.668 Thread 0x000001931e65b000 nmethod 11500 0x00000193092b4e90 code [0x00000193092b5060, 0x00000193092b5208]
Event: 16.677 Thread 0x000001931e65b000 11501       2       java.util.Collections$SetFromMap::isEmpty (10 bytes)
Event: 16.678 Thread 0x000001931e65b000 nmethod 11501 0x00000193092b5410 code [0x00000193092b55c0, 0x00000193092b56e8]

GC Heap History (20 events):
Event: 14.890 GC heap after
{Heap after GC invocations=28 (full 0):
 garbage-first heap   total 206848K, used 110924K [0x0000000080000000, 0x0000000100000000)
  region size 1024K, 7 young (7168K), 7 survivors (7168K)
 Metaspace       used 93028K, capacity 95140K, committed 95564K, reserved 1132544K
  class space    used 11892K, capacity 12662K, committed 12876K, reserved 1048576K
}
Event: 15.002 GC heap before
{Heap before GC invocations=28 (full 0):
 garbage-first heap   total 206848K, used 159052K [0x0000000080000000, 0x0000000100000000)
  region size 1024K, 53 young (54272K), 7 survivors (7168K)
 Metaspace       used 93778K, capacity 95876K, committed 96460K, reserved 1132544K
  class space    used 11981K, capacity 12758K, committed 13004K, reserved 1048576K
}
Event: 15.009 GC heap after
{Heap after GC invocations=29 (full 0):
 garbage-first heap   total 206848K, used 121406K [0x0000000080000000, 0x0000000100000000)
  region size 1024K, 7 young (7168K), 7 survivors (7168K)
 Metaspace       used 93778K, capacity 95876K, committed 96460K, reserved 1132544K
  class space    used 11981K, capacity 12758K, committed 13004K, reserved 1048576K
}
Event: 15.336 GC heap before
{Heap before GC invocations=30 (full 0):
 garbage-first heap   total 206848K, used 155198K [0x0000000080000000, 0x0000000100000000)
  region size 1024K, 47 young (48128K), 7 survivors (7168K)
 Metaspace       used 96257K, capacity 98595K, committed 98764K, reserved 1134592K
  class space    used 12377K, capacity 13237K, committed 13260K, reserved 1048576K
}
Event: 15.353 GC heap after
{Heap after GC invocations=31 (full 0):
 garbage-first heap   total 206848K, used 119613K [0x0000000080000000, 0x0000000100000000)
  region size 1024K, 6 young (6144K), 6 survivors (6144K)
 Metaspace       used 96257K, capacity 98595K, committed 98764K, reserved 1134592K
  class space    used 12377K, capacity 13237K, committed 13260K, reserved 1048576K
}
Event: 15.365 GC heap before
{Heap before GC invocations=31 (full 0):
 garbage-first heap   total 206848K, used 123709K [0x0000000080000000, 0x0000000100000000)
  region size 1024K, 10 young (10240K), 6 survivors (6144K)
 Metaspace       used 96273K, capacity 98606K, committed 98764K, reserved 1134592K
  class space    used 12380K, capacity 13241K, committed 13260K, reserved 1048576K
}
Event: 15.376 GC heap after
{Heap after GC invocations=32 (full 0):
 garbage-first heap   total 206848K, used 119023K [0x0000000080000000, 0x0000000100000000)
  region size 1024K, 2 young (2048K), 2 survivors (2048K)
 Metaspace       used 96273K, capacity 98606K, committed 98764K, reserved 1134592K
  class space    used 12380K, capacity 13241K, committed 13260K, reserved 1048576K
}
Event: 15.464 GC heap before
{Heap before GC invocations=32 (full 0):
 garbage-first heap   total 206848K, used 158959K [0x0000000080000000, 0x0000000100000000)
  region size 1024K, 42 young (43008K), 2 survivors (2048K)
 Metaspace       used 96414K, capacity 98772K, committed 99020K, reserved 1134592K
  class space    used 12403K, capacity 13255K, committed 13260K, reserved 1048576K
}
Event: 15.482 GC heap after
{Heap after GC invocations=33 (full 0):
 garbage-first heap   total 206848K, used 130426K [0x0000000080000000, 0x0000000100000000)
  region size 1024K, 6 young (6144K), 6 survivors (6144K)
 Metaspace       used 96414K, capacity 98772K, committed 99020K, reserved 1134592K
  class space    used 12403K, capacity 13255K, committed 13260K, reserved 1048576K
}
Event: 15.848 GC heap before
{Heap before GC invocations=34 (full 0):
 garbage-first heap   total 206848K, used 163194K [0x0000000080000000, 0x0000000100000000)
  region size 1024K, 39 young (39936K), 6 survivors (6144K)
 Metaspace       used 96860K, capacity 99083K, committed 99660K, reserved 1136640K
  class space    used 12402K, capacity 13208K, committed 13388K, reserved 1048576K
}
Event: 15.869 GC heap after
{Heap after GC invocations=35 (full 0):
 garbage-first heap   total 206848K, used 139415K [0x0000000080000000, 0x0000000100000000)
  region size 1024K, 5 young (5120K), 5 survivors (5120K)
 Metaspace       used 96860K, capacity 99083K, committed 99660K, reserved 1136640K
  class space    used 12402K, capacity 13208K, committed 13388K, reserved 1048576K
}
Event: 15.914 GC heap before
{Heap before GC invocations=35 (full 0):
 garbage-first heap   total 206848K, used 143511K [0x0000000080000000, 0x0000000100000000)
  region size 1024K, 10 young (10240K), 5 survivors (5120K)
 Metaspace       used 96894K, capacity 99083K, committed 99660K, reserved 1136640K
  class space    used 12403K, capacity 13208K, committed 13388K, reserved 1048576K
}
Event: 15.928 GC heap after
{Heap after GC invocations=36 (full 0):
 garbage-first heap   total 304128K, used 138625K [0x0000000080000000, 0x0000000100000000)
  region size 1024K, 2 young (2048K), 2 survivors (2048K)
 Metaspace       used 96894K, capacity 99083K, committed 99660K, reserved 1136640K
  class space    used 12403K, capacity 13208K, committed 13388K, reserved 1048576K
}
Event: 16.138 GC heap before
{Heap before GC invocations=36 (full 0):
 garbage-first heap   total 304128K, used 201089K [0x0000000080000000, 0x0000000100000000)
  region size 1024K, 64 young (65536K), 2 survivors (2048K)
 Metaspace       used 98106K, capacity 100330K, committed 100812K, reserved 1136640K
  class space    used 12547K, capacity 13345K, committed 13516K, reserved 1048576K
}
Event: 16.161 GC heap after
{Heap after GC invocations=37 (full 0):
 garbage-first heap   total 304128K, used 152273K [0x0000000080000000, 0x0000000100000000)
  region size 1024K, 8 young (8192K), 8 survivors (8192K)
 Metaspace       used 98106K, capacity 100330K, committed 100812K, reserved 1136640K
  class space    used 12547K, capacity 13345K, committed 13516K, reserved 1048576K
}
Event: 16.374 GC heap before
{Heap before GC invocations=37 (full 0):
 garbage-first heap   total 304128K, used 214737K [0x0000000080000000, 0x0000000100000000)
  region size 1024K, 69 young (70656K), 8 survivors (8192K)
 Metaspace       used 98612K, capacity 100928K, committed 101196K, reserved 1136640K
  class space    used 12647K, capacity 13517K, committed 13644K, reserved 1048576K
}
Event: 16.403 GC heap after
{Heap after GC invocations=38 (full 0):
 garbage-first heap   total 304128K, used 165173K [0x0000000080000000, 0x0000000100000000)
  region size 1024K, 9 young (9216K), 9 survivors (9216K)
 Metaspace       used 98612K, capacity 100928K, committed 101196K, reserved 1136640K
  class space    used 12647K, capacity 13517K, committed 13644K, reserved 1048576K
}
Event: 16.565 GC heap before
{Heap before GC invocations=38 (full 0):
 garbage-first heap   total 304128K, used 222517K [0x0000000080000000, 0x0000000100000000)
  region size 1024K, 66 young (67584K), 9 survivors (9216K)
 Metaspace       used 99299K, capacity 101578K, committed 101836K, reserved 1136640K
  class space    used 12787K, capacity 13666K, committed 13772K, reserved 1048576K
}
Event: 16.591 GC heap after
{Heap after GC invocations=39 (full 0):
 garbage-first heap   total 304128K, used 176128K [0x0000000080000000, 0x0000000100000000)
  region size 1024K, 9 young (9216K), 9 survivors (9216K)
 Metaspace       used 99299K, capacity 101578K, committed 101836K, reserved 1136640K
  class space    used 12787K, capacity 13666K, committed 13772K, reserved 1048576K
}
Event: 16.680 GC heap before
{Heap before GC invocations=40 (full 0):
 garbage-first heap   total 304128K, used 232448K [0x0000000080000000, 0x0000000100000000)
  region size 1024K, 64 young (65536K), 9 survivors (9216K)
 Metaspace       used 100266K, capacity 102645K, committed 102732K, reserved 1138688K
  class space    used 12968K, capacity 13854K, committed 13900K, reserved 1048576K
}

Deoptimization events (20 events):
Event: 16.440 Thread 0x0000019322e21800 Uncommon trap: trap_request=0xffffff4d fr.pc=0x000001930f5bf76c relative=0x00000000000029ec
Event: 16.440 Thread 0x0000019322e21800 Uncommon trap: reason=unstable_if action=reinterpret pc=0x000001930f5bf76c method=com.android.tools.r8.internal.U6.a(Lcom/android/tools/r8/internal/k1;ILjava/lang/String;[C)I @ 18 c2
Event: 16.440 Thread 0x0000019322e21800 DEOPT PACKING pc=0x000001930f5bf76c sp=0x0000001f68ef9710
Event: 16.440 Thread 0x0000019322e21800 DEOPT UNPACKING pc=0x00000193075178af sp=0x0000001f68ef96d8 mode 2
Event: 16.460 Thread 0x0000019322e21000 DEOPT PACKING pc=0x00000193090eea9b sp=0x0000001f68ff96e0
Event: 16.460 Thread 0x0000019322e21000 DEOPT UNPACKING pc=0x00000193075176ce sp=0x0000001f68ff8c10 mode 0
Event: 16.481 Thread 0x0000019322e1f000 DEOPT PACKING pc=0x00000193090eea9b sp=0x0000001f694f9c10
Event: 16.481 Thread 0x0000019322e1f000 DEOPT UNPACKING pc=0x00000193075176ce sp=0x0000001f694f9140 mode 0
Event: 16.501 Thread 0x0000019322e1d800 Uncommon trap: trap_request=0xffffff4d fr.pc=0x000001930f352e70 relative=0x0000000000001190
Event: 16.501 Thread 0x0000019322e1d800 Uncommon trap: reason=unstable_if action=reinterpret pc=0x000001930f352e70 method=java.util.WeakHashMap.remove(Ljava/lang/Object;)Ljava/lang/Object; @ 94 c2
Event: 16.501 Thread 0x0000019322e1d800 DEOPT PACKING pc=0x000001930f352e70 sp=0x0000001f691f6020
Event: 16.501 Thread 0x0000019322e1d800 DEOPT UNPACKING pc=0x00000193075178af sp=0x0000001f691f5ef8 mode 2
Event: 16.502 Thread 0x0000019322e1d800 Uncommon trap: trap_request=0xffffff4d fr.pc=0x000001930f18f95c relative=0x000000000000037c
Event: 16.502 Thread 0x0000019322e1d800 Uncommon trap: reason=unstable_if action=reinterpret pc=0x000001930f18f95c method=java.util.WeakHashMap.remove(Ljava/lang/Object;)Ljava/lang/Object; @ 94 c2
Event: 16.502 Thread 0x0000019322e1d800 DEOPT PACKING pc=0x000001930f18f95c sp=0x0000001f691f5f50
Event: 16.502 Thread 0x0000019322e1d800 DEOPT UNPACKING pc=0x00000193075178af sp=0x0000001f691f5f00 mode 2
Event: 16.515 Thread 0x0000019322e21000 DEOPT PACKING pc=0x0000019309235c84 sp=0x0000001f68ff8db0
Event: 16.515 Thread 0x0000019322e21000 DEOPT UNPACKING pc=0x00000193075176ce sp=0x0000001f68ff82d0 mode 0
Event: 16.655 Thread 0x0000019322e1e800 DEOPT PACKING pc=0x00000193092a4a87 sp=0x0000001f693f91d0
Event: 16.655 Thread 0x0000019322e1e800 DEOPT UNPACKING pc=0x00000193075176ce sp=0x0000001f693f86f0 mode 0

Classes redefined (0 events):
No events

Internal exceptions (20 events):
Event: 15.364 Thread 0x0000019322e21800 Exception <a 'java/lang/NoSuchMethodError'{0x000000008c6681e0}: 'long java.lang.invoke.DirectMethodHandle$Holder.invokeStatic(java.lang.Object, java.lang.Object)'> (0x000000008c6681e0) thrown at [./src/hotspot/share/interpreter/linkResolver.cpp, line 773]
Event: 15.454 Thread 0x0000019322e1d800 Exception <a 'java/lang/IncompatibleClassChangeError'{0x000000008a556ad0}: Found class java.lang.Object, but interface was expected> (0x000000008a556ad0) thrown at [./src/hotspot/share/interpreter/linkResolver.cpp, line 839]
Event: 15.456 Thread 0x0000019322e1d800 Exception <a 'java/lang/NoSuchMethodError'{0x000000008a45d4f8}: 'java.lang.Object java.lang.invoke.DirectMethodHandle$Holder.newInvokeSpecial(java.lang.Object, int)'> (0x000000008a45d4f8) thrown at [./src/hotspot/share/interpreter/linkResolver.cpp, line 773]
Event: 15.459 Thread 0x0000019322e1d800 Exception <a 'java/lang/IncompatibleClassChangeError'{0x000000008a21e950}: Found class java.lang.Object, but interface was expected> (0x000000008a21e950) thrown at [./src/hotspot/share/interpreter/linkResolver.cpp, line 839]
Event: 15.460 Thread 0x0000019322e1d800 Exception <a 'java/lang/IncompatibleClassChangeError'{0x000000008a228a50}: Found class java.lang.Object, but interface was expected> (0x000000008a228a50) thrown at [./src/hotspot/share/interpreter/linkResolver.cpp, line 839]
Event: 15.565 Thread 0x0000019322e22800 Exception <a 'java/lang/NoSuchMethodError'{0x000000008b9d66b0}: 'void java.lang.invoke.DirectMethodHandle$Holder.invokeStatic(java.lang.Object, java.lang.Object, java.lang.Object, int)'> (0x000000008b9d66b0) thrown at [./src/hotspot/share/interpreter/linkResolver.cpp, line 773]
Event: 15.577 Thread 0x0000019322e22800 Exception <a 'java/lang/IncompatibleClassChangeError'{0x000000008b84a898}: Found class java.lang.Object, but interface was expected> (0x000000008b84a898) thrown at [./src/hotspot/share/interpreter/linkResolver.cpp, line 839]
Event: 15.810 Thread 0x0000019322e1d800 Exception <a 'java/lang/NoSuchMethodError'{0x000000008adf67c8}: 'int java.lang.invoke.DirectMethodHandle$Holder.invokeVirtual(java.lang.Object, java.lang.Object, java.lang.Object)'> (0x000000008adf67c8) thrown at [./src/hotspot/share/interpreter/linkResolver.cpp, line 773]
Event: 15.811 Thread 0x0000019322e21800 Exception <a 'java/lang/NoSuchMethodError'{0x000000008aeeafe8}: 'int java.lang.invoke.DirectMethodHandle$Holder.invokeVirtual(java.lang.Object, java.lang.Object, java.lang.Object)'> (0x000000008aeeafe8) thrown at [./src/hotspot/share/interpreter/linkResolver.cpp, line 773]
Event: 16.207 Thread 0x0000019322e21800 Exception <a 'java/lang/NoSuchMethodError'{0x0000000091772828}: 'java.lang.Object java.lang.invoke.DirectMethodHandle$Holder.invokeStatic(java.lang.Object, int, java.lang.Object, java.lang.Object)'> (0x0000000091772828) thrown at [./src/hotspot/share/interpreter/linkResolver.cpp, line 773]
Event: 16.284 Thread 0x0000019322e22800 Exception <a 'java/lang/NoSuchMethodError'{0x00000000900682c0}: 'java.lang.Object java.lang.invoke.Invokers$Holder.linkToTargetMethod(java.lang.Object, java.lang.Object, java.lang.Object, java.lang.Object, java.lang.Object, java.lang.Object, java.lang.Object, java.lang.Object)'> (0x00000000900682c0) thrown at [./src/hotspot/share/interpreter/linkResolver.cpp, line 773]
Event: 16.284 Thread 0x0000019322e1d800 Exception <a 'java/lang/NoSuchMethodError'{0x0000000090ec7938}: 'int java.lang.invoke.DirectMethodHandle$Holder.invokeSpecial(java.lang.Object, java.lang.Object, java.lang.Object, java.lang.Object, java.lang.Object, java.lang.Object, java.lang.Object, java.lang.Object, java.lang.Object)'> (0x0000000090ec7938) thrown at [./src/hotspot/share/interpreter/linkResolver.cpp, line 773]
Event: 16.284 Thread 0x0000019322e21800 Exception <a 'java/lang/NoSuchMethodError'{0x0000000090003788}: 'int java.lang.invoke.DirectMethodHandle$Holder.invokeSpecial(java.lang.Object, java.lang.Object, java.lang.Object, java.lang.Object, java.lang.Object, java.lang.Object, java.lang.Object, java.lang.Object, java.lang.Object)'> (0x0000000090003788) thrown at [./src/hotspot/share/interpreter/linkResolver.cpp, line 773]
Event: 16.463 Thread 0x0000019322e22800 Exception <a 'java/lang/NoSuchMethodError'{0x00000000917664a0}: 'java.lang.Object java.lang.invoke.Invokers$Holder.linkToTargetMethod(java.lang.Object, java.lang.Object, java.lang.Object, java.lang.Object, java.lang.Object, java.lang.Object, java.lang.Object)'> (0x00000000917664a0) thrown at [./src/hotspot/share/interpreter/linkResolver.cpp, line 773]
Event: 16.503 Thread 0x0000019322e21800 Exception <a 'java/lang/NoSuchMethodError'{0x00000000908180c0}: 'int java.lang.invoke.DirectMethodHandle$Holder.invokeSpecial(java.lang.Object, java.lang.Object, java.lang.Object, java.lang.Object, java.lang.Object)'> (0x00000000908180c0) thrown at [./src/hotspot/share/interpreter/linkResolver.cpp, line 773]
Event: 16.612 Thread 0x0000019322e1d800 Exception <a 'java/lang/NoSuchMethodError'{0x0000000091ba4c10}: 'java.lang.Object java.lang.invoke.DirectMethodHandle$Holder.invokeVirtual(java.lang.Object, java.lang.Object, int, java.lang.Object)'> (0x0000000091ba4c10) thrown at [./src/hotspot/share/interpreter/linkResolver.cpp, line 773]
Event: 16.612 Thread 0x0000019322e21800 Exception <a 'java/lang/NoSuchMethodError'{0x0000000091b4de10}: 'java.lang.Object java.lang.invoke.DirectMethodHandle$Holder.invokeVirtual(java.lang.Object, java.lang.Object, int, java.lang.Object)'> (0x0000000091b4de10) thrown at [./src/hotspot/share/interpreter/linkResolver.cpp, line 773]
Event: 16.612 Thread 0x0000019322e22800 Exception <a 'java/lang/NoSuchMethodError'{0x00000000926d4b08}: 'java.lang.Object java.lang.invoke.DirectMethodHandle$Holder.invokeVirtual(java.lang.Object, java.lang.Object, int, java.lang.Object)'> (0x00000000926d4b08) thrown at [./src/hotspot/share/interpreter/linkResolver.cpp, line 773]
Event: 16.612 Thread 0x0000019322e1f000 Exception <a 'java/lang/NoSuchMethodError'{0x00000000923e3720}: 'java.lang.Object java.lang.invoke.DirectMethodHandle$Holder.invokeVirtual(java.lang.Object, java.lang.Object, int, java.lang.Object)'> (0x00000000923e3720) thrown at [./src/hotspot/share/interpreter/linkResolver.cpp, line 773]
Event: 16.642 Thread 0x0000019322e22800 Exception <a 'java/lang/NoSuchMethodError'{0x0000000090932e38}: 'void java.lang.invoke.DirectMethodHandle$Holder.invokeVirtual(java.lang.Object, java.lang.Object, int, java.lang.Object)'> (0x0000000090932e38) thrown at [./src/hotspot/share/interpreter/linkResolver.cpp, line 773]

Events (20 events):
Event: 16.677 loading class com/android/tools/r8/internal/uz done
Event: 16.677 loading class com/android/tools/r8/internal/e6$a
Event: 16.677 loading class com/android/tools/r8/internal/e6$a done
Event: 16.678 loading class com/android/tools/r8/internal/d9$a
Event: 16.678 loading class com/android/tools/r8/internal/tz
Event: 16.678 loading class com/android/tools/r8/internal/d9$a done
Event: 16.678 loading class com/android/tools/r8/internal/tz done
Event: 16.678 loading class com/android/tools/r8/internal/a9
Event: 16.678 loading class com/android/tools/r8/internal/a9 done
Event: 16.678 loading class com/android/tools/r8/internal/b9
Event: 16.678 loading class com/android/tools/r8/internal/b9 done
Event: 16.679 loading class com/android/tools/r8/internal/c9
Event: 16.679 loading class com/android/tools/r8/internal/c9 done
Event: 16.679 loading class com/android/tools/r8/graph/J0
Event: 16.679 loading class com/android/tools/r8/graph/J0 done
Event: 16.679 loading class com/android/tools/r8/internal/Gg$b
Event: 16.679 loading class com/android/tools/r8/internal/Gg$b done
Event: 16.679 loading class com/android/tools/r8/graph/o
Event: 16.679 loading class com/android/tools/r8/graph/o done
Event: 16.679 Executing VM operation: G1CollectForAllocation


Dynamic libraries:
0x00007ff7153a0000 - 0x00007ff7153aa000 	C:\Program Files\Android\Android Studio\jre\bin\java.exe
0x00007fff77d90000 - 0x00007fff77f85000 	C:\WINDOWS\SYSTEM32\ntdll.dll
0x00007fff76170000 - 0x00007fff7622e000 	C:\WINDOWS\System32\KERNEL32.DLL
0x00007fff754b0000 - 0x00007fff75778000 	C:\WINDOWS\System32\KERNELBASE.dll
0x00007fff72cf0000 - 0x00007fff72d80000 	C:\WINDOWS\SYSTEM32\apphelp.dll
0x00007fff758e0000 - 0x00007fff759e0000 	C:\WINDOWS\System32\ucrtbase.dll
0x00007fff5f320000 - 0x00007fff5f339000 	C:\Program Files\Android\Android Studio\jre\bin\jli.dll
0x00007fff5ee70000 - 0x00007fff5ee87000 	C:\Program Files\Android\Android Studio\jre\bin\VCRUNTIME140.dll
0x00007fff75e40000 - 0x00007fff75fe1000 	C:\WINDOWS\System32\USER32.dll
0x00007fff5fa10000 - 0x00007fff5fcaa000 	C:\WINDOWS\WinSxS\amd64_microsoft.windows.common-controls_6595b64144ccf1df_6.0.19041.1110_none_60b5254171f9507e\COMCTL32.dll
0x00007fff75d30000 - 0x00007fff75d52000 	C:\WINDOWS\System32\win32u.dll
0x00007fff76fd0000 - 0x00007fff7706e000 	C:\WINDOWS\System32\msvcrt.dll
0x00007fff76710000 - 0x00007fff7673b000 	C:\WINDOWS\System32\GDI32.dll
0x00007fff75a70000 - 0x00007fff75b7b000 	C:\WINDOWS\System32\gdi32full.dll
0x00007fff75be0000 - 0x00007fff75c7d000 	C:\WINDOWS\System32\msvcp_win.dll
0x00007fff76120000 - 0x00007fff76150000 	C:\WINDOWS\System32\IMM32.DLL
0x00007fff4b970000 - 0x00007fff4ba0d000 	C:\Program Files\Android\Android Studio\jre\bin\msvcp140.dll
0x00007fff019f0000 - 0x00007fff024bf000 	C:\Program Files\Android\Android Studio\jre\bin\server\jvm.dll
0x00007fff76f20000 - 0x00007fff76fcc000 	C:\WINDOWS\System32\ADVAPI32.dll
0x00007fff762b0000 - 0x00007fff7634b000 	C:\WINDOWS\System32\sechost.dll
0x00007fff77a10000 - 0x00007fff77b3a000 	C:\WINDOWS\System32\RPCRT4.dll
0x00007fff77a00000 - 0x00007fff77a08000 	C:\WINDOWS\System32\PSAPI.DLL
0x00007fff5c8e0000 - 0x00007fff5c8e9000 	C:\WINDOWS\SYSTEM32\WSOCK32.dll
0x00007fff6b9f0000 - 0x00007fff6ba17000 	C:\WINDOWS\SYSTEM32\WINMM.dll
0x00007fff6eb30000 - 0x00007fff6eb3a000 	C:\WINDOWS\SYSTEM32\VERSION.dll
0x00007fff778e0000 - 0x00007fff7794b000 	C:\WINDOWS\System32\WS2_32.dll
0x00007fff73370000 - 0x00007fff73382000 	C:\WINDOWS\SYSTEM32\kernel.appcore.dll
0x00007fff5c7d0000 - 0x00007fff5c7e1000 	C:\Program Files\Android\Android Studio\jre\bin\verify.dll
0x00007fff61390000 - 0x00007fff61574000 	C:\WINDOWS\SYSTEM32\DBGHELP.DLL
0x00007fff5c8f0000 - 0x00007fff5c91c000 	C:\WINDOWS\SYSTEM32\dbgcore.DLL
0x00007fff759e0000 - 0x00007fff75a63000 	C:\WINDOWS\System32\bcryptPrimitives.dll
0x00007fff5ae20000 - 0x00007fff5ae49000 	C:\Program Files\Android\Android Studio\jre\bin\java.dll
0x00007fff5c8d0000 - 0x00007fff5c8db000 	C:\Program Files\Android\Android Studio\jre\bin\jimage.dll
0x00007fff59490000 - 0x00007fff594a8000 	C:\Program Files\Android\Android Studio\jre\bin\zip.dll
0x00007fff77070000 - 0x00007fff777af000 	C:\WINDOWS\System32\SHELL32.dll
0x00007fff73570000 - 0x00007fff73d00000 	C:\WINDOWS\SYSTEM32\windows.storage.dll
0x00007fff763b0000 - 0x00007fff76705000 	C:\WINDOWS\System32\combase.dll
0x00007fff74e30000 - 0x00007fff74e5e000 	C:\WINDOWS\SYSTEM32\Wldp.dll
0x00007fff76e70000 - 0x00007fff76f1d000 	C:\WINDOWS\System32\SHCORE.dll
0x00007fff76350000 - 0x00007fff763a5000 	C:\WINDOWS\System32\shlwapi.dll
0x00007fff753f0000 - 0x00007fff7540f000 	C:\WINDOWS\SYSTEM32\profapi.dll
0x00007fff59470000 - 0x00007fff5948a000 	C:\Program Files\Android\Android Studio\jre\bin\net.dll
0x00007fff64330000 - 0x00007fff6443c000 	C:\WINDOWS\SYSTEM32\WINHTTP.dll
0x00007fff74b40000 - 0x00007fff74baa000 	C:\WINDOWS\system32\mswsock.dll
0x00007fff59400000 - 0x00007fff59414000 	C:\Program Files\Android\Android Studio\jre\bin\nio.dll
0x00007fff587a0000 - 0x00007fff587c7000 	C:\Users\souvik dey\.gradle\native\8bec1ad78214c89d9ad589b4d07fe93259594b29d510b10fafb7a158f7737e5d\windows-amd64\native-platform.dll
0x00007fff4b710000 - 0x00007fff4b84d000 	C:\Users\souvik dey\.gradle\native\53dbd7edfb1c66fb8903c78663c9afc45aea4f116125fa6feffd364cf09443e8\windows-amd64\native-platform-file-events.dll
0x00007fff5c890000 - 0x00007fff5c89a000 	C:\Program Files\Android\Android Studio\jre\bin\management.dll
0x00007fff593f0000 - 0x00007fff593fc000 	C:\Program Files\Android\Android Studio\jre\bin\management_ext.dll
0x00007fff74d00000 - 0x00007fff74d18000 	C:\WINDOWS\SYSTEM32\CRYPTSP.dll
0x00007fff744d0000 - 0x00007fff74504000 	C:\WINDOWS\system32\rsaenh.dll
0x00007fff75d60000 - 0x00007fff75d87000 	C:\WINDOWS\System32\bcrypt.dll
0x00007fff75370000 - 0x00007fff7539e000 	C:\WINDOWS\SYSTEM32\USERENV.dll
0x00007fff74d20000 - 0x00007fff74d2c000 	C:\WINDOWS\SYSTEM32\CRYPTBASE.dll
0x00007fff74850000 - 0x00007fff7488b000 	C:\WINDOWS\SYSTEM32\IPHLPAPI.DLL
0x00007fff75ff0000 - 0x00007fff75ff8000 	C:\WINDOWS\System32\NSI.dll
0x00007fff6bb30000 - 0x00007fff6bb47000 	C:\WINDOWS\SYSTEM32\dhcpcsvc6.DLL
0x00007fff6d8b0000 - 0x00007fff6d8cd000 	C:\WINDOWS\SYSTEM32\dhcpcsvc.DLL
0x00007fff74890000 - 0x00007fff7495b000 	C:\WINDOWS\SYSTEM32\DNSAPI.dll

dbghelp: loaded successfully - version: 4.0.5 - missing functions: none
symbol engine: initialized successfully - sym options: 0x614 - pdb path: .;C:\Program Files\Android\Android Studio\jre\bin;C:\WINDOWS\SYSTEM32;C:\WINDOWS\WinSxS\amd64_microsoft.windows.common-controls_6595b64144ccf1df_6.0.19041.1110_none_60b5254171f9507e;C:\Program Files\Android\Android Studio\jre\bin\server;C:\Users\souvik dey\.gradle\native\8bec1ad78214c89d9ad589b4d07fe93259594b29d510b10fafb7a158f7737e5d\windows-amd64;C:\Users\souvik dey\.gradle\native\53dbd7edfb1c66fb8903c78663c9afc45aea4f116125fa6feffd364cf09443e8\windows-amd64

VM Arguments:
jvm_args: --add-opens=java.base/java.util=ALL-UNNAMED --add-opens=java.base/java.lang=ALL-UNNAMED --add-opens=java.base/java.lang.invoke=ALL-UNNAMED --add-opens=java.base/java.util=ALL-UNNAMED --add-opens=java.prefs/java.util.prefs=ALL-UNNAMED --add-opens=java.prefs/java.util.prefs=ALL-UNNAMED --add-opens=java.base/java.nio.charset=ALL-UNNAMED --add-opens=java.base/java.net=ALL-UNNAMED --add-opens=java.base/java.util.concurrent.atomic=ALL-UNNAMED -Xmx2048m -Dfile.encoding=UTF-8 -Duser.country=IN -Duser.language=en -Duser.variant 
java_command: org.gradle.launcher.daemon.bootstrap.GradleDaemon 7.0.2
java_class_path (initial): C:\Users\souvik dey\.gradle\wrapper\dists\gradle-7.0.2-bin\857tjihv64xamwrf0h14cai3r\gradle-7.0.2\lib\gradle-launcher-7.0.2.jar
Launcher Type: SUN_STANDARD

[Global flags]
     intx CICompilerCount                          = 4                                         {product} {ergonomic}
     uint ConcGCThreads                            = 2                                         {product} {ergonomic}
     uint G1ConcRefinementThreads                  = 8                                         {product} {ergonomic}
   size_t G1HeapRegionSize                         = 1048576                                   {product} {ergonomic}
    uintx GCDrainStackTargetSize                   = 64                                        {product} {ergonomic}
   size_t InitialHeapSize                          = 100663296                                 {product} {ergonomic}
   size_t MarkStackSize                            = 4194304                                   {product} {ergonomic}
   size_t MaxHeapSize                              = 2147483648                                {product} {command line}
   size_t MaxNewSize                               = 1287651328                                {product} {ergonomic}
   size_t MinHeapDeltaBytes                        = 1048576                                   {product} {ergonomic}
    uintx NonNMethodCodeHeapSize                   = 5836300                                {pd product} {ergonomic}
    uintx NonProfiledCodeHeapSize                  = 122910970                              {pd product} {ergonomic}
    uintx ProfiledCodeHeapSize                     = 122910970                              {pd product} {ergonomic}
    uintx ReservedCodeCacheSize                    = 251658240                              {pd product} {ergonomic}
     bool SegmentedCodeCache                       = true                                      {product} {ergonomic}
     bool UseCompressedClassPointers               = true                                 {lp64_product} {ergonomic}
     bool UseCompressedOops                        = true                                 {lp64_product} {ergonomic}
     bool UseG1GC                                  = true                                      {product} {ergonomic}
     bool UseLargePagesIndividualAllocation        = false                                  {pd product} {ergonomic}

Logging:
Log output configuration:
 #0: stdout all=warning uptime,level,tags
 #1: stderr all=off uptime,level,tags

Environment Variables:
PATH=C:\python 3.9.1\Scripts\;C:\python 3.9.1\;C:\WINDOWS\system32;C:\WINDOWS;C:\WINDOWS\System32\Wbem;C:\WINDOWS\System32\WindowsPowerShell\v1.0\;C:\WINDOWS\System32\OpenSSH\;C:\MinGW\bin;C:\Program Files\Git\cmd;C:\Users\souvik dey\AppData\Local\Microsoft\WindowsApps;C:\Users\souvik dey\AppData\Local\atom\bin
USERNAME=souvik dey
OS=Windows_NT
PROCESSOR_IDENTIFIER=AMD64 Family 23 Model 24 Stepping 1, AuthenticAMD



---------------  S Y S T E M  ---------------

OS: Windows 10 , 64 bit Build 19041 (10.0.19041.1348)
OS uptime: 18 days 22:28 hours
Hyper-V role detected

CPU:total 8 (initial active 8) (8 cores per cpu, 2 threads per core) family 23 model 24 stepping 1 microcode 0x0, cmov, cx8, fxsr, mmx, sse, sse2, sse3, ssse3, sse4.1, sse4.2, popcnt, avx, avx2, aes, clmul, mmxext, 3dnowpref, lzcnt, sse4a, ht, tsc, tscinvbit, tscinv, bmi1, bmi2, adx, s

Memory: 4k page, system-wide physical 6058M (302M free)
TotalPageFile size 24490M (AvailPageFile size 244M)
current process WorkingSet (physical memory assigned to process): 613M, peak: 613M
current process commit charge ("private bytes"): 701M, peak: 994M

vm_info: OpenJDK 64-Bit Server VM (11.0.10+0-b96-7249189) for windows-amd64 JRE (11.0.10+0-b96-7249189), built on Mar 31 2021 21:44:00 by "builder" with MS VC++ 14.0 (VS2015)

END.
