#
# There is insufficient memory for the Java Runtime Environment to continue.
# Native memory allocation (malloc) failed to allocate 996976 bytes for Chunk::new
# Possible reasons:
#   The system is out of physical RAM or swap space
#   The process is running with CompressedOops enabled, and the Java Heap may be blocking the growth of the native heap
# Possible solutions:
#   Reduce memory load on the system
#   Increase physical memory or swap space
#   Check if swap backing store is full
#   Decrease Java heap size (-Xmx/-Xms)
#   Decrease number of Java threads
#   Decrease Java thread stack sizes (-Xss)
#   Set larger code cache with -XX:ReservedCodeCacheSize=
#   JVM is running with Unscaled Compressed Oops mode in which the Java heap is
#     placed in the first 4GB address space. The Java Heap base address is the
#     maximum limit for the native heap growth. Please use -XX:HeapBaseMinAddress
#     to set the Java Heap base and to place the Java Heap above 4GB virtual address.
# This output file may be truncated or incomplete.
#
#  Out of Memory Error (./src/hotspot/share/memory/arena.cpp:197), pid=24524, tid=28456
#
# JRE version: OpenJDK Runtime Environment (11.0.10) (build 11.0.10+0-b96-7249189)
# Java VM: OpenJDK 64-Bit Server VM (11.0.10+0-b96-7249189, mixed mode, tiered, compressed oops, g1 gc, windows-amd64)
# No core dump will be written. Minidumps are not enabled by default on client versions of Windows
#

---------------  S U M M A R Y ------------

Command Line: --add-opens=java.base/java.util=ALL-UNNAMED --add-opens=java.base/java.lang=ALL-UNNAMED --add-opens=java.base/java.lang.invoke=ALL-UNNAMED --add-opens=java.base/java.util=ALL-UNNAMED --add-opens=java.prefs/java.util.prefs=ALL-UNNAMED --add-opens=java.prefs/java.util.prefs=ALL-UNNAMED --add-opens=java.base/java.nio.charset=ALL-UNNAMED --add-opens=java.base/java.net=ALL-UNNAMED --add-opens=java.base/java.util.concurrent.atomic=ALL-UNNAMED -Xmx2048m -Dfile.encoding=UTF-8 -Duser.country=IN -Duser.language=en -Duser.variant org.gradle.launcher.daemon.bootstrap.GradleDaemon 7.0.2

Host: AMD Ryzen 5 3500U with Radeon Vega Mobile Gfx  , 8 cores, 5G,  Windows 10 , 64 bit Build 19041 (10.0.19041.1348)
Time: Tue Dec 14 03:25:43 2021 India Standard Time elapsed time: 15.846891 seconds (0d 0h 0m 15s)

---------------  T H R E A D  ---------------

Current thread (0x000002393a326800):  JavaThread "C2 CompilerThread0" daemon [_thread_in_native, id=28456, stack(0x000000fa73c00000,0x000000fa73d00000)]


Current CompileTask:
C2:  15846 7586       4       org.gradle.internal.instantiation.generator.AbstractClassGenerator::inspectType (560 bytes)

Stack: [0x000000fa73c00000,0x000000fa73d00000]
Native frames: (J=compiled Java code, j=interpreted, Vv=VM code, C=native code)
V  [jvm.dll+0x5ecfaa]
V  [jvm.dll+0x722bd5]
V  [jvm.dll+0x72412d]
V  [jvm.dll+0x7247e3]
V  [jvm.dll+0x242928]
V  [jvm.dll+0xbc4fc]
V  [jvm.dll+0xbca0c]
V  [jvm.dll+0x2b4fd4]
V  [jvm.dll+0x506028]
V  [jvm.dll+0x1fc985]
V  [jvm.dll+0x1fa77f]
V  [jvm.dll+0x18354c]
V  [jvm.dll+0x208ee7]
V  [jvm.dll+0x207731]
V  [jvm.dll+0x6eb1cf]
V  [jvm.dll+0x6e3d45]
V  [jvm.dll+0x5ebe96]
C  [ucrtbase.dll+0x21bb2]
C  [KERNEL32.DLL+0x17034]
C  [ntdll.dll+0x52651]


---------------  P R O C E S S  ---------------

Threads class SMR info:
_java_thread_list=0x000002393d400fb0, length=51, elements={
0x000002391feaf800, 0x000002393a303800, 0x000002393a30f800, 0x000002393a31e000,
0x000002393a31f000, 0x000002393a321000, 0x000002393a326800, 0x000002393a32e000,
0x000002393a330000, 0x000002393add1800, 0x000002393c063800, 0x000002393b392000,
0x000002393c6fd800, 0x000002393caab000, 0x000002393caaf000, 0x000002393cab0000,
0x000002393cab1000, 0x000002393cab1800, 0x000002393caac000, 0x000002393caad800,
0x000002393caac800, 0x000002393caae800, 0x000002393ce56800, 0x000002393ce5a800,
0x000002393ce57000, 0x000002393ce58000, 0x000002393ce58800, 0x000002393ce59800,
0x000002393ce5b000, 0x000002393ce55800, 0x000002393ce62800, 0x000002393ce5e800,
0x000002393ce5d800, 0x000002393ce61000, 0x000002393ce64000, 0x000002393ce60000,
0x000002393ce61800, 0x000002393ce63800, 0x00000239401f3000, 0x00000239401f9800,
0x00000239401f5000, 0x00000239401f6000, 0x00000239401f3800, 0x00000239401f7000,
0x00000239401fa000, 0x00000239401f8800, 0x00000239401f4800, 0x00000239401fb000,
0x00000239401fb800, 0x00000239401f7800, 0x0000023940201800
}

Java Threads: ( => current thread )
  0x000002391feaf800 JavaThread "main" [_thread_blocked, id=26200, stack(0x000000fa73000000,0x000000fa73100000)]
  0x000002393a303800 JavaThread "Reference Handler" daemon [_thread_blocked, id=22520, stack(0x000000fa73700000,0x000000fa73800000)]
  0x000002393a30f800 JavaThread "Finalizer" daemon [_thread_blocked, id=13676, stack(0x000000fa73800000,0x000000fa73900000)]
  0x000002393a31e000 JavaThread "Signal Dispatcher" daemon [_thread_blocked, id=25568, stack(0x000000fa73900000,0x000000fa73a00000)]
  0x000002393a31f000 JavaThread "Attach Listener" daemon [_thread_blocked, id=7972, stack(0x000000fa73a00000,0x000000fa73b00000)]
  0x000002393a321000 JavaThread "Service Thread" daemon [_thread_blocked, id=13988, stack(0x000000fa73b00000,0x000000fa73c00000)]
=>0x000002393a326800 JavaThread "C2 CompilerThread0" daemon [_thread_in_native, id=28456, stack(0x000000fa73c00000,0x000000fa73d00000)]
  0x000002393a32e000 JavaThread "C1 CompilerThread0" daemon [_thread_blocked, id=24784, stack(0x000000fa73d00000,0x000000fa73e00000)]
  0x000002393a330000 JavaThread "Sweeper thread" daemon [_thread_blocked, id=27092, stack(0x000000fa73e00000,0x000000fa73f00000)]
  0x000002393add1800 JavaThread "Common-Cleaner" daemon [_thread_blocked, id=26932, stack(0x000000fa73f00000,0x000000fa74000000)]
  0x000002393c063800 JavaThread "Daemon health stats" [_thread_blocked, id=5504, stack(0x000000fa74300000,0x000000fa74400000)]
  0x000002393b392000 JavaThread "Incoming local TCP Connector on port 59196" [_thread_in_native, id=24652, stack(0x000000fa74100000,0x000000fa74200000)]
  0x000002393c6fd800 JavaThread "Daemon periodic checks" [_thread_blocked, id=26320, stack(0x000000fa74600000,0x000000fa74700000)]
  0x000002393caab000 JavaThread "Daemon" [_thread_blocked, id=21604, stack(0x000000fa74700000,0x000000fa74800000)]
  0x000002393caaf000 JavaThread "Handler for socket connection from /127.0.0.1:59196 to /127.0.0.1:59197" [_thread_in_native, id=20080, stack(0x000000fa74800000,0x000000fa74900000)]
  0x000002393cab0000 JavaThread "Cancel handler" [_thread_blocked, id=5048, stack(0x000000fa74900000,0x000000fa74a00000)]
  0x000002393cab1000 JavaThread "Daemon worker" [_thread_in_native, id=16924, stack(0x000000fa74a00000,0x000000fa74b00000)]
  0x000002393cab1800 JavaThread "Asynchronous log dispatcher for DefaultDaemonConnection: socket connection from /127.0.0.1:59196 to /127.0.0.1:59197" [_thread_blocked, id=23676, stack(0x000000fa74b00000,0x000000fa74c00000)]
  0x000002393caac000 JavaThread "Stdin handler" [_thread_blocked, id=20056, stack(0x000000fa74c00000,0x000000fa74d00000)]
  0x000002393caad800 JavaThread "Daemon client event forwarder" [_thread_blocked, id=1780, stack(0x000000fa74d00000,0x000000fa74e00000)]
  0x000002393caac800 JavaThread "Cache worker for file hash cache (C:\Users\souvik dey\.gradle\caches\7.0.2\fileHashes)" [_thread_blocked, id=15456, stack(0x000000fa75300000,0x000000fa75400000)]
  0x000002393caae800 JavaThread "File lock request listener" [_thread_in_native, id=23528, stack(0x000000fa75400000,0x000000fa75500000)]
  0x000002393ce56800 JavaThread "Cache worker for journal cache (C:\Users\souvik dey\.gradle\caches\journal-1)" [_thread_blocked, id=28476, stack(0x000000fa75600000,0x000000fa75700000)]
  0x000002393ce5a800 JavaThread "Cache worker for file hash cache (E:\my programming\android projects\EasyDRAW\.gradle\7.0.2\fileHashes)" [_thread_blocked, id=14448, stack(0x000000fa75700000,0x000000fa75800000)]
  0x000002393ce57000 JavaThread "File watcher server" daemon [_thread_in_native, id=28496, stack(0x000000fa75800000,0x000000fa75900000)]
  0x000002393ce58000 JavaThread "File watcher consumer" daemon [_thread_blocked, id=3136, stack(0x000000fa75900000,0x000000fa75a00000)]
  0x000002393ce58800 JavaThread "Cache worker for checksums cache (E:\my programming\android projects\EasyDRAW\.gradle\checksums)" [_thread_blocked, id=28344, stack(0x000000fa75a00000,0x000000fa75b00000)]
  0x000002393ce59800 JavaThread "Cache worker for cache directory md-supplier (C:\Users\souvik dey\.gradle\caches\7.0.2\md-supplier)" [_thread_blocked, id=25296, stack(0x000000fa75b00000,0x000000fa75c00000)]
  0x000002393ce5b000 JavaThread "Cache worker for cache directory md-rule (C:\Users\souvik dey\.gradle\caches\7.0.2\md-rule)" [_thread_blocked, id=10816, stack(0x000000fa75c00000,0x000000fa75d00000)]
  0x000002393ce55800 JavaThread "Cache worker for execution history cache (C:\Users\souvik dey\.gradle\caches\7.0.2\executionHistory)" [_thread_blocked, id=17364, stack(0x000000fa75d00000,0x000000fa75e00000)]
  0x000002393ce62800 JavaThread "jar transforms" [_thread_blocked, id=27608, stack(0x000000fa75e00000,0x000000fa75f00000)]
  0x000002393ce5e800 JavaThread "jar transforms Thread 2" [_thread_blocked, id=19632, stack(0x000000fa75f00000,0x000000fa76000000)]
  0x000002393ce5d800 JavaThread "Cache worker for file content cache (C:\Users\souvik dey\.gradle\caches\7.0.2\fileContent)" [_thread_blocked, id=18072, stack(0x000000fa76000000,0x000000fa76100000)]
  0x000002393ce61000 JavaThread "Cache worker for dependencies-accessors (E:\my programming\android projects\EasyDRAW\.gradle\7.0.2\dependencies-accessors)" [_thread_blocked, id=28624, stack(0x000000fa76100000,0x000000fa76200000)]
  0x000002393ce64000 JavaThread "jar transforms Thread 3" [_thread_blocked, id=24792, stack(0x000000fa76200000,0x000000fa76300000)]
  0x000002393ce60000 JavaThread "Cache worker for Build Output Cleanup Cache (E:\my programming\android projects\EasyDRAW\.gradle\buildOutputCleanup)" [_thread_blocked, id=28308, stack(0x000000fa76300000,0x000000fa76400000)]
  0x000002393ce61800 JavaThread "Build operations" [_thread_blocked, id=3584, stack(0x000000fa76400000,0x000000fa76500000)]
  0x000002393ce63800 JavaThread "Build operations Thread 2" [_thread_blocked, id=14896, stack(0x000000fa76500000,0x000000fa76600000)]
  0x00000239401f3000 JavaThread "Build operations Thread 3" [_thread_blocked, id=12144, stack(0x000000fa76600000,0x000000fa76700000)]
  0x00000239401f9800 JavaThread "Build operations Thread 4" [_thread_blocked, id=25772, stack(0x000000fa76700000,0x000000fa76800000)]
  0x00000239401f5000 JavaThread "Build operations Thread 5" [_thread_blocked, id=16260, stack(0x000000fa76800000,0x000000fa76900000)]
  0x00000239401f6000 JavaThread "Build operations Thread 6" [_thread_blocked, id=28584, stack(0x000000fa76900000,0x000000fa76a00000)]
  0x00000239401f3800 JavaThread "Build operations Thread 7" [_thread_blocked, id=28104, stack(0x000000fa76a00000,0x000000fa76b00000)]
  0x00000239401f7000 JavaThread "Build operations Thread 8" [_thread_blocked, id=5556, stack(0x000000fa76b00000,0x000000fa76c00000)]
  0x00000239401fa000 JavaThread "jar transforms Thread 4" [_thread_blocked, id=3368, stack(0x000000fa76c00000,0x000000fa76d00000)]
  0x00000239401f8800 JavaThread "jar transforms Thread 5" [_thread_blocked, id=28272, stack(0x000000fa76d00000,0x000000fa76e00000)]
  0x00000239401f4800 JavaThread "jar transforms Thread 6" [_thread_blocked, id=16716, stack(0x000000fa76e00000,0x000000fa76f00000)]
  0x00000239401fb000 JavaThread "jar transforms Thread 7" [_thread_blocked, id=26572, stack(0x000000fa76f00000,0x000000fa77000000)]
  0x00000239401fb800 JavaThread "jar transforms Thread 8" [_thread_blocked, id=10116, stack(0x000000fa77000000,0x000000fa77100000)]
  0x00000239401f7800 JavaThread "Memory manager" [_thread_blocked, id=26384, stack(0x000000fa77100000,0x000000fa77200000)]
  0x0000023940201800 JavaThread "build event listener" [_thread_blocked, id=25488, stack(0x000000fa77200000,0x000000fa77300000)]

Other Threads:
  0x000002393a2fd800 VMThread "VM Thread" [stack: 0x000000fa73600000,0x000000fa73700000] [id=27044]
  0x000002393ae11000 WatcherThread [stack: 0x000000fa74000000,0x000000fa74100000] [id=23688]
  0x000002391dd1d800 GCTaskThread "GC Thread#0" [stack: 0x000000fa73100000,0x000000fa73200000] [id=20012]
  0x000002393bda7800 GCTaskThread "GC Thread#1" [stack: 0x000000fa74200000,0x000000fa74300000] [id=17276]
  0x000002393c461000 GCTaskThread "GC Thread#2" [stack: 0x000000fa74400000,0x000000fa74500000] [id=17344]
  0x000002393d569000 GCTaskThread "GC Thread#3" [stack: 0x000000fa74500000,0x000000fa74600000] [id=21696]
  0x000002393d9ee800 GCTaskThread "GC Thread#4" [stack: 0x000000fa74e00000,0x000000fa74f00000] [id=2372]
  0x000002393c426000 GCTaskThread "GC Thread#5" [stack: 0x000000fa74f00000,0x000000fa75000000] [id=9292]
  0x000002393be47000 GCTaskThread "GC Thread#6" [stack: 0x000000fa75000000,0x000000fa75100000] [id=23672]
  0x000002393cd75000 GCTaskThread "GC Thread#7" [stack: 0x000000fa75100000,0x000000fa75200000] [id=23084]
  0x000002391fef4800 ConcurrentGCThread "G1 Main Marker" [stack: 0x000000fa73200000,0x000000fa73300000] [id=9696]
  0x000002391fef6000 ConcurrentGCThread "G1 Conc#0" [stack: 0x000000fa73300000,0x000000fa73400000] [id=24580]
  0x000002393c6bf800 ConcurrentGCThread "G1 Conc#1" [stack: 0x000000fa75500000,0x000000fa75600000] [id=16812]
  0x000002391ff7a800 ConcurrentGCThread "G1 Refine#0" [stack: 0x000000fa73400000,0x000000fa73500000] [id=8304]
  0x000002391ff7c000 ConcurrentGCThread "G1 Young RemSet Sampling" [stack: 0x000000fa73500000,0x000000fa73600000] [id=26916]

Threads with active compile tasks:
C2 CompilerThread0  15898 7586       4       org.gradle.internal.instantiation.generator.AbstractClassGenerator::inspectType (560 bytes)

VM state:not at safepoint (normal execution)

VM Mutex/Monitor currently owned by a thread: None

Heap address: 0x0000000080000000, size: 2048 MB, Compressed Oops mode: 32-bit
Narrow klass base: 0x0000000000000000, Narrow klass shift: 3
Compressed class space size: 1073741824 Address: 0x0000000100000000

Heap:
 garbage-first heap   total 143360K, used 81774K [0x0000000080000000, 0x0000000100000000)
  region size 1024K, 20 young (20480K), 4 survivors (4096K)
 Metaspace       used 80754K, capacity 82504K, committed 82892K, reserved 1120256K
  class space    used 10424K, capacity 11079K, committed 11212K, reserved 1048576K
Heap Regions: E=young(eden), S=young(survivor), O=old, HS=humongous(starts), HC=humongous(continues), CS=collection set, F=free, A=archive, TAMS=top-at-mark-start (previous, next)
|   0|0x0000000080000000, 0x0000000080100000, 0x0000000080100000|100%| O|  |TAMS 0x0000000080100000, 0x0000000080000000| Untracked 
|   1|0x0000000080100000, 0x0000000080200000, 0x0000000080200000|100%| O|  |TAMS 0x0000000080200000, 0x0000000080100000| Untracked 
|   2|0x0000000080200000, 0x0000000080300000, 0x0000000080300000|100%| O|  |TAMS 0x0000000080300000, 0x0000000080200000| Untracked 
|   3|0x0000000080300000, 0x0000000080400000, 0x0000000080400000|100%|HS|  |TAMS 0x0000000080400000, 0x0000000080300000| Complete 
|   4|0x0000000080400000, 0x0000000080500000, 0x0000000080500000|100%|HC|  |TAMS 0x0000000080500000, 0x0000000080400000| Complete 
|   5|0x0000000080500000, 0x0000000080600000, 0x0000000080600000|100%|HC|  |TAMS 0x0000000080600000, 0x0000000080500000| Complete 
|   6|0x0000000080600000, 0x0000000080700000, 0x0000000080700000|100%| O|  |TAMS 0x0000000080700000, 0x0000000080600000| Untracked 
|   7|0x0000000080700000, 0x0000000080800000, 0x0000000080800000|100%| O|  |TAMS 0x0000000080800000, 0x0000000080700000| Untracked 
|   8|0x0000000080800000, 0x0000000080900000, 0x0000000080900000|100%| O|  |TAMS 0x0000000080900000, 0x0000000080800000| Untracked 
|   9|0x0000000080900000, 0x0000000080a00000, 0x0000000080a00000|100%| O|  |TAMS 0x0000000080a00000, 0x0000000080900000| Untracked 
|  10|0x0000000080a00000, 0x0000000080b00000, 0x0000000080b00000|100%| O|  |TAMS 0x0000000080b00000, 0x0000000080a00000| Untracked 
|  11|0x0000000080b00000, 0x0000000080c00000, 0x0000000080c00000|100%| O|  |TAMS 0x0000000080c00000, 0x0000000080b00000| Untracked 
|  12|0x0000000080c00000, 0x0000000080d00000, 0x0000000080d00000|100%| O|  |TAMS 0x0000000080d00000, 0x0000000080c00000| Untracked 
|  13|0x0000000080d00000, 0x0000000080e00000, 0x0000000080e00000|100%| O|  |TAMS 0x0000000080e00000, 0x0000000080d00000| Untracked 
|  14|0x0000000080e00000, 0x0000000080f00000, 0x0000000080f00000|100%| O|  |TAMS 0x0000000080f00000, 0x0000000080e00000| Untracked 
|  15|0x0000000080f00000, 0x0000000081000000, 0x0000000081000000|100%| O|  |TAMS 0x0000000081000000, 0x0000000080f00000| Untracked 
|  16|0x0000000081000000, 0x0000000081100000, 0x0000000081100000|100%| O|  |TAMS 0x0000000081100000, 0x0000000081000000| Untracked 
|  17|0x0000000081100000, 0x0000000081200000, 0x0000000081200000|100%| O|  |TAMS 0x0000000081200000, 0x0000000081100000| Untracked 
|  18|0x0000000081200000, 0x0000000081300000, 0x0000000081300000|100%| O|  |TAMS 0x0000000081300000, 0x0000000081200000| Untracked 
|  19|0x0000000081300000, 0x0000000081400000, 0x0000000081400000|100%| O|  |TAMS 0x0000000081400000, 0x0000000081300000| Untracked 
|  20|0x0000000081400000, 0x0000000081500000, 0x0000000081500000|100%| O|  |TAMS 0x0000000081500000, 0x0000000081400000| Untracked 
|  21|0x0000000081500000, 0x0000000081600000, 0x0000000081600000|100%| O|  |TAMS 0x0000000081600000, 0x0000000081500000| Untracked 
|  22|0x0000000081600000, 0x0000000081700000, 0x0000000081700000|100%| O|  |TAMS 0x0000000081700000, 0x0000000081600000| Untracked 
|  23|0x0000000081700000, 0x0000000081800000, 0x0000000081800000|100%| O|  |TAMS 0x0000000081800000, 0x0000000081700000| Untracked 
|  24|0x0000000081800000, 0x0000000081900000, 0x0000000081900000|100%| O|  |TAMS 0x0000000081900000, 0x0000000081800000| Untracked 
|  25|0x0000000081900000, 0x0000000081a00000, 0x0000000081a00000|100%| O|  |TAMS 0x0000000081a00000, 0x0000000081900000| Untracked 
|  26|0x0000000081a00000, 0x0000000081b00000, 0x0000000081b00000|100%|HS|  |TAMS 0x0000000081b00000, 0x0000000081a00000| Complete 
|  27|0x0000000081b00000, 0x0000000081c00000, 0x0000000081c00000|100%|HS|  |TAMS 0x0000000081c00000, 0x0000000081b00000| Complete 
|  28|0x0000000081c00000, 0x0000000081d00000, 0x0000000081d00000|100%|HS|  |TAMS 0x0000000081d00000, 0x0000000081c00000| Complete 
|  29|0x0000000081d00000, 0x0000000081e00000, 0x0000000081e00000|100%|HS|  |TAMS 0x0000000081e00000, 0x0000000081d00000| Complete 
|  30|0x0000000081e00000, 0x0000000081f00000, 0x0000000081f00000|100%|HC|  |TAMS 0x0000000081f00000, 0x0000000081e00000| Complete 
|  31|0x0000000081f00000, 0x0000000082000000, 0x0000000082000000|100%|HC|  |TAMS 0x0000000082000000, 0x0000000081f00000| Complete 
|  32|0x0000000082000000, 0x0000000082100000, 0x0000000082100000|100%| O|  |TAMS 0x0000000082100000, 0x0000000082000000| Untracked 
|  33|0x0000000082100000, 0x0000000082200000, 0x0000000082200000|100%| O|  |TAMS 0x0000000082200000, 0x0000000082100000| Untracked 
|  34|0x0000000082200000, 0x0000000082300000, 0x0000000082300000|100%| O|  |TAMS 0x0000000082300000, 0x0000000082200000| Untracked 
|  35|0x0000000082300000, 0x0000000082400000, 0x0000000082400000|100%| O|  |TAMS 0x0000000082400000, 0x0000000082300000| Untracked 
|  36|0x0000000082400000, 0x0000000082500000, 0x0000000082500000|100%|HS|  |TAMS 0x0000000082500000, 0x0000000082400000| Complete 
|  37|0x0000000082500000, 0x0000000082600000, 0x0000000082600000|100%|HC|  |TAMS 0x0000000082600000, 0x0000000082500000| Complete 
|  38|0x0000000082600000, 0x0000000082700000, 0x0000000082700000|100%| O|  |TAMS 0x0000000082700000, 0x0000000082600000| Untracked 
|  39|0x0000000082700000, 0x0000000082800000, 0x0000000082800000|100%| O|  |TAMS 0x0000000082800000, 0x0000000082700000| Untracked 
|  40|0x0000000082800000, 0x0000000082900000, 0x0000000082900000|100%| O|  |TAMS 0x0000000082900000, 0x0000000082800000| Untracked 
|  41|0x0000000082900000, 0x0000000082a00000, 0x0000000082a00000|100%| O|  |TAMS 0x0000000082a00000, 0x0000000082900000| Untracked 
|  42|0x0000000082a00000, 0x0000000082b00000, 0x0000000082b00000|100%| O|  |TAMS 0x0000000082b00000, 0x0000000082a00000| Untracked 
|  43|0x0000000082b00000, 0x0000000082c00000, 0x0000000082c00000|100%| O|  |TAMS 0x0000000082c00000, 0x0000000082b00000| Untracked 
|  44|0x0000000082c00000, 0x0000000082d00000, 0x0000000082d00000|100%| O|  |TAMS 0x0000000082d00000, 0x0000000082c00000| Untracked 
|  45|0x0000000082d00000, 0x0000000082e00000, 0x0000000082e00000|100%| O|  |TAMS 0x0000000082e00000, 0x0000000082d00000| Untracked 
|  46|0x0000000082e00000, 0x0000000082f00000, 0x0000000082f00000|100%| O|  |TAMS 0x0000000082f00000, 0x0000000082e00000| Untracked 
|  47|0x0000000082f00000, 0x0000000083000000, 0x0000000083000000|100%| O|  |TAMS 0x0000000083000000, 0x0000000082f00000| Untracked 
|  48|0x0000000083000000, 0x0000000083100000, 0x0000000083100000|100%| O|  |TAMS 0x0000000083100000, 0x0000000083000000| Untracked 
|  49|0x0000000083100000, 0x0000000083200000, 0x0000000083200000|100%| O|  |TAMS 0x0000000083200000, 0x0000000083100000| Untracked 
|  50|0x0000000083200000, 0x0000000083300000, 0x0000000083300000|100%| O|  |TAMS 0x0000000083300000, 0x0000000083200000| Untracked 
|  51|0x0000000083300000, 0x0000000083400000, 0x0000000083400000|100%| O|  |TAMS 0x0000000083400000, 0x0000000083300000| Untracked 
|  52|0x0000000083400000, 0x0000000083500000, 0x0000000083500000|100%| O|  |TAMS 0x0000000083500000, 0x0000000083400000| Untracked 
|  53|0x0000000083500000, 0x0000000083600000, 0x0000000083600000|100%| O|  |TAMS 0x0000000083600000, 0x0000000083500000| Untracked 
|  54|0x0000000083600000, 0x0000000083700000, 0x0000000083700000|100%| O|  |TAMS 0x0000000083700000, 0x0000000083600000| Untracked 
|  55|0x0000000083700000, 0x0000000083800000, 0x0000000083800000|100%| O|  |TAMS 0x0000000083800000, 0x0000000083700000| Untracked 
|  56|0x0000000083800000, 0x0000000083900000, 0x0000000083900000|100%| O|  |TAMS 0x0000000083900000, 0x0000000083800000| Untracked 
|  57|0x0000000083900000, 0x0000000083a00000, 0x0000000083a00000|100%| O|  |TAMS 0x0000000083a00000, 0x0000000083900000| Untracked 
|  58|0x0000000083a00000, 0x0000000083b00000, 0x0000000083b00000|100%| O|  |TAMS 0x0000000083b00000, 0x0000000083a00000| Untracked 
|  59|0x0000000083b00000, 0x0000000083c00000, 0x0000000083c00000|100%| O|  |TAMS 0x0000000083c00000, 0x0000000083b00000| Untracked 
|  60|0x0000000083c00000, 0x0000000083d00000, 0x0000000083d00000|100%| O|  |TAMS 0x0000000083d00000, 0x0000000083c00000| Untracked 
|  61|0x0000000083d00000, 0x0000000083d44600, 0x0000000083e00000| 26%| O|  |TAMS 0x0000000083d44600, 0x0000000083d00000| Untracked 
|  62|0x0000000083e00000, 0x0000000083e00000, 0x0000000083f00000|  0%| F|  |TAMS 0x0000000083e00000, 0x0000000083e00000| Untracked 
|  63|0x0000000083f00000, 0x0000000083f00000, 0x0000000084000000|  0%| F|  |TAMS 0x0000000083f00000, 0x0000000083f00000| Untracked 
|  64|0x0000000084000000, 0x0000000084000000, 0x0000000084100000|  0%| F|  |TAMS 0x0000000084000000, 0x0000000084000000| Untracked 
|  65|0x0000000084100000, 0x0000000084100000, 0x0000000084200000|  0%| F|  |TAMS 0x0000000084100000, 0x0000000084100000| Untracked 
|  66|0x0000000084200000, 0x0000000084200000, 0x0000000084300000|  0%| F|  |TAMS 0x0000000084200000, 0x0000000084200000| Untracked 
|  67|0x0000000084300000, 0x0000000084300000, 0x0000000084400000|  0%| F|  |TAMS 0x0000000084300000, 0x0000000084300000| Untracked 
|  68|0x0000000084400000, 0x0000000084400000, 0x0000000084500000|  0%| F|  |TAMS 0x0000000084400000, 0x0000000084400000| Untracked 
|  69|0x0000000084500000, 0x0000000084500000, 0x0000000084600000|  0%| F|  |TAMS 0x0000000084500000, 0x0000000084500000| Untracked 
|  70|0x0000000084600000, 0x0000000084600000, 0x0000000084700000|  0%| F|  |TAMS 0x0000000084600000, 0x0000000084600000| Untracked 
|  71|0x0000000084700000, 0x0000000084700000, 0x0000000084800000|  0%| F|  |TAMS 0x0000000084700000, 0x0000000084700000| Untracked 
|  72|0x0000000084800000, 0x0000000084800000, 0x0000000084900000|  0%| F|  |TAMS 0x0000000084800000, 0x0000000084800000| Untracked 
|  73|0x0000000084900000, 0x0000000084900000, 0x0000000084a00000|  0%| F|  |TAMS 0x0000000084900000, 0x0000000084900000| Untracked 
|  74|0x0000000084a00000, 0x0000000084a00000, 0x0000000084b00000|  0%| F|  |TAMS 0x0000000084a00000, 0x0000000084a00000| Untracked 
|  75|0x0000000084b00000, 0x0000000084b00000, 0x0000000084c00000|  0%| F|  |TAMS 0x0000000084b00000, 0x0000000084b00000| Untracked 
|  76|0x0000000084c00000, 0x0000000084c00000, 0x0000000084d00000|  0%| F|  |TAMS 0x0000000084c00000, 0x0000000084c00000| Untracked 
|  77|0x0000000084d00000, 0x0000000084d00000, 0x0000000084e00000|  0%| F|  |TAMS 0x0000000084d00000, 0x0000000084d00000| Untracked 
|  78|0x0000000084e00000, 0x0000000084e00000, 0x0000000084f00000|  0%| F|  |TAMS 0x0000000084e00000, 0x0000000084e00000| Untracked 
|  79|0x0000000084f00000, 0x0000000084f00000, 0x0000000085000000|  0%| F|  |TAMS 0x0000000084f00000, 0x0000000084f00000| Untracked 
|  80|0x0000000085000000, 0x0000000085000000, 0x0000000085100000|  0%| F|  |TAMS 0x0000000085000000, 0x0000000085000000| Untracked 
|  81|0x0000000085100000, 0x0000000085100000, 0x0000000085200000|  0%| F|  |TAMS 0x0000000085100000, 0x0000000085100000| Untracked 
|  82|0x0000000085200000, 0x0000000085200000, 0x0000000085300000|  0%| F|  |TAMS 0x0000000085200000, 0x0000000085200000| Untracked 
|  83|0x0000000085300000, 0x0000000085397408, 0x0000000085400000| 59%| S|CS|TAMS 0x0000000085300000, 0x0000000085300000| Complete 
|  84|0x0000000085400000, 0x0000000085500000, 0x0000000085500000|100%| S|CS|TAMS 0x0000000085400000, 0x0000000085400000| Complete 
|  85|0x0000000085500000, 0x0000000085600000, 0x0000000085600000|100%| S|CS|TAMS 0x0000000085500000, 0x0000000085500000| Complete 
|  86|0x0000000085600000, 0x0000000085700000, 0x0000000085700000|100%| S|CS|TAMS 0x0000000085600000, 0x0000000085600000| Complete 
|  87|0x0000000085700000, 0x0000000085700000, 0x0000000085800000|  0%| F|  |TAMS 0x0000000085700000, 0x0000000085700000| Untracked 
|  88|0x0000000085800000, 0x0000000085800000, 0x0000000085900000|  0%| F|  |TAMS 0x0000000085800000, 0x0000000085800000| Untracked 
|  89|0x0000000085900000, 0x0000000085900000, 0x0000000085a00000|  0%| F|  |TAMS 0x0000000085900000, 0x0000000085900000| Untracked 
|  90|0x0000000085a00000, 0x0000000085a00000, 0x0000000085b00000|  0%| F|  |TAMS 0x0000000085a00000, 0x0000000085a00000| Untracked 
|  91|0x0000000085b00000, 0x0000000085b00000, 0x0000000085c00000|  0%| F|  |TAMS 0x0000000085b00000, 0x0000000085b00000| Untracked 
|  92|0x0000000085c00000, 0x0000000085c00000, 0x0000000085d00000|  0%| F|  |TAMS 0x0000000085c00000, 0x0000000085c00000| Untracked 
|  93|0x0000000085d00000, 0x0000000085d00000, 0x0000000085e00000|  0%| F|  |TAMS 0x0000000085d00000, 0x0000000085d00000| Untracked 
|  94|0x0000000085e00000, 0x0000000085e00000, 0x0000000085f00000|  0%| F|  |TAMS 0x0000000085e00000, 0x0000000085e00000| Untracked 
|  95|0x0000000085f00000, 0x0000000085f00000, 0x0000000086000000|  0%| F|  |TAMS 0x0000000085f00000, 0x0000000085f00000| Untracked 
|  96|0x0000000086000000, 0x0000000086000000, 0x0000000086100000|  0%| F|  |TAMS 0x0000000086000000, 0x0000000086000000| Untracked 
|  97|0x0000000086100000, 0x0000000086100000, 0x0000000086200000|  0%| F|  |TAMS 0x0000000086100000, 0x0000000086100000| Untracked 
|  98|0x0000000086200000, 0x0000000086200000, 0x0000000086300000|  0%| F|  |TAMS 0x0000000086200000, 0x0000000086200000| Untracked 
|  99|0x0000000086300000, 0x0000000086300000, 0x0000000086400000|  0%| F|  |TAMS 0x0000000086300000, 0x0000000086300000| Untracked 
| 100|0x0000000086400000, 0x0000000086400000, 0x0000000086500000|  0%| F|  |TAMS 0x0000000086400000, 0x0000000086400000| Untracked 
| 101|0x0000000086500000, 0x0000000086500000, 0x0000000086600000|  0%| F|  |TAMS 0x0000000086500000, 0x0000000086500000| Untracked 
| 102|0x0000000086600000, 0x0000000086600000, 0x0000000086700000|  0%| F|  |TAMS 0x0000000086600000, 0x0000000086600000| Untracked 
| 103|0x0000000086700000, 0x0000000086700000, 0x0000000086800000|  0%| F|  |TAMS 0x0000000086700000, 0x0000000086700000| Untracked 
| 104|0x0000000086800000, 0x0000000086800000, 0x0000000086900000|  0%| F|  |TAMS 0x0000000086800000, 0x0000000086800000| Untracked 
| 105|0x0000000086900000, 0x0000000086900000, 0x0000000086a00000|  0%| F|  |TAMS 0x0000000086900000, 0x0000000086900000| Untracked 
| 106|0x0000000086a00000, 0x0000000086a00000, 0x0000000086b00000|  0%| F|  |TAMS 0x0000000086a00000, 0x0000000086a00000| Untracked 
| 107|0x0000000086b00000, 0x0000000086b00000, 0x0000000086c00000|  0%| F|  |TAMS 0x0000000086b00000, 0x0000000086b00000| Untracked 
| 108|0x0000000086c00000, 0x0000000086c00000, 0x0000000086d00000|  0%| F|  |TAMS 0x0000000086c00000, 0x0000000086c00000| Untracked 
| 109|0x0000000086d00000, 0x0000000086d00000, 0x0000000086e00000|  0%| F|  |TAMS 0x0000000086d00000, 0x0000000086d00000| Untracked 
| 110|0x0000000086e00000, 0x0000000086e00000, 0x0000000086f00000|  0%| F|  |TAMS 0x0000000086e00000, 0x0000000086e00000| Untracked 
| 111|0x0000000086f00000, 0x0000000086f00000, 0x0000000087000000|  0%| F|  |TAMS 0x0000000086f00000, 0x0000000086f00000| Untracked 
| 112|0x0000000087000000, 0x0000000087000000, 0x0000000087100000|  0%| F|  |TAMS 0x0000000087000000, 0x0000000087000000| Untracked 
| 113|0x0000000087100000, 0x0000000087100000, 0x0000000087200000|  0%| F|  |TAMS 0x0000000087100000, 0x0000000087100000| Untracked 
| 114|0x0000000087200000, 0x0000000087200000, 0x0000000087300000|  0%| F|  |TAMS 0x0000000087200000, 0x0000000087200000| Untracked 
| 115|0x0000000087300000, 0x0000000087300000, 0x0000000087400000|  0%| F|  |TAMS 0x0000000087300000, 0x0000000087300000| Untracked 
| 116|0x0000000087400000, 0x0000000087400000, 0x0000000087500000|  0%| F|  |TAMS 0x0000000087400000, 0x0000000087400000| Untracked 
| 117|0x0000000087500000, 0x0000000087500000, 0x0000000087600000|  0%| F|  |TAMS 0x0000000087500000, 0x0000000087500000| Untracked 
| 118|0x0000000087600000, 0x0000000087600000, 0x0000000087700000|  0%| F|  |TAMS 0x0000000087600000, 0x0000000087600000| Untracked 
| 119|0x0000000087700000, 0x0000000087700000, 0x0000000087800000|  0%| F|  |TAMS 0x0000000087700000, 0x0000000087700000| Untracked 
| 120|0x0000000087800000, 0x0000000087800000, 0x0000000087900000|  0%| F|  |TAMS 0x0000000087800000, 0x0000000087800000| Untracked 
| 121|0x0000000087900000, 0x0000000087900000, 0x0000000087a00000|  0%| F|  |TAMS 0x0000000087900000, 0x0000000087900000| Untracked 
| 122|0x0000000087a00000, 0x0000000087a00000, 0x0000000087b00000|  0%| F|  |TAMS 0x0000000087a00000, 0x0000000087a00000| Untracked 
| 123|0x0000000087b00000, 0x0000000087b00000, 0x0000000087c00000|  0%| F|  |TAMS 0x0000000087b00000, 0x0000000087b00000| Untracked 
| 124|0x0000000087c00000, 0x0000000087c80800, 0x0000000087d00000| 50%| E|  |TAMS 0x0000000087c00000, 0x0000000087c00000| Complete 
| 125|0x0000000087d00000, 0x0000000087e00000, 0x0000000087e00000|100%| E|CS|TAMS 0x0000000087d00000, 0x0000000087d00000| Complete 
| 126|0x0000000087e00000, 0x0000000087f00000, 0x0000000087f00000|100%| E|CS|TAMS 0x0000000087e00000, 0x0000000087e00000| Complete 
| 127|0x0000000087f00000, 0x0000000088000000, 0x0000000088000000|100%| E|CS|TAMS 0x0000000087f00000, 0x0000000087f00000| Complete 
| 128|0x0000000088000000, 0x0000000088100000, 0x0000000088100000|100%| E|CS|TAMS 0x0000000088000000, 0x0000000088000000| Complete 
| 129|0x0000000088100000, 0x0000000088200000, 0x0000000088200000|100%| E|CS|TAMS 0x0000000088100000, 0x0000000088100000| Complete 
| 130|0x0000000088200000, 0x0000000088300000, 0x0000000088300000|100%| E|CS|TAMS 0x0000000088200000, 0x0000000088200000| Complete 
| 131|0x0000000088300000, 0x0000000088400000, 0x0000000088400000|100%| E|CS|TAMS 0x0000000088300000, 0x0000000088300000| Complete 
| 132|0x0000000088400000, 0x0000000088500000, 0x0000000088500000|100%| E|CS|TAMS 0x0000000088400000, 0x0000000088400000| Complete 
| 133|0x0000000088500000, 0x0000000088600000, 0x0000000088600000|100%| E|CS|TAMS 0x0000000088500000, 0x0000000088500000| Complete 
| 134|0x0000000088600000, 0x0000000088700000, 0x0000000088700000|100%| E|CS|TAMS 0x0000000088600000, 0x0000000088600000| Complete 
| 135|0x0000000088700000, 0x0000000088800000, 0x0000000088800000|100%| E|CS|TAMS 0x0000000088700000, 0x0000000088700000| Complete 
| 136|0x0000000088800000, 0x0000000088900000, 0x0000000088900000|100%| E|CS|TAMS 0x0000000088800000, 0x0000000088800000| Complete 
| 137|0x0000000088900000, 0x0000000088a00000, 0x0000000088a00000|100%| E|CS|TAMS 0x0000000088900000, 0x0000000088900000| Complete 
| 138|0x0000000088a00000, 0x0000000088b00000, 0x0000000088b00000|100%| E|CS|TAMS 0x0000000088a00000, 0x0000000088a00000| Complete 
| 139|0x0000000088b00000, 0x0000000088c00000, 0x0000000088c00000|100%| E|CS|TAMS 0x0000000088b00000, 0x0000000088b00000| Complete 

Card table byte_map: [0x00000239330c0000,0x00000239334c0000] _byte_map_base: 0x0000023932cc0000

Marking Bits (Prev, Next): (CMBitMap*) 0x000002391feeb8f8, (CMBitMap*) 0x000002391feeb930
 Prev Bits: [0x00000239338c0000, 0x00000239358c0000)
 Next Bits: [0x00000239358c0000, 0x00000239378c0000)

Polling page: 0x000002391de10000

Metaspace:

Usage:
  Non-class:     69.75 MB capacity,    68.69 MB ( 98%) used,   888.29 KB (  1%) free+waste,   195.81 KB ( <1%) overhead. 
      Class:     10.82 MB capacity,    10.18 MB ( 94%) used,   563.21 KB (  5%) free+waste,    90.13 KB ( <1%) overhead. 
       Both:     80.57 MB capacity,    78.87 MB ( 98%) used,     1.42 MB (  2%) free+waste,   285.94 KB ( <1%) overhead. 

Virtual space:
  Non-class space:       70.00 MB reserved,      70.00 MB (100%) committed 
      Class space:        1.00 GB reserved,      10.95 MB (  1%) committed 
             Both:        1.07 GB reserved,      80.95 MB (  7%) committed 

Chunk freelists:
   Non-Class:  63.00 KB
       Class:  25.00 KB
        Both:  88.00 KB

MaxMetaspaceSize: 17179869184.00 GB
CompressedClassSpaceSize: 1.00 GB

CodeHeap 'non-profiled nmethods': size=120000Kb used=4524Kb max_used=4524Kb free=115475Kb
 bounds [0x000002392b460000, 0x000002392b8d0000, 0x0000023932990000]
CodeHeap 'profiled nmethods': size=120000Kb used=16351Kb max_used=16351Kb free=103648Kb
 bounds [0x0000023923f30000, 0x0000023924f30000, 0x000002392b460000]
CodeHeap 'non-nmethods': size=5760Kb used=2274Kb max_used=2317Kb free=3485Kb
 bounds [0x0000023923990000, 0x0000023923c00000, 0x0000023923f30000]
 total_blobs=8474 nmethods=7602 adapters=783
 compilation: enabled
              stopped_count=0, restarted_count=0
 full_count=0

Compilation events (20 events):
Event: 15.819 Thread 0x000002393a32e000 7617       3       org.gradle.internal.instantiation.generator.AbstractClassGenerator$DslMixInPropertyType::applyTo (43 bytes)
Event: 15.819 Thread 0x000002393a32e000 nmethod 7617 0x0000023924f09f10 code [0x0000023924f0a120, 0x0000023924f0a568]
Event: 15.820 Thread 0x000002393a32e000 7618       3       org.gradle.api.Task$Namer::determineName (9 bytes)
Event: 15.821 Thread 0x000002393a32e000 nmethod 7618 0x0000023924f0a710 code [0x0000023924f0a8e0, 0x0000023924f0ac08]
Event: 15.821 Thread 0x000002393a32e000 7619       3       org.gradle.api.Task$Namer::determineName (7 bytes)
Event: 15.821 Thread 0x000002393a32e000 nmethod 7619 0x0000023924f0ad10 code [0x0000023924f0aec0, 0x0000023924f0b088]
Event: 15.821 Thread 0x000002393a32e000 7620       3       org.gradle.internal.typeconversion.JustReturningParser::<init> (15 bytes)
Event: 15.822 Thread 0x000002393a32e000 nmethod 7620 0x0000023924f0b190 code [0x0000023924f0b340, 0x0000023924f0b558]
Event: 15.822 Thread 0x000002393a32e000 7621       3       org.gradle.internal.typeconversion.NotationParserBuilder$LazyDisplayName::<init> (10 bytes)
Event: 15.822 Thread 0x000002393a32e000 nmethod 7621 0x0000023924f0b610 code [0x0000023924f0b7c0, 0x0000023924f0b978]
Event: 15.822 Thread 0x000002393a32e000 7622       3       org.gradle.api.internal.collections.IterationOrderRetainingSetElementSource::iterator (21 bytes)
Event: 15.822 Thread 0x000002393a32e000 nmethod 7622 0x0000023924f0ba10 code [0x0000023924f0bbe0, 0x0000023924f0bed8]
Event: 15.823 Thread 0x000002393a32e000 7623       3       org.gradle.internal.typeconversion.NotationParserBuilder::fromCharSequence (59 bytes)
Event: 15.824 Thread 0x000002393a32e000 nmethod 7623 0x0000023924f0bf90 code [0x0000023924f0c280, 0x0000023924f0d1e8]
Event: 15.824 Thread 0x000002393a32e000 7624       3       org.gradle.internal.typeconversion.CharSequenceNotationConverter::<init> (10 bytes)
Event: 15.824 Thread 0x000002393a32e000 nmethod 7624 0x0000023924f0d790 code [0x0000023924f0d940, 0x0000023924f0daf8]
Event: 15.824 Thread 0x000002393a32e000 7625       3       org.gradle.api.internal.artifacts.configurations.DefaultConfiguration_Decorated::getHierarchy (40 bytes)
Event: 15.825 Thread 0x000002393a32e000 nmethod 7625 0x0000023924f0db90 code [0x0000023924f0ddc0, 0x0000023924f0e4e8]
Event: 15.825 Thread 0x000002393a32e000 7626       3       org.gradle.api.internal.DelegatingDomainObjectSet::isEmpty (10 bytes)
Event: 15.825 Thread 0x000002393a32e000 nmethod 7626 0x0000023924f0e790 code [0x0000023924f0e940, 0x0000023924f0eb08]

GC Heap History (20 events):
Event: 10.703 GC heap before
{Heap before GC invocations=14 (full 0):
 garbage-first heap   total 98304K, used 77628K [0x0000000080000000, 0x0000000100000000)
  region size 1024K, 33 young (33792K), 5 survivors (5120K)
 Metaspace       used 54447K, capacity 55934K, committed 56140K, reserved 1097728K
  class space    used 6907K, capacity 7415K, committed 7500K, reserved 1048576K
}
Event: 10.708 GC heap after
{Heap after GC invocations=15 (full 0):
 garbage-first heap   total 98304K, used 50061K [0x0000000080000000, 0x0000000100000000)
  region size 1024K, 2 young (2048K), 2 survivors (2048K)
 Metaspace       used 54447K, capacity 55934K, committed 56140K, reserved 1097728K
  class space    used 6907K, capacity 7415K, committed 7500K, reserved 1048576K
}
Event: 11.319 GC heap before
{Heap before GC invocations=16 (full 0):
 garbage-first heap   total 98304K, used 78733K [0x0000000080000000, 0x0000000100000000)
  region size 1024K, 30 young (30720K), 2 survivors (2048K)
 Metaspace       used 58977K, capacity 60434K, committed 60492K, reserved 1101824K
  class space    used 7453K, capacity 7994K, committed 8012K, reserved 1048576K
}
Event: 11.322 GC heap after
{Heap after GC invocations=17 (full 0):
 garbage-first heap   total 98304K, used 51287K [0x0000000080000000, 0x0000000100000000)
  region size 1024K, 3 young (3072K), 3 survivors (3072K)
 Metaspace       used 58977K, capacity 60434K, committed 60492K, reserved 1101824K
  class space    used 7453K, capacity 7994K, committed 8012K, reserved 1048576K
}
Event: 11.796 GC heap before
{Heap before GC invocations=17 (full 0):
 garbage-first heap   total 98304K, used 78935K [0x0000000080000000, 0x0000000100000000)
  region size 1024K, 31 young (31744K), 3 survivors (3072K)
 Metaspace       used 61954K, capacity 63478K, committed 63692K, reserved 1103872K
  class space    used 7796K, capacity 8321K, committed 8396K, reserved 1048576K
}
Event: 11.805 GC heap after
{Heap after GC invocations=18 (full 0):
 garbage-first heap   total 98304K, used 54253K [0x0000000080000000, 0x0000000100000000)
  region size 1024K, 4 young (4096K), 4 survivors (4096K)
 Metaspace       used 61954K, capacity 63478K, committed 63692K, reserved 1103872K
  class space    used 7796K, capacity 8321K, committed 8396K, reserved 1048576K
}
Event: 12.109 GC heap before
{Heap before GC invocations=19 (full 0):
 garbage-first heap   total 98304K, used 70637K [0x0000000080000000, 0x0000000100000000)
  region size 1024K, 21 young (21504K), 4 survivors (4096K)
 Metaspace       used 63462K, capacity 65000K, committed 65228K, reserved 1105920K
  class space    used 7997K, capacity 8526K, committed 8652K, reserved 1048576K
}
Event: 12.117 GC heap after
{Heap after GC invocations=20 (full 0):
 garbage-first heap   total 98304K, used 56036K [0x0000000080000000, 0x0000000100000000)
  region size 1024K, 2 young (2048K), 2 survivors (2048K)
 Metaspace       used 63462K, capacity 65000K, committed 65228K, reserved 1105920K
  class space    used 7997K, capacity 8526K, committed 8652K, reserved 1048576K
}
Event: 12.635 GC heap before
{Heap before GC invocations=21 (full 0):
 garbage-first heap   total 98304K, used 77540K [0x0000000080000000, 0x0000000100000000)
  region size 1024K, 22 young (22528K), 2 survivors (2048K)
 Metaspace       used 65466K, capacity 66992K, committed 67276K, reserved 1107968K
  class space    used 8260K, capacity 8781K, committed 8908K, reserved 1048576K
}
Event: 12.640 GC heap after
{Heap after GC invocations=22 (full 0):
 garbage-first heap   total 118784K, used 56155K [0x0000000080000000, 0x0000000100000000)
  region size 1024K, 2 young (2048K), 2 survivors (2048K)
 Metaspace       used 65466K, capacity 66992K, committed 67276K, reserved 1107968K
  class space    used 8260K, capacity 8781K, committed 8908K, reserved 1048576K
}
Event: 13.106 GC heap before
{Heap before GC invocations=22 (full 0):
 garbage-first heap   total 118784K, used 85851K [0x0000000080000000, 0x0000000100000000)
  region size 1024K, 31 young (31744K), 2 survivors (2048K)
 Metaspace       used 66811K, capacity 68382K, committed 68684K, reserved 1110016K
  class space    used 8424K, capacity 8983K, committed 9036K, reserved 1048576K
}
Event: 13.115 GC heap after
{Heap after GC invocations=23 (full 0):
 garbage-first heap   total 118784K, used 58890K [0x0000000080000000, 0x0000000100000000)
  region size 1024K, 4 young (4096K), 4 survivors (4096K)
 Metaspace       used 66811K, capacity 68382K, committed 68684K, reserved 1110016K
  class space    used 8424K, capacity 8983K, committed 9036K, reserved 1048576K
}
Event: 13.658 GC heap before
{Heap before GC invocations=24 (full 0):
 garbage-first heap   total 118784K, used 88586K [0x0000000080000000, 0x0000000100000000)
  region size 1024K, 33 young (33792K), 4 survivors (4096K)
 Metaspace       used 69131K, capacity 70726K, committed 70988K, reserved 1112064K
  class space    used 8718K, capacity 9273K, committed 9292K, reserved 1048576K
}
Event: 13.664 GC heap after
{Heap after GC invocations=25 (full 0):
 garbage-first heap   total 118784K, used 61139K [0x0000000080000000, 0x0000000100000000)
  region size 1024K, 3 young (3072K), 3 survivors (3072K)
 Metaspace       used 69131K, capacity 70726K, committed 70988K, reserved 1112064K
  class space    used 8718K, capacity 9273K, committed 9292K, reserved 1048576K
}
Event: 14.242 GC heap before
{Heap before GC invocations=25 (full 0):
 garbage-first heap   total 118784K, used 89811K [0x0000000080000000, 0x0000000100000000)
  region size 1024K, 31 young (31744K), 3 survivors (3072K)
 Metaspace       used 72547K, capacity 74203K, committed 74444K, reserved 1114112K
  class space    used 9296K, capacity 9875K, committed 9932K, reserved 1048576K
}
Event: 14.249 GC heap after
{Heap after GC invocations=26 (full 0):
 garbage-first heap   total 118784K, used 62760K [0x0000000080000000, 0x0000000100000000)
  region size 1024K, 4 young (4096K), 4 survivors (4096K)
 Metaspace       used 72547K, capacity 74203K, committed 74444K, reserved 1114112K
  class space    used 9296K, capacity 9875K, committed 9932K, reserved 1048576K
}
Event: 15.005 GC heap before
{Heap before GC invocations=27 (full 0):
 garbage-first heap   total 118784K, used 92456K [0x0000000080000000, 0x0000000100000000)
  region size 1024K, 33 young (33792K), 4 survivors (4096K)
 Metaspace       used 76128K, capacity 77888K, committed 78028K, reserved 1116160K
  class space    used 9755K, capacity 10388K, committed 10444K, reserved 1048576K
}
Event: 15.011 GC heap after
{Heap after GC invocations=28 (full 0):
 garbage-first heap   total 118784K, used 64872K [0x0000000080000000, 0x0000000100000000)
  region size 1024K, 4 young (4096K), 4 survivors (4096K)
 Metaspace       used 76128K, capacity 77888K, committed 78028K, reserved 1116160K
  class space    used 9755K, capacity 10388K, committed 10444K, reserved 1048576K
}
Event: 15.532 GC heap before
{Heap before GC invocations=28 (full 0):
 garbage-first heap   total 118784K, used 94568K [0x0000000080000000, 0x0000000100000000)
  region size 1024K, 33 young (33792K), 4 survivors (4096K)
 Metaspace       used 79414K, capacity 81179K, committed 81356K, reserved 1120256K
  class space    used 10243K, capacity 10899K, committed 10956K, reserved 1048576K
}
Event: 15.545 GC heap after
{Heap after GC invocations=29 (full 0):
 garbage-first heap   total 143360K, used 66414K [0x0000000080000000, 0x0000000100000000)
  region size 1024K, 4 young (4096K), 4 survivors (4096K)
 Metaspace       used 79414K, capacity 81179K, committed 81356K, reserved 1120256K
  class space    used 10243K, capacity 10899K, committed 10956K, reserved 1048576K
}

Deoptimization events (20 events):
Event: 15.514 Thread 0x000002393cab1000 DEOPT PACKING pc=0x0000023924e4ce50 sp=0x000000fa74af97b0
Event: 15.514 Thread 0x000002393cab1000 DEOPT UNPACKING pc=0x00000239239b76ce sp=0x000000fa74af8cc8 mode 0
Event: 15.733 Thread 0x000002393cab1000 DEOPT PACKING pc=0x0000023924e4ce50 sp=0x000000fa74af82a0
Event: 15.733 Thread 0x000002393cab1000 DEOPT UNPACKING pc=0x00000239239b76ce sp=0x000000fa74af77b8 mode 0
Event: 15.738 Thread 0x000002393cab1000 DEOPT PACKING pc=0x0000023924b10bd6 sp=0x000000fa74af87a0
Event: 15.738 Thread 0x000002393cab1000 DEOPT UNPACKING pc=0x00000239239b76ce sp=0x000000fa74af7d68 mode 0
Event: 15.757 Thread 0x000002393cab1000 DEOPT PACKING pc=0x0000023924630bc4 sp=0x000000fa74af83a0
Event: 15.757 Thread 0x000002393cab1000 DEOPT UNPACKING pc=0x00000239239b76ce sp=0x000000fa74af77d8 mode 0
Event: 15.757 Thread 0x000002393cab1000 DEOPT PACKING pc=0x0000023924630ccc sp=0x000000fa74af8410
Event: 15.757 Thread 0x000002393cab1000 DEOPT UNPACKING pc=0x00000239239b76ce sp=0x000000fa74af78b0 mode 0
Event: 15.757 Thread 0x000002393cab1000 DEOPT PACKING pc=0x000002392472dcfc sp=0x000000fa74af8480
Event: 15.757 Thread 0x000002393cab1000 DEOPT UNPACKING pc=0x00000239239b76ce sp=0x000000fa74af7880 mode 0
Event: 15.769 Thread 0x000002393cab1000 Uncommon trap: trap_request=0xffffff4d fr.pc=0x000002392b6eaa8c relative=0x000000000000070c
Event: 15.769 Thread 0x000002393cab1000 Uncommon trap: reason=unstable_if action=reinterpret pc=0x000002392b6eaa8c method=java.util.HashMap.putVal(ILjava/lang/Object;Ljava/lang/Object;ZZ)Ljava/lang/Object; @ 109 c2
Event: 15.769 Thread 0x000002393cab1000 DEOPT PACKING pc=0x000002392b6eaa8c sp=0x000000fa74af8370
Event: 15.769 Thread 0x000002393cab1000 DEOPT UNPACKING pc=0x00000239239b78af sp=0x000000fa74af8288 mode 2
Event: 15.769 Thread 0x000002393cab1000 Uncommon trap: trap_request=0xffffff4d fr.pc=0x000002392b5e4ef0 relative=0x0000000000000670
Event: 15.769 Thread 0x000002393cab1000 Uncommon trap: reason=unstable_if action=reinterpret pc=0x000002392b5e4ef0 method=java.util.HashMap.putVal(ILjava/lang/Object;Ljava/lang/Object;ZZ)Ljava/lang/Object; @ 109 c2
Event: 15.769 Thread 0x000002393cab1000 DEOPT PACKING pc=0x000002392b5e4ef0 sp=0x000000fa74af82c0
Event: 15.769 Thread 0x000002393cab1000 DEOPT UNPACKING pc=0x00000239239b78af sp=0x000000fa74af8278 mode 2

Classes redefined (0 events):
No events

Internal exceptions (20 events):
Event: 14.196 Thread 0x000002393cab1000 Exception <a 'java/lang/ClassNotFoundException'{0x0000000085a7cb70}: com/android/build/gradle/internal/api/ApkVariantOutputImpl_DecoratedBeanInfo> (0x0000000085a7cb70) thrown at [./src/hotspot/share/classfile/systemDictionary.cpp, line 231]
Event: 14.197 Thread 0x000002393cab1000 Exception <a 'java/lang/ClassNotFoundException'{0x0000000085a97a40}: com/android/build/gradle/internal/api/ApkVariantOutputImplBeanInfo> (0x0000000085a97a40) thrown at [./src/hotspot/share/classfile/systemDictionary.cpp, line 231]
Event: 14.198 Thread 0x000002393cab1000 Exception <a 'java/lang/ClassNotFoundException'{0x0000000085ab2ec0}: com/android/build/gradle/internal/api/BaseVariantOutputImplBeanInfo> (0x0000000085ab2ec0) thrown at [./src/hotspot/share/classfile/systemDictionary.cpp, line 231]
Event: 14.198 Thread 0x000002393cab1000 Exception <a 'java/lang/ClassNotFoundException'{0x0000000085ace3a8}: com/android/build/gradle/internal/api/BaseVariantOutputImplCustomizer> (0x0000000085ace3a8) thrown at [./src/hotspot/share/classfile/systemDictionary.cpp, line 231]
Event: 14.201 Thread 0x000002393cab1000 Exception <a 'java/lang/ClassNotFoundException'{0x0000000085afbf28}: com/android/build/gradle/internal/api/ApkVariantOutputImplCustomizer> (0x0000000085afbf28) thrown at [./src/hotspot/share/classfile/systemDictionary.cpp, line 231]
Event: 14.203 Thread 0x000002393cab1000 Exception <a 'java/lang/ClassNotFoundException'{0x00000000859264d0}: com/android/build/gradle/internal/api/ApkVariantOutputImpl_DecoratedCustomizer> (0x00000000859264d0) thrown at [./src/hotspot/share/classfile/systemDictionary.cpp, line 231]
Event: 14.257 Thread 0x000002393cab1000 Exception <a 'java/lang/ClassNotFoundException'{0x0000000087363ae0}: com/android/build/gradle/internal/api/ReadOnlyBuildTypeBeanInfo> (0x0000000087363ae0) thrown at [./src/hotspot/share/classfile/systemDictionary.cpp, line 231]
Event: 14.258 Thread 0x000002393cab1000 Exception <a 'java/lang/ClassNotFoundException'{0x000000008737de18}: com/android/build/gradle/internal/api/ReadOnlyBaseConfigBeanInfo> (0x000000008737de18) thrown at [./src/hotspot/share/classfile/systemDictionary.cpp, line 231]
Event: 14.259 Thread 0x000002393cab1000 Exception <a 'java/lang/ClassNotFoundException'{0x0000000087398c38}: com/android/build/gradle/internal/api/ReadOnlyBaseConfigCustomizer> (0x0000000087398c38) thrown at [./src/hotspot/share/classfile/systemDictionary.cpp, line 231]
Event: 14.261 Thread 0x000002393cab1000 Exception <a 'java/lang/ClassNotFoundException'{0x00000000873c4280}: com/android/build/gradle/internal/api/ReadOnlyBuildTypeCustomizer> (0x00000000873c4280) thrown at [./src/hotspot/share/classfile/systemDictionary.cpp, line 231]
Event: 15.056 Thread 0x000002393cab1000 Exception <a 'sun/nio/fs/WindowsException'{0x0000000087218840}> (0x0000000087218840) thrown at [./src/hotspot/share/prims/jni.cpp, line 615]
Event: 15.057 Thread 0x000002393cab1000 Exception <a 'sun/nio/fs/WindowsException'{0x0000000087218e38}> (0x0000000087218e38) thrown at [./src/hotspot/share/prims/jni.cpp, line 615]
Event: 15.189 Thread 0x000002393cab1000 Exception <a 'java/lang/NullPointerException'{0x000000008690a340}> (0x000000008690a340) thrown at [./src/hotspot/share/interpreter/linkResolver.cpp, line 1440]
Event: 15.280 Thread 0x000002393cab1000 Implicit null exception at 0x000002392b87dd89 to 0x000002392b87e448
Event: 15.449 Thread 0x000002393cab1000 Exception <a 'java/lang/NoSuchMethodError'{0x0000000085a05b98}: 'int java.lang.invoke.DirectMethodHandle$Holder.invokeStatic(java.lang.Object, java.lang.Object, int, java.lang.Object)'> (0x0000000085a05b98) thrown at [./src/hotspot/share/interpreter/linkResolver.cpp, line 773]
Event: 15.449 Thread 0x000002393cab1000 Exception <a 'java/lang/NoSuchMethodError'{0x0000000085a0ca40}: 'java.lang.Object java.lang.invoke.Invokers$Holder.linkToTargetMethod(java.lang.Object, int, java.lang.Object)'> (0x0000000085a0ca40) thrown at [./src/hotspot/share/interpreter/linkResolver.cpp, line 773]
Event: 15.482 Thread 0x000002393cab1000 Exception <a 'sun/nio/fs/WindowsException'{0x000000008590d6c0}> (0x000000008590d6c0) thrown at [./src/hotspot/share/prims/jni.cpp, line 615]
Event: 15.482 Thread 0x000002393cab1000 Exception <a 'sun/nio/fs/WindowsException'{0x000000008590e7d0}> (0x000000008590e7d0) thrown at [./src/hotspot/share/prims/jni.cpp, line 615]
Event: 15.482 Thread 0x000002393cab1000 Exception <a 'sun/nio/fs/WindowsException'{0x000000008590f918}> (0x000000008590f918) thrown at [./src/hotspot/share/prims/jni.cpp, line 615]
Event: 15.483 Thread 0x000002393cab1000 Exception <a 'sun/nio/fs/WindowsException'{0x0000000085910a60}> (0x0000000085910a60) thrown at [./src/hotspot/share/prims/jni.cpp, line 615]

Events (20 events):
Event: 15.811 loading class org/gradle/api/internal/file/copy/DestinationRootCopySpec
Event: 15.811 loading class org/gradle/api/internal/file/copy/DestinationRootCopySpec done
Event: 15.811 loading class org/gradle/api/internal/file/FileLookup
Event: 15.811 loading class org/gradle/api/internal/file/FileLookup done
Event: 15.811 loading class org/gradle/api/file/CopySpec
Event: 15.811 loading class org/gradle/api/file/CopySpec done
Event: 15.811 loading class org/gradle/internal/file/Deleter
Event: 15.811 loading class org/gradle/internal/file/Deleter done
Event: 15.825 loading class org/gradle/api/plugins/JavaPluginConvention
Event: 15.825 loading class org/gradle/api/plugins/JavaPluginConvention done
Event: 15.826 loading class com/android/build/gradle/internal/lint/ProjectInputs
Event: 15.826 loading class com/android/build/gradle/internal/lint/ProjectInputs done
Event: 15.827 loading class com/android/build/gradle/internal/lint/VariantInputs
Event: 15.827 loading class com/android/build/gradle/internal/lint/VariantInputs done
Event: 15.836 loading class com/android/tools/lint/model/LintModelModule
Event: 15.836 loading class com/android/tools/lint/model/LintModelModule done
Event: 15.837 loading class com/android/build/gradle/internal/lint/LintOptionsInput
Event: 15.837 loading class com/android/build/gradle/internal/lint/LintOptionsInput done
Event: 15.839 loading class com/android/tools/lint/model/LintModelModuleType
Event: 15.839 loading class com/android/tools/lint/model/LintModelModuleType done


Dynamic libraries:
0x00007ff649080000 - 0x00007ff64908a000 	C:\Program Files\Android\Android Studio\jre\bin\java.exe
0x00007ffc26590000 - 0x00007ffc26785000 	C:\WINDOWS\SYSTEM32\ntdll.dll
0x00007ffc25640000 - 0x00007ffc256fe000 	C:\WINDOWS\System32\KERNEL32.DLL
0x00007ffc24310000 - 0x00007ffc245d8000 	C:\WINDOWS\System32\KERNELBASE.dll
0x00007ffc21120000 - 0x00007ffc211b0000 	C:\WINDOWS\SYSTEM32\apphelp.dll
0x00007ffc24210000 - 0x00007ffc24310000 	C:\WINDOWS\System32\ucrtbase.dll
0x00007ffc1e9a0000 - 0x00007ffc1e9b9000 	C:\Program Files\Android\Android Studio\jre\bin\jli.dll
0x00007ffc1ea70000 - 0x00007ffc1ea87000 	C:\Program Files\Android\Android Studio\jre\bin\VCRUNTIME140.dll
0x00007ffc26110000 - 0x00007ffc262b1000 	C:\WINDOWS\System32\USER32.dll
0x00007ffc0ad10000 - 0x00007ffc0afaa000 	C:\WINDOWS\WinSxS\amd64_microsoft.windows.common-controls_6595b64144ccf1df_6.0.19041.1110_none_60b5254171f9507e\COMCTL32.dll
0x00007ffc23e80000 - 0x00007ffc23ea2000 	C:\WINDOWS\System32\win32u.dll
0x00007ffc24c20000 - 0x00007ffc24cbe000 	C:\WINDOWS\System32\msvcrt.dll
0x00007ffc25fd0000 - 0x00007ffc25ffb000 	C:\WINDOWS\System32\GDI32.dll
0x00007ffc23d70000 - 0x00007ffc23e7b000 	C:\WINDOWS\System32\gdi32full.dll
0x00007ffc24060000 - 0x00007ffc240fd000 	C:\WINDOWS\System32\msvcp_win.dll
0x00007ffc25360000 - 0x00007ffc25390000 	C:\WINDOWS\System32\IMM32.DLL
0x00007ffc124d0000 - 0x00007ffc1256d000 	C:\Program Files\Android\Android Studio\jre\bin\msvcp140.dll
0x00007ffbd3650000 - 0x00007ffbd411f000 	C:\Program Files\Android\Android Studio\jre\bin\server\jvm.dll
0x00007ffc25180000 - 0x00007ffc2522c000 	C:\WINDOWS\System32\ADVAPI32.dll
0x00007ffc26070000 - 0x00007ffc2610b000 	C:\WINDOWS\System32\sechost.dll
0x00007ffc26350000 - 0x00007ffc2647a000 	C:\WINDOWS\System32\RPCRT4.dll
0x00007ffc26000000 - 0x00007ffc26008000 	C:\WINDOWS\System32\PSAPI.DLL
0x00007ffc21c50000 - 0x00007ffc21c5a000 	C:\WINDOWS\SYSTEM32\VERSION.dll
0x00007ffc17a10000 - 0x00007ffc17a37000 	C:\WINDOWS\SYSTEM32\WINMM.dll
0x00007ffc21d40000 - 0x00007ffc21d49000 	C:\WINDOWS\SYSTEM32\WSOCK32.dll
0x00007ffc25f60000 - 0x00007ffc25fcb000 	C:\WINDOWS\System32\ws2_32.DLL
0x00007ffc224f0000 - 0x00007ffc22502000 	C:\WINDOWS\SYSTEM32\kernel.appcore.dll
0x00007ffc1f4b0000 - 0x00007ffc1f4c1000 	C:\Program Files\Android\Android Studio\jre\bin\verify.dll
0x00007ffc11480000 - 0x00007ffc11664000 	C:\WINDOWS\SYSTEM32\DBGHELP.DLL
0x00007ffc0e3b0000 - 0x00007ffc0e3dc000 	C:\WINDOWS\SYSTEM32\dbgcore.DLL
0x00007ffc23cb0000 - 0x00007ffc23d33000 	C:\WINDOWS\System32\bcryptPrimitives.dll
0x00007ffc1eb70000 - 0x00007ffc1eb99000 	C:\Program Files\Android\Android Studio\jre\bin\java.dll
0x00007ffc21040000 - 0x00007ffc2104b000 	C:\Program Files\Android\Android Studio\jre\bin\jimage.dll
0x00007ffc1f490000 - 0x00007ffc1f4a8000 	C:\Program Files\Android\Android Studio\jre\bin\zip.dll
0x00007ffc25820000 - 0x00007ffc25f5f000 	C:\WINDOWS\System32\SHELL32.dll
0x00007ffc21d50000 - 0x00007ffc224e0000 	C:\WINDOWS\SYSTEM32\windows.storage.dll
0x00007ffc24e20000 - 0x00007ffc25175000 	C:\WINDOWS\System32\combase.dll
0x00007ffc23630000 - 0x00007ffc2365e000 	C:\WINDOWS\SYSTEM32\Wldp.dll
0x00007ffc24ce0000 - 0x00007ffc24d8d000 	C:\WINDOWS\System32\SHCORE.dll
0x00007ffc257c0000 - 0x00007ffc25815000 	C:\WINDOWS\System32\shlwapi.dll
0x00007ffc23bf0000 - 0x00007ffc23c0f000 	C:\WINDOWS\SYSTEM32\profapi.dll
0x00007ffc1ea30000 - 0x00007ffc1ea4a000 	C:\Program Files\Android\Android Studio\jre\bin\net.dll
0x00007ffc128f0000 - 0x00007ffc129fc000 	C:\WINDOWS\SYSTEM32\WINHTTP.dll
0x00007ffc23340000 - 0x00007ffc233aa000 	C:\WINDOWS\system32\mswsock.dll
0x00007ffc1ea10000 - 0x00007ffc1ea24000 	C:\Program Files\Android\Android Studio\jre\bin\nio.dll
0x00007ffc098b0000 - 0x00007ffc098d7000 	C:\Users\souvik dey\.gradle\native\8bec1ad78214c89d9ad589b4d07fe93259594b29d510b10fafb7a158f7737e5d\windows-amd64\native-platform.dll
0x00007ffbf65b0000 - 0x00007ffbf66ed000 	C:\Users\souvik dey\.gradle\native\53dbd7edfb1c66fb8903c78663c9afc45aea4f116125fa6feffd364cf09443e8\windows-amd64\native-platform-file-events.dll
0x00007ffc1ea00000 - 0x00007ffc1ea0a000 	C:\Program Files\Android\Android Studio\jre\bin\management.dll
0x00007ffc1e9f0000 - 0x00007ffc1e9fc000 	C:\Program Files\Android\Android Studio\jre\bin\management_ext.dll
0x00007ffc234f0000 - 0x00007ffc23508000 	C:\WINDOWS\SYSTEM32\CRYPTSP.dll
0x00007ffc22cd0000 - 0x00007ffc22d04000 	C:\WINDOWS\system32\rsaenh.dll
0x00007ffc23d40000 - 0x00007ffc23d67000 	C:\WINDOWS\System32\bcrypt.dll
0x00007ffc23b70000 - 0x00007ffc23b9e000 	C:\WINDOWS\SYSTEM32\USERENV.dll
0x00007ffc23510000 - 0x00007ffc2351c000 	C:\WINDOWS\SYSTEM32\CRYPTBASE.dll
0x00007ffc23040000 - 0x00007ffc2307b000 	C:\WINDOWS\SYSTEM32\IPHLPAPI.DLL
0x00007ffc24790000 - 0x00007ffc24798000 	C:\WINDOWS\System32\NSI.dll
0x00007ffc1b3c0000 - 0x00007ffc1b3d7000 	C:\WINDOWS\SYSTEM32\dhcpcsvc6.DLL
0x00007ffc1cad0000 - 0x00007ffc1caed000 	C:\WINDOWS\SYSTEM32\dhcpcsvc.DLL
0x00007ffc23080000 - 0x00007ffc2314b000 	C:\WINDOWS\SYSTEM32\DNSAPI.dll

dbghelp: loaded successfully - version: 4.0.5 - missing functions: none
symbol engine: initialized successfully - sym options: 0x614 - pdb path: .;C:\Program Files\Android\Android Studio\jre\bin;C:\WINDOWS\SYSTEM32;C:\WINDOWS\WinSxS\amd64_microsoft.windows.common-controls_6595b64144ccf1df_6.0.19041.1110_none_60b5254171f9507e;C:\Program Files\Android\Android Studio\jre\bin\server;C:\Users\souvik dey\.gradle\native\8bec1ad78214c89d9ad589b4d07fe93259594b29d510b10fafb7a158f7737e5d\windows-amd64;C:\Users\souvik dey\.gradle\native\53dbd7edfb1c66fb8903c78663c9afc45aea4f116125fa6feffd364cf09443e8\windows-amd64

VM Arguments:
jvm_args: --add-opens=java.base/java.util=ALL-UNNAMED --add-opens=java.base/java.lang=ALL-UNNAMED --add-opens=java.base/java.lang.invoke=ALL-UNNAMED --add-opens=java.base/java.util=ALL-UNNAMED --add-opens=java.prefs/java.util.prefs=ALL-UNNAMED --add-opens=java.prefs/java.util.prefs=ALL-UNNAMED --add-opens=java.base/java.nio.charset=ALL-UNNAMED --add-opens=java.base/java.net=ALL-UNNAMED --add-opens=java.base/java.util.concurrent.atomic=ALL-UNNAMED -Xmx2048m -Dfile.encoding=UTF-8 -Duser.country=IN -Duser.language=en -Duser.variant 
java_command: org.gradle.launcher.daemon.bootstrap.GradleDaemon 7.0.2
java_class_path (initial): C:\Users\souvik dey\.gradle\wrapper\dists\gradle-7.0.2-bin\857tjihv64xamwrf0h14cai3r\gradle-7.0.2\lib\gradle-launcher-7.0.2.jar
Launcher Type: SUN_STANDARD

[Global flags]
     intx CICompilerCount                          = 4                                         {product} {ergonomic}
     uint ConcGCThreads                            = 2                                         {product} {ergonomic}
     uint G1ConcRefinementThreads                  = 8                                         {product} {ergonomic}
   size_t G1HeapRegionSize                         = 1048576                                   {product} {ergonomic}
    uintx GCDrainStackTargetSize                   = 64                                        {product} {ergonomic}
   size_t InitialHeapSize                          = 100663296                                 {product} {ergonomic}
   size_t MarkStackSize                            = 4194304                                   {product} {ergonomic}
   size_t MaxHeapSize                              = 2147483648                                {product} {command line}
   size_t MaxNewSize                               = 1287651328                                {product} {ergonomic}
   size_t MinHeapDeltaBytes                        = 1048576                                   {product} {ergonomic}
    uintx NonNMethodCodeHeapSize                   = 5836300                                {pd product} {ergonomic}
    uintx NonProfiledCodeHeapSize                  = 122910970                              {pd product} {ergonomic}
    uintx ProfiledCodeHeapSize                     = 122910970                              {pd product} {ergonomic}
    uintx ReservedCodeCacheSize                    = 251658240                              {pd product} {ergonomic}
     bool SegmentedCodeCache                       = true                                      {product} {ergonomic}
     bool UseCompressedClassPointers               = true                                 {lp64_product} {ergonomic}
     bool UseCompressedOops                        = true                                 {lp64_product} {ergonomic}
     bool UseG1GC                                  = true                                      {product} {ergonomic}
     bool UseLargePagesIndividualAllocation        = false                                  {pd product} {ergonomic}

Logging:
Log output configuration:
 #0: stdout all=warning uptime,level,tags
 #1: stderr all=off uptime,level,tags

Environment Variables:
PATH=C:\python 3.9.1\Scripts\;C:\python 3.9.1\;C:\WINDOWS\system32;C:\WINDOWS;C:\WINDOWS\System32\Wbem;C:\WINDOWS\System32\WindowsPowerShell\v1.0\;C:\WINDOWS\System32\OpenSSH\;C:\MinGW\bin;C:\Program Files\Git\cmd;C:\Users\souvik dey\AppData\Local\Microsoft\WindowsApps;C:\Users\souvik dey\AppData\Local\atom\bin
USERNAME=souvik dey
OS=Windows_NT
PROCESSOR_IDENTIFIER=AMD64 Family 23 Model 24 Stepping 1, AuthenticAMD



---------------  S Y S T E M  ---------------

OS: Windows 10 , 64 bit Build 19041 (10.0.19041.1348)
OS uptime: 13 days 14:55 hours
Hyper-V role detected

CPU:total 8 (initial active 8) (8 cores per cpu, 2 threads per core) family 23 model 24 stepping 1 microcode 0x0, cmov, cx8, fxsr, mmx, sse, sse2, sse3, ssse3, sse4.1, sse4.2, popcnt, avx, avx2, aes, clmul, mmxext, 3dnowpref, lzcnt, sse4a, ht, tsc, tscinvbit, tscinv, bmi1, bmi2, adx, s

Memory: 4k page, system-wide physical 6058M (238M free)
TotalPageFile size 24490M (AvailPageFile size 5M)
current process WorkingSet (physical memory assigned to process): 294M, peak: 336M
current process commit charge ("private bytes"): 385M, peak: 404M

vm_info: OpenJDK 64-Bit Server VM (11.0.10+0-b96-7249189) for windows-amd64 JRE (11.0.10+0-b96-7249189), built on Mar 31 2021 21:44:00 by "builder" with MS VC++ 14.0 (VS2015)

END.
