#
# There is insufficient memory for the Java Runtime Environment to continue.
# Native memory allocation (mmap) failed to map 316669952 bytes for Failed to commit area from 0x0000000092e00000 to 0x00000000a5c00000 of length 316669952.
# Possible reasons:
#   The system is out of physical RAM or swap space
#   The process is running with CompressedOops enabled, and the Java Heap may be blocking the growth of the native heap
# Possible solutions:
#   Reduce memory load on the system
#   Increase physical memory or swap space
#   Check if swap backing store is full
#   Decrease Java heap size (-Xmx/-Xms)
#   Decrease number of Java threads
#   Decrease Java thread stack sizes (-Xss)
#   Set larger code cache with -XX:ReservedCodeCacheSize=
#   JVM is running with Unscaled Compressed Oops mode in which the Java heap is
#     placed in the first 4GB address space. The Java Heap base address is the
#     maximum limit for the native heap growth. Please use -XX:HeapBaseMinAddress
#     to set the Java Heap base and to place the Java Heap above 4GB virtual address.
# This output file may be truncated or incomplete.
#
#  Out of Memory Error (./src/hotspot/os/windows/os_windows.cpp:3301), pid=19112, tid=28952
#
# JRE version: OpenJDK Runtime Environment (11.0.10) (build 11.0.10+0-b96-7249189)
# Java VM: OpenJDK 64-Bit Server VM (11.0.10+0-b96-7249189, mixed mode, tiered, compressed oops, g1 gc, windows-amd64)
# No core dump will be written. Minidumps are not enabled by default on client versions of Windows
#

---------------  S U M M A R Y ------------

Command Line: --add-opens=java.base/java.util=ALL-UNNAMED --add-opens=java.base/java.lang=ALL-UNNAMED --add-opens=java.base/java.lang.invoke=ALL-UNNAMED --add-opens=java.base/java.util=ALL-UNNAMED --add-opens=java.prefs/java.util.prefs=ALL-UNNAMED --add-opens=java.prefs/java.util.prefs=ALL-UNNAMED --add-opens=java.base/java.nio.charset=ALL-UNNAMED --add-opens=java.base/java.net=ALL-UNNAMED --add-opens=java.base/java.util.concurrent.atomic=ALL-UNNAMED -Xmx2048m -Dfile.encoding=UTF-8 -Duser.country=IN -Duser.language=en -Duser.variant org.gradle.launcher.daemon.bootstrap.GradleDaemon 7.0.2

Host: AMD Ryzen 5 3500U with Radeon Vega Mobile Gfx  , 8 cores, 5G,  Windows 10 , 64 bit Build 19041 (10.0.19041.1348)
Time: Tue Nov 30 12:06:26 2021 India Standard Time elapsed time: 153.873828 seconds (0d 0h 2m 33s)

---------------  T H R E A D  ---------------

Current thread (0x00000180ee25e000):  VMThread "VM Thread" [stack: 0x00000079dcb00000,0x00000079dcc00000] [id=28952]

Stack: [0x00000079dcb00000,0x00000079dcc00000]
[error occurred during error reporting (printing stack bounds), id 0xc0000005, EXCEPTION_ACCESS_VIOLATION (0xc0000005) at pc=0x00000180d78d0f2d]

Native frames: (J=compiled Java code, j=interpreted, Vv=VM code, C=native code)
V  [jvm.dll+0x5ecfaa]
V  [jvm.dll+0x722bd5]
V  [jvm.dll+0x72412d]
V  [jvm.dll+0x724745]
V  [jvm.dll+0x7246fb]
V  [jvm.dll+0x5ec348]
V  [jvm.dll+0x5ecad8]
C  [ntdll.dll+0xa20cf]
C  [ntdll.dll+0x51454]
C  [ntdll.dll+0xa0bfe]
C  0x00000180d78d0f2d

VM_Operation (0x00000079e00f8590): G1CollectForAllocation, mode: safepoint, requested by thread 0x00000180f4c50000


---------------  P R O C E S S  ---------------

Threads class SMR info:
_java_thread_list=0x00000180f42a0c40, length=66, elements={
0x00000180d3ded000, 0x00000180ee273800, 0x00000180ee261800, 0x00000180ee26d800,
0x00000180ee26e800, 0x00000180eeac2800, 0x00000180eeaca800, 0x00000180eead3800,
0x00000180eeadf000, 0x00000180eec2a000, 0x00000180effd3800, 0x00000180eed39000,
0x00000180f16ea800, 0x00000180f1015800, 0x00000180f18c3000, 0x00000180f0efb800,
0x00000180f0ef9000, 0x00000180f0efa800, 0x00000180f0ef7800, 0x00000180f0ef6800,
0x00000180f0ef8000, 0x00000180f1efd000, 0x00000180f1efa800, 0x00000180f1efb800,
0x00000180f1ef7800, 0x00000180f1ef8000, 0x00000180f1efe800, 0x00000180f1efc000,
0x00000180f1f02000, 0x00000180f1f04800, 0x00000180f95a0800, 0x00000180f95a4800,
0x00000180f95ac800, 0x00000180f95aa000, 0x00000180f95ab000, 0x00000180f95a7000,
0x00000180f95ae000, 0x00000180f95ab800, 0x00000180f95ad800, 0x00000180f1efe000,
0x00000180f1ef9000, 0x00000180f1eff800, 0x00000180f1ef9800, 0x00000180f1f06000,
0x00000180f1f00800, 0x00000180f0efa000, 0x00000180f0ef6000, 0x00000180f0efc800,
0x00000180f4c50000, 0x00000180f4c51000, 0x00000180f4c4c000, 0x00000180f4c4b000,
0x00000180f4c4d800, 0x00000180f4c4d000, 0x00000180f4c4e800, 0x00000180f4c4f800,
0x00000180f4c52000, 0x00000180f236e800, 0x00000180f236f800, 0x00000180f236d000,
0x00000180f236e000, 0x00000180f2370800, 0x00000180f2371000, 0x00000180f2373000,
0x00000180f2378800, 0x00000180f2377000
}

Java Threads: ( => current thread )
  0x00000180d3ded000 JavaThread "main" [_thread_blocked, id=28788, stack(0x00000079dc500000,0x00000079dc600000)]
  0x00000180ee273800 JavaThread "Reference Handler" daemon [_thread_blocked, id=2516, stack(0x00000079dcc00000,0x00000079dcd00000)]
  0x00000180ee261800 JavaThread "Finalizer" daemon [_thread_blocked, id=27200, stack(0x00000079dcd00000,0x00000079dce00000)]
  0x00000180ee26d800 JavaThread "Signal Dispatcher" daemon [_thread_blocked, id=5204, stack(0x00000079dce00000,0x00000079dcf00000)]
  0x00000180ee26e800 JavaThread "Attach Listener" daemon [_thread_blocked, id=22216, stack(0x00000079dcf00000,0x00000079dd000000)]
  0x00000180eeac2800 JavaThread "Service Thread" daemon [_thread_blocked, id=24308, stack(0x00000079dd000000,0x00000079dd100000)]
  0x00000180eeaca800 JavaThread "C2 CompilerThread0" daemon [_thread_blocked, id=18428, stack(0x00000079dd100000,0x00000079dd200000)]
  0x00000180eead3800 JavaThread "C1 CompilerThread0" daemon [_thread_blocked, id=11296, stack(0x00000079dd200000,0x00000079dd300000)]
  0x00000180eeadf000 JavaThread "Sweeper thread" daemon [_thread_blocked, id=27672, stack(0x00000079dd300000,0x00000079dd400000)]
  0x00000180eec2a000 JavaThread "Common-Cleaner" daemon [_thread_blocked, id=17668, stack(0x00000079dd400000,0x00000079dd500000)]
  0x00000180effd3800 JavaThread "Daemon health stats" [_thread_blocked, id=31596, stack(0x00000079dd900000,0x00000079dda00000)]
  0x00000180eed39000 JavaThread "Incoming local TCP Connector on port 53406" [_thread_in_native, id=24672, stack(0x00000079dd600000,0x00000079dd700000)]
  0x00000180f16ea800 JavaThread "Daemon periodic checks" [_thread_blocked, id=27152, stack(0x00000079dd800000,0x00000079dd900000)]
  0x00000180f1015800 JavaThread "Daemon" [_thread_blocked, id=7036, stack(0x00000079ddc00000,0x00000079ddd00000)]
  0x00000180f18c3000 JavaThread "Daemon worker" [_thread_blocked, id=6880, stack(0x00000079ddf00000,0x00000079de000000)]
  0x00000180f0efb800 JavaThread "Cache worker for file hash cache (C:\Users\souvik dey\.gradle\caches\7.0.2\fileHashes)" [_thread_blocked, id=31508, stack(0x00000079de300000,0x00000079de400000)]
  0x00000180f0ef9000 JavaThread "File lock request listener" [_thread_in_native, id=13120, stack(0x00000079de400000,0x00000079de500000)]
  0x00000180f0efa800 JavaThread "Cache worker for journal cache (C:\Users\souvik dey\.gradle\caches\journal-1)" [_thread_blocked, id=18976, stack(0x00000079dea00000,0x00000079deb00000)]
  0x00000180f0ef7800 JavaThread "File watcher server" daemon [_thread_blocked, id=26640, stack(0x00000079ded00000,0x00000079dee00000)]
  0x00000180f0ef6800 JavaThread "File watcher consumer" daemon [_thread_blocked, id=20884, stack(0x00000079dee00000,0x00000079def00000)]
  0x00000180f0ef8000 JavaThread "jar transforms" [_thread_blocked, id=25472, stack(0x00000079def00000,0x00000079df000000)]
  0x00000180f1efd000 JavaThread "jar transforms Thread 2" [_thread_blocked, id=25876, stack(0x00000079df000000,0x00000079df100000)]
  0x00000180f1efa800 JavaThread "jar transforms Thread 3" [_thread_blocked, id=28912, stack(0x00000079df100000,0x00000079df200000)]
  0x00000180f1efb800 JavaThread "jar transforms Thread 4" [_thread_blocked, id=14148, stack(0x00000079df200000,0x00000079df300000)]
  0x00000180f1ef7800 JavaThread "jar transforms Thread 5" [_thread_blocked, id=26712, stack(0x00000079df300000,0x00000079df400000)]
  0x00000180f1ef8000 JavaThread "jar transforms Thread 6" [_thread_blocked, id=11320, stack(0x00000079df500000,0x00000079df600000)]
  0x00000180f1efe800 JavaThread "jar transforms Thread 7" [_thread_blocked, id=19168, stack(0x00000079df600000,0x00000079df700000)]
  0x00000180f1efc000 JavaThread "jar transforms Thread 8" [_thread_blocked, id=7472, stack(0x00000079df700000,0x00000079df800000)]
  0x00000180f1f02000 JavaThread "Cache worker for execution history cache (C:\Users\souvik dey\.gradle\caches\7.0.2\executionHistory)" [_thread_blocked, id=32584, stack(0x00000079dfb00000,0x00000079dfc00000)]
  0x00000180f1f04800 JavaThread "Cache worker for file content cache (C:\Users\souvik dey\.gradle\caches\7.0.2\fileContent)" [_thread_blocked, id=27704, stack(0x00000079dfc00000,0x00000079dfd00000)]
  0x00000180f95a0800 JavaThread "Memory manager" [_thread_blocked, id=9636, stack(0x00000079e0900000,0x00000079e0a00000)]
  0x00000180f95a4800 JavaThread "pool-3-thread-1" [_thread_blocked, id=31828, stack(0x00000079e0b00000,0x00000079e0c00000)]
  0x00000180f95ac800 JavaThread "Handler for socket connection from /127.0.0.1:53406 to /127.0.0.1:53439" [_thread_in_native, id=4708, stack(0x00000079dc200000,0x00000079dc300000)]
  0x00000180f95aa000 JavaThread "Cancel handler" [_thread_blocked, id=20496, stack(0x00000079dc300000,0x00000079dc400000)]
  0x00000180f95ab000 JavaThread "Asynchronous log dispatcher for DefaultDaemonConnection: socket connection from /127.0.0.1:53406 to /127.0.0.1:53439" [_thread_blocked, id=27100, stack(0x00000079dc400000,0x00000079dc500000)]
  0x00000180f95a7000 JavaThread "Stdin handler" [_thread_blocked, id=26536, stack(0x00000079ddd00000,0x00000079dde00000)]
  0x00000180f95ae000 JavaThread "Daemon client event forwarder" [_thread_blocked, id=25792, stack(0x00000079dde00000,0x00000079ddf00000)]
  0x00000180f95ab800 JavaThread "Cache worker for file hash cache (E:\my programming\android projects\EasyDRAW\.gradle\7.0.2\fileHashes)" [_thread_blocked, id=28744, stack(0x00000079de000000,0x00000079de100000)]
  0x00000180f95ad800 JavaThread "Cache worker for checksums cache (E:\my programming\android projects\EasyDRAW\.gradle\checksums)" [_thread_blocked, id=32128, stack(0x00000079de100000,0x00000079de200000)]
  0x00000180f1efe000 JavaThread "Cache worker for cache directory md-supplier (C:\Users\souvik dey\.gradle\caches\7.0.2\md-supplier)" [_thread_blocked, id=28688, stack(0x00000079de200000,0x00000079de300000)]
  0x00000180f1ef9000 JavaThread "Cache worker for cache directory md-rule (C:\Users\souvik dey\.gradle\caches\7.0.2\md-rule)" [_thread_blocked, id=3312, stack(0x00000079deb00000,0x00000079dec00000)]
  0x00000180f1eff800 JavaThread "Cache worker for dependencies-accessors (E:\my programming\android projects\EasyDRAW\.gradle\7.0.2\dependencies-accessors)" [_thread_blocked, id=30196, stack(0x00000079dec00000,0x00000079ded00000)]
  0x00000180f1ef9800 JavaThread "Cache worker for Build Output Cleanup Cache (E:\my programming\android projects\EasyDRAW\.gradle\buildOutputCleanup)" [_thread_blocked, id=31028, stack(0x00000079df400000,0x00000079df500000)]
  0x00000180f1f06000 JavaThread "Build operations" [_thread_blocked, id=29468, stack(0x00000079df800000,0x00000079df900000)]
  0x00000180f1f00800 JavaThread "Build operations Thread 2" [_thread_blocked, id=18728, stack(0x00000079df900000,0x00000079dfa00000)]
  0x00000180f0efa000 JavaThread "Build operations Thread 3" [_thread_blocked, id=27144, stack(0x00000079dfa00000,0x00000079dfb00000)]
  0x00000180f0ef6000 JavaThread "Build operations Thread 4" [_thread_blocked, id=27064, stack(0x00000079dfd00000,0x00000079dfe00000)]
  0x00000180f0efc800 JavaThread "Build operations Thread 5" [_thread_blocked, id=11784, stack(0x00000079dfe00000,0x00000079dff00000)]
  0x00000180f4c50000 JavaThread "Build operations Thread 6" [_thread_blocked, id=30824, stack(0x00000079e0000000,0x00000079e0100000)]
  0x00000180f4c51000 JavaThread "Build operations Thread 7" [_thread_blocked, id=28872, stack(0x00000079e0100000,0x00000079e0200000)]
  0x00000180f4c4c000 JavaThread "Build operations Thread 8" [_thread_blocked, id=27328, stack(0x00000079e0200000,0x00000079e0300000)]
  0x00000180f4c4b000 JavaThread "build event listener" [_thread_blocked, id=18804, stack(0x00000079e0300000,0x00000079e0400000)]
  0x00000180f4c4d800 JavaThread "build event listener" [_thread_blocked, id=31268, stack(0x00000079e0400000,0x00000079e0500000)]
  0x00000180f4c4d000 JavaThread "pool-6-thread-1" [_thread_blocked, id=29036, stack(0x00000079e0500000,0x00000079e0600000)]
  0x00000180f4c4e800 JavaThread "build event listener" [_thread_blocked, id=25740, stack(0x00000079e0600000,0x00000079e0700000)]
  0x00000180f4c4f800 JavaThread "Execution worker for ':'" [_thread_blocked, id=30288, stack(0x00000079e0700000,0x00000079e0800000)]
  0x00000180f4c52000 JavaThread "Execution worker for ':' Thread 2" [_thread_blocked, id=32124, stack(0x00000079e0800000,0x00000079e0900000)]
  0x00000180f236e800 JavaThread "Execution worker for ':' Thread 3" [_thread_blocked, id=22412, stack(0x00000079e0a00000,0x00000079e0b00000)]
  0x00000180f236f800 JavaThread "Execution worker for ':' Thread 4" [_thread_blocked, id=25712, stack(0x00000079e0c00000,0x00000079e0d00000)]
  0x00000180f236d000 JavaThread "Execution worker for ':' Thread 5" [_thread_blocked, id=20356, stack(0x00000079e0d00000,0x00000079e0e00000)]
  0x00000180f236e000 JavaThread "Execution worker for ':' Thread 6" [_thread_blocked, id=31252, stack(0x00000079e0e00000,0x00000079e0f00000)]
  0x00000180f2370800 JavaThread "Execution worker for ':' Thread 7" [_thread_blocked, id=22744, stack(0x00000079e0f00000,0x00000079e1000000)]
  0x00000180f2371000 JavaThread "Cache worker for execution history cache (E:\my programming\android projects\EasyDRAW\.gradle\7.0.2\executionHistory)" [_thread_blocked, id=25528, stack(0x00000079e1000000,0x00000079e1100000)]
  0x00000180f2373000 JavaThread "C2 CompilerThread1" daemon [_thread_in_native, id=31276, stack(0x00000079e1200000,0x00000079e1300000)]
  0x00000180f2378800 JavaThread "WorkerExecutor Queue Thread 7" [_thread_blocked, id=12540, stack(0x00000079e1800000,0x00000079e1900000)]
  0x00000180f2377000 JavaThread "Java2D Disposer" daemon [_thread_blocked, id=31912, stack(0x00000079e1c00000,0x00000079e1d00000)]

Other Threads:
=>0x00000180ee25e000 VMThread "VM Thread" [stack: 0x00000079dcb00000,0x00000079dcc00000] [id=28952]
  0x00000180eec7b000 WatcherThread [stack: 0x00000079dd500000,0x00000079dd600000] [id=7236]
  0x00000180d3e05800 GCTaskThread "GC Thread#0" [stack: 0x00000079dc600000,0x00000079dc700000] [id=19564]
  0x00000180ef2f1800 GCTaskThread "GC Thread#1" [stack: 0x00000079dd700000,0x00000079dd800000] [id=14372]
  0x00000180f0abb000 GCTaskThread "GC Thread#2" [stack: 0x00000079dda00000,0x00000079ddb00000] [id=31440]
  0x00000180f0b66800 GCTaskThread "GC Thread#3" [stack: 0x00000079ddb00000,0x00000079ddc00000] [id=25816]
  0x00000180ef92d000 GCTaskThread "GC Thread#4" [stack: 0x00000079de500000,0x00000079de600000] [id=28740]
  0x00000180f0a8e800 GCTaskThread "GC Thread#5" [stack: 0x00000079de600000,0x00000079de700000] [id=31116]
  0x00000180efc90800 GCTaskThread "GC Thread#6" [stack: 0x00000079de700000,0x00000079de800000] [id=22948]
  0x00000180f1ef6800 GCTaskThread "GC Thread#7" [stack: 0x00000079de800000,0x00000079de900000] [id=13308]
  0x00000180d3e37800 ConcurrentGCThread "G1 Main Marker" [stack: 0x00000079dc700000,0x00000079dc800000] [id=17468]
  0x00000180d3e38800 ConcurrentGCThread "G1 Conc#0" [stack: 0x00000079dc800000,0x00000079dc900000] [id=23464]
  0x00000180f1f84800 ConcurrentGCThread "G1 Conc#1" [stack: 0x00000079de900000,0x00000079dea00000] [id=28168]
  0x00000180ee0aa800 ConcurrentGCThread "G1 Refine#0" [stack: 0x00000079dc900000,0x00000079dca00000] [id=23824]
  0x00000180ee0ab000 ConcurrentGCThread "G1 Young RemSet Sampling" [stack: 0x00000079dca00000,0x00000079dcb00000] [id=22020]

Threads with active compile tasks:
C2 CompilerThread0 153931 20338       4       org.objectweb.asm.MethodVisitor::visitParameterAnnotation (20 bytes)
C2 CompilerThread1 153931 20268 %     4       org.objectweb.asm.ClassReader::readCode @ 2185 (5109 bytes)

VM state:at safepoint (normal execution)

VM Mutex/Monitor currently owned by a thread:  ([mutex/lock_event])
[0x00000180d3de8f90] Threads_lock - owner thread: 0x00000180ee25e000
[0x00000180d3dea220] Heap_lock - owner thread: 0x00000180f4c50000

Heap address: 0x0000000080000000, size: 2048 MB, Compressed Oops mode: 32-bit
Narrow klass base: 0x0000000000000000, Narrow klass shift: 3
Compressed class space size: 1073741824 Address: 0x0000000100000000

Heap:
 garbage-first heap   total 618496K, used 203750K [0x0000000080000000, 0x0000000100000000)
  region size 1024K, 2 young (2048K), 2 survivors (2048K)
 Metaspace       used 139797K, capacity 143354K, committed 143564K, reserved 1175552K
  class space    used 17049K, capacity 18328K, committed 18432K, reserved 1048576K
Heap Regions: E=young(eden), S=young(survivor), O=old, HS=humongous(starts), HC=humongous(continues), CS=collection set, F=free, A=archive, TAMS=top-at-mark-start (previous, next)
|   0|0x0000000080000000, 0x0000000080100000, 0x0000000080100000|100%| O|  |TAMS 0x0000000080100000, 0x0000000080000000| Untracked 
|   1|0x0000000080100000, 0x0000000080200000, 0x0000000080200000|100%| O|  |TAMS 0x0000000080200000, 0x0000000080100000| Untracked 
|   2|0x0000000080200000, 0x0000000080300000, 0x0000000080300000|100%| O|  |TAMS 0x0000000080300000, 0x0000000080200000| Untracked 
|   3|0x0000000080300000, 0x0000000080400000, 0x0000000080400000|100%|HS|  |TAMS 0x0000000080400000, 0x0000000080300000| Complete 
|   4|0x0000000080400000, 0x0000000080500000, 0x0000000080500000|100%|HC|  |TAMS 0x0000000080500000, 0x0000000080400000| Complete 
|   5|0x0000000080500000, 0x0000000080600000, 0x0000000080600000|100%|HC|  |TAMS 0x0000000080600000, 0x0000000080500000| Complete 
|   6|0x0000000080600000, 0x0000000080700000, 0x0000000080700000|100%| O|  |TAMS 0x0000000080700000, 0x0000000080600000| Untracked 
|   7|0x0000000080700000, 0x0000000080800000, 0x0000000080800000|100%| O|  |TAMS 0x0000000080800000, 0x0000000080700000| Untracked 
|   8|0x0000000080800000, 0x0000000080900000, 0x0000000080900000|100%| O|  |TAMS 0x0000000080900000, 0x0000000080800000| Untracked 
|   9|0x0000000080900000, 0x0000000080a00000, 0x0000000080a00000|100%| O|  |TAMS 0x0000000080a00000, 0x0000000080900000| Complete 
|  10|0x0000000080a00000, 0x0000000080b00000, 0x0000000080b00000|100%| O|  |TAMS 0x0000000080b00000, 0x0000000080a00000| Complete 
|  11|0x0000000080b00000, 0x0000000080c00000, 0x0000000080c00000|100%| O|  |TAMS 0x0000000080c00000, 0x0000000080b00000| Untracked 
|  12|0x0000000080c00000, 0x0000000080d00000, 0x0000000080d00000|100%| O|  |TAMS 0x0000000080d00000, 0x0000000080c00000| Untracked 
|  13|0x0000000080d00000, 0x0000000080e00000, 0x0000000080e00000|100%| O|  |TAMS 0x0000000080e00000, 0x0000000080d00000| Untracked 
|  14|0x0000000080e00000, 0x0000000080f00000, 0x0000000080f00000|100%| O|  |TAMS 0x0000000080f00000, 0x0000000080e00000| Complete 
|  15|0x0000000080f00000, 0x0000000081000000, 0x0000000081000000|100%|HS|  |TAMS 0x0000000081000000, 0x0000000080f00000| Complete 
|  16|0x0000000081000000, 0x0000000081100000, 0x0000000081100000|100%|HC|  |TAMS 0x0000000081100000, 0x0000000081000000| Complete 
|  17|0x0000000081100000, 0x0000000081200000, 0x0000000081200000|100%|HS|  |TAMS 0x0000000081200000, 0x0000000081100000| Complete 
|  18|0x0000000081200000, 0x0000000081300000, 0x0000000081300000|100%|HC|  |TAMS 0x0000000081300000, 0x0000000081200000| Complete 
|  19|0x0000000081300000, 0x0000000081400000, 0x0000000081400000|100%|HC|  |TAMS 0x0000000081400000, 0x0000000081300000| Complete 
|  20|0x0000000081400000, 0x0000000081500000, 0x0000000081500000|100%|HS|  |TAMS 0x0000000081500000, 0x0000000081400000| Complete 
|  21|0x0000000081500000, 0x0000000081600000, 0x0000000081600000|100%|HC|  |TAMS 0x0000000081600000, 0x0000000081500000| Complete 
|  22|0x0000000081600000, 0x0000000081700000, 0x0000000081700000|100%|HC|  |TAMS 0x0000000081700000, 0x0000000081600000| Complete 
|  23|0x0000000081700000, 0x0000000081800000, 0x0000000081800000|100%|HC|  |TAMS 0x0000000081800000, 0x0000000081700000| Complete 
|  24|0x0000000081800000, 0x0000000081900000, 0x0000000081900000|100%|HC|  |TAMS 0x0000000081900000, 0x0000000081800000| Complete 
|  25|0x0000000081900000, 0x0000000081a00000, 0x0000000081a00000|100%| O|  |TAMS 0x0000000081a00000, 0x0000000081900000| Complete 
|  26|0x0000000081a00000, 0x0000000081b00000, 0x0000000081b00000|100%| O|  |TAMS 0x0000000081b00000, 0x0000000081a00000| Untracked 
|  27|0x0000000081b00000, 0x0000000081c00000, 0x0000000081c00000|100%| O|  |TAMS 0x0000000081c00000, 0x0000000081b00000| Untracked 
|  28|0x0000000081c00000, 0x0000000081d00000, 0x0000000081d00000|100%| O|  |TAMS 0x0000000081d00000, 0x0000000081c00000| Untracked 
|  29|0x0000000081d00000, 0x0000000081e00000, 0x0000000081e00000|100%| O|  |TAMS 0x0000000081e00000, 0x0000000081d00000| Untracked 
|  30|0x0000000081e00000, 0x0000000081f00000, 0x0000000081f00000|100%| O|  |TAMS 0x0000000081f00000, 0x0000000081e00000| Untracked 
|  31|0x0000000081f00000, 0x0000000082000000, 0x0000000082000000|100%| O|  |TAMS 0x0000000082000000, 0x0000000081f00000| Untracked 
|  32|0x0000000082000000, 0x0000000082100000, 0x0000000082100000|100%| O|  |TAMS 0x0000000082100000, 0x0000000082000000| Complete 
|  33|0x0000000082100000, 0x0000000082200000, 0x0000000082200000|100%|HS|  |TAMS 0x0000000082200000, 0x0000000082100000| Complete 
|  34|0x0000000082200000, 0x0000000082300000, 0x0000000082300000|100%|HC|  |TAMS 0x0000000082300000, 0x0000000082200000| Complete 
|  35|0x0000000082300000, 0x0000000082400000, 0x0000000082400000|100%|HC|  |TAMS 0x0000000082400000, 0x0000000082300000| Complete 
|  36|0x0000000082400000, 0x0000000082500000, 0x0000000082500000|100%| O|  |TAMS 0x0000000082500000, 0x0000000082400000| Untracked 
|  37|0x0000000082500000, 0x0000000082600000, 0x0000000082600000|100%| O|  |TAMS 0x0000000082600000, 0x0000000082500000| Untracked 
|  38|0x0000000082600000, 0x0000000082700000, 0x0000000082700000|100%|HS|  |TAMS 0x0000000082700000, 0x0000000082600000| Complete 
|  39|0x0000000082700000, 0x0000000082800000, 0x0000000082800000|100%|HC|  |TAMS 0x0000000082800000, 0x0000000082700000| Complete 
|  40|0x0000000082800000, 0x0000000082900000, 0x0000000082900000|100%|HC|  |TAMS 0x0000000082900000, 0x0000000082800000| Complete 
|  41|0x0000000082900000, 0x0000000082a00000, 0x0000000082a00000|100%|HC|  |TAMS 0x0000000082a00000, 0x0000000082900000| Complete 
|  42|0x0000000082a00000, 0x0000000082b00000, 0x0000000082b00000|100%|HC|  |TAMS 0x0000000082b00000, 0x0000000082a00000| Complete 
|  43|0x0000000082b00000, 0x0000000082c00000, 0x0000000082c00000|100%| O|  |TAMS 0x0000000082c00000, 0x0000000082b00000| Untracked 
|  44|0x0000000082c00000, 0x0000000082d00000, 0x0000000082d00000|100%| O|  |TAMS 0x0000000082d00000, 0x0000000082c00000| Untracked 
|  45|0x0000000082d00000, 0x0000000082e00000, 0x0000000082e00000|100%| O|  |TAMS 0x0000000082e00000, 0x0000000082d00000| Untracked 
|  46|0x0000000082e00000, 0x0000000082f00000, 0x0000000082f00000|100%| O|  |TAMS 0x0000000082f00000, 0x0000000082e00000| Untracked 
|  47|0x0000000082f00000, 0x0000000083000000, 0x0000000083000000|100%| O|  |TAMS 0x0000000083000000, 0x0000000082f00000| Untracked 
|  48|0x0000000083000000, 0x0000000083100000, 0x0000000083100000|100%| O|  |TAMS 0x0000000083100000, 0x0000000083000000| Untracked 
|  49|0x0000000083100000, 0x0000000083200000, 0x0000000083200000|100%| O|  |TAMS 0x0000000083200000, 0x0000000083100000| Untracked 
|  50|0x0000000083200000, 0x0000000083300000, 0x0000000083300000|100%| O|  |TAMS 0x0000000083300000, 0x0000000083200000| Untracked 
|  51|0x0000000083300000, 0x0000000083400000, 0x0000000083400000|100%| O|  |TAMS 0x0000000083400000, 0x0000000083300000| Complete 
|  52|0x0000000083400000, 0x0000000083500000, 0x0000000083500000|100%| O|  |TAMS 0x0000000083500000, 0x0000000083400000| Untracked 
|  53|0x0000000083500000, 0x0000000083600000, 0x0000000083600000|100%| O|  |TAMS 0x0000000083600000, 0x0000000083500000| Untracked 
|  54|0x0000000083600000, 0x0000000083700000, 0x0000000083700000|100%| O|  |TAMS 0x0000000083700000, 0x0000000083600000| Untracked 
|  55|0x0000000083700000, 0x0000000083800000, 0x0000000083800000|100%| O|  |TAMS 0x0000000083800000, 0x0000000083700000| Complete 
|  56|0x0000000083800000, 0x0000000083900000, 0x0000000083900000|100%| O|  |TAMS 0x0000000083900000, 0x0000000083800000| Untracked 
|  57|0x0000000083900000, 0x0000000083a00000, 0x0000000083a00000|100%| O|  |TAMS 0x0000000083a00000, 0x0000000083900000| Untracked 
|  58|0x0000000083a00000, 0x0000000083b00000, 0x0000000083b00000|100%| O|  |TAMS 0x0000000083b00000, 0x0000000083a00000| Untracked 
|  59|0x0000000083b00000, 0x0000000083c00000, 0x0000000083c00000|100%| O|  |TAMS 0x0000000083c00000, 0x0000000083b00000| Complete 
|  60|0x0000000083c00000, 0x0000000083d00000, 0x0000000083d00000|100%| O|  |TAMS 0x0000000083d00000, 0x0000000083c00000| Untracked 
|  61|0x0000000083d00000, 0x0000000083e00000, 0x0000000083e00000|100%|HS|  |TAMS 0x0000000083e00000, 0x0000000083d00000| Complete 
|  62|0x0000000083e00000, 0x0000000083f00000, 0x0000000083f00000|100%|HC|  |TAMS 0x0000000083f00000, 0x0000000083e00000| Complete 
|  63|0x0000000083f00000, 0x0000000084000000, 0x0000000084000000|100%| O|  |TAMS 0x0000000084000000, 0x0000000083f00000| Untracked 
|  64|0x0000000084000000, 0x0000000084100000, 0x0000000084100000|100%| O|  |TAMS 0x0000000084100000, 0x0000000084000000| Untracked 
|  65|0x0000000084100000, 0x0000000084200000, 0x0000000084200000|100%| O|  |TAMS 0x0000000084200000, 0x0000000084100000| Untracked 
|  66|0x0000000084200000, 0x0000000084300000, 0x0000000084300000|100%| O|  |TAMS 0x0000000084300000, 0x0000000084200000| Untracked 
|  67|0x0000000084300000, 0x0000000084400000, 0x0000000084400000|100%| O|  |TAMS 0x0000000084400000, 0x0000000084300000| Untracked 
|  68|0x0000000084400000, 0x0000000084500000, 0x0000000084500000|100%| O|  |TAMS 0x0000000084500000, 0x0000000084400000| Untracked 
|  69|0x0000000084500000, 0x0000000084600000, 0x0000000084600000|100%|HS|  |TAMS 0x0000000084600000, 0x0000000084500000| Complete 
|  70|0x0000000084600000, 0x0000000084700000, 0x0000000084700000|100%| O|  |TAMS 0x0000000084700000, 0x0000000084600000| Complete 
|  71|0x0000000084700000, 0x0000000084800000, 0x0000000084800000|100%|HS|  |TAMS 0x0000000084800000, 0x0000000084700000| Complete 
|  72|0x0000000084800000, 0x0000000084900000, 0x0000000084900000|100%|HS|  |TAMS 0x0000000084900000, 0x0000000084800000| Complete 
|  73|0x0000000084900000, 0x0000000084a00000, 0x0000000084a00000|100%|HS|  |TAMS 0x0000000084a00000, 0x0000000084900000| Complete 
|  74|0x0000000084a00000, 0x0000000084b00000, 0x0000000084b00000|100%|HC|  |TAMS 0x0000000084b00000, 0x0000000084a00000| Complete 
|  75|0x0000000084b00000, 0x0000000084c00000, 0x0000000084c00000|100%|HC|  |TAMS 0x0000000084c00000, 0x0000000084b00000| Complete 
|  76|0x0000000084c00000, 0x0000000084d00000, 0x0000000084d00000|100%|HS|  |TAMS 0x0000000084d00000, 0x0000000084c00000| Complete 
|  77|0x0000000084d00000, 0x0000000084e00000, 0x0000000084e00000|100%|HC|  |TAMS 0x0000000084e00000, 0x0000000084d00000| Complete 
|  78|0x0000000084e00000, 0x0000000084effff8, 0x0000000084f00000| 99%| O|  |TAMS 0x0000000084effff8, 0x0000000084e00000| Untracked 
|  79|0x0000000084f00000, 0x0000000085000000, 0x0000000085000000|100%| O|  |TAMS 0x0000000085000000, 0x0000000084f00000| Complete 
|  80|0x0000000085000000, 0x0000000085100000, 0x0000000085100000|100%| O|  |TAMS 0x0000000085100000, 0x0000000085000000| Complete 
|  81|0x0000000085100000, 0x0000000085200000, 0x0000000085200000|100%| O|  |TAMS 0x0000000085200000, 0x0000000085100000| Untracked 
|  82|0x0000000085200000, 0x0000000085300000, 0x0000000085300000|100%| O|  |TAMS 0x0000000085300000, 0x0000000085200000| Untracked 
|  83|0x0000000085300000, 0x0000000085400000, 0x0000000085400000|100%| O|  |TAMS 0x0000000085400000, 0x0000000085300000| Untracked 
|  84|0x0000000085400000, 0x0000000085500000, 0x0000000085500000|100%| O|  |TAMS 0x0000000085500000, 0x0000000085400000| Complete 
|  85|0x0000000085500000, 0x0000000085600000, 0x0000000085600000|100%| O|  |TAMS 0x0000000085600000, 0x0000000085500000| Untracked 
|  86|0x0000000085600000, 0x0000000085700000, 0x0000000085700000|100%| O|  |TAMS 0x0000000085700000, 0x0000000085600000| Untracked 
|  87|0x0000000085700000, 0x0000000085800000, 0x0000000085800000|100%| O|  |TAMS 0x0000000085800000, 0x0000000085700000| Untracked 
|  88|0x0000000085800000, 0x0000000085900000, 0x0000000085900000|100%| O|  |TAMS 0x0000000085900000, 0x0000000085800000| Complete 
|  89|0x0000000085900000, 0x0000000085a00000, 0x0000000085a00000|100%| O|  |TAMS 0x0000000085a00000, 0x0000000085900000| Complete 
|  90|0x0000000085a00000, 0x0000000085b00000, 0x0000000085b00000|100%| O|  |TAMS 0x0000000085b00000, 0x0000000085a00000| Untracked 
|  91|0x0000000085b00000, 0x0000000085c00000, 0x0000000085c00000|100%| O|  |TAMS 0x0000000085c00000, 0x0000000085b00000| Untracked 
|  92|0x0000000085c00000, 0x0000000085d00000, 0x0000000085d00000|100%| O|  |TAMS 0x0000000085d00000, 0x0000000085c00000| Untracked 
|  93|0x0000000085d00000, 0x0000000085e00000, 0x0000000085e00000|100%| O|  |TAMS 0x0000000085e00000, 0x0000000085d00000| Complete 
|  94|0x0000000085e00000, 0x0000000085f00000, 0x0000000085f00000|100%| O|  |TAMS 0x0000000085f00000, 0x0000000085e00000| Untracked 
|  95|0x0000000085f00000, 0x0000000086000000, 0x0000000086000000|100%| O|  |TAMS 0x0000000086000000, 0x0000000085f00000| Untracked 
|  96|0x0000000086000000, 0x0000000086100000, 0x0000000086100000|100%| O|  |TAMS 0x0000000086100000, 0x0000000086000000| Complete 
|  97|0x0000000086100000, 0x0000000086200000, 0x0000000086200000|100%| O|  |TAMS 0x0000000086200000, 0x0000000086100000| Complete 
|  98|0x0000000086200000, 0x0000000086300000, 0x0000000086300000|100%| O|  |TAMS 0x0000000086300000, 0x0000000086200000| Complete 
|  99|0x0000000086300000, 0x0000000086400000, 0x0000000086400000|100%| O|  |TAMS 0x0000000086400000, 0x0000000086300000| Untracked 
| 100|0x0000000086400000, 0x0000000086500000, 0x0000000086500000|100%| O|  |TAMS 0x0000000086500000, 0x0000000086400000| Untracked 
| 101|0x0000000086500000, 0x0000000086600000, 0x0000000086600000|100%| O|  |TAMS 0x0000000086600000, 0x0000000086500000| Untracked 
| 102|0x0000000086600000, 0x0000000086700000, 0x0000000086700000|100%| O|  |TAMS 0x0000000086700000, 0x0000000086600000| Complete 
| 103|0x0000000086700000, 0x0000000086800000, 0x0000000086800000|100%| O|  |TAMS 0x0000000086800000, 0x0000000086700000| Complete 
| 104|0x0000000086800000, 0x0000000086900000, 0x0000000086900000|100%| O|  |TAMS 0x0000000086900000, 0x0000000086800000| Complete 
| 105|0x0000000086900000, 0x0000000086a00000, 0x0000000086a00000|100%| O|  |TAMS 0x0000000086a00000, 0x0000000086900000| Complete 
| 106|0x0000000086a00000, 0x0000000086b00000, 0x0000000086b00000|100%| O|  |TAMS 0x0000000086b00000, 0x0000000086a00000| Complete 
| 107|0x0000000086b00000, 0x0000000086c00000, 0x0000000086c00000|100%| O|  |TAMS 0x0000000086c00000, 0x0000000086b00000| Complete 
| 108|0x0000000086c00000, 0x0000000086d00000, 0x0000000086d00000|100%| O|  |TAMS 0x0000000086d00000, 0x0000000086c00000| Complete 
| 109|0x0000000086d00000, 0x0000000086e00000, 0x0000000086e00000|100%| O|  |TAMS 0x0000000086e00000, 0x0000000086d00000| Untracked 
| 110|0x0000000086e00000, 0x0000000086f00000, 0x0000000086f00000|100%| O|  |TAMS 0x0000000086f00000, 0x0000000086e00000| Complete 
| 111|0x0000000086f00000, 0x0000000087000000, 0x0000000087000000|100%| O|  |TAMS 0x0000000087000000, 0x0000000086f00000| Complete 
| 112|0x0000000087000000, 0x0000000087100000, 0x0000000087100000|100%| O|  |TAMS 0x0000000087100000, 0x0000000087000000| Complete 
| 113|0x0000000087100000, 0x0000000087200000, 0x0000000087200000|100%| O|  |TAMS 0x0000000087200000, 0x0000000087100000| Complete 
| 114|0x0000000087200000, 0x0000000087300000, 0x0000000087300000|100%| O|  |TAMS 0x0000000087300000, 0x0000000087200000| Untracked 
| 115|0x0000000087300000, 0x0000000087400000, 0x0000000087400000|100%| O|  |TAMS 0x0000000087400000, 0x0000000087300000| Complete 
| 116|0x0000000087400000, 0x0000000087500000, 0x0000000087500000|100%| O|  |TAMS 0x0000000087500000, 0x0000000087400000| Complete 
| 117|0x0000000087500000, 0x0000000087600000, 0x0000000087600000|100%| O|  |TAMS 0x0000000087600000, 0x0000000087500000| Untracked 
| 118|0x0000000087600000, 0x0000000087700000, 0x0000000087700000|100%| O|  |TAMS 0x0000000087700000, 0x0000000087600000| Untracked 
| 119|0x0000000087700000, 0x0000000087800000, 0x0000000087800000|100%| O|  |TAMS 0x0000000087800000, 0x0000000087700000| Untracked 
| 120|0x0000000087800000, 0x0000000087900000, 0x0000000087900000|100%| O|  |TAMS 0x0000000087900000, 0x0000000087800000| Untracked 
| 121|0x0000000087900000, 0x0000000087a00000, 0x0000000087a00000|100%| O|  |TAMS 0x0000000087a00000, 0x0000000087900000| Complete 
| 122|0x0000000087a00000, 0x0000000087b00000, 0x0000000087b00000|100%| O|  |TAMS 0x0000000087b00000, 0x0000000087a00000| Complete 
| 123|0x0000000087b00000, 0x0000000087c00000, 0x0000000087c00000|100%| O|  |TAMS 0x0000000087c00000, 0x0000000087b00000| Complete 
| 124|0x0000000087c00000, 0x0000000087d00000, 0x0000000087d00000|100%| O|  |TAMS 0x0000000087d00000, 0x0000000087c00000| Complete 
| 125|0x0000000087d00000, 0x0000000087e00000, 0x0000000087e00000|100%| O|  |TAMS 0x0000000087e00000, 0x0000000087d00000| Complete 
| 126|0x0000000087e00000, 0x0000000087f00000, 0x0000000087f00000|100%| O|  |TAMS 0x0000000087f00000, 0x0000000087e00000| Complete 
| 127|0x0000000087f00000, 0x0000000088000000, 0x0000000088000000|100%| O|  |TAMS 0x0000000088000000, 0x0000000087f00000| Complete 
| 128|0x0000000088000000, 0x0000000088100000, 0x0000000088100000|100%| O|  |TAMS 0x0000000088100000, 0x0000000088000000| Complete 
| 129|0x0000000088100000, 0x0000000088200000, 0x0000000088200000|100%| O|  |TAMS 0x0000000088200000, 0x0000000088100000| Complete 
| 130|0x0000000088200000, 0x0000000088300000, 0x0000000088300000|100%| O|  |TAMS 0x0000000088300000, 0x0000000088200000| Untracked 
| 131|0x0000000088300000, 0x0000000088400000, 0x0000000088400000|100%| O|  |TAMS 0x0000000088400000, 0x0000000088300000| Untracked 
| 132|0x0000000088400000, 0x0000000088500000, 0x0000000088500000|100%| O|  |TAMS 0x0000000088500000, 0x0000000088400000| Untracked 
| 133|0x0000000088500000, 0x0000000088600000, 0x0000000088600000|100%| O|  |TAMS 0x0000000088600000, 0x0000000088500000| Untracked 
| 134|0x0000000088600000, 0x0000000088700000, 0x0000000088700000|100%| O|  |TAMS 0x0000000088700000, 0x0000000088600000| Untracked 
| 135|0x0000000088700000, 0x0000000088800000, 0x0000000088800000|100%| O|  |TAMS 0x0000000088800000, 0x0000000088700000| Untracked 
| 136|0x0000000088800000, 0x0000000088900000, 0x0000000088900000|100%| O|  |TAMS 0x0000000088900000, 0x0000000088800000| Complete 
| 137|0x0000000088900000, 0x0000000088a00000, 0x0000000088a00000|100%| O|  |TAMS 0x0000000088a00000, 0x0000000088900000| Complete 
| 138|0x0000000088a00000, 0x0000000088b00000, 0x0000000088b00000|100%| O|  |TAMS 0x0000000088b00000, 0x0000000088a00000| Complete 
| 139|0x0000000088b00000, 0x0000000088c00000, 0x0000000088c00000|100%| O|  |TAMS 0x0000000088c00000, 0x0000000088b00000| Complete 
| 140|0x0000000088c00000, 0x0000000088d00000, 0x0000000088d00000|100%| O|  |TAMS 0x0000000088d00000, 0x0000000088c00000| Complete 
| 141|0x0000000088d00000, 0x0000000088e00000, 0x0000000088e00000|100%| O|  |TAMS 0x0000000088e00000, 0x0000000088d00000| Untracked 
| 142|0x0000000088e00000, 0x0000000088f00000, 0x0000000088f00000|100%|HS|  |TAMS 0x0000000088f00000, 0x0000000088e00000| Complete 
| 143|0x0000000088f00000, 0x0000000089000000, 0x0000000089000000|100%| O|  |TAMS 0x0000000089000000, 0x0000000088f00000| Untracked 
| 144|0x0000000089000000, 0x0000000089100000, 0x0000000089100000|100%| O|  |TAMS 0x0000000089100000, 0x0000000089000000| Untracked 
| 145|0x0000000089100000, 0x0000000089200000, 0x0000000089200000|100%| O|  |TAMS 0x0000000089200000, 0x0000000089100000| Complete 
| 146|0x0000000089200000, 0x0000000089300000, 0x0000000089300000|100%| O|  |TAMS 0x0000000089300000, 0x0000000089200000| Untracked 
| 147|0x0000000089300000, 0x0000000089400000, 0x0000000089400000|100%| O|  |TAMS 0x0000000089400000, 0x0000000089300000| Complete 
| 148|0x0000000089400000, 0x0000000089500000, 0x0000000089500000|100%| O|  |TAMS 0x0000000089500000, 0x0000000089400000| Untracked 
| 149|0x0000000089500000, 0x0000000089600000, 0x0000000089600000|100%| O|  |TAMS 0x0000000089600000, 0x0000000089500000| Untracked 
| 150|0x0000000089600000, 0x0000000089700000, 0x0000000089700000|100%| O|  |TAMS 0x0000000089700000, 0x0000000089600000| Untracked 
| 151|0x0000000089700000, 0x0000000089800000, 0x0000000089800000|100%| O|  |TAMS 0x0000000089800000, 0x0000000089700000| Untracked 
| 152|0x0000000089800000, 0x0000000089900000, 0x0000000089900000|100%| O|  |TAMS 0x0000000089900000, 0x0000000089800000| Untracked 
| 153|0x0000000089900000, 0x0000000089a00000, 0x0000000089a00000|100%| O|  |TAMS 0x0000000089a00000, 0x0000000089900000| Untracked 
| 154|0x0000000089a00000, 0x0000000089b00000, 0x0000000089b00000|100%| O|  |TAMS 0x0000000089b00000, 0x0000000089a00000| Untracked 
| 155|0x0000000089b00000, 0x0000000089c00000, 0x0000000089c00000|100%| O|  |TAMS 0x0000000089c00000, 0x0000000089b00000| Untracked 
| 156|0x0000000089c00000, 0x0000000089d00000, 0x0000000089d00000|100%| O|  |TAMS 0x0000000089d00000, 0x0000000089c00000| Untracked 
| 157|0x0000000089d00000, 0x0000000089e00000, 0x0000000089e00000|100%| O|  |TAMS 0x0000000089e00000, 0x0000000089d00000| Untracked 
| 158|0x0000000089e00000, 0x0000000089f00000, 0x0000000089f00000|100%| O|  |TAMS 0x0000000089f00000, 0x0000000089e00000| Untracked 
| 159|0x0000000089f00000, 0x000000008a000000, 0x000000008a000000|100%| O|  |TAMS 0x000000008a000000, 0x0000000089f00000| Complete 
| 160|0x000000008a000000, 0x000000008a100000, 0x000000008a100000|100%| O|  |TAMS 0x000000008a100000, 0x000000008a000000| Untracked 
| 161|0x000000008a100000, 0x000000008a200000, 0x000000008a200000|100%| O|  |TAMS 0x000000008a200000, 0x000000008a100000| Untracked 
| 162|0x000000008a200000, 0x000000008a300000, 0x000000008a300000|100%| O|  |TAMS 0x000000008a300000, 0x000000008a200000| Untracked 
| 163|0x000000008a300000, 0x000000008a400000, 0x000000008a400000|100%| O|  |TAMS 0x000000008a400000, 0x000000008a300000| Untracked 
| 164|0x000000008a400000, 0x000000008a500000, 0x000000008a500000|100%| O|  |TAMS 0x000000008a500000, 0x000000008a400000| Untracked 
| 165|0x000000008a500000, 0x000000008a600000, 0x000000008a600000|100%| O|  |TAMS 0x000000008a600000, 0x000000008a500000| Untracked 
| 166|0x000000008a600000, 0x000000008a700000, 0x000000008a700000|100%| O|  |TAMS 0x000000008a700000, 0x000000008a600000| Untracked 
| 167|0x000000008a700000, 0x000000008a800000, 0x000000008a800000|100%| O|  |TAMS 0x000000008a800000, 0x000000008a700000| Untracked 
| 168|0x000000008a800000, 0x000000008a900000, 0x000000008a900000|100%| O|  |TAMS 0x000000008a900000, 0x000000008a800000| Untracked 
| 169|0x000000008a900000, 0x000000008aa00000, 0x000000008aa00000|100%| O|  |TAMS 0x000000008aa00000, 0x000000008a900000| Untracked 
| 170|0x000000008aa00000, 0x000000008ab00000, 0x000000008ab00000|100%| O|  |TAMS 0x000000008ab00000, 0x000000008aa00000| Untracked 
| 171|0x000000008ab00000, 0x000000008ab00000, 0x000000008ac00000|  0%| F|  |TAMS 0x000000008ab00000, 0x000000008ab00000| Untracked 
| 172|0x000000008ac00000, 0x000000008ad00000, 0x000000008ad00000|100%| O|  |TAMS 0x000000008acc9e00, 0x000000008ac00000| Untracked 
| 173|0x000000008ad00000, 0x000000008ae00000, 0x000000008ae00000|100%| O|  |TAMS 0x000000008ad00000, 0x000000008ad00000| Untracked 
| 174|0x000000008ae00000, 0x000000008af00000, 0x000000008af00000|100%| O|  |TAMS 0x000000008ae00000, 0x000000008ae00000| Untracked 
| 175|0x000000008af00000, 0x000000008b000000, 0x000000008b000000|100%| O|  |TAMS 0x000000008af00000, 0x000000008af00000| Untracked 
| 176|0x000000008b000000, 0x000000008b100000, 0x000000008b100000|100%| O|  |TAMS 0x000000008b000000, 0x000000008b000000| Untracked 
| 177|0x000000008b100000, 0x000000008b200000, 0x000000008b200000|100%| O|  |TAMS 0x000000008b100000, 0x000000008b100000| Untracked 
| 178|0x000000008b200000, 0x000000008b300000, 0x000000008b300000|100%| O|  |TAMS 0x000000008b200000, 0x000000008b200000| Untracked 
| 179|0x000000008b300000, 0x000000008b400000, 0x000000008b400000|100%| O|  |TAMS 0x000000008b300000, 0x000000008b300000| Untracked 
| 180|0x000000008b400000, 0x000000008b500000, 0x000000008b500000|100%| O|  |TAMS 0x000000008b400000, 0x000000008b400000| Untracked 
| 181|0x000000008b500000, 0x000000008b600000, 0x000000008b600000|100%| O|  |TAMS 0x000000008b500000, 0x000000008b500000| Untracked 
| 182|0x000000008b600000, 0x000000008b700000, 0x000000008b700000|100%| O|  |TAMS 0x000000008b600000, 0x000000008b600000| Untracked 
| 183|0x000000008b700000, 0x000000008b800000, 0x000000008b800000|100%| O|  |TAMS 0x000000008b700000, 0x000000008b700000| Untracked 
| 184|0x000000008b800000, 0x000000008b900000, 0x000000008b900000|100%| O|  |TAMS 0x000000008b800000, 0x000000008b800000| Untracked 
| 185|0x000000008b900000, 0x000000008ba00000, 0x000000008ba00000|100%| O|  |TAMS 0x000000008b900000, 0x000000008b900000| Untracked 
| 186|0x000000008ba00000, 0x000000008bb00000, 0x000000008bb00000|100%| O|  |TAMS 0x000000008ba00000, 0x000000008ba00000| Untracked 
| 187|0x000000008bb00000, 0x000000008bc00000, 0x000000008bc00000|100%| O|  |TAMS 0x000000008bb00000, 0x000000008bb00000| Untracked 
| 188|0x000000008bc00000, 0x000000008bd00000, 0x000000008bd00000|100%| O|  |TAMS 0x000000008bc00000, 0x000000008bc00000| Untracked 
| 189|0x000000008bd00000, 0x000000008be00000, 0x000000008be00000|100%| O|  |TAMS 0x000000008bd00000, 0x000000008bd00000| Untracked 
| 190|0x000000008be00000, 0x000000008bf00000, 0x000000008bf00000|100%| O|  |TAMS 0x000000008be00000, 0x000000008be00000| Untracked 
| 191|0x000000008bf00000, 0x000000008c000000, 0x000000008c000000|100%| O|  |TAMS 0x000000008bf00000, 0x000000008bf00000| Untracked 
| 192|0x000000008c000000, 0x000000008c100000, 0x000000008c100000|100%| O|  |TAMS 0x000000008c000000, 0x000000008c000000| Untracked 
| 193|0x000000008c100000, 0x000000008c200000, 0x000000008c200000|100%| O|  |TAMS 0x000000008c100000, 0x000000008c100000| Untracked 
| 194|0x000000008c200000, 0x000000008c300000, 0x000000008c300000|100%| O|  |TAMS 0x000000008c200000, 0x000000008c200000| Untracked 
| 195|0x000000008c300000, 0x000000008c400000, 0x000000008c400000|100%| O|  |TAMS 0x000000008c300000, 0x000000008c300000| Untracked 
| 196|0x000000008c400000, 0x000000008c500000, 0x000000008c500000|100%| O|  |TAMS 0x000000008c400000, 0x000000008c400000| Untracked 
| 197|0x000000008c500000, 0x000000008c5f9c00, 0x000000008c600000| 97%| O|  |TAMS 0x000000008c500000, 0x000000008c500000| Untracked 
| 198|0x000000008c600000, 0x000000008c600000, 0x000000008c700000|  0%| F|  |TAMS 0x000000008c600000, 0x000000008c600000| Untracked 
| 199|0x000000008c700000, 0x000000008c700000, 0x000000008c800000|  0%| F|  |TAMS 0x000000008c700000, 0x000000008c700000| Untracked 
| 200|0x000000008c800000, 0x000000008c800000, 0x000000008c900000|  0%| F|  |TAMS 0x000000008c800000, 0x000000008c800000| Untracked 
| 201|0x000000008c900000, 0x000000008c900000, 0x000000008ca00000|  0%| F|  |TAMS 0x000000008c900000, 0x000000008c900000| Untracked 
| 202|0x000000008ca00000, 0x000000008ca00000, 0x000000008cb00000|  0%| F|  |TAMS 0x000000008ca00000, 0x000000008ca00000| Untracked 
| 203|0x000000008cb00000, 0x000000008cb00000, 0x000000008cc00000|  0%| F|  |TAMS 0x000000008cb00000, 0x000000008cb00000| Untracked 
| 204|0x000000008cc00000, 0x000000008cc00000, 0x000000008cd00000|  0%| F|  |TAMS 0x000000008cc00000, 0x000000008cc00000| Untracked 
| 205|0x000000008cd00000, 0x000000008cd00000, 0x000000008ce00000|  0%| F|  |TAMS 0x000000008cd00000, 0x000000008cd00000| Untracked 
| 206|0x000000008ce00000, 0x000000008ce00000, 0x000000008cf00000|  0%| F|  |TAMS 0x000000008ce00000, 0x000000008ce00000| Untracked 
| 207|0x000000008cf00000, 0x000000008cf00000, 0x000000008d000000|  0%| F|  |TAMS 0x000000008cf00000, 0x000000008cf00000| Untracked 
| 208|0x000000008d000000, 0x000000008d000000, 0x000000008d100000|  0%| F|  |TAMS 0x000000008d000000, 0x000000008d000000| Untracked 
| 209|0x000000008d100000, 0x000000008d100000, 0x000000008d200000|  0%| F|  |TAMS 0x000000008d100000, 0x000000008d100000| Untracked 
| 210|0x000000008d200000, 0x000000008d200000, 0x000000008d300000|  0%| F|  |TAMS 0x000000008d200000, 0x000000008d200000| Untracked 
| 211|0x000000008d300000, 0x000000008d300000, 0x000000008d400000|  0%| F|  |TAMS 0x000000008d300000, 0x000000008d300000| Untracked 
| 212|0x000000008d400000, 0x000000008d400000, 0x000000008d500000|  0%| F|  |TAMS 0x000000008d400000, 0x000000008d400000| Untracked 
| 213|0x000000008d500000, 0x000000008d500000, 0x000000008d600000|  0%| F|  |TAMS 0x000000008d500000, 0x000000008d500000| Untracked 
| 214|0x000000008d600000, 0x000000008d600000, 0x000000008d700000|  0%| F|  |TAMS 0x000000008d600000, 0x000000008d600000| Untracked 
| 215|0x000000008d700000, 0x000000008d700000, 0x000000008d800000|  0%| F|  |TAMS 0x000000008d700000, 0x000000008d700000| Untracked 
| 216|0x000000008d800000, 0x000000008d800000, 0x000000008d900000|  0%| F|  |TAMS 0x000000008d800000, 0x000000008d800000| Untracked 
| 217|0x000000008d900000, 0x000000008d900000, 0x000000008da00000|  0%| F|  |TAMS 0x000000008d900000, 0x000000008d900000| Untracked 
| 218|0x000000008da00000, 0x000000008da00000, 0x000000008db00000|  0%| F|  |TAMS 0x000000008da00000, 0x000000008da00000| Untracked 
| 219|0x000000008db00000, 0x000000008db00000, 0x000000008dc00000|  0%| F|  |TAMS 0x000000008db00000, 0x000000008db00000| Untracked 
| 220|0x000000008dc00000, 0x000000008dc00000, 0x000000008dd00000|  0%| F|  |TAMS 0x000000008dc00000, 0x000000008dc00000| Untracked 
| 221|0x000000008dd00000, 0x000000008dd00000, 0x000000008de00000|  0%| F|  |TAMS 0x000000008dd00000, 0x000000008dd00000| Untracked 
| 222|0x000000008de00000, 0x000000008de00000, 0x000000008df00000|  0%| F|  |TAMS 0x000000008de00000, 0x000000008de00000| Untracked 
| 223|0x000000008df00000, 0x000000008df00000, 0x000000008e000000|  0%| F|  |TAMS 0x000000008df00000, 0x000000008df00000| Untracked 
| 224|0x000000008e000000, 0x000000008e000000, 0x000000008e100000|  0%| F|  |TAMS 0x000000008e000000, 0x000000008e000000| Untracked 
| 225|0x000000008e100000, 0x000000008e100000, 0x000000008e200000|  0%| F|  |TAMS 0x000000008e100000, 0x000000008e100000| Untracked 
| 226|0x000000008e200000, 0x000000008e200000, 0x000000008e300000|  0%| F|  |TAMS 0x000000008e200000, 0x000000008e200000| Untracked 
| 227|0x000000008e300000, 0x000000008e300000, 0x000000008e400000|  0%| F|  |TAMS 0x000000008e300000, 0x000000008e300000| Untracked 
| 228|0x000000008e400000, 0x000000008e400000, 0x000000008e500000|  0%| F|  |TAMS 0x000000008e400000, 0x000000008e400000| Untracked 
| 229|0x000000008e500000, 0x000000008e500000, 0x000000008e600000|  0%| F|  |TAMS 0x000000008e500000, 0x000000008e500000| Untracked 
| 230|0x000000008e600000, 0x000000008e600000, 0x000000008e700000|  0%| F|  |TAMS 0x000000008e600000, 0x000000008e600000| Untracked 
| 231|0x000000008e700000, 0x000000008e700000, 0x000000008e800000|  0%| F|  |TAMS 0x000000008e700000, 0x000000008e700000| Untracked 
| 232|0x000000008e800000, 0x000000008e800000, 0x000000008e900000|  0%| F|  |TAMS 0x000000008e800000, 0x000000008e800000| Untracked 
| 233|0x000000008e900000, 0x000000008e900000, 0x000000008ea00000|  0%| F|  |TAMS 0x000000008e900000, 0x000000008e900000| Untracked 
| 234|0x000000008ea00000, 0x000000008ea00000, 0x000000008eb00000|  0%| F|  |TAMS 0x000000008ea00000, 0x000000008ea00000| Untracked 
| 235|0x000000008eb00000, 0x000000008eb00000, 0x000000008ec00000|  0%| F|  |TAMS 0x000000008eb00000, 0x000000008eb00000| Untracked 
| 236|0x000000008ec00000, 0x000000008ec00000, 0x000000008ed00000|  0%| F|  |TAMS 0x000000008ec00000, 0x000000008ec00000| Untracked 
| 237|0x000000008ed00000, 0x000000008ed00000, 0x000000008ee00000|  0%| F|  |TAMS 0x000000008ed00000, 0x000000008ed00000| Untracked 
| 238|0x000000008ee00000, 0x000000008ee00000, 0x000000008ef00000|  0%| F|  |TAMS 0x000000008ee00000, 0x000000008ee00000| Untracked 
| 239|0x000000008ef00000, 0x000000008ef00000, 0x000000008f000000|  0%| F|  |TAMS 0x000000008ef00000, 0x000000008ef00000| Untracked 
| 240|0x000000008f000000, 0x000000008f000000, 0x000000008f100000|  0%| F|  |TAMS 0x000000008f000000, 0x000000008f000000| Untracked 
| 241|0x000000008f100000, 0x000000008f100000, 0x000000008f200000|  0%| F|  |TAMS 0x000000008f100000, 0x000000008f100000| Untracked 
| 242|0x000000008f200000, 0x000000008f200000, 0x000000008f300000|  0%| F|  |TAMS 0x000000008f200000, 0x000000008f200000| Untracked 
| 243|0x000000008f300000, 0x000000008f300000, 0x000000008f400000|  0%| F|  |TAMS 0x000000008f300000, 0x000000008f300000| Untracked 
| 244|0x000000008f400000, 0x000000008f400000, 0x000000008f500000|  0%| F|  |TAMS 0x000000008f400000, 0x000000008f400000| Untracked 
| 245|0x000000008f500000, 0x000000008f500000, 0x000000008f600000|  0%| F|  |TAMS 0x000000008f500000, 0x000000008f500000| Untracked 
| 246|0x000000008f600000, 0x000000008f600000, 0x000000008f700000|  0%| F|  |TAMS 0x000000008f600000, 0x000000008f600000| Untracked 
| 247|0x000000008f700000, 0x000000008f700000, 0x000000008f800000|  0%| F|  |TAMS 0x000000008f700000, 0x000000008f700000| Untracked 
| 248|0x000000008f800000, 0x000000008f800000, 0x000000008f900000|  0%| F|  |TAMS 0x000000008f800000, 0x000000008f800000| Untracked 
| 249|0x000000008f900000, 0x000000008f900000, 0x000000008fa00000|  0%| F|  |TAMS 0x000000008f900000, 0x000000008f900000| Untracked 
| 250|0x000000008fa00000, 0x000000008fa00000, 0x000000008fb00000|  0%| F|  |TAMS 0x000000008fa00000, 0x000000008fa00000| Untracked 
| 251|0x000000008fb00000, 0x000000008fb00000, 0x000000008fc00000|  0%| F|  |TAMS 0x000000008fb00000, 0x000000008fb00000| Untracked 
| 252|0x000000008fc00000, 0x000000008fc00000, 0x000000008fd00000|  0%| F|  |TAMS 0x000000008fc00000, 0x000000008fc00000| Untracked 
| 253|0x000000008fd00000, 0x000000008fd00000, 0x000000008fe00000|  0%| F|  |TAMS 0x000000008fd00000, 0x000000008fd00000| Untracked 
| 254|0x000000008fe00000, 0x000000008fe00000, 0x000000008ff00000|  0%| F|  |TAMS 0x000000008fe00000, 0x000000008fe00000| Untracked 
| 255|0x000000008ff00000, 0x000000008ff00000, 0x0000000090000000|  0%| F|  |TAMS 0x000000008ff00000, 0x000000008ff00000| Untracked 
| 256|0x0000000090000000, 0x0000000090000000, 0x0000000090100000|  0%| F|  |TAMS 0x0000000090000000, 0x0000000090000000| Untracked 
| 257|0x0000000090100000, 0x0000000090100000, 0x0000000090200000|  0%| F|  |TAMS 0x0000000090100000, 0x0000000090100000| Untracked 
| 258|0x0000000090200000, 0x0000000090200000, 0x0000000090300000|  0%| F|  |TAMS 0x0000000090200000, 0x0000000090200000| Untracked 
| 259|0x0000000090300000, 0x0000000090300000, 0x0000000090400000|  0%| F|  |TAMS 0x0000000090300000, 0x0000000090300000| Untracked 
| 260|0x0000000090400000, 0x0000000090400000, 0x0000000090500000|  0%| F|  |TAMS 0x0000000090400000, 0x0000000090400000| Untracked 
| 261|0x0000000090500000, 0x0000000090500000, 0x0000000090600000|  0%| F|  |TAMS 0x0000000090500000, 0x0000000090500000| Untracked 
| 262|0x0000000090600000, 0x0000000090600000, 0x0000000090700000|  0%| F|  |TAMS 0x0000000090600000, 0x0000000090600000| Untracked 
| 263|0x0000000090700000, 0x0000000090700000, 0x0000000090800000|  0%| F|  |TAMS 0x0000000090700000, 0x0000000090700000| Untracked 
| 264|0x0000000090800000, 0x0000000090800000, 0x0000000090900000|  0%| F|  |TAMS 0x0000000090800000, 0x0000000090800000| Untracked 
| 265|0x0000000090900000, 0x0000000090900000, 0x0000000090a00000|  0%| F|  |TAMS 0x0000000090900000, 0x0000000090900000| Untracked 
| 266|0x0000000090a00000, 0x0000000090a00000, 0x0000000090b00000|  0%| F|  |TAMS 0x0000000090a00000, 0x0000000090a00000| Untracked 
| 267|0x0000000090b00000, 0x0000000090b00000, 0x0000000090c00000|  0%| F|  |TAMS 0x0000000090b00000, 0x0000000090b00000| Untracked 
| 268|0x0000000090c00000, 0x0000000090c00000, 0x0000000090d00000|  0%| F|  |TAMS 0x0000000090c00000, 0x0000000090c00000| Untracked 
| 269|0x0000000090d00000, 0x0000000090d00000, 0x0000000090e00000|  0%| F|  |TAMS 0x0000000090d00000, 0x0000000090d00000| Untracked 
| 270|0x0000000090e00000, 0x0000000090e00000, 0x0000000090f00000|  0%| F|  |TAMS 0x0000000090e00000, 0x0000000090e00000| Untracked 
| 271|0x0000000090f00000, 0x0000000090f00000, 0x0000000091000000|  0%| F|  |TAMS 0x0000000090f00000, 0x0000000090f00000| Untracked 
| 272|0x0000000091000000, 0x0000000091000000, 0x0000000091100000|  0%| F|  |TAMS 0x0000000091000000, 0x0000000091000000| Untracked 
| 273|0x0000000091100000, 0x0000000091100000, 0x0000000091200000|  0%| F|  |TAMS 0x0000000091100000, 0x0000000091100000| Untracked 
| 274|0x0000000091200000, 0x0000000091200000, 0x0000000091300000|  0%| F|  |TAMS 0x0000000091200000, 0x0000000091200000| Untracked 
| 275|0x0000000091300000, 0x0000000091300000, 0x0000000091400000|  0%| F|  |TAMS 0x0000000091300000, 0x0000000091300000| Untracked 
| 276|0x0000000091400000, 0x0000000091400000, 0x0000000091500000|  0%| F|  |TAMS 0x0000000091400000, 0x0000000091400000| Untracked 
| 277|0x0000000091500000, 0x0000000091500000, 0x0000000091600000|  0%| F|  |TAMS 0x0000000091500000, 0x0000000091500000| Untracked 
| 278|0x0000000091600000, 0x0000000091600000, 0x0000000091700000|  0%| F|  |TAMS 0x0000000091600000, 0x0000000091600000| Untracked 
| 279|0x0000000091700000, 0x0000000091700000, 0x0000000091800000|  0%| F|  |TAMS 0x0000000091700000, 0x0000000091700000| Untracked 
| 280|0x0000000091800000, 0x0000000091800000, 0x0000000091900000|  0%| F|  |TAMS 0x0000000091800000, 0x0000000091800000| Untracked 
| 281|0x0000000091900000, 0x0000000091900000, 0x0000000091a00000|  0%| F|  |TAMS 0x0000000091900000, 0x0000000091900000| Untracked 
| 282|0x0000000091a00000, 0x0000000091a00000, 0x0000000091b00000|  0%| F|  |TAMS 0x0000000091a00000, 0x0000000091a00000| Untracked 
| 283|0x0000000091b00000, 0x0000000091b00000, 0x0000000091c00000|  0%| F|  |TAMS 0x0000000091b00000, 0x0000000091b00000| Untracked 
| 284|0x0000000091c00000, 0x0000000091c00000, 0x0000000091d00000|  0%| F|  |TAMS 0x0000000091c00000, 0x0000000091c00000| Untracked 
| 285|0x0000000091d00000, 0x0000000091d00000, 0x0000000091e00000|  0%| F|  |TAMS 0x0000000091d00000, 0x0000000091d00000| Untracked 
| 286|0x0000000091e00000, 0x0000000091e00000, 0x0000000091f00000|  0%| F|  |TAMS 0x0000000091e00000, 0x0000000091e00000| Untracked 
| 287|0x0000000091f00000, 0x0000000091f00000, 0x0000000092000000|  0%| F|  |TAMS 0x0000000091f00000, 0x0000000091f00000| Untracked 
| 288|0x0000000092000000, 0x0000000092000000, 0x0000000092100000|  0%| F|  |TAMS 0x0000000092000000, 0x0000000092000000| Untracked 
| 289|0x0000000092100000, 0x0000000092100000, 0x0000000092200000|  0%| F|  |TAMS 0x0000000092100000, 0x0000000092100000| Untracked 
| 290|0x0000000092200000, 0x0000000092200000, 0x0000000092300000|  0%| F|  |TAMS 0x0000000092200000, 0x0000000092200000| Untracked 
| 291|0x0000000092300000, 0x0000000092300000, 0x0000000092400000|  0%| F|  |TAMS 0x0000000092300000, 0x0000000092300000| Untracked 
| 292|0x0000000092400000, 0x0000000092400000, 0x0000000092500000|  0%| F|  |TAMS 0x0000000092400000, 0x0000000092400000| Untracked 
| 293|0x0000000092500000, 0x0000000092500000, 0x0000000092600000|  0%| F|  |TAMS 0x0000000092500000, 0x0000000092500000| Untracked 
| 294|0x0000000092600000, 0x0000000092700000, 0x0000000092700000|100%| S|CS|TAMS 0x0000000092600000, 0x0000000092600000| Complete 
| 295|0x0000000092700000, 0x0000000092800000, 0x0000000092800000|100%| S|CS|TAMS 0x0000000092700000, 0x0000000092700000| Complete 
| 296|0x0000000092800000, 0x0000000092800000, 0x0000000092900000|  0%| F|  |TAMS 0x0000000092800000, 0x0000000092800000| Untracked 
| 297|0x0000000092900000, 0x0000000092900000, 0x0000000092a00000|  0%| F|  |TAMS 0x0000000092900000, 0x0000000092900000| Untracked 
| 298|0x0000000092a00000, 0x0000000092a00000, 0x0000000092b00000|  0%| F|  |TAMS 0x0000000092a00000, 0x0000000092a00000| Untracked 
| 299|0x0000000092b00000, 0x0000000092b00000, 0x0000000092c00000|  0%| F|  |TAMS 0x0000000092b00000, 0x0000000092b00000| Untracked 
| 300|0x0000000092c00000, 0x0000000092c00000, 0x0000000092d00000|  0%| F|  |TAMS 0x0000000092c00000, 0x0000000092c00000| Untracked 
| 301|0x0000000092d00000, 0x0000000092d00000, 0x0000000092e00000|  0%| F|  |TAMS 0x0000000092d00000, 0x0000000092d00000| Untracked 

Card table byte_map: [0x00000180e7000000,0x00000180e7400000] _byte_map_base: 0x00000180e6c00000

Marking Bits (Prev, Next): (CMBitMap*) 0x00000180d3e2e960, (CMBitMap*) 0x00000180d3e2e928
 Prev Bits: [0x00000180e9800000, 0x00000180eb800000)
 Next Bits: [0x00000180e7800000, 0x00000180e9800000)

Polling page: 0x00000180d1e00000

Metaspace:

Usage:
  Non-class:    122.10 MB capacity,   119.87 MB ( 98%) used,     1.83 MB (  2%) free+waste,   399.50 KB ( <1%) overhead. 
      Class:     17.90 MB capacity,    16.65 MB ( 93%) used,     1.08 MB (  6%) free+waste,   176.19 KB ( <1%) overhead. 
       Both:    139.99 MB capacity,   136.52 MB ( 98%) used,     2.91 MB (  2%) free+waste,   575.69 KB ( <1%) overhead. 

Virtual space:
  Non-class space:      124.00 MB reserved,     122.20 MB ( 99%) committed 
      Class space:        1.00 GB reserved,      18.00 MB (  2%) committed 
             Both:        1.12 GB reserved,     140.20 MB ( 12%) committed 

Chunk freelists:
   Non-Class:  0 bytes
       Class:  8.00 KB
        Both:  8.00 KB

MaxMetaspaceSize: 17179869184.00 GB
CompressedClassSpaceSize: 1.00 GB

CodeHeap 'non-profiled nmethods': size=120000Kb used=13551Kb max_used=13551Kb free=106448Kb
 bounds [0x00000180df3a0000, 0x00000180e00e0000, 0x00000180e68d0000]
CodeHeap 'profiled nmethods': size=120000Kb used=42108Kb max_used=42108Kb free=77891Kb
 bounds [0x00000180d7e70000, 0x00000180da7a0000, 0x00000180df3a0000]
CodeHeap 'non-nmethods': size=5760Kb used=2447Kb max_used=2496Kb free=3312Kb
 bounds [0x00000180d78d0000, 0x00000180d7b50000, 0x00000180d7e70000]
 total_blobs=20194 nmethods=19081 adapters=1023
 compilation: enabled
              stopped_count=0, restarted_count=0
 full_count=0

Compilation events (20 events):
Event: 153.830 Thread 0x00000180eead3800 21221       2       com.android.tools.r8.internal.u4::a (1 bytes)
Event: 153.830 Thread 0x00000180eead3800 nmethod 21221 0x00000180da79bc10 code [0x00000180da79bdc0, 0x00000180da79beb8]
Event: 153.832 Thread 0x00000180eead3800 21222       2       com.android.tools.r8.internal.jt$$Lambda$1895/0x00000001011b4040::accept (16 bytes)
Event: 153.832 Thread 0x00000180eead3800 nmethod 21222 0x00000180da79bf90 code [0x00000180da79c140, 0x00000180da79c2c8]
Event: 153.832 Thread 0x00000180eead3800 21223       2       com.android.tools.r8.internal.jt::a (9 bytes)
Event: 153.832 Thread 0x00000180eead3800 nmethod 21223 0x00000180da79c390 code [0x00000180da79c540, 0x00000180da79c648]
Event: 153.832 Thread 0x00000180eead3800 21224       2       com.android.tools.r8.internal.Br::a (18 bytes)
Event: 153.832 Thread 0x00000180eead3800 nmethod 21224 0x00000180da79c710 code [0x00000180da79c8c0, 0x00000180da79ca08]
Event: 153.834 Thread 0x00000180eead3800 21225       2       com.android.tools.r8.graph.f0$c::<init> (10 bytes)
Event: 153.834 Thread 0x00000180eead3800 nmethod 21225 0x00000180da79ca90 code [0x00000180da79cc40, 0x00000180da79cd78]
Event: 153.835 Thread 0x00000180eead3800 21226       2       com.android.tools.r8.graph.B0$a::a (23 bytes)
Event: 153.835 Thread 0x00000180eead3800 nmethod 21226 0x00000180da79ce10 code [0x00000180da79d000, 0x00000180da79d548]
Event: 153.836 Thread 0x00000180eead3800 21227       2       com.android.tools.r8.graph.P::l0 (9 bytes)
Event: 153.836 Thread 0x00000180eead3800 nmethod 21227 0x00000180da79d710 code [0x00000180da79d8c0, 0x00000180da79d9b8]
Event: 153.836 Thread 0x00000180eead3800 21228       2       com.android.tools.r8.graph.B0$a$$Lambda$1832/0x000000010119f440::accept (24 bytes)
Event: 153.836 Thread 0x00000180eead3800 nmethod 21228 0x00000180da79da90 code [0x00000180da79dc60, 0x00000180da79df18]
Event: 153.836 Thread 0x00000180eead3800 21229       2       com.android.tools.r8.graph.B0$a::a (27 bytes)
Event: 153.837 Thread 0x00000180eead3800 nmethod 21229 0x00000180da79e090 code [0x00000180da79e260, 0x00000180da79e478]
Event: 153.837 Thread 0x00000180eead3800 21230       2       com.android.tools.r8.graph.B0::a (8 bytes)
Event: 153.837 Thread 0x00000180eead3800 nmethod 21230 0x00000180da79e590 code [0x00000180da79e740, 0x00000180da79e828]

GC Heap History (20 events):
Event: 149.944 GC heap after
{Heap after GC invocations=101 (full 0):
 garbage-first heap   total 248832K, used 160702K [0x0000000080000000, 0x0000000100000000)
  region size 1024K, 4 young (4096K), 4 survivors (4096K)
 Metaspace       used 134240K, capacity 137514K, committed 137676K, reserved 1169408K
  class space    used 16384K, capacity 17593K, committed 17664K, reserved 1048576K
}
Event: 150.534 GC heap before
{Heap before GC invocations=102 (full 0):
 garbage-first heap   total 248832K, used 196542K [0x0000000080000000, 0x0000000100000000)
  region size 1024K, 50 young (51200K), 4 survivors (4096K)
 Metaspace       used 135599K, capacity 138958K, committed 139084K, reserved 1171456K
  class space    used 16516K, capacity 17772K, committed 17792K, reserved 1048576K
}
Event: 150.543 GC heap after
{Heap after GC invocations=103 (full 0):
 garbage-first heap   total 248832K, used 151853K [0x0000000080000000, 0x0000000100000000)
  region size 1024K, 5 young (5120K), 5 survivors (5120K)
 Metaspace       used 135599K, capacity 138958K, committed 139084K, reserved 1171456K
  class space    used 16516K, capacity 17772K, committed 17792K, reserved 1048576K
}
Event: 150.628 GC heap before
{Heap before GC invocations=103 (full 0):
 garbage-first heap   total 248832K, used 157997K [0x0000000080000000, 0x0000000100000000)
  region size 1024K, 12 young (12288K), 5 survivors (5120K)
 Metaspace       used 135617K, capacity 138959K, committed 139084K, reserved 1171456K
  class space    used 16516K, capacity 17772K, committed 17792K, reserved 1048576K
}
Event: 150.648 GC heap after
{Heap after GC invocations=104 (full 0):
 garbage-first heap   total 248832K, used 139199K [0x0000000080000000, 0x0000000100000000)
  region size 1024K, 1 young (1024K), 1 survivors (1024K)
 Metaspace       used 135617K, capacity 138959K, committed 139084K, reserved 1171456K
  class space    used 16516K, capacity 17772K, committed 17792K, reserved 1048576K
}
Event: 151.392 GC heap before
{Heap before GC invocations=104 (full 0):
 garbage-first heap   total 248832K, used 197567K [0x0000000080000000, 0x0000000100000000)
  region size 1024K, 60 young (61440K), 1 survivors (1024K)
 Metaspace       used 135987K, capacity 139256K, committed 139340K, reserved 1171456K
  class space    used 16555K, capacity 17780K, committed 17792K, reserved 1048576K
}
Event: 151.398 GC heap after
{Heap after GC invocations=105 (full 0):
 garbage-first heap   total 248832K, used 139771K [0x0000000080000000, 0x0000000100000000)
  region size 1024K, 2 young (2048K), 2 survivors (2048K)
 Metaspace       used 135987K, capacity 139256K, committed 139340K, reserved 1171456K
  class space    used 16555K, capacity 17780K, committed 17792K, reserved 1048576K
}
Event: 151.732 GC heap before
{Heap before GC invocations=106 (full 0):
 garbage-first heap   total 248832K, used 213499K [0x0000000080000000, 0x0000000100000000)
  region size 1024K, 66 young (67584K), 2 survivors (2048K)
 Metaspace       used 136136K, capacity 139468K, committed 139596K, reserved 1171456K
  class space    used 16569K, capacity 17785K, committed 17792K, reserved 1048576K
}
Event: 151.741 GC heap after
{Heap after GC invocations=107 (full 0):
 garbage-first heap   total 248832K, used 146447K [0x0000000080000000, 0x0000000100000000)
  region size 1024K, 6 young (6144K), 6 survivors (6144K)
 Metaspace       used 136136K, capacity 139468K, committed 139596K, reserved 1171456K
  class space    used 16569K, capacity 17785K, committed 17792K, reserved 1048576K
}
Event: 151.748 GC heap before
{Heap before GC invocations=107 (full 0):
 garbage-first heap   total 248832K, used 152591K [0x0000000080000000, 0x0000000100000000)
  region size 1024K, 12 young (12288K), 6 survivors (6144K)
 Metaspace       used 136151K, capacity 139535K, committed 139596K, reserved 1171456K
  class space    used 16570K, capacity 17786K, committed 17792K, reserved 1048576K
}
Event: 151.758 GC heap after
{Heap after GC invocations=108 (full 0):
 garbage-first heap   total 248832K, used 143047K [0x0000000080000000, 0x0000000100000000)
  region size 1024K, 2 young (2048K), 2 survivors (2048K)
 Metaspace       used 136151K, capacity 139535K, committed 139596K, reserved 1171456K
  class space    used 16570K, capacity 17786K, committed 17792K, reserved 1048576K
}
Event: 151.868 GC heap before
{Heap before GC invocations=108 (full 0):
 garbage-first heap   total 248832K, used 191175K [0x0000000080000000, 0x0000000100000000)
  region size 1024K, 51 young (52224K), 2 survivors (2048K)
 Metaspace       used 136626K, capacity 140028K, committed 140236K, reserved 1171456K
  class space    used 16640K, capacity 17885K, committed 17920K, reserved 1048576K
}
Event: 151.883 GC heap after
{Heap after GC invocations=109 (full 0):
 garbage-first heap   total 309248K, used 154535K [0x0000000080000000, 0x0000000100000000)
  region size 1024K, 8 young (8192K), 8 survivors (8192K)
 Metaspace       used 136626K, capacity 140028K, committed 140236K, reserved 1171456K
  class space    used 16640K, capacity 17885K, committed 17920K, reserved 1048576K
}
Event: 152.536 GC heap before
{Heap before GC invocations=110 (full 0):
 garbage-first heap   total 309248K, used 247719K [0x0000000080000000, 0x0000000100000000)
  region size 1024K, 98 young (100352K), 8 survivors (8192K)
 Metaspace       used 137903K, capacity 141421K, committed 141772K, reserved 1173504K
  class space    used 16821K, capacity 18078K, committed 18176K, reserved 1048576K
}
Event: 152.590 GC heap after
{Heap after GC invocations=111 (full 0):
 garbage-first heap   total 309248K, used 176224K [0x0000000080000000, 0x0000000100000000)
  region size 1024K, 13 young (13312K), 13 survivors (13312K)
 Metaspace       used 137903K, capacity 141421K, committed 141772K, reserved 1173504K
  class space    used 16821K, capacity 18078K, committed 18176K, reserved 1048576K
}
Event: 152.863 GC heap before
{Heap before GC invocations=111 (full 0):
 garbage-first heap   total 309248K, used 244832K [0x0000000080000000, 0x0000000100000000)
  region size 1024K, 81 young (82944K), 13 survivors (13312K)
 Metaspace       used 139118K, capacity 142683K, committed 142924K, reserved 1173504K
  class space    used 16995K, capacity 18284K, committed 18304K, reserved 1048576K
}
Event: 152.936 GC heap after
{Heap after GC invocations=112 (full 0):
 garbage-first heap   total 309248K, used 188199K [0x0000000080000000, 0x0000000100000000)
  region size 1024K, 11 young (11264K), 11 survivors (11264K)
 Metaspace       used 139118K, capacity 142683K, committed 142924K, reserved 1173504K
  class space    used 16995K, capacity 18284K, committed 18304K, reserved 1048576K
}
Event: 153.774 GC heap before
{Heap before GC invocations=113 (full 0):
 garbage-first heap   total 309248K, used 247591K [0x0000000080000000, 0x0000000100000000)
  region size 1024K, 69 young (70656K), 11 survivors (11264K)
 Metaspace       used 139733K, capacity 143240K, committed 143564K, reserved 1175552K
  class space    used 17038K, capacity 18314K, committed 18432K, reserved 1048576K
}
Event: 153.813 GC heap after
{Heap after GC invocations=114 (full 0):
 garbage-first heap   total 309248K, used 201300K [0x0000000080000000, 0x0000000100000000)
  region size 1024K, 9 young (9216K), 9 survivors (9216K)
 Metaspace       used 139733K, capacity 143240K, committed 143564K, reserved 1175552K
  class space    used 17038K, capacity 18314K, committed 18432K, reserved 1048576K
}
Event: 153.851 GC heap before
{Heap before GC invocations=114 (full 0):
 garbage-first heap   total 309248K, used 207444K [0x0000000080000000, 0x0000000100000000)
  region size 1024K, 15 young (15360K), 9 survivors (9216K)
 Metaspace       used 139797K, capacity 143354K, committed 143564K, reserved 1175552K
  class space    used 17049K, capacity 18328K, committed 18432K, reserved 1048576K
}

Deoptimization events (20 events):
Event: 153.201 Thread 0x00000180f0efc800 Uncommon trap: trap_request=0xffffff4d fr.pc=0x00000180dfffe5f0 relative=0x0000000000000050
Event: 153.201 Thread 0x00000180f0efc800 Uncommon trap: reason=unstable_if action=reinterpret pc=0x00000180dfffe5f0 method=java.lang.Float.isNaN(F)Z @ 3 c2
Event: 153.201 Thread 0x00000180f0efc800 DEOPT PACKING pc=0x00000180dfffe5f0 sp=0x00000079dfef9dc0
Event: 153.201 Thread 0x00000180f0efc800 DEOPT UNPACKING pc=0x00000180d78f78af sp=0x00000079dfef9d50 mode 2
Event: 153.253 Thread 0x00000180f0efc800 DEOPT PACKING pc=0x00000180d9ac7018 sp=0x00000079dfef9680
Event: 153.253 Thread 0x00000180f0efc800 DEOPT UNPACKING pc=0x00000180d78f76ce sp=0x00000079dfef8b80 mode 0
Event: 153.256 Thread 0x00000180f0ef6000 DEOPT PACKING pc=0x00000180da6e0243 sp=0x00000079dfdf9c10
Event: 153.256 Thread 0x00000180f0ef6000 DEOPT UNPACKING pc=0x00000180d78f76ce sp=0x00000079dfdf93a0 mode 0
Event: 153.269 Thread 0x00000180f0ef6000 DEOPT PACKING pc=0x00000180d9ac6ff7 sp=0x00000079dfdf9790
Event: 153.269 Thread 0x00000180f0ef6000 DEOPT UNPACKING pc=0x00000180d78f76ce sp=0x00000079dfdf8c90 mode 0
Event: 153.539 Thread 0x00000180f0efc800 DEOPT PACKING pc=0x00000180d9ac7018 sp=0x00000079dfef9bb0
Event: 153.539 Thread 0x00000180f0efc800 DEOPT UNPACKING pc=0x00000180d78f76ce sp=0x00000079dfef90b0 mode 0
Event: 153.646 Thread 0x00000180f1f00800 DEOPT PACKING pc=0x00000180d9ac6ff7 sp=0x00000079df9f9720
Event: 153.646 Thread 0x00000180f1f00800 DEOPT UNPACKING pc=0x00000180d78f76ce sp=0x00000079df9f8c20 mode 0
Event: 153.710 Thread 0x00000180f1f00800 DEOPT PACKING pc=0x00000180d9ac6ff7 sp=0x00000079df9f96c0
Event: 153.710 Thread 0x00000180f1f00800 DEOPT UNPACKING pc=0x00000180d78f76ce sp=0x00000079df9f8bc0 mode 0
Event: 153.826 Thread 0x00000180f1f06000 DEOPT PACKING pc=0x00000180da725d6c sp=0x00000079df8fa080
Event: 153.826 Thread 0x00000180f1f06000 DEOPT UNPACKING pc=0x00000180d78f76ce sp=0x00000079df8f9308 mode 0
Event: 153.828 Thread 0x00000180f1f00800 DEOPT PACKING pc=0x00000180da725d6c sp=0x00000079df9fa700
Event: 153.828 Thread 0x00000180f1f00800 DEOPT UNPACKING pc=0x00000180d78f76ce sp=0x00000079df9f9988 mode 0

Classes redefined (0 events):
No events

Internal exceptions (20 events):
Event: 151.947 Thread 0x00000180f0ef6000 Exception <a 'java/lang/IncompatibleClassChangeError'{0x0000000091842c28}: Found class java.lang.Object, but interface was expected> (0x0000000091842c28) thrown at [./src/hotspot/share/interpreter/linkResolver.cpp, line 839]
Event: 151.978 Thread 0x00000180f0ef6000 Exception <a 'java/lang/NoSuchMethodError'{0x000000009184c760}: 'void java.lang.invoke.DirectMethodHandle$Holder.invokeStatic(java.lang.Object, java.lang.Object, int, java.lang.Object, java.lang.Object, java.lang.Object, java.lang.Object)'> (0x000000009184c760) thrown at [./src/hotspot/share/interpreter/linkResolver.cpp, line 773]
Event: 152.091 Thread 0x00000180f0ef6000 Exception <a 'java/lang/NoSuchMethodError'{0x0000000090bc5040}: 'java.lang.Object java.lang.invoke.DirectMethodHandle$Holder.invokeStatic(java.lang.Object, long)'> (0x0000000090bc5040) thrown at [./src/hotspot/share/interpreter/linkResolver.cpp, line 773]
Event: 152.093 Thread 0x00000180f1f00800 Exception <a 'java/lang/NoSuchMethodError'{0x0000000090af96f8}: 'java.lang.Object java.lang.invoke.DirectMethodHandle$Holder.invokeStatic(java.lang.Object, long)'> (0x0000000090af96f8) thrown at [./src/hotspot/share/interpreter/linkResolver.cpp, line 773]
Event: 152.096 Thread 0x00000180f0ef6000 Exception <a 'java/lang/NoSuchMethodError'{0x0000000090bc8df0}: 'java.lang.Object java.lang.invoke.DirectMethodHandle$Holder.invokeSpecial(java.lang.Object, java.lang.Object, long)'> (0x0000000090bc8df0) thrown at [./src/hotspot/share/interpreter/linkResolver.cpp, line 773]
Event: 152.096 Thread 0x00000180f0efa000 Exception <a 'java/lang/NoSuchMethodError'{0x0000000090d8e640}: 'java.lang.Object java.lang.invoke.DirectMethodHandle$Holder.invokeSpecial(java.lang.Object, java.lang.Object, long)'> (0x0000000090d8e640) thrown at [./src/hotspot/share/interpreter/linkResolver.cpp, line 773]
Event: 152.104 Thread 0x00000180f0efa000 Exception <a 'java/lang/NoSuchMethodError'{0x0000000090d91df8}: 'java.lang.Object java.lang.invoke.Invokers$Holder.linkToTargetMethod(long, java.lang.Object)'> (0x0000000090d91df8) thrown at [./src/hotspot/share/interpreter/linkResolver.cpp, line 773]
Event: 152.105 Thread 0x00000180f1f00800 Exception <a 'java/lang/NoSuchMethodError'{0x00000000908001e8}: 'java.lang.Object java.lang.invoke.Invokers$Holder.linkToTargetMethod(long, java.lang.Object)'> (0x00000000908001e8) thrown at [./src/hotspot/share/interpreter/linkResolver.cpp, line 773]
Event: 152.116 Thread 0x00000180f1f06000 Exception <a 'sun/nio/fs/WindowsException'{0x0000000090354ea8}> (0x0000000090354ea8) thrown at [./src/hotspot/share/prims/jni.cpp, line 615]
Event: 152.124 Thread 0x00000180f0efc800 Exception <a 'sun/nio/fs/WindowsException'{0x0000000090248908}> (0x0000000090248908) thrown at [./src/hotspot/share/prims/jni.cpp, line 615]
Event: 152.370 Thread 0x00000180f0efa000 Exception <a 'java/lang/NoSuchMethodError'{0x000000008ffb0610}: 'long java.lang.invoke.DirectMethodHandle$Holder.invokeStatic(java.lang.Object, java.lang.Object)'> (0x000000008ffb0610) thrown at [./src/hotspot/share/interpreter/linkResolver.cpp, line 773]
Event: 152.371 Thread 0x00000180f4c4c000 Exception <a 'java/lang/NoSuchMethodError'{0x000000008fac2b98}: 'long java.lang.invoke.DirectMethodHandle$Holder.invokeStatic(java.lang.Object, java.lang.Object)'> (0x000000008fac2b98) thrown at [./src/hotspot/share/interpreter/linkResolver.cpp, line 773]
Event: 152.489 Thread 0x00000180f4c4c000 Exception <a 'java/lang/IncompatibleClassChangeError'{0x000000008df50de8}: Found class java.lang.Object, but interface was expected> (0x000000008df50de8) thrown at [./src/hotspot/share/interpreter/linkResolver.cpp, line 839]
Event: 152.491 Thread 0x00000180f4c4c000 Exception <a 'java/lang/NoSuchMethodError'{0x000000008df58e20}: 'java.lang.Object java.lang.invoke.DirectMethodHandle$Holder.newInvokeSpecial(java.lang.Object, int)'> (0x000000008df58e20) thrown at [./src/hotspot/share/interpreter/linkResolver.cpp, line 773]
Event: 152.499 Thread 0x00000180f4c4c000 Exception <a 'java/lang/IncompatibleClassChangeError'{0x000000008dc00490}: Found class java.lang.Object, but interface was expected> (0x000000008dc00490) thrown at [./src/hotspot/share/interpreter/linkResolver.cpp, line 839]
Event: 152.509 Thread 0x00000180f4c4c000 Exception <a 'java/lang/IncompatibleClassChangeError'{0x000000008dc0a668}: Found class java.lang.Object, but interface was expected> (0x000000008dc0a668) thrown at [./src/hotspot/share/interpreter/linkResolver.cpp, line 839]
Event: 152.644 Thread 0x00000180f4c50000 Exception <a 'java/lang/NoSuchMethodError'{0x0000000091e82098}: 'void java.lang.invoke.DirectMethodHandle$Holder.invokeStatic(java.lang.Object, java.lang.Object, java.lang.Object, int)'> (0x0000000091e82098) thrown at [./src/hotspot/share/interpreter/linkResolver.cpp, line 773]
Event: 152.647 Thread 0x00000180f4c50000 Exception <a 'java/lang/IncompatibleClassChangeError'{0x0000000091e8bfa8}: Found class java.lang.Object, but interface was expected> (0x0000000091e8bfa8) thrown at [./src/hotspot/share/interpreter/linkResolver.cpp, line 839]
Event: 153.748 Thread 0x00000180f4c50000 Exception <a 'java/lang/NoSuchMethodError'{0x000000008f779988}: 'int java.lang.invoke.DirectMethodHandle$Holder.invokeSpecial(java.lang.Object, java.lang.Object, java.lang.Object, java.lang.Object, java.lang.Object, java.lang.Object, java.lang.Object, java.lang.Object, java.lang.Object)'> (0x000000008f779988) thrown at [./src/hotspot/share/interpreter/linkResolver.cpp, line 773]
Event: 153.750 Thread 0x00000180f4c50000 Exception <a 'java/lang/NoSuchMethodError'{0x000000008f603250}: 'java.lang.Object java.lang.invoke.Invokers$Holder.linkToTargetMethod(java.lang.Object, java.lang.Object, java.lang.Object, java.lang.Object, java.lang.Object, java.lang.Object, java.lang.Object, java.lang.Object)'> (0x000000008f603250) thrown at [./src/hotspot/share/interpreter/linkResolver.cpp, line 773]

Events (20 events):
Event: 153.823 loading class com/android/tools/r8/graph/Z done
Event: 153.824 loading class com/android/tools/r8/graph/Z
Event: 153.824 loading class com/android/tools/r8/graph/Z done
Event: 153.824 loading class com/android/tools/r8/graph/V0
Event: 153.824 loading class com/android/tools/r8/graph/V0 done
Event: 153.824 loading class com/android/tools/r8/internal/u4
Event: 153.824 loading class com/android/tools/r8/internal/u4 done
Event: 153.824 loading class com/android/tools/r8/graph/V0
Event: 153.824 loading class com/android/tools/r8/graph/V0 done
Event: 153.824 loading class com/android/tools/r8/graph/V0
Event: 153.824 loading class com/android/tools/r8/graph/V0 done
Event: 153.824 loading class com/android/tools/r8/graph/V0
Event: 153.824 loading class com/android/tools/r8/graph/V0 done
Event: 153.824 loading class com/android/tools/r8/internal/t4
Event: 153.824 loading class com/android/tools/r8/internal/t4 done
Event: 153.824 loading class com/android/tools/r8/internal/Is
Event: 153.824 loading class com/android/tools/r8/internal/Is done
Event: 153.829 loading class com/android/tools/r8/internal/K4
Event: 153.829 loading class com/android/tools/r8/internal/K4 done
Event: 153.850 Executing VM operation: G1CollectForAllocation


Dynamic libraries:
0x00007ff7153a0000 - 0x00007ff7153aa000 	C:\Program Files\Android\Android Studio\jre\bin\java.exe
0x00007fff77d90000 - 0x00007fff77f85000 	C:\WINDOWS\SYSTEM32\ntdll.dll
0x00007fff76170000 - 0x00007fff7622e000 	C:\WINDOWS\System32\KERNEL32.DLL
0x00007fff754b0000 - 0x00007fff75778000 	C:\WINDOWS\System32\KERNELBASE.dll
0x00007fff72cf0000 - 0x00007fff72d80000 	C:\WINDOWS\SYSTEM32\apphelp.dll
0x00007fff758e0000 - 0x00007fff759e0000 	C:\WINDOWS\System32\ucrtbase.dll
0x00007fff70f50000 - 0x00007fff70f69000 	C:\Program Files\Android\Android Studio\jre\bin\jli.dll
0x00007fff5f320000 - 0x00007fff5f337000 	C:\Program Files\Android\Android Studio\jre\bin\VCRUNTIME140.dll
0x00007fff75e40000 - 0x00007fff75fe1000 	C:\WINDOWS\System32\USER32.dll
0x00007fff5fa10000 - 0x00007fff5fcaa000 	C:\WINDOWS\WinSxS\amd64_microsoft.windows.common-controls_6595b64144ccf1df_6.0.19041.1110_none_60b5254171f9507e\COMCTL32.dll
0x00007fff76fd0000 - 0x00007fff7706e000 	C:\WINDOWS\System32\msvcrt.dll
0x00007fff75d30000 - 0x00007fff75d52000 	C:\WINDOWS\System32\win32u.dll
0x00007fff76710000 - 0x00007fff7673b000 	C:\WINDOWS\System32\GDI32.dll
0x00007fff75a70000 - 0x00007fff75b7b000 	C:\WINDOWS\System32\gdi32full.dll
0x00007fff75be0000 - 0x00007fff75c7d000 	C:\WINDOWS\System32\msvcp_win.dll
0x00007fff76120000 - 0x00007fff76150000 	C:\WINDOWS\System32\IMM32.DLL
0x00007fff4b970000 - 0x00007fff4ba0d000 	C:\Program Files\Android\Android Studio\jre\bin\msvcp140.dll
0x00007fff019f0000 - 0x00007fff024bf000 	C:\Program Files\Android\Android Studio\jre\bin\server\jvm.dll
0x00007fff76f20000 - 0x00007fff76fcc000 	C:\WINDOWS\System32\ADVAPI32.dll
0x00007fff762b0000 - 0x00007fff7634b000 	C:\WINDOWS\System32\sechost.dll
0x00007fff77a10000 - 0x00007fff77b3a000 	C:\WINDOWS\System32\RPCRT4.dll
0x00007fff77a00000 - 0x00007fff77a08000 	C:\WINDOWS\System32\PSAPI.DLL
0x00007fff5c8e0000 - 0x00007fff5c8e9000 	C:\WINDOWS\SYSTEM32\WSOCK32.dll
0x00007fff6b9f0000 - 0x00007fff6ba17000 	C:\WINDOWS\SYSTEM32\WINMM.dll
0x00007fff6eb30000 - 0x00007fff6eb3a000 	C:\WINDOWS\SYSTEM32\VERSION.dll
0x00007fff778e0000 - 0x00007fff7794b000 	C:\WINDOWS\System32\WS2_32.dll
0x00007fff73370000 - 0x00007fff73382000 	C:\WINDOWS\SYSTEM32\kernel.appcore.dll
0x00007fff5c7d0000 - 0x00007fff5c7e1000 	C:\Program Files\Android\Android Studio\jre\bin\verify.dll
0x00007fff61390000 - 0x00007fff61574000 	C:\WINDOWS\SYSTEM32\DBGHELP.DLL
0x00007fff5c8f0000 - 0x00007fff5c91c000 	C:\WINDOWS\SYSTEM32\dbgcore.DLL
0x00007fff759e0000 - 0x00007fff75a63000 	C:\WINDOWS\System32\bcryptPrimitives.dll
0x00007fff5ae20000 - 0x00007fff5ae49000 	C:\Program Files\Android\Android Studio\jre\bin\java.dll
0x00007fff5c8d0000 - 0x00007fff5c8db000 	C:\Program Files\Android\Android Studio\jre\bin\jimage.dll
0x00007fff59490000 - 0x00007fff594a8000 	C:\Program Files\Android\Android Studio\jre\bin\zip.dll
0x00007fff77070000 - 0x00007fff777af000 	C:\WINDOWS\System32\SHELL32.dll
0x00007fff73570000 - 0x00007fff73d00000 	C:\WINDOWS\SYSTEM32\windows.storage.dll
0x00007fff763b0000 - 0x00007fff76705000 	C:\WINDOWS\System32\combase.dll
0x00007fff74e30000 - 0x00007fff74e5e000 	C:\WINDOWS\SYSTEM32\Wldp.dll
0x00007fff76e70000 - 0x00007fff76f1d000 	C:\WINDOWS\System32\SHCORE.dll
0x00007fff76350000 - 0x00007fff763a5000 	C:\WINDOWS\System32\shlwapi.dll
0x00007fff753f0000 - 0x00007fff7540f000 	C:\WINDOWS\SYSTEM32\profapi.dll
0x00007fff59470000 - 0x00007fff5948a000 	C:\Program Files\Android\Android Studio\jre\bin\net.dll
0x00007fff64330000 - 0x00007fff6443c000 	C:\WINDOWS\SYSTEM32\WINHTTP.dll
0x00007fff74b40000 - 0x00007fff74baa000 	C:\WINDOWS\system32\mswsock.dll
0x00007fff59400000 - 0x00007fff59414000 	C:\Program Files\Android\Android Studio\jre\bin\nio.dll
0x00007fff587a0000 - 0x00007fff587c7000 	C:\Users\souvik dey\.gradle\native\8bec1ad78214c89d9ad589b4d07fe93259594b29d510b10fafb7a158f7737e5d\windows-amd64\native-platform.dll
0x00007fff4b710000 - 0x00007fff4b84d000 	C:\Users\souvik dey\.gradle\native\53dbd7edfb1c66fb8903c78663c9afc45aea4f116125fa6feffd364cf09443e8\windows-amd64\native-platform-file-events.dll
0x00007fff5c890000 - 0x00007fff5c89a000 	C:\Program Files\Android\Android Studio\jre\bin\management.dll
0x00007fff593f0000 - 0x00007fff593fc000 	C:\Program Files\Android\Android Studio\jre\bin\management_ext.dll
0x00007fff74d00000 - 0x00007fff74d18000 	C:\WINDOWS\SYSTEM32\CRYPTSP.dll
0x00007fff744d0000 - 0x00007fff74504000 	C:\WINDOWS\system32\rsaenh.dll
0x00007fff75d60000 - 0x00007fff75d87000 	C:\WINDOWS\System32\bcrypt.dll
0x00007fff75370000 - 0x00007fff7539e000 	C:\WINDOWS\SYSTEM32\USERENV.dll
0x00007fff74d20000 - 0x00007fff74d2c000 	C:\WINDOWS\SYSTEM32\CRYPTBASE.dll
0x00007fff74850000 - 0x00007fff7488b000 	C:\WINDOWS\SYSTEM32\IPHLPAPI.DLL
0x00007fff75ff0000 - 0x00007fff75ff8000 	C:\WINDOWS\System32\NSI.dll
0x00007fff6bb30000 - 0x00007fff6bb47000 	C:\WINDOWS\SYSTEM32\dhcpcsvc6.DLL
0x00007fff6d8b0000 - 0x00007fff6d8cd000 	C:\WINDOWS\SYSTEM32\dhcpcsvc.DLL
0x00007fff74890000 - 0x00007fff7495b000 	C:\WINDOWS\SYSTEM32\DNSAPI.dll
0x00007fff58730000 - 0x00007fff58757000 	C:\Program Files\Android\Android Studio\jre\bin\sunec.dll
0x00007fff5ea80000 - 0x00007fff5ea8a000 	C:\Windows\System32\rasadhlp.dll
0x00007fff6a0a0000 - 0x00007fff6a11f000 	C:\WINDOWS\System32\fwpuclnt.dll
0x00007fff74160000 - 0x00007fff74193000 	C:\WINDOWS\SYSTEM32\ntmarta.dll
0x00007fff56c80000 - 0x00007fff56e24000 	C:\Program Files\Android\Android Studio\jre\bin\awt.dll
0x00007fff777b0000 - 0x00007fff7787d000 	C:\WINDOWS\System32\OLEAUT32.dll
0x00007fff73190000 - 0x00007fff731bf000 	C:\WINDOWS\SYSTEM32\dwmapi.dll
0x00007fff72e90000 - 0x00007fff72f2e000 	C:\WINDOWS\system32\uxtheme.dll

dbghelp: loaded successfully - version: 4.0.5 - missing functions: none
symbol engine: initialized successfully - sym options: 0x614 - pdb path: .;C:\Program Files\Android\Android Studio\jre\bin;C:\WINDOWS\SYSTEM32;C:\WINDOWS\WinSxS\amd64_microsoft.windows.common-controls_6595b64144ccf1df_6.0.19041.1110_none_60b5254171f9507e;C:\Program Files\Android\Android Studio\jre\bin\server;C:\Users\souvik dey\.gradle\native\8bec1ad78214c89d9ad589b4d07fe93259594b29d510b10fafb7a158f7737e5d\windows-amd64;C:\Users\souvik dey\.gradle\native\53dbd7edfb1c66fb8903c78663c9afc45aea4f116125fa6feffd364cf09443e8\windows-amd64

VM Arguments:
jvm_args: --add-opens=java.base/java.util=ALL-UNNAMED --add-opens=java.base/java.lang=ALL-UNNAMED --add-opens=java.base/java.lang.invoke=ALL-UNNAMED --add-opens=java.base/java.util=ALL-UNNAMED --add-opens=java.prefs/java.util.prefs=ALL-UNNAMED --add-opens=java.prefs/java.util.prefs=ALL-UNNAMED --add-opens=java.base/java.nio.charset=ALL-UNNAMED --add-opens=java.base/java.net=ALL-UNNAMED --add-opens=java.base/java.util.concurrent.atomic=ALL-UNNAMED -Xmx2048m -Dfile.encoding=UTF-8 -Duser.country=IN -Duser.language=en -Duser.variant 
java_command: org.gradle.launcher.daemon.bootstrap.GradleDaemon 7.0.2
java_class_path (initial): C:\Users\souvik dey\.gradle\wrapper\dists\gradle-7.0.2-bin\857tjihv64xamwrf0h14cai3r\gradle-7.0.2\lib\gradle-launcher-7.0.2.jar
Launcher Type: SUN_STANDARD

[Global flags]
     intx CICompilerCount                          = 4                                         {product} {ergonomic}
     uint ConcGCThreads                            = 2                                         {product} {ergonomic}
     uint G1ConcRefinementThreads                  = 8                                         {product} {ergonomic}
   size_t G1HeapRegionSize                         = 1048576                                   {product} {ergonomic}
    uintx GCDrainStackTargetSize                   = 64                                        {product} {ergonomic}
   size_t InitialHeapSize                          = 100663296                                 {product} {ergonomic}
   size_t MarkStackSize                            = 4194304                                   {product} {ergonomic}
   size_t MaxHeapSize                              = 2147483648                                {product} {command line}
   size_t MaxNewSize                               = 1287651328                                {product} {ergonomic}
   size_t MinHeapDeltaBytes                        = 1048576                                   {product} {ergonomic}
    uintx NonNMethodCodeHeapSize                   = 5836300                                {pd product} {ergonomic}
    uintx NonProfiledCodeHeapSize                  = 122910970                              {pd product} {ergonomic}
    uintx ProfiledCodeHeapSize                     = 122910970                              {pd product} {ergonomic}
    uintx ReservedCodeCacheSize                    = 251658240                              {pd product} {ergonomic}
     bool SegmentedCodeCache                       = true                                      {product} {ergonomic}
     bool UseCompressedClassPointers               = true                                 {lp64_product} {ergonomic}
     bool UseCompressedOops                        = true                                 {lp64_product} {ergonomic}
     bool UseG1GC                                  = true                                      {product} {ergonomic}
     bool UseLargePagesIndividualAllocation        = false                                  {pd product} {ergonomic}

Logging:
Log output configuration:
 #0: stdout all=warning uptime,level,tags
 #1: stderr all=off uptime,level,tags

Environment Variables:
PATH=C:\python 3.9.1\Scripts\;C:\python 3.9.1\;C:\WINDOWS\system32;C:\WINDOWS;C:\WINDOWS\System32\Wbem;C:\WINDOWS\System32\WindowsPowerShell\v1.0\;C:\WINDOWS\System32\OpenSSH\;C:\MinGW\bin;C:\Program Files\Git\cmd;C:\Users\souvik dey\AppData\Local\Microsoft\WindowsApps;C:\Users\souvik dey\AppData\Local\atom\bin
USERNAME=souvik dey
OS=Windows_NT
PROCESSOR_IDENTIFIER=AMD64 Family 23 Model 24 Stepping 1, AuthenticAMD



---------------  S Y S T E M  ---------------

OS: Windows 10 , 64 bit Build 19041 (10.0.19041.1348)
OS uptime: 18 days 22:45 hours
Hyper-V role detected

CPU:total 8 (initial active 8) (8 cores per cpu, 2 threads per core) family 23 model 24 stepping 1 microcode 0x0, cmov, cx8, fxsr, mmx, sse, sse2, sse3, ssse3, sse4.1, sse4.2, popcnt, avx, avx2, aes, clmul, mmxext, 3dnowpref, lzcnt, sse4a, ht, tsc, tscinvbit, tscinv, bmi1, bmi2, adx, s

Memory: 4k page, system-wide physical 6058M (341M free)
TotalPageFile size 24490M (AvailPageFile size 245M)
current process WorkingSet (physical memory assigned to process): 508M, peak: 572M
current process commit charge ("private bytes"): 804M, peak: 1105M

vm_info: OpenJDK 64-Bit Server VM (11.0.10+0-b96-7249189) for windows-amd64 JRE (11.0.10+0-b96-7249189), built on Mar 31 2021 21:44:00 by "builder" with MS VC++ 14.0 (VS2015)

END.
