#
# There is insufficient memory for the Java Runtime Environment to continue.
# Native memory allocation (malloc) failed to allocate 1032976 bytes for Chunk::new
# Possible reasons:
#   The system is out of physical RAM or swap space
#   The process is running with CompressedOops enabled, and the Java Heap may be blocking the growth of the native heap
# Possible solutions:
#   Reduce memory load on the system
#   Increase physical memory or swap space
#   Check if swap backing store is full
#   Decrease Java heap size (-Xmx/-Xms)
#   Decrease number of Java threads
#   Decrease Java thread stack sizes (-Xss)
#   Set larger code cache with -XX:ReservedCodeCacheSize=
#   JVM is running with Unscaled Compressed Oops mode in which the Java heap is
#     placed in the first 4GB address space. The Java Heap base address is the
#     maximum limit for the native heap growth. Please use -XX:HeapBaseMinAddress
#     to set the Java Heap base and to place the Java Heap above 4GB virtual address.
# This output file may be truncated or incomplete.
#
#  Out of Memory Error (./src/hotspot/share/memory/arena.cpp:197), pid=5912, tid=12344
#
# JRE version: OpenJDK Runtime Environment (11.0.10) (build 11.0.10+0-b96-7249189)
# Java VM: OpenJDK 64-Bit Server VM (11.0.10+0-b96-7249189, mixed mode, tiered, compressed oops, g1 gc, windows-amd64)
# No core dump will be written. Minidumps are not enabled by default on client versions of Windows
#

---------------  S U M M A R Y ------------

Command Line: --add-opens=java.base/java.util=ALL-UNNAMED --add-opens=java.base/java.lang=ALL-UNNAMED --add-opens=java.base/java.lang.invoke=ALL-UNNAMED --add-opens=java.base/java.util=ALL-UNNAMED --add-opens=java.prefs/java.util.prefs=ALL-UNNAMED --add-opens=java.prefs/java.util.prefs=ALL-UNNAMED --add-opens=java.base/java.nio.charset=ALL-UNNAMED --add-opens=java.base/java.net=ALL-UNNAMED --add-opens=java.base/java.util.concurrent.atomic=ALL-UNNAMED -Xmx2048m -Dfile.encoding=UTF-8 -Duser.country=IN -Duser.language=en -Duser.variant org.gradle.launcher.daemon.bootstrap.GradleDaemon 7.0.2

Host: AMD Ryzen 5 3500U with Radeon Vega Mobile Gfx  , 8 cores, 5G,  Windows 10 , 64 bit Build 19041 (10.0.19041.1348)
Time: Tue Nov 30 12:17:58 2021 India Standard Time elapsed time: 8.414404 seconds (0d 0h 0m 8s)

---------------  T H R E A D  ---------------

Current thread (0x0000016bfaf4e800):  JavaThread "C2 CompilerThread0" daemon [_thread_in_native, id=12344, stack(0x00000020a9600000,0x00000020a9700000)]


Current CompileTask:
C2:   8414 5873       4       org.objectweb.asm.Frame::execute (2318 bytes)

Stack: [0x00000020a9600000,0x00000020a9700000]
Native frames: (J=compiled Java code, j=interpreted, Vv=VM code, C=native code)
V  [jvm.dll+0x5ecfaa]
V  [jvm.dll+0x722bd5]
V  [jvm.dll+0x72412d]
V  [jvm.dll+0x7247e3]
V  [jvm.dll+0x242928]
V  [jvm.dll+0xbc4fc]
V  [jvm.dll+0xbca0c]
V  [jvm.dll+0x2b4fd4]
V  [jvm.dll+0x506028]
V  [jvm.dll+0x203253]
V  [jvm.dll+0x1fd07c]
V  [jvm.dll+0x1fa77f]
V  [jvm.dll+0x18354c]
V  [jvm.dll+0x208ee7]
V  [jvm.dll+0x207731]
V  [jvm.dll+0x6eb1cf]
V  [jvm.dll+0x6e3d45]
V  [jvm.dll+0x5ebe96]
C  [ucrtbase.dll+0x21bb2]
C  [KERNEL32.DLL+0x17034]
C  [ntdll.dll+0x52651]


---------------  P R O C E S S  ---------------

Threads class SMR info:
_java_thread_list=0x0000016b90828a90, length=50, elements={
0x0000016befad1800, 0x0000016bfaf26000, 0x0000016bfaf29000, 0x0000016bfb8e3800,
0x0000016bfaf3f800, 0x0000016bfaf41800, 0x0000016bfaf4e800, 0x0000016bfaf53000,
0x0000016bfaf56800, 0x0000016bfba20800, 0x0000016bfc91c800, 0x0000016bfbbfd000,
0x0000016bfc183000, 0x0000016bfbb05000, 0x0000016bfcebb800, 0x0000016bfe36a000,
0x0000016bfcac8800, 0x0000016bfd9bf800, 0x0000016bfd8b6800, 0x0000016bfd9cd800,
0x0000016bfd9ce000, 0x0000016bfd9cf800, 0x0000016bfd9cf000, 0x0000016bfd3b2000,
0x0000016bff2af800, 0x0000016bff2ac800, 0x0000016bff2af000, 0x0000016bff2ab800,
0x0000016bff2ad800, 0x0000016bff2ae000, 0x0000016bff2aa000, 0x0000016bff2b0800,
0x0000016bff2ab000, 0x0000016bff2b1800, 0x0000016bff2b5800, 0x0000016bff2b4800,
0x0000016bff2b8000, 0x0000016bff2b6000, 0x0000016bff2b4000, 0x0000016bff2b7000,
0x0000016bff2fd800, 0x0000016bff2fe800, 0x0000016bff2fc800, 0x0000016bff2f8800,
0x0000016bff2fc000, 0x0000016bff2ff000, 0x0000016bff2f9800, 0x0000016bff300000,
0x0000016bff2fa000, 0x0000016bff2fb000
}

Java Threads: ( => current thread )
  0x0000016befad1800 JavaThread "main" [_thread_blocked, id=27512, stack(0x00000020a8a00000,0x00000020a8b00000)]
  0x0000016bfaf26000 JavaThread "Reference Handler" daemon [_thread_blocked, id=30920, stack(0x00000020a9100000,0x00000020a9200000)]
  0x0000016bfaf29000 JavaThread "Finalizer" daemon [_thread_blocked, id=27360, stack(0x00000020a9200000,0x00000020a9300000)]
  0x0000016bfb8e3800 JavaThread "Signal Dispatcher" daemon [_thread_blocked, id=31296, stack(0x00000020a9300000,0x00000020a9400000)]
  0x0000016bfaf3f800 JavaThread "Attach Listener" daemon [_thread_blocked, id=23032, stack(0x00000020a9400000,0x00000020a9500000)]
  0x0000016bfaf41800 JavaThread "Service Thread" daemon [_thread_blocked, id=12236, stack(0x00000020a9500000,0x00000020a9600000)]
=>0x0000016bfaf4e800 JavaThread "C2 CompilerThread0" daemon [_thread_in_native, id=12344, stack(0x00000020a9600000,0x00000020a9700000)]
  0x0000016bfaf53000 JavaThread "C1 CompilerThread0" daemon [_thread_in_vm, id=20584, stack(0x00000020a9700000,0x00000020a9800000)]
  0x0000016bfaf56800 JavaThread "Sweeper thread" daemon [_thread_blocked, id=6640, stack(0x00000020a9800000,0x00000020a9900000)]
  0x0000016bfba20800 JavaThread "Common-Cleaner" daemon [_thread_blocked, id=28896, stack(0x00000020a9900000,0x00000020a9a00000)]
  0x0000016bfc91c800 JavaThread "Daemon health stats" [_thread_blocked, id=29768, stack(0x00000020a9e00000,0x00000020a9f00000)]
  0x0000016bfbbfd000 JavaThread "Incoming local TCP Connector on port 56951" [_thread_in_native, id=31148, stack(0x00000020a9b00000,0x00000020a9c00000)]
  0x0000016bfc183000 JavaThread "Daemon periodic checks" [_thread_blocked, id=12276, stack(0x00000020a9c00000,0x00000020a9d00000)]
  0x0000016bfbb05000 JavaThread "Daemon" [_thread_blocked, id=32384, stack(0x00000020aa100000,0x00000020aa200000)]
  0x0000016bfcebb800 JavaThread "Handler for socket connection from /127.0.0.1:56951 to /127.0.0.1:56952" [_thread_in_native, id=16312, stack(0x00000020aa200000,0x00000020aa300000)]
  0x0000016bfe36a000 JavaThread "Cancel handler" [_thread_blocked, id=3352, stack(0x00000020aa300000,0x00000020aa400000)]
  0x0000016bfcac8800 JavaThread "Daemon worker" [_thread_in_Java, id=31592, stack(0x00000020aa400000,0x00000020aa500000)]
  0x0000016bfd9bf800 JavaThread "Asynchronous log dispatcher for DefaultDaemonConnection: socket connection from /127.0.0.1:56951 to /127.0.0.1:56952" [_thread_blocked, id=9508, stack(0x00000020aa500000,0x00000020aa600000)]
  0x0000016bfd8b6800 JavaThread "Stdin handler" [_thread_blocked, id=13304, stack(0x00000020aa600000,0x00000020aa700000)]
  0x0000016bfd9cd800 JavaThread "Daemon client event forwarder" [_thread_blocked, id=31952, stack(0x00000020aa700000,0x00000020aa800000)]
  0x0000016bfd9ce000 JavaThread "Cache worker for file hash cache (C:\Users\souvik dey\.gradle\caches\7.0.2\fileHashes)" [_thread_blocked, id=31804, stack(0x00000020aa800000,0x00000020aa900000)]
  0x0000016bfd9cf800 JavaThread "File lock request listener" [_thread_in_native, id=26324, stack(0x00000020aa900000,0x00000020aaa00000)]
  0x0000016bfd9cf000 JavaThread "Cache worker for journal cache (C:\Users\souvik dey\.gradle\caches\journal-1)" [_thread_blocked, id=32296, stack(0x00000020aaf00000,0x00000020ab000000)]
  0x0000016bfd3b2000 JavaThread "C2 CompilerThread1" daemon [_thread_in_native, id=27164, stack(0x00000020ab000000,0x00000020ab100000)]
  0x0000016bff2af800 JavaThread "Cache worker for file hash cache (E:\my programming\android projects\EasyDRAW\.gradle\7.0.2\fileHashes)" [_thread_blocked, id=10268, stack(0x00000020ab100000,0x00000020ab200000)]
  0x0000016bff2ac800 JavaThread "File watcher server" daemon [_thread_in_native, id=8208, stack(0x00000020ab200000,0x00000020ab300000)]
  0x0000016bff2af000 JavaThread "File watcher consumer" daemon [_thread_blocked, id=28468, stack(0x00000020ab300000,0x00000020ab400000)]
  0x0000016bff2ab800 JavaThread "jar transforms" [_thread_blocked, id=30036, stack(0x00000020ab400000,0x00000020ab500000)]
  0x0000016bff2ad800 JavaThread "jar transforms Thread 2" [_thread_blocked, id=18128, stack(0x00000020ab500000,0x00000020ab600000)]
  0x0000016bff2ae000 JavaThread "jar transforms Thread 3" [_thread_blocked, id=26084, stack(0x00000020ab600000,0x00000020ab700000)]
  0x0000016bff2aa000 JavaThread "jar transforms Thread 4" [_thread_blocked, id=1780, stack(0x00000020ab700000,0x00000020ab800000)]
  0x0000016bff2b0800 JavaThread "jar transforms Thread 5" [_thread_blocked, id=6728, stack(0x00000020ab800000,0x00000020ab900000)]
  0x0000016bff2ab000 JavaThread "jar transforms Thread 6" [_thread_blocked, id=6148, stack(0x00000020ab900000,0x00000020aba00000)]
  0x0000016bff2b1800 JavaThread "jar transforms Thread 7" [_thread_blocked, id=22060, stack(0x00000020aba00000,0x00000020abb00000)]
  0x0000016bff2b5800 JavaThread "jar transforms Thread 8" [_thread_blocked, id=32492, stack(0x00000020abb00000,0x00000020abc00000)]
  0x0000016bff2b4800 JavaThread "Cache worker for checksums cache (E:\my programming\android projects\EasyDRAW\.gradle\checksums)" [_thread_blocked, id=31512, stack(0x00000020abc00000,0x00000020abd00000)]
  0x0000016bff2b8000 JavaThread "Cache worker for cache directory md-supplier (C:\Users\souvik dey\.gradle\caches\7.0.2\md-supplier)" [_thread_blocked, id=30252, stack(0x00000020abd00000,0x00000020abe00000)]
  0x0000016bff2b6000 JavaThread "Cache worker for cache directory md-rule (C:\Users\souvik dey\.gradle\caches\7.0.2\md-rule)" [_thread_blocked, id=25844, stack(0x00000020abe00000,0x00000020abf00000)]
  0x0000016bff2b4000 JavaThread "Cache worker for execution history cache (C:\Users\souvik dey\.gradle\caches\7.0.2\executionHistory)" [_thread_blocked, id=23000, stack(0x00000020abf00000,0x00000020ac000000)]
  0x0000016bff2b7000 JavaThread "Cache worker for file content cache (C:\Users\souvik dey\.gradle\caches\7.0.2\fileContent)" [_thread_blocked, id=32108, stack(0x00000020ac000000,0x00000020ac100000)]
  0x0000016bff2fd800 JavaThread "Cache worker for dependencies-accessors (E:\my programming\android projects\EasyDRAW\.gradle\7.0.2\dependencies-accessors)" [_thread_blocked, id=27580, stack(0x00000020ac100000,0x00000020ac200000)]
  0x0000016bff2fe800 JavaThread "Cache worker for Build Output Cleanup Cache (E:\my programming\android projects\EasyDRAW\.gradle\buildOutputCleanup)" [_thread_blocked, id=30340, stack(0x00000020ac200000,0x00000020ac300000)]
  0x0000016bff2fc800 JavaThread "Build operations" [_thread_blocked, id=9092, stack(0x00000020ac300000,0x00000020ac400000)]
  0x0000016bff2f8800 JavaThread "Build operations Thread 2" [_thread_blocked, id=29112, stack(0x00000020ac400000,0x00000020ac500000)]
  0x0000016bff2fc000 JavaThread "Build operations Thread 3" [_thread_blocked, id=17296, stack(0x00000020ac500000,0x00000020ac600000)]
  0x0000016bff2ff000 JavaThread "Build operations Thread 4" [_thread_blocked, id=31056, stack(0x00000020ac600000,0x00000020ac700000)]
  0x0000016bff2f9800 JavaThread "Build operations Thread 5" [_thread_blocked, id=27620, stack(0x00000020ac700000,0x00000020ac800000)]
  0x0000016bff300000 JavaThread "Build operations Thread 6" [_thread_blocked, id=25732, stack(0x00000020ac800000,0x00000020ac900000)]
  0x0000016bff2fa000 JavaThread "Build operations Thread 7" [_thread_blocked, id=28108, stack(0x00000020ac900000,0x00000020aca00000)]
  0x0000016bff2fb000 JavaThread "Build operations Thread 8" [_thread_blocked, id=1568, stack(0x00000020aca00000,0x00000020acb00000)]

Other Threads:
  0x0000016bfaf20800 VMThread "VM Thread" [stack: 0x00000020a9000000,0x00000020a9100000] [id=18936]
  0x0000016bfba2f800 WatcherThread [stack: 0x00000020a9a00000,0x00000020a9b00000] [id=29564]
  0x0000016befae4000 GCTaskThread "GC Thread#0" [stack: 0x00000020a8b00000,0x00000020a8c00000] [id=19488]
  0x0000016bfc5be800 GCTaskThread "GC Thread#1" [stack: 0x00000020a9d00000,0x00000020a9e00000] [id=3668]
  0x0000016bfd925800 GCTaskThread "GC Thread#2" [stack: 0x00000020a9f00000,0x00000020aa000000] [id=5672]
  0x0000016bfcdb4000 GCTaskThread "GC Thread#3" [stack: 0x00000020aa000000,0x00000020aa100000] [id=31696]
  0x0000016bfcb12800 GCTaskThread "GC Thread#4" [stack: 0x00000020aaa00000,0x00000020aab00000] [id=22496]
  0x0000016bfcf06800 GCTaskThread "GC Thread#5" [stack: 0x00000020aab00000,0x00000020aac00000] [id=29388]
  0x0000016bfd9d2800 GCTaskThread "GC Thread#6" [stack: 0x00000020aac00000,0x00000020aad00000] [id=7208]
  0x0000016bfdd97800 GCTaskThread "GC Thread#7" [stack: 0x00000020aad00000,0x00000020aae00000] [id=27020]
  0x0000016befb16800 ConcurrentGCThread "G1 Main Marker" [stack: 0x00000020a8c00000,0x00000020a8d00000] [id=9004]
  0x0000016befb17800 ConcurrentGCThread "G1 Conc#0" [stack: 0x00000020a8d00000,0x00000020a8e00000] [id=16640]
  0x0000016bfd6d8800 ConcurrentGCThread "G1 Conc#1" [stack: 0x00000020aae00000,0x00000020aaf00000] [id=24700]
  0x0000016befb9d800 ConcurrentGCThread "G1 Refine#0" [stack: 0x00000020a8e00000,0x00000020a8f00000] [id=23064]
  0x0000016befb9e800 ConcurrentGCThread "G1 Young RemSet Sampling" [stack: 0x00000020a8f00000,0x00000020a9000000] [id=23300]

Threads with active compile tasks:
C2 CompilerThread0   8441 5873       4       org.objectweb.asm.Frame::execute (2318 bytes)
C1 CompilerThread0   8441 5893       3       org.gradle.internal.dispatch.ProxyDispatchAdapter$DispatchingInvocationHandler::invoke (184 bytes)
C2 CompilerThread1   8441 5857       4       org.objectweb.asm.SymbolTable::addConstantMemberReference (147 bytes)

VM state:not at safepoint (normal execution)

VM Mutex/Monitor currently owned by a thread: None

Heap address: 0x0000000080000000, size: 2048 MB, Compressed Oops mode: 32-bit
Narrow klass base: 0x0000000000000000, Narrow klass shift: 3
Compressed class space size: 1073741824 Address: 0x0000000100000000

Heap:
 garbage-first heap   total 143360K, used 76236K [0x0000000080000000, 0x0000000100000000)
  region size 1024K, 4 young (4096K), 2 survivors (2048K)
 Metaspace       used 57379K, capacity 59031K, committed 59136K, reserved 1103872K
  class space    used 7285K, capacity 7840K, committed 7936K, reserved 1048576K
Heap Regions: E=young(eden), S=young(survivor), O=old, HS=humongous(starts), HC=humongous(continues), CS=collection set, F=free, A=archive, TAMS=top-at-mark-start (previous, next)
|   0|0x0000000080000000, 0x0000000080100000, 0x0000000080100000|100%| O|  |TAMS 0x0000000080100000, 0x0000000080100000| Untracked 
|   1|0x0000000080100000, 0x0000000080200000, 0x0000000080200000|100%| O|  |TAMS 0x0000000080200000, 0x0000000080200000| Untracked 
|   2|0x0000000080200000, 0x0000000080300000, 0x0000000080300000|100%| O|  |TAMS 0x0000000080300000, 0x0000000080300000| Untracked 
|   3|0x0000000080300000, 0x0000000080400000, 0x0000000080400000|100%|HS|  |TAMS 0x0000000080400000, 0x0000000080400000| Complete 
|   4|0x0000000080400000, 0x0000000080500000, 0x0000000080500000|100%|HC|  |TAMS 0x0000000080500000, 0x0000000080500000| Complete 
|   5|0x0000000080500000, 0x0000000080600000, 0x0000000080600000|100%|HC|  |TAMS 0x0000000080600000, 0x0000000080600000| Complete 
|   6|0x0000000080600000, 0x0000000080700000, 0x0000000080700000|100%| O|  |TAMS 0x0000000080700000, 0x0000000080700000| Untracked 
|   7|0x0000000080700000, 0x0000000080800000, 0x0000000080800000|100%| O|  |TAMS 0x0000000080800000, 0x0000000080800000| Untracked 
|   8|0x0000000080800000, 0x0000000080900000, 0x0000000080900000|100%| O|  |TAMS 0x0000000080900000, 0x0000000080900000| Untracked 
|   9|0x0000000080900000, 0x0000000080a00000, 0x0000000080a00000|100%| O|  |TAMS 0x0000000080a00000, 0x0000000080a00000| Untracked 
|  10|0x0000000080a00000, 0x0000000080b00000, 0x0000000080b00000|100%| O|  |TAMS 0x0000000080b00000, 0x0000000080b00000| Untracked 
|  11|0x0000000080b00000, 0x0000000080c00000, 0x0000000080c00000|100%| O|  |TAMS 0x0000000080c00000, 0x0000000080c00000| Untracked 
|  12|0x0000000080c00000, 0x0000000080d00000, 0x0000000080d00000|100%| O|  |TAMS 0x0000000080d00000, 0x0000000080d00000| Untracked 
|  13|0x0000000080d00000, 0x0000000080e00000, 0x0000000080e00000|100%| O|  |TAMS 0x0000000080e00000, 0x0000000080e00000| Untracked 
|  14|0x0000000080e00000, 0x0000000080f00000, 0x0000000080f00000|100%| O|  |TAMS 0x0000000080f00000, 0x0000000080f00000| Untracked 
|  15|0x0000000080f00000, 0x0000000081000000, 0x0000000081000000|100%|HS|  |TAMS 0x0000000081000000, 0x0000000081000000| Complete 
|  16|0x0000000081000000, 0x0000000081100000, 0x0000000081100000|100%|HC|  |TAMS 0x0000000081100000, 0x0000000081100000| Complete 
|  17|0x0000000081100000, 0x0000000081200000, 0x0000000081200000|100%|HS|  |TAMS 0x0000000081200000, 0x0000000081200000| Complete 
|  18|0x0000000081200000, 0x0000000081300000, 0x0000000081300000|100%|HC|  |TAMS 0x0000000081300000, 0x0000000081300000| Complete 
|  19|0x0000000081300000, 0x0000000081400000, 0x0000000081400000|100%|HC|  |TAMS 0x0000000081400000, 0x0000000081400000| Complete 
|  20|0x0000000081400000, 0x0000000081500000, 0x0000000081500000|100%|HS|  |TAMS 0x0000000081500000, 0x0000000081500000| Complete 
|  21|0x0000000081500000, 0x0000000081600000, 0x0000000081600000|100%|HC|  |TAMS 0x0000000081600000, 0x0000000081600000| Complete 
|  22|0x0000000081600000, 0x0000000081700000, 0x0000000081700000|100%|HC|  |TAMS 0x0000000081700000, 0x0000000081700000| Complete 
|  23|0x0000000081700000, 0x0000000081800000, 0x0000000081800000|100%|HC|  |TAMS 0x0000000081800000, 0x0000000081800000| Complete 
|  24|0x0000000081800000, 0x0000000081900000, 0x0000000081900000|100%|HC|  |TAMS 0x0000000081900000, 0x0000000081900000| Complete 
|  25|0x0000000081900000, 0x0000000081a00000, 0x0000000081a00000|100%| O|  |TAMS 0x0000000081a00000, 0x0000000081a00000| Untracked 
|  26|0x0000000081a00000, 0x0000000081b00000, 0x0000000081b00000|100%| O|  |TAMS 0x0000000081b00000, 0x0000000081b00000| Untracked 
|  27|0x0000000081b00000, 0x0000000081c00000, 0x0000000081c00000|100%| O|  |TAMS 0x0000000081c00000, 0x0000000081c00000| Untracked 
|  28|0x0000000081c00000, 0x0000000081d00000, 0x0000000081d00000|100%| O|  |TAMS 0x0000000081d00000, 0x0000000081d00000| Untracked 
|  29|0x0000000081d00000, 0x0000000081e00000, 0x0000000081e00000|100%| O|  |TAMS 0x0000000081e00000, 0x0000000081e00000| Untracked 
|  30|0x0000000081e00000, 0x0000000081f00000, 0x0000000081f00000|100%| O|  |TAMS 0x0000000081f00000, 0x0000000081f00000| Untracked 
|  31|0x0000000081f00000, 0x0000000082000000, 0x0000000082000000|100%| O|  |TAMS 0x0000000082000000, 0x0000000082000000| Untracked 
|  32|0x0000000082000000, 0x0000000082100000, 0x0000000082100000|100%| O|  |TAMS 0x0000000082100000, 0x0000000082100000| Untracked 
|  33|0x0000000082100000, 0x0000000082200000, 0x0000000082200000|100%|HS|  |TAMS 0x0000000082200000, 0x0000000082200000| Complete 
|  34|0x0000000082200000, 0x0000000082300000, 0x0000000082300000|100%|HC|  |TAMS 0x0000000082300000, 0x0000000082300000| Complete 
|  35|0x0000000082300000, 0x0000000082400000, 0x0000000082400000|100%|HC|  |TAMS 0x0000000082400000, 0x0000000082400000| Complete 
|  36|0x0000000082400000, 0x0000000082500000, 0x0000000082500000|100%| O|  |TAMS 0x0000000082500000, 0x0000000082500000| Untracked 
|  37|0x0000000082500000, 0x0000000082600000, 0x0000000082600000|100%| O|  |TAMS 0x0000000082600000, 0x0000000082600000| Untracked 
|  38|0x0000000082600000, 0x0000000082700000, 0x0000000082700000|100%|HS|  |TAMS 0x0000000082700000, 0x0000000082700000| Complete 
|  39|0x0000000082700000, 0x0000000082800000, 0x0000000082800000|100%|HC|  |TAMS 0x0000000082800000, 0x0000000082800000| Complete 
|  40|0x0000000082800000, 0x0000000082900000, 0x0000000082900000|100%|HC|  |TAMS 0x0000000082900000, 0x0000000082900000| Complete 
|  41|0x0000000082900000, 0x0000000082a00000, 0x0000000082a00000|100%|HC|  |TAMS 0x0000000082a00000, 0x0000000082a00000| Complete 
|  42|0x0000000082a00000, 0x0000000082b00000, 0x0000000082b00000|100%|HC|  |TAMS 0x0000000082b00000, 0x0000000082b00000| Complete 
|  43|0x0000000082b00000, 0x0000000082c00000, 0x0000000082c00000|100%| O|  |TAMS 0x0000000082c00000, 0x0000000082c00000| Untracked 
|  44|0x0000000082c00000, 0x0000000082d00000, 0x0000000082d00000|100%| O|  |TAMS 0x0000000082d00000, 0x0000000082d00000| Untracked 
|  45|0x0000000082d00000, 0x0000000082e00000, 0x0000000082e00000|100%| O|  |TAMS 0x0000000082e00000, 0x0000000082e00000| Untracked 
|  46|0x0000000082e00000, 0x0000000082f00000, 0x0000000082f00000|100%| O|  |TAMS 0x0000000082f00000, 0x0000000082f00000| Untracked 
|  47|0x0000000082f00000, 0x0000000083000000, 0x0000000083000000|100%| O|  |TAMS 0x0000000083000000, 0x0000000083000000| Untracked 
|  48|0x0000000083000000, 0x0000000083100000, 0x0000000083100000|100%| O|  |TAMS 0x0000000083100000, 0x0000000083100000| Untracked 
|  49|0x0000000083100000, 0x0000000083200000, 0x0000000083200000|100%| O|  |TAMS 0x0000000083200000, 0x0000000083200000| Untracked 
|  50|0x0000000083200000, 0x0000000083300000, 0x0000000083300000|100%| O|  |TAMS 0x0000000083300000, 0x0000000083300000| Untracked 
|  51|0x0000000083300000, 0x0000000083400000, 0x0000000083400000|100%| O|  |TAMS 0x0000000083400000, 0x0000000083400000| Untracked 
|  52|0x0000000083400000, 0x0000000083500000, 0x0000000083500000|100%| O|  |TAMS 0x000000008346aa00, 0x0000000083500000| Untracked 
|  53|0x0000000083500000, 0x0000000083600000, 0x0000000083600000|100%|HS|  |TAMS 0x0000000083500000, 0x0000000083600000| Complete 
|  54|0x0000000083600000, 0x0000000083700000, 0x0000000083700000|100%|HS|  |TAMS 0x0000000083600000, 0x0000000083700000| Complete 
|  55|0x0000000083700000, 0x0000000083800000, 0x0000000083800000|100%|HS|  |TAMS 0x0000000083700000, 0x0000000083800000| Complete 
|  56|0x0000000083800000, 0x0000000083900000, 0x0000000083900000|100%|HS|  |TAMS 0x0000000083800000, 0x0000000083900000| Complete 
|  57|0x0000000083900000, 0x0000000083a00000, 0x0000000083a00000|100%|HC|  |TAMS 0x0000000083900000, 0x0000000083a00000| Complete 
|  58|0x0000000083a00000, 0x0000000083b00000, 0x0000000083b00000|100%|HC|  |TAMS 0x0000000083a00000, 0x0000000083b00000| Complete 
|  59|0x0000000083b00000, 0x0000000083c00000, 0x0000000083c00000|100%|HS|  |TAMS 0x0000000083b00000, 0x0000000083c00000| Complete 
|  60|0x0000000083c00000, 0x0000000083d00000, 0x0000000083d00000|100%|HC|  |TAMS 0x0000000083c00000, 0x0000000083d00000| Complete 
|  61|0x0000000083d00000, 0x0000000083e00000, 0x0000000083e00000|100%| O|  |TAMS 0x0000000083d00000, 0x0000000083e00000| Untracked 
|  62|0x0000000083e00000, 0x0000000083f00000, 0x0000000083f00000|100%| O|  |TAMS 0x0000000083e00000, 0x0000000083f00000| Untracked 
|  63|0x0000000083f00000, 0x0000000084000000, 0x0000000084000000|100%| O|  |TAMS 0x0000000083f00000, 0x0000000084000000| Untracked 
|  64|0x0000000084000000, 0x0000000084100000, 0x0000000084100000|100%| O|  |TAMS 0x0000000084000000, 0x0000000084100000| Untracked 
|  65|0x0000000084100000, 0x0000000084200000, 0x0000000084200000|100%| O|  |TAMS 0x0000000084100000, 0x0000000084200000| Untracked 
|  66|0x0000000084200000, 0x0000000084300000, 0x0000000084300000|100%| O|  |TAMS 0x0000000084200000, 0x0000000084300000| Untracked 
|  67|0x0000000084300000, 0x0000000084400000, 0x0000000084400000|100%| O|  |TAMS 0x0000000084300000, 0x0000000084400000| Untracked 
|  68|0x0000000084400000, 0x0000000084500000, 0x0000000084500000|100%| O|  |TAMS 0x0000000084400000, 0x0000000084500000| Untracked 
|  69|0x0000000084500000, 0x0000000084600000, 0x0000000084600000|100%| O|  |TAMS 0x0000000084500000, 0x0000000084600000| Untracked 
|  70|0x0000000084600000, 0x0000000084700000, 0x0000000084700000|100%| O|  |TAMS 0x0000000084600000, 0x0000000084700000| Untracked 
|  71|0x0000000084700000, 0x0000000084800000, 0x0000000084800000|100%| O|  |TAMS 0x0000000084700000, 0x0000000084800000| Untracked 
|  72|0x0000000084800000, 0x0000000084800000, 0x0000000084900000|  0%| F|  |TAMS 0x0000000084800000, 0x0000000084800000| Untracked 
|  73|0x0000000084900000, 0x0000000084900000, 0x0000000084a00000|  0%| F|  |TAMS 0x0000000084900000, 0x0000000084900000| Untracked 
|  74|0x0000000084a00000, 0x0000000084a00000, 0x0000000084b00000|  0%| F|  |TAMS 0x0000000084a00000, 0x0000000084a00000| Untracked 
|  75|0x0000000084b00000, 0x0000000084b00000, 0x0000000084c00000|  0%| F|  |TAMS 0x0000000084b00000, 0x0000000084b00000| Untracked 
|  76|0x0000000084c00000, 0x0000000084c00000, 0x0000000084d00000|  0%| F|  |TAMS 0x0000000084c00000, 0x0000000084c00000| Untracked 
|  77|0x0000000084d00000, 0x0000000084d00000, 0x0000000084e00000|  0%| F|  |TAMS 0x0000000084d00000, 0x0000000084d00000| Untracked 
|  78|0x0000000084e00000, 0x0000000084e00000, 0x0000000084f00000|  0%| F|  |TAMS 0x0000000084e00000, 0x0000000084e00000| Untracked 
|  79|0x0000000084f00000, 0x0000000084f00000, 0x0000000085000000|  0%| F|  |TAMS 0x0000000084f00000, 0x0000000084f00000| Untracked 
|  80|0x0000000085000000, 0x0000000085000000, 0x0000000085100000|  0%| F|  |TAMS 0x0000000085000000, 0x0000000085000000| Untracked 
|  81|0x0000000085100000, 0x0000000085100000, 0x0000000085200000|  0%| F|  |TAMS 0x0000000085100000, 0x0000000085100000| Untracked 
|  82|0x0000000085200000, 0x0000000085200000, 0x0000000085300000|  0%| F|  |TAMS 0x0000000085200000, 0x0000000085200000| Untracked 
|  83|0x0000000085300000, 0x0000000085300000, 0x0000000085400000|  0%| F|  |TAMS 0x0000000085300000, 0x0000000085300000| Untracked 
|  84|0x0000000085400000, 0x0000000085400000, 0x0000000085500000|  0%| F|  |TAMS 0x0000000085400000, 0x0000000085400000| Untracked 
|  85|0x0000000085500000, 0x0000000085500000, 0x0000000085600000|  0%| F|  |TAMS 0x0000000085500000, 0x0000000085500000| Untracked 
|  86|0x0000000085600000, 0x0000000085600000, 0x0000000085700000|  0%| F|  |TAMS 0x0000000085600000, 0x0000000085600000| Untracked 
|  87|0x0000000085700000, 0x0000000085700000, 0x0000000085800000|  0%| F|  |TAMS 0x0000000085700000, 0x0000000085700000| Untracked 
|  88|0x0000000085800000, 0x0000000085800000, 0x0000000085900000|  0%| F|  |TAMS 0x0000000085800000, 0x0000000085800000| Untracked 
|  89|0x0000000085900000, 0x0000000085900000, 0x0000000085a00000|  0%| F|  |TAMS 0x0000000085900000, 0x0000000085900000| Untracked 
|  90|0x0000000085a00000, 0x0000000085a00000, 0x0000000085b00000|  0%| F|  |TAMS 0x0000000085a00000, 0x0000000085a00000| Untracked 
|  91|0x0000000085b00000, 0x0000000085b00000, 0x0000000085c00000|  0%| F|  |TAMS 0x0000000085b00000, 0x0000000085b00000| Untracked 
|  92|0x0000000085c00000, 0x0000000085c00000, 0x0000000085d00000|  0%| F|  |TAMS 0x0000000085c00000, 0x0000000085c00000| Untracked 
|  93|0x0000000085d00000, 0x0000000085d00000, 0x0000000085e00000|  0%| F|  |TAMS 0x0000000085d00000, 0x0000000085d00000| Untracked 
|  94|0x0000000085e00000, 0x0000000085e00000, 0x0000000085f00000|  0%| F|  |TAMS 0x0000000085e00000, 0x0000000085e00000| Untracked 
|  95|0x0000000085f00000, 0x0000000085f00000, 0x0000000086000000|  0%| F|  |TAMS 0x0000000085f00000, 0x0000000085f00000| Untracked 
|  96|0x0000000086000000, 0x0000000086000000, 0x0000000086100000|  0%| F|  |TAMS 0x0000000086000000, 0x0000000086000000| Untracked 
|  97|0x0000000086100000, 0x0000000086100000, 0x0000000086200000|  0%| F|  |TAMS 0x0000000086100000, 0x0000000086100000| Untracked 
|  98|0x0000000086200000, 0x0000000086200000, 0x0000000086300000|  0%| F|  |TAMS 0x0000000086200000, 0x0000000086200000| Untracked 
|  99|0x0000000086300000, 0x0000000086300000, 0x0000000086400000|  0%| F|  |TAMS 0x0000000086300000, 0x0000000086300000| Untracked 
| 100|0x0000000086400000, 0x0000000086400000, 0x0000000086500000|  0%| F|  |TAMS 0x0000000086400000, 0x0000000086400000| Untracked 
| 101|0x0000000086500000, 0x0000000086573340, 0x0000000086600000| 45%| S|CS|TAMS 0x0000000086500000, 0x0000000086500000| Complete 
| 102|0x0000000086600000, 0x0000000086700000, 0x0000000086700000|100%| S|CS|TAMS 0x0000000086600000, 0x0000000086600000| Complete 
| 103|0x0000000086700000, 0x0000000086700000, 0x0000000086800000|  0%| F|  |TAMS 0x0000000086700000, 0x0000000086700000| Untracked 
| 104|0x0000000086800000, 0x0000000086800000, 0x0000000086900000|  0%| F|  |TAMS 0x0000000086800000, 0x0000000086800000| Untracked 
| 105|0x0000000086900000, 0x0000000086900000, 0x0000000086a00000|  0%| F|  |TAMS 0x0000000086900000, 0x0000000086900000| Untracked 
| 106|0x0000000086a00000, 0x0000000086a00000, 0x0000000086b00000|  0%| F|  |TAMS 0x0000000086a00000, 0x0000000086a00000| Untracked 
| 107|0x0000000086b00000, 0x0000000086b00000, 0x0000000086c00000|  0%| F|  |TAMS 0x0000000086b00000, 0x0000000086b00000| Untracked 
| 108|0x0000000086c00000, 0x0000000086c00000, 0x0000000086d00000|  0%| F|  |TAMS 0x0000000086c00000, 0x0000000086c00000| Untracked 
| 109|0x0000000086d00000, 0x0000000086d00000, 0x0000000086e00000|  0%| F|  |TAMS 0x0000000086d00000, 0x0000000086d00000| Untracked 
| 110|0x0000000086e00000, 0x0000000086e00000, 0x0000000086f00000|  0%| F|  |TAMS 0x0000000086e00000, 0x0000000086e00000| Untracked 
| 111|0x0000000086f00000, 0x0000000086f00000, 0x0000000087000000|  0%| F|  |TAMS 0x0000000086f00000, 0x0000000086f00000| Untracked 
| 112|0x0000000087000000, 0x0000000087000000, 0x0000000087100000|  0%| F|  |TAMS 0x0000000087000000, 0x0000000087000000| Untracked 
| 113|0x0000000087100000, 0x0000000087100000, 0x0000000087200000|  0%| F|  |TAMS 0x0000000087100000, 0x0000000087100000| Untracked 
| 114|0x0000000087200000, 0x0000000087200000, 0x0000000087300000|  0%| F|  |TAMS 0x0000000087200000, 0x0000000087200000| Untracked 
| 115|0x0000000087300000, 0x0000000087300000, 0x0000000087400000|  0%| F|  |TAMS 0x0000000087300000, 0x0000000087300000| Untracked 
| 116|0x0000000087400000, 0x0000000087400000, 0x0000000087500000|  0%| F|  |TAMS 0x0000000087400000, 0x0000000087400000| Untracked 
| 117|0x0000000087500000, 0x0000000087500000, 0x0000000087600000|  0%| F|  |TAMS 0x0000000087500000, 0x0000000087500000| Untracked 
| 118|0x0000000087600000, 0x0000000087600000, 0x0000000087700000|  0%| F|  |TAMS 0x0000000087600000, 0x0000000087600000| Untracked 
| 119|0x0000000087700000, 0x0000000087700000, 0x0000000087800000|  0%| F|  |TAMS 0x0000000087700000, 0x0000000087700000| Untracked 
| 120|0x0000000087800000, 0x0000000087800000, 0x0000000087900000|  0%| F|  |TAMS 0x0000000087800000, 0x0000000087800000| Untracked 
| 121|0x0000000087900000, 0x0000000087900000, 0x0000000087a00000|  0%| F|  |TAMS 0x0000000087900000, 0x0000000087900000| Untracked 
| 122|0x0000000087a00000, 0x0000000087a00000, 0x0000000087b00000|  0%| F|  |TAMS 0x0000000087a00000, 0x0000000087a00000| Untracked 
| 123|0x0000000087b00000, 0x0000000087b00000, 0x0000000087c00000|  0%| F|  |TAMS 0x0000000087b00000, 0x0000000087b00000| Untracked 
| 124|0x0000000087c00000, 0x0000000087c00000, 0x0000000087d00000|  0%| F|  |TAMS 0x0000000087c00000, 0x0000000087c00000| Untracked 
| 125|0x0000000087d00000, 0x0000000087d00000, 0x0000000087e00000|  0%| F|  |TAMS 0x0000000087d00000, 0x0000000087d00000| Untracked 
| 126|0x0000000087e00000, 0x0000000087e00000, 0x0000000087f00000|  0%| F|  |TAMS 0x0000000087e00000, 0x0000000087e00000| Untracked 
| 127|0x0000000087f00000, 0x0000000087f00000, 0x0000000088000000|  0%| F|  |TAMS 0x0000000087f00000, 0x0000000087f00000| Untracked 
| 128|0x0000000088000000, 0x0000000088000000, 0x0000000088100000|  0%| F|  |TAMS 0x0000000088000000, 0x0000000088000000| Untracked 
| 129|0x0000000088100000, 0x0000000088100000, 0x0000000088200000|  0%| F|  |TAMS 0x0000000088100000, 0x0000000088100000| Untracked 
| 130|0x0000000088200000, 0x0000000088200000, 0x0000000088300000|  0%| F|  |TAMS 0x0000000088200000, 0x0000000088200000| Untracked 
| 131|0x0000000088300000, 0x0000000088300000, 0x0000000088400000|  0%| F|  |TAMS 0x0000000088300000, 0x0000000088300000| Untracked 
| 132|0x0000000088400000, 0x0000000088400000, 0x0000000088500000|  0%| F|  |TAMS 0x0000000088400000, 0x0000000088400000| Untracked 
| 133|0x0000000088500000, 0x0000000088500000, 0x0000000088600000|  0%| F|  |TAMS 0x0000000088500000, 0x0000000088500000| Untracked 
| 134|0x0000000088600000, 0x0000000088600000, 0x0000000088700000|  0%| F|  |TAMS 0x0000000088600000, 0x0000000088600000| Untracked 
| 135|0x0000000088700000, 0x0000000088700000, 0x0000000088800000|  0%| F|  |TAMS 0x0000000088700000, 0x0000000088700000| Untracked 
| 136|0x0000000088800000, 0x0000000088800000, 0x0000000088900000|  0%| F|  |TAMS 0x0000000088800000, 0x0000000088800000| Untracked 
| 137|0x0000000088900000, 0x0000000088900000, 0x0000000088a00000|  0%| F|  |TAMS 0x0000000088900000, 0x0000000088900000| Untracked 
| 138|0x0000000088a00000, 0x0000000088a81258, 0x0000000088b00000| 50%| E|  |TAMS 0x0000000088a00000, 0x0000000088a00000| Complete 
| 139|0x0000000088b00000, 0x0000000088c00000, 0x0000000088c00000|100%| E|CS|TAMS 0x0000000088b00000, 0x0000000088b00000| Complete 

Card table byte_map: [0x0000016bf3ce0000,0x0000016bf40e0000] _byte_map_base: 0x0000016bf38e0000

Marking Bits (Prev, Next): (CMBitMap*) 0x0000016befb0dab8, (CMBitMap*) 0x0000016befb0daf0
 Prev Bits: [0x0000016bf44e0000, 0x0000016bf64e0000)
 Next Bits: [0x0000016bf64e0000, 0x0000016bf84e0000)

Polling page: 0x0000016bef2a0000

Metaspace:

Usage:
  Non-class:     49.99 MB capacity,    48.92 MB ( 98%) used,   942.34 KB (  2%) free+waste,   151.44 KB ( <1%) overhead. 
      Class:      7.66 MB capacity,     7.11 MB ( 93%) used,   482.52 KB (  6%) free+waste,    72.06 KB ( <1%) overhead. 
       Both:     57.65 MB capacity,    56.04 MB ( 97%) used,     1.39 MB (  2%) free+waste,   223.50 KB ( <1%) overhead. 

Virtual space:
  Non-class space:       54.00 MB reserved,      50.00 MB ( 93%) committed 
      Class space:        1.00 GB reserved,       7.75 MB ( <1%) committed 
             Both:        1.05 GB reserved,      57.75 MB (  5%) committed 

Chunk freelists:
   Non-Class:  9.00 KB
       Class:  0 bytes
        Both:  9.00 KB

MaxMetaspaceSize: 17179869184.00 GB
CompressedClassSpaceSize: 1.00 GB

CodeHeap 'non-profiled nmethods': size=120000Kb used=3335Kb max_used=3335Kb free=116664Kb
 bounds [0x0000016b87ad0000, 0x0000016b87e20000, 0x0000016b8f000000]
CodeHeap 'profiled nmethods': size=120000Kb used=12198Kb max_used=12198Kb free=107801Kb
 bounds [0x0000016b805a0000, 0x0000016b81190000, 0x0000016b87ad0000]
CodeHeap 'non-nmethods': size=5760Kb used=2239Kb max_used=2300Kb free=3520Kb
 bounds [0x0000016b80000000, 0x0000016b80270000, 0x0000016b805a0000]
 total_blobs=6697 nmethods=5874 adapters=734
 compilation: enabled
              stopped_count=0, restarted_count=0
 full_count=0

Compilation events (20 events):
Event: 8.180 Thread 0x0000016bfaf53000 nmethod 5864 0x0000016b81178a10 code [0x0000016b81178c00, 0x0000016b81179008]
Event: 8.187 Thread 0x0000016bfaf4e800 5866       4       jdk.internal.org.objectweb.asm.Type::getType (269 bytes)
Event: 8.190 Thread 0x0000016bfaf53000 5867       3       sun.reflect.annotation.AnnotationParser::skipMemberValue (11 bytes)
Event: 8.190 Thread 0x0000016bfaf53000 nmethod 5867 0x0000016b81179190 code [0x0000016b81179360, 0x0000016b81179538]
Event: 8.192 Thread 0x0000016bfaf4e800 nmethod 5866 0x0000016b87e10a10 code [0x0000016b87e10bc0, 0x0000016b87e10e58]
Event: 8.192 Thread 0x0000016bfaf53000 5868       3       java.lang.reflect.ProxyGenerator$ProxyMethod::<init> (71 bytes)
Event: 8.192 Thread 0x0000016bfaf4e800 5869  s    4       java.io.ByteArrayOutputStream::write (43 bytes)
Event: 8.193 Thread 0x0000016bfaf53000 nmethod 5868 0x0000016b81179610 code [0x0000016b81179880, 0x0000016b8117a2e8]
Event: 8.199 Thread 0x0000016bfaf4e800 nmethod 5869 0x0000016b87e11010 code [0x0000016b87e111c0, 0x0000016b87e117b8]
Event: 8.222 Thread 0x0000016bfaf53000 5870       3       org.objectweb.asm.Type::getDescriptor (18 bytes)
Event: 8.223 Thread 0x0000016bfaf53000 nmethod 5870 0x0000016b8117a610 code [0x0000016b8117a840, 0x0000016b8117ae58]
Event: 8.223 Thread 0x0000016bfaf53000 5871       1       org.gradle.internal.instantiation.generator.AbstractClassGenerator$MethodMetadata::getGenericReturnType (5 bytes)
Event: 8.223 Thread 0x0000016bfaf53000 nmethod 5871 0x0000016b87e11a10 code [0x0000016b87e11bc0, 0x0000016b87e11c78]
Event: 8.224 Thread 0x0000016bfaf53000 5872       3       java.util.concurrent.ConcurrentHashMap$Traverser::<init> (36 bytes)
Event: 8.224 Thread 0x0000016bfaf53000 nmethod 5872 0x0000016b8117b090 code [0x0000016b8117b240, 0x0000016b8117b438]
Event: 8.248 Thread 0x0000016bfaf4e800 5873       4       org.objectweb.asm.Frame::execute (2318 bytes)
Event: 8.358 Thread 0x0000016bfaf53000 5878       3       kotlin.jvm.internal.Intrinsics::checkParameterIsNotNull (9 bytes)
Event: 8.359 Thread 0x0000016bfaf53000 nmethod 5878 0x0000016b8117b510 code [0x0000016b8117b720, 0x0000016b8117bbf8]
Event: 8.359 Thread 0x0000016bfaf53000 5879       3       java.util.Collections::eq (22 bytes)
Event: 8.359 Thread 0x0000016bfaf53000 nmethod 5879 0x0000016b8117be10 code [0x0000016b8117bfe0, 0x0000016b8117c228]

GC Heap History (20 events):
Event: 2.852 GC heap before
{Heap before GC invocations=2 (full 0):
 garbage-first heap   total 98304K, used 56825K [0x0000000080000000, 0x0000000100000000)
  region size 1024K, 50 young (51200K), 8 survivors (8192K)
 Metaspace       used 20617K, capacity 21139K, committed 21248K, reserved 1067008K
  class space    used 2518K, capacity 2733K, committed 2816K, reserved 1048576K
}
Event: 2.860 GC heap after
{Heap after GC invocations=3 (full 0):
 garbage-first heap   total 98304K, used 17019K [0x0000000080000000, 0x0000000100000000)
  region size 1024K, 3 young (3072K), 3 survivors (3072K)
 Metaspace       used 20617K, capacity 21139K, committed 21248K, reserved 1067008K
  class space    used 2518K, capacity 2733K, committed 2816K, reserved 1048576K
}
Event: 3.390 GC heap before
{Heap before GC invocations=4 (full 0):
 garbage-first heap   total 98304K, used 63099K [0x0000000080000000, 0x0000000100000000)
  region size 1024K, 48 young (49152K), 3 survivors (3072K)
 Metaspace       used 25388K, capacity 26033K, committed 26112K, reserved 1071104K
  class space    used 3303K, capacity 3539K, committed 3584K, reserved 1048576K
}
Event: 3.393 GC heap after
{Heap after GC invocations=5 (full 0):
 garbage-first heap   total 98304K, used 18538K [0x0000000080000000, 0x0000000100000000)
  region size 1024K, 4 young (4096K), 4 survivors (4096K)
 Metaspace       used 25388K, capacity 26033K, committed 26112K, reserved 1071104K
  class space    used 3303K, capacity 3539K, committed 3584K, reserved 1048576K
}
Event: 4.101 GC heap before
{Heap before GC invocations=5 (full 0):
 garbage-first heap   total 98304K, used 76906K [0x0000000080000000, 0x0000000100000000)
  region size 1024K, 52 young (53248K), 4 survivors (4096K)
 Metaspace       used 29786K, capacity 30657K, committed 30720K, reserved 1075200K
  class space    used 4008K, capacity 4311K, committed 4352K, reserved 1048576K
}
Event: 4.106 GC heap after
{Heap after GC invocations=6 (full 0):
 garbage-first heap   total 98304K, used 32529K [0x0000000080000000, 0x0000000100000000)
  region size 1024K, 7 young (7168K), 7 survivors (7168K)
 Metaspace       used 29786K, capacity 30657K, committed 30720K, reserved 1075200K
  class space    used 4008K, capacity 4311K, committed 4352K, reserved 1048576K
}
Event: 4.534 GC heap before
{Heap before GC invocations=6 (full 0):
 garbage-first heap   total 98304K, used 54033K [0x0000000080000000, 0x0000000100000000)
  region size 1024K, 29 young (29696K), 7 survivors (7168K)
 Metaspace       used 34844K, capacity 35743K, committed 35840K, reserved 1081344K
  class space    used 4560K, capacity 4899K, committed 4992K, reserved 1048576K
}
Event: 4.544 GC heap after
{Heap after GC invocations=7 (full 0):
 garbage-first heap   total 98304K, used 34951K [0x0000000080000000, 0x0000000100000000)
  region size 1024K, 3 young (3072K), 3 survivors (3072K)
 Metaspace       used 34844K, capacity 35743K, committed 35840K, reserved 1081344K
  class space    used 4560K, capacity 4899K, committed 4992K, reserved 1048576K
}
Event: 4.877 GC heap before
{Heap before GC invocations=8 (full 0):
 garbage-first heap   total 98304K, used 65671K [0x0000000080000000, 0x0000000100000000)
  region size 1024K, 34 young (34816K), 3 survivors (3072K)
 Metaspace       used 37614K, capacity 38597K, committed 38784K, reserved 1083392K
  class space    used 4871K, capacity 5208K, committed 5248K, reserved 1048576K
}
Event: 4.885 GC heap after
{Heap after GC invocations=9 (full 0):
 garbage-first heap   total 118784K, used 38355K [0x0000000080000000, 0x0000000100000000)
  region size 1024K, 5 young (5120K), 5 survivors (5120K)
 Metaspace       used 37614K, capacity 38597K, committed 38784K, reserved 1083392K
  class space    used 4871K, capacity 5208K, committed 5248K, reserved 1048576K
}
Event: 5.441 GC heap before
{Heap before GC invocations=10 (full 0):
 garbage-first heap   total 118784K, used 81363K [0x0000000080000000, 0x0000000100000000)
  region size 1024K, 45 young (46080K), 5 survivors (5120K)
 Metaspace       used 41720K, capacity 42792K, committed 43008K, reserved 1087488K
  class space    used 5384K, capacity 5778K, committed 5888K, reserved 1048576K
}
Event: 5.447 GC heap after
{Heap after GC invocations=11 (full 0):
 garbage-first heap   total 118784K, used 39575K [0x0000000080000000, 0x0000000100000000)
  region size 1024K, 5 young (5120K), 5 survivors (5120K)
 Metaspace       used 41720K, capacity 42792K, committed 43008K, reserved 1087488K
  class space    used 5384K, capacity 5778K, committed 5888K, reserved 1048576K
}
Event: 6.029 GC heap before
{Heap before GC invocations=11 (full 0):
 garbage-first heap   total 118784K, used 89751K [0x0000000080000000, 0x0000000100000000)
  region size 1024K, 46 young (47104K), 5 survivors (5120K)
 Metaspace       used 44461K, capacity 45695K, committed 45824K, reserved 1089536K
  class space    used 5599K, capacity 6053K, committed 6144K, reserved 1048576K
}
Event: 6.037 GC heap after
{Heap after GC invocations=12 (full 0):
 garbage-first heap   total 118784K, used 53099K [0x0000000080000000, 0x0000000100000000)
  region size 1024K, 6 young (6144K), 6 survivors (6144K)
 Metaspace       used 44461K, capacity 45695K, committed 45824K, reserved 1089536K
  class space    used 5599K, capacity 6053K, committed 6144K, reserved 1048576K
}
Event: 6.420 GC heap before
{Heap before GC invocations=12 (full 0):
 garbage-first heap   total 118784K, used 89963K [0x0000000080000000, 0x0000000100000000)
  region size 1024K, 42 young (43008K), 6 survivors (6144K)
 Metaspace       used 46647K, capacity 47959K, committed 48256K, reserved 1091584K
  class space    used 5952K, capacity 6404K, committed 6528K, reserved 1048576K
}
Event: 6.427 GC heap after
{Heap after GC invocations=13 (full 0):
 garbage-first heap   total 118784K, used 56159K [0x0000000080000000, 0x0000000100000000)
  region size 1024K, 3 young (3072K), 3 survivors (3072K)
 Metaspace       used 46647K, capacity 47959K, committed 48256K, reserved 1091584K
  class space    used 5952K, capacity 6404K, committed 6528K, reserved 1048576K
}
Event: 6.957 GC heap before
{Heap before GC invocations=13 (full 0):
 garbage-first heap   total 118784K, used 90975K [0x0000000080000000, 0x0000000100000000)
  region size 1024K, 37 young (37888K), 3 survivors (3072K)
 Metaspace       used 48947K, capacity 50365K, committed 50560K, reserved 1093632K
  class space    used 6281K, capacity 6754K, committed 6784K, reserved 1048576K
}
Event: 6.965 GC heap after
{Heap after GC invocations=14 (full 0):
 garbage-first heap   total 143360K, used 58030K [0x0000000080000000, 0x0000000100000000)
  region size 1024K, 5 young (5120K), 5 survivors (5120K)
 Metaspace       used 48947K, capacity 50365K, committed 50560K, reserved 1093632K
  class space    used 6281K, capacity 6754K, committed 6784K, reserved 1048576K
}
Event: 7.729 GC heap before
{Heap before GC invocations=15 (full 0):
 garbage-first heap   total 143360K, used 111278K [0x0000000080000000, 0x0000000100000000)
  region size 1024K, 50 young (51200K), 5 survivors (5120K)
 Metaspace       used 51356K, capacity 52910K, committed 52992K, reserved 1095680K
  class space    used 6589K, capacity 7100K, committed 7168K, reserved 1048576K
}
Event: 7.736 GC heap after
{Heap after GC invocations=16 (full 0):
 garbage-first heap   total 143360K, used 73405K [0x0000000080000000, 0x0000000100000000)
  region size 1024K, 7 young (7168K), 7 survivors (7168K)
 Metaspace       used 51356K, capacity 52910K, committed 52992K, reserved 1095680K
  class space    used 6589K, capacity 7100K, committed 7168K, reserved 1048576K
}

Deoptimization events (20 events):
Event: 8.084 Thread 0x0000016bfcac8800 DEOPT PACKING pc=0x0000016b80a07c97 sp=0x00000020aa4f6a20
Event: 8.084 Thread 0x0000016bfcac8800 DEOPT UNPACKING pc=0x0000016b800276ce sp=0x00000020aa4f5fa8 mode 0
Event: 8.087 Thread 0x0000016bfcac8800 DEOPT PACKING pc=0x0000016b80a07c97 sp=0x00000020aa4f68b0
Event: 8.087 Thread 0x0000016bfcac8800 DEOPT UNPACKING pc=0x0000016b800276ce sp=0x00000020aa4f5e38 mode 0
Event: 8.090 Thread 0x0000016bfcac8800 DEOPT PACKING pc=0x0000016b80a07c97 sp=0x00000020aa4f6a10
Event: 8.090 Thread 0x0000016bfcac8800 DEOPT UNPACKING pc=0x0000016b800276ce sp=0x00000020aa4f5f98 mode 0
Event: 8.093 Thread 0x0000016bfcac8800 DEOPT PACKING pc=0x0000016b80a07c97 sp=0x00000020aa4f6aa0
Event: 8.093 Thread 0x0000016bfcac8800 DEOPT UNPACKING pc=0x0000016b800276ce sp=0x00000020aa4f6028 mode 0
Event: 8.094 Thread 0x0000016bfcac8800 DEOPT PACKING pc=0x0000016b80a07c97 sp=0x00000020aa4f67c0
Event: 8.094 Thread 0x0000016bfcac8800 DEOPT UNPACKING pc=0x0000016b800276ce sp=0x00000020aa4f5d48 mode 0
Event: 8.096 Thread 0x0000016bfcac8800 DEOPT PACKING pc=0x0000016b80a07c97 sp=0x00000020aa4f68c0
Event: 8.096 Thread 0x0000016bfcac8800 DEOPT UNPACKING pc=0x0000016b800276ce sp=0x00000020aa4f5e48 mode 0
Event: 8.098 Thread 0x0000016bfcac8800 DEOPT PACKING pc=0x0000016b80a07c97 sp=0x00000020aa4f6aa0
Event: 8.098 Thread 0x0000016bfcac8800 DEOPT UNPACKING pc=0x0000016b800276ce sp=0x00000020aa4f6028 mode 0
Event: 8.099 Thread 0x0000016bfcac8800 DEOPT PACKING pc=0x0000016b80a07c97 sp=0x00000020aa4f6740
Event: 8.099 Thread 0x0000016bfcac8800 DEOPT UNPACKING pc=0x0000016b800276ce sp=0x00000020aa4f5cc8 mode 0
Event: 8.170 Thread 0x0000016bfcac8800 Uncommon trap: trap_request=0xffffffc6 fr.pc=0x0000016b87c68814 relative=0x0000000000000494
Event: 8.170 Thread 0x0000016bfcac8800 Uncommon trap: reason=bimorphic_or_optimized_type_check action=maybe_recompile pc=0x0000016b87c68814 method=java.util.Spliterators$IteratorSpliterator.tryAdvance(Ljava/util/function/Consumer;)Z @ 50 c2
Event: 8.170 Thread 0x0000016bfcac8800 DEOPT PACKING pc=0x0000016b87c68814 sp=0x00000020aa4f7d00
Event: 8.170 Thread 0x0000016bfcac8800 DEOPT UNPACKING pc=0x0000016b800278af sp=0x00000020aa4f7ca0 mode 2

Classes redefined (0 events):
No events

Internal exceptions (20 events):
Event: 7.474 Thread 0x0000016bfcac8800 Exception <a 'java/lang/ClassNotFoundException'{0x0000000086f1c178}: org/gradle/api/tasks/Delete_DecoratedBeanInfo> (0x0000000086f1c178) thrown at [./src/hotspot/share/classfile/systemDictionary.cpp, line 231]
Event: 7.475 Thread 0x0000016bfcac8800 Exception <a 'java/lang/ClassNotFoundException'{0x0000000086f45388}: org/gradle/api/tasks/DeleteBeanInfo> (0x0000000086f45388) thrown at [./src/hotspot/share/classfile/systemDictionary.cpp, line 231]
Event: 7.476 Thread 0x0000016bfcac8800 Exception <a 'java/lang/ClassNotFoundException'{0x0000000086f714b8}: org/gradle/api/internal/ConventionTaskBeanInfo> (0x0000000086f714b8) thrown at [./src/hotspot/share/classfile/systemDictionary.cpp, line 231]
Event: 7.477 Thread 0x0000016bfcac8800 Exception <a 'java/lang/ClassNotFoundException'{0x0000000086f9a060}: org/gradle/api/DefaultTaskBeanInfo> (0x0000000086f9a060) thrown at [./src/hotspot/share/classfile/systemDictionary.cpp, line 231]
Event: 7.478 Thread 0x0000016bfcac8800 Exception <a 'java/lang/ClassNotFoundException'{0x0000000086fc6c48}: org/gradle/api/internal/AbstractTaskBeanInfo> (0x0000000086fc6c48) thrown at [./src/hotspot/share/classfile/systemDictionary.cpp, line 231]
Event: 7.479 Thread 0x0000016bfcac8800 Exception <a 'java/lang/ClassNotFoundException'{0x0000000086ff37f0}: org/gradle/api/internal/AbstractTaskCustomizer> (0x0000000086ff37f0) thrown at [./src/hotspot/share/classfile/systemDictionary.cpp, line 231]
Event: 7.482 Thread 0x0000016bfcac8800 Exception <a 'java/lang/ClassNotFoundException'{0x0000000086e64d78}: org/gradle/api/DefaultTaskCustomizer> (0x0000000086e64d78) thrown at [./src/hotspot/share/classfile/systemDictionary.cpp, line 231]
Event: 7.485 Thread 0x0000016bfcac8800 Exception <a 'java/lang/ClassNotFoundException'{0x0000000086ee5b28}: org/gradle/api/internal/ConventionTaskCustomizer> (0x0000000086ee5b28) thrown at [./src/hotspot/share/classfile/systemDictionary.cpp, line 231]
Event: 7.487 Thread 0x0000016bfcac8800 Exception <a 'java/lang/ClassNotFoundException'{0x0000000086d1df40}: org/gradle/api/tasks/DeleteCustomizer> (0x0000000086d1df40) thrown at [./src/hotspot/share/classfile/systemDictionary.cpp, line 231]
Event: 7.489 Thread 0x0000016bfcac8800 Exception <a 'java/lang/ClassNotFoundException'{0x0000000086d5d180}: org/gradle/api/tasks/Delete_DecoratedCustomizer> (0x0000000086d5d180) thrown at [./src/hotspot/share/classfile/systemDictionary.cpp, line 231]
Event: 7.517 Thread 0x0000016bfcac8800 Exception <a 'java/lang/ClassNotFoundException'{0x0000000086c7a790}: build_a8561i7l1d5sn03tp5ygb1ke9BeanInfo> (0x0000000086c7a790) thrown at [./src/hotspot/share/classfile/systemDictionary.cpp, line 231]
Event: 7.517 Thread 0x0000016bfcac8800 Exception <a 'java/lang/ClassNotFoundException'{0x0000000086c8a970}: build_a8561i7l1d5sn03tp5ygb1ke9Customizer> (0x0000000086c8a970) thrown at [./src/hotspot/share/classfile/systemDictionary.cpp, line 231]
Event: 7.524 Thread 0x0000016bfcac8800 Exception <a 'java/lang/ClassNotFoundException'{0x0000000086b0e950}: org/gradle/plugin/use/internal/PluginRequestCollector$PluginDependenciesSpecImplBeanInfo> (0x0000000086b0e950) thrown at [./src/hotspot/share/classfile/systemDictionary.cpp, line 231]
Event: 7.525 Thread 0x0000016bfcac8800 Exception <a 'java/lang/ClassNotFoundException'{0x0000000086b3c800}: org/gradle/plugin/use/internal/PluginRequestCollector$PluginDependenciesSpecImplCustomizer> (0x0000000086b3c800) thrown at [./src/hotspot/share/classfile/systemDictionary.cpp, line 231]
Event: 7.714 Thread 0x0000016bfcac8800 Exception <a 'java/lang/NoSuchMethodError'{0x0000000085f224b8}: 'java.lang.Object java.lang.invoke.DirectMethodHandle$Holder.invokeStatic(java.lang.Object, java.lang.Object, java.lang.Object, java.lang.Object, int)'> (0x0000000085f224b8) thrown at [./src/hotspot/share/interpreter/linkResolver.cpp, line 773]
Event: 7.715 Thread 0x0000016bfcac8800 Exception <a 'java/lang/NoSuchMethodError'{0x0000000085f26eb0}: 'java.lang.Object java.lang.invoke.DirectMethodHandle$Holder.invokeSpecial(java.lang.Object, java.lang.Object, java.lang.Object, java.lang.Object, java.lang.Object, int)'> (0x0000000085f26eb0) thrown at [./src/hotspot/share/interpreter/linkResolver.cpp, line 773]
Event: 7.715 Thread 0x0000016bfcac8800 Exception <a 'java/lang/NoSuchMethodError'{0x0000000085f2b4f0}: 'java.lang.Object java.lang.invoke.Invokers$Holder.linkToTargetMethod(java.lang.Object, java.lang.Object, java.lang.Object, int, java.lang.Object)'> (0x0000000085f2b4f0) thrown at [./src/hotspot/share/interpreter/linkResolver.cpp, line 773]
Event: 7.928 Thread 0x0000016bfcac8800 Exception <a 'java/lang/NoSuchMethodError'{0x0000000087ef4858}: 'java.lang.Object java.lang.invoke.DirectMethodHandle$Holder.invokeSpecial(java.lang.Object, java.lang.Object, int, int, java.lang.Object, java.lang.Object, java.lang.Object)'> (0x0000000087ef4858) thrown at [./src/hotspot/share/interpreter/linkResolver.cpp, line 773]
Event: 7.928 Thread 0x0000016bfcac8800 Exception <a 'java/lang/NoSuchMethodError'{0x0000000087ef8dd8}: 'java.lang.Object java.lang.invoke.DelegatingMethodHandle$Holder.reinvoke_L(java.lang.Object, int, int, java.lang.Object, java.lang.Object, java.lang.Object)'> (0x0000000087ef8dd8) thrown at [./src/hotspot/share/interpreter/linkResolver.cpp, line 773]
Event: 8.187 Thread 0x0000016bfcac8800 Exception <a 'java/lang/NoSuchMethodError'{0x00000000872d47c0}: 'int java.lang.invoke.DirectMethodHandle$Holder.invokeInterface(java.lang.Object, java.lang.Object, java.lang.Object, java.lang.Object)'> (0x00000000872d47c0) thrown at [./src/hotspot/share/interpreter/linkResolver.cpp, line 773]

Events (20 events):
Event: 8.357 loading class com/android/tools/analytics/HostData$garbageCollectorBeans$2
Event: 8.357 loading class com/android/tools/analytics/HostData$garbageCollectorBeans$2 done
Event: 8.358 loading class com/android/tools/analytics/HostData$threadBean$2
Event: 8.358 loading class com/android/tools/analytics/HostData$threadBean$2 done
Event: 8.358 loading class java/util/stream/ReduceOps$2
Event: 8.358 loading class java/util/stream/ReduceOps$2 done
Event: 8.358 loading class java/util/stream/ReduceOps$2ReducingSink
Event: 8.359 loading class java/util/stream/ReduceOps$2ReducingSink done
Event: 8.359 loading class java/lang/management/ClassLoadingMXBean
Event: 8.359 loading class java/lang/management/ClassLoadingMXBean done
Event: 8.359 loading class sun/management/ClassLoadingImpl
Event: 8.359 loading class sun/management/ClassLoadingImpl done
Event: 8.360 loading class com/google/wireless/android/sdk/stats/JavaProcessStats$1
Event: 8.360 loading class com/google/wireless/android/sdk/stats/JavaProcessStats$1 done
Event: 8.361 loading class com/google/wireless/android/sdk/stats/JavaProcessStats$Builder
Event: 8.361 loading class com/google/wireless/android/sdk/stats/JavaProcessStats$Builder done
Event: 8.363 loading class com/google/wireless/android/sdk/stats/GarbageCollectionStats
Event: 8.363 loading class com/google/wireless/android/sdk/stats/GarbageCollectionStats done
Event: 8.364 loading class com/google/wireless/android/sdk/stats/GarbageCollectionStatsOrBuilder
Event: 8.364 loading class com/google/wireless/android/sdk/stats/GarbageCollectionStatsOrBuilder done


Dynamic libraries:
0x00007ff690fd0000 - 0x00007ff690fda000 	C:\Program Files\Android\Android Studio\jre\bin\java.exe
0x00007fff77d90000 - 0x00007fff77f85000 	C:\WINDOWS\SYSTEM32\ntdll.dll
0x00007fff76170000 - 0x00007fff7622e000 	C:\WINDOWS\System32\KERNEL32.DLL
0x00007fff754b0000 - 0x00007fff75778000 	C:\WINDOWS\System32\KERNELBASE.dll
0x00007fff72cf0000 - 0x00007fff72d80000 	C:\WINDOWS\SYSTEM32\apphelp.dll
0x00007fff758e0000 - 0x00007fff759e0000 	C:\WINDOWS\System32\ucrtbase.dll
0x00007fff5b360000 - 0x00007fff5b379000 	C:\Program Files\Android\Android Studio\jre\bin\jli.dll
0x00007fff5ee70000 - 0x00007fff5ee87000 	C:\Program Files\Android\Android Studio\jre\bin\VCRUNTIME140.dll
0x00007fff75e40000 - 0x00007fff75fe1000 	C:\WINDOWS\System32\USER32.dll
0x00007fff5fa10000 - 0x00007fff5fcaa000 	C:\WINDOWS\WinSxS\amd64_microsoft.windows.common-controls_6595b64144ccf1df_6.0.19041.1110_none_60b5254171f9507e\COMCTL32.dll
0x00007fff75d30000 - 0x00007fff75d52000 	C:\WINDOWS\System32\win32u.dll
0x00007fff76710000 - 0x00007fff7673b000 	C:\WINDOWS\System32\GDI32.dll
0x00007fff76fd0000 - 0x00007fff7706e000 	C:\WINDOWS\System32\msvcrt.dll
0x00007fff75a70000 - 0x00007fff75b7b000 	C:\WINDOWS\System32\gdi32full.dll
0x00007fff75be0000 - 0x00007fff75c7d000 	C:\WINDOWS\System32\msvcp_win.dll
0x00007fff76120000 - 0x00007fff76150000 	C:\WINDOWS\System32\IMM32.DLL
0x00007fff48090000 - 0x00007fff4812d000 	C:\Program Files\Android\Android Studio\jre\bin\msvcp140.dll
0x00007fff019f0000 - 0x00007fff024bf000 	C:\Program Files\Android\Android Studio\jre\bin\server\jvm.dll
0x00007fff76f20000 - 0x00007fff76fcc000 	C:\WINDOWS\System32\ADVAPI32.dll
0x00007fff762b0000 - 0x00007fff7634b000 	C:\WINDOWS\System32\sechost.dll
0x00007fff77a10000 - 0x00007fff77b3a000 	C:\WINDOWS\System32\RPCRT4.dll
0x00007fff77a00000 - 0x00007fff77a08000 	C:\WINDOWS\System32\PSAPI.DLL
0x00007fff6b9f0000 - 0x00007fff6ba17000 	C:\WINDOWS\SYSTEM32\WINMM.dll
0x00007fff5c8e0000 - 0x00007fff5c8e9000 	C:\WINDOWS\SYSTEM32\WSOCK32.dll
0x00007fff6eb30000 - 0x00007fff6eb3a000 	C:\WINDOWS\SYSTEM32\VERSION.dll
0x00007fff778e0000 - 0x00007fff7794b000 	C:\WINDOWS\System32\WS2_32.dll
0x00007fff73370000 - 0x00007fff73382000 	C:\WINDOWS\SYSTEM32\kernel.appcore.dll
0x00007fff5c7d0000 - 0x00007fff5c7e1000 	C:\Program Files\Android\Android Studio\jre\bin\verify.dll
0x00007fff61390000 - 0x00007fff61574000 	C:\WINDOWS\SYSTEM32\DBGHELP.DLL
0x00007fff5c8f0000 - 0x00007fff5c91c000 	C:\WINDOWS\SYSTEM32\dbgcore.DLL
0x00007fff759e0000 - 0x00007fff75a63000 	C:\WINDOWS\System32\bcryptPrimitives.dll
0x00007fff5ae20000 - 0x00007fff5ae49000 	C:\Program Files\Android\Android Studio\jre\bin\java.dll
0x00007fff5c8d0000 - 0x00007fff5c8db000 	C:\Program Files\Android\Android Studio\jre\bin\jimage.dll
0x00007fff59490000 - 0x00007fff594a8000 	C:\Program Files\Android\Android Studio\jre\bin\zip.dll
0x00007fff77070000 - 0x00007fff777af000 	C:\WINDOWS\System32\SHELL32.dll
0x00007fff73570000 - 0x00007fff73d00000 	C:\WINDOWS\SYSTEM32\windows.storage.dll
0x00007fff763b0000 - 0x00007fff76705000 	C:\WINDOWS\System32\combase.dll
0x00007fff74e30000 - 0x00007fff74e5e000 	C:\WINDOWS\SYSTEM32\Wldp.dll
0x00007fff76e70000 - 0x00007fff76f1d000 	C:\WINDOWS\System32\SHCORE.dll
0x00007fff76350000 - 0x00007fff763a5000 	C:\WINDOWS\System32\shlwapi.dll
0x00007fff753f0000 - 0x00007fff7540f000 	C:\WINDOWS\SYSTEM32\profapi.dll
0x00007fff59470000 - 0x00007fff5948a000 	C:\Program Files\Android\Android Studio\jre\bin\net.dll
0x00007fff64330000 - 0x00007fff6443c000 	C:\WINDOWS\SYSTEM32\WINHTTP.dll
0x00007fff74b40000 - 0x00007fff74baa000 	C:\WINDOWS\system32\mswsock.dll
0x00007fff59400000 - 0x00007fff59414000 	C:\Program Files\Android\Android Studio\jre\bin\nio.dll
0x00007fff587a0000 - 0x00007fff587c7000 	C:\Users\souvik dey\.gradle\native\8bec1ad78214c89d9ad589b4d07fe93259594b29d510b10fafb7a158f7737e5d\windows-amd64\native-platform.dll
0x00007fff4b710000 - 0x00007fff4b84d000 	C:\Users\souvik dey\.gradle\native\53dbd7edfb1c66fb8903c78663c9afc45aea4f116125fa6feffd364cf09443e8\windows-amd64\native-platform-file-events.dll
0x00007fff5c890000 - 0x00007fff5c89a000 	C:\Program Files\Android\Android Studio\jre\bin\management.dll
0x00007fff593f0000 - 0x00007fff593fc000 	C:\Program Files\Android\Android Studio\jre\bin\management_ext.dll
0x00007fff74d00000 - 0x00007fff74d18000 	C:\WINDOWS\SYSTEM32\CRYPTSP.dll
0x00007fff744d0000 - 0x00007fff74504000 	C:\WINDOWS\system32\rsaenh.dll
0x00007fff75d60000 - 0x00007fff75d87000 	C:\WINDOWS\System32\bcrypt.dll
0x00007fff75370000 - 0x00007fff7539e000 	C:\WINDOWS\SYSTEM32\USERENV.dll
0x00007fff74d20000 - 0x00007fff74d2c000 	C:\WINDOWS\SYSTEM32\CRYPTBASE.dll
0x00007fff74850000 - 0x00007fff7488b000 	C:\WINDOWS\SYSTEM32\IPHLPAPI.DLL
0x00007fff75ff0000 - 0x00007fff75ff8000 	C:\WINDOWS\System32\NSI.dll
0x00007fff6bb30000 - 0x00007fff6bb47000 	C:\WINDOWS\SYSTEM32\dhcpcsvc6.DLL
0x00007fff6d8b0000 - 0x00007fff6d8cd000 	C:\WINDOWS\SYSTEM32\dhcpcsvc.DLL
0x00007fff74890000 - 0x00007fff7495b000 	C:\WINDOWS\SYSTEM32\DNSAPI.dll

dbghelp: loaded successfully - version: 4.0.5 - missing functions: none
symbol engine: initialized successfully - sym options: 0x614 - pdb path: .;C:\Program Files\Android\Android Studio\jre\bin;C:\WINDOWS\SYSTEM32;C:\WINDOWS\WinSxS\amd64_microsoft.windows.common-controls_6595b64144ccf1df_6.0.19041.1110_none_60b5254171f9507e;C:\Program Files\Android\Android Studio\jre\bin\server;C:\Users\souvik dey\.gradle\native\8bec1ad78214c89d9ad589b4d07fe93259594b29d510b10fafb7a158f7737e5d\windows-amd64;C:\Users\souvik dey\.gradle\native\53dbd7edfb1c66fb8903c78663c9afc45aea4f116125fa6feffd364cf09443e8\windows-amd64

VM Arguments:
jvm_args: --add-opens=java.base/java.util=ALL-UNNAMED --add-opens=java.base/java.lang=ALL-UNNAMED --add-opens=java.base/java.lang.invoke=ALL-UNNAMED --add-opens=java.base/java.util=ALL-UNNAMED --add-opens=java.prefs/java.util.prefs=ALL-UNNAMED --add-opens=java.prefs/java.util.prefs=ALL-UNNAMED --add-opens=java.base/java.nio.charset=ALL-UNNAMED --add-opens=java.base/java.net=ALL-UNNAMED --add-opens=java.base/java.util.concurrent.atomic=ALL-UNNAMED -Xmx2048m -Dfile.encoding=UTF-8 -Duser.country=IN -Duser.language=en -Duser.variant 
java_command: org.gradle.launcher.daemon.bootstrap.GradleDaemon 7.0.2
java_class_path (initial): C:\Users\souvik dey\.gradle\wrapper\dists\gradle-7.0.2-bin\857tjihv64xamwrf0h14cai3r\gradle-7.0.2\lib\gradle-launcher-7.0.2.jar
Launcher Type: SUN_STANDARD

[Global flags]
     intx CICompilerCount                          = 4                                         {product} {ergonomic}
     uint ConcGCThreads                            = 2                                         {product} {ergonomic}
     uint G1ConcRefinementThreads                  = 8                                         {product} {ergonomic}
   size_t G1HeapRegionSize                         = 1048576                                   {product} {ergonomic}
    uintx GCDrainStackTargetSize                   = 64                                        {product} {ergonomic}
   size_t InitialHeapSize                          = 100663296                                 {product} {ergonomic}
   size_t MarkStackSize                            = 4194304                                   {product} {ergonomic}
   size_t MaxHeapSize                              = 2147483648                                {product} {command line}
   size_t MaxNewSize                               = 1287651328                                {product} {ergonomic}
   size_t MinHeapDeltaBytes                        = 1048576                                   {product} {ergonomic}
    uintx NonNMethodCodeHeapSize                   = 5836300                                {pd product} {ergonomic}
    uintx NonProfiledCodeHeapSize                  = 122910970                              {pd product} {ergonomic}
    uintx ProfiledCodeHeapSize                     = 122910970                              {pd product} {ergonomic}
    uintx ReservedCodeCacheSize                    = 251658240                              {pd product} {ergonomic}
     bool SegmentedCodeCache                       = true                                      {product} {ergonomic}
     bool UseCompressedClassPointers               = true                                 {lp64_product} {ergonomic}
     bool UseCompressedOops                        = true                                 {lp64_product} {ergonomic}
     bool UseG1GC                                  = true                                      {product} {ergonomic}
     bool UseLargePagesIndividualAllocation        = false                                  {pd product} {ergonomic}

Logging:
Log output configuration:
 #0: stdout all=warning uptime,level,tags
 #1: stderr all=off uptime,level,tags

Environment Variables:
PATH=C:\python 3.9.1\Scripts\;C:\python 3.9.1\;C:\WINDOWS\system32;C:\WINDOWS;C:\WINDOWS\System32\Wbem;C:\WINDOWS\System32\WindowsPowerShell\v1.0\;C:\WINDOWS\System32\OpenSSH\;C:\MinGW\bin;C:\Program Files\Git\cmd;C:\Users\souvik dey\AppData\Local\Microsoft\WindowsApps;C:\Users\souvik dey\AppData\Local\atom\bin
USERNAME=souvik dey
OS=Windows_NT
PROCESSOR_IDENTIFIER=AMD64 Family 23 Model 24 Stepping 1, AuthenticAMD



---------------  S Y S T E M  ---------------

OS: Windows 10 , 64 bit Build 19041 (10.0.19041.1348)
OS uptime: 18 days 22:56 hours
Hyper-V role detected

CPU:total 8 (initial active 8) (8 cores per cpu, 2 threads per core) family 23 model 24 stepping 1 microcode 0x0, cmov, cx8, fxsr, mmx, sse, sse2, sse3, ssse3, sse4.1, sse4.2, popcnt, avx, avx2, aes, clmul, mmxext, 3dnowpref, lzcnt, sse4a, ht, tsc, tscinvbit, tscinv, bmi1, bmi2, adx, s

Memory: 4k page, system-wide physical 6058M (499M free)
TotalPageFile size 24490M (AvailPageFile size 4M)
current process WorkingSet (physical memory assigned to process): 335M, peak: 335M
current process commit charge ("private bytes"): 370M, peak: 371M

vm_info: OpenJDK 64-Bit Server VM (11.0.10+0-b96-7249189) for windows-amd64 JRE (11.0.10+0-b96-7249189), built on Mar 31 2021 21:44:00 by "builder" with MS VC++ 14.0 (VS2015)

END.
