#
# There is insufficient memory for the Java Runtime Environment to continue.
# Native memory allocation (mmap) failed to map 60817408 bytes for Failed to commit area from 0x000000008f000000 to 0x0000000092a00000 of length 60817408.
# Possible reasons:
#   The system is out of physical RAM or swap space
#   The process is running with CompressedOops enabled, and the Java Heap may be blocking the growth of the native heap
# Possible solutions:
#   Reduce memory load on the system
#   Increase physical memory or swap space
#   Check if swap backing store is full
#   Decrease Java heap size (-Xmx/-Xms)
#   Decrease number of Java threads
#   Decrease Java thread stack sizes (-Xss)
#   Set larger code cache with -XX:ReservedCodeCacheSize=
#   JVM is running with Unscaled Compressed Oops mode in which the Java heap is
#     placed in the first 4GB address space. The Java Heap base address is the
#     maximum limit for the native heap growth. Please use -XX:HeapBaseMinAddress
#     to set the Java Heap base and to place the Java Heap above 4GB virtual address.
# This output file may be truncated or incomplete.
#
#  Out of Memory Error (./src/hotspot/os/windows/os_windows.cpp:3301), pid=13136, tid=2436
#
# JRE version: OpenJDK Runtime Environment (11.0.10) (build 11.0.10+0-b96-7249189)
# Java VM: OpenJDK 64-Bit Server VM (11.0.10+0-b96-7249189, mixed mode, tiered, compressed oops, g1 gc, windows-amd64)
# No core dump will be written. Minidumps are not enabled by default on client versions of Windows
#

---------------  S U M M A R Y ------------

Command Line: --add-opens=java.base/java.util=ALL-UNNAMED --add-opens=java.base/java.lang=ALL-UNNAMED --add-opens=java.base/java.lang.invoke=ALL-UNNAMED --add-opens=java.base/java.util=ALL-UNNAMED --add-opens=java.prefs/java.util.prefs=ALL-UNNAMED --add-opens=java.prefs/java.util.prefs=ALL-UNNAMED --add-opens=java.base/java.nio.charset=ALL-UNNAMED --add-opens=java.base/java.net=ALL-UNNAMED --add-opens=java.base/java.util.concurrent.atomic=ALL-UNNAMED -Xmx2048m -Dfile.encoding=UTF-8 -Duser.country=IN -Duser.language=en -Duser.variant org.gradle.launcher.daemon.bootstrap.GradleDaemon 7.0.2

Host: AMD Ryzen 5 3500U with Radeon Vega Mobile Gfx  , 8 cores, 5G,  Windows 10 , 64 bit Build 19041 (10.0.19041.1348)
Time: Sat Dec  4 18:02:09 2021 India Standard Time elapsed time: 64.900310 seconds (0d 0h 1m 4s)

---------------  T H R E A D  ---------------

Current thread (0x000001f7de9c0800):  VMThread "VM Thread" [stack: 0x00000015e6100000,0x00000015e6200000] [id=2436]

Stack: [0x00000015e6100000,0x00000015e6200000]
[error occurred during error reporting (printing stack bounds), id 0xc0000005, EXCEPTION_ACCESS_VIOLATION (0xc0000005) at pc=0x000001f7c78b0f2d]

Native frames: (J=compiled Java code, j=interpreted, Vv=VM code, C=native code)
V  [jvm.dll+0x5ecfaa]
V  [jvm.dll+0x722bd5]
V  [jvm.dll+0x72412d]
V  [jvm.dll+0x724745]
V  [jvm.dll+0x7246fb]
V  [jvm.dll+0x5ec348]
V  [jvm.dll+0x5ecad8]
C  [ntdll.dll+0xa20cf]
C  [ntdll.dll+0x51454]
C  [ntdll.dll+0xa0bfe]
C  0x000001f7c78b0f2d

VM_Operation (0x00000015eaafc750): G1CollectForAllocation, mode: safepoint, requested by thread 0x000001f7e2bce000


---------------  P R O C E S S  ---------------

Threads class SMR info:
_java_thread_list=0x000001f7e5342160, length=87, elements={
0x000001f7c3db9000, 0x000001f7de9c7000, 0x000001f7de9d2800, 0x000001f7de9e2000,
0x000001f7de9e4000, 0x000001f7de9e5000, 0x000001f7de9e8800, 0x000001f7de9fc000,
0x000001f7dea05800, 0x000001f7df4a6000, 0x000001f7e0eb0800, 0x000001f7e0759800,
0x000001f7e09f6000, 0x000001f7e05ec800, 0x000001f7e1c72800, 0x000001f7e1c2d800,
0x000001f7e1c86000, 0x000001f7e1c22000, 0x000001f7e0e91800, 0x000001f7e0e93000,
0x000001f7e0e92000, 0x000001f7e0e95800, 0x000001f7e0e96800, 0x000001f7e0e94000,
0x000001f7e0e97000, 0x000001f7e0e94800, 0x000001f7e0e98000, 0x000001f7e54fc000,
0x000001f7e54fd000, 0x000001f7e54f7800, 0x000001f7e54f9000, 0x000001f7e54fe000,
0x000001f7e54fe800, 0x000001f7e54ff800, 0x000001f7e54fa000, 0x000001f7e5500800,
0x000001f7e54fa800, 0x000001f7e5501000, 0x000001f7e5504800, 0x000001f7e5505000,
0x000001f7e5506000, 0x000001f7e5502000, 0x000001f7e5503000, 0x000001f7e5503800,
0x000001f7e2fd2000, 0x000001f7e2fcd000, 0x000001f7e2fd0800, 0x000001f7e2fce000,
0x000001f7e2fce800, 0x000001f7e2fcf800, 0x000001f7e2fd1000, 0x000001f7e2fcc000,
0x000001f7e2fd7000, 0x000001f7e2fd5000, 0x000001f7e2fd6000, 0x000001f7e2fd3800,
0x000001f7e2fd4800, 0x000001f7e2fd7800, 0x000001f7e2fd8800, 0x000001f7e2fd2800,
0x000001f7e2fd9000, 0x000001f7e2fda000, 0x000001f7e2fdb000, 0x000001f7e2bce000,
0x000001f7e2bc9000, 0x000001f7e2bd0800, 0x000001f7e2bcb000, 0x000001f7e2bcd800,
0x000001f7e2bcf000, 0x000001f7e2bd0000, 0x000001f7e2bd1800, 0x000001f7e2bcb800,
0x000001f7e2bd2000, 0x000001f7e2bcc800, 0x000001f7e2bd7000, 0x000001f7e2bd4000,
0x000001f7e2bca000, 0x000001f7e2bd4800, 0x000001f7e2bd5800, 0x000001f7e2bd8000,
0x000001f7e2bd3000, 0x000001f7e2bd6800, 0x000001f7df932800, 0x000001f7df934000,
0x000001f7df933000, 0x000001f7df931800, 0x000001f7df930800
}

Java Threads: ( => current thread )
  0x000001f7c3db9000 JavaThread "main" [_thread_blocked, id=15244, stack(0x00000015e5b00000,0x00000015e5c00000)]
  0x000001f7de9c7000 JavaThread "Reference Handler" daemon [_thread_blocked, id=16428, stack(0x00000015e6200000,0x00000015e6300000)]
  0x000001f7de9d2800 JavaThread "Finalizer" daemon [_thread_blocked, id=1928, stack(0x00000015e6300000,0x00000015e6400000)]
  0x000001f7de9e2000 JavaThread "Signal Dispatcher" daemon [_thread_blocked, id=4928, stack(0x00000015e6400000,0x00000015e6500000)]
  0x000001f7de9e4000 JavaThread "Attach Listener" daemon [_thread_blocked, id=13576, stack(0x00000015e6500000,0x00000015e6600000)]
  0x000001f7de9e5000 JavaThread "Service Thread" daemon [_thread_blocked, id=10784, stack(0x00000015e6600000,0x00000015e6700000)]
  0x000001f7de9e8800 JavaThread "C2 CompilerThread0" daemon [_thread_in_native, id=17624, stack(0x00000015e6700000,0x00000015e6800000)]
  0x000001f7de9fc000 JavaThread "C1 CompilerThread0" daemon [_thread_blocked, id=1368, stack(0x00000015e6800000,0x00000015e6900000)]
  0x000001f7dea05800 JavaThread "Sweeper thread" daemon [_thread_blocked, id=8572, stack(0x00000015e6900000,0x00000015e6a00000)]
  0x000001f7df4a6000 JavaThread "Common-Cleaner" daemon [_thread_blocked, id=11260, stack(0x00000015e6a00000,0x00000015e6b00000)]
  0x000001f7e0eb0800 JavaThread "Daemon health stats" [_thread_blocked, id=16160, stack(0x00000015e6e00000,0x00000015e6f00000)]
  0x000001f7e0759800 JavaThread "Incoming local TCP Connector on port 56404" [_thread_in_native, id=5056, stack(0x00000015e6c00000,0x00000015e6d00000)]
  0x000001f7e09f6000 JavaThread "Daemon periodic checks" [_thread_blocked, id=19476, stack(0x00000015e7100000,0x00000015e7200000)]
  0x000001f7e05ec800 JavaThread "Daemon" [_thread_blocked, id=11256, stack(0x00000015e7200000,0x00000015e7300000)]
  0x000001f7e1c72800 JavaThread "Handler for socket connection from /127.0.0.1:56404 to /127.0.0.1:56405" [_thread_in_native, id=18180, stack(0x00000015e7300000,0x00000015e7400000)]
  0x000001f7e1c2d800 JavaThread "Cancel handler" [_thread_blocked, id=21156, stack(0x00000015e7400000,0x00000015e7500000)]
  0x000001f7e1c86000 JavaThread "Daemon worker" [_thread_blocked, id=17348, stack(0x00000015e7500000,0x00000015e7600000)]
  0x000001f7e1c22000 JavaThread "Asynchronous log dispatcher for DefaultDaemonConnection: socket connection from /127.0.0.1:56404 to /127.0.0.1:56405" [_thread_blocked, id=15620, stack(0x00000015e7600000,0x00000015e7700000)]
  0x000001f7e0e91800 JavaThread "Daemon client event forwarder" [_thread_blocked, id=10380, stack(0x00000015e7800000,0x00000015e7900000)]
  0x000001f7e0e93000 JavaThread "Cache worker for file hash cache (C:\Users\souvik dey\.gradle\caches\7.0.2\fileHashes)" [_thread_blocked, id=17744, stack(0x00000015e7900000,0x00000015e7a00000)]
  0x000001f7e0e92000 JavaThread "File lock request listener" [_thread_in_native, id=10256, stack(0x00000015e7a00000,0x00000015e7b00000)]
  0x000001f7e0e95800 JavaThread "Cache worker for journal cache (C:\Users\souvik dey\.gradle\caches\journal-1)" [_thread_blocked, id=5480, stack(0x00000015e8000000,0x00000015e8100000)]
  0x000001f7e0e96800 JavaThread "Cache worker for file hash cache (E:\my programming\android projects\EasyDRAW\.gradle\7.0.2\fileHashes)" [_thread_blocked, id=12872, stack(0x00000015e8200000,0x00000015e8300000)]
  0x000001f7e0e94000 JavaThread "File watcher server" daemon [_thread_blocked, id=12060, stack(0x00000015e8300000,0x00000015e8400000)]
  0x000001f7e0e97000 JavaThread "File watcher consumer" daemon [_thread_blocked, id=10600, stack(0x00000015e8400000,0x00000015e8500000)]
  0x000001f7e0e94800 JavaThread "Cache worker for checksums cache (E:\my programming\android projects\EasyDRAW\.gradle\checksums)" [_thread_blocked, id=19628, stack(0x00000015e8500000,0x00000015e8600000)]
  0x000001f7e0e98000 JavaThread "Cache worker for cache directory md-supplier (C:\Users\souvik dey\.gradle\caches\7.0.2\md-supplier)" [_thread_blocked, id=15312, stack(0x00000015e8600000,0x00000015e8700000)]
  0x000001f7e54fc000 JavaThread "Cache worker for cache directory md-rule (C:\Users\souvik dey\.gradle\caches\7.0.2\md-rule)" [_thread_blocked, id=21480, stack(0x00000015e8700000,0x00000015e8800000)]
  0x000001f7e54fd000 JavaThread "Cache worker for execution history cache (C:\Users\souvik dey\.gradle\caches\7.0.2\executionHistory)" [_thread_blocked, id=12296, stack(0x00000015e8800000,0x00000015e8900000)]
  0x000001f7e54f7800 JavaThread "jar transforms" [_thread_blocked, id=18716, stack(0x00000015e8900000,0x00000015e8a00000)]
  0x000001f7e54f9000 JavaThread "jar transforms Thread 2" [_thread_blocked, id=21424, stack(0x00000015e8a00000,0x00000015e8b00000)]
  0x000001f7e54fe000 JavaThread "Cache worker for file content cache (C:\Users\souvik dey\.gradle\caches\7.0.2\fileContent)" [_thread_blocked, id=13196, stack(0x00000015e8b00000,0x00000015e8c00000)]
  0x000001f7e54fe800 JavaThread "Cache worker for dependencies-accessors (E:\my programming\android projects\EasyDRAW\.gradle\7.0.2\dependencies-accessors)" [_thread_blocked, id=20132, stack(0x00000015e8c00000,0x00000015e8d00000)]
  0x000001f7e54ff800 JavaThread "jar transforms Thread 3" [_thread_blocked, id=13508, stack(0x00000015e8d00000,0x00000015e8e00000)]
  0x000001f7e54fa000 JavaThread "Cache worker for Build Output Cleanup Cache (E:\my programming\android projects\EasyDRAW\.gradle\buildOutputCleanup)" [_thread_blocked, id=14168, stack(0x00000015e8e00000,0x00000015e8f00000)]
  0x000001f7e5500800 JavaThread "Build operations" [_thread_blocked, id=20212, stack(0x00000015e8f00000,0x00000015e9000000)]
  0x000001f7e54fa800 JavaThread "Build operations Thread 2" [_thread_blocked, id=7320, stack(0x00000015e9000000,0x00000015e9100000)]
  0x000001f7e5501000 JavaThread "Build operations Thread 3" [_thread_blocked, id=14636, stack(0x00000015e9100000,0x00000015e9200000)]
  0x000001f7e5504800 JavaThread "Build operations Thread 4" [_thread_blocked, id=13564, stack(0x00000015e9200000,0x00000015e9300000)]
  0x000001f7e5505000 JavaThread "Build operations Thread 5" [_thread_blocked, id=18120, stack(0x00000015e9300000,0x00000015e9400000)]
  0x000001f7e5506000 JavaThread "Build operations Thread 6" [_thread_blocked, id=18084, stack(0x00000015e9400000,0x00000015e9500000)]
  0x000001f7e5502000 JavaThread "Build operations Thread 7" [_thread_blocked, id=16964, stack(0x00000015e9500000,0x00000015e9600000)]
  0x000001f7e5503000 JavaThread "Build operations Thread 8" [_thread_blocked, id=4232, stack(0x00000015e9600000,0x00000015e9700000)]
  0x000001f7e5503800 JavaThread "jar transforms Thread 4" [_thread_blocked, id=788, stack(0x00000015e9700000,0x00000015e9800000)]
  0x000001f7e2fd2000 JavaThread "jar transforms Thread 5" [_thread_blocked, id=20784, stack(0x00000015e9800000,0x00000015e9900000)]
  0x000001f7e2fcd000 JavaThread "jar transforms Thread 6" [_thread_blocked, id=2932, stack(0x00000015e9900000,0x00000015e9a00000)]
  0x000001f7e2fd0800 JavaThread "jar transforms Thread 7" [_thread_blocked, id=15028, stack(0x00000015e9a00000,0x00000015e9b00000)]
  0x000001f7e2fce000 JavaThread "jar transforms Thread 8" [_thread_blocked, id=17284, stack(0x00000015e9b00000,0x00000015e9c00000)]
  0x000001f7e2fce800 JavaThread "Memory manager" [_thread_blocked, id=9460, stack(0x00000015e8100000,0x00000015e8200000)]
  0x000001f7e2fcf800 JavaThread "build event listener" [_thread_blocked, id=7828, stack(0x00000015e9c00000,0x00000015e9d00000)]
  0x000001f7e2fd1000 JavaThread "build event listener" [_thread_blocked, id=12140, stack(0x00000015e9d00000,0x00000015e9e00000)]
  0x000001f7e2fcc000 JavaThread "pool-3-thread-1" [_thread_blocked, id=14344, stack(0x00000015e9e00000,0x00000015e9f00000)]
  0x000001f7e2fd7000 JavaThread "build event listener" [_thread_blocked, id=16640, stack(0x00000015e9f00000,0x00000015ea000000)]
  0x000001f7e2fd5000 JavaThread "Execution worker for ':'" [_thread_blocked, id=16940, stack(0x00000015ea000000,0x00000015ea100000)]
  0x000001f7e2fd6000 JavaThread "Execution worker for ':' Thread 2" [_thread_blocked, id=8204, stack(0x00000015ea100000,0x00000015ea200000)]
  0x000001f7e2fd3800 JavaThread "Execution worker for ':' Thread 3" [_thread_blocked, id=15792, stack(0x00000015ea200000,0x00000015ea300000)]
  0x000001f7e2fd4800 JavaThread "Execution worker for ':' Thread 4" [_thread_blocked, id=10164, stack(0x00000015ea300000,0x00000015ea400000)]
  0x000001f7e2fd7800 JavaThread "Execution worker for ':' Thread 5" [_thread_blocked, id=20204, stack(0x00000015ea400000,0x00000015ea500000)]
  0x000001f7e2fd8800 JavaThread "Execution worker for ':' Thread 6" [_thread_blocked, id=3560, stack(0x00000015ea500000,0x00000015ea600000)]
  0x000001f7e2fd2800 JavaThread "Execution worker for ':' Thread 7" [_thread_blocked, id=3468, stack(0x00000015ea600000,0x00000015ea700000)]
  0x000001f7e2fd9000 JavaThread "Cache worker for execution history cache (E:\my programming\android projects\EasyDRAW\.gradle\7.0.2\executionHistory)" [_thread_blocked, id=7916, stack(0x00000015ea700000,0x00000015ea800000)]
  0x000001f7e2fda000 JavaThread "WorkerExecutor Queue" [_thread_blocked, id=6216, stack(0x00000015ea800000,0x00000015ea900000)]
  0x000001f7e2fdb000 JavaThread "WorkerExecutor Queue Thread 2" [_thread_blocked, id=21220, stack(0x00000015ea900000,0x00000015eaa00000)]
  0x000001f7e2bce000 JavaThread "WorkerExecutor Queue Thread 3" [_thread_blocked, id=4292, stack(0x00000015eaa00000,0x00000015eab00000)]
  0x000001f7e2bc9000 JavaThread "WorkerExecutor Queue Thread 4" [_thread_blocked, id=6832, stack(0x00000015eab00000,0x00000015eac00000)]
  0x000001f7e2bd0800 JavaThread "WorkerExecutor Queue Thread 6" [_thread_blocked, id=20988, stack(0x00000015ead00000,0x00000015eae00000)]
  0x000001f7e2bcb000 JavaThread "pool-4-thread-1" [_thread_blocked, id=18844, stack(0x00000015eae00000,0x00000015eaf00000)]
  0x000001f7e2bcd800 JavaThread "stderr" [_thread_in_native, id=18500, stack(0x00000015eac00000,0x00000015ead00000)]
  0x000001f7e2bcf000 JavaThread "stdout" [_thread_in_native, id=15496, stack(0x00000015eaf00000,0x00000015eb000000)]
  0x000001f7e2bd0000 JavaThread "RMI Scheduler(0)" daemon [_thread_blocked, id=14560, stack(0x00000015eb200000,0x00000015eb300000)]
  0x000001f7e2bd1800 JavaThread "RMI GC Daemon" daemon [_thread_blocked, id=16400, stack(0x00000015eb400000,0x00000015eb500000)]
  0x000001f7e2bcb800 JavaThread "RMI TCP Accept-0" daemon [_thread_in_native, id=11208, stack(0x00000015eb500000,0x00000015eb600000)]
  0x000001f7e2bd2000 JavaThread "RMI Reaper" [_thread_blocked, id=17636, stack(0x00000015eb600000,0x00000015eb700000)]
  0x000001f7e2bcc800 JavaThread "RMI TCP Connection(2)-127.0.0.1" daemon [_thread_in_native, id=9492, stack(0x00000015eb700000,0x00000015eb800000)]
  0x000001f7e2bd7000 JavaThread "Cache worker for Java compile cache (C:\Users\souvik dey\.gradle\caches\7.0.2\javaCompile)" [_thread_blocked, id=4892, stack(0x00000015eb800000,0x00000015eb900000)]
  0x000001f7e2bd4000 JavaThread "Cache worker for Java compile cache (E:\my programming\android projects\EasyDRAW\.gradle\7.0.2\javaCompile)" [_thread_blocked, id=19024, stack(0x00000015eb900000,0x00000015eba00000)]
  0x000001f7e2bca000 JavaThread "WorkerExecutor Queue Thread 7" [_thread_blocked, id=16340, stack(0x00000015eb300000,0x00000015eb400000)]
  0x000001f7e2bd4800 JavaThread "WorkerExecutor Queue Thread 8" [_thread_blocked, id=21436, stack(0x00000015eba00000,0x00000015ebb00000)]
  0x000001f7e2bd5800 JavaThread "WorkerExecutor Queue Thread 9" [_thread_blocked, id=20240, stack(0x00000015ebb00000,0x00000015ebc00000)]
  0x000001f7e2bd8000 JavaThread "ForkJoinPool-1-worker-3" daemon [_thread_blocked, id=19912, stack(0x00000015e5900000,0x00000015e5a00000)]
  0x000001f7e2bd3000 JavaThread "ForkJoinPool-1-worker-5" daemon [_thread_blocked, id=10516, stack(0x00000015e5a00000,0x00000015e5b00000)]
  0x000001f7e2bd6800 JavaThread "ForkJoinPool-1-worker-7" daemon [_thread_blocked, id=20364, stack(0x00000015ebc00000,0x00000015ebd00000)]
  0x000001f7df932800 JavaThread "ForkJoinPool-1-worker-9" daemon [_thread_blocked, id=13660, stack(0x00000015ebd00000,0x00000015ebe00000)]
  0x000001f7df934000 JavaThread "ForkJoinPool-1-worker-11" daemon [_thread_blocked, id=17180, stack(0x00000015ebe00000,0x00000015ebf00000)]
  0x000001f7df933000 JavaThread "ForkJoinPool-1-worker-13" daemon [_thread_blocked, id=840, stack(0x00000015ebf00000,0x00000015ec000000)]
  0x000001f7df931800 JavaThread "ForkJoinPool-1-worker-15" daemon [_thread_blocked, id=11068, stack(0x00000015ec000000,0x00000015ec100000)]
  0x000001f7df930800 JavaThread "ForkJoinPool-1-worker-1" daemon [_thread_blocked, id=10852, stack(0x00000015ec100000,0x00000015ec200000)]

Other Threads:
=>0x000001f7de9c0800 VMThread "VM Thread" [stack: 0x00000015e6100000,0x00000015e6200000] [id=2436]
  0x000001f7df4ea800 WatcherThread [stack: 0x00000015e6b00000,0x00000015e6c00000] [id=16260]
  0x000001f7c3dd3800 GCTaskThread "GC Thread#0" [stack: 0x00000015e5c00000,0x00000015e5d00000] [id=1752]
  0x000001f7dff28800 GCTaskThread "GC Thread#1" [stack: 0x00000015e6d00000,0x00000015e6e00000] [id=21324]
  0x000001f7e1e8f800 GCTaskThread "GC Thread#2" [stack: 0x00000015e6f00000,0x00000015e7000000] [id=17540]
  0x000001f7e1778800 GCTaskThread "GC Thread#3" [stack: 0x00000015e7000000,0x00000015e7100000] [id=14684]
  0x000001f7e0657000 GCTaskThread "GC Thread#4" [stack: 0x00000015e7b00000,0x00000015e7c00000] [id=11932]
  0x000001f7e07f2000 GCTaskThread "GC Thread#5" [stack: 0x00000015e7c00000,0x00000015e7d00000] [id=11960]
  0x000001f7e15d0800 GCTaskThread "GC Thread#6" [stack: 0x00000015e7d00000,0x00000015e7e00000] [id=3852]
  0x000001f7e0412000 GCTaskThread "GC Thread#7" [stack: 0x00000015e7e00000,0x00000015e7f00000] [id=19264]
  0x000001f7c3e03000 ConcurrentGCThread "G1 Main Marker" [stack: 0x00000015e5d00000,0x00000015e5e00000] [id=18132]
  0x000001f7c3e04800 ConcurrentGCThread "G1 Conc#0" [stack: 0x00000015e5e00000,0x00000015e5f00000] [id=9712]
  0x000001f7e0416000 ConcurrentGCThread "G1 Conc#1" [stack: 0x00000015e7f00000,0x00000015e8000000] [id=18012]
  0x000001f7c3e8a000 ConcurrentGCThread "G1 Refine#0" [stack: 0x00000015e5f00000,0x00000015e6000000] [id=2192]
  0x000001f7e1e43800 ConcurrentGCThread "G1 Refine#1" [stack: 0x00000015ec200000,0x00000015ec300000] [id=21192]
  0x000001f7e1e48800 ConcurrentGCThread "G1 Refine#2" [stack: 0x00000015ec300000,0x00000015ec400000] [id=16172]
  0x000001f7c3e8b000 ConcurrentGCThread "G1 Young RemSet Sampling" [stack: 0x00000015e6000000,0x00000015e6100000] [id=2120]

Threads with active compile tasks:
C2 CompilerThread0  64936 15418       4       com.android.tools.r8.code.w1::a (4137 bytes)

VM state:at safepoint (normal execution)

VM Mutex/Monitor currently owned by a thread:  ([mutex/lock_event])
[0x000001f7c3db53a0] Threads_lock - owner thread: 0x000001f7de9c0800
[0x000001f7c3db65a0] Heap_lock - owner thread: 0x000001f7e2bce000

Heap address: 0x0000000080000000, size: 2048 MB, Compressed Oops mode: 32-bit
Narrow klass base: 0x0000000000000000, Narrow klass shift: 3
Compressed class space size: 1073741824 Address: 0x0000000100000000

Heap:
 garbage-first heap   total 305152K, used 193977K [0x0000000080000000, 0x0000000100000000)
  region size 1024K, 3 young (3072K), 3 survivors (3072K)
 Metaspace       used 114844K, capacity 117947K, committed 119168K, reserved 1153024K
  class space    used 14814K, capacity 15981K, committed 16512K, reserved 1048576K
Heap Regions: E=young(eden), S=young(survivor), O=old, HS=humongous(starts), HC=humongous(continues), CS=collection set, F=free, A=archive, TAMS=top-at-mark-start (previous, next)
|   0|0x0000000080000000, 0x0000000080100000, 0x0000000080100000|100%| O|  |TAMS 0x0000000080100000, 0x0000000080000000| Untracked 
|   1|0x0000000080100000, 0x0000000080200000, 0x0000000080200000|100%| O|  |TAMS 0x0000000080200000, 0x0000000080100000| Complete 
|   2|0x0000000080200000, 0x0000000080300000, 0x0000000080300000|100%| O|  |TAMS 0x0000000080300000, 0x0000000080200000| Untracked 
|   3|0x0000000080300000, 0x0000000080400000, 0x0000000080400000|100%|HS|  |TAMS 0x0000000080400000, 0x0000000080300000| Complete 
|   4|0x0000000080400000, 0x0000000080500000, 0x0000000080500000|100%|HC|  |TAMS 0x0000000080500000, 0x0000000080400000| Complete 
|   5|0x0000000080500000, 0x0000000080600000, 0x0000000080600000|100%|HC|  |TAMS 0x0000000080600000, 0x0000000080500000| Complete 
|   6|0x0000000080600000, 0x0000000080700000, 0x0000000080700000|100%| O|  |TAMS 0x0000000080700000, 0x0000000080600000| Untracked 
|   7|0x0000000080700000, 0x0000000080800000, 0x0000000080800000|100%| O|  |TAMS 0x0000000080800000, 0x0000000080700000| Untracked 
|   8|0x0000000080800000, 0x0000000080900000, 0x0000000080900000|100%| O|  |TAMS 0x0000000080900000, 0x0000000080800000| Untracked 
|   9|0x0000000080900000, 0x0000000080a00000, 0x0000000080a00000|100%| O|  |TAMS 0x0000000080a00000, 0x0000000080900000| Untracked 
|  10|0x0000000080a00000, 0x0000000080b00000, 0x0000000080b00000|100%| O|  |TAMS 0x0000000080b00000, 0x0000000080a00000| Untracked 
|  11|0x0000000080b00000, 0x0000000080c00000, 0x0000000080c00000|100%| O|  |TAMS 0x0000000080c00000, 0x0000000080b00000| Untracked 
|  12|0x0000000080c00000, 0x0000000080d00000, 0x0000000080d00000|100%| O|  |TAMS 0x0000000080d00000, 0x0000000080c00000| Untracked 
|  13|0x0000000080d00000, 0x0000000080e00000, 0x0000000080e00000|100%| O|  |TAMS 0x0000000080e00000, 0x0000000080d00000| Untracked 
|  14|0x0000000080e00000, 0x0000000080f00000, 0x0000000080f00000|100%| O|  |TAMS 0x0000000080f00000, 0x0000000080e00000| Untracked 
|  15|0x0000000080f00000, 0x0000000081000000, 0x0000000081000000|100%| O|  |TAMS 0x0000000081000000, 0x0000000080f00000| Untracked 
|  16|0x0000000081000000, 0x0000000081100000, 0x0000000081100000|100%| O|  |TAMS 0x0000000081100000, 0x0000000081000000| Untracked 
|  17|0x0000000081100000, 0x0000000081200000, 0x0000000081200000|100%|HS|  |TAMS 0x0000000081200000, 0x0000000081100000| Complete 
|  18|0x0000000081200000, 0x0000000081300000, 0x0000000081300000|100%| O|  |TAMS 0x0000000081300000, 0x0000000081200000| Untracked 
|  19|0x0000000081300000, 0x0000000081400000, 0x0000000081400000|100%| O|  |TAMS 0x0000000081400000, 0x0000000081300000| Untracked 
|  20|0x0000000081400000, 0x0000000081500000, 0x0000000081500000|100%| O|  |TAMS 0x0000000081500000, 0x0000000081400000| Untracked 
|  21|0x0000000081500000, 0x0000000081600000, 0x0000000081600000|100%| O|  |TAMS 0x0000000081600000, 0x0000000081500000| Untracked 
|  22|0x0000000081600000, 0x0000000081700000, 0x0000000081700000|100%| O|  |TAMS 0x0000000081700000, 0x0000000081600000| Untracked 
|  23|0x0000000081700000, 0x0000000081800000, 0x0000000081800000|100%| O|  |TAMS 0x0000000081800000, 0x0000000081700000| Untracked 
|  24|0x0000000081800000, 0x0000000081900000, 0x0000000081900000|100%| O|  |TAMS 0x0000000081900000, 0x0000000081800000| Untracked 
|  25|0x0000000081900000, 0x0000000081a00000, 0x0000000081a00000|100%| O|  |TAMS 0x0000000081a00000, 0x0000000081900000| Complete 
|  26|0x0000000081a00000, 0x0000000081b00000, 0x0000000081b00000|100%|HS|  |TAMS 0x0000000081b00000, 0x0000000081a00000| Complete 
|  27|0x0000000081b00000, 0x0000000081c00000, 0x0000000081c00000|100%|HS|  |TAMS 0x0000000081c00000, 0x0000000081b00000| Complete 
|  28|0x0000000081c00000, 0x0000000081d00000, 0x0000000081d00000|100%|HS|  |TAMS 0x0000000081d00000, 0x0000000081c00000| Complete 
|  29|0x0000000081d00000, 0x0000000081e00000, 0x0000000081e00000|100%|HC|  |TAMS 0x0000000081e00000, 0x0000000081d00000| Complete 
|  30|0x0000000081e00000, 0x0000000081f00000, 0x0000000081f00000|100%|HC|  |TAMS 0x0000000081f00000, 0x0000000081e00000| Complete 
|  31|0x0000000081f00000, 0x0000000082000000, 0x0000000082000000|100%|HS|  |TAMS 0x0000000082000000, 0x0000000081f00000| Complete 
|  32|0x0000000082000000, 0x0000000082100000, 0x0000000082100000|100%|HC|  |TAMS 0x0000000082100000, 0x0000000082000000| Complete 
|  33|0x0000000082100000, 0x0000000082200000, 0x0000000082200000|100%| O|  |TAMS 0x0000000082200000, 0x0000000082100000| Untracked 
|  34|0x0000000082200000, 0x0000000082300000, 0x0000000082300000|100%| O|  |TAMS 0x0000000082300000, 0x0000000082200000| Untracked 
|  35|0x0000000082300000, 0x0000000082400000, 0x0000000082400000|100%| O|  |TAMS 0x0000000082400000, 0x0000000082300000| Untracked 
|  36|0x0000000082400000, 0x0000000082500000, 0x0000000082500000|100%| O|  |TAMS 0x0000000082500000, 0x0000000082400000| Untracked 
|  37|0x0000000082500000, 0x0000000082600000, 0x0000000082600000|100%| O|  |TAMS 0x0000000082600000, 0x0000000082500000| Untracked 
|  38|0x0000000082600000, 0x0000000082700000, 0x0000000082700000|100%| O|  |TAMS 0x0000000082700000, 0x0000000082600000| Untracked 
|  39|0x0000000082700000, 0x0000000082800000, 0x0000000082800000|100%| O|  |TAMS 0x0000000082800000, 0x0000000082700000| Untracked 
|  40|0x0000000082800000, 0x0000000082900000, 0x0000000082900000|100%| O|  |TAMS 0x0000000082900000, 0x0000000082800000| Untracked 
|  41|0x0000000082900000, 0x0000000082a00000, 0x0000000082a00000|100%| O|  |TAMS 0x0000000082a00000, 0x0000000082900000| Untracked 
|  42|0x0000000082a00000, 0x0000000082b00000, 0x0000000082b00000|100%| O|  |TAMS 0x0000000082b00000, 0x0000000082a00000| Untracked 
|  43|0x0000000082b00000, 0x0000000082c00000, 0x0000000082c00000|100%| O|  |TAMS 0x0000000082c00000, 0x0000000082b00000| Untracked 
|  44|0x0000000082c00000, 0x0000000082d00000, 0x0000000082d00000|100%| O|  |TAMS 0x0000000082d00000, 0x0000000082c00000| Untracked 
|  45|0x0000000082d00000, 0x0000000082e00000, 0x0000000082e00000|100%| O|  |TAMS 0x0000000082e00000, 0x0000000082d00000| Untracked 
|  46|0x0000000082e00000, 0x0000000082f00000, 0x0000000082f00000|100%| O|  |TAMS 0x0000000082f00000, 0x0000000082e00000| Untracked 
|  47|0x0000000082f00000, 0x0000000083000000, 0x0000000083000000|100%| O|  |TAMS 0x0000000083000000, 0x0000000082f00000| Untracked 
|  48|0x0000000083000000, 0x0000000083100000, 0x0000000083100000|100%| O|  |TAMS 0x0000000083100000, 0x0000000083000000| Untracked 
|  49|0x0000000083100000, 0x0000000083200000, 0x0000000083200000|100%| O|  |TAMS 0x0000000083200000, 0x0000000083100000| Untracked 
|  50|0x0000000083200000, 0x0000000083300000, 0x0000000083300000|100%| O|  |TAMS 0x0000000083300000, 0x0000000083200000| Untracked 
|  51|0x0000000083300000, 0x0000000083400000, 0x0000000083400000|100%| O|  |TAMS 0x0000000083400000, 0x0000000083300000| Complete 
|  52|0x0000000083400000, 0x0000000083500000, 0x0000000083500000|100%| O|  |TAMS 0x0000000083500000, 0x0000000083400000| Untracked 
|  53|0x0000000083500000, 0x0000000083600000, 0x0000000083600000|100%| O|  |TAMS 0x0000000083600000, 0x0000000083500000| Untracked 
|  54|0x0000000083600000, 0x0000000083700000, 0x0000000083700000|100%| O|  |TAMS 0x0000000083700000, 0x0000000083600000| Untracked 
|  55|0x0000000083700000, 0x0000000083800000, 0x0000000083800000|100%| O|  |TAMS 0x0000000083800000, 0x0000000083700000| Complete 
|  56|0x0000000083800000, 0x0000000083900000, 0x0000000083900000|100%| O|  |TAMS 0x0000000083900000, 0x0000000083800000| Complete 
|  57|0x0000000083900000, 0x0000000083a00000, 0x0000000083a00000|100%| O|  |TAMS 0x0000000083a00000, 0x0000000083900000| Complete 
|  58|0x0000000083a00000, 0x0000000083b00000, 0x0000000083b00000|100%| O|  |TAMS 0x0000000083b00000, 0x0000000083a00000| Untracked 
|  59|0x0000000083b00000, 0x0000000083c00000, 0x0000000083c00000|100%| O|  |TAMS 0x0000000083c00000, 0x0000000083b00000| Untracked 
|  60|0x0000000083c00000, 0x0000000083d00000, 0x0000000083d00000|100%| O|  |TAMS 0x0000000083d00000, 0x0000000083c00000| Untracked 
|  61|0x0000000083d00000, 0x0000000083e00000, 0x0000000083e00000|100%| O|  |TAMS 0x0000000083e00000, 0x0000000083d00000| Untracked 
|  62|0x0000000083e00000, 0x0000000083f00000, 0x0000000083f00000|100%| O|  |TAMS 0x0000000083f00000, 0x0000000083e00000| Untracked 
|  63|0x0000000083f00000, 0x0000000084000000, 0x0000000084000000|100%| O|  |TAMS 0x0000000084000000, 0x0000000083f00000| Untracked 
|  64|0x0000000084000000, 0x0000000084100000, 0x0000000084100000|100%| O|  |TAMS 0x0000000084100000, 0x0000000084000000| Complete 
|  65|0x0000000084100000, 0x0000000084200000, 0x0000000084200000|100%| O|  |TAMS 0x0000000084200000, 0x0000000084100000| Untracked 
|  66|0x0000000084200000, 0x0000000084300000, 0x0000000084300000|100%| O|  |TAMS 0x0000000084300000, 0x0000000084200000| Untracked 
|  67|0x0000000084300000, 0x0000000084400000, 0x0000000084400000|100%| O|  |TAMS 0x0000000084400000, 0x0000000084300000| Complete 
|  68|0x0000000084400000, 0x0000000084500000, 0x0000000084500000|100%| O|  |TAMS 0x0000000084500000, 0x0000000084400000| Untracked 
|  69|0x0000000084500000, 0x0000000084600000, 0x0000000084600000|100%| O|  |TAMS 0x0000000084600000, 0x0000000084500000| Untracked 
|  70|0x0000000084600000, 0x0000000084700000, 0x0000000084700000|100%| O|  |TAMS 0x0000000084700000, 0x0000000084600000| Complete 
|  71|0x0000000084700000, 0x0000000084800000, 0x0000000084800000|100%| O|  |TAMS 0x0000000084800000, 0x0000000084700000| Complete 
|  72|0x0000000084800000, 0x0000000084900000, 0x0000000084900000|100%| O|  |TAMS 0x0000000084900000, 0x0000000084800000| Untracked 
|  73|0x0000000084900000, 0x0000000084a00000, 0x0000000084a00000|100%| O|  |TAMS 0x0000000084a00000, 0x0000000084900000| Untracked 
|  74|0x0000000084a00000, 0x0000000084b00000, 0x0000000084b00000|100%| O|  |TAMS 0x0000000084b00000, 0x0000000084a00000| Untracked 
|  75|0x0000000084b00000, 0x0000000084c00000, 0x0000000084c00000|100%| O|  |TAMS 0x0000000084c00000, 0x0000000084b00000| Untracked 
|  76|0x0000000084c00000, 0x0000000084d00000, 0x0000000084d00000|100%| O|  |TAMS 0x0000000084d00000, 0x0000000084c00000| Untracked 
|  77|0x0000000084d00000, 0x0000000084e00000, 0x0000000084e00000|100%| O|  |TAMS 0x0000000084e00000, 0x0000000084d00000| Complete 
|  78|0x0000000084e00000, 0x0000000084f00000, 0x0000000084f00000|100%| O|  |TAMS 0x0000000084f00000, 0x0000000084e00000| Untracked 
|  79|0x0000000084f00000, 0x0000000085000000, 0x0000000085000000|100%| O|  |TAMS 0x0000000085000000, 0x0000000084f00000| Untracked 
|  80|0x0000000085000000, 0x0000000085100000, 0x0000000085100000|100%| O|  |TAMS 0x0000000085100000, 0x0000000085000000| Complete 
|  81|0x0000000085100000, 0x0000000085200000, 0x0000000085200000|100%| O|  |TAMS 0x0000000085200000, 0x0000000085100000| Untracked 
|  82|0x0000000085200000, 0x0000000085300000, 0x0000000085300000|100%| O|  |TAMS 0x0000000085300000, 0x0000000085200000| Complete 
|  83|0x0000000085300000, 0x0000000085400000, 0x0000000085400000|100%| O|  |TAMS 0x0000000085400000, 0x0000000085300000| Complete 
|  84|0x0000000085400000, 0x0000000085500000, 0x0000000085500000|100%| O|  |TAMS 0x00000000854a4c00, 0x0000000085400000| Complete 
|  85|0x0000000085500000, 0x0000000085600000, 0x0000000085600000|100%| O|  |TAMS 0x0000000085600000, 0x0000000085500000| Complete 
|  86|0x0000000085600000, 0x0000000085700000, 0x0000000085700000|100%| O|  |TAMS 0x0000000085700000, 0x0000000085600000| Complete 
|  87|0x0000000085700000, 0x0000000085800000, 0x0000000085800000|100%| O|  |TAMS 0x0000000085800000, 0x0000000085700000| Untracked 
|  88|0x0000000085800000, 0x0000000085900000, 0x0000000085900000|100%| O|  |TAMS 0x0000000085900000, 0x0000000085800000| Complete 
|  89|0x0000000085900000, 0x0000000085a00000, 0x0000000085a00000|100%| O|  |TAMS 0x0000000085a00000, 0x0000000085900000| Complete 
|  90|0x0000000085a00000, 0x0000000085b00000, 0x0000000085b00000|100%| O|  |TAMS 0x0000000085b00000, 0x0000000085a00000| Untracked 
|  91|0x0000000085b00000, 0x0000000085c00000, 0x0000000085c00000|100%| O|  |TAMS 0x0000000085c00000, 0x0000000085b00000| Complete 
|  92|0x0000000085c00000, 0x0000000085d00000, 0x0000000085d00000|100%| O|  |TAMS 0x0000000085d00000, 0x0000000085c00000| Untracked 
|  93|0x0000000085d00000, 0x0000000085e00000, 0x0000000085e00000|100%| O|  |TAMS 0x0000000085e00000, 0x0000000085d00000| Complete 
|  94|0x0000000085e00000, 0x0000000085f00000, 0x0000000085f00000|100%| O|  |TAMS 0x0000000085f00000, 0x0000000085e00000| Untracked 
|  95|0x0000000085f00000, 0x0000000086000000, 0x0000000086000000|100%| O|  |TAMS 0x0000000086000000, 0x0000000085f00000| Untracked 
|  96|0x0000000086000000, 0x0000000086100000, 0x0000000086100000|100%| O|  |TAMS 0x0000000086100000, 0x0000000086000000| Complete 
|  97|0x0000000086100000, 0x0000000086200000, 0x0000000086200000|100%| O|  |TAMS 0x0000000086200000, 0x0000000086100000| Untracked 
|  98|0x0000000086200000, 0x0000000086300000, 0x0000000086300000|100%| O|  |TAMS 0x0000000086300000, 0x0000000086200000| Untracked 
|  99|0x0000000086300000, 0x0000000086400000, 0x0000000086400000|100%| O|  |TAMS 0x0000000086400000, 0x0000000086300000| Complete 
| 100|0x0000000086400000, 0x0000000086500000, 0x0000000086500000|100%| O|  |TAMS 0x0000000086500000, 0x0000000086400000| Complete 
| 101|0x0000000086500000, 0x0000000086600000, 0x0000000086600000|100%| O|  |TAMS 0x0000000086600000, 0x0000000086500000| Complete 
| 102|0x0000000086600000, 0x0000000086700000, 0x0000000086700000|100%| O|  |TAMS 0x0000000086700000, 0x0000000086600000| Complete 
| 103|0x0000000086700000, 0x0000000086800000, 0x0000000086800000|100%| O|  |TAMS 0x0000000086800000, 0x0000000086700000| Complete 
| 104|0x0000000086800000, 0x0000000086900000, 0x0000000086900000|100%| O|  |TAMS 0x0000000086900000, 0x0000000086800000| Complete 
| 105|0x0000000086900000, 0x0000000086a00000, 0x0000000086a00000|100%| O|  |TAMS 0x0000000086a00000, 0x0000000086900000| Complete 
| 106|0x0000000086a00000, 0x0000000086b00000, 0x0000000086b00000|100%| O|  |TAMS 0x0000000086b00000, 0x0000000086a00000| Complete 
| 107|0x0000000086b00000, 0x0000000086c00000, 0x0000000086c00000|100%| O|  |TAMS 0x0000000086b00000, 0x0000000086b00000| Untracked 
| 108|0x0000000086c00000, 0x0000000086d00000, 0x0000000086d00000|100%| O|  |TAMS 0x0000000086c00000, 0x0000000086c00000| Untracked 
| 109|0x0000000086d00000, 0x0000000086e00000, 0x0000000086e00000|100%| O|  |TAMS 0x0000000086e00000, 0x0000000086d00000| Untracked 
| 110|0x0000000086e00000, 0x0000000086f00000, 0x0000000086f00000|100%| O|  |TAMS 0x0000000086e00000, 0x0000000086e00000| Untracked 
| 111|0x0000000086f00000, 0x0000000087000000, 0x0000000087000000|100%| O|  |TAMS 0x0000000086f00000, 0x0000000086f00000| Untracked 
| 112|0x0000000087000000, 0x0000000087100000, 0x0000000087100000|100%| O|  |TAMS 0x0000000087000000, 0x0000000087000000| Untracked 
| 113|0x0000000087100000, 0x0000000087200000, 0x0000000087200000|100%| O|  |TAMS 0x0000000087100000, 0x0000000087100000| Untracked 
| 114|0x0000000087200000, 0x0000000087300000, 0x0000000087300000|100%|HS|  |TAMS 0x0000000087200000, 0x0000000087200000| Complete 
| 115|0x0000000087300000, 0x0000000087400000, 0x0000000087400000|100%| O|  |TAMS 0x0000000087300000, 0x0000000087300000| Untracked 
| 116|0x0000000087400000, 0x00000000874b0200, 0x0000000087500000| 68%| O|  |TAMS 0x0000000087400000, 0x0000000087400000| Untracked 
| 117|0x0000000087500000, 0x0000000087500000, 0x0000000087600000|  0%| F|  |TAMS 0x0000000087500000, 0x0000000087500000| Untracked 
| 118|0x0000000087600000, 0x0000000087600000, 0x0000000087700000|  0%| F|  |TAMS 0x0000000087600000, 0x0000000087600000| Untracked 
| 119|0x0000000087700000, 0x0000000087700000, 0x0000000087800000|  0%| F|  |TAMS 0x0000000087700000, 0x0000000087700000| Untracked 
| 120|0x0000000087800000, 0x0000000087900000, 0x0000000087900000|100%| O|  |TAMS 0x0000000087900000, 0x0000000087800000| Complete 
| 121|0x0000000087900000, 0x0000000087a00000, 0x0000000087a00000|100%| O|  |TAMS 0x0000000087a00000, 0x0000000087900000| Untracked 
| 122|0x0000000087a00000, 0x0000000087b00000, 0x0000000087b00000|100%|HS|  |TAMS 0x0000000087b00000, 0x0000000087a00000| Complete 
| 123|0x0000000087b00000, 0x0000000087c00000, 0x0000000087c00000|100%|HC|  |TAMS 0x0000000087c00000, 0x0000000087b00000| Complete 
| 124|0x0000000087c00000, 0x0000000087d00000, 0x0000000087d00000|100%|HC|  |TAMS 0x0000000087d00000, 0x0000000087c00000| Complete 
| 125|0x0000000087d00000, 0x0000000087e00000, 0x0000000087e00000|100%|HC|  |TAMS 0x0000000087e00000, 0x0000000087d00000| Complete 
| 126|0x0000000087e00000, 0x0000000087f00000, 0x0000000087f00000|100%|HC|  |TAMS 0x0000000087f00000, 0x0000000087e00000| Complete 
| 127|0x0000000087f00000, 0x0000000088000000, 0x0000000088000000|100%|HC|  |TAMS 0x0000000088000000, 0x0000000087f00000| Complete 
| 128|0x0000000088000000, 0x0000000088100000, 0x0000000088100000|100%|HC|  |TAMS 0x0000000088100000, 0x0000000088000000| Complete 
| 129|0x0000000088100000, 0x0000000088200000, 0x0000000088200000|100%|HC|  |TAMS 0x0000000088200000, 0x0000000088100000| Complete 
| 130|0x0000000088200000, 0x0000000088300000, 0x0000000088300000|100%| O|  |TAMS 0x0000000088300000, 0x0000000088200000| Untracked 
| 131|0x0000000088300000, 0x0000000088400000, 0x0000000088400000|100%| O|  |TAMS 0x0000000088400000, 0x0000000088300000| Untracked 
| 132|0x0000000088400000, 0x0000000088500000, 0x0000000088500000|100%| O|  |TAMS 0x0000000088500000, 0x0000000088400000| Untracked 
| 133|0x0000000088500000, 0x0000000088600000, 0x0000000088600000|100%| O|  |TAMS 0x0000000088600000, 0x0000000088500000| Untracked 
| 134|0x0000000088600000, 0x0000000088700000, 0x0000000088700000|100%| O|  |TAMS 0x0000000088700000, 0x0000000088600000| Complete 
| 135|0x0000000088700000, 0x0000000088700000, 0x0000000088800000|  0%| F|  |TAMS 0x0000000088700000, 0x0000000088700000| Untracked 
| 136|0x0000000088800000, 0x0000000088900000, 0x0000000088900000|100%| O|  |TAMS 0x0000000088900000, 0x0000000088800000| Complete 
| 137|0x0000000088900000, 0x0000000088a00000, 0x0000000088a00000|100%| O|  |TAMS 0x0000000088a00000, 0x0000000088900000| Complete 
| 138|0x0000000088a00000, 0x0000000088a00000, 0x0000000088b00000|  0%| F|  |TAMS 0x0000000088a00000, 0x0000000088a00000| Untracked 
| 139|0x0000000088b00000, 0x0000000088b00000, 0x0000000088c00000|  0%| F|  |TAMS 0x0000000088b00000, 0x0000000088b00000| Untracked 
| 140|0x0000000088c00000, 0x0000000088c00000, 0x0000000088d00000|  0%| F|  |TAMS 0x0000000088c00000, 0x0000000088c00000| Untracked 
| 141|0x0000000088d00000, 0x0000000088d00000, 0x0000000088e00000|  0%| F|  |TAMS 0x0000000088d00000, 0x0000000088d00000| Untracked 
| 142|0x0000000088e00000, 0x0000000088e00000, 0x0000000088f00000|  0%| F|  |TAMS 0x0000000088e00000, 0x0000000088e00000| Untracked 
| 143|0x0000000088f00000, 0x0000000088f00000, 0x0000000089000000|  0%| F|  |TAMS 0x0000000088f00000, 0x0000000088f00000| Untracked 
| 144|0x0000000089000000, 0x0000000089000000, 0x0000000089100000|  0%| F|  |TAMS 0x0000000089000000, 0x0000000089000000| Untracked 
| 145|0x0000000089100000, 0x0000000089100000, 0x0000000089200000|  0%| F|  |TAMS 0x0000000089100000, 0x0000000089100000| Untracked 
| 146|0x0000000089200000, 0x0000000089300000, 0x0000000089300000|100%|HS|  |TAMS 0x0000000089300000, 0x0000000089200000| Complete 
| 147|0x0000000089300000, 0x0000000089400000, 0x0000000089400000|100%| O|  |TAMS 0x0000000089400000, 0x0000000089300000| Complete 
| 148|0x0000000089400000, 0x0000000089500000, 0x0000000089500000|100%| O|  |TAMS 0x0000000089500000, 0x0000000089400000| Untracked 
| 149|0x0000000089500000, 0x0000000089600000, 0x0000000089600000|100%| O|  |TAMS 0x0000000089600000, 0x0000000089500000| Complete 
| 150|0x0000000089600000, 0x0000000089700000, 0x0000000089700000|100%| O|  |TAMS 0x0000000089700000, 0x0000000089600000| Untracked 
| 151|0x0000000089700000, 0x0000000089800000, 0x0000000089800000|100%| O|  |TAMS 0x0000000089800000, 0x0000000089700000| Complete 
| 152|0x0000000089800000, 0x0000000089900000, 0x0000000089900000|100%| O|  |TAMS 0x0000000089900000, 0x0000000089800000| Complete 
| 153|0x0000000089900000, 0x0000000089a00000, 0x0000000089a00000|100%| O|  |TAMS 0x0000000089a00000, 0x0000000089900000| Complete 
| 154|0x0000000089a00000, 0x0000000089b00000, 0x0000000089b00000|100%| O|  |TAMS 0x0000000089b00000, 0x0000000089a00000| Complete 
| 155|0x0000000089b00000, 0x0000000089c00000, 0x0000000089c00000|100%| O|  |TAMS 0x0000000089c00000, 0x0000000089b00000| Complete 
| 156|0x0000000089c00000, 0x0000000089d00000, 0x0000000089d00000|100%| O|  |TAMS 0x0000000089d00000, 0x0000000089c00000| Untracked 
| 157|0x0000000089d00000, 0x0000000089e00000, 0x0000000089e00000|100%| O|  |TAMS 0x0000000089e00000, 0x0000000089d00000| Untracked 
| 158|0x0000000089e00000, 0x0000000089f00000, 0x0000000089f00000|100%| O|  |TAMS 0x0000000089f00000, 0x0000000089e00000| Complete 
| 159|0x0000000089f00000, 0x000000008a000000, 0x000000008a000000|100%| O|  |TAMS 0x000000008a000000, 0x0000000089f00000| Complete 
| 160|0x000000008a000000, 0x000000008a100000, 0x000000008a100000|100%| O|  |TAMS 0x000000008a100000, 0x000000008a000000| Complete 
| 161|0x000000008a100000, 0x000000008a200000, 0x000000008a200000|100%| O|  |TAMS 0x000000008a200000, 0x000000008a100000| Complete 
| 162|0x000000008a200000, 0x000000008a300000, 0x000000008a300000|100%| O|  |TAMS 0x000000008a300000, 0x000000008a200000| Untracked 
| 163|0x000000008a300000, 0x000000008a400000, 0x000000008a400000|100%| O|  |TAMS 0x000000008a400000, 0x000000008a300000| Untracked 
| 164|0x000000008a400000, 0x000000008a500000, 0x000000008a500000|100%| O|  |TAMS 0x000000008a500000, 0x000000008a400000| Complete 
| 165|0x000000008a500000, 0x000000008a500000, 0x000000008a600000|  0%| F|  |TAMS 0x000000008a500000, 0x000000008a500000| Untracked 
| 166|0x000000008a600000, 0x000000008a700000, 0x000000008a700000|100%| O|  |TAMS 0x000000008a700000, 0x000000008a600000| Untracked 
| 167|0x000000008a700000, 0x000000008a800000, 0x000000008a800000|100%| O|  |TAMS 0x000000008a800000, 0x000000008a700000| Untracked 
| 168|0x000000008a800000, 0x000000008a900000, 0x000000008a900000|100%| O|  |TAMS 0x000000008a900000, 0x000000008a800000| Untracked 
| 169|0x000000008a900000, 0x000000008aa00000, 0x000000008aa00000|100%| O|  |TAMS 0x000000008aa00000, 0x000000008a900000| Untracked 
| 170|0x000000008aa00000, 0x000000008ab00000, 0x000000008ab00000|100%| O|  |TAMS 0x000000008ab00000, 0x000000008aa00000| Untracked 
| 171|0x000000008ab00000, 0x000000008ac00000, 0x000000008ac00000|100%| O|  |TAMS 0x000000008ac00000, 0x000000008ab00000| Complete 
| 172|0x000000008ac00000, 0x000000008ad00000, 0x000000008ad00000|100%| O|  |TAMS 0x000000008ad00000, 0x000000008ac00000| Complete 
| 173|0x000000008ad00000, 0x000000008ae00000, 0x000000008ae00000|100%| O|  |TAMS 0x000000008ae00000, 0x000000008ad00000| Complete 
| 174|0x000000008ae00000, 0x000000008af00000, 0x000000008af00000|100%| O|  |TAMS 0x000000008af00000, 0x000000008ae00000| Complete 
| 175|0x000000008af00000, 0x000000008af00000, 0x000000008b000000|  0%| F|  |TAMS 0x000000008af00000, 0x000000008af00000| Untracked 
| 176|0x000000008b000000, 0x000000008b000000, 0x000000008b100000|  0%| F|  |TAMS 0x000000008b000000, 0x000000008b000000| Untracked 
| 177|0x000000008b100000, 0x000000008b200000, 0x000000008b200000|100%| O|  |TAMS 0x000000008b200000, 0x000000008b100000| Untracked 
| 178|0x000000008b200000, 0x000000008b300000, 0x000000008b300000|100%| O|  |TAMS 0x000000008b300000, 0x000000008b200000| Untracked 
| 179|0x000000008b300000, 0x000000008b400000, 0x000000008b400000|100%| O|  |TAMS 0x000000008b400000, 0x000000008b300000| Untracked 
| 180|0x000000008b400000, 0x000000008b500000, 0x000000008b500000|100%| O|  |TAMS 0x000000008b500000, 0x000000008b400000| Untracked 
| 181|0x000000008b500000, 0x000000008b600000, 0x000000008b600000|100%| O|  |TAMS 0x000000008b600000, 0x000000008b500000| Untracked 
| 182|0x000000008b600000, 0x000000008b700000, 0x000000008b700000|100%| O|  |TAMS 0x000000008b700000, 0x000000008b600000| Untracked 
| 183|0x000000008b700000, 0x000000008b800000, 0x000000008b800000|100%| O|  |TAMS 0x000000008b800000, 0x000000008b700000| Untracked 
| 184|0x000000008b800000, 0x000000008b900000, 0x000000008b900000|100%| O|  |TAMS 0x000000008b900000, 0x000000008b800000| Complete 
| 185|0x000000008b900000, 0x000000008ba00000, 0x000000008ba00000|100%| O|  |TAMS 0x000000008ba00000, 0x000000008b900000| Untracked 
| 186|0x000000008ba00000, 0x000000008bb00000, 0x000000008bb00000|100%| O|  |TAMS 0x000000008bb00000, 0x000000008ba00000| Untracked 
| 187|0x000000008bb00000, 0x000000008bc00000, 0x000000008bc00000|100%| O|  |TAMS 0x000000008bc00000, 0x000000008bb00000| Complete 
| 188|0x000000008bc00000, 0x000000008bd00000, 0x000000008bd00000|100%| O|  |TAMS 0x000000008bd00000, 0x000000008bc00000| Complete 
| 189|0x000000008bd00000, 0x000000008be00000, 0x000000008be00000|100%| O|  |TAMS 0x000000008be00000, 0x000000008bd00000| Complete 
| 190|0x000000008be00000, 0x000000008bf00000, 0x000000008bf00000|100%| O|  |TAMS 0x000000008bf00000, 0x000000008be00000| Complete 
| 191|0x000000008bf00000, 0x000000008c000000, 0x000000008c000000|100%| O|  |TAMS 0x000000008c000000, 0x000000008bf00000| Complete 
| 192|0x000000008c000000, 0x000000008c100000, 0x000000008c100000|100%| O|  |TAMS 0x000000008c100000, 0x000000008c000000| Complete 
| 193|0x000000008c100000, 0x000000008c200000, 0x000000008c200000|100%| O|  |TAMS 0x000000008c200000, 0x000000008c100000| Complete 
| 194|0x000000008c200000, 0x000000008c300000, 0x000000008c300000|100%| O|  |TAMS 0x000000008c300000, 0x000000008c200000| Untracked 
| 195|0x000000008c300000, 0x000000008c400000, 0x000000008c400000|100%| O|  |TAMS 0x000000008c400000, 0x000000008c300000| Complete 
| 196|0x000000008c400000, 0x000000008c500000, 0x000000008c500000|100%| O|  |TAMS 0x000000008c500000, 0x000000008c400000| Complete 
| 197|0x000000008c500000, 0x000000008c600000, 0x000000008c600000|100%| O|  |TAMS 0x000000008c600000, 0x000000008c500000| Untracked 
| 198|0x000000008c600000, 0x000000008c700000, 0x000000008c700000|100%| O|  |TAMS 0x000000008c700000, 0x000000008c600000| Untracked 
| 199|0x000000008c700000, 0x000000008c800000, 0x000000008c800000|100%| O|  |TAMS 0x000000008c800000, 0x000000008c700000| Complete 
| 200|0x000000008c800000, 0x000000008c900000, 0x000000008c900000|100%| O|  |TAMS 0x000000008c900000, 0x000000008c800000| Untracked 
| 201|0x000000008c900000, 0x000000008ca00000, 0x000000008ca00000|100%| O|  |TAMS 0x000000008ca00000, 0x000000008c900000| Complete 
| 202|0x000000008ca00000, 0x000000008ca00000, 0x000000008cb00000|  0%| F|  |TAMS 0x000000008ca00000, 0x000000008ca00000| Untracked 
| 203|0x000000008cb00000, 0x000000008cb00000, 0x000000008cc00000|  0%| F|  |TAMS 0x000000008cb00000, 0x000000008cb00000| Untracked 
| 204|0x000000008cc00000, 0x000000008cc00000, 0x000000008cd00000|  0%| F|  |TAMS 0x000000008cc00000, 0x000000008cc00000| Untracked 
| 205|0x000000008cd00000, 0x000000008cd00000, 0x000000008ce00000|  0%| F|  |TAMS 0x000000008cd00000, 0x000000008cd00000| Untracked 
| 206|0x000000008ce00000, 0x000000008ce00000, 0x000000008cf00000|  0%| F|  |TAMS 0x000000008ce00000, 0x000000008ce00000| Untracked 
| 207|0x000000008cf00000, 0x000000008cf00000, 0x000000008d000000|  0%| F|  |TAMS 0x000000008cf00000, 0x000000008cf00000| Untracked 
| 208|0x000000008d000000, 0x000000008d000000, 0x000000008d100000|  0%| F|  |TAMS 0x000000008d000000, 0x000000008d000000| Untracked 
| 209|0x000000008d100000, 0x000000008d100000, 0x000000008d200000|  0%| F|  |TAMS 0x000000008d100000, 0x000000008d100000| Untracked 
| 210|0x000000008d200000, 0x000000008d200000, 0x000000008d300000|  0%| F|  |TAMS 0x000000008d200000, 0x000000008d200000| Untracked 
| 211|0x000000008d300000, 0x000000008d300000, 0x000000008d400000|  0%| F|  |TAMS 0x000000008d300000, 0x000000008d300000| Untracked 
| 212|0x000000008d400000, 0x000000008d400000, 0x000000008d500000|  0%| F|  |TAMS 0x000000008d400000, 0x000000008d400000| Untracked 
| 213|0x000000008d500000, 0x000000008d500000, 0x000000008d600000|  0%| F|  |TAMS 0x000000008d500000, 0x000000008d500000| Untracked 
| 214|0x000000008d600000, 0x000000008d600000, 0x000000008d700000|  0%| F|  |TAMS 0x000000008d600000, 0x000000008d600000| Untracked 
| 215|0x000000008d700000, 0x000000008d700000, 0x000000008d800000|  0%| F|  |TAMS 0x000000008d700000, 0x000000008d700000| Untracked 
| 216|0x000000008d800000, 0x000000008d800000, 0x000000008d900000|  0%| F|  |TAMS 0x000000008d800000, 0x000000008d800000| Untracked 
| 217|0x000000008d900000, 0x000000008d900000, 0x000000008da00000|  0%| F|  |TAMS 0x000000008d900000, 0x000000008d900000| Untracked 
| 218|0x000000008da00000, 0x000000008da00000, 0x000000008db00000|  0%| F|  |TAMS 0x000000008da00000, 0x000000008da00000| Untracked 
| 219|0x000000008db00000, 0x000000008db00000, 0x000000008dc00000|  0%| F|  |TAMS 0x000000008db00000, 0x000000008db00000| Untracked 
| 220|0x000000008dc00000, 0x000000008dcbe310, 0x000000008dd00000| 74%| S|CS|TAMS 0x000000008dc00000, 0x000000008dc00000| Complete 
| 221|0x000000008dd00000, 0x000000008de00000, 0x000000008de00000|100%| S|CS|TAMS 0x000000008dd00000, 0x000000008dd00000| Complete 
| 222|0x000000008de00000, 0x000000008df00000, 0x000000008df00000|100%| S|CS|TAMS 0x000000008de00000, 0x000000008de00000| Complete 
| 223|0x000000008df00000, 0x000000008df00000, 0x000000008e000000|  0%| F|  |TAMS 0x000000008df00000, 0x000000008df00000| Untracked 
| 224|0x000000008e000000, 0x000000008e000000, 0x000000008e100000|  0%| F|  |TAMS 0x000000008e000000, 0x000000008e000000| Untracked 
| 225|0x000000008e100000, 0x000000008e100000, 0x000000008e200000|  0%| F|  |TAMS 0x000000008e100000, 0x000000008e100000| Untracked 
| 226|0x000000008e200000, 0x000000008e200000, 0x000000008e300000|  0%| F|  |TAMS 0x000000008e200000, 0x000000008e200000| Untracked 
| 227|0x000000008e300000, 0x000000008e300000, 0x000000008e400000|  0%| F|  |TAMS 0x000000008e300000, 0x000000008e300000| Untracked 
| 228|0x000000008e400000, 0x000000008e400000, 0x000000008e500000|  0%| F|  |TAMS 0x000000008e400000, 0x000000008e400000| Untracked 
| 229|0x000000008e500000, 0x000000008e500000, 0x000000008e600000|  0%| F|  |TAMS 0x000000008e500000, 0x000000008e500000| Untracked 
| 230|0x000000008e600000, 0x000000008e600000, 0x000000008e700000|  0%| F|  |TAMS 0x000000008e600000, 0x000000008e600000| Untracked 
| 231|0x000000008e700000, 0x000000008e700000, 0x000000008e800000|  0%| F|  |TAMS 0x000000008e700000, 0x000000008e700000| Untracked 
| 232|0x000000008e800000, 0x000000008e800000, 0x000000008e900000|  0%| F|  |TAMS 0x000000008e800000, 0x000000008e800000| Untracked 
| 233|0x000000008e900000, 0x000000008e900000, 0x000000008ea00000|  0%| F|  |TAMS 0x000000008e900000, 0x000000008e900000| Untracked 
| 234|0x000000008ea00000, 0x000000008ea00000, 0x000000008eb00000|  0%| F|  |TAMS 0x000000008ea00000, 0x000000008ea00000| Untracked 
| 235|0x000000008eb00000, 0x000000008eb00000, 0x000000008ec00000|  0%| F|  |TAMS 0x000000008eb00000, 0x000000008eb00000| Untracked 
| 236|0x000000008ec00000, 0x000000008ec00000, 0x000000008ed00000|  0%| F|  |TAMS 0x000000008ec00000, 0x000000008ec00000| Untracked 
| 237|0x000000008ed00000, 0x000000008ed00000, 0x000000008ee00000|  0%| F|  |TAMS 0x000000008ed00000, 0x000000008ed00000| Untracked 
| 238|0x000000008ee00000, 0x000000008ee00000, 0x000000008ef00000|  0%| F|  |TAMS 0x000000008ee00000, 0x000000008ee00000| Untracked 
| 239|0x000000008ef00000, 0x000000008ef00000, 0x000000008f000000|  0%| F|  |TAMS 0x000000008ef00000, 0x000000008ef00000| Untracked 

Card table byte_map: [0x000001f7d7710000,0x000001f7d7b10000] _byte_map_base: 0x000001f7d7310000

Marking Bits (Prev, Next): (CMBitMap*) 0x000001f7c3dfa4d8, (CMBitMap*) 0x000001f7c3dfa510
 Prev Bits: [0x000001f7d7f10000, 0x000001f7d9f10000)
 Next Bits: [0x000001f7d9f10000, 0x000001f7dbf10000)

Polling page: 0x000001f7c2540000

Metaspace:

Usage:
  Non-class:     99.58 MB capacity,    97.69 MB ( 98%) used,     1.53 MB (  2%) free+waste,   371.00 KB ( <1%) overhead. 
      Class:     15.61 MB capacity,    14.47 MB ( 93%) used,   998.96 KB (  6%) free+waste,   167.88 KB (  1%) overhead. 
       Both:    115.18 MB capacity,   112.15 MB ( 97%) used,     2.50 MB (  2%) free+waste,   538.88 KB ( <1%) overhead. 

Virtual space:
  Non-class space:      102.00 MB reserved,     100.25 MB ( 98%) committed 
      Class space:        1.00 GB reserved,      16.13 MB (  2%) committed 
             Both:        1.10 GB reserved,     116.38 MB ( 10%) committed 

Chunk freelists:
   Non-Class:  690.00 KB
       Class:  499.00 KB
        Both:  1.16 MB

MaxMetaspaceSize: 17179869184.00 GB
CompressedClassSpaceSize: 1.00 GB

CodeHeap 'non-profiled nmethods': size=120000Kb used=7061Kb max_used=7061Kb free=112938Kb
 bounds [0x000001f7cf380000, 0x000001f7cfa70000, 0x000001f7d68b0000]
CodeHeap 'profiled nmethods': size=120000Kb used=32563Kb max_used=32563Kb free=87436Kb
 bounds [0x000001f7c7e50000, 0x000001f7c9e20000, 0x000001f7cf380000]
CodeHeap 'non-nmethods': size=5760Kb used=2364Kb max_used=2413Kb free=3395Kb
 bounds [0x000001f7c78b0000, 0x000001f7c7b20000, 0x000001f7c7e50000]
 total_blobs=16364 nmethods=15371 adapters=904
 compilation: enabled
              stopped_count=0, restarted_count=0
 full_count=0

Compilation events (20 events):
Event: 64.809 Thread 0x000001f7de9fc000 15956       2       com.android.tools.r8.code.L2::a (1 bytes)
Event: 64.809 Thread 0x000001f7de9fc000 nmethod 15956 0x000001f7c9e1a590 code [0x000001f7c9e1a740, 0x000001f7c9e1a838]
Event: 64.814 Thread 0x000001f7de9fc000 15957       2       com.android.tools.r8.code.B1::a (1 bytes)
Event: 64.815 Thread 0x000001f7de9fc000 nmethod 15957 0x000001f7c9e1a910 code [0x000001f7c9e1aac0, 0x000001f7c9e1abb8]
Event: 64.821 Thread 0x000001f7de9fc000 15959       2       com.android.tools.r8.code.M::a (1 bytes)
Event: 64.822 Thread 0x000001f7de9fc000 nmethod 15959 0x000001f7c9e1ac90 code [0x000001f7c9e1ae40, 0x000001f7c9e1af38]
Event: 64.822 Thread 0x000001f7de9fc000 15960       2       com.android.tools.r8.graph.f0$c::a (9 bytes)
Event: 64.822 Thread 0x000001f7de9fc000 nmethod 15960 0x000001f7c9e1b010 code [0x000001f7c9e1b1c0, 0x000001f7c9e1b2e8]
Event: 64.829 Thread 0x000001f7de9fc000 15961       2       com.android.tools.r8.code.O::a (1 bytes)
Event: 64.829 Thread 0x000001f7de9fc000 nmethod 15961 0x000001f7c9e1b390 code [0x000001f7c9e1b540, 0x000001f7c9e1b638]
Event: 64.835 Thread 0x000001f7de9fc000 15962 %     3       com.android.tools.r8.graph.T0::a @ 10 (29 bytes)
Event: 64.836 Thread 0x000001f7de9fc000 nmethod 15962% 0x000001f7c9e1b710 code [0x000001f7c9e1b900, 0x000001f7c9e1bd08]
Event: 64.839 Thread 0x000001f7de9fc000 15963       2       com.android.tools.r8.code.a::a (1 bytes)
Event: 64.839 Thread 0x000001f7de9fc000 nmethod 15963 0x000001f7c9e1bf90 code [0x000001f7c9e1c140, 0x000001f7c9e1c238]
Event: 64.843 Thread 0x000001f7de9fc000 15964       2       com.android.tools.r8.code.d0::a (1 bytes)
Event: 64.843 Thread 0x000001f7de9fc000 nmethod 15964 0x000001f7c9e1c310 code [0x000001f7c9e1c4c0, 0x000001f7c9e1c5b8]
Event: 64.846 Thread 0x000001f7de9fc000 15965       2       com.android.tools.r8.code.M0::a (1 bytes)
Event: 64.846 Thread 0x000001f7de9fc000 nmethod 15965 0x000001f7c9e1c690 code [0x000001f7c9e1c840, 0x000001f7c9e1c938]
Event: 64.863 Thread 0x000001f7de9fc000 15967       2       com.android.tools.r8.code.E2::a (1 bytes)
Event: 64.863 Thread 0x000001f7de9fc000 nmethod 15967 0x000001f7c9e1ca10 code [0x000001f7c9e1cbc0, 0x000001f7c9e1ccb8]

GC Heap History (20 events):
Event: 62.606 GC heap after
{Heap after GC invocations=61 (full 0):
 garbage-first heap   total 245760K, used 166501K [0x0000000080000000, 0x0000000100000000)
  region size 1024K, 2 young (2048K), 2 survivors (2048K)
 Metaspace       used 115156K, capacity 118661K, committed 118912K, reserved 1150976K
  class space    used 15043K, capacity 16402K, committed 16512K, reserved 1048576K
}
Event: 63.106 GC heap before
{Heap before GC invocations=61 (full 0):
 garbage-first heap   total 245760K, used 198245K [0x0000000080000000, 0x0000000100000000)
  region size 1024K, 34 young (34816K), 2 survivors (2048K)
 Metaspace       used 115237K, capacity 118670K, committed 118912K, reserved 1150976K
  class space    used 15043K, capacity 16402K, committed 16512K, reserved 1048576K
}
Event: 63.128 GC heap after
{Heap after GC invocations=62 (full 0):
 garbage-first heap   total 245760K, used 184169K [0x0000000080000000, 0x0000000100000000)
  region size 1024K, 5 young (5120K), 5 survivors (5120K)
 Metaspace       used 115237K, capacity 118670K, committed 118912K, reserved 1150976K
  class space    used 15043K, capacity 16402K, committed 16512K, reserved 1048576K
}
Event: 63.280 GC heap before
{Heap before GC invocations=62 (full 0):
 garbage-first heap   total 245760K, used 205673K [0x0000000080000000, 0x0000000100000000)
  region size 1024K, 24 young (24576K), 5 survivors (5120K)
 Metaspace       used 115239K, capacity 118734K, committed 119168K, reserved 1153024K
  class space    used 15043K, capacity 16402K, committed 16512K, reserved 1048576K
}
Event: 63.293 GC heap after
{Heap after GC invocations=63 (full 0):
 garbage-first heap   total 245760K, used 197204K [0x0000000080000000, 0x0000000100000000)
  region size 1024K, 3 young (3072K), 3 survivors (3072K)
 Metaspace       used 115239K, capacity 118734K, committed 119168K, reserved 1153024K
  class space    used 15043K, capacity 16402K, committed 16512K, reserved 1048576K
}
Event: 63.456 GC heap before
{Heap before GC invocations=63 (full 0):
 garbage-first heap   total 245760K, used 206420K [0x0000000080000000, 0x0000000100000000)
  region size 1024K, 14 young (14336K), 3 survivors (3072K)
 Metaspace       used 114663K, capacity 117736K, committed 119168K, reserved 1153024K
  class space    used 14816K, capacity 15985K, committed 16512K, reserved 1048576K
}
Event: 63.468 GC heap after
{Heap after GC invocations=64 (full 0):
 garbage-first heap   total 245760K, used 199680K [0x0000000080000000, 0x0000000100000000)
  region size 1024K, 2 young (2048K), 2 survivors (2048K)
 Metaspace       used 114663K, capacity 117736K, committed 119168K, reserved 1153024K
  class space    used 14816K, capacity 15985K, committed 16512K, reserved 1048576K
}
Event: 63.544 GC heap before
{Heap before GC invocations=64 (full 0):
 garbage-first heap   total 245760K, used 209920K [0x0000000080000000, 0x0000000100000000)
  region size 1024K, 12 young (12288K), 2 survivors (2048K)
 Metaspace       used 114685K, capacity 117802K, committed 119168K, reserved 1153024K
  class space    used 14816K, capacity 15985K, committed 16512K, reserved 1048576K
}
Event: 63.557 GC heap after
{Heap after GC invocations=65 (full 0):
 garbage-first heap   total 245760K, used 202727K [0x0000000080000000, 0x0000000100000000)
  region size 1024K, 2 young (2048K), 2 survivors (2048K)
 Metaspace       used 114685K, capacity 117802K, committed 119168K, reserved 1153024K
  class space    used 14816K, capacity 15985K, committed 16512K, reserved 1048576K
}
Event: 63.880 GC heap before
{Heap before GC invocations=66 (full 0):
 garbage-first heap   total 245760K, used 212967K [0x0000000080000000, 0x0000000100000000)
  region size 1024K, 12 young (12288K), 2 survivors (2048K)
 Metaspace       used 114749K, capacity 117893K, committed 119168K, reserved 1153024K
  class space    used 14818K, capacity 15989K, committed 16512K, reserved 1048576K
}
Event: 63.892 GC heap after
{Heap after GC invocations=67 (full 0):
 garbage-first heap   total 245760K, used 204417K [0x0000000080000000, 0x0000000100000000)
  region size 1024K, 2 young (2048K), 2 survivors (2048K)
 Metaspace       used 114749K, capacity 117893K, committed 119168K, reserved 1153024K
  class space    used 14818K, capacity 15989K, committed 16512K, reserved 1048576K
}
Event: 63.970 GC heap before
{Heap before GC invocations=67 (full 0):
 garbage-first heap   total 245760K, used 214657K [0x0000000080000000, 0x0000000100000000)
  region size 1024K, 12 young (12288K), 2 survivors (2048K)
 Metaspace       used 114750K, capacity 117893K, committed 119168K, reserved 1153024K
  class space    used 14818K, capacity 15989K, committed 16512K, reserved 1048576K
}
Event: 63.981 GC heap after
{Heap after GC invocations=68 (full 0):
 garbage-first heap   total 245760K, used 190459K [0x0000000080000000, 0x0000000100000000)
  region size 1024K, 1 young (1024K), 1 survivors (1024K)
 Metaspace       used 114750K, capacity 117893K, committed 119168K, reserved 1153024K
  class space    used 14818K, capacity 15989K, committed 16512K, reserved 1048576K
}
Event: 64.150 GC heap before
{Heap before GC invocations=68 (full 0):
 garbage-first heap   total 245760K, used 205819K [0x0000000080000000, 0x0000000100000000)
  region size 1024K, 16 young (16384K), 1 survivors (1024K)
 Metaspace       used 114839K, capacity 117971K, committed 119168K, reserved 1153024K
  class space    used 14818K, capacity 15989K, committed 16512K, reserved 1048576K
}
Event: 64.163 GC heap after
{Heap after GC invocations=69 (full 0):
 garbage-first heap   total 245760K, used 194195K [0x0000000080000000, 0x0000000100000000)
  region size 1024K, 2 young (2048K), 2 survivors (2048K)
 Metaspace       used 114839K, capacity 117971K, committed 119168K, reserved 1153024K
  class space    used 14818K, capacity 15989K, committed 16512K, reserved 1048576K
}
Event: 64.306 GC heap before
{Heap before GC invocations=69 (full 0):
 garbage-first heap   total 245760K, used 207507K [0x0000000080000000, 0x0000000100000000)
  region size 1024K, 15 young (15360K), 2 survivors (2048K)
 Metaspace       used 114850K, capacity 117971K, committed 119168K, reserved 1153024K
  class space    used 14818K, capacity 15989K, committed 16512K, reserved 1048576K
}
Event: 64.318 GC heap after
{Heap after GC invocations=70 (full 0):
 garbage-first heap   total 245760K, used 197590K [0x0000000080000000, 0x0000000100000000)
  region size 1024K, 2 young (2048K), 2 survivors (2048K)
 Metaspace       used 114850K, capacity 117971K, committed 119168K, reserved 1153024K
  class space    used 14818K, capacity 15989K, committed 16512K, reserved 1048576K
}
Event: 64.658 GC heap before
{Heap before GC invocations=70 (full 0):
 garbage-first heap   total 245760K, used 198614K [0x0000000080000000, 0x0000000100000000)
  region size 1024K, 14 young (14336K), 2 survivors (2048K)
 Metaspace       used 114840K, capacity 117947K, committed 119168K, reserved 1153024K
  class space    used 14814K, capacity 15981K, committed 16512K, reserved 1048576K
}
Event: 64.671 GC heap after
{Heap after GC invocations=71 (full 0):
 garbage-first heap   total 245760K, used 189938K [0x0000000080000000, 0x0000000100000000)
  region size 1024K, 2 young (2048K), 2 survivors (2048K)
 Metaspace       used 114840K, capacity 117947K, committed 119168K, reserved 1153024K
  class space    used 14814K, capacity 15981K, committed 16512K, reserved 1048576K
}
Event: 64.882 GC heap before
{Heap before GC invocations=72 (full 0):
 garbage-first heap   total 245760K, used 206322K [0x0000000080000000, 0x0000000100000000)
  region size 1024K, 17 young (17408K), 2 survivors (2048K)
 Metaspace       used 114844K, capacity 117947K, committed 119168K, reserved 1153024K
  class space    used 14814K, capacity 15981K, committed 16512K, reserved 1048576K
}

Deoptimization events (20 events):
Event: 63.564 Thread 0x000001f7df932800 DEOPT PACKING pc=0x000001f7c9d85ca3 sp=0x00000015ebdfe780
Event: 63.564 Thread 0x000001f7df932800 DEOPT UNPACKING pc=0x000001f7c78d76ce sp=0x00000015ebdfdc10 mode 0
Event: 63.668 Thread 0x000001f7e2bce000 Uncommon trap: trap_request=0xffffff4d fr.pc=0x000001f7cfa352a4 relative=0x0000000000000bc4
Event: 63.668 Thread 0x000001f7e2bce000 Uncommon trap: reason=unstable_if action=reinterpret pc=0x000001f7cfa352a4 method=com.android.tools.r8.internal.mp.a(Ljava/lang/Object;Z)Lcom/android/tools/r8/internal/op; @ 15 c2
Event: 63.668 Thread 0x000001f7e2bce000 DEOPT PACKING pc=0x000001f7cfa352a4 sp=0x00000015eaafd900
Event: 63.668 Thread 0x000001f7e2bce000 DEOPT UNPACKING pc=0x000001f7c78d78af sp=0x00000015eaafd8b0 mode 2
Event: 64.037 Thread 0x000001f7df930800 DEOPT PACKING pc=0x000001f7c9ddf595 sp=0x00000015ec1fee10
Event: 64.037 Thread 0x000001f7df930800 DEOPT UNPACKING pc=0x000001f7c78d76ce sp=0x00000015ec1fe2d0 mode 0
Event: 64.037 Thread 0x000001f7e2bd8000 DEOPT PACKING pc=0x000001f7c9ddf595 sp=0x00000015e59feea0
Event: 64.037 Thread 0x000001f7e2bd8000 DEOPT UNPACKING pc=0x000001f7c78d76ce sp=0x00000015e59fe360 mode 0
Event: 64.038 Thread 0x000001f7e2bd8000 DEOPT PACKING pc=0x000001f7c9ddf595 sp=0x00000015e59feea0
Event: 64.038 Thread 0x000001f7e2bd6800 DEOPT PACKING pc=0x000001f7c9ddf595 sp=0x00000015ebcfe880
Event: 64.038 Thread 0x000001f7e2bd6800 DEOPT UNPACKING pc=0x000001f7c78d76ce sp=0x00000015ebcfdd40 mode 0
Event: 64.038 Thread 0x000001f7df933000 DEOPT PACKING pc=0x000001f7c9ddf595 sp=0x00000015ebffec40
Event: 64.038 Thread 0x000001f7df933000 DEOPT UNPACKING pc=0x000001f7c78d76ce sp=0x00000015ebffe100 mode 0
Event: 64.038 Thread 0x000001f7df934000 DEOPT PACKING pc=0x000001f7c9ddf595 sp=0x00000015ebefeef0
Event: 64.038 Thread 0x000001f7df934000 DEOPT UNPACKING pc=0x000001f7c78d76ce sp=0x00000015ebefe3b0 mode 0
Event: 64.038 Thread 0x000001f7e2bd3000 DEOPT PACKING pc=0x000001f7c9ddf595 sp=0x00000015e5afed30
Event: 64.039 Thread 0x000001f7e2bd3000 DEOPT UNPACKING pc=0x000001f7c78d76ce sp=0x00000015e5afe1f0 mode 0
Event: 64.040 Thread 0x000001f7e2bd8000 DEOPT UNPACKING pc=0x000001f7c78d76ce sp=0x00000015e59fe360 mode 0

Classes redefined (0 events):
No events

Internal exceptions (20 events):
Event: 59.455 Thread 0x000001f7e2bd5800 Exception <a 'java/lang/NoSuchMethodError'{0x000000008bc36da0}: 'java.lang.Object java.lang.invoke.DirectMethodHandle$Holder.invokeVirtual(java.lang.Object, java.lang.Object, int, java.lang.Object)'> (0x000000008bc36da0) thrown at [./src/hotspot/share/interpreter/linkResolver.cpp, line 773]
Event: 59.461 Thread 0x000001f7e2fdb000 Exception <a 'java/lang/NoSuchMethodError'{0x000000008bc49878}: 'java.lang.Object java.lang.invoke.DirectMethodHandle$Holder.invokeVirtual(java.lang.Object, java.lang.Object, int, java.lang.Object)'> (0x000000008bc49878) thrown at [./src/hotspot/share/interpreter/linkResolver.cpp, line 773]
Event: 59.498 Thread 0x000001f7e2bd4800 Exception <a 'java/lang/NoSuchMethodError'{0x000000008bf1b558}: 'void java.lang.invoke.DirectMethodHandle$Holder.invokeVirtual(java.lang.Object, java.lang.Object, int, java.lang.Object)'> (0x000000008bf1b558) thrown at [./src/hotspot/share/interpreter/linkResolver.cpp, line 773]
Event: 59.499 Thread 0x000001f7e2fdb000 Exception <a 'java/lang/NoSuchMethodError'{0x000000008bb10a90}: 'void java.lang.invoke.DirectMethodHandle$Holder.invokeVirtual(java.lang.Object, java.lang.Object, int, java.lang.Object)'> (0x000000008bb10a90) thrown at [./src/hotspot/share/interpreter/linkResolver.cpp, line 773]
Event: 59.508 Thread 0x000001f7e2bd5800 Exception <a 'java/lang/NoSuchMethodError'{0x000000008bc77690}: 'void java.lang.invoke.DirectMethodHandle$Holder.invokeVirtual(java.lang.Object, java.lang.Object, int, java.lang.Object)'> (0x000000008bc77690) thrown at [./src/hotspot/share/interpreter/linkResolver.cpp, line 773]
Event: 59.659 Thread 0x000001f7e2fdb000 Exception <a 'java/lang/NoSuchMethodError'{0x000000008b84c110}: 'int java.lang.invoke.DirectMethodHandle$Holder.invokeSpecial(java.lang.Object, java.lang.Object, java.lang.Object, int, java.lang.Object)'> (0x000000008b84c110) thrown at [./src/hotspot/share/interpreter/linkResolver.cpp, line 773]
Event: 59.832 Thread 0x000001f7e2bca000 Exception <a 'java/lang/NoSuchMethodError'{0x000000008ad33e58}: 'java.lang.Object java.lang.invoke.DirectMethodHandle$Holder.invokeSpecial(java.lang.Object, java.lang.Object, java.lang.Object, java.lang.Object, java.lang.Object, java.lang.Object, java.lang.Object, java.lang.Object, java.lang.Object, java.lang.Object, java.lang.Object)'> (0x000000008ad33e58) thrown at [./src/hotspot/share/interpreter/linkResolver.cpp, line 773]
Event: 59.833 Thread 0x000001f7e2bca000 Exception <a 'java/lang/NoSuchMethodError'{0x000000008ad86db8}: 'java.lang.Object java.lang.invoke.Invokers$Holder.linkToTargetMethod(java.lang.Object, java.lang.Object, java.lang.Object, java.lang.Object, java.lang.Object, java.lang.Object, java.lang.Object, java.lang.Object, java.lang.Object, java.lang.Object)'> (0x000000008ad86db8) thrown at [./src/hotspot/share/interpreter/linkResolver.cpp, line 773]
Event: 59.929 Thread 0x000001f7e2bca000 Exception <a 'java/lang/IncompatibleClassChangeError'{0x000000008ec29350}: Found class java.lang.Object, but interface was expected> (0x000000008ec29350) thrown at [./src/hotspot/share/interpreter/linkResolver.cpp, line 839]
Event: 59.951 Thread 0x000001f7e2fdb000 Exception <a 'java/lang/IncompatibleClassChangeError'{0x000000008ecc1c30}: Found class java.lang.Object, but interface was expected> (0x000000008ecc1c30) thrown at [./src/hotspot/share/interpreter/linkResolver.cpp, line 839]
Event: 59.993 Thread 0x000001f7e2fdb000 Exception <a 'java/lang/NoSuchMethodError'{0x000000008e6c4f38}: 'void java.lang.invoke.DirectMethodHandle$Holder.invokeSpecial(java.lang.Object, java.lang.Object, int, java.lang.Object, java.lang.Object, java.lang.Object, java.lang.Object)'> (0x000000008e6c4f38) thrown at [./src/hotspot/share/interpreter/linkResolver.cpp, line 773]
Event: 59.997 Thread 0x000001f7e2fdb000 Exception <a 'java/lang/NoSuchMethodError'{0x000000008e6d05e8}: 'java.lang.Object java.lang.invoke.Invokers$Holder.linkToTargetMethod(java.lang.Object, int, java.lang.Object, java.lang.Object, java.lang.Object, java.lang.Object)'> (0x000000008e6d05e8) thrown at [./src/hotspot/share/interpreter/linkResolver.cpp, line 773]
Event: 59.998 Thread 0x000001f7e2fdb000 Exception <a 'java/lang/NoSuchMethodError'{0x000000008e6d4130}: 'void java.lang.invoke.DirectMethodHandle$Holder.invokeSpecial(java.lang.Object, java.lang.Object, java.lang.Object, java.lang.Object, java.lang.Object, java.lang.Object, java.lang.Object, java.lang.Object, java.lang.Object)'> (0x000000008e6d4130) thrown at [./src/hotspot/share/interpreter/linkResolver.cpp, line 773]
Event: 60.002 Thread 0x000001f7e2fdb000 Exception <a 'java/lang/NoSuchMethodError'{0x000000008e572af8}: 'void java.lang.invoke.DirectMethodHandle$Holder.invokeStatic(java.lang.Object, java.lang.Object, java.lang.Object, java.lang.Object, java.lang.Object, java.lang.Object, java.lang.Object, java.lang.Object)'> (0x000000008e572af8) thrown at [./src/hotspot/share/interpreter/linkResolver.cpp, line 773]
Event: 60.110 Thread 0x000001f7e2bc9000 Exception <a 'java/lang/IncompatibleClassChangeError'{0x000000008e0e5b30}: Found class java.lang.Object, but interface was expected> (0x000000008e0e5b30) thrown at [./src/hotspot/share/interpreter/linkResolver.cpp, line 839]
Event: 60.223 Thread 0x000001f7e2bc9000 Exception <a 'java/lang/NoSuchMethodError'{0x000000008d349318}: 'void java.lang.invoke.DirectMethodHandle$Holder.invokeVirtual(java.lang.Object, java.lang.Object, int)'> (0x000000008d349318) thrown at [./src/hotspot/share/interpreter/linkResolver.cpp, line 773]
Event: 60.223 Thread 0x000001f7e2fdb000 Exception <a 'java/lang/NoSuchMethodError'{0x000000008d215cf8}: 'void java.lang.invoke.DirectMethodHandle$Holder.invokeVirtual(java.lang.Object, java.lang.Object, int)'> (0x000000008d215cf8) thrown at [./src/hotspot/share/interpreter/linkResolver.cpp, line 773]
Event: 60.332 Thread 0x000001f7e2bca000 Exception <a 'sun/nio/fs/WindowsException'{0x000000008cb12770}> (0x000000008cb12770) thrown at [./src/hotspot/share/prims/jni.cpp, line 615]
Event: 61.715 Thread 0x000001f7e2bce000 Exception <a 'sun/nio/fs/WindowsException'{0x000000008eaf8da8}> (0x000000008eaf8da8) thrown at [./src/hotspot/share/prims/jni.cpp, line 615]
Event: 63.668 Thread 0x000001f7e2bce000 Implicit null exception at 0x000001f7cfa3471c to 0x000001f7cfa3527c

Events (20 events):
Event: 63.880 Executing VM operation: G1CollectForAllocation
Event: 63.892 Executing VM operation: G1CollectForAllocation done
Event: 63.970 Executing VM operation: G1CollectForAllocation
Event: 63.981 Executing VM operation: G1CollectForAllocation done
Event: 64.039 Executing VM operation: BulkRevokeBias
Event: 64.042 Executing VM operation: BulkRevokeBias done
Event: 64.150 Executing VM operation: G1CollectForAllocation
Event: 64.163 Executing VM operation: G1CollectForAllocation done
Event: 64.305 Executing VM operation: G1CollectForAllocation
Event: 64.318 Executing VM operation: G1CollectForAllocation done
Event: 64.477 Executing VM operation: CGC_Operation
Event: 64.498 Executing VM operation: CGC_Operation done
Event: 64.610 Executing VM operation: RevokeBias
Event: 64.633 Executing VM operation: RevokeBias done
Event: 64.633 Thread 0x000001f7e1831800 Thread exited: 0x000001f7e1831800
Event: 64.657 Executing VM operation: G1CollectForAllocation
Event: 64.672 Executing VM operation: G1CollectForAllocation done
Event: 64.715 Executing VM operation: CGC_Operation
Event: 64.716 Executing VM operation: CGC_Operation done
Event: 64.879 Executing VM operation: G1CollectForAllocation


Dynamic libraries:
0x00007ff6b9710000 - 0x00007ff6b971a000 	C:\Program Files\Android\Android Studio\jre\bin\java.exe
0x00007ffc26590000 - 0x00007ffc26785000 	C:\WINDOWS\SYSTEM32\ntdll.dll
0x00007ffc25640000 - 0x00007ffc256fe000 	C:\WINDOWS\System32\KERNEL32.DLL
0x00007ffc24310000 - 0x00007ffc245d8000 	C:\WINDOWS\System32\KERNELBASE.dll
0x00007ffc24210000 - 0x00007ffc24310000 	C:\WINDOWS\System32\ucrtbase.dll
0x00007ffc1f0b0000 - 0x00007ffc1f0c9000 	C:\Program Files\Android\Android Studio\jre\bin\jli.dll
0x00007ffc26110000 - 0x00007ffc262b1000 	C:\WINDOWS\System32\USER32.dll
0x00007ffc23e80000 - 0x00007ffc23ea2000 	C:\WINDOWS\System32\win32u.dll
0x00007ffc25fd0000 - 0x00007ffc25ffb000 	C:\WINDOWS\System32\GDI32.dll
0x00007ffc23d70000 - 0x00007ffc23e7b000 	C:\WINDOWS\System32\gdi32full.dll
0x00007ffc24060000 - 0x00007ffc240fd000 	C:\WINDOWS\System32\msvcp_win.dll
0x00007ffc1e830000 - 0x00007ffc1e847000 	C:\Program Files\Android\Android Studio\jre\bin\VCRUNTIME140.dll
0x00007ffc0ad10000 - 0x00007ffc0afaa000 	C:\WINDOWS\WinSxS\amd64_microsoft.windows.common-controls_6595b64144ccf1df_6.0.19041.1110_none_60b5254171f9507e\COMCTL32.dll
0x00007ffc24c20000 - 0x00007ffc24cbe000 	C:\WINDOWS\System32\msvcrt.dll
0x00007ffc25360000 - 0x00007ffc25390000 	C:\WINDOWS\System32\IMM32.DLL
0x00007ffc0a5d0000 - 0x00007ffc0a66d000 	C:\Program Files\Android\Android Studio\jre\bin\msvcp140.dll
0x00007ffbd3650000 - 0x00007ffbd411f000 	C:\Program Files\Android\Android Studio\jre\bin\server\jvm.dll
0x00007ffc25180000 - 0x00007ffc2522c000 	C:\WINDOWS\System32\ADVAPI32.dll
0x00007ffc26070000 - 0x00007ffc2610b000 	C:\WINDOWS\System32\sechost.dll
0x00007ffc26350000 - 0x00007ffc2647a000 	C:\WINDOWS\System32\RPCRT4.dll
0x00007ffc26000000 - 0x00007ffc26008000 	C:\WINDOWS\System32\PSAPI.DLL
0x00007ffc0d070000 - 0x00007ffc0d079000 	C:\WINDOWS\SYSTEM32\WSOCK32.dll
0x00007ffc25f60000 - 0x00007ffc25fcb000 	C:\WINDOWS\System32\WS2_32.dll
0x00007ffc17a10000 - 0x00007ffc17a37000 	C:\WINDOWS\SYSTEM32\WINMM.dll
0x00007ffc21c50000 - 0x00007ffc21c5a000 	C:\WINDOWS\SYSTEM32\VERSION.dll
0x00007ffc224f0000 - 0x00007ffc22502000 	C:\WINDOWS\SYSTEM32\kernel.appcore.dll
0x00007ffbecf00000 - 0x00007ffbecf11000 	C:\Program Files\Android\Android Studio\jre\bin\verify.dll
0x00007ffc11480000 - 0x00007ffc11664000 	C:\WINDOWS\SYSTEM32\DBGHELP.DLL
0x00007ffc0e3b0000 - 0x00007ffc0e3dc000 	C:\WINDOWS\SYSTEM32\dbgcore.DLL
0x00007ffc23cb0000 - 0x00007ffc23d33000 	C:\WINDOWS\System32\bcryptPrimitives.dll
0x00007ffbeced0000 - 0x00007ffbecef9000 	C:\Program Files\Android\Android Studio\jre\bin\java.dll
0x00007ffc07930000 - 0x00007ffc0793b000 	C:\Program Files\Android\Android Studio\jre\bin\jimage.dll
0x00007ffbeceb0000 - 0x00007ffbecec8000 	C:\Program Files\Android\Android Studio\jre\bin\zip.dll
0x00007ffc25820000 - 0x00007ffc25f5f000 	C:\WINDOWS\System32\SHELL32.dll
0x00007ffc21d50000 - 0x00007ffc224e0000 	C:\WINDOWS\SYSTEM32\windows.storage.dll
0x00007ffc24e20000 - 0x00007ffc25175000 	C:\WINDOWS\System32\combase.dll
0x00007ffc23630000 - 0x00007ffc2365e000 	C:\WINDOWS\SYSTEM32\Wldp.dll
0x00007ffc24ce0000 - 0x00007ffc24d8d000 	C:\WINDOWS\System32\SHCORE.dll
0x00007ffc257c0000 - 0x00007ffc25815000 	C:\WINDOWS\System32\shlwapi.dll
0x00007ffc23bf0000 - 0x00007ffc23c0f000 	C:\WINDOWS\SYSTEM32\profapi.dll
0x00007ffbec750000 - 0x00007ffbec76a000 	C:\Program Files\Android\Android Studio\jre\bin\net.dll
0x00007ffc128f0000 - 0x00007ffc129fc000 	C:\WINDOWS\SYSTEM32\WINHTTP.dll
0x00007ffc23340000 - 0x00007ffc233aa000 	C:\WINDOWS\system32\mswsock.dll
0x00007ffbec730000 - 0x00007ffbec744000 	C:\Program Files\Android\Android Studio\jre\bin\nio.dll
0x00007ffc1eb70000 - 0x00007ffc1eb97000 	C:\Users\souvik dey\.gradle\native\8bec1ad78214c89d9ad589b4d07fe93259594b29d510b10fafb7a158f7737e5d\windows-amd64\native-platform.dll
0x00007ffc1c530000 - 0x00007ffc1c66d000 	C:\Users\souvik dey\.gradle\native\53dbd7edfb1c66fb8903c78663c9afc45aea4f116125fa6feffd364cf09443e8\windows-amd64\native-platform-file-events.dll
0x00007ffc078f0000 - 0x00007ffc078fa000 	C:\Program Files\Android\Android Studio\jre\bin\management.dll
0x00007ffc00960000 - 0x00007ffc0096c000 	C:\Program Files\Android\Android Studio\jre\bin\management_ext.dll
0x00007ffc234f0000 - 0x00007ffc23508000 	C:\WINDOWS\SYSTEM32\CRYPTSP.dll
0x00007ffc22cd0000 - 0x00007ffc22d04000 	C:\WINDOWS\system32\rsaenh.dll
0x00007ffc23d40000 - 0x00007ffc23d67000 	C:\WINDOWS\System32\bcrypt.dll
0x00007ffc23b70000 - 0x00007ffc23b9e000 	C:\WINDOWS\SYSTEM32\USERENV.dll
0x00007ffc23510000 - 0x00007ffc2351c000 	C:\WINDOWS\SYSTEM32\CRYPTBASE.dll
0x00007ffc23040000 - 0x00007ffc2307b000 	C:\WINDOWS\SYSTEM32\IPHLPAPI.DLL
0x00007ffc24790000 - 0x00007ffc24798000 	C:\WINDOWS\System32\NSI.dll
0x00007ffc1b3c0000 - 0x00007ffc1b3d7000 	C:\WINDOWS\SYSTEM32\dhcpcsvc6.DLL
0x00007ffc1cad0000 - 0x00007ffc1caed000 	C:\WINDOWS\SYSTEM32\dhcpcsvc.DLL
0x00007ffc23080000 - 0x00007ffc2314b000 	C:\WINDOWS\SYSTEM32\DNSAPI.dll
0x00007ffc1e810000 - 0x00007ffc1e82e000 	C:\Users\souvik dey\AppData\Local\Temp\native-platform10163846053087956139dir\native-platform.dll
0x00007ffc21090000 - 0x00007ffc21098000 	C:\Program Files\Android\Android Studio\jre\bin\rmi.dll
0x00007ffbd6a60000 - 0x00007ffbd6a77000 	C:\WINDOWS\system32\napinsp.dll
0x00007ffbd6a40000 - 0x00007ffbd6a5b000 	C:\WINDOWS\system32\pnrpnsp.dll
0x00007ffc1f410000 - 0x00007ffc1f42d000 	C:\WINDOWS\system32\NLAapi.dll
0x00007ffc00ca0000 - 0x00007ffc00cb5000 	C:\WINDOWS\system32\wshbth.dll
0x00007ffbd6a20000 - 0x00007ffbd6a32000 	C:\WINDOWS\System32\winrnr.dll
0x00007ffc10470000 - 0x00007ffc1047a000 	C:\Windows\System32\rasadhlp.dll
0x00007ffc149e0000 - 0x00007ffc14a5f000 	C:\WINDOWS\System32\fwpuclnt.dll

dbghelp: loaded successfully - version: 4.0.5 - missing functions: none
symbol engine: initialized successfully - sym options: 0x614 - pdb path: .;C:\Program Files\Android\Android Studio\jre\bin;C:\WINDOWS\SYSTEM32;C:\WINDOWS\WinSxS\amd64_microsoft.windows.common-controls_6595b64144ccf1df_6.0.19041.1110_none_60b5254171f9507e;C:\Program Files\Android\Android Studio\jre\bin\server;C:\Users\souvik dey\.gradle\native\8bec1ad78214c89d9ad589b4d07fe93259594b29d510b10fafb7a158f7737e5d\windows-amd64;C:\Users\souvik dey\.gradle\native\53dbd7edfb1c66fb8903c78663c9afc45aea4f116125fa6feffd364cf09443e8\windows-amd64;C:\Users\souvik dey\AppData\Local\Temp\native-platform10163846053087956139dir

VM Arguments:
jvm_args: --add-opens=java.base/java.util=ALL-UNNAMED --add-opens=java.base/java.lang=ALL-UNNAMED --add-opens=java.base/java.lang.invoke=ALL-UNNAMED --add-opens=java.base/java.util=ALL-UNNAMED --add-opens=java.prefs/java.util.prefs=ALL-UNNAMED --add-opens=java.prefs/java.util.prefs=ALL-UNNAMED --add-opens=java.base/java.nio.charset=ALL-UNNAMED --add-opens=java.base/java.net=ALL-UNNAMED --add-opens=java.base/java.util.concurrent.atomic=ALL-UNNAMED -Xmx2048m -Dfile.encoding=UTF-8 -Duser.country=IN -Duser.language=en -Duser.variant 
java_command: org.gradle.launcher.daemon.bootstrap.GradleDaemon 7.0.2
java_class_path (initial): C:\Users\souvik dey\.gradle\wrapper\dists\gradle-7.0.2-bin\857tjihv64xamwrf0h14cai3r\gradle-7.0.2\lib\gradle-launcher-7.0.2.jar
Launcher Type: SUN_STANDARD

[Global flags]
     intx CICompilerCount                          = 4                                         {product} {ergonomic}
     uint ConcGCThreads                            = 2                                         {product} {ergonomic}
     uint G1ConcRefinementThreads                  = 8                                         {product} {ergonomic}
   size_t G1HeapRegionSize                         = 1048576                                   {product} {ergonomic}
    uintx GCDrainStackTargetSize                   = 64                                        {product} {ergonomic}
   size_t InitialHeapSize                          = 100663296                                 {product} {ergonomic}
   size_t MarkStackSize                            = 4194304                                   {product} {ergonomic}
   size_t MaxHeapSize                              = 2147483648                                {product} {command line}
   size_t MaxNewSize                               = 1287651328                                {product} {ergonomic}
   size_t MinHeapDeltaBytes                        = 1048576                                   {product} {ergonomic}
    uintx NonNMethodCodeHeapSize                   = 5836300                                {pd product} {ergonomic}
    uintx NonProfiledCodeHeapSize                  = 122910970                              {pd product} {ergonomic}
    uintx ProfiledCodeHeapSize                     = 122910970                              {pd product} {ergonomic}
    uintx ReservedCodeCacheSize                    = 251658240                              {pd product} {ergonomic}
     bool SegmentedCodeCache                       = true                                      {product} {ergonomic}
     bool UseCompressedClassPointers               = true                                 {lp64_product} {ergonomic}
     bool UseCompressedOops                        = true                                 {lp64_product} {ergonomic}
     bool UseG1GC                                  = true                                      {product} {ergonomic}
     bool UseLargePagesIndividualAllocation        = false                                  {pd product} {ergonomic}

Logging:
Log output configuration:
 #0: stdout all=warning uptime,level,tags
 #1: stderr all=off uptime,level,tags

Environment Variables:
PATH=C:\python 3.9.1\Scripts\;C:\python 3.9.1\;C:\WINDOWS\system32;C:\WINDOWS;C:\WINDOWS\System32\Wbem;C:\WINDOWS\System32\WindowsPowerShell\v1.0\;C:\WINDOWS\System32\OpenSSH\;C:\MinGW\bin;C:\Program Files\Git\cmd;C:\Users\souvik dey\AppData\Local\Microsoft\WindowsApps;C:\Users\souvik dey\AppData\Local\atom\bin
USERNAME=souvik dey
OS=Windows_NT
PROCESSOR_IDENTIFIER=AMD64 Family 23 Model 24 Stepping 1, AuthenticAMD



---------------  S Y S T E M  ---------------

OS: Windows 10 , 64 bit Build 19041 (10.0.19041.1348)
OS uptime: 4 days 5:31 hours
Hyper-V role detected

CPU:total 8 (initial active 8) (8 cores per cpu, 2 threads per core) family 23 model 24 stepping 1 microcode 0x0, cmov, cx8, fxsr, mmx, sse, sse2, sse3, ssse3, sse4.1, sse4.2, popcnt, avx, avx2, aes, clmul, mmxext, 3dnowpref, lzcnt, sse4a, ht, tsc, tscinvbit, tscinv, bmi1, bmi2, adx, s

Memory: 4k page, system-wide physical 6058M (275M free)
TotalPageFile size 24490M (AvailPageFile size 4M)
current process WorkingSet (physical memory assigned to process): 473M, peak: 473M
current process commit charge ("private bytes"): 592M, peak: 637M

vm_info: OpenJDK 64-Bit Server VM (11.0.10+0-b96-7249189) for windows-amd64 JRE (11.0.10+0-b96-7249189), built on Mar 31 2021 21:44:00 by "builder" with MS VC++ 14.0 (VS2015)

END.
